[2026-03-18T07:19:37.362+0530] {processor.py:161} INFO - Started process (PID=98992) to work on /Users/vybhavswaroop/Desktop/untitled folder 3/ecommerce_platform/venv/lib/python3.11/site-packages/airflow/example_dags/subdags/subdag.py
[2026-03-18T07:19:37.362+0530] {processor.py:830} INFO - Processing file /Users/vybhavswaroop/Desktop/untitled folder 3/ecommerce_platform/venv/lib/python3.11/site-packages/airflow/example_dags/subdags/subdag.py for tasks to queue
[2026-03-18T07:19:37.363+0530] {logging_mixin.py:188} INFO - [2026-03-18T07:19:37.363+0530] {dagbag.py:540} INFO - Filling up the DagBag from /Users/vybhavswaroop/Desktop/untitled folder 3/ecommerce_platform/venv/lib/python3.11/site-packages/airflow/example_dags/subdags/subdag.py
[2026-03-18T07:19:37.364+0530] {processor.py:842} WARNING - No viable dags retrieved from /Users/vybhavswaroop/Desktop/untitled folder 3/ecommerce_platform/venv/lib/python3.11/site-packages/airflow/example_dags/subdags/subdag.py
[2026-03-18T07:19:37.390+0530] {processor.py:183} INFO - Processing /Users/vybhavswaroop/Desktop/untitled folder 3/ecommerce_platform/venv/lib/python3.11/site-packages/airflow/example_dags/subdags/subdag.py took 0.028 seconds
[2026-03-18T07:20:39.565+0530] {processor.py:161} INFO - Started process (PID=1246) to work on /Users/vybhavswaroop/Desktop/untitled folder 3/ecommerce_platform/venv/lib/python3.11/site-packages/airflow/example_dags/subdags/subdag.py
[2026-03-18T07:20:39.566+0530] {processor.py:830} INFO - Processing file /Users/vybhavswaroop/Desktop/untitled folder 3/ecommerce_platform/venv/lib/python3.11/site-packages/airflow/example_dags/subdags/subdag.py for tasks to queue
[2026-03-18T07:20:39.566+0530] {logging_mixin.py:188} INFO - [2026-03-18T07:20:39.566+0530] {dagbag.py:540} INFO - Filling up the DagBag from /Users/vybhavswaroop/Desktop/untitled folder 3/ecommerce_platform/venv/lib/python3.11/site-packages/airflow/example_dags/subdags/subdag.py
[2026-03-18T07:20:39.567+0530] {processor.py:842} WARNING - No viable dags retrieved from /Users/vybhavswaroop/Desktop/untitled folder 3/ecommerce_platform/venv/lib/python3.11/site-packages/airflow/example_dags/subdags/subdag.py
[2026-03-18T07:20:39.591+0530] {processor.py:183} INFO - Processing /Users/vybhavswaroop/Desktop/untitled folder 3/ecommerce_platform/venv/lib/python3.11/site-packages/airflow/example_dags/subdags/subdag.py took 0.026 seconds
[2026-03-18T07:21:34.295+0530] {processor.py:161} INFO - Started process (PID=2483) to work on /Users/vybhavswaroop/Desktop/untitled folder 3/ecommerce_platform/venv/lib/python3.11/site-packages/airflow/example_dags/subdags/subdag.py
[2026-03-18T07:21:34.295+0530] {processor.py:830} INFO - Processing file /Users/vybhavswaroop/Desktop/untitled folder 3/ecommerce_platform/venv/lib/python3.11/site-packages/airflow/example_dags/subdags/subdag.py for tasks to queue
[2026-03-18T07:21:34.296+0530] {logging_mixin.py:188} INFO - [2026-03-18T07:21:34.296+0530] {dagbag.py:540} INFO - Filling up the DagBag from /Users/vybhavswaroop/Desktop/untitled folder 3/ecommerce_platform/venv/lib/python3.11/site-packages/airflow/example_dags/subdags/subdag.py
[2026-03-18T07:21:34.296+0530] {processor.py:842} WARNING - No viable dags retrieved from /Users/vybhavswaroop/Desktop/untitled folder 3/ecommerce_platform/venv/lib/python3.11/site-packages/airflow/example_dags/subdags/subdag.py
[2026-03-18T07:21:34.320+0530] {processor.py:183} INFO - Processing /Users/vybhavswaroop/Desktop/untitled folder 3/ecommerce_platform/venv/lib/python3.11/site-packages/airflow/example_dags/subdags/subdag.py took 0.025 seconds
[2026-03-18T07:23:39.380+0530] {processor.py:161} INFO - Started process (PID=3288) to work on /Users/vybhavswaroop/Desktop/untitled folder 3/ecommerce_platform/venv/lib/python3.11/site-packages/airflow/example_dags/subdags/subdag.py
[2026-03-18T07:23:39.381+0530] {processor.py:830} INFO - Processing file /Users/vybhavswaroop/Desktop/untitled folder 3/ecommerce_platform/venv/lib/python3.11/site-packages/airflow/example_dags/subdags/subdag.py for tasks to queue
[2026-03-18T07:23:39.381+0530] {logging_mixin.py:188} INFO - [2026-03-18T07:23:39.381+0530] {dagbag.py:540} INFO - Filling up the DagBag from /Users/vybhavswaroop/Desktop/untitled folder 3/ecommerce_platform/venv/lib/python3.11/site-packages/airflow/example_dags/subdags/subdag.py
[2026-03-18T07:23:39.382+0530] {processor.py:842} WARNING - No viable dags retrieved from /Users/vybhavswaroop/Desktop/untitled folder 3/ecommerce_platform/venv/lib/python3.11/site-packages/airflow/example_dags/subdags/subdag.py
[2026-03-18T07:23:39.406+0530] {processor.py:183} INFO - Processing /Users/vybhavswaroop/Desktop/untitled folder 3/ecommerce_platform/venv/lib/python3.11/site-packages/airflow/example_dags/subdags/subdag.py took 0.027 seconds
[2026-03-18T07:25:04.842+0530] {processor.py:161} INFO - Started process (PID=3542) to work on /Users/vybhavswaroop/Desktop/untitled folder 3/ecommerce_platform/venv/lib/python3.11/site-packages/airflow/example_dags/subdags/subdag.py
[2026-03-18T07:25:04.843+0530] {processor.py:830} INFO - Processing file /Users/vybhavswaroop/Desktop/untitled folder 3/ecommerce_platform/venv/lib/python3.11/site-packages/airflow/example_dags/subdags/subdag.py for tasks to queue
[2026-03-18T07:25:04.843+0530] {logging_mixin.py:188} INFO - [2026-03-18T07:25:04.843+0530] {dagbag.py:540} INFO - Filling up the DagBag from /Users/vybhavswaroop/Desktop/untitled folder 3/ecommerce_platform/venv/lib/python3.11/site-packages/airflow/example_dags/subdags/subdag.py
[2026-03-18T07:25:04.844+0530] {processor.py:842} WARNING - No viable dags retrieved from /Users/vybhavswaroop/Desktop/untitled folder 3/ecommerce_platform/venv/lib/python3.11/site-packages/airflow/example_dags/subdags/subdag.py
[2026-03-18T07:25:04.868+0530] {processor.py:183} INFO - Processing /Users/vybhavswaroop/Desktop/untitled folder 3/ecommerce_platform/venv/lib/python3.11/site-packages/airflow/example_dags/subdags/subdag.py took 0.026 seconds
[2026-03-18T07:26:28.695+0530] {processor.py:161} INFO - Started process (PID=3789) to work on /Users/vybhavswaroop/Desktop/untitled folder 3/ecommerce_platform/venv/lib/python3.11/site-packages/airflow/example_dags/subdags/subdag.py
[2026-03-18T07:26:28.695+0530] {processor.py:830} INFO - Processing file /Users/vybhavswaroop/Desktop/untitled folder 3/ecommerce_platform/venv/lib/python3.11/site-packages/airflow/example_dags/subdags/subdag.py for tasks to queue
[2026-03-18T07:26:28.695+0530] {logging_mixin.py:188} INFO - [2026-03-18T07:26:28.695+0530] {dagbag.py:540} INFO - Filling up the DagBag from /Users/vybhavswaroop/Desktop/untitled folder 3/ecommerce_platform/venv/lib/python3.11/site-packages/airflow/example_dags/subdags/subdag.py
[2026-03-18T07:26:28.696+0530] {processor.py:842} WARNING - No viable dags retrieved from /Users/vybhavswaroop/Desktop/untitled folder 3/ecommerce_platform/venv/lib/python3.11/site-packages/airflow/example_dags/subdags/subdag.py
[2026-03-18T07:26:28.720+0530] {processor.py:183} INFO - Processing /Users/vybhavswaroop/Desktop/untitled folder 3/ecommerce_platform/venv/lib/python3.11/site-packages/airflow/example_dags/subdags/subdag.py took 0.026 seconds
[2026-03-18T07:27:52.002+0530] {processor.py:161} INFO - Started process (PID=4032) to work on /Users/vybhavswaroop/Desktop/untitled folder 3/ecommerce_platform/venv/lib/python3.11/site-packages/airflow/example_dags/subdags/subdag.py
[2026-03-18T07:27:52.002+0530] {processor.py:830} INFO - Processing file /Users/vybhavswaroop/Desktop/untitled folder 3/ecommerce_platform/venv/lib/python3.11/site-packages/airflow/example_dags/subdags/subdag.py for tasks to queue
[2026-03-18T07:27:52.002+0530] {logging_mixin.py:188} INFO - [2026-03-18T07:27:52.002+0530] {dagbag.py:540} INFO - Filling up the DagBag from /Users/vybhavswaroop/Desktop/untitled folder 3/ecommerce_platform/venv/lib/python3.11/site-packages/airflow/example_dags/subdags/subdag.py
[2026-03-18T07:27:52.003+0530] {processor.py:842} WARNING - No viable dags retrieved from /Users/vybhavswaroop/Desktop/untitled folder 3/ecommerce_platform/venv/lib/python3.11/site-packages/airflow/example_dags/subdags/subdag.py
[2026-03-18T07:27:52.027+0530] {processor.py:183} INFO - Processing /Users/vybhavswaroop/Desktop/untitled folder 3/ecommerce_platform/venv/lib/python3.11/site-packages/airflow/example_dags/subdags/subdag.py took 0.026 seconds
[2026-03-18T07:29:12.971+0530] {processor.py:161} INFO - Started process (PID=4278) to work on /Users/vybhavswaroop/Desktop/untitled folder 3/ecommerce_platform/venv/lib/python3.11/site-packages/airflow/example_dags/subdags/subdag.py
[2026-03-18T07:29:12.971+0530] {processor.py:830} INFO - Processing file /Users/vybhavswaroop/Desktop/untitled folder 3/ecommerce_platform/venv/lib/python3.11/site-packages/airflow/example_dags/subdags/subdag.py for tasks to queue
[2026-03-18T07:29:12.972+0530] {logging_mixin.py:188} INFO - [2026-03-18T07:29:12.972+0530] {dagbag.py:540} INFO - Filling up the DagBag from /Users/vybhavswaroop/Desktop/untitled folder 3/ecommerce_platform/venv/lib/python3.11/site-packages/airflow/example_dags/subdags/subdag.py
[2026-03-18T07:29:12.972+0530] {processor.py:842} WARNING - No viable dags retrieved from /Users/vybhavswaroop/Desktop/untitled folder 3/ecommerce_platform/venv/lib/python3.11/site-packages/airflow/example_dags/subdags/subdag.py
[2026-03-18T07:29:12.997+0530] {processor.py:183} INFO - Processing /Users/vybhavswaroop/Desktop/untitled folder 3/ecommerce_platform/venv/lib/python3.11/site-packages/airflow/example_dags/subdags/subdag.py took 0.026 seconds
[2026-03-18T07:30:34.051+0530] {processor.py:161} INFO - Started process (PID=4516) to work on /Users/vybhavswaroop/Desktop/untitled folder 3/ecommerce_platform/venv/lib/python3.11/site-packages/airflow/example_dags/subdags/subdag.py
[2026-03-18T07:30:34.052+0530] {processor.py:830} INFO - Processing file /Users/vybhavswaroop/Desktop/untitled folder 3/ecommerce_platform/venv/lib/python3.11/site-packages/airflow/example_dags/subdags/subdag.py for tasks to queue
[2026-03-18T07:30:34.052+0530] {logging_mixin.py:188} INFO - [2026-03-18T07:30:34.052+0530] {dagbag.py:540} INFO - Filling up the DagBag from /Users/vybhavswaroop/Desktop/untitled folder 3/ecommerce_platform/venv/lib/python3.11/site-packages/airflow/example_dags/subdags/subdag.py
[2026-03-18T07:30:34.053+0530] {processor.py:842} WARNING - No viable dags retrieved from /Users/vybhavswaroop/Desktop/untitled folder 3/ecommerce_platform/venv/lib/python3.11/site-packages/airflow/example_dags/subdags/subdag.py
[2026-03-18T07:30:34.077+0530] {processor.py:183} INFO - Processing /Users/vybhavswaroop/Desktop/untitled folder 3/ecommerce_platform/venv/lib/python3.11/site-packages/airflow/example_dags/subdags/subdag.py took 0.026 seconds
[2026-03-18T07:31:57.340+0530] {processor.py:161} INFO - Started process (PID=4765) to work on /Users/vybhavswaroop/Desktop/untitled folder 3/ecommerce_platform/venv/lib/python3.11/site-packages/airflow/example_dags/subdags/subdag.py
[2026-03-18T07:31:57.340+0530] {processor.py:830} INFO - Processing file /Users/vybhavswaroop/Desktop/untitled folder 3/ecommerce_platform/venv/lib/python3.11/site-packages/airflow/example_dags/subdags/subdag.py for tasks to queue
[2026-03-18T07:31:57.341+0530] {logging_mixin.py:188} INFO - [2026-03-18T07:31:57.340+0530] {dagbag.py:540} INFO - Filling up the DagBag from /Users/vybhavswaroop/Desktop/untitled folder 3/ecommerce_platform/venv/lib/python3.11/site-packages/airflow/example_dags/subdags/subdag.py
[2026-03-18T07:31:57.341+0530] {processor.py:842} WARNING - No viable dags retrieved from /Users/vybhavswaroop/Desktop/untitled folder 3/ecommerce_platform/venv/lib/python3.11/site-packages/airflow/example_dags/subdags/subdag.py
[2026-03-18T07:31:57.365+0530] {processor.py:183} INFO - Processing /Users/vybhavswaroop/Desktop/untitled folder 3/ecommerce_platform/venv/lib/python3.11/site-packages/airflow/example_dags/subdags/subdag.py took 0.025 seconds
[2026-03-18T07:33:21.940+0530] {processor.py:161} INFO - Started process (PID=5010) to work on /Users/vybhavswaroop/Desktop/untitled folder 3/ecommerce_platform/venv/lib/python3.11/site-packages/airflow/example_dags/subdags/subdag.py
[2026-03-18T07:33:21.941+0530] {processor.py:830} INFO - Processing file /Users/vybhavswaroop/Desktop/untitled folder 3/ecommerce_platform/venv/lib/python3.11/site-packages/airflow/example_dags/subdags/subdag.py for tasks to queue
[2026-03-18T07:33:21.941+0530] {logging_mixin.py:188} INFO - [2026-03-18T07:33:21.941+0530] {dagbag.py:540} INFO - Filling up the DagBag from /Users/vybhavswaroop/Desktop/untitled folder 3/ecommerce_platform/venv/lib/python3.11/site-packages/airflow/example_dags/subdags/subdag.py
[2026-03-18T07:33:21.942+0530] {processor.py:842} WARNING - No viable dags retrieved from /Users/vybhavswaroop/Desktop/untitled folder 3/ecommerce_platform/venv/lib/python3.11/site-packages/airflow/example_dags/subdags/subdag.py
[2026-03-18T07:33:21.965+0530] {processor.py:183} INFO - Processing /Users/vybhavswaroop/Desktop/untitled folder 3/ecommerce_platform/venv/lib/python3.11/site-packages/airflow/example_dags/subdags/subdag.py took 0.025 seconds
[2026-03-18T07:34:52.760+0530] {processor.py:161} INFO - Started process (PID=5325) to work on /Users/vybhavswaroop/Desktop/untitled folder 3/ecommerce_platform/venv/lib/python3.11/site-packages/airflow/example_dags/subdags/subdag.py
[2026-03-18T07:34:52.760+0530] {processor.py:830} INFO - Processing file /Users/vybhavswaroop/Desktop/untitled folder 3/ecommerce_platform/venv/lib/python3.11/site-packages/airflow/example_dags/subdags/subdag.py for tasks to queue
[2026-03-18T07:34:52.761+0530] {logging_mixin.py:188} INFO - [2026-03-18T07:34:52.761+0530] {dagbag.py:540} INFO - Filling up the DagBag from /Users/vybhavswaroop/Desktop/untitled folder 3/ecommerce_platform/venv/lib/python3.11/site-packages/airflow/example_dags/subdags/subdag.py
[2026-03-18T07:34:52.762+0530] {processor.py:842} WARNING - No viable dags retrieved from /Users/vybhavswaroop/Desktop/untitled folder 3/ecommerce_platform/venv/lib/python3.11/site-packages/airflow/example_dags/subdags/subdag.py
[2026-03-18T07:34:52.786+0530] {processor.py:183} INFO - Processing /Users/vybhavswaroop/Desktop/untitled folder 3/ecommerce_platform/venv/lib/python3.11/site-packages/airflow/example_dags/subdags/subdag.py took 0.027 seconds
[2026-03-18T07:36:27.516+0530] {processor.py:161} INFO - Started process (PID=5605) to work on /Users/vybhavswaroop/Desktop/untitled folder 3/ecommerce_platform/venv/lib/python3.11/site-packages/airflow/example_dags/subdags/subdag.py
[2026-03-18T07:36:27.517+0530] {processor.py:830} INFO - Processing file /Users/vybhavswaroop/Desktop/untitled folder 3/ecommerce_platform/venv/lib/python3.11/site-packages/airflow/example_dags/subdags/subdag.py for tasks to queue
[2026-03-18T07:36:27.517+0530] {logging_mixin.py:188} INFO - [2026-03-18T07:36:27.517+0530] {dagbag.py:540} INFO - Filling up the DagBag from /Users/vybhavswaroop/Desktop/untitled folder 3/ecommerce_platform/venv/lib/python3.11/site-packages/airflow/example_dags/subdags/subdag.py
[2026-03-18T07:36:27.518+0530] {processor.py:842} WARNING - No viable dags retrieved from /Users/vybhavswaroop/Desktop/untitled folder 3/ecommerce_platform/venv/lib/python3.11/site-packages/airflow/example_dags/subdags/subdag.py
[2026-03-18T07:36:27.542+0530] {processor.py:183} INFO - Processing /Users/vybhavswaroop/Desktop/untitled folder 3/ecommerce_platform/venv/lib/python3.11/site-packages/airflow/example_dags/subdags/subdag.py took 0.027 seconds
[2026-03-18T07:37:55.167+0530] {processor.py:161} INFO - Started process (PID=5870) to work on /Users/vybhavswaroop/Desktop/untitled folder 3/ecommerce_platform/venv/lib/python3.11/site-packages/airflow/example_dags/subdags/subdag.py
[2026-03-18T07:37:55.168+0530] {processor.py:830} INFO - Processing file /Users/vybhavswaroop/Desktop/untitled folder 3/ecommerce_platform/venv/lib/python3.11/site-packages/airflow/example_dags/subdags/subdag.py for tasks to queue
[2026-03-18T07:37:55.168+0530] {logging_mixin.py:188} INFO - [2026-03-18T07:37:55.168+0530] {dagbag.py:540} INFO - Filling up the DagBag from /Users/vybhavswaroop/Desktop/untitled folder 3/ecommerce_platform/venv/lib/python3.11/site-packages/airflow/example_dags/subdags/subdag.py
[2026-03-18T07:37:55.169+0530] {processor.py:842} WARNING - No viable dags retrieved from /Users/vybhavswaroop/Desktop/untitled folder 3/ecommerce_platform/venv/lib/python3.11/site-packages/airflow/example_dags/subdags/subdag.py
[2026-03-18T07:37:55.194+0530] {processor.py:183} INFO - Processing /Users/vybhavswaroop/Desktop/untitled folder 3/ecommerce_platform/venv/lib/python3.11/site-packages/airflow/example_dags/subdags/subdag.py took 0.027 seconds
[2026-03-18T07:39:26.957+0530] {processor.py:161} INFO - Started process (PID=6190) to work on /Users/vybhavswaroop/Desktop/untitled folder 3/ecommerce_platform/venv/lib/python3.11/site-packages/airflow/example_dags/subdags/subdag.py
[2026-03-18T07:39:26.958+0530] {processor.py:830} INFO - Processing file /Users/vybhavswaroop/Desktop/untitled folder 3/ecommerce_platform/venv/lib/python3.11/site-packages/airflow/example_dags/subdags/subdag.py for tasks to queue
[2026-03-18T07:39:26.958+0530] {logging_mixin.py:188} INFO - [2026-03-18T07:39:26.958+0530] {dagbag.py:540} INFO - Filling up the DagBag from /Users/vybhavswaroop/Desktop/untitled folder 3/ecommerce_platform/venv/lib/python3.11/site-packages/airflow/example_dags/subdags/subdag.py
[2026-03-18T07:39:26.959+0530] {processor.py:842} WARNING - No viable dags retrieved from /Users/vybhavswaroop/Desktop/untitled folder 3/ecommerce_platform/venv/lib/python3.11/site-packages/airflow/example_dags/subdags/subdag.py
[2026-03-18T07:39:26.982+0530] {processor.py:183} INFO - Processing /Users/vybhavswaroop/Desktop/untitled folder 3/ecommerce_platform/venv/lib/python3.11/site-packages/airflow/example_dags/subdags/subdag.py took 0.026 seconds
[2026-03-18T07:40:56.465+0530] {processor.py:161} INFO - Started process (PID=6532) to work on /Users/vybhavswaroop/Desktop/untitled folder 3/ecommerce_platform/venv/lib/python3.11/site-packages/airflow/example_dags/subdags/subdag.py
[2026-03-18T07:40:56.466+0530] {processor.py:830} INFO - Processing file /Users/vybhavswaroop/Desktop/untitled folder 3/ecommerce_platform/venv/lib/python3.11/site-packages/airflow/example_dags/subdags/subdag.py for tasks to queue
[2026-03-18T07:40:56.466+0530] {logging_mixin.py:188} INFO - [2026-03-18T07:40:56.466+0530] {dagbag.py:540} INFO - Filling up the DagBag from /Users/vybhavswaroop/Desktop/untitled folder 3/ecommerce_platform/venv/lib/python3.11/site-packages/airflow/example_dags/subdags/subdag.py
[2026-03-18T07:40:56.467+0530] {processor.py:842} WARNING - No viable dags retrieved from /Users/vybhavswaroop/Desktop/untitled folder 3/ecommerce_platform/venv/lib/python3.11/site-packages/airflow/example_dags/subdags/subdag.py
[2026-03-18T07:40:56.492+0530] {processor.py:183} INFO - Processing /Users/vybhavswaroop/Desktop/untitled folder 3/ecommerce_platform/venv/lib/python3.11/site-packages/airflow/example_dags/subdags/subdag.py took 0.027 seconds
[2026-03-18T07:42:38.118+0530] {processor.py:161} INFO - Started process (PID=6909) to work on /Users/vybhavswaroop/Desktop/untitled folder 3/ecommerce_platform/venv/lib/python3.11/site-packages/airflow/example_dags/subdags/subdag.py
[2026-03-18T07:42:38.119+0530] {processor.py:830} INFO - Processing file /Users/vybhavswaroop/Desktop/untitled folder 3/ecommerce_platform/venv/lib/python3.11/site-packages/airflow/example_dags/subdags/subdag.py for tasks to queue
[2026-03-18T07:42:38.119+0530] {logging_mixin.py:188} INFO - [2026-03-18T07:42:38.119+0530] {dagbag.py:540} INFO - Filling up the DagBag from /Users/vybhavswaroop/Desktop/untitled folder 3/ecommerce_platform/venv/lib/python3.11/site-packages/airflow/example_dags/subdags/subdag.py
[2026-03-18T07:42:38.120+0530] {processor.py:842} WARNING - No viable dags retrieved from /Users/vybhavswaroop/Desktop/untitled folder 3/ecommerce_platform/venv/lib/python3.11/site-packages/airflow/example_dags/subdags/subdag.py
[2026-03-18T07:42:38.144+0530] {processor.py:183} INFO - Processing /Users/vybhavswaroop/Desktop/untitled folder 3/ecommerce_platform/venv/lib/python3.11/site-packages/airflow/example_dags/subdags/subdag.py took 0.026 seconds
[2026-03-18T07:44:08.122+0530] {processor.py:161} INFO - Started process (PID=7222) to work on /Users/vybhavswaroop/Desktop/untitled folder 3/ecommerce_platform/venv/lib/python3.11/site-packages/airflow/example_dags/subdags/subdag.py
[2026-03-18T07:44:08.123+0530] {processor.py:830} INFO - Processing file /Users/vybhavswaroop/Desktop/untitled folder 3/ecommerce_platform/venv/lib/python3.11/site-packages/airflow/example_dags/subdags/subdag.py for tasks to queue
[2026-03-18T07:44:08.123+0530] {logging_mixin.py:188} INFO - [2026-03-18T07:44:08.123+0530] {dagbag.py:540} INFO - Filling up the DagBag from /Users/vybhavswaroop/Desktop/untitled folder 3/ecommerce_platform/venv/lib/python3.11/site-packages/airflow/example_dags/subdags/subdag.py
[2026-03-18T07:44:08.124+0530] {processor.py:842} WARNING - No viable dags retrieved from /Users/vybhavswaroop/Desktop/untitled folder 3/ecommerce_platform/venv/lib/python3.11/site-packages/airflow/example_dags/subdags/subdag.py
[2026-03-18T07:44:08.149+0530] {processor.py:183} INFO - Processing /Users/vybhavswaroop/Desktop/untitled folder 3/ecommerce_platform/venv/lib/python3.11/site-packages/airflow/example_dags/subdags/subdag.py took 0.028 seconds
[2026-03-18T07:45:35.274+0530] {processor.py:161} INFO - Started process (PID=7515) to work on /Users/vybhavswaroop/Desktop/untitled folder 3/ecommerce_platform/venv/lib/python3.11/site-packages/airflow/example_dags/subdags/subdag.py
[2026-03-18T07:45:35.275+0530] {processor.py:830} INFO - Processing file /Users/vybhavswaroop/Desktop/untitled folder 3/ecommerce_platform/venv/lib/python3.11/site-packages/airflow/example_dags/subdags/subdag.py for tasks to queue
[2026-03-18T07:45:35.275+0530] {logging_mixin.py:188} INFO - [2026-03-18T07:45:35.275+0530] {dagbag.py:540} INFO - Filling up the DagBag from /Users/vybhavswaroop/Desktop/untitled folder 3/ecommerce_platform/venv/lib/python3.11/site-packages/airflow/example_dags/subdags/subdag.py
[2026-03-18T07:45:35.276+0530] {processor.py:842} WARNING - No viable dags retrieved from /Users/vybhavswaroop/Desktop/untitled folder 3/ecommerce_platform/venv/lib/python3.11/site-packages/airflow/example_dags/subdags/subdag.py
[2026-03-18T07:45:35.300+0530] {processor.py:183} INFO - Processing /Users/vybhavswaroop/Desktop/untitled folder 3/ecommerce_platform/venv/lib/python3.11/site-packages/airflow/example_dags/subdags/subdag.py took 0.027 seconds
[2026-03-18T07:46:56.008+0530] {processor.py:161} INFO - Started process (PID=7783) to work on /Users/vybhavswaroop/Desktop/untitled folder 3/ecommerce_platform/venv/lib/python3.11/site-packages/airflow/example_dags/subdags/subdag.py
[2026-03-18T07:46:56.009+0530] {processor.py:830} INFO - Processing file /Users/vybhavswaroop/Desktop/untitled folder 3/ecommerce_platform/venv/lib/python3.11/site-packages/airflow/example_dags/subdags/subdag.py for tasks to queue
[2026-03-18T07:46:56.009+0530] {logging_mixin.py:188} INFO - [2026-03-18T07:46:56.009+0530] {dagbag.py:540} INFO - Filling up the DagBag from /Users/vybhavswaroop/Desktop/untitled folder 3/ecommerce_platform/venv/lib/python3.11/site-packages/airflow/example_dags/subdags/subdag.py
[2026-03-18T07:46:56.010+0530] {processor.py:842} WARNING - No viable dags retrieved from /Users/vybhavswaroop/Desktop/untitled folder 3/ecommerce_platform/venv/lib/python3.11/site-packages/airflow/example_dags/subdags/subdag.py
[2026-03-18T07:46:56.034+0530] {processor.py:183} INFO - Processing /Users/vybhavswaroop/Desktop/untitled folder 3/ecommerce_platform/venv/lib/python3.11/site-packages/airflow/example_dags/subdags/subdag.py took 0.027 seconds
[2026-03-18T07:48:19.011+0530] {processor.py:161} INFO - Started process (PID=8138) to work on /Users/vybhavswaroop/Desktop/untitled folder 3/ecommerce_platform/venv/lib/python3.11/site-packages/airflow/example_dags/subdags/subdag.py
[2026-03-18T07:48:19.011+0530] {processor.py:830} INFO - Processing file /Users/vybhavswaroop/Desktop/untitled folder 3/ecommerce_platform/venv/lib/python3.11/site-packages/airflow/example_dags/subdags/subdag.py for tasks to queue
[2026-03-18T07:48:19.012+0530] {logging_mixin.py:188} INFO - [2026-03-18T07:48:19.012+0530] {dagbag.py:540} INFO - Filling up the DagBag from /Users/vybhavswaroop/Desktop/untitled folder 3/ecommerce_platform/venv/lib/python3.11/site-packages/airflow/example_dags/subdags/subdag.py
[2026-03-18T07:48:19.013+0530] {processor.py:842} WARNING - No viable dags retrieved from /Users/vybhavswaroop/Desktop/untitled folder 3/ecommerce_platform/venv/lib/python3.11/site-packages/airflow/example_dags/subdags/subdag.py
[2026-03-18T07:48:19.037+0530] {processor.py:183} INFO - Processing /Users/vybhavswaroop/Desktop/untitled folder 3/ecommerce_platform/venv/lib/python3.11/site-packages/airflow/example_dags/subdags/subdag.py took 0.027 seconds
[2026-03-18T07:49:45.084+0530] {processor.py:161} INFO - Started process (PID=8730) to work on /Users/vybhavswaroop/Desktop/untitled folder 3/ecommerce_platform/venv/lib/python3.11/site-packages/airflow/example_dags/subdags/subdag.py
[2026-03-18T07:49:45.085+0530] {processor.py:830} INFO - Processing file /Users/vybhavswaroop/Desktop/untitled folder 3/ecommerce_platform/venv/lib/python3.11/site-packages/airflow/example_dags/subdags/subdag.py for tasks to queue
[2026-03-18T07:49:45.085+0530] {logging_mixin.py:188} INFO - [2026-03-18T07:49:45.085+0530] {dagbag.py:540} INFO - Filling up the DagBag from /Users/vybhavswaroop/Desktop/untitled folder 3/ecommerce_platform/venv/lib/python3.11/site-packages/airflow/example_dags/subdags/subdag.py
[2026-03-18T07:49:45.086+0530] {processor.py:842} WARNING - No viable dags retrieved from /Users/vybhavswaroop/Desktop/untitled folder 3/ecommerce_platform/venv/lib/python3.11/site-packages/airflow/example_dags/subdags/subdag.py
[2026-03-18T07:49:45.111+0530] {processor.py:183} INFO - Processing /Users/vybhavswaroop/Desktop/untitled folder 3/ecommerce_platform/venv/lib/python3.11/site-packages/airflow/example_dags/subdags/subdag.py took 0.027 seconds
[2026-03-18T07:51:12.376+0530] {processor.py:161} INFO - Started process (PID=9015) to work on /Users/vybhavswaroop/Desktop/untitled folder 3/ecommerce_platform/venv/lib/python3.11/site-packages/airflow/example_dags/subdags/subdag.py
[2026-03-18T07:51:12.377+0530] {processor.py:830} INFO - Processing file /Users/vybhavswaroop/Desktop/untitled folder 3/ecommerce_platform/venv/lib/python3.11/site-packages/airflow/example_dags/subdags/subdag.py for tasks to queue
[2026-03-18T07:51:12.378+0530] {logging_mixin.py:188} INFO - [2026-03-18T07:51:12.378+0530] {dagbag.py:540} INFO - Filling up the DagBag from /Users/vybhavswaroop/Desktop/untitled folder 3/ecommerce_platform/venv/lib/python3.11/site-packages/airflow/example_dags/subdags/subdag.py
[2026-03-18T07:51:12.379+0530] {processor.py:842} WARNING - No viable dags retrieved from /Users/vybhavswaroop/Desktop/untitled folder 3/ecommerce_platform/venv/lib/python3.11/site-packages/airflow/example_dags/subdags/subdag.py
[2026-03-18T07:51:12.402+0530] {processor.py:183} INFO - Processing /Users/vybhavswaroop/Desktop/untitled folder 3/ecommerce_platform/venv/lib/python3.11/site-packages/airflow/example_dags/subdags/subdag.py took 0.026 seconds
[2026-03-18T07:52:38.783+0530] {processor.py:161} INFO - Started process (PID=10670) to work on /Users/vybhavswaroop/Desktop/untitled folder 3/ecommerce_platform/venv/lib/python3.11/site-packages/airflow/example_dags/subdags/subdag.py
[2026-03-18T07:52:38.785+0530] {processor.py:830} INFO - Processing file /Users/vybhavswaroop/Desktop/untitled folder 3/ecommerce_platform/venv/lib/python3.11/site-packages/airflow/example_dags/subdags/subdag.py for tasks to queue
[2026-03-18T07:52:38.785+0530] {logging_mixin.py:188} INFO - [2026-03-18T07:52:38.785+0530] {dagbag.py:540} INFO - Filling up the DagBag from /Users/vybhavswaroop/Desktop/untitled folder 3/ecommerce_platform/venv/lib/python3.11/site-packages/airflow/example_dags/subdags/subdag.py
[2026-03-18T07:52:38.786+0530] {processor.py:842} WARNING - No viable dags retrieved from /Users/vybhavswaroop/Desktop/untitled folder 3/ecommerce_platform/venv/lib/python3.11/site-packages/airflow/example_dags/subdags/subdag.py
[2026-03-18T07:52:38.811+0530] {processor.py:183} INFO - Processing /Users/vybhavswaroop/Desktop/untitled folder 3/ecommerce_platform/venv/lib/python3.11/site-packages/airflow/example_dags/subdags/subdag.py took 0.028 seconds
[2026-03-18T07:54:44.060+0530] {processor.py:161} INFO - Started process (PID=11051) to work on /Users/vybhavswaroop/Desktop/untitled folder 3/ecommerce_platform/venv/lib/python3.11/site-packages/airflow/example_dags/subdags/subdag.py
[2026-03-18T07:54:44.061+0530] {processor.py:830} INFO - Processing file /Users/vybhavswaroop/Desktop/untitled folder 3/ecommerce_platform/venv/lib/python3.11/site-packages/airflow/example_dags/subdags/subdag.py for tasks to queue
[2026-03-18T07:54:44.061+0530] {logging_mixin.py:188} INFO - [2026-03-18T07:54:44.061+0530] {dagbag.py:540} INFO - Filling up the DagBag from /Users/vybhavswaroop/Desktop/untitled folder 3/ecommerce_platform/venv/lib/python3.11/site-packages/airflow/example_dags/subdags/subdag.py
[2026-03-18T07:54:44.062+0530] {processor.py:842} WARNING - No viable dags retrieved from /Users/vybhavswaroop/Desktop/untitled folder 3/ecommerce_platform/venv/lib/python3.11/site-packages/airflow/example_dags/subdags/subdag.py
[2026-03-18T07:54:44.086+0530] {processor.py:183} INFO - Processing /Users/vybhavswaroop/Desktop/untitled folder 3/ecommerce_platform/venv/lib/python3.11/site-packages/airflow/example_dags/subdags/subdag.py took 0.027 seconds
[2026-03-18T07:56:18.217+0530] {processor.py:161} INFO - Started process (PID=11322) to work on /Users/vybhavswaroop/Desktop/untitled folder 3/ecommerce_platform/venv/lib/python3.11/site-packages/airflow/example_dags/subdags/subdag.py
[2026-03-18T07:56:18.219+0530] {processor.py:830} INFO - Processing file /Users/vybhavswaroop/Desktop/untitled folder 3/ecommerce_platform/venv/lib/python3.11/site-packages/airflow/example_dags/subdags/subdag.py for tasks to queue
[2026-03-18T07:56:18.219+0530] {logging_mixin.py:188} INFO - [2026-03-18T07:56:18.219+0530] {dagbag.py:540} INFO - Filling up the DagBag from /Users/vybhavswaroop/Desktop/untitled folder 3/ecommerce_platform/venv/lib/python3.11/site-packages/airflow/example_dags/subdags/subdag.py
[2026-03-18T07:56:18.220+0530] {processor.py:842} WARNING - No viable dags retrieved from /Users/vybhavswaroop/Desktop/untitled folder 3/ecommerce_platform/venv/lib/python3.11/site-packages/airflow/example_dags/subdags/subdag.py
[2026-03-18T07:56:18.244+0530] {processor.py:183} INFO - Processing /Users/vybhavswaroop/Desktop/untitled folder 3/ecommerce_platform/venv/lib/python3.11/site-packages/airflow/example_dags/subdags/subdag.py took 0.027 seconds
[2026-03-18T07:57:44.678+0530] {processor.py:161} INFO - Started process (PID=11573) to work on /Users/vybhavswaroop/Desktop/untitled folder 3/ecommerce_platform/venv/lib/python3.11/site-packages/airflow/example_dags/subdags/subdag.py
[2026-03-18T07:57:44.678+0530] {processor.py:830} INFO - Processing file /Users/vybhavswaroop/Desktop/untitled folder 3/ecommerce_platform/venv/lib/python3.11/site-packages/airflow/example_dags/subdags/subdag.py for tasks to queue
[2026-03-18T07:57:44.678+0530] {logging_mixin.py:188} INFO - [2026-03-18T07:57:44.678+0530] {dagbag.py:540} INFO - Filling up the DagBag from /Users/vybhavswaroop/Desktop/untitled folder 3/ecommerce_platform/venv/lib/python3.11/site-packages/airflow/example_dags/subdags/subdag.py
[2026-03-18T07:57:44.679+0530] {processor.py:842} WARNING - No viable dags retrieved from /Users/vybhavswaroop/Desktop/untitled folder 3/ecommerce_platform/venv/lib/python3.11/site-packages/airflow/example_dags/subdags/subdag.py
[2026-03-18T07:57:44.702+0530] {processor.py:183} INFO - Processing /Users/vybhavswaroop/Desktop/untitled folder 3/ecommerce_platform/venv/lib/python3.11/site-packages/airflow/example_dags/subdags/subdag.py took 0.025 seconds
[2026-03-18T07:59:09.268+0530] {processor.py:161} INFO - Started process (PID=11822) to work on /Users/vybhavswaroop/Desktop/untitled folder 3/ecommerce_platform/venv/lib/python3.11/site-packages/airflow/example_dags/subdags/subdag.py
[2026-03-18T07:59:09.270+0530] {processor.py:830} INFO - Processing file /Users/vybhavswaroop/Desktop/untitled folder 3/ecommerce_platform/venv/lib/python3.11/site-packages/airflow/example_dags/subdags/subdag.py for tasks to queue
[2026-03-18T07:59:09.270+0530] {logging_mixin.py:188} INFO - [2026-03-18T07:59:09.270+0530] {dagbag.py:540} INFO - Filling up the DagBag from /Users/vybhavswaroop/Desktop/untitled folder 3/ecommerce_platform/venv/lib/python3.11/site-packages/airflow/example_dags/subdags/subdag.py
[2026-03-18T07:59:09.271+0530] {processor.py:842} WARNING - No viable dags retrieved from /Users/vybhavswaroop/Desktop/untitled folder 3/ecommerce_platform/venv/lib/python3.11/site-packages/airflow/example_dags/subdags/subdag.py
[2026-03-18T07:59:09.295+0530] {processor.py:183} INFO - Processing /Users/vybhavswaroop/Desktop/untitled folder 3/ecommerce_platform/venv/lib/python3.11/site-packages/airflow/example_dags/subdags/subdag.py took 0.027 seconds
