/Users/vybhavswaroop/Desktop/untitled folder 3/ecommerce_platform/venv/lib/python3.9/site-packages/urllib3/__init__.py:35: NotOpenSSLWarning: urllib3 v2 only supports OpenSSL 1.1.1+, currently the 'ssl' module is compiled with 'LibreSSL 2.8.3'. See: https://github.com/urllib3/urllib3/issues/3020
  warnings.warn(

  You can now view your Streamlit app in your browser.

  Network URL: http://10.124.28.179:8501
  External URL: http://103.206.105.88:8501

  For better performance, install the Watchdog module:

  $ xcode-select --install
  $ pip install watchdog
            
/Users/vybhavswaroop/Desktop/untitled folder 3/ecommerce_platform/venv/lib/python3.9/site-packages/streamlit/util.py:227: RuntimeWarning: coroutine 'expire_cache' was never awaited
  pass
RuntimeWarning: Enable tracemalloc to get the object allocation traceback
/Users/vybhavswaroop/Desktop/untitled folder 3/ecommerce_platform/venv/lib/python3.9/site-packages/streamlit/util.py:227: RuntimeWarning: coroutine 'expire_cache' was never awaited
  pass
RuntimeWarning: Enable tracemalloc to get the object allocation traceback
/Users/vybhavswaroop/Desktop/untitled folder 3/ecommerce_platform/venv/lib/python3.9/site-packages/streamlit/util.py:227: RuntimeWarning: coroutine 'expire_cache' was never awaited
  pass
RuntimeWarning: Enable tracemalloc to get the object allocation traceback
/Users/vybhavswaroop/Desktop/untitled folder 3/ecommerce_platform/venv/lib/python3.9/site-packages/streamlit/util.py:227: RuntimeWarning: coroutine 'expire_cache' was never awaited
  pass
RuntimeWarning: Enable tracemalloc to get the object allocation traceback
