[2026-03-18T07:18:53.049+0530] {processor.py:161} INFO - Started process (PID=98259) to work on /Users/vybhavswaroop/Desktop/untitled folder 3/ecommerce_platform/venv/lib/python3.11/site-packages/airflow/example_dags/example_latest_only_with_trigger.py
[2026-03-18T07:18:53.049+0530] {processor.py:830} INFO - Processing file /Users/vybhavswaroop/Desktop/untitled folder 3/ecommerce_platform/venv/lib/python3.11/site-packages/airflow/example_dags/example_latest_only_with_trigger.py for tasks to queue
[2026-03-18T07:18:53.050+0530] {logging_mixin.py:188} INFO - [2026-03-18T07:18:53.050+0530] {dagbag.py:540} INFO - Filling up the DagBag from /Users/vybhavswaroop/Desktop/untitled folder 3/ecommerce_platform/venv/lib/python3.11/site-packages/airflow/example_dags/example_latest_only_with_trigger.py
[2026-03-18T07:18:53.053+0530] {processor.py:840} INFO - DAG(s) 'latest_only_with_trigger' retrieved from /Users/vybhavswaroop/Desktop/untitled folder 3/ecommerce_platform/venv/lib/python3.11/site-packages/airflow/example_dags/example_latest_only_with_trigger.py
[2026-03-18T07:18:53.094+0530] {logging_mixin.py:188} INFO - [2026-03-18T07:18:53.094+0530] {dag.py:3047} INFO - Sync 1 DAGs
[2026-03-18T07:18:53.100+0530] {logging_mixin.py:188} INFO - [2026-03-18T07:18:53.100+0530] {dag.py:3834} INFO - Setting next_dagrun for latest_only_with_trigger to 2026-03-17 20:00:00+00:00, run_after=2026-03-18 00:00:00+00:00
[2026-03-18T07:18:53.108+0530] {processor.py:183} INFO - Processing /Users/vybhavswaroop/Desktop/untitled folder 3/ecommerce_platform/venv/lib/python3.11/site-packages/airflow/example_dags/example_latest_only_with_trigger.py took 0.059 seconds
[2026-03-18T07:22:57.180+0530] {processor.py:161} INFO - Started process (PID=3152) to work on /Users/vybhavswaroop/Desktop/untitled folder 3/ecommerce_platform/venv/lib/python3.11/site-packages/airflow/example_dags/example_latest_only_with_trigger.py
[2026-03-18T07:22:57.181+0530] {processor.py:830} INFO - Processing file /Users/vybhavswaroop/Desktop/untitled folder 3/ecommerce_platform/venv/lib/python3.11/site-packages/airflow/example_dags/example_latest_only_with_trigger.py for tasks to queue
[2026-03-18T07:22:57.181+0530] {logging_mixin.py:188} INFO - [2026-03-18T07:22:57.181+0530] {dagbag.py:540} INFO - Filling up the DagBag from /Users/vybhavswaroop/Desktop/untitled folder 3/ecommerce_platform/venv/lib/python3.11/site-packages/airflow/example_dags/example_latest_only_with_trigger.py
[2026-03-18T07:22:57.184+0530] {processor.py:840} INFO - DAG(s) 'latest_only_with_trigger' retrieved from /Users/vybhavswaroop/Desktop/untitled folder 3/ecommerce_platform/venv/lib/python3.11/site-packages/airflow/example_dags/example_latest_only_with_trigger.py
[2026-03-18T07:22:57.245+0530] {logging_mixin.py:188} INFO - [2026-03-18T07:22:57.245+0530] {dag.py:3047} INFO - Sync 1 DAGs
[2026-03-18T07:22:57.250+0530] {logging_mixin.py:188} INFO - [2026-03-18T07:22:57.249+0530] {dag.py:3834} INFO - Setting next_dagrun for latest_only_with_trigger to 2026-03-17 20:00:00+00:00, run_after=2026-03-18 00:00:00+00:00
[2026-03-18T07:22:57.257+0530] {processor.py:183} INFO - Processing /Users/vybhavswaroop/Desktop/untitled folder 3/ecommerce_platform/venv/lib/python3.11/site-packages/airflow/example_dags/example_latest_only_with_trigger.py took 0.077 seconds
[2026-03-18T07:24:53.320+0530] {processor.py:161} INFO - Started process (PID=3508) to work on /Users/vybhavswaroop/Desktop/untitled folder 3/ecommerce_platform/venv/lib/python3.11/site-packages/airflow/example_dags/example_latest_only_with_trigger.py
[2026-03-18T07:24:53.321+0530] {processor.py:830} INFO - Processing file /Users/vybhavswaroop/Desktop/untitled folder 3/ecommerce_platform/venv/lib/python3.11/site-packages/airflow/example_dags/example_latest_only_with_trigger.py for tasks to queue
[2026-03-18T07:24:53.321+0530] {logging_mixin.py:188} INFO - [2026-03-18T07:24:53.321+0530] {dagbag.py:540} INFO - Filling up the DagBag from /Users/vybhavswaroop/Desktop/untitled folder 3/ecommerce_platform/venv/lib/python3.11/site-packages/airflow/example_dags/example_latest_only_with_trigger.py
[2026-03-18T07:24:53.324+0530] {processor.py:840} INFO - DAG(s) 'latest_only_with_trigger' retrieved from /Users/vybhavswaroop/Desktop/untitled folder 3/ecommerce_platform/venv/lib/python3.11/site-packages/airflow/example_dags/example_latest_only_with_trigger.py
[2026-03-18T07:24:53.359+0530] {logging_mixin.py:188} INFO - [2026-03-18T07:24:53.359+0530] {dag.py:3047} INFO - Sync 1 DAGs
[2026-03-18T07:24:53.364+0530] {logging_mixin.py:188} INFO - [2026-03-18T07:24:53.364+0530] {dag.py:3834} INFO - Setting next_dagrun for latest_only_with_trigger to 2026-03-17 20:00:00+00:00, run_after=2026-03-18 00:00:00+00:00
[2026-03-18T07:24:53.370+0530] {processor.py:183} INFO - Processing /Users/vybhavswaroop/Desktop/untitled folder 3/ecommerce_platform/venv/lib/python3.11/site-packages/airflow/example_dags/example_latest_only_with_trigger.py took 0.050 seconds
[2026-03-18T07:27:41.458+0530] {processor.py:161} INFO - Started process (PID=4000) to work on /Users/vybhavswaroop/Desktop/untitled folder 3/ecommerce_platform/venv/lib/python3.11/site-packages/airflow/example_dags/example_latest_only_with_trigger.py
[2026-03-18T07:27:41.458+0530] {processor.py:830} INFO - Processing file /Users/vybhavswaroop/Desktop/untitled folder 3/ecommerce_platform/venv/lib/python3.11/site-packages/airflow/example_dags/example_latest_only_with_trigger.py for tasks to queue
[2026-03-18T07:27:41.458+0530] {logging_mixin.py:188} INFO - [2026-03-18T07:27:41.458+0530] {dagbag.py:540} INFO - Filling up the DagBag from /Users/vybhavswaroop/Desktop/untitled folder 3/ecommerce_platform/venv/lib/python3.11/site-packages/airflow/example_dags/example_latest_only_with_trigger.py
[2026-03-18T07:27:41.461+0530] {processor.py:840} INFO - DAG(s) 'latest_only_with_trigger' retrieved from /Users/vybhavswaroop/Desktop/untitled folder 3/ecommerce_platform/venv/lib/python3.11/site-packages/airflow/example_dags/example_latest_only_with_trigger.py
[2026-03-18T07:27:41.497+0530] {logging_mixin.py:188} INFO - [2026-03-18T07:27:41.497+0530] {dag.py:3047} INFO - Sync 1 DAGs
[2026-03-18T07:27:41.502+0530] {logging_mixin.py:188} INFO - [2026-03-18T07:27:41.502+0530] {dag.py:3834} INFO - Setting next_dagrun for latest_only_with_trigger to 2026-03-17 20:00:00+00:00, run_after=2026-03-18 00:00:00+00:00
[2026-03-18T07:27:41.509+0530] {processor.py:183} INFO - Processing /Users/vybhavswaroop/Desktop/untitled folder 3/ecommerce_platform/venv/lib/python3.11/site-packages/airflow/example_dags/example_latest_only_with_trigger.py took 0.051 seconds
[2026-03-18T07:30:23.632+0530] {processor.py:161} INFO - Started process (PID=4486) to work on /Users/vybhavswaroop/Desktop/untitled folder 3/ecommerce_platform/venv/lib/python3.11/site-packages/airflow/example_dags/example_latest_only_with_trigger.py
[2026-03-18T07:30:23.633+0530] {processor.py:830} INFO - Processing file /Users/vybhavswaroop/Desktop/untitled folder 3/ecommerce_platform/venv/lib/python3.11/site-packages/airflow/example_dags/example_latest_only_with_trigger.py for tasks to queue
[2026-03-18T07:30:23.633+0530] {logging_mixin.py:188} INFO - [2026-03-18T07:30:23.633+0530] {dagbag.py:540} INFO - Filling up the DagBag from /Users/vybhavswaroop/Desktop/untitled folder 3/ecommerce_platform/venv/lib/python3.11/site-packages/airflow/example_dags/example_latest_only_with_trigger.py
[2026-03-18T07:30:23.636+0530] {processor.py:840} INFO - DAG(s) 'latest_only_with_trigger' retrieved from /Users/vybhavswaroop/Desktop/untitled folder 3/ecommerce_platform/venv/lib/python3.11/site-packages/airflow/example_dags/example_latest_only_with_trigger.py
[2026-03-18T07:30:23.671+0530] {logging_mixin.py:188} INFO - [2026-03-18T07:30:23.671+0530] {dag.py:3047} INFO - Sync 1 DAGs
[2026-03-18T07:30:23.678+0530] {logging_mixin.py:188} INFO - [2026-03-18T07:30:23.678+0530] {dag.py:3834} INFO - Setting next_dagrun for latest_only_with_trigger to 2026-03-17 20:00:00+00:00, run_after=2026-03-18 00:00:00+00:00
[2026-03-18T07:30:23.684+0530] {processor.py:183} INFO - Processing /Users/vybhavswaroop/Desktop/untitled folder 3/ecommerce_platform/venv/lib/python3.11/site-packages/airflow/example_dags/example_latest_only_with_trigger.py took 0.052 seconds
[2026-03-18T07:33:10.339+0530] {processor.py:161} INFO - Started process (PID=4976) to work on /Users/vybhavswaroop/Desktop/untitled folder 3/ecommerce_platform/venv/lib/python3.11/site-packages/airflow/example_dags/example_latest_only_with_trigger.py
[2026-03-18T07:33:10.340+0530] {processor.py:830} INFO - Processing file /Users/vybhavswaroop/Desktop/untitled folder 3/ecommerce_platform/venv/lib/python3.11/site-packages/airflow/example_dags/example_latest_only_with_trigger.py for tasks to queue
[2026-03-18T07:33:10.340+0530] {logging_mixin.py:188} INFO - [2026-03-18T07:33:10.340+0530] {dagbag.py:540} INFO - Filling up the DagBag from /Users/vybhavswaroop/Desktop/untitled folder 3/ecommerce_platform/venv/lib/python3.11/site-packages/airflow/example_dags/example_latest_only_with_trigger.py
[2026-03-18T07:33:10.343+0530] {processor.py:840} INFO - DAG(s) 'latest_only_with_trigger' retrieved from /Users/vybhavswaroop/Desktop/untitled folder 3/ecommerce_platform/venv/lib/python3.11/site-packages/airflow/example_dags/example_latest_only_with_trigger.py
[2026-03-18T07:33:10.378+0530] {logging_mixin.py:188} INFO - [2026-03-18T07:33:10.378+0530] {dag.py:3047} INFO - Sync 1 DAGs
[2026-03-18T07:33:10.384+0530] {logging_mixin.py:188} INFO - [2026-03-18T07:33:10.384+0530] {dag.py:3834} INFO - Setting next_dagrun for latest_only_with_trigger to 2026-03-17 20:00:00+00:00, run_after=2026-03-18 00:00:00+00:00
[2026-03-18T07:33:10.390+0530] {processor.py:183} INFO - Processing /Users/vybhavswaroop/Desktop/untitled folder 3/ecommerce_platform/venv/lib/python3.11/site-packages/airflow/example_dags/example_latest_only_with_trigger.py took 0.051 seconds
[2026-03-18T07:36:13.566+0530] {processor.py:161} INFO - Started process (PID=5563) to work on /Users/vybhavswaroop/Desktop/untitled folder 3/ecommerce_platform/venv/lib/python3.11/site-packages/airflow/example_dags/example_latest_only_with_trigger.py
[2026-03-18T07:36:13.569+0530] {processor.py:830} INFO - Processing file /Users/vybhavswaroop/Desktop/untitled folder 3/ecommerce_platform/venv/lib/python3.11/site-packages/airflow/example_dags/example_latest_only_with_trigger.py for tasks to queue
[2026-03-18T07:36:13.569+0530] {logging_mixin.py:188} INFO - [2026-03-18T07:36:13.569+0530] {dagbag.py:540} INFO - Filling up the DagBag from /Users/vybhavswaroop/Desktop/untitled folder 3/ecommerce_platform/venv/lib/python3.11/site-packages/airflow/example_dags/example_latest_only_with_trigger.py
[2026-03-18T07:36:13.572+0530] {processor.py:840} INFO - DAG(s) 'latest_only_with_trigger' retrieved from /Users/vybhavswaroop/Desktop/untitled folder 3/ecommerce_platform/venv/lib/python3.11/site-packages/airflow/example_dags/example_latest_only_with_trigger.py
[2026-03-18T07:36:13.608+0530] {logging_mixin.py:188} INFO - [2026-03-18T07:36:13.608+0530] {dag.py:3047} INFO - Sync 1 DAGs
[2026-03-18T07:36:13.614+0530] {logging_mixin.py:188} INFO - [2026-03-18T07:36:13.614+0530] {dag.py:3834} INFO - Setting next_dagrun for latest_only_with_trigger to 2026-03-17 20:00:00+00:00, run_after=2026-03-18 00:00:00+00:00
[2026-03-18T07:36:13.620+0530] {processor.py:183} INFO - Processing /Users/vybhavswaroop/Desktop/untitled folder 3/ecommerce_platform/venv/lib/python3.11/site-packages/airflow/example_dags/example_latest_only_with_trigger.py took 0.054 seconds
[2026-03-18T07:39:11.807+0530] {processor.py:161} INFO - Started process (PID=6139) to work on /Users/vybhavswaroop/Desktop/untitled folder 3/ecommerce_platform/venv/lib/python3.11/site-packages/airflow/example_dags/example_latest_only_with_trigger.py
[2026-03-18T07:39:11.808+0530] {processor.py:830} INFO - Processing file /Users/vybhavswaroop/Desktop/untitled folder 3/ecommerce_platform/venv/lib/python3.11/site-packages/airflow/example_dags/example_latest_only_with_trigger.py for tasks to queue
[2026-03-18T07:39:11.808+0530] {logging_mixin.py:188} INFO - [2026-03-18T07:39:11.808+0530] {dagbag.py:540} INFO - Filling up the DagBag from /Users/vybhavswaroop/Desktop/untitled folder 3/ecommerce_platform/venv/lib/python3.11/site-packages/airflow/example_dags/example_latest_only_with_trigger.py
[2026-03-18T07:39:11.811+0530] {processor.py:840} INFO - DAG(s) 'latest_only_with_trigger' retrieved from /Users/vybhavswaroop/Desktop/untitled folder 3/ecommerce_platform/venv/lib/python3.11/site-packages/airflow/example_dags/example_latest_only_with_trigger.py
[2026-03-18T07:39:11.847+0530] {logging_mixin.py:188} INFO - [2026-03-18T07:39:11.847+0530] {dag.py:3047} INFO - Sync 1 DAGs
[2026-03-18T07:39:11.852+0530] {logging_mixin.py:188} INFO - [2026-03-18T07:39:11.852+0530] {dag.py:3834} INFO - Setting next_dagrun for latest_only_with_trigger to 2026-03-17 20:00:00+00:00, run_after=2026-03-18 00:00:00+00:00
[2026-03-18T07:39:11.858+0530] {processor.py:183} INFO - Processing /Users/vybhavswaroop/Desktop/untitled folder 3/ecommerce_platform/venv/lib/python3.11/site-packages/airflow/example_dags/example_latest_only_with_trigger.py took 0.051 seconds
[2026-03-18T07:42:21.705+0530] {processor.py:161} INFO - Started process (PID=6852) to work on /Users/vybhavswaroop/Desktop/untitled folder 3/ecommerce_platform/venv/lib/python3.11/site-packages/airflow/example_dags/example_latest_only_with_trigger.py
[2026-03-18T07:42:21.706+0530] {processor.py:830} INFO - Processing file /Users/vybhavswaroop/Desktop/untitled folder 3/ecommerce_platform/venv/lib/python3.11/site-packages/airflow/example_dags/example_latest_only_with_trigger.py for tasks to queue
[2026-03-18T07:42:21.706+0530] {logging_mixin.py:188} INFO - [2026-03-18T07:42:21.706+0530] {dagbag.py:540} INFO - Filling up the DagBag from /Users/vybhavswaroop/Desktop/untitled folder 3/ecommerce_platform/venv/lib/python3.11/site-packages/airflow/example_dags/example_latest_only_with_trigger.py
[2026-03-18T07:42:21.710+0530] {processor.py:840} INFO - DAG(s) 'latest_only_with_trigger' retrieved from /Users/vybhavswaroop/Desktop/untitled folder 3/ecommerce_platform/venv/lib/python3.11/site-packages/airflow/example_dags/example_latest_only_with_trigger.py
[2026-03-18T07:42:21.746+0530] {logging_mixin.py:188} INFO - [2026-03-18T07:42:21.746+0530] {dag.py:3047} INFO - Sync 1 DAGs
[2026-03-18T07:42:21.751+0530] {logging_mixin.py:188} INFO - [2026-03-18T07:42:21.751+0530] {dag.py:3834} INFO - Setting next_dagrun for latest_only_with_trigger to 2026-03-17 20:00:00+00:00, run_after=2026-03-18 00:00:00+00:00
[2026-03-18T07:42:21.758+0530] {processor.py:183} INFO - Processing /Users/vybhavswaroop/Desktop/untitled folder 3/ecommerce_platform/venv/lib/python3.11/site-packages/airflow/example_dags/example_latest_only_with_trigger.py took 0.053 seconds
[2026-03-18T07:45:20.197+0530] {processor.py:161} INFO - Started process (PID=7473) to work on /Users/vybhavswaroop/Desktop/untitled folder 3/ecommerce_platform/venv/lib/python3.11/site-packages/airflow/example_dags/example_latest_only_with_trigger.py
[2026-03-18T07:45:20.199+0530] {processor.py:830} INFO - Processing file /Users/vybhavswaroop/Desktop/untitled folder 3/ecommerce_platform/venv/lib/python3.11/site-packages/airflow/example_dags/example_latest_only_with_trigger.py for tasks to queue
[2026-03-18T07:45:20.199+0530] {logging_mixin.py:188} INFO - [2026-03-18T07:45:20.199+0530] {dagbag.py:540} INFO - Filling up the DagBag from /Users/vybhavswaroop/Desktop/untitled folder 3/ecommerce_platform/venv/lib/python3.11/site-packages/airflow/example_dags/example_latest_only_with_trigger.py
[2026-03-18T07:45:20.202+0530] {processor.py:840} INFO - DAG(s) 'latest_only_with_trigger' retrieved from /Users/vybhavswaroop/Desktop/untitled folder 3/ecommerce_platform/venv/lib/python3.11/site-packages/airflow/example_dags/example_latest_only_with_trigger.py
[2026-03-18T07:45:20.237+0530] {logging_mixin.py:188} INFO - [2026-03-18T07:45:20.237+0530] {dag.py:3047} INFO - Sync 1 DAGs
[2026-03-18T07:45:20.243+0530] {logging_mixin.py:188} INFO - [2026-03-18T07:45:20.242+0530] {dag.py:3834} INFO - Setting next_dagrun for latest_only_with_trigger to 2026-03-17 20:00:00+00:00, run_after=2026-03-18 00:00:00+00:00
[2026-03-18T07:45:20.248+0530] {processor.py:183} INFO - Processing /Users/vybhavswaroop/Desktop/untitled folder 3/ecommerce_platform/venv/lib/python3.11/site-packages/airflow/example_dags/example_latest_only_with_trigger.py took 0.051 seconds
[2026-03-18T07:48:04.973+0530] {processor.py:161} INFO - Started process (PID=8078) to work on /Users/vybhavswaroop/Desktop/untitled folder 3/ecommerce_platform/venv/lib/python3.11/site-packages/airflow/example_dags/example_latest_only_with_trigger.py
[2026-03-18T07:48:04.974+0530] {processor.py:830} INFO - Processing file /Users/vybhavswaroop/Desktop/untitled folder 3/ecommerce_platform/venv/lib/python3.11/site-packages/airflow/example_dags/example_latest_only_with_trigger.py for tasks to queue
[2026-03-18T07:48:04.974+0530] {logging_mixin.py:188} INFO - [2026-03-18T07:48:04.974+0530] {dagbag.py:540} INFO - Filling up the DagBag from /Users/vybhavswaroop/Desktop/untitled folder 3/ecommerce_platform/venv/lib/python3.11/site-packages/airflow/example_dags/example_latest_only_with_trigger.py
[2026-03-18T07:48:04.977+0530] {processor.py:840} INFO - DAG(s) 'latest_only_with_trigger' retrieved from /Users/vybhavswaroop/Desktop/untitled folder 3/ecommerce_platform/venv/lib/python3.11/site-packages/airflow/example_dags/example_latest_only_with_trigger.py
[2026-03-18T07:48:05.014+0530] {logging_mixin.py:188} INFO - [2026-03-18T07:48:05.014+0530] {dag.py:3047} INFO - Sync 1 DAGs
[2026-03-18T07:48:05.020+0530] {logging_mixin.py:188} INFO - [2026-03-18T07:48:05.020+0530] {dag.py:3834} INFO - Setting next_dagrun for latest_only_with_trigger to 2026-03-17 20:00:00+00:00, run_after=2026-03-18 00:00:00+00:00
[2026-03-18T07:48:05.026+0530] {processor.py:183} INFO - Processing /Users/vybhavswaroop/Desktop/untitled folder 3/ecommerce_platform/venv/lib/python3.11/site-packages/airflow/example_dags/example_latest_only_with_trigger.py took 0.053 seconds
[2026-03-18T07:50:58.438+0530] {processor.py:161} INFO - Started process (PID=8975) to work on /Users/vybhavswaroop/Desktop/untitled folder 3/ecommerce_platform/venv/lib/python3.11/site-packages/airflow/example_dags/example_latest_only_with_trigger.py
[2026-03-18T07:50:58.440+0530] {processor.py:830} INFO - Processing file /Users/vybhavswaroop/Desktop/untitled folder 3/ecommerce_platform/venv/lib/python3.11/site-packages/airflow/example_dags/example_latest_only_with_trigger.py for tasks to queue
[2026-03-18T07:50:58.440+0530] {logging_mixin.py:188} INFO - [2026-03-18T07:50:58.440+0530] {dagbag.py:540} INFO - Filling up the DagBag from /Users/vybhavswaroop/Desktop/untitled folder 3/ecommerce_platform/venv/lib/python3.11/site-packages/airflow/example_dags/example_latest_only_with_trigger.py
[2026-03-18T07:50:58.443+0530] {processor.py:840} INFO - DAG(s) 'latest_only_with_trigger' retrieved from /Users/vybhavswaroop/Desktop/untitled folder 3/ecommerce_platform/venv/lib/python3.11/site-packages/airflow/example_dags/example_latest_only_with_trigger.py
[2026-03-18T07:50:58.478+0530] {logging_mixin.py:188} INFO - [2026-03-18T07:50:58.478+0530] {dag.py:3047} INFO - Sync 1 DAGs
[2026-03-18T07:50:58.484+0530] {logging_mixin.py:188} INFO - [2026-03-18T07:50:58.484+0530] {dag.py:3834} INFO - Setting next_dagrun for latest_only_with_trigger to 2026-03-17 20:00:00+00:00, run_after=2026-03-18 00:00:00+00:00
[2026-03-18T07:50:58.489+0530] {processor.py:183} INFO - Processing /Users/vybhavswaroop/Desktop/untitled folder 3/ecommerce_platform/venv/lib/python3.11/site-packages/airflow/example_dags/example_latest_only_with_trigger.py took 0.051 seconds
[2026-03-18T07:54:01.589+0530] {processor.py:161} INFO - Started process (PID=10924) to work on /Users/vybhavswaroop/Desktop/untitled folder 3/ecommerce_platform/venv/lib/python3.11/site-packages/airflow/example_dags/example_latest_only_with_trigger.py
[2026-03-18T07:54:01.590+0530] {processor.py:830} INFO - Processing file /Users/vybhavswaroop/Desktop/untitled folder 3/ecommerce_platform/venv/lib/python3.11/site-packages/airflow/example_dags/example_latest_only_with_trigger.py for tasks to queue
[2026-03-18T07:54:01.590+0530] {logging_mixin.py:188} INFO - [2026-03-18T07:54:01.590+0530] {dagbag.py:540} INFO - Filling up the DagBag from /Users/vybhavswaroop/Desktop/untitled folder 3/ecommerce_platform/venv/lib/python3.11/site-packages/airflow/example_dags/example_latest_only_with_trigger.py
[2026-03-18T07:54:01.593+0530] {processor.py:840} INFO - DAG(s) 'latest_only_with_trigger' retrieved from /Users/vybhavswaroop/Desktop/untitled folder 3/ecommerce_platform/venv/lib/python3.11/site-packages/airflow/example_dags/example_latest_only_with_trigger.py
[2026-03-18T07:54:01.656+0530] {logging_mixin.py:188} INFO - [2026-03-18T07:54:01.656+0530] {dag.py:3047} INFO - Sync 1 DAGs
[2026-03-18T07:54:01.661+0530] {logging_mixin.py:188} INFO - [2026-03-18T07:54:01.661+0530] {dag.py:3834} INFO - Setting next_dagrun for latest_only_with_trigger to 2026-03-17 20:00:00+00:00, run_after=2026-03-18 00:00:00+00:00
[2026-03-18T07:54:01.667+0530] {processor.py:183} INFO - Processing /Users/vybhavswaroop/Desktop/untitled folder 3/ecommerce_platform/venv/lib/python3.11/site-packages/airflow/example_dags/example_latest_only_with_trigger.py took 0.078 seconds
[2026-03-18T07:56:05.450+0530] {processor.py:161} INFO - Started process (PID=11285) to work on /Users/vybhavswaroop/Desktop/untitled folder 3/ecommerce_platform/venv/lib/python3.11/site-packages/airflow/example_dags/example_latest_only_with_trigger.py
[2026-03-18T07:56:05.451+0530] {processor.py:830} INFO - Processing file /Users/vybhavswaroop/Desktop/untitled folder 3/ecommerce_platform/venv/lib/python3.11/site-packages/airflow/example_dags/example_latest_only_with_trigger.py for tasks to queue
[2026-03-18T07:56:05.451+0530] {logging_mixin.py:188} INFO - [2026-03-18T07:56:05.451+0530] {dagbag.py:540} INFO - Filling up the DagBag from /Users/vybhavswaroop/Desktop/untitled folder 3/ecommerce_platform/venv/lib/python3.11/site-packages/airflow/example_dags/example_latest_only_with_trigger.py
[2026-03-18T07:56:05.454+0530] {processor.py:840} INFO - DAG(s) 'latest_only_with_trigger' retrieved from /Users/vybhavswaroop/Desktop/untitled folder 3/ecommerce_platform/venv/lib/python3.11/site-packages/airflow/example_dags/example_latest_only_with_trigger.py
[2026-03-18T07:56:05.490+0530] {logging_mixin.py:188} INFO - [2026-03-18T07:56:05.490+0530] {dag.py:3047} INFO - Sync 1 DAGs
[2026-03-18T07:56:05.496+0530] {logging_mixin.py:188} INFO - [2026-03-18T07:56:05.495+0530] {dag.py:3834} INFO - Setting next_dagrun for latest_only_with_trigger to 2026-03-17 20:00:00+00:00, run_after=2026-03-18 00:00:00+00:00
[2026-03-18T07:56:05.501+0530] {processor.py:183} INFO - Processing /Users/vybhavswaroop/Desktop/untitled folder 3/ecommerce_platform/venv/lib/python3.11/site-packages/airflow/example_dags/example_latest_only_with_trigger.py took 0.051 seconds
[2026-03-18T07:58:57.334+0530] {processor.py:161} INFO - Started process (PID=11788) to work on /Users/vybhavswaroop/Desktop/untitled folder 3/ecommerce_platform/venv/lib/python3.11/site-packages/airflow/example_dags/example_latest_only_with_trigger.py
[2026-03-18T07:58:57.335+0530] {processor.py:830} INFO - Processing file /Users/vybhavswaroop/Desktop/untitled folder 3/ecommerce_platform/venv/lib/python3.11/site-packages/airflow/example_dags/example_latest_only_with_trigger.py for tasks to queue
[2026-03-18T07:58:57.335+0530] {logging_mixin.py:188} INFO - [2026-03-18T07:58:57.335+0530] {dagbag.py:540} INFO - Filling up the DagBag from /Users/vybhavswaroop/Desktop/untitled folder 3/ecommerce_platform/venv/lib/python3.11/site-packages/airflow/example_dags/example_latest_only_with_trigger.py
[2026-03-18T07:58:57.338+0530] {processor.py:840} INFO - DAG(s) 'latest_only_with_trigger' retrieved from /Users/vybhavswaroop/Desktop/untitled folder 3/ecommerce_platform/venv/lib/python3.11/site-packages/airflow/example_dags/example_latest_only_with_trigger.py
[2026-03-18T07:58:57.374+0530] {logging_mixin.py:188} INFO - [2026-03-18T07:58:57.373+0530] {dag.py:3047} INFO - Sync 1 DAGs
[2026-03-18T07:58:57.379+0530] {logging_mixin.py:188} INFO - [2026-03-18T07:58:57.379+0530] {dag.py:3834} INFO - Setting next_dagrun for latest_only_with_trigger to 2026-03-17 20:00:00+00:00, run_after=2026-03-18 00:00:00+00:00
[2026-03-18T07:58:57.385+0530] {processor.py:183} INFO - Processing /Users/vybhavswaroop/Desktop/untitled folder 3/ecommerce_platform/venv/lib/python3.11/site-packages/airflow/example_dags/example_latest_only_with_trigger.py took 0.051 seconds
