[2026-03-18T07:18:47.473+0530] {processor.py:161} INFO - Started process (PID=98166) to work on /Users/vybhavswaroop/Desktop/untitled folder 3/ecommerce_platform/venv/lib/python3.11/site-packages/airflow/example_dags/example_nested_branch_dag.py
[2026-03-18T07:18:47.473+0530] {processor.py:830} INFO - Processing file /Users/vybhavswaroop/Desktop/untitled folder 3/ecommerce_platform/venv/lib/python3.11/site-packages/airflow/example_dags/example_nested_branch_dag.py for tasks to queue
[2026-03-18T07:18:47.474+0530] {logging_mixin.py:188} INFO - [2026-03-18T07:18:47.474+0530] {dagbag.py:540} INFO - Filling up the DagBag from /Users/vybhavswaroop/Desktop/untitled folder 3/ecommerce_platform/venv/lib/python3.11/site-packages/airflow/example_dags/example_nested_branch_dag.py
[2026-03-18T07:18:47.488+0530] {processor.py:840} INFO - DAG(s) 'example_nested_branch_dag' retrieved from /Users/vybhavswaroop/Desktop/untitled folder 3/ecommerce_platform/venv/lib/python3.11/site-packages/airflow/example_dags/example_nested_branch_dag.py
[2026-03-18T07:18:47.527+0530] {logging_mixin.py:188} INFO - [2026-03-18T07:18:47.527+0530] {dag.py:3047} INFO - Sync 1 DAGs
[2026-03-18T07:18:47.533+0530] {logging_mixin.py:188} INFO - [2026-03-18T07:18:47.533+0530] {dag.py:3834} INFO - Setting next_dagrun for example_nested_branch_dag to 2026-03-17 00:00:00+00:00, run_after=2026-03-18 00:00:00+00:00
[2026-03-18T07:18:47.542+0530] {processor.py:183} INFO - Processing /Users/vybhavswaroop/Desktop/untitled folder 3/ecommerce_platform/venv/lib/python3.11/site-packages/airflow/example_dags/example_nested_branch_dag.py took 0.070 seconds
[2026-03-18T07:22:52.051+0530] {processor.py:161} INFO - Started process (PID=3133) to work on /Users/vybhavswaroop/Desktop/untitled folder 3/ecommerce_platform/venv/lib/python3.11/site-packages/airflow/example_dags/example_nested_branch_dag.py
[2026-03-18T07:22:52.053+0530] {processor.py:830} INFO - Processing file /Users/vybhavswaroop/Desktop/untitled folder 3/ecommerce_platform/venv/lib/python3.11/site-packages/airflow/example_dags/example_nested_branch_dag.py for tasks to queue
[2026-03-18T07:22:52.053+0530] {logging_mixin.py:188} INFO - [2026-03-18T07:22:52.053+0530] {dagbag.py:540} INFO - Filling up the DagBag from /Users/vybhavswaroop/Desktop/untitled folder 3/ecommerce_platform/venv/lib/python3.11/site-packages/airflow/example_dags/example_nested_branch_dag.py
[2026-03-18T07:22:52.067+0530] {processor.py:840} INFO - DAG(s) 'example_nested_branch_dag' retrieved from /Users/vybhavswaroop/Desktop/untitled folder 3/ecommerce_platform/venv/lib/python3.11/site-packages/airflow/example_dags/example_nested_branch_dag.py
[2026-03-18T07:22:52.129+0530] {logging_mixin.py:188} INFO - [2026-03-18T07:22:52.129+0530] {dag.py:3047} INFO - Sync 1 DAGs
[2026-03-18T07:22:52.135+0530] {logging_mixin.py:188} INFO - [2026-03-18T07:22:52.135+0530] {dag.py:3834} INFO - Setting next_dagrun for example_nested_branch_dag to 2026-03-17 00:00:00+00:00, run_after=2026-03-18 00:00:00+00:00
[2026-03-18T07:22:52.142+0530] {processor.py:183} INFO - Processing /Users/vybhavswaroop/Desktop/untitled folder 3/ecommerce_platform/venv/lib/python3.11/site-packages/airflow/example_dags/example_nested_branch_dag.py took 0.091 seconds
[2026-03-18T07:24:48.280+0530] {processor.py:161} INFO - Started process (PID=3494) to work on /Users/vybhavswaroop/Desktop/untitled folder 3/ecommerce_platform/venv/lib/python3.11/site-packages/airflow/example_dags/example_nested_branch_dag.py
[2026-03-18T07:24:48.281+0530] {processor.py:830} INFO - Processing file /Users/vybhavswaroop/Desktop/untitled folder 3/ecommerce_platform/venv/lib/python3.11/site-packages/airflow/example_dags/example_nested_branch_dag.py for tasks to queue
[2026-03-18T07:24:48.282+0530] {logging_mixin.py:188} INFO - [2026-03-18T07:24:48.281+0530] {dagbag.py:540} INFO - Filling up the DagBag from /Users/vybhavswaroop/Desktop/untitled folder 3/ecommerce_platform/venv/lib/python3.11/site-packages/airflow/example_dags/example_nested_branch_dag.py
[2026-03-18T07:24:48.295+0530] {processor.py:840} INFO - DAG(s) 'example_nested_branch_dag' retrieved from /Users/vybhavswaroop/Desktop/untitled folder 3/ecommerce_platform/venv/lib/python3.11/site-packages/airflow/example_dags/example_nested_branch_dag.py
[2026-03-18T07:24:48.330+0530] {logging_mixin.py:188} INFO - [2026-03-18T07:24:48.330+0530] {dag.py:3047} INFO - Sync 1 DAGs
[2026-03-18T07:24:48.335+0530] {logging_mixin.py:188} INFO - [2026-03-18T07:24:48.335+0530] {dag.py:3834} INFO - Setting next_dagrun for example_nested_branch_dag to 2026-03-17 00:00:00+00:00, run_after=2026-03-18 00:00:00+00:00
[2026-03-18T07:24:48.341+0530] {processor.py:183} INFO - Processing /Users/vybhavswaroop/Desktop/untitled folder 3/ecommerce_platform/venv/lib/python3.11/site-packages/airflow/example_dags/example_nested_branch_dag.py took 0.061 seconds
[2026-03-18T07:27:36.455+0530] {processor.py:161} INFO - Started process (PID=3986) to work on /Users/vybhavswaroop/Desktop/untitled folder 3/ecommerce_platform/venv/lib/python3.11/site-packages/airflow/example_dags/example_nested_branch_dag.py
[2026-03-18T07:27:36.456+0530] {processor.py:830} INFO - Processing file /Users/vybhavswaroop/Desktop/untitled folder 3/ecommerce_platform/venv/lib/python3.11/site-packages/airflow/example_dags/example_nested_branch_dag.py for tasks to queue
[2026-03-18T07:27:36.456+0530] {logging_mixin.py:188} INFO - [2026-03-18T07:27:36.456+0530] {dagbag.py:540} INFO - Filling up the DagBag from /Users/vybhavswaroop/Desktop/untitled folder 3/ecommerce_platform/venv/lib/python3.11/site-packages/airflow/example_dags/example_nested_branch_dag.py
[2026-03-18T07:27:36.469+0530] {processor.py:840} INFO - DAG(s) 'example_nested_branch_dag' retrieved from /Users/vybhavswaroop/Desktop/untitled folder 3/ecommerce_platform/venv/lib/python3.11/site-packages/airflow/example_dags/example_nested_branch_dag.py
[2026-03-18T07:27:36.505+0530] {logging_mixin.py:188} INFO - [2026-03-18T07:27:36.505+0530] {dag.py:3047} INFO - Sync 1 DAGs
[2026-03-18T07:27:36.510+0530] {logging_mixin.py:188} INFO - [2026-03-18T07:27:36.510+0530] {dag.py:3834} INFO - Setting next_dagrun for example_nested_branch_dag to 2026-03-17 00:00:00+00:00, run_after=2026-03-18 00:00:00+00:00
[2026-03-18T07:27:36.516+0530] {processor.py:183} INFO - Processing /Users/vybhavswaroop/Desktop/untitled folder 3/ecommerce_platform/venv/lib/python3.11/site-packages/airflow/example_dags/example_nested_branch_dag.py took 0.061 seconds
[2026-03-18T07:30:19.424+0530] {processor.py:161} INFO - Started process (PID=4472) to work on /Users/vybhavswaroop/Desktop/untitled folder 3/ecommerce_platform/venv/lib/python3.11/site-packages/airflow/example_dags/example_nested_branch_dag.py
[2026-03-18T07:30:19.424+0530] {processor.py:830} INFO - Processing file /Users/vybhavswaroop/Desktop/untitled folder 3/ecommerce_platform/venv/lib/python3.11/site-packages/airflow/example_dags/example_nested_branch_dag.py for tasks to queue
[2026-03-18T07:30:19.424+0530] {logging_mixin.py:188} INFO - [2026-03-18T07:30:19.424+0530] {dagbag.py:540} INFO - Filling up the DagBag from /Users/vybhavswaroop/Desktop/untitled folder 3/ecommerce_platform/venv/lib/python3.11/site-packages/airflow/example_dags/example_nested_branch_dag.py
[2026-03-18T07:30:19.438+0530] {processor.py:840} INFO - DAG(s) 'example_nested_branch_dag' retrieved from /Users/vybhavswaroop/Desktop/untitled folder 3/ecommerce_platform/venv/lib/python3.11/site-packages/airflow/example_dags/example_nested_branch_dag.py
[2026-03-18T07:30:19.472+0530] {logging_mixin.py:188} INFO - [2026-03-18T07:30:19.472+0530] {dag.py:3047} INFO - Sync 1 DAGs
[2026-03-18T07:30:19.477+0530] {logging_mixin.py:188} INFO - [2026-03-18T07:30:19.477+0530] {dag.py:3834} INFO - Setting next_dagrun for example_nested_branch_dag to 2026-03-17 00:00:00+00:00, run_after=2026-03-18 00:00:00+00:00
[2026-03-18T07:30:19.483+0530] {processor.py:183} INFO - Processing /Users/vybhavswaroop/Desktop/untitled folder 3/ecommerce_platform/venv/lib/python3.11/site-packages/airflow/example_dags/example_nested_branch_dag.py took 0.060 seconds
[2026-03-18T07:33:06.278+0530] {processor.py:161} INFO - Started process (PID=4963) to work on /Users/vybhavswaroop/Desktop/untitled folder 3/ecommerce_platform/venv/lib/python3.11/site-packages/airflow/example_dags/example_nested_branch_dag.py
[2026-03-18T07:33:06.278+0530] {processor.py:830} INFO - Processing file /Users/vybhavswaroop/Desktop/untitled folder 3/ecommerce_platform/venv/lib/python3.11/site-packages/airflow/example_dags/example_nested_branch_dag.py for tasks to queue
[2026-03-18T07:33:06.278+0530] {logging_mixin.py:188} INFO - [2026-03-18T07:33:06.278+0530] {dagbag.py:540} INFO - Filling up the DagBag from /Users/vybhavswaroop/Desktop/untitled folder 3/ecommerce_platform/venv/lib/python3.11/site-packages/airflow/example_dags/example_nested_branch_dag.py
[2026-03-18T07:33:06.292+0530] {processor.py:840} INFO - DAG(s) 'example_nested_branch_dag' retrieved from /Users/vybhavswaroop/Desktop/untitled folder 3/ecommerce_platform/venv/lib/python3.11/site-packages/airflow/example_dags/example_nested_branch_dag.py
[2026-03-18T07:33:06.326+0530] {logging_mixin.py:188} INFO - [2026-03-18T07:33:06.326+0530] {dag.py:3047} INFO - Sync 1 DAGs
[2026-03-18T07:33:06.331+0530] {logging_mixin.py:188} INFO - [2026-03-18T07:33:06.331+0530] {dag.py:3834} INFO - Setting next_dagrun for example_nested_branch_dag to 2026-03-17 00:00:00+00:00, run_after=2026-03-18 00:00:00+00:00
[2026-03-18T07:33:06.338+0530] {processor.py:183} INFO - Processing /Users/vybhavswaroop/Desktop/untitled folder 3/ecommerce_platform/venv/lib/python3.11/site-packages/airflow/example_dags/example_nested_branch_dag.py took 0.060 seconds
[2026-03-18T07:36:08.498+0530] {processor.py:161} INFO - Started process (PID=5548) to work on /Users/vybhavswaroop/Desktop/untitled folder 3/ecommerce_platform/venv/lib/python3.11/site-packages/airflow/example_dags/example_nested_branch_dag.py
[2026-03-18T07:36:08.500+0530] {processor.py:830} INFO - Processing file /Users/vybhavswaroop/Desktop/untitled folder 3/ecommerce_platform/venv/lib/python3.11/site-packages/airflow/example_dags/example_nested_branch_dag.py for tasks to queue
[2026-03-18T07:36:08.500+0530] {logging_mixin.py:188} INFO - [2026-03-18T07:36:08.500+0530] {dagbag.py:540} INFO - Filling up the DagBag from /Users/vybhavswaroop/Desktop/untitled folder 3/ecommerce_platform/venv/lib/python3.11/site-packages/airflow/example_dags/example_nested_branch_dag.py
[2026-03-18T07:36:08.513+0530] {processor.py:840} INFO - DAG(s) 'example_nested_branch_dag' retrieved from /Users/vybhavswaroop/Desktop/untitled folder 3/ecommerce_platform/venv/lib/python3.11/site-packages/airflow/example_dags/example_nested_branch_dag.py
[2026-03-18T07:36:08.547+0530] {logging_mixin.py:188} INFO - [2026-03-18T07:36:08.547+0530] {dag.py:3047} INFO - Sync 1 DAGs
[2026-03-18T07:36:08.552+0530] {logging_mixin.py:188} INFO - [2026-03-18T07:36:08.552+0530] {dag.py:3834} INFO - Setting next_dagrun for example_nested_branch_dag to 2026-03-17 00:00:00+00:00, run_after=2026-03-18 00:00:00+00:00
[2026-03-18T07:36:08.559+0530] {processor.py:183} INFO - Processing /Users/vybhavswaroop/Desktop/untitled folder 3/ecommerce_platform/venv/lib/python3.11/site-packages/airflow/example_dags/example_nested_branch_dag.py took 0.061 seconds
[2026-03-18T07:39:06.793+0530] {processor.py:161} INFO - Started process (PID=6123) to work on /Users/vybhavswaroop/Desktop/untitled folder 3/ecommerce_platform/venv/lib/python3.11/site-packages/airflow/example_dags/example_nested_branch_dag.py
[2026-03-18T07:39:06.794+0530] {processor.py:830} INFO - Processing file /Users/vybhavswaroop/Desktop/untitled folder 3/ecommerce_platform/venv/lib/python3.11/site-packages/airflow/example_dags/example_nested_branch_dag.py for tasks to queue
[2026-03-18T07:39:06.794+0530] {logging_mixin.py:188} INFO - [2026-03-18T07:39:06.794+0530] {dagbag.py:540} INFO - Filling up the DagBag from /Users/vybhavswaroop/Desktop/untitled folder 3/ecommerce_platform/venv/lib/python3.11/site-packages/airflow/example_dags/example_nested_branch_dag.py
[2026-03-18T07:39:06.808+0530] {processor.py:840} INFO - DAG(s) 'example_nested_branch_dag' retrieved from /Users/vybhavswaroop/Desktop/untitled folder 3/ecommerce_platform/venv/lib/python3.11/site-packages/airflow/example_dags/example_nested_branch_dag.py
[2026-03-18T07:39:06.841+0530] {logging_mixin.py:188} INFO - [2026-03-18T07:39:06.841+0530] {dag.py:3047} INFO - Sync 1 DAGs
[2026-03-18T07:39:06.846+0530] {logging_mixin.py:188} INFO - [2026-03-18T07:39:06.846+0530] {dag.py:3834} INFO - Setting next_dagrun for example_nested_branch_dag to 2026-03-17 00:00:00+00:00, run_after=2026-03-18 00:00:00+00:00
[2026-03-18T07:39:06.853+0530] {processor.py:183} INFO - Processing /Users/vybhavswaroop/Desktop/untitled folder 3/ecommerce_platform/venv/lib/python3.11/site-packages/airflow/example_dags/example_nested_branch_dag.py took 0.061 seconds
[2026-03-18T07:42:16.399+0530] {processor.py:161} INFO - Started process (PID=6832) to work on /Users/vybhavswaroop/Desktop/untitled folder 3/ecommerce_platform/venv/lib/python3.11/site-packages/airflow/example_dags/example_nested_branch_dag.py
[2026-03-18T07:42:16.400+0530] {processor.py:830} INFO - Processing file /Users/vybhavswaroop/Desktop/untitled folder 3/ecommerce_platform/venv/lib/python3.11/site-packages/airflow/example_dags/example_nested_branch_dag.py for tasks to queue
[2026-03-18T07:42:16.400+0530] {logging_mixin.py:188} INFO - [2026-03-18T07:42:16.400+0530] {dagbag.py:540} INFO - Filling up the DagBag from /Users/vybhavswaroop/Desktop/untitled folder 3/ecommerce_platform/venv/lib/python3.11/site-packages/airflow/example_dags/example_nested_branch_dag.py
[2026-03-18T07:42:16.414+0530] {processor.py:840} INFO - DAG(s) 'example_nested_branch_dag' retrieved from /Users/vybhavswaroop/Desktop/untitled folder 3/ecommerce_platform/venv/lib/python3.11/site-packages/airflow/example_dags/example_nested_branch_dag.py
[2026-03-18T07:42:16.448+0530] {logging_mixin.py:188} INFO - [2026-03-18T07:42:16.448+0530] {dag.py:3047} INFO - Sync 1 DAGs
[2026-03-18T07:42:16.454+0530] {logging_mixin.py:188} INFO - [2026-03-18T07:42:16.453+0530] {dag.py:3834} INFO - Setting next_dagrun for example_nested_branch_dag to 2026-03-17 00:00:00+00:00, run_after=2026-03-18 00:00:00+00:00
[2026-03-18T07:42:16.460+0530] {processor.py:183} INFO - Processing /Users/vybhavswaroop/Desktop/untitled folder 3/ecommerce_platform/venv/lib/python3.11/site-packages/airflow/example_dags/example_nested_branch_dag.py took 0.061 seconds
[2026-03-18T07:45:16.222+0530] {processor.py:161} INFO - Started process (PID=7458) to work on /Users/vybhavswaroop/Desktop/untitled folder 3/ecommerce_platform/venv/lib/python3.11/site-packages/airflow/example_dags/example_nested_branch_dag.py
[2026-03-18T07:45:16.224+0530] {processor.py:830} INFO - Processing file /Users/vybhavswaroop/Desktop/untitled folder 3/ecommerce_platform/venv/lib/python3.11/site-packages/airflow/example_dags/example_nested_branch_dag.py for tasks to queue
[2026-03-18T07:45:16.224+0530] {logging_mixin.py:188} INFO - [2026-03-18T07:45:16.224+0530] {dagbag.py:540} INFO - Filling up the DagBag from /Users/vybhavswaroop/Desktop/untitled folder 3/ecommerce_platform/venv/lib/python3.11/site-packages/airflow/example_dags/example_nested_branch_dag.py
[2026-03-18T07:45:16.237+0530] {processor.py:840} INFO - DAG(s) 'example_nested_branch_dag' retrieved from /Users/vybhavswaroop/Desktop/untitled folder 3/ecommerce_platform/venv/lib/python3.11/site-packages/airflow/example_dags/example_nested_branch_dag.py
[2026-03-18T07:45:16.272+0530] {logging_mixin.py:188} INFO - [2026-03-18T07:45:16.271+0530] {dag.py:3047} INFO - Sync 1 DAGs
[2026-03-18T07:45:16.277+0530] {logging_mixin.py:188} INFO - [2026-03-18T07:45:16.277+0530] {dag.py:3834} INFO - Setting next_dagrun for example_nested_branch_dag to 2026-03-17 00:00:00+00:00, run_after=2026-03-18 00:00:00+00:00
[2026-03-18T07:45:16.282+0530] {processor.py:183} INFO - Processing /Users/vybhavswaroop/Desktop/untitled folder 3/ecommerce_platform/venv/lib/python3.11/site-packages/airflow/example_dags/example_nested_branch_dag.py took 0.060 seconds
[2026-03-18T07:48:00.587+0530] {processor.py:161} INFO - Started process (PID=8052) to work on /Users/vybhavswaroop/Desktop/untitled folder 3/ecommerce_platform/venv/lib/python3.11/site-packages/airflow/example_dags/example_nested_branch_dag.py
[2026-03-18T07:48:00.589+0530] {processor.py:830} INFO - Processing file /Users/vybhavswaroop/Desktop/untitled folder 3/ecommerce_platform/venv/lib/python3.11/site-packages/airflow/example_dags/example_nested_branch_dag.py for tasks to queue
[2026-03-18T07:48:00.589+0530] {logging_mixin.py:188} INFO - [2026-03-18T07:48:00.589+0530] {dagbag.py:540} INFO - Filling up the DagBag from /Users/vybhavswaroop/Desktop/untitled folder 3/ecommerce_platform/venv/lib/python3.11/site-packages/airflow/example_dags/example_nested_branch_dag.py
[2026-03-18T07:48:00.604+0530] {processor.py:840} INFO - DAG(s) 'example_nested_branch_dag' retrieved from /Users/vybhavswaroop/Desktop/untitled folder 3/ecommerce_platform/venv/lib/python3.11/site-packages/airflow/example_dags/example_nested_branch_dag.py
[2026-03-18T07:48:00.640+0530] {logging_mixin.py:188} INFO - [2026-03-18T07:48:00.640+0530] {dag.py:3047} INFO - Sync 1 DAGs
[2026-03-18T07:48:00.646+0530] {logging_mixin.py:188} INFO - [2026-03-18T07:48:00.645+0530] {dag.py:3834} INFO - Setting next_dagrun for example_nested_branch_dag to 2026-03-17 00:00:00+00:00, run_after=2026-03-18 00:00:00+00:00
[2026-03-18T07:48:00.651+0530] {processor.py:183} INFO - Processing /Users/vybhavswaroop/Desktop/untitled folder 3/ecommerce_platform/venv/lib/python3.11/site-packages/airflow/example_dags/example_nested_branch_dag.py took 0.065 seconds
[2026-03-18T07:50:53.627+0530] {processor.py:161} INFO - Started process (PID=8961) to work on /Users/vybhavswaroop/Desktop/untitled folder 3/ecommerce_platform/venv/lib/python3.11/site-packages/airflow/example_dags/example_nested_branch_dag.py
[2026-03-18T07:50:53.627+0530] {processor.py:830} INFO - Processing file /Users/vybhavswaroop/Desktop/untitled folder 3/ecommerce_platform/venv/lib/python3.11/site-packages/airflow/example_dags/example_nested_branch_dag.py for tasks to queue
[2026-03-18T07:50:53.628+0530] {logging_mixin.py:188} INFO - [2026-03-18T07:50:53.628+0530] {dagbag.py:540} INFO - Filling up the DagBag from /Users/vybhavswaroop/Desktop/untitled folder 3/ecommerce_platform/venv/lib/python3.11/site-packages/airflow/example_dags/example_nested_branch_dag.py
[2026-03-18T07:50:53.642+0530] {processor.py:840} INFO - DAG(s) 'example_nested_branch_dag' retrieved from /Users/vybhavswaroop/Desktop/untitled folder 3/ecommerce_platform/venv/lib/python3.11/site-packages/airflow/example_dags/example_nested_branch_dag.py
[2026-03-18T07:50:53.679+0530] {logging_mixin.py:188} INFO - [2026-03-18T07:50:53.679+0530] {dag.py:3047} INFO - Sync 1 DAGs
[2026-03-18T07:50:53.685+0530] {logging_mixin.py:188} INFO - [2026-03-18T07:50:53.685+0530] {dag.py:3834} INFO - Setting next_dagrun for example_nested_branch_dag to 2026-03-17 00:00:00+00:00, run_after=2026-03-18 00:00:00+00:00
[2026-03-18T07:50:53.691+0530] {processor.py:183} INFO - Processing /Users/vybhavswaroop/Desktop/untitled folder 3/ecommerce_platform/venv/lib/python3.11/site-packages/airflow/example_dags/example_nested_branch_dag.py took 0.064 seconds
[2026-03-18T07:53:56.410+0530] {processor.py:161} INFO - Started process (PID=10908) to work on /Users/vybhavswaroop/Desktop/untitled folder 3/ecommerce_platform/venv/lib/python3.11/site-packages/airflow/example_dags/example_nested_branch_dag.py
[2026-03-18T07:53:56.411+0530] {processor.py:830} INFO - Processing file /Users/vybhavswaroop/Desktop/untitled folder 3/ecommerce_platform/venv/lib/python3.11/site-packages/airflow/example_dags/example_nested_branch_dag.py for tasks to queue
[2026-03-18T07:53:56.412+0530] {logging_mixin.py:188} INFO - [2026-03-18T07:53:56.412+0530] {dagbag.py:540} INFO - Filling up the DagBag from /Users/vybhavswaroop/Desktop/untitled folder 3/ecommerce_platform/venv/lib/python3.11/site-packages/airflow/example_dags/example_nested_branch_dag.py
[2026-03-18T07:53:56.426+0530] {processor.py:840} INFO - DAG(s) 'example_nested_branch_dag' retrieved from /Users/vybhavswaroop/Desktop/untitled folder 3/ecommerce_platform/venv/lib/python3.11/site-packages/airflow/example_dags/example_nested_branch_dag.py
[2026-03-18T07:53:56.487+0530] {logging_mixin.py:188} INFO - [2026-03-18T07:53:56.487+0530] {dag.py:3047} INFO - Sync 1 DAGs
[2026-03-18T07:53:56.492+0530] {logging_mixin.py:188} INFO - [2026-03-18T07:53:56.492+0530] {dag.py:3834} INFO - Setting next_dagrun for example_nested_branch_dag to 2026-03-17 00:00:00+00:00, run_after=2026-03-18 00:00:00+00:00
[2026-03-18T07:53:56.498+0530] {processor.py:183} INFO - Processing /Users/vybhavswaroop/Desktop/untitled folder 3/ecommerce_platform/venv/lib/python3.11/site-packages/airflow/example_dags/example_nested_branch_dag.py took 0.088 seconds
[2026-03-18T07:56:00.344+0530] {processor.py:161} INFO - Started process (PID=11270) to work on /Users/vybhavswaroop/Desktop/untitled folder 3/ecommerce_platform/venv/lib/python3.11/site-packages/airflow/example_dags/example_nested_branch_dag.py
[2026-03-18T07:56:00.346+0530] {processor.py:830} INFO - Processing file /Users/vybhavswaroop/Desktop/untitled folder 3/ecommerce_platform/venv/lib/python3.11/site-packages/airflow/example_dags/example_nested_branch_dag.py for tasks to queue
[2026-03-18T07:56:00.346+0530] {logging_mixin.py:188} INFO - [2026-03-18T07:56:00.346+0530] {dagbag.py:540} INFO - Filling up the DagBag from /Users/vybhavswaroop/Desktop/untitled folder 3/ecommerce_platform/venv/lib/python3.11/site-packages/airflow/example_dags/example_nested_branch_dag.py
[2026-03-18T07:56:00.359+0530] {processor.py:840} INFO - DAG(s) 'example_nested_branch_dag' retrieved from /Users/vybhavswaroop/Desktop/untitled folder 3/ecommerce_platform/venv/lib/python3.11/site-packages/airflow/example_dags/example_nested_branch_dag.py
[2026-03-18T07:56:00.393+0530] {logging_mixin.py:188} INFO - [2026-03-18T07:56:00.393+0530] {dag.py:3047} INFO - Sync 1 DAGs
[2026-03-18T07:56:00.398+0530] {logging_mixin.py:188} INFO - [2026-03-18T07:56:00.398+0530] {dag.py:3834} INFO - Setting next_dagrun for example_nested_branch_dag to 2026-03-17 00:00:00+00:00, run_after=2026-03-18 00:00:00+00:00
[2026-03-18T07:56:00.404+0530] {processor.py:183} INFO - Processing /Users/vybhavswaroop/Desktop/untitled folder 3/ecommerce_platform/venv/lib/python3.11/site-packages/airflow/example_dags/example_nested_branch_dag.py took 0.059 seconds
[2026-03-18T07:58:52.666+0530] {processor.py:161} INFO - Started process (PID=11776) to work on /Users/vybhavswaroop/Desktop/untitled folder 3/ecommerce_platform/venv/lib/python3.11/site-packages/airflow/example_dags/example_nested_branch_dag.py
[2026-03-18T07:58:52.667+0530] {processor.py:830} INFO - Processing file /Users/vybhavswaroop/Desktop/untitled folder 3/ecommerce_platform/venv/lib/python3.11/site-packages/airflow/example_dags/example_nested_branch_dag.py for tasks to queue
[2026-03-18T07:58:52.667+0530] {logging_mixin.py:188} INFO - [2026-03-18T07:58:52.667+0530] {dagbag.py:540} INFO - Filling up the DagBag from /Users/vybhavswaroop/Desktop/untitled folder 3/ecommerce_platform/venv/lib/python3.11/site-packages/airflow/example_dags/example_nested_branch_dag.py
[2026-03-18T07:58:52.681+0530] {processor.py:840} INFO - DAG(s) 'example_nested_branch_dag' retrieved from /Users/vybhavswaroop/Desktop/untitled folder 3/ecommerce_platform/venv/lib/python3.11/site-packages/airflow/example_dags/example_nested_branch_dag.py
[2026-03-18T07:58:52.716+0530] {logging_mixin.py:188} INFO - [2026-03-18T07:58:52.716+0530] {dag.py:3047} INFO - Sync 1 DAGs
[2026-03-18T07:58:52.721+0530] {logging_mixin.py:188} INFO - [2026-03-18T07:58:52.721+0530] {dag.py:3834} INFO - Setting next_dagrun for example_nested_branch_dag to 2026-03-17 00:00:00+00:00, run_after=2026-03-18 00:00:00+00:00
[2026-03-18T07:58:52.727+0530] {processor.py:183} INFO - Processing /Users/vybhavswaroop/Desktop/untitled folder 3/ecommerce_platform/venv/lib/python3.11/site-packages/airflow/example_dags/example_nested_branch_dag.py took 0.061 seconds
