[2026-03-18T06:16:59.625+0530] {processor.py:161} INFO - Started process (PID=97469) to work on /Users/vybhavswaroop/Desktop/untitled folder 3/ecommerce_platform/venv/lib/python3.11/site-packages/airflow/example_dags/example_task_group_decorator.py
[2026-03-18T06:16:59.626+0530] {processor.py:830} INFO - Processing file /Users/vybhavswaroop/Desktop/untitled folder 3/ecommerce_platform/venv/lib/python3.11/site-packages/airflow/example_dags/example_task_group_decorator.py for tasks to queue
[2026-03-18T06:16:59.626+0530] {logging_mixin.py:188} INFO - [2026-03-18T06:16:59.626+0530] {dagbag.py:540} INFO - Filling up the DagBag from /Users/vybhavswaroop/Desktop/untitled folder 3/ecommerce_platform/venv/lib/python3.11/site-packages/airflow/example_dags/example_task_group_decorator.py
[2026-03-18T06:16:59.641+0530] {processor.py:840} INFO - DAG(s) 'example_task_group_decorator' retrieved from /Users/vybhavswaroop/Desktop/untitled folder 3/ecommerce_platform/venv/lib/python3.11/site-packages/airflow/example_dags/example_task_group_decorator.py
[2026-03-18T06:16:59.679+0530] {logging_mixin.py:188} INFO - [2026-03-18T06:16:59.679+0530] {dag.py:3047} INFO - Sync 1 DAGs
[2026-03-18T06:16:59.684+0530] {logging_mixin.py:188} INFO - [2026-03-18T06:16:59.684+0530] {dag.py:3834} INFO - Setting next_dagrun for example_task_group_decorator to 2026-03-17 00:00:00+00:00, run_after=2026-03-18 00:00:00+00:00
[2026-03-18T06:16:59.692+0530] {processor.py:183} INFO - Processing /Users/vybhavswaroop/Desktop/untitled folder 3/ecommerce_platform/venv/lib/python3.11/site-packages/airflow/example_dags/example_task_group_decorator.py took 0.067 seconds
[2026-03-18T07:20:16.153+0530] {processor.py:161} INFO - Started process (PID=99920) to work on /Users/vybhavswaroop/Desktop/untitled folder 3/ecommerce_platform/venv/lib/python3.11/site-packages/airflow/example_dags/example_task_group_decorator.py
[2026-03-18T07:20:16.154+0530] {processor.py:830} INFO - Processing file /Users/vybhavswaroop/Desktop/untitled folder 3/ecommerce_platform/venv/lib/python3.11/site-packages/airflow/example_dags/example_task_group_decorator.py for tasks to queue
[2026-03-18T07:20:16.154+0530] {logging_mixin.py:188} INFO - [2026-03-18T07:20:16.154+0530] {dagbag.py:540} INFO - Filling up the DagBag from /Users/vybhavswaroop/Desktop/untitled folder 3/ecommerce_platform/venv/lib/python3.11/site-packages/airflow/example_dags/example_task_group_decorator.py
[2026-03-18T07:20:16.169+0530] {processor.py:840} INFO - DAG(s) 'example_task_group_decorator' retrieved from /Users/vybhavswaroop/Desktop/untitled folder 3/ecommerce_platform/venv/lib/python3.11/site-packages/airflow/example_dags/example_task_group_decorator.py
[2026-03-18T07:20:16.208+0530] {logging_mixin.py:188} INFO - [2026-03-18T07:20:16.207+0530] {dag.py:3047} INFO - Sync 1 DAGs
[2026-03-18T07:20:16.213+0530] {logging_mixin.py:188} INFO - [2026-03-18T07:20:16.213+0530] {dag.py:3834} INFO - Setting next_dagrun for example_task_group_decorator to 2026-03-17 00:00:00+00:00, run_after=2026-03-18 00:00:00+00:00
[2026-03-18T07:20:16.221+0530] {processor.py:183} INFO - Processing /Users/vybhavswaroop/Desktop/untitled folder 3/ecommerce_platform/venv/lib/python3.11/site-packages/airflow/example_dags/example_task_group_decorator.py took 0.068 seconds
[2026-03-18T07:21:12.282+0530] {processor.py:161} INFO - Started process (PID=1986) to work on /Users/vybhavswaroop/Desktop/untitled folder 3/ecommerce_platform/venv/lib/python3.11/site-packages/airflow/example_dags/example_task_group_decorator.py
[2026-03-18T07:21:12.283+0530] {processor.py:830} INFO - Processing file /Users/vybhavswaroop/Desktop/untitled folder 3/ecommerce_platform/venv/lib/python3.11/site-packages/airflow/example_dags/example_task_group_decorator.py for tasks to queue
[2026-03-18T07:21:12.283+0530] {logging_mixin.py:188} INFO - [2026-03-18T07:21:12.283+0530] {dagbag.py:540} INFO - Filling up the DagBag from /Users/vybhavswaroop/Desktop/untitled folder 3/ecommerce_platform/venv/lib/python3.11/site-packages/airflow/example_dags/example_task_group_decorator.py
[2026-03-18T07:21:12.298+0530] {processor.py:840} INFO - DAG(s) 'example_task_group_decorator' retrieved from /Users/vybhavswaroop/Desktop/untitled folder 3/ecommerce_platform/venv/lib/python3.11/site-packages/airflow/example_dags/example_task_group_decorator.py
[2026-03-18T07:21:12.335+0530] {logging_mixin.py:188} INFO - [2026-03-18T07:21:12.335+0530] {dag.py:3047} INFO - Sync 1 DAGs
[2026-03-18T07:21:12.340+0530] {logging_mixin.py:188} INFO - [2026-03-18T07:21:12.340+0530] {dag.py:3834} INFO - Setting next_dagrun for example_task_group_decorator to 2026-03-17 00:00:00+00:00, run_after=2026-03-18 00:00:00+00:00
[2026-03-18T07:21:12.347+0530] {processor.py:183} INFO - Processing /Users/vybhavswaroop/Desktop/untitled folder 3/ecommerce_platform/venv/lib/python3.11/site-packages/airflow/example_dags/example_task_group_decorator.py took 0.065 seconds
[2026-03-18T07:22:10.745+0530] {processor.py:161} INFO - Started process (PID=2971) to work on /Users/vybhavswaroop/Desktop/untitled folder 3/ecommerce_platform/venv/lib/python3.11/site-packages/airflow/example_dags/example_task_group_decorator.py
[2026-03-18T07:22:10.746+0530] {processor.py:830} INFO - Processing file /Users/vybhavswaroop/Desktop/untitled folder 3/ecommerce_platform/venv/lib/python3.11/site-packages/airflow/example_dags/example_task_group_decorator.py for tasks to queue
[2026-03-18T07:22:10.747+0530] {logging_mixin.py:188} INFO - [2026-03-18T07:22:10.747+0530] {dagbag.py:540} INFO - Filling up the DagBag from /Users/vybhavswaroop/Desktop/untitled folder 3/ecommerce_platform/venv/lib/python3.11/site-packages/airflow/example_dags/example_task_group_decorator.py
[2026-03-18T07:22:10.761+0530] {processor.py:840} INFO - DAG(s) 'example_task_group_decorator' retrieved from /Users/vybhavswaroop/Desktop/untitled folder 3/ecommerce_platform/venv/lib/python3.11/site-packages/airflow/example_dags/example_task_group_decorator.py
[2026-03-18T07:22:10.823+0530] {logging_mixin.py:188} INFO - [2026-03-18T07:22:10.823+0530] {dag.py:3047} INFO - Sync 1 DAGs
[2026-03-18T07:22:10.828+0530] {logging_mixin.py:188} INFO - [2026-03-18T07:22:10.828+0530] {dag.py:3834} INFO - Setting next_dagrun for example_task_group_decorator to 2026-03-17 00:00:00+00:00, run_after=2026-03-18 00:00:00+00:00
[2026-03-18T07:22:10.834+0530] {processor.py:183} INFO - Processing /Users/vybhavswaroop/Desktop/untitled folder 3/ecommerce_platform/venv/lib/python3.11/site-packages/airflow/example_dags/example_task_group_decorator.py took 0.090 seconds
[2026-03-18T07:24:10.841+0530] {processor.py:161} INFO - Started process (PID=3383) to work on /Users/vybhavswaroop/Desktop/untitled folder 3/ecommerce_platform/venv/lib/python3.11/site-packages/airflow/example_dags/example_task_group_decorator.py
[2026-03-18T07:24:10.842+0530] {processor.py:830} INFO - Processing file /Users/vybhavswaroop/Desktop/untitled folder 3/ecommerce_platform/venv/lib/python3.11/site-packages/airflow/example_dags/example_task_group_decorator.py for tasks to queue
[2026-03-18T07:24:10.842+0530] {logging_mixin.py:188} INFO - [2026-03-18T07:24:10.842+0530] {dagbag.py:540} INFO - Filling up the DagBag from /Users/vybhavswaroop/Desktop/untitled folder 3/ecommerce_platform/venv/lib/python3.11/site-packages/airflow/example_dags/example_task_group_decorator.py
[2026-03-18T07:24:10.856+0530] {processor.py:840} INFO - DAG(s) 'example_task_group_decorator' retrieved from /Users/vybhavswaroop/Desktop/untitled folder 3/ecommerce_platform/venv/lib/python3.11/site-packages/airflow/example_dags/example_task_group_decorator.py
[2026-03-18T07:24:10.893+0530] {logging_mixin.py:188} INFO - [2026-03-18T07:24:10.893+0530] {dag.py:3047} INFO - Sync 1 DAGs
[2026-03-18T07:24:10.898+0530] {logging_mixin.py:188} INFO - [2026-03-18T07:24:10.898+0530] {dag.py:3834} INFO - Setting next_dagrun for example_task_group_decorator to 2026-03-17 00:00:00+00:00, run_after=2026-03-18 00:00:00+00:00
[2026-03-18T07:24:10.905+0530] {processor.py:183} INFO - Processing /Users/vybhavswaroop/Desktop/untitled folder 3/ecommerce_platform/venv/lib/python3.11/site-packages/airflow/example_dags/example_task_group_decorator.py took 0.064 seconds
[2026-03-18T07:25:37.223+0530] {processor.py:161} INFO - Started process (PID=3636) to work on /Users/vybhavswaroop/Desktop/untitled folder 3/ecommerce_platform/venv/lib/python3.11/site-packages/airflow/example_dags/example_task_group_decorator.py
[2026-03-18T07:25:37.223+0530] {processor.py:830} INFO - Processing file /Users/vybhavswaroop/Desktop/untitled folder 3/ecommerce_platform/venv/lib/python3.11/site-packages/airflow/example_dags/example_task_group_decorator.py for tasks to queue
[2026-03-18T07:25:37.224+0530] {logging_mixin.py:188} INFO - [2026-03-18T07:25:37.224+0530] {dagbag.py:540} INFO - Filling up the DagBag from /Users/vybhavswaroop/Desktop/untitled folder 3/ecommerce_platform/venv/lib/python3.11/site-packages/airflow/example_dags/example_task_group_decorator.py
[2026-03-18T07:25:37.239+0530] {processor.py:840} INFO - DAG(s) 'example_task_group_decorator' retrieved from /Users/vybhavswaroop/Desktop/untitled folder 3/ecommerce_platform/venv/lib/python3.11/site-packages/airflow/example_dags/example_task_group_decorator.py
[2026-03-18T07:25:37.275+0530] {logging_mixin.py:188} INFO - [2026-03-18T07:25:37.275+0530] {dag.py:3047} INFO - Sync 1 DAGs
[2026-03-18T07:25:37.280+0530] {logging_mixin.py:188} INFO - [2026-03-18T07:25:37.280+0530] {dag.py:3834} INFO - Setting next_dagrun for example_task_group_decorator to 2026-03-17 00:00:00+00:00, run_after=2026-03-18 00:00:00+00:00
[2026-03-18T07:25:37.287+0530] {processor.py:183} INFO - Processing /Users/vybhavswaroop/Desktop/untitled folder 3/ecommerce_platform/venv/lib/python3.11/site-packages/airflow/example_dags/example_task_group_decorator.py took 0.065 seconds
[2026-03-18T07:27:01.788+0530] {processor.py:161} INFO - Started process (PID=3887) to work on /Users/vybhavswaroop/Desktop/untitled folder 3/ecommerce_platform/venv/lib/python3.11/site-packages/airflow/example_dags/example_task_group_decorator.py
[2026-03-18T07:27:01.789+0530] {processor.py:830} INFO - Processing file /Users/vybhavswaroop/Desktop/untitled folder 3/ecommerce_platform/venv/lib/python3.11/site-packages/airflow/example_dags/example_task_group_decorator.py for tasks to queue
[2026-03-18T07:27:01.789+0530] {logging_mixin.py:188} INFO - [2026-03-18T07:27:01.789+0530] {dagbag.py:540} INFO - Filling up the DagBag from /Users/vybhavswaroop/Desktop/untitled folder 3/ecommerce_platform/venv/lib/python3.11/site-packages/airflow/example_dags/example_task_group_decorator.py
[2026-03-18T07:27:01.804+0530] {processor.py:840} INFO - DAG(s) 'example_task_group_decorator' retrieved from /Users/vybhavswaroop/Desktop/untitled folder 3/ecommerce_platform/venv/lib/python3.11/site-packages/airflow/example_dags/example_task_group_decorator.py
[2026-03-18T07:27:01.840+0530] {logging_mixin.py:188} INFO - [2026-03-18T07:27:01.840+0530] {dag.py:3047} INFO - Sync 1 DAGs
[2026-03-18T07:27:01.845+0530] {logging_mixin.py:188} INFO - [2026-03-18T07:27:01.845+0530] {dag.py:3834} INFO - Setting next_dagrun for example_task_group_decorator to 2026-03-17 00:00:00+00:00, run_after=2026-03-18 00:00:00+00:00
[2026-03-18T07:27:01.853+0530] {processor.py:183} INFO - Processing /Users/vybhavswaroop/Desktop/untitled folder 3/ecommerce_platform/venv/lib/python3.11/site-packages/airflow/example_dags/example_task_group_decorator.py took 0.064 seconds
[2026-03-18T07:28:24.144+0530] {processor.py:161} INFO - Started process (PID=4132) to work on /Users/vybhavswaroop/Desktop/untitled folder 3/ecommerce_platform/venv/lib/python3.11/site-packages/airflow/example_dags/example_task_group_decorator.py
[2026-03-18T07:28:24.144+0530] {processor.py:830} INFO - Processing file /Users/vybhavswaroop/Desktop/untitled folder 3/ecommerce_platform/venv/lib/python3.11/site-packages/airflow/example_dags/example_task_group_decorator.py for tasks to queue
[2026-03-18T07:28:24.144+0530] {logging_mixin.py:188} INFO - [2026-03-18T07:28:24.144+0530] {dagbag.py:540} INFO - Filling up the DagBag from /Users/vybhavswaroop/Desktop/untitled folder 3/ecommerce_platform/venv/lib/python3.11/site-packages/airflow/example_dags/example_task_group_decorator.py
[2026-03-18T07:28:24.158+0530] {processor.py:840} INFO - DAG(s) 'example_task_group_decorator' retrieved from /Users/vybhavswaroop/Desktop/untitled folder 3/ecommerce_platform/venv/lib/python3.11/site-packages/airflow/example_dags/example_task_group_decorator.py
[2026-03-18T07:28:24.193+0530] {logging_mixin.py:188} INFO - [2026-03-18T07:28:24.193+0530] {dag.py:3047} INFO - Sync 1 DAGs
[2026-03-18T07:28:24.198+0530] {logging_mixin.py:188} INFO - [2026-03-18T07:28:24.198+0530] {dag.py:3834} INFO - Setting next_dagrun for example_task_group_decorator to 2026-03-17 00:00:00+00:00, run_after=2026-03-18 00:00:00+00:00
[2026-03-18T07:28:24.205+0530] {processor.py:183} INFO - Processing /Users/vybhavswaroop/Desktop/untitled folder 3/ecommerce_platform/venv/lib/python3.11/site-packages/airflow/example_dags/example_task_group_decorator.py took 0.062 seconds
[2026-03-18T07:29:44.872+0530] {processor.py:161} INFO - Started process (PID=4371) to work on /Users/vybhavswaroop/Desktop/untitled folder 3/ecommerce_platform/venv/lib/python3.11/site-packages/airflow/example_dags/example_task_group_decorator.py
[2026-03-18T07:29:44.872+0530] {processor.py:830} INFO - Processing file /Users/vybhavswaroop/Desktop/untitled folder 3/ecommerce_platform/venv/lib/python3.11/site-packages/airflow/example_dags/example_task_group_decorator.py for tasks to queue
[2026-03-18T07:29:44.872+0530] {logging_mixin.py:188} INFO - [2026-03-18T07:29:44.872+0530] {dagbag.py:540} INFO - Filling up the DagBag from /Users/vybhavswaroop/Desktop/untitled folder 3/ecommerce_platform/venv/lib/python3.11/site-packages/airflow/example_dags/example_task_group_decorator.py
[2026-03-18T07:29:44.886+0530] {processor.py:840} INFO - DAG(s) 'example_task_group_decorator' retrieved from /Users/vybhavswaroop/Desktop/untitled folder 3/ecommerce_platform/venv/lib/python3.11/site-packages/airflow/example_dags/example_task_group_decorator.py
[2026-03-18T07:29:44.923+0530] {logging_mixin.py:188} INFO - [2026-03-18T07:29:44.923+0530] {dag.py:3047} INFO - Sync 1 DAGs
[2026-03-18T07:29:44.928+0530] {logging_mixin.py:188} INFO - [2026-03-18T07:29:44.928+0530] {dag.py:3834} INFO - Setting next_dagrun for example_task_group_decorator to 2026-03-17 00:00:00+00:00, run_after=2026-03-18 00:00:00+00:00
[2026-03-18T07:29:44.935+0530] {processor.py:183} INFO - Processing /Users/vybhavswaroop/Desktop/untitled folder 3/ecommerce_platform/venv/lib/python3.11/site-packages/airflow/example_dags/example_task_group_decorator.py took 0.063 seconds
[2026-03-18T07:31:06.135+0530] {processor.py:161} INFO - Started process (PID=4613) to work on /Users/vybhavswaroop/Desktop/untitled folder 3/ecommerce_platform/venv/lib/python3.11/site-packages/airflow/example_dags/example_task_group_decorator.py
[2026-03-18T07:31:06.136+0530] {processor.py:830} INFO - Processing file /Users/vybhavswaroop/Desktop/untitled folder 3/ecommerce_platform/venv/lib/python3.11/site-packages/airflow/example_dags/example_task_group_decorator.py for tasks to queue
[2026-03-18T07:31:06.136+0530] {logging_mixin.py:188} INFO - [2026-03-18T07:31:06.136+0530] {dagbag.py:540} INFO - Filling up the DagBag from /Users/vybhavswaroop/Desktop/untitled folder 3/ecommerce_platform/venv/lib/python3.11/site-packages/airflow/example_dags/example_task_group_decorator.py
[2026-03-18T07:31:06.151+0530] {processor.py:840} INFO - DAG(s) 'example_task_group_decorator' retrieved from /Users/vybhavswaroop/Desktop/untitled folder 3/ecommerce_platform/venv/lib/python3.11/site-packages/airflow/example_dags/example_task_group_decorator.py
[2026-03-18T07:31:06.188+0530] {logging_mixin.py:188} INFO - [2026-03-18T07:31:06.188+0530] {dag.py:3047} INFO - Sync 1 DAGs
[2026-03-18T07:31:06.193+0530] {logging_mixin.py:188} INFO - [2026-03-18T07:31:06.193+0530] {dag.py:3834} INFO - Setting next_dagrun for example_task_group_decorator to 2026-03-17 00:00:00+00:00, run_after=2026-03-18 00:00:00+00:00
[2026-03-18T07:31:06.199+0530] {processor.py:183} INFO - Processing /Users/vybhavswaroop/Desktop/untitled folder 3/ecommerce_platform/venv/lib/python3.11/site-packages/airflow/example_dags/example_task_group_decorator.py took 0.065 seconds
[2026-03-18T07:32:30.691+0530] {processor.py:161} INFO - Started process (PID=4862) to work on /Users/vybhavswaroop/Desktop/untitled folder 3/ecommerce_platform/venv/lib/python3.11/site-packages/airflow/example_dags/example_task_group_decorator.py
[2026-03-18T07:32:30.692+0530] {processor.py:830} INFO - Processing file /Users/vybhavswaroop/Desktop/untitled folder 3/ecommerce_platform/venv/lib/python3.11/site-packages/airflow/example_dags/example_task_group_decorator.py for tasks to queue
[2026-03-18T07:32:30.692+0530] {logging_mixin.py:188} INFO - [2026-03-18T07:32:30.692+0530] {dagbag.py:540} INFO - Filling up the DagBag from /Users/vybhavswaroop/Desktop/untitled folder 3/ecommerce_platform/venv/lib/python3.11/site-packages/airflow/example_dags/example_task_group_decorator.py
[2026-03-18T07:32:30.706+0530] {processor.py:840} INFO - DAG(s) 'example_task_group_decorator' retrieved from /Users/vybhavswaroop/Desktop/untitled folder 3/ecommerce_platform/venv/lib/python3.11/site-packages/airflow/example_dags/example_task_group_decorator.py
[2026-03-18T07:32:30.742+0530] {logging_mixin.py:188} INFO - [2026-03-18T07:32:30.742+0530] {dag.py:3047} INFO - Sync 1 DAGs
[2026-03-18T07:32:30.747+0530] {logging_mixin.py:188} INFO - [2026-03-18T07:32:30.747+0530] {dag.py:3834} INFO - Setting next_dagrun for example_task_group_decorator to 2026-03-17 00:00:00+00:00, run_after=2026-03-18 00:00:00+00:00
[2026-03-18T07:32:30.754+0530] {processor.py:183} INFO - Processing /Users/vybhavswaroop/Desktop/untitled folder 3/ecommerce_platform/venv/lib/python3.11/site-packages/airflow/example_dags/example_task_group_decorator.py took 0.063 seconds
[2026-03-18T07:33:54.503+0530] {processor.py:161} INFO - Started process (PID=5106) to work on /Users/vybhavswaroop/Desktop/untitled folder 3/ecommerce_platform/venv/lib/python3.11/site-packages/airflow/example_dags/example_task_group_decorator.py
[2026-03-18T07:33:54.504+0530] {processor.py:830} INFO - Processing file /Users/vybhavswaroop/Desktop/untitled folder 3/ecommerce_platform/venv/lib/python3.11/site-packages/airflow/example_dags/example_task_group_decorator.py for tasks to queue
[2026-03-18T07:33:54.504+0530] {logging_mixin.py:188} INFO - [2026-03-18T07:33:54.504+0530] {dagbag.py:540} INFO - Filling up the DagBag from /Users/vybhavswaroop/Desktop/untitled folder 3/ecommerce_platform/venv/lib/python3.11/site-packages/airflow/example_dags/example_task_group_decorator.py
[2026-03-18T07:33:54.518+0530] {processor.py:840} INFO - DAG(s) 'example_task_group_decorator' retrieved from /Users/vybhavswaroop/Desktop/untitled folder 3/ecommerce_platform/venv/lib/python3.11/site-packages/airflow/example_dags/example_task_group_decorator.py
[2026-03-18T07:33:54.554+0530] {logging_mixin.py:188} INFO - [2026-03-18T07:33:54.554+0530] {dag.py:3047} INFO - Sync 1 DAGs
[2026-03-18T07:33:54.559+0530] {logging_mixin.py:188} INFO - [2026-03-18T07:33:54.559+0530] {dag.py:3834} INFO - Setting next_dagrun for example_task_group_decorator to 2026-03-17 00:00:00+00:00, run_after=2026-03-18 00:00:00+00:00
[2026-03-18T07:33:54.566+0530] {processor.py:183} INFO - Processing /Users/vybhavswaroop/Desktop/untitled folder 3/ecommerce_platform/venv/lib/python3.11/site-packages/airflow/example_dags/example_task_group_decorator.py took 0.064 seconds
[2026-03-18T07:35:28.651+0530] {processor.py:161} INFO - Started process (PID=5432) to work on /Users/vybhavswaroop/Desktop/untitled folder 3/ecommerce_platform/venv/lib/python3.11/site-packages/airflow/example_dags/example_task_group_decorator.py
[2026-03-18T07:35:28.652+0530] {processor.py:830} INFO - Processing file /Users/vybhavswaroop/Desktop/untitled folder 3/ecommerce_platform/venv/lib/python3.11/site-packages/airflow/example_dags/example_task_group_decorator.py for tasks to queue
[2026-03-18T07:35:28.652+0530] {logging_mixin.py:188} INFO - [2026-03-18T07:35:28.652+0530] {dagbag.py:540} INFO - Filling up the DagBag from /Users/vybhavswaroop/Desktop/untitled folder 3/ecommerce_platform/venv/lib/python3.11/site-packages/airflow/example_dags/example_task_group_decorator.py
[2026-03-18T07:35:28.667+0530] {processor.py:840} INFO - DAG(s) 'example_task_group_decorator' retrieved from /Users/vybhavswaroop/Desktop/untitled folder 3/ecommerce_platform/venv/lib/python3.11/site-packages/airflow/example_dags/example_task_group_decorator.py
[2026-03-18T07:35:28.704+0530] {logging_mixin.py:188} INFO - [2026-03-18T07:35:28.703+0530] {dag.py:3047} INFO - Sync 1 DAGs
[2026-03-18T07:35:28.709+0530] {logging_mixin.py:188} INFO - [2026-03-18T07:35:28.709+0530] {dag.py:3834} INFO - Setting next_dagrun for example_task_group_decorator to 2026-03-17 00:00:00+00:00, run_after=2026-03-18 00:00:00+00:00
[2026-03-18T07:35:28.716+0530] {processor.py:183} INFO - Processing /Users/vybhavswaroop/Desktop/untitled folder 3/ecommerce_platform/venv/lib/python3.11/site-packages/airflow/example_dags/example_task_group_decorator.py took 0.065 seconds
[2026-03-18T07:37:00.376+0530] {processor.py:161} INFO - Started process (PID=5700) to work on /Users/vybhavswaroop/Desktop/untitled folder 3/ecommerce_platform/venv/lib/python3.11/site-packages/airflow/example_dags/example_task_group_decorator.py
[2026-03-18T07:37:00.377+0530] {processor.py:830} INFO - Processing file /Users/vybhavswaroop/Desktop/untitled folder 3/ecommerce_platform/venv/lib/python3.11/site-packages/airflow/example_dags/example_task_group_decorator.py for tasks to queue
[2026-03-18T07:37:00.377+0530] {logging_mixin.py:188} INFO - [2026-03-18T07:37:00.377+0530] {dagbag.py:540} INFO - Filling up the DagBag from /Users/vybhavswaroop/Desktop/untitled folder 3/ecommerce_platform/venv/lib/python3.11/site-packages/airflow/example_dags/example_task_group_decorator.py
[2026-03-18T07:37:00.391+0530] {processor.py:840} INFO - DAG(s) 'example_task_group_decorator' retrieved from /Users/vybhavswaroop/Desktop/untitled folder 3/ecommerce_platform/venv/lib/python3.11/site-packages/airflow/example_dags/example_task_group_decorator.py
[2026-03-18T07:37:00.428+0530] {logging_mixin.py:188} INFO - [2026-03-18T07:37:00.428+0530] {dag.py:3047} INFO - Sync 1 DAGs
[2026-03-18T07:37:00.435+0530] {logging_mixin.py:188} INFO - [2026-03-18T07:37:00.435+0530] {dag.py:3834} INFO - Setting next_dagrun for example_task_group_decorator to 2026-03-17 00:00:00+00:00, run_after=2026-03-18 00:00:00+00:00
[2026-03-18T07:37:00.443+0530] {processor.py:183} INFO - Processing /Users/vybhavswaroop/Desktop/untitled folder 3/ecommerce_platform/venv/lib/python3.11/site-packages/airflow/example_dags/example_task_group_decorator.py took 0.068 seconds
[2026-03-18T07:38:32.071+0530] {processor.py:161} INFO - Started process (PID=6023) to work on /Users/vybhavswaroop/Desktop/untitled folder 3/ecommerce_platform/venv/lib/python3.11/site-packages/airflow/example_dags/example_task_group_decorator.py
[2026-03-18T07:38:32.072+0530] {processor.py:830} INFO - Processing file /Users/vybhavswaroop/Desktop/untitled folder 3/ecommerce_platform/venv/lib/python3.11/site-packages/airflow/example_dags/example_task_group_decorator.py for tasks to queue
[2026-03-18T07:38:32.072+0530] {logging_mixin.py:188} INFO - [2026-03-18T07:38:32.072+0530] {dagbag.py:540} INFO - Filling up the DagBag from /Users/vybhavswaroop/Desktop/untitled folder 3/ecommerce_platform/venv/lib/python3.11/site-packages/airflow/example_dags/example_task_group_decorator.py
[2026-03-18T07:38:32.086+0530] {processor.py:840} INFO - DAG(s) 'example_task_group_decorator' retrieved from /Users/vybhavswaroop/Desktop/untitled folder 3/ecommerce_platform/venv/lib/python3.11/site-packages/airflow/example_dags/example_task_group_decorator.py
[2026-03-18T07:38:32.122+0530] {logging_mixin.py:188} INFO - [2026-03-18T07:38:32.122+0530] {dag.py:3047} INFO - Sync 1 DAGs
[2026-03-18T07:38:32.127+0530] {logging_mixin.py:188} INFO - [2026-03-18T07:38:32.127+0530] {dag.py:3834} INFO - Setting next_dagrun for example_task_group_decorator to 2026-03-17 00:00:00+00:00, run_after=2026-03-18 00:00:00+00:00
[2026-03-18T07:38:32.133+0530] {processor.py:183} INFO - Processing /Users/vybhavswaroop/Desktop/untitled folder 3/ecommerce_platform/venv/lib/python3.11/site-packages/airflow/example_dags/example_task_group_decorator.py took 0.063 seconds
[2026-03-18T07:39:56.787+0530] {processor.py:161} INFO - Started process (PID=6301) to work on /Users/vybhavswaroop/Desktop/untitled folder 3/ecommerce_platform/venv/lib/python3.11/site-packages/airflow/example_dags/example_task_group_decorator.py
[2026-03-18T07:39:56.788+0530] {processor.py:830} INFO - Processing file /Users/vybhavswaroop/Desktop/untitled folder 3/ecommerce_platform/venv/lib/python3.11/site-packages/airflow/example_dags/example_task_group_decorator.py for tasks to queue
[2026-03-18T07:39:56.788+0530] {logging_mixin.py:188} INFO - [2026-03-18T07:39:56.788+0530] {dagbag.py:540} INFO - Filling up the DagBag from /Users/vybhavswaroop/Desktop/untitled folder 3/ecommerce_platform/venv/lib/python3.11/site-packages/airflow/example_dags/example_task_group_decorator.py
[2026-03-18T07:39:56.803+0530] {processor.py:840} INFO - DAG(s) 'example_task_group_decorator' retrieved from /Users/vybhavswaroop/Desktop/untitled folder 3/ecommerce_platform/venv/lib/python3.11/site-packages/airflow/example_dags/example_task_group_decorator.py
[2026-03-18T07:39:56.840+0530] {logging_mixin.py:188} INFO - [2026-03-18T07:39:56.840+0530] {dag.py:3047} INFO - Sync 1 DAGs
[2026-03-18T07:39:56.845+0530] {logging_mixin.py:188} INFO - [2026-03-18T07:39:56.845+0530] {dag.py:3834} INFO - Setting next_dagrun for example_task_group_decorator to 2026-03-17 00:00:00+00:00, run_after=2026-03-18 00:00:00+00:00
[2026-03-18T07:39:56.853+0530] {processor.py:183} INFO - Processing /Users/vybhavswaroop/Desktop/untitled folder 3/ecommerce_platform/venv/lib/python3.11/site-packages/airflow/example_dags/example_task_group_decorator.py took 0.066 seconds
[2026-03-18T07:41:32.972+0530] {processor.py:161} INFO - Started process (PID=6658) to work on /Users/vybhavswaroop/Desktop/untitled folder 3/ecommerce_platform/venv/lib/python3.11/site-packages/airflow/example_dags/example_task_group_decorator.py
[2026-03-18T07:41:32.973+0530] {processor.py:830} INFO - Processing file /Users/vybhavswaroop/Desktop/untitled folder 3/ecommerce_platform/venv/lib/python3.11/site-packages/airflow/example_dags/example_task_group_decorator.py for tasks to queue
[2026-03-18T07:41:32.973+0530] {logging_mixin.py:188} INFO - [2026-03-18T07:41:32.973+0530] {dagbag.py:540} INFO - Filling up the DagBag from /Users/vybhavswaroop/Desktop/untitled folder 3/ecommerce_platform/venv/lib/python3.11/site-packages/airflow/example_dags/example_task_group_decorator.py
[2026-03-18T07:41:32.987+0530] {processor.py:840} INFO - DAG(s) 'example_task_group_decorator' retrieved from /Users/vybhavswaroop/Desktop/untitled folder 3/ecommerce_platform/venv/lib/python3.11/site-packages/airflow/example_dags/example_task_group_decorator.py
[2026-03-18T07:41:33.023+0530] {logging_mixin.py:188} INFO - [2026-03-18T07:41:33.023+0530] {dag.py:3047} INFO - Sync 1 DAGs
[2026-03-18T07:41:33.028+0530] {logging_mixin.py:188} INFO - [2026-03-18T07:41:33.028+0530] {dag.py:3834} INFO - Setting next_dagrun for example_task_group_decorator to 2026-03-17 00:00:00+00:00, run_after=2026-03-18 00:00:00+00:00
[2026-03-18T07:41:33.035+0530] {processor.py:183} INFO - Processing /Users/vybhavswaroop/Desktop/untitled folder 3/ecommerce_platform/venv/lib/python3.11/site-packages/airflow/example_dags/example_task_group_decorator.py took 0.063 seconds
[2026-03-18T07:43:10.757+0530] {processor.py:161} INFO - Started process (PID=7013) to work on /Users/vybhavswaroop/Desktop/untitled folder 3/ecommerce_platform/venv/lib/python3.11/site-packages/airflow/example_dags/example_task_group_decorator.py
[2026-03-18T07:43:10.759+0530] {processor.py:830} INFO - Processing file /Users/vybhavswaroop/Desktop/untitled folder 3/ecommerce_platform/venv/lib/python3.11/site-packages/airflow/example_dags/example_task_group_decorator.py for tasks to queue
[2026-03-18T07:43:10.759+0530] {logging_mixin.py:188} INFO - [2026-03-18T07:43:10.759+0530] {dagbag.py:540} INFO - Filling up the DagBag from /Users/vybhavswaroop/Desktop/untitled folder 3/ecommerce_platform/venv/lib/python3.11/site-packages/airflow/example_dags/example_task_group_decorator.py
[2026-03-18T07:43:10.774+0530] {processor.py:840} INFO - DAG(s) 'example_task_group_decorator' retrieved from /Users/vybhavswaroop/Desktop/untitled folder 3/ecommerce_platform/venv/lib/python3.11/site-packages/airflow/example_dags/example_task_group_decorator.py
[2026-03-18T07:43:10.809+0530] {logging_mixin.py:188} INFO - [2026-03-18T07:43:10.808+0530] {dag.py:3047} INFO - Sync 1 DAGs
[2026-03-18T07:43:10.813+0530] {logging_mixin.py:188} INFO - [2026-03-18T07:43:10.813+0530] {dag.py:3834} INFO - Setting next_dagrun for example_task_group_decorator to 2026-03-17 00:00:00+00:00, run_after=2026-03-18 00:00:00+00:00
[2026-03-18T07:43:10.820+0530] {processor.py:183} INFO - Processing /Users/vybhavswaroop/Desktop/untitled folder 3/ecommerce_platform/venv/lib/python3.11/site-packages/airflow/example_dags/example_task_group_decorator.py took 0.063 seconds
[2026-03-18T07:44:43.812+0530] {processor.py:161} INFO - Started process (PID=7355) to work on /Users/vybhavswaroop/Desktop/untitled folder 3/ecommerce_platform/venv/lib/python3.11/site-packages/airflow/example_dags/example_task_group_decorator.py
[2026-03-18T07:44:43.814+0530] {processor.py:830} INFO - Processing file /Users/vybhavswaroop/Desktop/untitled folder 3/ecommerce_platform/venv/lib/python3.11/site-packages/airflow/example_dags/example_task_group_decorator.py for tasks to queue
[2026-03-18T07:44:43.815+0530] {logging_mixin.py:188} INFO - [2026-03-18T07:44:43.814+0530] {dagbag.py:540} INFO - Filling up the DagBag from /Users/vybhavswaroop/Desktop/untitled folder 3/ecommerce_platform/venv/lib/python3.11/site-packages/airflow/example_dags/example_task_group_decorator.py
[2026-03-18T07:44:43.829+0530] {processor.py:840} INFO - DAG(s) 'example_task_group_decorator' retrieved from /Users/vybhavswaroop/Desktop/untitled folder 3/ecommerce_platform/venv/lib/python3.11/site-packages/airflow/example_dags/example_task_group_decorator.py
[2026-03-18T07:44:43.867+0530] {logging_mixin.py:188} INFO - [2026-03-18T07:44:43.866+0530] {dag.py:3047} INFO - Sync 1 DAGs
[2026-03-18T07:44:43.872+0530] {logging_mixin.py:188} INFO - [2026-03-18T07:44:43.872+0530] {dag.py:3834} INFO - Setting next_dagrun for example_task_group_decorator to 2026-03-17 00:00:00+00:00, run_after=2026-03-18 00:00:00+00:00
[2026-03-18T07:44:43.878+0530] {processor.py:183} INFO - Processing /Users/vybhavswaroop/Desktop/untitled folder 3/ecommerce_platform/venv/lib/python3.11/site-packages/airflow/example_dags/example_task_group_decorator.py took 0.066 seconds
[2026-03-18T07:46:06.441+0530] {processor.py:161} INFO - Started process (PID=7633) to work on /Users/vybhavswaroop/Desktop/untitled folder 3/ecommerce_platform/venv/lib/python3.11/site-packages/airflow/example_dags/example_task_group_decorator.py
[2026-03-18T07:46:06.443+0530] {processor.py:830} INFO - Processing file /Users/vybhavswaroop/Desktop/untitled folder 3/ecommerce_platform/venv/lib/python3.11/site-packages/airflow/example_dags/example_task_group_decorator.py for tasks to queue
[2026-03-18T07:46:06.443+0530] {logging_mixin.py:188} INFO - [2026-03-18T07:46:06.443+0530] {dagbag.py:540} INFO - Filling up the DagBag from /Users/vybhavswaroop/Desktop/untitled folder 3/ecommerce_platform/venv/lib/python3.11/site-packages/airflow/example_dags/example_task_group_decorator.py
[2026-03-18T07:46:06.458+0530] {processor.py:840} INFO - DAG(s) 'example_task_group_decorator' retrieved from /Users/vybhavswaroop/Desktop/untitled folder 3/ecommerce_platform/venv/lib/python3.11/site-packages/airflow/example_dags/example_task_group_decorator.py
[2026-03-18T07:46:06.494+0530] {logging_mixin.py:188} INFO - [2026-03-18T07:46:06.494+0530] {dag.py:3047} INFO - Sync 1 DAGs
[2026-03-18T07:46:06.499+0530] {logging_mixin.py:188} INFO - [2026-03-18T07:46:06.499+0530] {dag.py:3834} INFO - Setting next_dagrun for example_task_group_decorator to 2026-03-17 00:00:00+00:00, run_after=2026-03-18 00:00:00+00:00
[2026-03-18T07:46:06.504+0530] {processor.py:183} INFO - Processing /Users/vybhavswaroop/Desktop/untitled folder 3/ecommerce_platform/venv/lib/python3.11/site-packages/airflow/example_dags/example_task_group_decorator.py took 0.064 seconds
[2026-03-18T07:47:28.548+0530] {processor.py:161} INFO - Started process (PID=7920) to work on /Users/vybhavswaroop/Desktop/untitled folder 3/ecommerce_platform/venv/lib/python3.11/site-packages/airflow/example_dags/example_task_group_decorator.py
[2026-03-18T07:47:28.549+0530] {processor.py:830} INFO - Processing file /Users/vybhavswaroop/Desktop/untitled folder 3/ecommerce_platform/venv/lib/python3.11/site-packages/airflow/example_dags/example_task_group_decorator.py for tasks to queue
[2026-03-18T07:47:28.550+0530] {logging_mixin.py:188} INFO - [2026-03-18T07:47:28.550+0530] {dagbag.py:540} INFO - Filling up the DagBag from /Users/vybhavswaroop/Desktop/untitled folder 3/ecommerce_platform/venv/lib/python3.11/site-packages/airflow/example_dags/example_task_group_decorator.py
[2026-03-18T07:47:28.565+0530] {processor.py:840} INFO - DAG(s) 'example_task_group_decorator' retrieved from /Users/vybhavswaroop/Desktop/untitled folder 3/ecommerce_platform/venv/lib/python3.11/site-packages/airflow/example_dags/example_task_group_decorator.py
[2026-03-18T07:47:28.603+0530] {logging_mixin.py:188} INFO - [2026-03-18T07:47:28.603+0530] {dag.py:3047} INFO - Sync 1 DAGs
[2026-03-18T07:47:28.608+0530] {logging_mixin.py:188} INFO - [2026-03-18T07:47:28.608+0530] {dag.py:3834} INFO - Setting next_dagrun for example_task_group_decorator to 2026-03-17 00:00:00+00:00, run_after=2026-03-18 00:00:00+00:00
[2026-03-18T07:47:28.614+0530] {processor.py:183} INFO - Processing /Users/vybhavswaroop/Desktop/untitled folder 3/ecommerce_platform/venv/lib/python3.11/site-packages/airflow/example_dags/example_task_group_decorator.py took 0.067 seconds
[2026-03-18T07:48:51.364+0530] {processor.py:161} INFO - Started process (PID=8255) to work on /Users/vybhavswaroop/Desktop/untitled folder 3/ecommerce_platform/venv/lib/python3.11/site-packages/airflow/example_dags/example_task_group_decorator.py
[2026-03-18T07:48:51.365+0530] {processor.py:830} INFO - Processing file /Users/vybhavswaroop/Desktop/untitled folder 3/ecommerce_platform/venv/lib/python3.11/site-packages/airflow/example_dags/example_task_group_decorator.py for tasks to queue
[2026-03-18T07:48:51.365+0530] {logging_mixin.py:188} INFO - [2026-03-18T07:48:51.365+0530] {dagbag.py:540} INFO - Filling up the DagBag from /Users/vybhavswaroop/Desktop/untitled folder 3/ecommerce_platform/venv/lib/python3.11/site-packages/airflow/example_dags/example_task_group_decorator.py
[2026-03-18T07:48:51.379+0530] {processor.py:840} INFO - DAG(s) 'example_task_group_decorator' retrieved from /Users/vybhavswaroop/Desktop/untitled folder 3/ecommerce_platform/venv/lib/python3.11/site-packages/airflow/example_dags/example_task_group_decorator.py
[2026-03-18T07:48:51.415+0530] {logging_mixin.py:188} INFO - [2026-03-18T07:48:51.415+0530] {dag.py:3047} INFO - Sync 1 DAGs
[2026-03-18T07:48:51.420+0530] {logging_mixin.py:188} INFO - [2026-03-18T07:48:51.420+0530] {dag.py:3834} INFO - Setting next_dagrun for example_task_group_decorator to 2026-03-17 00:00:00+00:00, run_after=2026-03-18 00:00:00+00:00
[2026-03-18T07:48:51.426+0530] {processor.py:183} INFO - Processing /Users/vybhavswaroop/Desktop/untitled folder 3/ecommerce_platform/venv/lib/python3.11/site-packages/airflow/example_dags/example_task_group_decorator.py took 0.062 seconds
[2026-03-18T07:50:17.885+0530] {processor.py:161} INFO - Started process (PID=8832) to work on /Users/vybhavswaroop/Desktop/untitled folder 3/ecommerce_platform/venv/lib/python3.11/site-packages/airflow/example_dags/example_task_group_decorator.py
[2026-03-18T07:50:17.886+0530] {processor.py:830} INFO - Processing file /Users/vybhavswaroop/Desktop/untitled folder 3/ecommerce_platform/venv/lib/python3.11/site-packages/airflow/example_dags/example_task_group_decorator.py for tasks to queue
[2026-03-18T07:50:17.886+0530] {logging_mixin.py:188} INFO - [2026-03-18T07:50:17.886+0530] {dagbag.py:540} INFO - Filling up the DagBag from /Users/vybhavswaroop/Desktop/untitled folder 3/ecommerce_platform/venv/lib/python3.11/site-packages/airflow/example_dags/example_task_group_decorator.py
[2026-03-18T07:50:17.901+0530] {processor.py:840} INFO - DAG(s) 'example_task_group_decorator' retrieved from /Users/vybhavswaroop/Desktop/untitled folder 3/ecommerce_platform/venv/lib/python3.11/site-packages/airflow/example_dags/example_task_group_decorator.py
[2026-03-18T07:50:17.937+0530] {logging_mixin.py:188} INFO - [2026-03-18T07:50:17.937+0530] {dag.py:3047} INFO - Sync 1 DAGs
[2026-03-18T07:50:17.942+0530] {logging_mixin.py:188} INFO - [2026-03-18T07:50:17.942+0530] {dag.py:3834} INFO - Setting next_dagrun for example_task_group_decorator to 2026-03-17 00:00:00+00:00, run_after=2026-03-18 00:00:00+00:00
[2026-03-18T07:50:17.948+0530] {processor.py:183} INFO - Processing /Users/vybhavswaroop/Desktop/untitled folder 3/ecommerce_platform/venv/lib/python3.11/site-packages/airflow/example_dags/example_task_group_decorator.py took 0.063 seconds
[2026-03-18T07:51:44.954+0530] {processor.py:161} INFO - Started process (PID=9674) to work on /Users/vybhavswaroop/Desktop/untitled folder 3/ecommerce_platform/venv/lib/python3.11/site-packages/airflow/example_dags/example_task_group_decorator.py
[2026-03-18T07:51:44.957+0530] {processor.py:830} INFO - Processing file /Users/vybhavswaroop/Desktop/untitled folder 3/ecommerce_platform/venv/lib/python3.11/site-packages/airflow/example_dags/example_task_group_decorator.py for tasks to queue
[2026-03-18T07:51:44.957+0530] {logging_mixin.py:188} INFO - [2026-03-18T07:51:44.957+0530] {dagbag.py:540} INFO - Filling up the DagBag from /Users/vybhavswaroop/Desktop/untitled folder 3/ecommerce_platform/venv/lib/python3.11/site-packages/airflow/example_dags/example_task_group_decorator.py
[2026-03-18T07:51:44.972+0530] {processor.py:840} INFO - DAG(s) 'example_task_group_decorator' retrieved from /Users/vybhavswaroop/Desktop/untitled folder 3/ecommerce_platform/venv/lib/python3.11/site-packages/airflow/example_dags/example_task_group_decorator.py
[2026-03-18T07:51:45.009+0530] {logging_mixin.py:188} INFO - [2026-03-18T07:51:45.009+0530] {dag.py:3047} INFO - Sync 1 DAGs
[2026-03-18T07:51:45.014+0530] {logging_mixin.py:188} INFO - [2026-03-18T07:51:45.014+0530] {dag.py:3834} INFO - Setting next_dagrun for example_task_group_decorator to 2026-03-17 00:00:00+00:00, run_after=2026-03-18 00:00:00+00:00
[2026-03-18T07:51:45.021+0530] {processor.py:183} INFO - Processing /Users/vybhavswaroop/Desktop/untitled folder 3/ecommerce_platform/venv/lib/python3.11/site-packages/airflow/example_dags/example_task_group_decorator.py took 0.067 seconds
[2026-03-18T07:53:15.145+0530] {processor.py:161} INFO - Started process (PID=10790) to work on /Users/vybhavswaroop/Desktop/untitled folder 3/ecommerce_platform/venv/lib/python3.11/site-packages/airflow/example_dags/example_task_group_decorator.py
[2026-03-18T07:53:15.147+0530] {processor.py:830} INFO - Processing file /Users/vybhavswaroop/Desktop/untitled folder 3/ecommerce_platform/venv/lib/python3.11/site-packages/airflow/example_dags/example_task_group_decorator.py for tasks to queue
[2026-03-18T07:53:15.148+0530] {logging_mixin.py:188} INFO - [2026-03-18T07:53:15.147+0530] {dagbag.py:540} INFO - Filling up the DagBag from /Users/vybhavswaroop/Desktop/untitled folder 3/ecommerce_platform/venv/lib/python3.11/site-packages/airflow/example_dags/example_task_group_decorator.py
[2026-03-18T07:53:15.162+0530] {processor.py:840} INFO - DAG(s) 'example_task_group_decorator' retrieved from /Users/vybhavswaroop/Desktop/untitled folder 3/ecommerce_platform/venv/lib/python3.11/site-packages/airflow/example_dags/example_task_group_decorator.py
[2026-03-18T07:53:15.224+0530] {logging_mixin.py:188} INFO - [2026-03-18T07:53:15.224+0530] {dag.py:3047} INFO - Sync 1 DAGs
[2026-03-18T07:53:15.229+0530] {logging_mixin.py:188} INFO - [2026-03-18T07:53:15.229+0530] {dag.py:3834} INFO - Setting next_dagrun for example_task_group_decorator to 2026-03-17 00:00:00+00:00, run_after=2026-03-18 00:00:00+00:00
[2026-03-18T07:53:15.235+0530] {processor.py:183} INFO - Processing /Users/vybhavswaroop/Desktop/untitled folder 3/ecommerce_platform/venv/lib/python3.11/site-packages/airflow/example_dags/example_task_group_decorator.py took 0.091 seconds
[2026-03-18T07:55:19.957+0530] {processor.py:161} INFO - Started process (PID=11157) to work on /Users/vybhavswaroop/Desktop/untitled folder 3/ecommerce_platform/venv/lib/python3.11/site-packages/airflow/example_dags/example_task_group_decorator.py
[2026-03-18T07:55:19.958+0530] {processor.py:830} INFO - Processing file /Users/vybhavswaroop/Desktop/untitled folder 3/ecommerce_platform/venv/lib/python3.11/site-packages/airflow/example_dags/example_task_group_decorator.py for tasks to queue
[2026-03-18T07:55:19.959+0530] {logging_mixin.py:188} INFO - [2026-03-18T07:55:19.959+0530] {dagbag.py:540} INFO - Filling up the DagBag from /Users/vybhavswaroop/Desktop/untitled folder 3/ecommerce_platform/venv/lib/python3.11/site-packages/airflow/example_dags/example_task_group_decorator.py
[2026-03-18T07:55:19.973+0530] {processor.py:840} INFO - DAG(s) 'example_task_group_decorator' retrieved from /Users/vybhavswaroop/Desktop/untitled folder 3/ecommerce_platform/venv/lib/python3.11/site-packages/airflow/example_dags/example_task_group_decorator.py
[2026-03-18T07:55:20.009+0530] {logging_mixin.py:188} INFO - [2026-03-18T07:55:20.009+0530] {dag.py:3047} INFO - Sync 1 DAGs
[2026-03-18T07:55:20.014+0530] {logging_mixin.py:188} INFO - [2026-03-18T07:55:20.014+0530] {dag.py:3834} INFO - Setting next_dagrun for example_task_group_decorator to 2026-03-17 00:00:00+00:00, run_after=2026-03-18 00:00:00+00:00
[2026-03-18T07:55:20.020+0530] {processor.py:183} INFO - Processing /Users/vybhavswaroop/Desktop/untitled folder 3/ecommerce_platform/venv/lib/python3.11/site-packages/airflow/example_dags/example_task_group_decorator.py took 0.063 seconds
[2026-03-18T07:56:51.755+0530] {processor.py:161} INFO - Started process (PID=11420) to work on /Users/vybhavswaroop/Desktop/untitled folder 3/ecommerce_platform/venv/lib/python3.11/site-packages/airflow/example_dags/example_task_group_decorator.py
[2026-03-18T07:56:51.756+0530] {processor.py:830} INFO - Processing file /Users/vybhavswaroop/Desktop/untitled folder 3/ecommerce_platform/venv/lib/python3.11/site-packages/airflow/example_dags/example_task_group_decorator.py for tasks to queue
[2026-03-18T07:56:51.756+0530] {logging_mixin.py:188} INFO - [2026-03-18T07:56:51.756+0530] {dagbag.py:540} INFO - Filling up the DagBag from /Users/vybhavswaroop/Desktop/untitled folder 3/ecommerce_platform/venv/lib/python3.11/site-packages/airflow/example_dags/example_task_group_decorator.py
[2026-03-18T07:56:51.770+0530] {processor.py:840} INFO - DAG(s) 'example_task_group_decorator' retrieved from /Users/vybhavswaroop/Desktop/untitled folder 3/ecommerce_platform/venv/lib/python3.11/site-packages/airflow/example_dags/example_task_group_decorator.py
[2026-03-18T07:56:51.806+0530] {logging_mixin.py:188} INFO - [2026-03-18T07:56:51.805+0530] {dag.py:3047} INFO - Sync 1 DAGs
[2026-03-18T07:56:51.810+0530] {logging_mixin.py:188} INFO - [2026-03-18T07:56:51.810+0530] {dag.py:3834} INFO - Setting next_dagrun for example_task_group_decorator to 2026-03-17 00:00:00+00:00, run_after=2026-03-18 00:00:00+00:00
[2026-03-18T07:56:51.816+0530] {processor.py:183} INFO - Processing /Users/vybhavswaroop/Desktop/untitled folder 3/ecommerce_platform/venv/lib/python3.11/site-packages/airflow/example_dags/example_task_group_decorator.py took 0.061 seconds
[2026-03-18T07:58:16.968+0530] {processor.py:161} INFO - Started process (PID=11666) to work on /Users/vybhavswaroop/Desktop/untitled folder 3/ecommerce_platform/venv/lib/python3.11/site-packages/airflow/example_dags/example_task_group_decorator.py
[2026-03-18T07:58:16.969+0530] {processor.py:830} INFO - Processing file /Users/vybhavswaroop/Desktop/untitled folder 3/ecommerce_platform/venv/lib/python3.11/site-packages/airflow/example_dags/example_task_group_decorator.py for tasks to queue
[2026-03-18T07:58:16.969+0530] {logging_mixin.py:188} INFO - [2026-03-18T07:58:16.969+0530] {dagbag.py:540} INFO - Filling up the DagBag from /Users/vybhavswaroop/Desktop/untitled folder 3/ecommerce_platform/venv/lib/python3.11/site-packages/airflow/example_dags/example_task_group_decorator.py
[2026-03-18T07:58:16.983+0530] {processor.py:840} INFO - DAG(s) 'example_task_group_decorator' retrieved from /Users/vybhavswaroop/Desktop/untitled folder 3/ecommerce_platform/venv/lib/python3.11/site-packages/airflow/example_dags/example_task_group_decorator.py
[2026-03-18T07:58:17.018+0530] {logging_mixin.py:188} INFO - [2026-03-18T07:58:17.018+0530] {dag.py:3047} INFO - Sync 1 DAGs
[2026-03-18T07:58:17.023+0530] {logging_mixin.py:188} INFO - [2026-03-18T07:58:17.023+0530] {dag.py:3834} INFO - Setting next_dagrun for example_task_group_decorator to 2026-03-17 00:00:00+00:00, run_after=2026-03-18 00:00:00+00:00
[2026-03-18T07:58:17.029+0530] {processor.py:183} INFO - Processing /Users/vybhavswaroop/Desktop/untitled folder 3/ecommerce_platform/venv/lib/python3.11/site-packages/airflow/example_dags/example_task_group_decorator.py took 0.061 seconds
