[2026-03-18T06:59:53.971+0530] {processor.py:161} INFO - Started process (PID=97830) to work on /Users/vybhavswaroop/Desktop/untitled folder 3/ecommerce_platform/venv/lib/python3.11/site-packages/airflow/example_dags/example_setup_teardown.py
[2026-03-18T06:59:53.971+0530] {processor.py:830} INFO - Processing file /Users/vybhavswaroop/Desktop/untitled folder 3/ecommerce_platform/venv/lib/python3.11/site-packages/airflow/example_dags/example_setup_teardown.py for tasks to queue
[2026-03-18T06:59:53.972+0530] {logging_mixin.py:188} INFO - [2026-03-18T06:59:53.972+0530] {dagbag.py:540} INFO - Filling up the DagBag from /Users/vybhavswaroop/Desktop/untitled folder 3/ecommerce_platform/venv/lib/python3.11/site-packages/airflow/example_dags/example_setup_teardown.py
[2026-03-18T06:59:53.975+0530] {processor.py:840} INFO - DAG(s) 'example_setup_teardown' retrieved from /Users/vybhavswaroop/Desktop/untitled folder 3/ecommerce_platform/venv/lib/python3.11/site-packages/airflow/example_dags/example_setup_teardown.py
[2026-03-18T06:59:54.019+0530] {logging_mixin.py:188} INFO - [2026-03-18T06:59:54.019+0530] {dag.py:3047} INFO - Sync 1 DAGs
[2026-03-18T06:59:54.027+0530] {logging_mixin.py:188} INFO - [2026-03-18T06:59:54.026+0530] {dag.py:3834} INFO - Setting next_dagrun for example_setup_teardown to 2026-03-17 00:00:00+00:00, run_after=2026-03-18 00:00:00+00:00
[2026-03-18T06:59:54.035+0530] {processor.py:183} INFO - Processing /Users/vybhavswaroop/Desktop/untitled folder 3/ecommerce_platform/venv/lib/python3.11/site-packages/airflow/example_dags/example_setup_teardown.py took 0.065 seconds
[2026-03-18T07:22:31.480+0530] {processor.py:161} INFO - Started process (PID=3069) to work on /Users/vybhavswaroop/Desktop/untitled folder 3/ecommerce_platform/venv/lib/python3.11/site-packages/airflow/example_dags/example_setup_teardown.py
[2026-03-18T07:22:31.481+0530] {processor.py:830} INFO - Processing file /Users/vybhavswaroop/Desktop/untitled folder 3/ecommerce_platform/venv/lib/python3.11/site-packages/airflow/example_dags/example_setup_teardown.py for tasks to queue
[2026-03-18T07:22:31.481+0530] {logging_mixin.py:188} INFO - [2026-03-18T07:22:31.481+0530] {dagbag.py:540} INFO - Filling up the DagBag from /Users/vybhavswaroop/Desktop/untitled folder 3/ecommerce_platform/venv/lib/python3.11/site-packages/airflow/example_dags/example_setup_teardown.py
[2026-03-18T07:22:31.484+0530] {processor.py:840} INFO - DAG(s) 'example_setup_teardown' retrieved from /Users/vybhavswaroop/Desktop/untitled folder 3/ecommerce_platform/venv/lib/python3.11/site-packages/airflow/example_dags/example_setup_teardown.py
[2026-03-18T07:22:31.548+0530] {logging_mixin.py:188} INFO - [2026-03-18T07:22:31.547+0530] {dag.py:3047} INFO - Sync 1 DAGs
[2026-03-18T07:22:31.552+0530] {logging_mixin.py:188} INFO - [2026-03-18T07:22:31.552+0530] {dag.py:3834} INFO - Setting next_dagrun for example_setup_teardown to 2026-03-17 00:00:00+00:00, run_after=2026-03-18 00:00:00+00:00
[2026-03-18T07:22:31.559+0530] {processor.py:183} INFO - Processing /Users/vybhavswaroop/Desktop/untitled folder 3/ecommerce_platform/venv/lib/python3.11/site-packages/airflow/example_dags/example_setup_teardown.py took 0.079 seconds
[2026-03-18T07:24:30.081+0530] {processor.py:161} INFO - Started process (PID=3437) to work on /Users/vybhavswaroop/Desktop/untitled folder 3/ecommerce_platform/venv/lib/python3.11/site-packages/airflow/example_dags/example_setup_teardown.py
[2026-03-18T07:24:30.082+0530] {processor.py:830} INFO - Processing file /Users/vybhavswaroop/Desktop/untitled folder 3/ecommerce_platform/venv/lib/python3.11/site-packages/airflow/example_dags/example_setup_teardown.py for tasks to queue
[2026-03-18T07:24:30.082+0530] {logging_mixin.py:188} INFO - [2026-03-18T07:24:30.082+0530] {dagbag.py:540} INFO - Filling up the DagBag from /Users/vybhavswaroop/Desktop/untitled folder 3/ecommerce_platform/venv/lib/python3.11/site-packages/airflow/example_dags/example_setup_teardown.py
[2026-03-18T07:24:30.085+0530] {processor.py:840} INFO - DAG(s) 'example_setup_teardown' retrieved from /Users/vybhavswaroop/Desktop/untitled folder 3/ecommerce_platform/venv/lib/python3.11/site-packages/airflow/example_dags/example_setup_teardown.py
[2026-03-18T07:24:30.123+0530] {logging_mixin.py:188} INFO - [2026-03-18T07:24:30.123+0530] {dag.py:3047} INFO - Sync 1 DAGs
[2026-03-18T07:24:30.129+0530] {logging_mixin.py:188} INFO - [2026-03-18T07:24:30.129+0530] {dag.py:3834} INFO - Setting next_dagrun for example_setup_teardown to 2026-03-17 00:00:00+00:00, run_after=2026-03-18 00:00:00+00:00
[2026-03-18T07:24:30.135+0530] {processor.py:183} INFO - Processing /Users/vybhavswaroop/Desktop/untitled folder 3/ecommerce_platform/venv/lib/python3.11/site-packages/airflow/example_dags/example_setup_teardown.py took 0.055 seconds
[2026-03-18T07:25:55.375+0530] {processor.py:161} INFO - Started process (PID=3691) to work on /Users/vybhavswaroop/Desktop/untitled folder 3/ecommerce_platform/venv/lib/python3.11/site-packages/airflow/example_dags/example_setup_teardown.py
[2026-03-18T07:25:55.376+0530] {processor.py:830} INFO - Processing file /Users/vybhavswaroop/Desktop/untitled folder 3/ecommerce_platform/venv/lib/python3.11/site-packages/airflow/example_dags/example_setup_teardown.py for tasks to queue
[2026-03-18T07:25:55.376+0530] {logging_mixin.py:188} INFO - [2026-03-18T07:25:55.376+0530] {dagbag.py:540} INFO - Filling up the DagBag from /Users/vybhavswaroop/Desktop/untitled folder 3/ecommerce_platform/venv/lib/python3.11/site-packages/airflow/example_dags/example_setup_teardown.py
[2026-03-18T07:25:55.379+0530] {processor.py:840} INFO - DAG(s) 'example_setup_teardown' retrieved from /Users/vybhavswaroop/Desktop/untitled folder 3/ecommerce_platform/venv/lib/python3.11/site-packages/airflow/example_dags/example_setup_teardown.py
[2026-03-18T07:25:55.415+0530] {logging_mixin.py:188} INFO - [2026-03-18T07:25:55.415+0530] {dag.py:3047} INFO - Sync 1 DAGs
[2026-03-18T07:25:55.420+0530] {logging_mixin.py:188} INFO - [2026-03-18T07:25:55.420+0530] {dag.py:3834} INFO - Setting next_dagrun for example_setup_teardown to 2026-03-17 00:00:00+00:00, run_after=2026-03-18 00:00:00+00:00
[2026-03-18T07:25:55.425+0530] {processor.py:183} INFO - Processing /Users/vybhavswaroop/Desktop/untitled folder 3/ecommerce_platform/venv/lib/python3.11/site-packages/airflow/example_dags/example_setup_teardown.py took 0.050 seconds
[2026-03-18T07:28:40.558+0530] {processor.py:161} INFO - Started process (PID=4179) to work on /Users/vybhavswaroop/Desktop/untitled folder 3/ecommerce_platform/venv/lib/python3.11/site-packages/airflow/example_dags/example_setup_teardown.py
[2026-03-18T07:28:40.559+0530] {processor.py:830} INFO - Processing file /Users/vybhavswaroop/Desktop/untitled folder 3/ecommerce_platform/venv/lib/python3.11/site-packages/airflow/example_dags/example_setup_teardown.py for tasks to queue
[2026-03-18T07:28:40.559+0530] {logging_mixin.py:188} INFO - [2026-03-18T07:28:40.559+0530] {dagbag.py:540} INFO - Filling up the DagBag from /Users/vybhavswaroop/Desktop/untitled folder 3/ecommerce_platform/venv/lib/python3.11/site-packages/airflow/example_dags/example_setup_teardown.py
[2026-03-18T07:28:40.561+0530] {processor.py:840} INFO - DAG(s) 'example_setup_teardown' retrieved from /Users/vybhavswaroop/Desktop/untitled folder 3/ecommerce_platform/venv/lib/python3.11/site-packages/airflow/example_dags/example_setup_teardown.py
[2026-03-18T07:28:40.597+0530] {logging_mixin.py:188} INFO - [2026-03-18T07:28:40.597+0530] {dag.py:3047} INFO - Sync 1 DAGs
[2026-03-18T07:28:40.602+0530] {logging_mixin.py:188} INFO - [2026-03-18T07:28:40.602+0530] {dag.py:3834} INFO - Setting next_dagrun for example_setup_teardown to 2026-03-17 00:00:00+00:00, run_after=2026-03-18 00:00:00+00:00
[2026-03-18T07:28:40.608+0530] {processor.py:183} INFO - Processing /Users/vybhavswaroop/Desktop/untitled folder 3/ecommerce_platform/venv/lib/python3.11/site-packages/airflow/example_dags/example_setup_teardown.py took 0.050 seconds
[2026-03-18T07:31:24.639+0530] {processor.py:161} INFO - Started process (PID=4666) to work on /Users/vybhavswaroop/Desktop/untitled folder 3/ecommerce_platform/venv/lib/python3.11/site-packages/airflow/example_dags/example_setup_teardown.py
[2026-03-18T07:31:24.639+0530] {processor.py:830} INFO - Processing file /Users/vybhavswaroop/Desktop/untitled folder 3/ecommerce_platform/venv/lib/python3.11/site-packages/airflow/example_dags/example_setup_teardown.py for tasks to queue
[2026-03-18T07:31:24.640+0530] {logging_mixin.py:188} INFO - [2026-03-18T07:31:24.640+0530] {dagbag.py:540} INFO - Filling up the DagBag from /Users/vybhavswaroop/Desktop/untitled folder 3/ecommerce_platform/venv/lib/python3.11/site-packages/airflow/example_dags/example_setup_teardown.py
[2026-03-18T07:31:24.642+0530] {processor.py:840} INFO - DAG(s) 'example_setup_teardown' retrieved from /Users/vybhavswaroop/Desktop/untitled folder 3/ecommerce_platform/venv/lib/python3.11/site-packages/airflow/example_dags/example_setup_teardown.py
[2026-03-18T07:31:24.677+0530] {logging_mixin.py:188} INFO - [2026-03-18T07:31:24.677+0530] {dag.py:3047} INFO - Sync 1 DAGs
[2026-03-18T07:31:24.683+0530] {logging_mixin.py:188} INFO - [2026-03-18T07:31:24.682+0530] {dag.py:3834} INFO - Setting next_dagrun for example_setup_teardown to 2026-03-17 00:00:00+00:00, run_after=2026-03-18 00:00:00+00:00
[2026-03-18T07:31:24.688+0530] {processor.py:183} INFO - Processing /Users/vybhavswaroop/Desktop/untitled folder 3/ecommerce_platform/venv/lib/python3.11/site-packages/airflow/example_dags/example_setup_teardown.py took 0.050 seconds
[2026-03-18T07:34:14.576+0530] {processor.py:161} INFO - Started process (PID=5170) to work on /Users/vybhavswaroop/Desktop/untitled folder 3/ecommerce_platform/venv/lib/python3.11/site-packages/airflow/example_dags/example_setup_teardown.py
[2026-03-18T07:34:14.577+0530] {processor.py:830} INFO - Processing file /Users/vybhavswaroop/Desktop/untitled folder 3/ecommerce_platform/venv/lib/python3.11/site-packages/airflow/example_dags/example_setup_teardown.py for tasks to queue
[2026-03-18T07:34:14.577+0530] {logging_mixin.py:188} INFO - [2026-03-18T07:34:14.577+0530] {dagbag.py:540} INFO - Filling up the DagBag from /Users/vybhavswaroop/Desktop/untitled folder 3/ecommerce_platform/venv/lib/python3.11/site-packages/airflow/example_dags/example_setup_teardown.py
[2026-03-18T07:34:14.580+0530] {processor.py:840} INFO - DAG(s) 'example_setup_teardown' retrieved from /Users/vybhavswaroop/Desktop/untitled folder 3/ecommerce_platform/venv/lib/python3.11/site-packages/airflow/example_dags/example_setup_teardown.py
[2026-03-18T07:34:14.617+0530] {logging_mixin.py:188} INFO - [2026-03-18T07:34:14.617+0530] {dag.py:3047} INFO - Sync 1 DAGs
[2026-03-18T07:34:14.623+0530] {logging_mixin.py:188} INFO - [2026-03-18T07:34:14.623+0530] {dag.py:3834} INFO - Setting next_dagrun for example_setup_teardown to 2026-03-17 00:00:00+00:00, run_after=2026-03-18 00:00:00+00:00
[2026-03-18T07:34:14.629+0530] {processor.py:183} INFO - Processing /Users/vybhavswaroop/Desktop/untitled folder 3/ecommerce_platform/venv/lib/python3.11/site-packages/airflow/example_dags/example_setup_teardown.py took 0.054 seconds
[2026-03-18T07:35:47.642+0530] {processor.py:161} INFO - Started process (PID=5487) to work on /Users/vybhavswaroop/Desktop/untitled folder 3/ecommerce_platform/venv/lib/python3.11/site-packages/airflow/example_dags/example_setup_teardown.py
[2026-03-18T07:35:47.643+0530] {processor.py:830} INFO - Processing file /Users/vybhavswaroop/Desktop/untitled folder 3/ecommerce_platform/venv/lib/python3.11/site-packages/airflow/example_dags/example_setup_teardown.py for tasks to queue
[2026-03-18T07:35:47.643+0530] {logging_mixin.py:188} INFO - [2026-03-18T07:35:47.643+0530] {dagbag.py:540} INFO - Filling up the DagBag from /Users/vybhavswaroop/Desktop/untitled folder 3/ecommerce_platform/venv/lib/python3.11/site-packages/airflow/example_dags/example_setup_teardown.py
[2026-03-18T07:35:47.646+0530] {processor.py:840} INFO - DAG(s) 'example_setup_teardown' retrieved from /Users/vybhavswaroop/Desktop/untitled folder 3/ecommerce_platform/venv/lib/python3.11/site-packages/airflow/example_dags/example_setup_teardown.py
[2026-03-18T07:35:47.682+0530] {logging_mixin.py:188} INFO - [2026-03-18T07:35:47.682+0530] {dag.py:3047} INFO - Sync 1 DAGs
[2026-03-18T07:35:47.687+0530] {logging_mixin.py:188} INFO - [2026-03-18T07:35:47.687+0530] {dag.py:3834} INFO - Setting next_dagrun for example_setup_teardown to 2026-03-17 00:00:00+00:00, run_after=2026-03-18 00:00:00+00:00
[2026-03-18T07:35:47.694+0530] {processor.py:183} INFO - Processing /Users/vybhavswaroop/Desktop/untitled folder 3/ecommerce_platform/venv/lib/python3.11/site-packages/airflow/example_dags/example_setup_teardown.py took 0.052 seconds
[2026-03-18T07:37:18.989+0530] {processor.py:161} INFO - Started process (PID=5758) to work on /Users/vybhavswaroop/Desktop/untitled folder 3/ecommerce_platform/venv/lib/python3.11/site-packages/airflow/example_dags/example_setup_teardown.py
[2026-03-18T07:37:18.990+0530] {processor.py:830} INFO - Processing file /Users/vybhavswaroop/Desktop/untitled folder 3/ecommerce_platform/venv/lib/python3.11/site-packages/airflow/example_dags/example_setup_teardown.py for tasks to queue
[2026-03-18T07:37:18.991+0530] {logging_mixin.py:188} INFO - [2026-03-18T07:37:18.990+0530] {dagbag.py:540} INFO - Filling up the DagBag from /Users/vybhavswaroop/Desktop/untitled folder 3/ecommerce_platform/venv/lib/python3.11/site-packages/airflow/example_dags/example_setup_teardown.py
[2026-03-18T07:37:18.994+0530] {processor.py:840} INFO - DAG(s) 'example_setup_teardown' retrieved from /Users/vybhavswaroop/Desktop/untitled folder 3/ecommerce_platform/venv/lib/python3.11/site-packages/airflow/example_dags/example_setup_teardown.py
[2026-03-18T07:37:19.029+0530] {logging_mixin.py:188} INFO - [2026-03-18T07:37:19.029+0530] {dag.py:3047} INFO - Sync 1 DAGs
[2026-03-18T07:37:19.035+0530] {logging_mixin.py:188} INFO - [2026-03-18T07:37:19.035+0530] {dag.py:3834} INFO - Setting next_dagrun for example_setup_teardown to 2026-03-17 00:00:00+00:00, run_after=2026-03-18 00:00:00+00:00
[2026-03-18T07:37:19.041+0530] {processor.py:183} INFO - Processing /Users/vybhavswaroop/Desktop/untitled folder 3/ecommerce_platform/venv/lib/python3.11/site-packages/airflow/example_dags/example_setup_teardown.py took 0.052 seconds
[2026-03-18T07:38:51.288+0530] {processor.py:161} INFO - Started process (PID=6078) to work on /Users/vybhavswaroop/Desktop/untitled folder 3/ecommerce_platform/venv/lib/python3.11/site-packages/airflow/example_dags/example_setup_teardown.py
[2026-03-18T07:38:51.289+0530] {processor.py:830} INFO - Processing file /Users/vybhavswaroop/Desktop/untitled folder 3/ecommerce_platform/venv/lib/python3.11/site-packages/airflow/example_dags/example_setup_teardown.py for tasks to queue
[2026-03-18T07:38:51.290+0530] {logging_mixin.py:188} INFO - [2026-03-18T07:38:51.290+0530] {dagbag.py:540} INFO - Filling up the DagBag from /Users/vybhavswaroop/Desktop/untitled folder 3/ecommerce_platform/venv/lib/python3.11/site-packages/airflow/example_dags/example_setup_teardown.py
[2026-03-18T07:38:51.293+0530] {processor.py:840} INFO - DAG(s) 'example_setup_teardown' retrieved from /Users/vybhavswaroop/Desktop/untitled folder 3/ecommerce_platform/venv/lib/python3.11/site-packages/airflow/example_dags/example_setup_teardown.py
[2026-03-18T07:38:51.332+0530] {logging_mixin.py:188} INFO - [2026-03-18T07:38:51.332+0530] {dag.py:3047} INFO - Sync 1 DAGs
[2026-03-18T07:38:51.339+0530] {logging_mixin.py:188} INFO - [2026-03-18T07:38:51.339+0530] {dag.py:3834} INFO - Setting next_dagrun for example_setup_teardown to 2026-03-17 00:00:00+00:00, run_after=2026-03-18 00:00:00+00:00
[2026-03-18T07:38:51.345+0530] {processor.py:183} INFO - Processing /Users/vybhavswaroop/Desktop/untitled folder 3/ecommerce_platform/venv/lib/python3.11/site-packages/airflow/example_dags/example_setup_teardown.py took 0.058 seconds
[2026-03-18T07:40:17.276+0530] {processor.py:161} INFO - Started process (PID=6380) to work on /Users/vybhavswaroop/Desktop/untitled folder 3/ecommerce_platform/venv/lib/python3.11/site-packages/airflow/example_dags/example_setup_teardown.py
[2026-03-18T07:40:17.277+0530] {processor.py:830} INFO - Processing file /Users/vybhavswaroop/Desktop/untitled folder 3/ecommerce_platform/venv/lib/python3.11/site-packages/airflow/example_dags/example_setup_teardown.py for tasks to queue
[2026-03-18T07:40:17.277+0530] {logging_mixin.py:188} INFO - [2026-03-18T07:40:17.277+0530] {dagbag.py:540} INFO - Filling up the DagBag from /Users/vybhavswaroop/Desktop/untitled folder 3/ecommerce_platform/venv/lib/python3.11/site-packages/airflow/example_dags/example_setup_teardown.py
[2026-03-18T07:40:17.280+0530] {processor.py:840} INFO - DAG(s) 'example_setup_teardown' retrieved from /Users/vybhavswaroop/Desktop/untitled folder 3/ecommerce_platform/venv/lib/python3.11/site-packages/airflow/example_dags/example_setup_teardown.py
[2026-03-18T07:40:17.316+0530] {logging_mixin.py:188} INFO - [2026-03-18T07:40:17.316+0530] {dag.py:3047} INFO - Sync 1 DAGs
[2026-03-18T07:40:17.321+0530] {logging_mixin.py:188} INFO - [2026-03-18T07:40:17.321+0530] {dag.py:3834} INFO - Setting next_dagrun for example_setup_teardown to 2026-03-17 00:00:00+00:00, run_after=2026-03-18 00:00:00+00:00
[2026-03-18T07:40:17.327+0530] {processor.py:183} INFO - Processing /Users/vybhavswaroop/Desktop/untitled folder 3/ecommerce_platform/venv/lib/python3.11/site-packages/airflow/example_dags/example_setup_teardown.py took 0.052 seconds
[2026-03-18T07:41:54.664+0530] {processor.py:161} INFO - Started process (PID=6758) to work on /Users/vybhavswaroop/Desktop/untitled folder 3/ecommerce_platform/venv/lib/python3.11/site-packages/airflow/example_dags/example_setup_teardown.py
[2026-03-18T07:41:54.665+0530] {processor.py:830} INFO - Processing file /Users/vybhavswaroop/Desktop/untitled folder 3/ecommerce_platform/venv/lib/python3.11/site-packages/airflow/example_dags/example_setup_teardown.py for tasks to queue
[2026-03-18T07:41:54.665+0530] {logging_mixin.py:188} INFO - [2026-03-18T07:41:54.665+0530] {dagbag.py:540} INFO - Filling up the DagBag from /Users/vybhavswaroop/Desktop/untitled folder 3/ecommerce_platform/venv/lib/python3.11/site-packages/airflow/example_dags/example_setup_teardown.py
[2026-03-18T07:41:54.668+0530] {processor.py:840} INFO - DAG(s) 'example_setup_teardown' retrieved from /Users/vybhavswaroop/Desktop/untitled folder 3/ecommerce_platform/venv/lib/python3.11/site-packages/airflow/example_dags/example_setup_teardown.py
[2026-03-18T07:41:54.706+0530] {logging_mixin.py:188} INFO - [2026-03-18T07:41:54.706+0530] {dag.py:3047} INFO - Sync 1 DAGs
[2026-03-18T07:41:54.713+0530] {logging_mixin.py:188} INFO - [2026-03-18T07:41:54.713+0530] {dag.py:3834} INFO - Setting next_dagrun for example_setup_teardown to 2026-03-17 00:00:00+00:00, run_after=2026-03-18 00:00:00+00:00
[2026-03-18T07:41:54.719+0530] {processor.py:183} INFO - Processing /Users/vybhavswaroop/Desktop/untitled folder 3/ecommerce_platform/venv/lib/python3.11/site-packages/airflow/example_dags/example_setup_teardown.py took 0.056 seconds
[2026-03-18T07:43:29.239+0530] {processor.py:161} INFO - Started process (PID=7073) to work on /Users/vybhavswaroop/Desktop/untitled folder 3/ecommerce_platform/venv/lib/python3.11/site-packages/airflow/example_dags/example_setup_teardown.py
[2026-03-18T07:43:29.241+0530] {processor.py:830} INFO - Processing file /Users/vybhavswaroop/Desktop/untitled folder 3/ecommerce_platform/venv/lib/python3.11/site-packages/airflow/example_dags/example_setup_teardown.py for tasks to queue
[2026-03-18T07:43:29.241+0530] {logging_mixin.py:188} INFO - [2026-03-18T07:43:29.241+0530] {dagbag.py:540} INFO - Filling up the DagBag from /Users/vybhavswaroop/Desktop/untitled folder 3/ecommerce_platform/venv/lib/python3.11/site-packages/airflow/example_dags/example_setup_teardown.py
[2026-03-18T07:43:29.245+0530] {processor.py:840} INFO - DAG(s) 'example_setup_teardown' retrieved from /Users/vybhavswaroop/Desktop/untitled folder 3/ecommerce_platform/venv/lib/python3.11/site-packages/airflow/example_dags/example_setup_teardown.py
[2026-03-18T07:43:29.288+0530] {logging_mixin.py:188} INFO - [2026-03-18T07:43:29.288+0530] {dag.py:3047} INFO - Sync 1 DAGs
[2026-03-18T07:43:29.294+0530] {logging_mixin.py:188} INFO - [2026-03-18T07:43:29.294+0530] {dag.py:3834} INFO - Setting next_dagrun for example_setup_teardown to 2026-03-17 00:00:00+00:00, run_after=2026-03-18 00:00:00+00:00
[2026-03-18T07:43:29.300+0530] {processor.py:183} INFO - Processing /Users/vybhavswaroop/Desktop/untitled folder 3/ecommerce_platform/venv/lib/python3.11/site-packages/airflow/example_dags/example_setup_teardown.py took 0.061 seconds
[2026-03-18T07:45:02.080+0530] {processor.py:161} INFO - Started process (PID=7409) to work on /Users/vybhavswaroop/Desktop/untitled folder 3/ecommerce_platform/venv/lib/python3.11/site-packages/airflow/example_dags/example_setup_teardown.py
[2026-03-18T07:45:02.081+0530] {processor.py:830} INFO - Processing file /Users/vybhavswaroop/Desktop/untitled folder 3/ecommerce_platform/venv/lib/python3.11/site-packages/airflow/example_dags/example_setup_teardown.py for tasks to queue
[2026-03-18T07:45:02.081+0530] {logging_mixin.py:188} INFO - [2026-03-18T07:45:02.081+0530] {dagbag.py:540} INFO - Filling up the DagBag from /Users/vybhavswaroop/Desktop/untitled folder 3/ecommerce_platform/venv/lib/python3.11/site-packages/airflow/example_dags/example_setup_teardown.py
[2026-03-18T07:45:02.084+0530] {processor.py:840} INFO - DAG(s) 'example_setup_teardown' retrieved from /Users/vybhavswaroop/Desktop/untitled folder 3/ecommerce_platform/venv/lib/python3.11/site-packages/airflow/example_dags/example_setup_teardown.py
[2026-03-18T07:45:02.120+0530] {logging_mixin.py:188} INFO - [2026-03-18T07:45:02.120+0530] {dag.py:3047} INFO - Sync 1 DAGs
[2026-03-18T07:45:02.126+0530] {logging_mixin.py:188} INFO - [2026-03-18T07:45:02.126+0530] {dag.py:3834} INFO - Setting next_dagrun for example_setup_teardown to 2026-03-17 00:00:00+00:00, run_after=2026-03-18 00:00:00+00:00
[2026-03-18T07:45:02.131+0530] {processor.py:183} INFO - Processing /Users/vybhavswaroop/Desktop/untitled folder 3/ecommerce_platform/venv/lib/python3.11/site-packages/airflow/example_dags/example_setup_teardown.py took 0.052 seconds
[2026-03-18T07:47:46.591+0530] {processor.py:161} INFO - Started process (PID=7981) to work on /Users/vybhavswaroop/Desktop/untitled folder 3/ecommerce_platform/venv/lib/python3.11/site-packages/airflow/example_dags/example_setup_teardown.py
[2026-03-18T07:47:46.592+0530] {processor.py:830} INFO - Processing file /Users/vybhavswaroop/Desktop/untitled folder 3/ecommerce_platform/venv/lib/python3.11/site-packages/airflow/example_dags/example_setup_teardown.py for tasks to queue
[2026-03-18T07:47:46.592+0530] {logging_mixin.py:188} INFO - [2026-03-18T07:47:46.592+0530] {dagbag.py:540} INFO - Filling up the DagBag from /Users/vybhavswaroop/Desktop/untitled folder 3/ecommerce_platform/venv/lib/python3.11/site-packages/airflow/example_dags/example_setup_teardown.py
[2026-03-18T07:47:46.595+0530] {processor.py:840} INFO - DAG(s) 'example_setup_teardown' retrieved from /Users/vybhavswaroop/Desktop/untitled folder 3/ecommerce_platform/venv/lib/python3.11/site-packages/airflow/example_dags/example_setup_teardown.py
[2026-03-18T07:47:46.631+0530] {logging_mixin.py:188} INFO - [2026-03-18T07:47:46.630+0530] {dag.py:3047} INFO - Sync 1 DAGs
[2026-03-18T07:47:46.636+0530] {logging_mixin.py:188} INFO - [2026-03-18T07:47:46.636+0530] {dag.py:3834} INFO - Setting next_dagrun for example_setup_teardown to 2026-03-17 00:00:00+00:00, run_after=2026-03-18 00:00:00+00:00
[2026-03-18T07:47:46.641+0530] {processor.py:183} INFO - Processing /Users/vybhavswaroop/Desktop/untitled folder 3/ecommerce_platform/venv/lib/python3.11/site-packages/airflow/example_dags/example_setup_teardown.py took 0.051 seconds
[2026-03-18T07:50:37.079+0530] {processor.py:161} INFO - Started process (PID=8904) to work on /Users/vybhavswaroop/Desktop/untitled folder 3/ecommerce_platform/venv/lib/python3.11/site-packages/airflow/example_dags/example_setup_teardown.py
[2026-03-18T07:50:37.081+0530] {processor.py:830} INFO - Processing file /Users/vybhavswaroop/Desktop/untitled folder 3/ecommerce_platform/venv/lib/python3.11/site-packages/airflow/example_dags/example_setup_teardown.py for tasks to queue
[2026-03-18T07:50:37.081+0530] {logging_mixin.py:188} INFO - [2026-03-18T07:50:37.081+0530] {dagbag.py:540} INFO - Filling up the DagBag from /Users/vybhavswaroop/Desktop/untitled folder 3/ecommerce_platform/venv/lib/python3.11/site-packages/airflow/example_dags/example_setup_teardown.py
[2026-03-18T07:50:37.084+0530] {processor.py:840} INFO - DAG(s) 'example_setup_teardown' retrieved from /Users/vybhavswaroop/Desktop/untitled folder 3/ecommerce_platform/venv/lib/python3.11/site-packages/airflow/example_dags/example_setup_teardown.py
[2026-03-18T07:50:37.122+0530] {logging_mixin.py:188} INFO - [2026-03-18T07:50:37.121+0530] {dag.py:3047} INFO - Sync 1 DAGs
[2026-03-18T07:50:37.128+0530] {logging_mixin.py:188} INFO - [2026-03-18T07:50:37.127+0530] {dag.py:3834} INFO - Setting next_dagrun for example_setup_teardown to 2026-03-17 00:00:00+00:00, run_after=2026-03-18 00:00:00+00:00
[2026-03-18T07:50:37.133+0530] {processor.py:183} INFO - Processing /Users/vybhavswaroop/Desktop/untitled folder 3/ecommerce_platform/venv/lib/python3.11/site-packages/airflow/example_dags/example_setup_teardown.py took 0.055 seconds
[2026-03-18T07:52:03.292+0530] {processor.py:161} INFO - Started process (PID=10058) to work on /Users/vybhavswaroop/Desktop/untitled folder 3/ecommerce_platform/venv/lib/python3.11/site-packages/airflow/example_dags/example_setup_teardown.py
[2026-03-18T07:52:03.294+0530] {processor.py:830} INFO - Processing file /Users/vybhavswaroop/Desktop/untitled folder 3/ecommerce_platform/venv/lib/python3.11/site-packages/airflow/example_dags/example_setup_teardown.py for tasks to queue
[2026-03-18T07:52:03.294+0530] {logging_mixin.py:188} INFO - [2026-03-18T07:52:03.294+0530] {dagbag.py:540} INFO - Filling up the DagBag from /Users/vybhavswaroop/Desktop/untitled folder 3/ecommerce_platform/venv/lib/python3.11/site-packages/airflow/example_dags/example_setup_teardown.py
[2026-03-18T07:52:03.298+0530] {processor.py:840} INFO - DAG(s) 'example_setup_teardown' retrieved from /Users/vybhavswaroop/Desktop/untitled folder 3/ecommerce_platform/venv/lib/python3.11/site-packages/airflow/example_dags/example_setup_teardown.py
[2026-03-18T07:52:03.333+0530] {logging_mixin.py:188} INFO - [2026-03-18T07:52:03.333+0530] {dag.py:3047} INFO - Sync 1 DAGs
[2026-03-18T07:52:03.338+0530] {logging_mixin.py:188} INFO - [2026-03-18T07:52:03.338+0530] {dag.py:3834} INFO - Setting next_dagrun for example_setup_teardown to 2026-03-17 00:00:00+00:00, run_after=2026-03-18 00:00:00+00:00
[2026-03-18T07:52:03.343+0530] {processor.py:183} INFO - Processing /Users/vybhavswaroop/Desktop/untitled folder 3/ecommerce_platform/venv/lib/python3.11/site-packages/airflow/example_dags/example_setup_teardown.py took 0.051 seconds
[2026-03-18T07:53:35.777+0530] {processor.py:161} INFO - Started process (PID=10850) to work on /Users/vybhavswaroop/Desktop/untitled folder 3/ecommerce_platform/venv/lib/python3.11/site-packages/airflow/example_dags/example_setup_teardown.py
[2026-03-18T07:53:35.779+0530] {processor.py:830} INFO - Processing file /Users/vybhavswaroop/Desktop/untitled folder 3/ecommerce_platform/venv/lib/python3.11/site-packages/airflow/example_dags/example_setup_teardown.py for tasks to queue
[2026-03-18T07:53:35.780+0530] {logging_mixin.py:188} INFO - [2026-03-18T07:53:35.780+0530] {dagbag.py:540} INFO - Filling up the DagBag from /Users/vybhavswaroop/Desktop/untitled folder 3/ecommerce_platform/venv/lib/python3.11/site-packages/airflow/example_dags/example_setup_teardown.py
[2026-03-18T07:53:35.783+0530] {processor.py:840} INFO - DAG(s) 'example_setup_teardown' retrieved from /Users/vybhavswaroop/Desktop/untitled folder 3/ecommerce_platform/venv/lib/python3.11/site-packages/airflow/example_dags/example_setup_teardown.py
[2026-03-18T07:53:35.843+0530] {logging_mixin.py:188} INFO - [2026-03-18T07:53:35.843+0530] {dag.py:3047} INFO - Sync 1 DAGs
[2026-03-18T07:53:35.847+0530] {logging_mixin.py:188} INFO - [2026-03-18T07:53:35.847+0530] {dag.py:3834} INFO - Setting next_dagrun for example_setup_teardown to 2026-03-17 00:00:00+00:00, run_after=2026-03-18 00:00:00+00:00
[2026-03-18T07:53:35.853+0530] {processor.py:183} INFO - Processing /Users/vybhavswaroop/Desktop/untitled folder 3/ecommerce_platform/venv/lib/python3.11/site-packages/airflow/example_dags/example_setup_teardown.py took 0.077 seconds
[2026-03-18T07:55:40.108+0530] {processor.py:161} INFO - Started process (PID=11214) to work on /Users/vybhavswaroop/Desktop/untitled folder 3/ecommerce_platform/venv/lib/python3.11/site-packages/airflow/example_dags/example_setup_teardown.py
[2026-03-18T07:55:40.110+0530] {processor.py:830} INFO - Processing file /Users/vybhavswaroop/Desktop/untitled folder 3/ecommerce_platform/venv/lib/python3.11/site-packages/airflow/example_dags/example_setup_teardown.py for tasks to queue
[2026-03-18T07:55:40.110+0530] {logging_mixin.py:188} INFO - [2026-03-18T07:55:40.110+0530] {dagbag.py:540} INFO - Filling up the DagBag from /Users/vybhavswaroop/Desktop/untitled folder 3/ecommerce_platform/venv/lib/python3.11/site-packages/airflow/example_dags/example_setup_teardown.py
[2026-03-18T07:55:40.113+0530] {processor.py:840} INFO - DAG(s) 'example_setup_teardown' retrieved from /Users/vybhavswaroop/Desktop/untitled folder 3/ecommerce_platform/venv/lib/python3.11/site-packages/airflow/example_dags/example_setup_teardown.py
[2026-03-18T07:55:40.149+0530] {logging_mixin.py:188} INFO - [2026-03-18T07:55:40.149+0530] {dag.py:3047} INFO - Sync 1 DAGs
[2026-03-18T07:55:40.154+0530] {logging_mixin.py:188} INFO - [2026-03-18T07:55:40.154+0530] {dag.py:3834} INFO - Setting next_dagrun for example_setup_teardown to 2026-03-17 00:00:00+00:00, run_after=2026-03-18 00:00:00+00:00
[2026-03-18T07:55:40.160+0530] {processor.py:183} INFO - Processing /Users/vybhavswaroop/Desktop/untitled folder 3/ecommerce_platform/venv/lib/python3.11/site-packages/airflow/example_dags/example_setup_teardown.py took 0.052 seconds
[2026-03-18T07:57:09.826+0530] {processor.py:161} INFO - Started process (PID=11472) to work on /Users/vybhavswaroop/Desktop/untitled folder 3/ecommerce_platform/venv/lib/python3.11/site-packages/airflow/example_dags/example_setup_teardown.py
[2026-03-18T07:57:09.826+0530] {processor.py:830} INFO - Processing file /Users/vybhavswaroop/Desktop/untitled folder 3/ecommerce_platform/venv/lib/python3.11/site-packages/airflow/example_dags/example_setup_teardown.py for tasks to queue
[2026-03-18T07:57:09.827+0530] {logging_mixin.py:188} INFO - [2026-03-18T07:57:09.827+0530] {dagbag.py:540} INFO - Filling up the DagBag from /Users/vybhavswaroop/Desktop/untitled folder 3/ecommerce_platform/venv/lib/python3.11/site-packages/airflow/example_dags/example_setup_teardown.py
[2026-03-18T07:57:09.829+0530] {processor.py:840} INFO - DAG(s) 'example_setup_teardown' retrieved from /Users/vybhavswaroop/Desktop/untitled folder 3/ecommerce_platform/venv/lib/python3.11/site-packages/airflow/example_dags/example_setup_teardown.py
[2026-03-18T07:57:09.864+0530] {logging_mixin.py:188} INFO - [2026-03-18T07:57:09.864+0530] {dag.py:3047} INFO - Sync 1 DAGs
[2026-03-18T07:57:09.869+0530] {logging_mixin.py:188} INFO - [2026-03-18T07:57:09.869+0530] {dag.py:3834} INFO - Setting next_dagrun for example_setup_teardown to 2026-03-17 00:00:00+00:00, run_after=2026-03-18 00:00:00+00:00
[2026-03-18T07:57:09.875+0530] {processor.py:183} INFO - Processing /Users/vybhavswaroop/Desktop/untitled folder 3/ecommerce_platform/venv/lib/python3.11/site-packages/airflow/example_dags/example_setup_teardown.py took 0.049 seconds
[2026-03-18T07:58:36.138+0530] {processor.py:161} INFO - Started process (PID=11727) to work on /Users/vybhavswaroop/Desktop/untitled folder 3/ecommerce_platform/venv/lib/python3.11/site-packages/airflow/example_dags/example_setup_teardown.py
[2026-03-18T07:58:36.140+0530] {processor.py:830} INFO - Processing file /Users/vybhavswaroop/Desktop/untitled folder 3/ecommerce_platform/venv/lib/python3.11/site-packages/airflow/example_dags/example_setup_teardown.py for tasks to queue
[2026-03-18T07:58:36.140+0530] {logging_mixin.py:188} INFO - [2026-03-18T07:58:36.140+0530] {dagbag.py:540} INFO - Filling up the DagBag from /Users/vybhavswaroop/Desktop/untitled folder 3/ecommerce_platform/venv/lib/python3.11/site-packages/airflow/example_dags/example_setup_teardown.py
[2026-03-18T07:58:36.143+0530] {processor.py:840} INFO - DAG(s) 'example_setup_teardown' retrieved from /Users/vybhavswaroop/Desktop/untitled folder 3/ecommerce_platform/venv/lib/python3.11/site-packages/airflow/example_dags/example_setup_teardown.py
[2026-03-18T07:58:36.179+0530] {logging_mixin.py:188} INFO - [2026-03-18T07:58:36.179+0530] {dag.py:3047} INFO - Sync 1 DAGs
[2026-03-18T07:58:36.185+0530] {logging_mixin.py:188} INFO - [2026-03-18T07:58:36.185+0530] {dag.py:3834} INFO - Setting next_dagrun for example_setup_teardown to 2026-03-17 00:00:00+00:00, run_after=2026-03-18 00:00:00+00:00
[2026-03-18T07:58:36.190+0530] {processor.py:183} INFO - Processing /Users/vybhavswaroop/Desktop/untitled folder 3/ecommerce_platform/venv/lib/python3.11/site-packages/airflow/example_dags/example_setup_teardown.py took 0.052 seconds
