[2026-03-18T06:34:56.883+0530] {processor.py:161} INFO - Started process (PID=97556) to work on /Users/vybhavswaroop/Desktop/untitled folder 3/ecommerce_platform/venv/lib/python3.11/site-packages/airflow/example_dags/example_subdag_operator.py
[2026-03-18T06:34:56.884+0530] {processor.py:830} INFO - Processing file /Users/vybhavswaroop/Desktop/untitled folder 3/ecommerce_platform/venv/lib/python3.11/site-packages/airflow/example_dags/example_subdag_operator.py for tasks to queue
[2026-03-18T06:34:56.884+0530] {logging_mixin.py:188} INFO - [2026-03-18T06:34:56.884+0530] {dagbag.py:540} INFO - Filling up the DagBag from /Users/vybhavswaroop/Desktop/untitled folder 3/ecommerce_platform/venv/lib/python3.11/site-packages/airflow/example_dags/example_subdag_operator.py
[2026-03-18T06:34:56.913+0530] {processor.py:840} INFO - DAG(s) 'example_subdag_operator.section-1', 'example_subdag_operator.section-2', 'example_subdag_operator' retrieved from /Users/vybhavswaroop/Desktop/untitled folder 3/ecommerce_platform/venv/lib/python3.11/site-packages/airflow/example_dags/example_subdag_operator.py
[2026-03-18T06:34:56.935+0530] {logging_mixin.py:188} INFO - [2026-03-18T06:34:56.935+0530] {dag.py:3047} INFO - Sync 3 DAGs
[2026-03-18T06:34:56.941+0530] {logging_mixin.py:188} INFO - [2026-03-18T06:34:56.940+0530] {dag.py:3834} INFO - Setting next_dagrun for example_subdag_operator to 2022-01-01 00:00:00+00:00, run_after=2022-01-01 00:00:00+00:00
[2026-03-18T06:34:56.942+0530] {logging_mixin.py:188} INFO - [2026-03-18T06:34:56.942+0530] {dag.py:3834} INFO - Setting next_dagrun for example_subdag_operator.section-1 to None, run_after=None
[2026-03-18T06:34:56.942+0530] {logging_mixin.py:188} INFO - [2026-03-18T06:34:56.942+0530] {dag.py:3834} INFO - Setting next_dagrun for example_subdag_operator.section-2 to None, run_after=None
[2026-03-18T06:34:56.944+0530] {logging_mixin.py:188} INFO - [2026-03-18T06:34:56.944+0530] {dag.py:3047} INFO - Sync 2 DAGs
[2026-03-18T06:34:56.945+0530] {logging_mixin.py:188} INFO - [2026-03-18T06:34:56.945+0530] {dag.py:3834} INFO - Setting next_dagrun for example_subdag_operator.section-1 to None, run_after=None
[2026-03-18T06:34:56.945+0530] {logging_mixin.py:188} INFO - [2026-03-18T06:34:56.945+0530] {dag.py:3834} INFO - Setting next_dagrun for example_subdag_operator.section-2 to None, run_after=None
[2026-03-18T06:34:56.950+0530] {processor.py:183} INFO - Processing /Users/vybhavswaroop/Desktop/untitled folder 3/ecommerce_platform/venv/lib/python3.11/site-packages/airflow/example_dags/example_subdag_operator.py took 0.067 seconds
[2026-03-18T07:20:21.717+0530] {processor.py:161} INFO - Started process (PID=105) to work on /Users/vybhavswaroop/Desktop/untitled folder 3/ecommerce_platform/venv/lib/python3.11/site-packages/airflow/example_dags/example_subdag_operator.py
[2026-03-18T07:20:21.718+0530] {processor.py:830} INFO - Processing file /Users/vybhavswaroop/Desktop/untitled folder 3/ecommerce_platform/venv/lib/python3.11/site-packages/airflow/example_dags/example_subdag_operator.py for tasks to queue
[2026-03-18T07:20:21.718+0530] {logging_mixin.py:188} INFO - [2026-03-18T07:20:21.718+0530] {dagbag.py:540} INFO - Filling up the DagBag from /Users/vybhavswaroop/Desktop/untitled folder 3/ecommerce_platform/venv/lib/python3.11/site-packages/airflow/example_dags/example_subdag_operator.py
[2026-03-18T07:20:21.748+0530] {processor.py:840} INFO - DAG(s) 'example_subdag_operator.section-1', 'example_subdag_operator.section-2', 'example_subdag_operator' retrieved from /Users/vybhavswaroop/Desktop/untitled folder 3/ecommerce_platform/venv/lib/python3.11/site-packages/airflow/example_dags/example_subdag_operator.py
[2026-03-18T07:20:21.769+0530] {logging_mixin.py:188} INFO - [2026-03-18T07:20:21.769+0530] {dag.py:3047} INFO - Sync 3 DAGs
[2026-03-18T07:20:21.774+0530] {logging_mixin.py:188} INFO - [2026-03-18T07:20:21.774+0530] {dag.py:3834} INFO - Setting next_dagrun for example_subdag_operator to 2022-01-01 00:00:00+00:00, run_after=2022-01-01 00:00:00+00:00
[2026-03-18T07:20:21.775+0530] {logging_mixin.py:188} INFO - [2026-03-18T07:20:21.775+0530] {dag.py:3834} INFO - Setting next_dagrun for example_subdag_operator.section-1 to None, run_after=None
[2026-03-18T07:20:21.776+0530] {logging_mixin.py:188} INFO - [2026-03-18T07:20:21.776+0530] {dag.py:3834} INFO - Setting next_dagrun for example_subdag_operator.section-2 to None, run_after=None
[2026-03-18T07:20:21.777+0530] {logging_mixin.py:188} INFO - [2026-03-18T07:20:21.777+0530] {dag.py:3047} INFO - Sync 2 DAGs
[2026-03-18T07:20:21.778+0530] {logging_mixin.py:188} INFO - [2026-03-18T07:20:21.778+0530] {dag.py:3834} INFO - Setting next_dagrun for example_subdag_operator.section-1 to None, run_after=None
[2026-03-18T07:20:21.778+0530] {logging_mixin.py:188} INFO - [2026-03-18T07:20:21.778+0530] {dag.py:3834} INFO - Setting next_dagrun for example_subdag_operator.section-2 to None, run_after=None
[2026-03-18T07:20:21.783+0530] {processor.py:183} INFO - Processing /Users/vybhavswaroop/Desktop/untitled folder 3/ecommerce_platform/venv/lib/python3.11/site-packages/airflow/example_dags/example_subdag_operator.py took 0.067 seconds
[2026-03-18T07:21:16.328+0530] {processor.py:161} INFO - Started process (PID=2000) to work on /Users/vybhavswaroop/Desktop/untitled folder 3/ecommerce_platform/venv/lib/python3.11/site-packages/airflow/example_dags/example_subdag_operator.py
[2026-03-18T07:21:16.329+0530] {processor.py:830} INFO - Processing file /Users/vybhavswaroop/Desktop/untitled folder 3/ecommerce_platform/venv/lib/python3.11/site-packages/airflow/example_dags/example_subdag_operator.py for tasks to queue
[2026-03-18T07:21:16.329+0530] {logging_mixin.py:188} INFO - [2026-03-18T07:21:16.329+0530] {dagbag.py:540} INFO - Filling up the DagBag from /Users/vybhavswaroop/Desktop/untitled folder 3/ecommerce_platform/venv/lib/python3.11/site-packages/airflow/example_dags/example_subdag_operator.py
[2026-03-18T07:21:16.357+0530] {processor.py:840} INFO - DAG(s) 'example_subdag_operator.section-1', 'example_subdag_operator.section-2', 'example_subdag_operator' retrieved from /Users/vybhavswaroop/Desktop/untitled folder 3/ecommerce_platform/venv/lib/python3.11/site-packages/airflow/example_dags/example_subdag_operator.py
[2026-03-18T07:21:16.377+0530] {logging_mixin.py:188} INFO - [2026-03-18T07:21:16.377+0530] {dag.py:3047} INFO - Sync 3 DAGs
[2026-03-18T07:21:16.382+0530] {logging_mixin.py:188} INFO - [2026-03-18T07:21:16.382+0530] {dag.py:3834} INFO - Setting next_dagrun for example_subdag_operator to 2022-01-01 00:00:00+00:00, run_after=2022-01-01 00:00:00+00:00
[2026-03-18T07:21:16.383+0530] {logging_mixin.py:188} INFO - [2026-03-18T07:21:16.383+0530] {dag.py:3834} INFO - Setting next_dagrun for example_subdag_operator.section-1 to None, run_after=None
[2026-03-18T07:21:16.383+0530] {logging_mixin.py:188} INFO - [2026-03-18T07:21:16.383+0530] {dag.py:3834} INFO - Setting next_dagrun for example_subdag_operator.section-2 to None, run_after=None
[2026-03-18T07:21:16.385+0530] {logging_mixin.py:188} INFO - [2026-03-18T07:21:16.385+0530] {dag.py:3047} INFO - Sync 2 DAGs
[2026-03-18T07:21:16.386+0530] {logging_mixin.py:188} INFO - [2026-03-18T07:21:16.386+0530] {dag.py:3834} INFO - Setting next_dagrun for example_subdag_operator.section-1 to None, run_after=None
[2026-03-18T07:21:16.386+0530] {logging_mixin.py:188} INFO - [2026-03-18T07:21:16.386+0530] {dag.py:3834} INFO - Setting next_dagrun for example_subdag_operator.section-2 to None, run_after=None
[2026-03-18T07:21:16.391+0530] {processor.py:183} INFO - Processing /Users/vybhavswaroop/Desktop/untitled folder 3/ecommerce_platform/venv/lib/python3.11/site-packages/airflow/example_dags/example_subdag_operator.py took 0.063 seconds
[2026-03-18T07:22:15.944+0530] {processor.py:161} INFO - Started process (PID=3002) to work on /Users/vybhavswaroop/Desktop/untitled folder 3/ecommerce_platform/venv/lib/python3.11/site-packages/airflow/example_dags/example_subdag_operator.py
[2026-03-18T07:22:15.945+0530] {processor.py:830} INFO - Processing file /Users/vybhavswaroop/Desktop/untitled folder 3/ecommerce_platform/venv/lib/python3.11/site-packages/airflow/example_dags/example_subdag_operator.py for tasks to queue
[2026-03-18T07:22:15.945+0530] {logging_mixin.py:188} INFO - [2026-03-18T07:22:15.945+0530] {dagbag.py:540} INFO - Filling up the DagBag from /Users/vybhavswaroop/Desktop/untitled folder 3/ecommerce_platform/venv/lib/python3.11/site-packages/airflow/example_dags/example_subdag_operator.py
[2026-03-18T07:22:15.974+0530] {processor.py:840} INFO - DAG(s) 'example_subdag_operator.section-1', 'example_subdag_operator.section-2', 'example_subdag_operator' retrieved from /Users/vybhavswaroop/Desktop/untitled folder 3/ecommerce_platform/venv/lib/python3.11/site-packages/airflow/example_dags/example_subdag_operator.py
[2026-03-18T07:22:16.018+0530] {logging_mixin.py:188} INFO - [2026-03-18T07:22:16.018+0530] {dag.py:3047} INFO - Sync 3 DAGs
[2026-03-18T07:22:16.024+0530] {logging_mixin.py:188} INFO - [2026-03-18T07:22:16.024+0530] {dag.py:3834} INFO - Setting next_dagrun for example_subdag_operator to 2022-01-01 00:00:00+00:00, run_after=2022-01-01 00:00:00+00:00
[2026-03-18T07:22:16.026+0530] {logging_mixin.py:188} INFO - [2026-03-18T07:22:16.026+0530] {dag.py:3834} INFO - Setting next_dagrun for example_subdag_operator.section-1 to None, run_after=None
[2026-03-18T07:22:16.026+0530] {logging_mixin.py:188} INFO - [2026-03-18T07:22:16.026+0530] {dag.py:3834} INFO - Setting next_dagrun for example_subdag_operator.section-2 to None, run_after=None
[2026-03-18T07:22:16.028+0530] {logging_mixin.py:188} INFO - [2026-03-18T07:22:16.028+0530] {dag.py:3047} INFO - Sync 2 DAGs
[2026-03-18T07:22:16.029+0530] {logging_mixin.py:188} INFO - [2026-03-18T07:22:16.029+0530] {dag.py:3834} INFO - Setting next_dagrun for example_subdag_operator.section-1 to None, run_after=None
[2026-03-18T07:22:16.029+0530] {logging_mixin.py:188} INFO - [2026-03-18T07:22:16.029+0530] {dag.py:3834} INFO - Setting next_dagrun for example_subdag_operator.section-2 to None, run_after=None
[2026-03-18T07:22:16.033+0530] {processor.py:183} INFO - Processing /Users/vybhavswaroop/Desktop/untitled folder 3/ecommerce_platform/venv/lib/python3.11/site-packages/airflow/example_dags/example_subdag_operator.py took 0.090 seconds
[2026-03-18T07:24:15.927+0530] {processor.py:161} INFO - Started process (PID=3397) to work on /Users/vybhavswaroop/Desktop/untitled folder 3/ecommerce_platform/venv/lib/python3.11/site-packages/airflow/example_dags/example_subdag_operator.py
[2026-03-18T07:24:15.929+0530] {processor.py:830} INFO - Processing file /Users/vybhavswaroop/Desktop/untitled folder 3/ecommerce_platform/venv/lib/python3.11/site-packages/airflow/example_dags/example_subdag_operator.py for tasks to queue
[2026-03-18T07:24:15.929+0530] {logging_mixin.py:188} INFO - [2026-03-18T07:24:15.929+0530] {dagbag.py:540} INFO - Filling up the DagBag from /Users/vybhavswaroop/Desktop/untitled folder 3/ecommerce_platform/venv/lib/python3.11/site-packages/airflow/example_dags/example_subdag_operator.py
[2026-03-18T07:24:15.957+0530] {processor.py:840} INFO - DAG(s) 'example_subdag_operator.section-1', 'example_subdag_operator.section-2', 'example_subdag_operator' retrieved from /Users/vybhavswaroop/Desktop/untitled folder 3/ecommerce_platform/venv/lib/python3.11/site-packages/airflow/example_dags/example_subdag_operator.py
[2026-03-18T07:24:15.977+0530] {logging_mixin.py:188} INFO - [2026-03-18T07:24:15.977+0530] {dag.py:3047} INFO - Sync 3 DAGs
[2026-03-18T07:24:15.981+0530] {logging_mixin.py:188} INFO - [2026-03-18T07:24:15.981+0530] {dag.py:3834} INFO - Setting next_dagrun for example_subdag_operator to 2022-01-01 00:00:00+00:00, run_after=2022-01-01 00:00:00+00:00
[2026-03-18T07:24:15.982+0530] {logging_mixin.py:188} INFO - [2026-03-18T07:24:15.982+0530] {dag.py:3834} INFO - Setting next_dagrun for example_subdag_operator.section-1 to None, run_after=None
[2026-03-18T07:24:15.983+0530] {logging_mixin.py:188} INFO - [2026-03-18T07:24:15.983+0530] {dag.py:3834} INFO - Setting next_dagrun for example_subdag_operator.section-2 to None, run_after=None
[2026-03-18T07:24:15.984+0530] {logging_mixin.py:188} INFO - [2026-03-18T07:24:15.984+0530] {dag.py:3047} INFO - Sync 2 DAGs
[2026-03-18T07:24:15.985+0530] {logging_mixin.py:188} INFO - [2026-03-18T07:24:15.985+0530] {dag.py:3834} INFO - Setting next_dagrun for example_subdag_operator.section-1 to None, run_after=None
[2026-03-18T07:24:15.985+0530] {logging_mixin.py:188} INFO - [2026-03-18T07:24:15.985+0530] {dag.py:3834} INFO - Setting next_dagrun for example_subdag_operator.section-2 to None, run_after=None
[2026-03-18T07:24:15.989+0530] {processor.py:183} INFO - Processing /Users/vybhavswaroop/Desktop/untitled folder 3/ecommerce_platform/venv/lib/python3.11/site-packages/airflow/example_dags/example_subdag_operator.py took 0.063 seconds
[2026-03-18T07:25:41.800+0530] {processor.py:161} INFO - Started process (PID=3650) to work on /Users/vybhavswaroop/Desktop/untitled folder 3/ecommerce_platform/venv/lib/python3.11/site-packages/airflow/example_dags/example_subdag_operator.py
[2026-03-18T07:25:41.801+0530] {processor.py:830} INFO - Processing file /Users/vybhavswaroop/Desktop/untitled folder 3/ecommerce_platform/venv/lib/python3.11/site-packages/airflow/example_dags/example_subdag_operator.py for tasks to queue
[2026-03-18T07:25:41.801+0530] {logging_mixin.py:188} INFO - [2026-03-18T07:25:41.801+0530] {dagbag.py:540} INFO - Filling up the DagBag from /Users/vybhavswaroop/Desktop/untitled folder 3/ecommerce_platform/venv/lib/python3.11/site-packages/airflow/example_dags/example_subdag_operator.py
[2026-03-18T07:25:41.830+0530] {processor.py:840} INFO - DAG(s) 'example_subdag_operator.section-1', 'example_subdag_operator.section-2', 'example_subdag_operator' retrieved from /Users/vybhavswaroop/Desktop/untitled folder 3/ecommerce_platform/venv/lib/python3.11/site-packages/airflow/example_dags/example_subdag_operator.py
[2026-03-18T07:25:41.851+0530] {logging_mixin.py:188} INFO - [2026-03-18T07:25:41.851+0530] {dag.py:3047} INFO - Sync 3 DAGs
[2026-03-18T07:25:41.856+0530] {logging_mixin.py:188} INFO - [2026-03-18T07:25:41.856+0530] {dag.py:3834} INFO - Setting next_dagrun for example_subdag_operator to 2022-01-01 00:00:00+00:00, run_after=2022-01-01 00:00:00+00:00
[2026-03-18T07:25:41.857+0530] {logging_mixin.py:188} INFO - [2026-03-18T07:25:41.857+0530] {dag.py:3834} INFO - Setting next_dagrun for example_subdag_operator.section-1 to None, run_after=None
[2026-03-18T07:25:41.857+0530] {logging_mixin.py:188} INFO - [2026-03-18T07:25:41.857+0530] {dag.py:3834} INFO - Setting next_dagrun for example_subdag_operator.section-2 to None, run_after=None
[2026-03-18T07:25:41.859+0530] {logging_mixin.py:188} INFO - [2026-03-18T07:25:41.859+0530] {dag.py:3047} INFO - Sync 2 DAGs
[2026-03-18T07:25:41.860+0530] {logging_mixin.py:188} INFO - [2026-03-18T07:25:41.860+0530] {dag.py:3834} INFO - Setting next_dagrun for example_subdag_operator.section-1 to None, run_after=None
[2026-03-18T07:25:41.860+0530] {logging_mixin.py:188} INFO - [2026-03-18T07:25:41.860+0530] {dag.py:3834} INFO - Setting next_dagrun for example_subdag_operator.section-2 to None, run_after=None
[2026-03-18T07:25:41.864+0530] {processor.py:183} INFO - Processing /Users/vybhavswaroop/Desktop/untitled folder 3/ecommerce_platform/venv/lib/python3.11/site-packages/airflow/example_dags/example_subdag_operator.py took 0.065 seconds
[2026-03-18T07:27:06.342+0530] {processor.py:161} INFO - Started process (PID=3899) to work on /Users/vybhavswaroop/Desktop/untitled folder 3/ecommerce_platform/venv/lib/python3.11/site-packages/airflow/example_dags/example_subdag_operator.py
[2026-03-18T07:27:06.343+0530] {processor.py:830} INFO - Processing file /Users/vybhavswaroop/Desktop/untitled folder 3/ecommerce_platform/venv/lib/python3.11/site-packages/airflow/example_dags/example_subdag_operator.py for tasks to queue
[2026-03-18T07:27:06.343+0530] {logging_mixin.py:188} INFO - [2026-03-18T07:27:06.343+0530] {dagbag.py:540} INFO - Filling up the DagBag from /Users/vybhavswaroop/Desktop/untitled folder 3/ecommerce_platform/venv/lib/python3.11/site-packages/airflow/example_dags/example_subdag_operator.py
[2026-03-18T07:27:06.371+0530] {processor.py:840} INFO - DAG(s) 'example_subdag_operator.section-1', 'example_subdag_operator.section-2', 'example_subdag_operator' retrieved from /Users/vybhavswaroop/Desktop/untitled folder 3/ecommerce_platform/venv/lib/python3.11/site-packages/airflow/example_dags/example_subdag_operator.py
[2026-03-18T07:27:06.390+0530] {logging_mixin.py:188} INFO - [2026-03-18T07:27:06.390+0530] {dag.py:3047} INFO - Sync 3 DAGs
[2026-03-18T07:27:06.395+0530] {logging_mixin.py:188} INFO - [2026-03-18T07:27:06.395+0530] {dag.py:3834} INFO - Setting next_dagrun for example_subdag_operator to 2022-01-01 00:00:00+00:00, run_after=2022-01-01 00:00:00+00:00
[2026-03-18T07:27:06.396+0530] {logging_mixin.py:188} INFO - [2026-03-18T07:27:06.396+0530] {dag.py:3834} INFO - Setting next_dagrun for example_subdag_operator.section-1 to None, run_after=None
[2026-03-18T07:27:06.396+0530] {logging_mixin.py:188} INFO - [2026-03-18T07:27:06.396+0530] {dag.py:3834} INFO - Setting next_dagrun for example_subdag_operator.section-2 to None, run_after=None
[2026-03-18T07:27:06.398+0530] {logging_mixin.py:188} INFO - [2026-03-18T07:27:06.398+0530] {dag.py:3047} INFO - Sync 2 DAGs
[2026-03-18T07:27:06.399+0530] {logging_mixin.py:188} INFO - [2026-03-18T07:27:06.399+0530] {dag.py:3834} INFO - Setting next_dagrun for example_subdag_operator.section-1 to None, run_after=None
[2026-03-18T07:27:06.399+0530] {logging_mixin.py:188} INFO - [2026-03-18T07:27:06.399+0530] {dag.py:3834} INFO - Setting next_dagrun for example_subdag_operator.section-2 to None, run_after=None
[2026-03-18T07:27:06.403+0530] {processor.py:183} INFO - Processing /Users/vybhavswaroop/Desktop/untitled folder 3/ecommerce_platform/venv/lib/python3.11/site-packages/airflow/example_dags/example_subdag_operator.py took 0.062 seconds
[2026-03-18T07:28:29.026+0530] {processor.py:161} INFO - Started process (PID=4146) to work on /Users/vybhavswaroop/Desktop/untitled folder 3/ecommerce_platform/venv/lib/python3.11/site-packages/airflow/example_dags/example_subdag_operator.py
[2026-03-18T07:28:29.026+0530] {processor.py:830} INFO - Processing file /Users/vybhavswaroop/Desktop/untitled folder 3/ecommerce_platform/venv/lib/python3.11/site-packages/airflow/example_dags/example_subdag_operator.py for tasks to queue
[2026-03-18T07:28:29.026+0530] {logging_mixin.py:188} INFO - [2026-03-18T07:28:29.026+0530] {dagbag.py:540} INFO - Filling up the DagBag from /Users/vybhavswaroop/Desktop/untitled folder 3/ecommerce_platform/venv/lib/python3.11/site-packages/airflow/example_dags/example_subdag_operator.py
[2026-03-18T07:28:29.054+0530] {processor.py:840} INFO - DAG(s) 'example_subdag_operator.section-1', 'example_subdag_operator.section-2', 'example_subdag_operator' retrieved from /Users/vybhavswaroop/Desktop/untitled folder 3/ecommerce_platform/venv/lib/python3.11/site-packages/airflow/example_dags/example_subdag_operator.py
[2026-03-18T07:28:29.073+0530] {logging_mixin.py:188} INFO - [2026-03-18T07:28:29.073+0530] {dag.py:3047} INFO - Sync 3 DAGs
[2026-03-18T07:28:29.078+0530] {logging_mixin.py:188} INFO - [2026-03-18T07:28:29.078+0530] {dag.py:3834} INFO - Setting next_dagrun for example_subdag_operator to 2022-01-01 00:00:00+00:00, run_after=2022-01-01 00:00:00+00:00
[2026-03-18T07:28:29.079+0530] {logging_mixin.py:188} INFO - [2026-03-18T07:28:29.079+0530] {dag.py:3834} INFO - Setting next_dagrun for example_subdag_operator.section-1 to None, run_after=None
[2026-03-18T07:28:29.079+0530] {logging_mixin.py:188} INFO - [2026-03-18T07:28:29.079+0530] {dag.py:3834} INFO - Setting next_dagrun for example_subdag_operator.section-2 to None, run_after=None
[2026-03-18T07:28:29.081+0530] {logging_mixin.py:188} INFO - [2026-03-18T07:28:29.081+0530] {dag.py:3047} INFO - Sync 2 DAGs
[2026-03-18T07:28:29.082+0530] {logging_mixin.py:188} INFO - [2026-03-18T07:28:29.082+0530] {dag.py:3834} INFO - Setting next_dagrun for example_subdag_operator.section-1 to None, run_after=None
[2026-03-18T07:28:29.082+0530] {logging_mixin.py:188} INFO - [2026-03-18T07:28:29.082+0530] {dag.py:3834} INFO - Setting next_dagrun for example_subdag_operator.section-2 to None, run_after=None
[2026-03-18T07:28:29.086+0530] {processor.py:183} INFO - Processing /Users/vybhavswaroop/Desktop/untitled folder 3/ecommerce_platform/venv/lib/python3.11/site-packages/airflow/example_dags/example_subdag_operator.py took 0.061 seconds
[2026-03-18T07:29:48.907+0530] {processor.py:161} INFO - Started process (PID=4383) to work on /Users/vybhavswaroop/Desktop/untitled folder 3/ecommerce_platform/venv/lib/python3.11/site-packages/airflow/example_dags/example_subdag_operator.py
[2026-03-18T07:29:48.908+0530] {processor.py:830} INFO - Processing file /Users/vybhavswaroop/Desktop/untitled folder 3/ecommerce_platform/venv/lib/python3.11/site-packages/airflow/example_dags/example_subdag_operator.py for tasks to queue
[2026-03-18T07:29:48.908+0530] {logging_mixin.py:188} INFO - [2026-03-18T07:29:48.908+0530] {dagbag.py:540} INFO - Filling up the DagBag from /Users/vybhavswaroop/Desktop/untitled folder 3/ecommerce_platform/venv/lib/python3.11/site-packages/airflow/example_dags/example_subdag_operator.py
[2026-03-18T07:29:48.936+0530] {processor.py:840} INFO - DAG(s) 'example_subdag_operator.section-1', 'example_subdag_operator.section-2', 'example_subdag_operator' retrieved from /Users/vybhavswaroop/Desktop/untitled folder 3/ecommerce_platform/venv/lib/python3.11/site-packages/airflow/example_dags/example_subdag_operator.py
[2026-03-18T07:29:48.955+0530] {logging_mixin.py:188} INFO - [2026-03-18T07:29:48.955+0530] {dag.py:3047} INFO - Sync 3 DAGs
[2026-03-18T07:29:48.960+0530] {logging_mixin.py:188} INFO - [2026-03-18T07:29:48.960+0530] {dag.py:3834} INFO - Setting next_dagrun for example_subdag_operator to 2022-01-01 00:00:00+00:00, run_after=2022-01-01 00:00:00+00:00
[2026-03-18T07:29:48.961+0530] {logging_mixin.py:188} INFO - [2026-03-18T07:29:48.961+0530] {dag.py:3834} INFO - Setting next_dagrun for example_subdag_operator.section-1 to None, run_after=None
[2026-03-18T07:29:48.961+0530] {logging_mixin.py:188} INFO - [2026-03-18T07:29:48.961+0530] {dag.py:3834} INFO - Setting next_dagrun for example_subdag_operator.section-2 to None, run_after=None
[2026-03-18T07:29:48.963+0530] {logging_mixin.py:188} INFO - [2026-03-18T07:29:48.963+0530] {dag.py:3047} INFO - Sync 2 DAGs
[2026-03-18T07:29:48.964+0530] {logging_mixin.py:188} INFO - [2026-03-18T07:29:48.964+0530] {dag.py:3834} INFO - Setting next_dagrun for example_subdag_operator.section-1 to None, run_after=None
[2026-03-18T07:29:48.964+0530] {logging_mixin.py:188} INFO - [2026-03-18T07:29:48.964+0530] {dag.py:3834} INFO - Setting next_dagrun for example_subdag_operator.section-2 to None, run_after=None
[2026-03-18T07:29:48.968+0530] {processor.py:183} INFO - Processing /Users/vybhavswaroop/Desktop/untitled folder 3/ecommerce_platform/venv/lib/python3.11/site-packages/airflow/example_dags/example_subdag_operator.py took 0.061 seconds
[2026-03-18T07:31:11.159+0530] {processor.py:161} INFO - Started process (PID=4628) to work on /Users/vybhavswaroop/Desktop/untitled folder 3/ecommerce_platform/venv/lib/python3.11/site-packages/airflow/example_dags/example_subdag_operator.py
[2026-03-18T07:31:11.160+0530] {processor.py:830} INFO - Processing file /Users/vybhavswaroop/Desktop/untitled folder 3/ecommerce_platform/venv/lib/python3.11/site-packages/airflow/example_dags/example_subdag_operator.py for tasks to queue
[2026-03-18T07:31:11.160+0530] {logging_mixin.py:188} INFO - [2026-03-18T07:31:11.160+0530] {dagbag.py:540} INFO - Filling up the DagBag from /Users/vybhavswaroop/Desktop/untitled folder 3/ecommerce_platform/venv/lib/python3.11/site-packages/airflow/example_dags/example_subdag_operator.py
[2026-03-18T07:31:11.187+0530] {processor.py:840} INFO - DAG(s) 'example_subdag_operator.section-1', 'example_subdag_operator.section-2', 'example_subdag_operator' retrieved from /Users/vybhavswaroop/Desktop/untitled folder 3/ecommerce_platform/venv/lib/python3.11/site-packages/airflow/example_dags/example_subdag_operator.py
[2026-03-18T07:31:11.206+0530] {logging_mixin.py:188} INFO - [2026-03-18T07:31:11.206+0530] {dag.py:3047} INFO - Sync 3 DAGs
[2026-03-18T07:31:11.211+0530] {logging_mixin.py:188} INFO - [2026-03-18T07:31:11.211+0530] {dag.py:3834} INFO - Setting next_dagrun for example_subdag_operator to 2022-01-01 00:00:00+00:00, run_after=2022-01-01 00:00:00+00:00
[2026-03-18T07:31:11.212+0530] {logging_mixin.py:188} INFO - [2026-03-18T07:31:11.212+0530] {dag.py:3834} INFO - Setting next_dagrun for example_subdag_operator.section-1 to None, run_after=None
[2026-03-18T07:31:11.212+0530] {logging_mixin.py:188} INFO - [2026-03-18T07:31:11.212+0530] {dag.py:3834} INFO - Setting next_dagrun for example_subdag_operator.section-2 to None, run_after=None
[2026-03-18T07:31:11.214+0530] {logging_mixin.py:188} INFO - [2026-03-18T07:31:11.213+0530] {dag.py:3047} INFO - Sync 2 DAGs
[2026-03-18T07:31:11.215+0530] {logging_mixin.py:188} INFO - [2026-03-18T07:31:11.214+0530] {dag.py:3834} INFO - Setting next_dagrun for example_subdag_operator.section-1 to None, run_after=None
[2026-03-18T07:31:11.215+0530] {logging_mixin.py:188} INFO - [2026-03-18T07:31:11.215+0530] {dag.py:3834} INFO - Setting next_dagrun for example_subdag_operator.section-2 to None, run_after=None
[2026-03-18T07:31:11.219+0530] {processor.py:183} INFO - Processing /Users/vybhavswaroop/Desktop/untitled folder 3/ecommerce_platform/venv/lib/python3.11/site-packages/airflow/example_dags/example_subdag_operator.py took 0.060 seconds
[2026-03-18T07:32:35.777+0530] {processor.py:161} INFO - Started process (PID=4876) to work on /Users/vybhavswaroop/Desktop/untitled folder 3/ecommerce_platform/venv/lib/python3.11/site-packages/airflow/example_dags/example_subdag_operator.py
[2026-03-18T07:32:35.777+0530] {processor.py:830} INFO - Processing file /Users/vybhavswaroop/Desktop/untitled folder 3/ecommerce_platform/venv/lib/python3.11/site-packages/airflow/example_dags/example_subdag_operator.py for tasks to queue
[2026-03-18T07:32:35.778+0530] {logging_mixin.py:188} INFO - [2026-03-18T07:32:35.778+0530] {dagbag.py:540} INFO - Filling up the DagBag from /Users/vybhavswaroop/Desktop/untitled folder 3/ecommerce_platform/venv/lib/python3.11/site-packages/airflow/example_dags/example_subdag_operator.py
[2026-03-18T07:32:35.806+0530] {processor.py:840} INFO - DAG(s) 'example_subdag_operator.section-1', 'example_subdag_operator.section-2', 'example_subdag_operator' retrieved from /Users/vybhavswaroop/Desktop/untitled folder 3/ecommerce_platform/venv/lib/python3.11/site-packages/airflow/example_dags/example_subdag_operator.py
[2026-03-18T07:32:35.826+0530] {logging_mixin.py:188} INFO - [2026-03-18T07:32:35.826+0530] {dag.py:3047} INFO - Sync 3 DAGs
[2026-03-18T07:32:35.831+0530] {logging_mixin.py:188} INFO - [2026-03-18T07:32:35.831+0530] {dag.py:3834} INFO - Setting next_dagrun for example_subdag_operator to 2022-01-01 00:00:00+00:00, run_after=2022-01-01 00:00:00+00:00
[2026-03-18T07:32:35.831+0530] {logging_mixin.py:188} INFO - [2026-03-18T07:32:35.831+0530] {dag.py:3834} INFO - Setting next_dagrun for example_subdag_operator.section-1 to None, run_after=None
[2026-03-18T07:32:35.832+0530] {logging_mixin.py:188} INFO - [2026-03-18T07:32:35.832+0530] {dag.py:3834} INFO - Setting next_dagrun for example_subdag_operator.section-2 to None, run_after=None
[2026-03-18T07:32:35.833+0530] {logging_mixin.py:188} INFO - [2026-03-18T07:32:35.833+0530] {dag.py:3047} INFO - Sync 2 DAGs
[2026-03-18T07:32:35.834+0530] {logging_mixin.py:188} INFO - [2026-03-18T07:32:35.834+0530] {dag.py:3834} INFO - Setting next_dagrun for example_subdag_operator.section-1 to None, run_after=None
[2026-03-18T07:32:35.834+0530] {logging_mixin.py:188} INFO - [2026-03-18T07:32:35.834+0530] {dag.py:3834} INFO - Setting next_dagrun for example_subdag_operator.section-2 to None, run_after=None
[2026-03-18T07:32:35.839+0530] {processor.py:183} INFO - Processing /Users/vybhavswaroop/Desktop/untitled folder 3/ecommerce_platform/venv/lib/python3.11/site-packages/airflow/example_dags/example_subdag_operator.py took 0.062 seconds
[2026-03-18T07:33:59.167+0530] {processor.py:161} INFO - Started process (PID=5120) to work on /Users/vybhavswaroop/Desktop/untitled folder 3/ecommerce_platform/venv/lib/python3.11/site-packages/airflow/example_dags/example_subdag_operator.py
[2026-03-18T07:33:59.169+0530] {processor.py:830} INFO - Processing file /Users/vybhavswaroop/Desktop/untitled folder 3/ecommerce_platform/venv/lib/python3.11/site-packages/airflow/example_dags/example_subdag_operator.py for tasks to queue
[2026-03-18T07:33:59.169+0530] {logging_mixin.py:188} INFO - [2026-03-18T07:33:59.169+0530] {dagbag.py:540} INFO - Filling up the DagBag from /Users/vybhavswaroop/Desktop/untitled folder 3/ecommerce_platform/venv/lib/python3.11/site-packages/airflow/example_dags/example_subdag_operator.py
[2026-03-18T07:33:59.198+0530] {processor.py:840} INFO - DAG(s) 'example_subdag_operator.section-1', 'example_subdag_operator.section-2', 'example_subdag_operator' retrieved from /Users/vybhavswaroop/Desktop/untitled folder 3/ecommerce_platform/venv/lib/python3.11/site-packages/airflow/example_dags/example_subdag_operator.py
[2026-03-18T07:33:59.217+0530] {logging_mixin.py:188} INFO - [2026-03-18T07:33:59.217+0530] {dag.py:3047} INFO - Sync 3 DAGs
[2026-03-18T07:33:59.222+0530] {logging_mixin.py:188} INFO - [2026-03-18T07:33:59.222+0530] {dag.py:3834} INFO - Setting next_dagrun for example_subdag_operator to 2022-01-01 00:00:00+00:00, run_after=2022-01-01 00:00:00+00:00
[2026-03-18T07:33:59.223+0530] {logging_mixin.py:188} INFO - [2026-03-18T07:33:59.223+0530] {dag.py:3834} INFO - Setting next_dagrun for example_subdag_operator.section-1 to None, run_after=None
[2026-03-18T07:33:59.223+0530] {logging_mixin.py:188} INFO - [2026-03-18T07:33:59.223+0530] {dag.py:3834} INFO - Setting next_dagrun for example_subdag_operator.section-2 to None, run_after=None
[2026-03-18T07:33:59.224+0530] {logging_mixin.py:188} INFO - [2026-03-18T07:33:59.224+0530] {dag.py:3047} INFO - Sync 2 DAGs
[2026-03-18T07:33:59.225+0530] {logging_mixin.py:188} INFO - [2026-03-18T07:33:59.225+0530] {dag.py:3834} INFO - Setting next_dagrun for example_subdag_operator.section-1 to None, run_after=None
[2026-03-18T07:33:59.225+0530] {logging_mixin.py:188} INFO - [2026-03-18T07:33:59.225+0530] {dag.py:3834} INFO - Setting next_dagrun for example_subdag_operator.section-2 to None, run_after=None
[2026-03-18T07:33:59.230+0530] {processor.py:183} INFO - Processing /Users/vybhavswaroop/Desktop/untitled folder 3/ecommerce_platform/venv/lib/python3.11/site-packages/airflow/example_dags/example_subdag_operator.py took 0.063 seconds
[2026-03-18T07:35:33.798+0530] {processor.py:161} INFO - Started process (PID=5448) to work on /Users/vybhavswaroop/Desktop/untitled folder 3/ecommerce_platform/venv/lib/python3.11/site-packages/airflow/example_dags/example_subdag_operator.py
[2026-03-18T07:35:33.799+0530] {processor.py:830} INFO - Processing file /Users/vybhavswaroop/Desktop/untitled folder 3/ecommerce_platform/venv/lib/python3.11/site-packages/airflow/example_dags/example_subdag_operator.py for tasks to queue
[2026-03-18T07:35:33.799+0530] {logging_mixin.py:188} INFO - [2026-03-18T07:35:33.799+0530] {dagbag.py:540} INFO - Filling up the DagBag from /Users/vybhavswaroop/Desktop/untitled folder 3/ecommerce_platform/venv/lib/python3.11/site-packages/airflow/example_dags/example_subdag_operator.py
[2026-03-18T07:35:33.827+0530] {processor.py:840} INFO - DAG(s) 'example_subdag_operator.section-1', 'example_subdag_operator.section-2', 'example_subdag_operator' retrieved from /Users/vybhavswaroop/Desktop/untitled folder 3/ecommerce_platform/venv/lib/python3.11/site-packages/airflow/example_dags/example_subdag_operator.py
[2026-03-18T07:35:33.846+0530] {logging_mixin.py:188} INFO - [2026-03-18T07:35:33.846+0530] {dag.py:3047} INFO - Sync 3 DAGs
[2026-03-18T07:35:33.850+0530] {logging_mixin.py:188} INFO - [2026-03-18T07:35:33.850+0530] {dag.py:3834} INFO - Setting next_dagrun for example_subdag_operator to 2022-01-01 00:00:00+00:00, run_after=2022-01-01 00:00:00+00:00
[2026-03-18T07:35:33.851+0530] {logging_mixin.py:188} INFO - [2026-03-18T07:35:33.851+0530] {dag.py:3834} INFO - Setting next_dagrun for example_subdag_operator.section-1 to None, run_after=None
[2026-03-18T07:35:33.852+0530] {logging_mixin.py:188} INFO - [2026-03-18T07:35:33.852+0530] {dag.py:3834} INFO - Setting next_dagrun for example_subdag_operator.section-2 to None, run_after=None
[2026-03-18T07:35:33.853+0530] {logging_mixin.py:188} INFO - [2026-03-18T07:35:33.853+0530] {dag.py:3047} INFO - Sync 2 DAGs
[2026-03-18T07:35:33.854+0530] {logging_mixin.py:188} INFO - [2026-03-18T07:35:33.854+0530] {dag.py:3834} INFO - Setting next_dagrun for example_subdag_operator.section-1 to None, run_after=None
[2026-03-18T07:35:33.854+0530] {logging_mixin.py:188} INFO - [2026-03-18T07:35:33.854+0530] {dag.py:3834} INFO - Setting next_dagrun for example_subdag_operator.section-2 to None, run_after=None
[2026-03-18T07:35:33.859+0530] {processor.py:183} INFO - Processing /Users/vybhavswaroop/Desktop/untitled folder 3/ecommerce_platform/venv/lib/python3.11/site-packages/airflow/example_dags/example_subdag_operator.py took 0.062 seconds
[2026-03-18T07:37:05.735+0530] {processor.py:161} INFO - Started process (PID=5714) to work on /Users/vybhavswaroop/Desktop/untitled folder 3/ecommerce_platform/venv/lib/python3.11/site-packages/airflow/example_dags/example_subdag_operator.py
[2026-03-18T07:37:05.737+0530] {processor.py:830} INFO - Processing file /Users/vybhavswaroop/Desktop/untitled folder 3/ecommerce_platform/venv/lib/python3.11/site-packages/airflow/example_dags/example_subdag_operator.py for tasks to queue
[2026-03-18T07:37:05.737+0530] {logging_mixin.py:188} INFO - [2026-03-18T07:37:05.737+0530] {dagbag.py:540} INFO - Filling up the DagBag from /Users/vybhavswaroop/Desktop/untitled folder 3/ecommerce_platform/venv/lib/python3.11/site-packages/airflow/example_dags/example_subdag_operator.py
[2026-03-18T07:37:05.766+0530] {processor.py:840} INFO - DAG(s) 'example_subdag_operator.section-1', 'example_subdag_operator.section-2', 'example_subdag_operator' retrieved from /Users/vybhavswaroop/Desktop/untitled folder 3/ecommerce_platform/venv/lib/python3.11/site-packages/airflow/example_dags/example_subdag_operator.py
[2026-03-18T07:37:05.787+0530] {logging_mixin.py:188} INFO - [2026-03-18T07:37:05.787+0530] {dag.py:3047} INFO - Sync 3 DAGs
[2026-03-18T07:37:05.792+0530] {logging_mixin.py:188} INFO - [2026-03-18T07:37:05.792+0530] {dag.py:3834} INFO - Setting next_dagrun for example_subdag_operator to 2022-01-01 00:00:00+00:00, run_after=2022-01-01 00:00:00+00:00
[2026-03-18T07:37:05.793+0530] {logging_mixin.py:188} INFO - [2026-03-18T07:37:05.793+0530] {dag.py:3834} INFO - Setting next_dagrun for example_subdag_operator.section-1 to None, run_after=None
[2026-03-18T07:37:05.793+0530] {logging_mixin.py:188} INFO - [2026-03-18T07:37:05.793+0530] {dag.py:3834} INFO - Setting next_dagrun for example_subdag_operator.section-2 to None, run_after=None
[2026-03-18T07:37:05.795+0530] {logging_mixin.py:188} INFO - [2026-03-18T07:37:05.795+0530] {dag.py:3047} INFO - Sync 2 DAGs
[2026-03-18T07:37:05.796+0530] {logging_mixin.py:188} INFO - [2026-03-18T07:37:05.796+0530] {dag.py:3834} INFO - Setting next_dagrun for example_subdag_operator.section-1 to None, run_after=None
[2026-03-18T07:37:05.796+0530] {logging_mixin.py:188} INFO - [2026-03-18T07:37:05.796+0530] {dag.py:3834} INFO - Setting next_dagrun for example_subdag_operator.section-2 to None, run_after=None
[2026-03-18T07:37:05.800+0530] {processor.py:183} INFO - Processing /Users/vybhavswaroop/Desktop/untitled folder 3/ecommerce_platform/venv/lib/python3.11/site-packages/airflow/example_dags/example_subdag_operator.py took 0.065 seconds
[2026-03-18T07:38:37.163+0530] {processor.py:161} INFO - Started process (PID=6038) to work on /Users/vybhavswaroop/Desktop/untitled folder 3/ecommerce_platform/venv/lib/python3.11/site-packages/airflow/example_dags/example_subdag_operator.py
[2026-03-18T07:38:37.164+0530] {processor.py:830} INFO - Processing file /Users/vybhavswaroop/Desktop/untitled folder 3/ecommerce_platform/venv/lib/python3.11/site-packages/airflow/example_dags/example_subdag_operator.py for tasks to queue
[2026-03-18T07:38:37.164+0530] {logging_mixin.py:188} INFO - [2026-03-18T07:38:37.164+0530] {dagbag.py:540} INFO - Filling up the DagBag from /Users/vybhavswaroop/Desktop/untitled folder 3/ecommerce_platform/venv/lib/python3.11/site-packages/airflow/example_dags/example_subdag_operator.py
[2026-03-18T07:38:37.194+0530] {processor.py:840} INFO - DAG(s) 'example_subdag_operator.section-1', 'example_subdag_operator.section-2', 'example_subdag_operator' retrieved from /Users/vybhavswaroop/Desktop/untitled folder 3/ecommerce_platform/venv/lib/python3.11/site-packages/airflow/example_dags/example_subdag_operator.py
[2026-03-18T07:38:37.214+0530] {logging_mixin.py:188} INFO - [2026-03-18T07:38:37.214+0530] {dag.py:3047} INFO - Sync 3 DAGs
[2026-03-18T07:38:37.219+0530] {logging_mixin.py:188} INFO - [2026-03-18T07:38:37.219+0530] {dag.py:3834} INFO - Setting next_dagrun for example_subdag_operator to 2022-01-01 00:00:00+00:00, run_after=2022-01-01 00:00:00+00:00
[2026-03-18T07:38:37.220+0530] {logging_mixin.py:188} INFO - [2026-03-18T07:38:37.220+0530] {dag.py:3834} INFO - Setting next_dagrun for example_subdag_operator.section-1 to None, run_after=None
[2026-03-18T07:38:37.220+0530] {logging_mixin.py:188} INFO - [2026-03-18T07:38:37.220+0530] {dag.py:3834} INFO - Setting next_dagrun for example_subdag_operator.section-2 to None, run_after=None
[2026-03-18T07:38:37.222+0530] {logging_mixin.py:188} INFO - [2026-03-18T07:38:37.222+0530] {dag.py:3047} INFO - Sync 2 DAGs
[2026-03-18T07:38:37.223+0530] {logging_mixin.py:188} INFO - [2026-03-18T07:38:37.223+0530] {dag.py:3834} INFO - Setting next_dagrun for example_subdag_operator.section-1 to None, run_after=None
[2026-03-18T07:38:37.223+0530] {logging_mixin.py:188} INFO - [2026-03-18T07:38:37.223+0530] {dag.py:3834} INFO - Setting next_dagrun for example_subdag_operator.section-2 to None, run_after=None
[2026-03-18T07:38:37.227+0530] {processor.py:183} INFO - Processing /Users/vybhavswaroop/Desktop/untitled folder 3/ecommerce_platform/venv/lib/python3.11/site-packages/airflow/example_dags/example_subdag_operator.py took 0.064 seconds
[2026-03-18T07:40:01.957+0530] {processor.py:161} INFO - Started process (PID=6322) to work on /Users/vybhavswaroop/Desktop/untitled folder 3/ecommerce_platform/venv/lib/python3.11/site-packages/airflow/example_dags/example_subdag_operator.py
[2026-03-18T07:40:01.958+0530] {processor.py:830} INFO - Processing file /Users/vybhavswaroop/Desktop/untitled folder 3/ecommerce_platform/venv/lib/python3.11/site-packages/airflow/example_dags/example_subdag_operator.py for tasks to queue
[2026-03-18T07:40:01.958+0530] {logging_mixin.py:188} INFO - [2026-03-18T07:40:01.958+0530] {dagbag.py:540} INFO - Filling up the DagBag from /Users/vybhavswaroop/Desktop/untitled folder 3/ecommerce_platform/venv/lib/python3.11/site-packages/airflow/example_dags/example_subdag_operator.py
[2026-03-18T07:40:01.987+0530] {processor.py:840} INFO - DAG(s) 'example_subdag_operator.section-1', 'example_subdag_operator.section-2', 'example_subdag_operator' retrieved from /Users/vybhavswaroop/Desktop/untitled folder 3/ecommerce_platform/venv/lib/python3.11/site-packages/airflow/example_dags/example_subdag_operator.py
[2026-03-18T07:40:02.009+0530] {logging_mixin.py:188} INFO - [2026-03-18T07:40:02.008+0530] {dag.py:3047} INFO - Sync 3 DAGs
[2026-03-18T07:40:02.014+0530] {logging_mixin.py:188} INFO - [2026-03-18T07:40:02.013+0530] {dag.py:3834} INFO - Setting next_dagrun for example_subdag_operator to 2022-01-01 00:00:00+00:00, run_after=2022-01-01 00:00:00+00:00
[2026-03-18T07:40:02.015+0530] {logging_mixin.py:188} INFO - [2026-03-18T07:40:02.015+0530] {dag.py:3834} INFO - Setting next_dagrun for example_subdag_operator.section-1 to None, run_after=None
[2026-03-18T07:40:02.015+0530] {logging_mixin.py:188} INFO - [2026-03-18T07:40:02.015+0530] {dag.py:3834} INFO - Setting next_dagrun for example_subdag_operator.section-2 to None, run_after=None
[2026-03-18T07:40:02.017+0530] {logging_mixin.py:188} INFO - [2026-03-18T07:40:02.017+0530] {dag.py:3047} INFO - Sync 2 DAGs
[2026-03-18T07:40:02.018+0530] {logging_mixin.py:188} INFO - [2026-03-18T07:40:02.018+0530] {dag.py:3834} INFO - Setting next_dagrun for example_subdag_operator.section-1 to None, run_after=None
[2026-03-18T07:40:02.018+0530] {logging_mixin.py:188} INFO - [2026-03-18T07:40:02.018+0530] {dag.py:3834} INFO - Setting next_dagrun for example_subdag_operator.section-2 to None, run_after=None
[2026-03-18T07:40:02.021+0530] {processor.py:183} INFO - Processing /Users/vybhavswaroop/Desktop/untitled folder 3/ecommerce_platform/venv/lib/python3.11/site-packages/airflow/example_dags/example_subdag_operator.py took 0.065 seconds
[2026-03-18T07:41:38.312+0530] {processor.py:161} INFO - Started process (PID=6683) to work on /Users/vybhavswaroop/Desktop/untitled folder 3/ecommerce_platform/venv/lib/python3.11/site-packages/airflow/example_dags/example_subdag_operator.py
[2026-03-18T07:41:38.314+0530] {processor.py:830} INFO - Processing file /Users/vybhavswaroop/Desktop/untitled folder 3/ecommerce_platform/venv/lib/python3.11/site-packages/airflow/example_dags/example_subdag_operator.py for tasks to queue
[2026-03-18T07:41:38.315+0530] {logging_mixin.py:188} INFO - [2026-03-18T07:41:38.315+0530] {dagbag.py:540} INFO - Filling up the DagBag from /Users/vybhavswaroop/Desktop/untitled folder 3/ecommerce_platform/venv/lib/python3.11/site-packages/airflow/example_dags/example_subdag_operator.py
[2026-03-18T07:41:38.344+0530] {processor.py:840} INFO - DAG(s) 'example_subdag_operator.section-1', 'example_subdag_operator.section-2', 'example_subdag_operator' retrieved from /Users/vybhavswaroop/Desktop/untitled folder 3/ecommerce_platform/venv/lib/python3.11/site-packages/airflow/example_dags/example_subdag_operator.py
[2026-03-18T07:41:38.364+0530] {logging_mixin.py:188} INFO - [2026-03-18T07:41:38.363+0530] {dag.py:3047} INFO - Sync 3 DAGs
[2026-03-18T07:41:38.368+0530] {logging_mixin.py:188} INFO - [2026-03-18T07:41:38.368+0530] {dag.py:3834} INFO - Setting next_dagrun for example_subdag_operator to 2022-01-01 00:00:00+00:00, run_after=2022-01-01 00:00:00+00:00
[2026-03-18T07:41:38.369+0530] {logging_mixin.py:188} INFO - [2026-03-18T07:41:38.369+0530] {dag.py:3834} INFO - Setting next_dagrun for example_subdag_operator.section-1 to None, run_after=None
[2026-03-18T07:41:38.370+0530] {logging_mixin.py:188} INFO - [2026-03-18T07:41:38.370+0530] {dag.py:3834} INFO - Setting next_dagrun for example_subdag_operator.section-2 to None, run_after=None
[2026-03-18T07:41:38.371+0530] {logging_mixin.py:188} INFO - [2026-03-18T07:41:38.371+0530] {dag.py:3047} INFO - Sync 2 DAGs
[2026-03-18T07:41:38.372+0530] {logging_mixin.py:188} INFO - [2026-03-18T07:41:38.372+0530] {dag.py:3834} INFO - Setting next_dagrun for example_subdag_operator.section-1 to None, run_after=None
[2026-03-18T07:41:38.372+0530] {logging_mixin.py:188} INFO - [2026-03-18T07:41:38.372+0530] {dag.py:3834} INFO - Setting next_dagrun for example_subdag_operator.section-2 to None, run_after=None
[2026-03-18T07:41:38.377+0530] {processor.py:183} INFO - Processing /Users/vybhavswaroop/Desktop/untitled folder 3/ecommerce_platform/venv/lib/python3.11/site-packages/airflow/example_dags/example_subdag_operator.py took 0.065 seconds
[2026-03-18T07:43:14.745+0530] {processor.py:161} INFO - Started process (PID=7029) to work on /Users/vybhavswaroop/Desktop/untitled folder 3/ecommerce_platform/venv/lib/python3.11/site-packages/airflow/example_dags/example_subdag_operator.py
[2026-03-18T07:43:14.748+0530] {processor.py:830} INFO - Processing file /Users/vybhavswaroop/Desktop/untitled folder 3/ecommerce_platform/venv/lib/python3.11/site-packages/airflow/example_dags/example_subdag_operator.py for tasks to queue
[2026-03-18T07:43:14.748+0530] {logging_mixin.py:188} INFO - [2026-03-18T07:43:14.748+0530] {dagbag.py:540} INFO - Filling up the DagBag from /Users/vybhavswaroop/Desktop/untitled folder 3/ecommerce_platform/venv/lib/python3.11/site-packages/airflow/example_dags/example_subdag_operator.py
[2026-03-18T07:43:14.777+0530] {processor.py:840} INFO - DAG(s) 'example_subdag_operator.section-1', 'example_subdag_operator.section-2', 'example_subdag_operator' retrieved from /Users/vybhavswaroop/Desktop/untitled folder 3/ecommerce_platform/venv/lib/python3.11/site-packages/airflow/example_dags/example_subdag_operator.py
[2026-03-18T07:43:14.797+0530] {logging_mixin.py:188} INFO - [2026-03-18T07:43:14.796+0530] {dag.py:3047} INFO - Sync 3 DAGs
[2026-03-18T07:43:14.801+0530] {logging_mixin.py:188} INFO - [2026-03-18T07:43:14.801+0530] {dag.py:3834} INFO - Setting next_dagrun for example_subdag_operator to 2022-01-01 00:00:00+00:00, run_after=2022-01-01 00:00:00+00:00
[2026-03-18T07:43:14.802+0530] {logging_mixin.py:188} INFO - [2026-03-18T07:43:14.802+0530] {dag.py:3834} INFO - Setting next_dagrun for example_subdag_operator.section-1 to None, run_after=None
[2026-03-18T07:43:14.803+0530] {logging_mixin.py:188} INFO - [2026-03-18T07:43:14.803+0530] {dag.py:3834} INFO - Setting next_dagrun for example_subdag_operator.section-2 to None, run_after=None
[2026-03-18T07:43:14.804+0530] {logging_mixin.py:188} INFO - [2026-03-18T07:43:14.804+0530] {dag.py:3047} INFO - Sync 2 DAGs
[2026-03-18T07:43:14.805+0530] {logging_mixin.py:188} INFO - [2026-03-18T07:43:14.805+0530] {dag.py:3834} INFO - Setting next_dagrun for example_subdag_operator.section-1 to None, run_after=None
[2026-03-18T07:43:14.805+0530] {logging_mixin.py:188} INFO - [2026-03-18T07:43:14.805+0530] {dag.py:3834} INFO - Setting next_dagrun for example_subdag_operator.section-2 to None, run_after=None
[2026-03-18T07:43:14.809+0530] {processor.py:183} INFO - Processing /Users/vybhavswaroop/Desktop/untitled folder 3/ecommerce_platform/venv/lib/python3.11/site-packages/airflow/example_dags/example_subdag_operator.py took 0.064 seconds
[2026-03-18T07:44:48.702+0530] {processor.py:161} INFO - Started process (PID=7367) to work on /Users/vybhavswaroop/Desktop/untitled folder 3/ecommerce_platform/venv/lib/python3.11/site-packages/airflow/example_dags/example_subdag_operator.py
[2026-03-18T07:44:48.703+0530] {processor.py:830} INFO - Processing file /Users/vybhavswaroop/Desktop/untitled folder 3/ecommerce_platform/venv/lib/python3.11/site-packages/airflow/example_dags/example_subdag_operator.py for tasks to queue
[2026-03-18T07:44:48.703+0530] {logging_mixin.py:188} INFO - [2026-03-18T07:44:48.703+0530] {dagbag.py:540} INFO - Filling up the DagBag from /Users/vybhavswaroop/Desktop/untitled folder 3/ecommerce_platform/venv/lib/python3.11/site-packages/airflow/example_dags/example_subdag_operator.py
[2026-03-18T07:44:48.732+0530] {processor.py:840} INFO - DAG(s) 'example_subdag_operator.section-1', 'example_subdag_operator.section-2', 'example_subdag_operator' retrieved from /Users/vybhavswaroop/Desktop/untitled folder 3/ecommerce_platform/venv/lib/python3.11/site-packages/airflow/example_dags/example_subdag_operator.py
[2026-03-18T07:44:48.752+0530] {logging_mixin.py:188} INFO - [2026-03-18T07:44:48.752+0530] {dag.py:3047} INFO - Sync 3 DAGs
[2026-03-18T07:44:48.757+0530] {logging_mixin.py:188} INFO - [2026-03-18T07:44:48.757+0530] {dag.py:3834} INFO - Setting next_dagrun for example_subdag_operator to 2022-01-01 00:00:00+00:00, run_after=2022-01-01 00:00:00+00:00
[2026-03-18T07:44:48.758+0530] {logging_mixin.py:188} INFO - [2026-03-18T07:44:48.758+0530] {dag.py:3834} INFO - Setting next_dagrun for example_subdag_operator.section-1 to None, run_after=None
[2026-03-18T07:44:48.759+0530] {logging_mixin.py:188} INFO - [2026-03-18T07:44:48.758+0530] {dag.py:3834} INFO - Setting next_dagrun for example_subdag_operator.section-2 to None, run_after=None
[2026-03-18T07:44:48.760+0530] {logging_mixin.py:188} INFO - [2026-03-18T07:44:48.760+0530] {dag.py:3047} INFO - Sync 2 DAGs
[2026-03-18T07:44:48.761+0530] {logging_mixin.py:188} INFO - [2026-03-18T07:44:48.761+0530] {dag.py:3834} INFO - Setting next_dagrun for example_subdag_operator.section-1 to None, run_after=None
[2026-03-18T07:44:48.761+0530] {logging_mixin.py:188} INFO - [2026-03-18T07:44:48.761+0530] {dag.py:3834} INFO - Setting next_dagrun for example_subdag_operator.section-2 to None, run_after=None
[2026-03-18T07:44:48.765+0530] {processor.py:183} INFO - Processing /Users/vybhavswaroop/Desktop/untitled folder 3/ecommerce_platform/venv/lib/python3.11/site-packages/airflow/example_dags/example_subdag_operator.py took 0.063 seconds
[2026-03-18T07:46:11.453+0530] {processor.py:161} INFO - Started process (PID=7647) to work on /Users/vybhavswaroop/Desktop/untitled folder 3/ecommerce_platform/venv/lib/python3.11/site-packages/airflow/example_dags/example_subdag_operator.py
[2026-03-18T07:46:11.454+0530] {processor.py:830} INFO - Processing file /Users/vybhavswaroop/Desktop/untitled folder 3/ecommerce_platform/venv/lib/python3.11/site-packages/airflow/example_dags/example_subdag_operator.py for tasks to queue
[2026-03-18T07:46:11.454+0530] {logging_mixin.py:188} INFO - [2026-03-18T07:46:11.454+0530] {dagbag.py:540} INFO - Filling up the DagBag from /Users/vybhavswaroop/Desktop/untitled folder 3/ecommerce_platform/venv/lib/python3.11/site-packages/airflow/example_dags/example_subdag_operator.py
[2026-03-18T07:46:11.482+0530] {processor.py:840} INFO - DAG(s) 'example_subdag_operator.section-1', 'example_subdag_operator.section-2', 'example_subdag_operator' retrieved from /Users/vybhavswaroop/Desktop/untitled folder 3/ecommerce_platform/venv/lib/python3.11/site-packages/airflow/example_dags/example_subdag_operator.py
[2026-03-18T07:46:11.502+0530] {logging_mixin.py:188} INFO - [2026-03-18T07:46:11.502+0530] {dag.py:3047} INFO - Sync 3 DAGs
[2026-03-18T07:46:11.507+0530] {logging_mixin.py:188} INFO - [2026-03-18T07:46:11.507+0530] {dag.py:3834} INFO - Setting next_dagrun for example_subdag_operator to 2022-01-01 00:00:00+00:00, run_after=2022-01-01 00:00:00+00:00
[2026-03-18T07:46:11.508+0530] {logging_mixin.py:188} INFO - [2026-03-18T07:46:11.508+0530] {dag.py:3834} INFO - Setting next_dagrun for example_subdag_operator.section-1 to None, run_after=None
[2026-03-18T07:46:11.508+0530] {logging_mixin.py:188} INFO - [2026-03-18T07:46:11.508+0530] {dag.py:3834} INFO - Setting next_dagrun for example_subdag_operator.section-2 to None, run_after=None
[2026-03-18T07:46:11.510+0530] {logging_mixin.py:188} INFO - [2026-03-18T07:46:11.510+0530] {dag.py:3047} INFO - Sync 2 DAGs
[2026-03-18T07:46:11.511+0530] {logging_mixin.py:188} INFO - [2026-03-18T07:46:11.511+0530] {dag.py:3834} INFO - Setting next_dagrun for example_subdag_operator.section-1 to None, run_after=None
[2026-03-18T07:46:11.511+0530] {logging_mixin.py:188} INFO - [2026-03-18T07:46:11.511+0530] {dag.py:3834} INFO - Setting next_dagrun for example_subdag_operator.section-2 to None, run_after=None
[2026-03-18T07:46:11.514+0530] {processor.py:183} INFO - Processing /Users/vybhavswaroop/Desktop/untitled folder 3/ecommerce_platform/venv/lib/python3.11/site-packages/airflow/example_dags/example_subdag_operator.py took 0.062 seconds
[2026-03-18T07:47:33.828+0530] {processor.py:161} INFO - Started process (PID=7946) to work on /Users/vybhavswaroop/Desktop/untitled folder 3/ecommerce_platform/venv/lib/python3.11/site-packages/airflow/example_dags/example_subdag_operator.py
[2026-03-18T07:47:33.829+0530] {processor.py:830} INFO - Processing file /Users/vybhavswaroop/Desktop/untitled folder 3/ecommerce_platform/venv/lib/python3.11/site-packages/airflow/example_dags/example_subdag_operator.py for tasks to queue
[2026-03-18T07:47:33.829+0530] {logging_mixin.py:188} INFO - [2026-03-18T07:47:33.829+0530] {dagbag.py:540} INFO - Filling up the DagBag from /Users/vybhavswaroop/Desktop/untitled folder 3/ecommerce_platform/venv/lib/python3.11/site-packages/airflow/example_dags/example_subdag_operator.py
[2026-03-18T07:47:33.859+0530] {processor.py:840} INFO - DAG(s) 'example_subdag_operator.section-1', 'example_subdag_operator.section-2', 'example_subdag_operator' retrieved from /Users/vybhavswaroop/Desktop/untitled folder 3/ecommerce_platform/venv/lib/python3.11/site-packages/airflow/example_dags/example_subdag_operator.py
[2026-03-18T07:47:33.881+0530] {logging_mixin.py:188} INFO - [2026-03-18T07:47:33.881+0530] {dag.py:3047} INFO - Sync 3 DAGs
[2026-03-18T07:47:33.886+0530] {logging_mixin.py:188} INFO - [2026-03-18T07:47:33.886+0530] {dag.py:3834} INFO - Setting next_dagrun for example_subdag_operator to 2022-01-01 00:00:00+00:00, run_after=2022-01-01 00:00:00+00:00
[2026-03-18T07:47:33.887+0530] {logging_mixin.py:188} INFO - [2026-03-18T07:47:33.887+0530] {dag.py:3834} INFO - Setting next_dagrun for example_subdag_operator.section-1 to None, run_after=None
[2026-03-18T07:47:33.887+0530] {logging_mixin.py:188} INFO - [2026-03-18T07:47:33.887+0530] {dag.py:3834} INFO - Setting next_dagrun for example_subdag_operator.section-2 to None, run_after=None
[2026-03-18T07:47:33.889+0530] {logging_mixin.py:188} INFO - [2026-03-18T07:47:33.889+0530] {dag.py:3047} INFO - Sync 2 DAGs
[2026-03-18T07:47:33.890+0530] {logging_mixin.py:188} INFO - [2026-03-18T07:47:33.890+0530] {dag.py:3834} INFO - Setting next_dagrun for example_subdag_operator.section-1 to None, run_after=None
[2026-03-18T07:47:33.890+0530] {logging_mixin.py:188} INFO - [2026-03-18T07:47:33.890+0530] {dag.py:3834} INFO - Setting next_dagrun for example_subdag_operator.section-2 to None, run_after=None
[2026-03-18T07:47:33.894+0530] {processor.py:183} INFO - Processing /Users/vybhavswaroop/Desktop/untitled folder 3/ecommerce_platform/venv/lib/python3.11/site-packages/airflow/example_dags/example_subdag_operator.py took 0.066 seconds
[2026-03-18T07:48:56.447+0530] {processor.py:161} INFO - Started process (PID=8269) to work on /Users/vybhavswaroop/Desktop/untitled folder 3/ecommerce_platform/venv/lib/python3.11/site-packages/airflow/example_dags/example_subdag_operator.py
[2026-03-18T07:48:56.448+0530] {processor.py:830} INFO - Processing file /Users/vybhavswaroop/Desktop/untitled folder 3/ecommerce_platform/venv/lib/python3.11/site-packages/airflow/example_dags/example_subdag_operator.py for tasks to queue
[2026-03-18T07:48:56.448+0530] {logging_mixin.py:188} INFO - [2026-03-18T07:48:56.448+0530] {dagbag.py:540} INFO - Filling up the DagBag from /Users/vybhavswaroop/Desktop/untitled folder 3/ecommerce_platform/venv/lib/python3.11/site-packages/airflow/example_dags/example_subdag_operator.py
[2026-03-18T07:48:56.477+0530] {processor.py:840} INFO - DAG(s) 'example_subdag_operator.section-1', 'example_subdag_operator.section-2', 'example_subdag_operator' retrieved from /Users/vybhavswaroop/Desktop/untitled folder 3/ecommerce_platform/venv/lib/python3.11/site-packages/airflow/example_dags/example_subdag_operator.py
[2026-03-18T07:48:56.498+0530] {logging_mixin.py:188} INFO - [2026-03-18T07:48:56.498+0530] {dag.py:3047} INFO - Sync 3 DAGs
[2026-03-18T07:48:56.503+0530] {logging_mixin.py:188} INFO - [2026-03-18T07:48:56.503+0530] {dag.py:3834} INFO - Setting next_dagrun for example_subdag_operator to 2022-01-01 00:00:00+00:00, run_after=2022-01-01 00:00:00+00:00
[2026-03-18T07:48:56.504+0530] {logging_mixin.py:188} INFO - [2026-03-18T07:48:56.504+0530] {dag.py:3834} INFO - Setting next_dagrun for example_subdag_operator.section-1 to None, run_after=None
[2026-03-18T07:48:56.504+0530] {logging_mixin.py:188} INFO - [2026-03-18T07:48:56.504+0530] {dag.py:3834} INFO - Setting next_dagrun for example_subdag_operator.section-2 to None, run_after=None
[2026-03-18T07:48:56.506+0530] {logging_mixin.py:188} INFO - [2026-03-18T07:48:56.505+0530] {dag.py:3047} INFO - Sync 2 DAGs
[2026-03-18T07:48:56.507+0530] {logging_mixin.py:188} INFO - [2026-03-18T07:48:56.506+0530] {dag.py:3834} INFO - Setting next_dagrun for example_subdag_operator.section-1 to None, run_after=None
[2026-03-18T07:48:56.507+0530] {logging_mixin.py:188} INFO - [2026-03-18T07:48:56.507+0530] {dag.py:3834} INFO - Setting next_dagrun for example_subdag_operator.section-2 to None, run_after=None
[2026-03-18T07:48:56.510+0530] {processor.py:183} INFO - Processing /Users/vybhavswaroop/Desktop/untitled folder 3/ecommerce_platform/venv/lib/python3.11/site-packages/airflow/example_dags/example_subdag_operator.py took 0.063 seconds
[2026-03-18T07:50:23.052+0530] {processor.py:161} INFO - Started process (PID=8846) to work on /Users/vybhavswaroop/Desktop/untitled folder 3/ecommerce_platform/venv/lib/python3.11/site-packages/airflow/example_dags/example_subdag_operator.py
[2026-03-18T07:50:23.053+0530] {processor.py:830} INFO - Processing file /Users/vybhavswaroop/Desktop/untitled folder 3/ecommerce_platform/venv/lib/python3.11/site-packages/airflow/example_dags/example_subdag_operator.py for tasks to queue
[2026-03-18T07:50:23.053+0530] {logging_mixin.py:188} INFO - [2026-03-18T07:50:23.053+0530] {dagbag.py:540} INFO - Filling up the DagBag from /Users/vybhavswaroop/Desktop/untitled folder 3/ecommerce_platform/venv/lib/python3.11/site-packages/airflow/example_dags/example_subdag_operator.py
[2026-03-18T07:50:23.082+0530] {processor.py:840} INFO - DAG(s) 'example_subdag_operator.section-1', 'example_subdag_operator.section-2', 'example_subdag_operator' retrieved from /Users/vybhavswaroop/Desktop/untitled folder 3/ecommerce_platform/venv/lib/python3.11/site-packages/airflow/example_dags/example_subdag_operator.py
[2026-03-18T07:50:23.102+0530] {logging_mixin.py:188} INFO - [2026-03-18T07:50:23.102+0530] {dag.py:3047} INFO - Sync 3 DAGs
[2026-03-18T07:50:23.107+0530] {logging_mixin.py:188} INFO - [2026-03-18T07:50:23.107+0530] {dag.py:3834} INFO - Setting next_dagrun for example_subdag_operator to 2022-01-01 00:00:00+00:00, run_after=2022-01-01 00:00:00+00:00
[2026-03-18T07:50:23.108+0530] {logging_mixin.py:188} INFO - [2026-03-18T07:50:23.108+0530] {dag.py:3834} INFO - Setting next_dagrun for example_subdag_operator.section-1 to None, run_after=None
[2026-03-18T07:50:23.109+0530] {logging_mixin.py:188} INFO - [2026-03-18T07:50:23.108+0530] {dag.py:3834} INFO - Setting next_dagrun for example_subdag_operator.section-2 to None, run_after=None
[2026-03-18T07:50:23.110+0530] {logging_mixin.py:188} INFO - [2026-03-18T07:50:23.110+0530] {dag.py:3047} INFO - Sync 2 DAGs
[2026-03-18T07:50:23.111+0530] {logging_mixin.py:188} INFO - [2026-03-18T07:50:23.111+0530] {dag.py:3834} INFO - Setting next_dagrun for example_subdag_operator.section-1 to None, run_after=None
[2026-03-18T07:50:23.111+0530] {logging_mixin.py:188} INFO - [2026-03-18T07:50:23.111+0530] {dag.py:3834} INFO - Setting next_dagrun for example_subdag_operator.section-2 to None, run_after=None
[2026-03-18T07:50:23.115+0530] {processor.py:183} INFO - Processing /Users/vybhavswaroop/Desktop/untitled folder 3/ecommerce_platform/venv/lib/python3.11/site-packages/airflow/example_dags/example_subdag_operator.py took 0.063 seconds
[2026-03-18T07:51:49.108+0530] {processor.py:161} INFO - Started process (PID=9701) to work on /Users/vybhavswaroop/Desktop/untitled folder 3/ecommerce_platform/venv/lib/python3.11/site-packages/airflow/example_dags/example_subdag_operator.py
[2026-03-18T07:51:49.109+0530] {processor.py:830} INFO - Processing file /Users/vybhavswaroop/Desktop/untitled folder 3/ecommerce_platform/venv/lib/python3.11/site-packages/airflow/example_dags/example_subdag_operator.py for tasks to queue
[2026-03-18T07:51:49.110+0530] {logging_mixin.py:188} INFO - [2026-03-18T07:51:49.110+0530] {dagbag.py:540} INFO - Filling up the DagBag from /Users/vybhavswaroop/Desktop/untitled folder 3/ecommerce_platform/venv/lib/python3.11/site-packages/airflow/example_dags/example_subdag_operator.py
[2026-03-18T07:51:49.138+0530] {processor.py:840} INFO - DAG(s) 'example_subdag_operator.section-1', 'example_subdag_operator.section-2', 'example_subdag_operator' retrieved from /Users/vybhavswaroop/Desktop/untitled folder 3/ecommerce_platform/venv/lib/python3.11/site-packages/airflow/example_dags/example_subdag_operator.py
[2026-03-18T07:51:49.158+0530] {logging_mixin.py:188} INFO - [2026-03-18T07:51:49.158+0530] {dag.py:3047} INFO - Sync 3 DAGs
[2026-03-18T07:51:49.163+0530] {logging_mixin.py:188} INFO - [2026-03-18T07:51:49.163+0530] {dag.py:3834} INFO - Setting next_dagrun for example_subdag_operator to 2022-01-01 00:00:00+00:00, run_after=2022-01-01 00:00:00+00:00
[2026-03-18T07:51:49.164+0530] {logging_mixin.py:188} INFO - [2026-03-18T07:51:49.164+0530] {dag.py:3834} INFO - Setting next_dagrun for example_subdag_operator.section-1 to None, run_after=None
[2026-03-18T07:51:49.164+0530] {logging_mixin.py:188} INFO - [2026-03-18T07:51:49.164+0530] {dag.py:3834} INFO - Setting next_dagrun for example_subdag_operator.section-2 to None, run_after=None
[2026-03-18T07:51:49.166+0530] {logging_mixin.py:188} INFO - [2026-03-18T07:51:49.166+0530] {dag.py:3047} INFO - Sync 2 DAGs
[2026-03-18T07:51:49.167+0530] {logging_mixin.py:188} INFO - [2026-03-18T07:51:49.167+0530] {dag.py:3834} INFO - Setting next_dagrun for example_subdag_operator.section-1 to None, run_after=None
[2026-03-18T07:51:49.167+0530] {logging_mixin.py:188} INFO - [2026-03-18T07:51:49.167+0530] {dag.py:3834} INFO - Setting next_dagrun for example_subdag_operator.section-2 to None, run_after=None
[2026-03-18T07:51:49.171+0530] {processor.py:183} INFO - Processing /Users/vybhavswaroop/Desktop/untitled folder 3/ecommerce_platform/venv/lib/python3.11/site-packages/airflow/example_dags/example_subdag_operator.py took 0.063 seconds
[2026-03-18T07:53:20.255+0530] {processor.py:161} INFO - Started process (PID=10804) to work on /Users/vybhavswaroop/Desktop/untitled folder 3/ecommerce_platform/venv/lib/python3.11/site-packages/airflow/example_dags/example_subdag_operator.py
[2026-03-18T07:53:20.256+0530] {processor.py:830} INFO - Processing file /Users/vybhavswaroop/Desktop/untitled folder 3/ecommerce_platform/venv/lib/python3.11/site-packages/airflow/example_dags/example_subdag_operator.py for tasks to queue
[2026-03-18T07:53:20.257+0530] {logging_mixin.py:188} INFO - [2026-03-18T07:53:20.257+0530] {dagbag.py:540} INFO - Filling up the DagBag from /Users/vybhavswaroop/Desktop/untitled folder 3/ecommerce_platform/venv/lib/python3.11/site-packages/airflow/example_dags/example_subdag_operator.py
[2026-03-18T07:53:20.285+0530] {processor.py:840} INFO - DAG(s) 'example_subdag_operator.section-1', 'example_subdag_operator.section-2', 'example_subdag_operator' retrieved from /Users/vybhavswaroop/Desktop/untitled folder 3/ecommerce_platform/venv/lib/python3.11/site-packages/airflow/example_dags/example_subdag_operator.py
[2026-03-18T07:53:20.329+0530] {logging_mixin.py:188} INFO - [2026-03-18T07:53:20.329+0530] {dag.py:3047} INFO - Sync 3 DAGs
[2026-03-18T07:53:20.333+0530] {logging_mixin.py:188} INFO - [2026-03-18T07:53:20.333+0530] {dag.py:3834} INFO - Setting next_dagrun for example_subdag_operator to 2022-01-01 00:00:00+00:00, run_after=2022-01-01 00:00:00+00:00
[2026-03-18T07:53:20.335+0530] {logging_mixin.py:188} INFO - [2026-03-18T07:53:20.335+0530] {dag.py:3834} INFO - Setting next_dagrun for example_subdag_operator.section-1 to None, run_after=None
[2026-03-18T07:53:20.335+0530] {logging_mixin.py:188} INFO - [2026-03-18T07:53:20.335+0530] {dag.py:3834} INFO - Setting next_dagrun for example_subdag_operator.section-2 to None, run_after=None
[2026-03-18T07:53:20.337+0530] {logging_mixin.py:188} INFO - [2026-03-18T07:53:20.337+0530] {dag.py:3047} INFO - Sync 2 DAGs
[2026-03-18T07:53:20.338+0530] {logging_mixin.py:188} INFO - [2026-03-18T07:53:20.338+0530] {dag.py:3834} INFO - Setting next_dagrun for example_subdag_operator.section-1 to None, run_after=None
[2026-03-18T07:53:20.338+0530] {logging_mixin.py:188} INFO - [2026-03-18T07:53:20.338+0530] {dag.py:3834} INFO - Setting next_dagrun for example_subdag_operator.section-2 to None, run_after=None
[2026-03-18T07:53:20.341+0530] {processor.py:183} INFO - Processing /Users/vybhavswaroop/Desktop/untitled folder 3/ecommerce_platform/venv/lib/python3.11/site-packages/airflow/example_dags/example_subdag_operator.py took 0.087 seconds
[2026-03-18T07:55:25.003+0530] {processor.py:161} INFO - Started process (PID=11171) to work on /Users/vybhavswaroop/Desktop/untitled folder 3/ecommerce_platform/venv/lib/python3.11/site-packages/airflow/example_dags/example_subdag_operator.py
[2026-03-18T07:55:25.004+0530] {processor.py:830} INFO - Processing file /Users/vybhavswaroop/Desktop/untitled folder 3/ecommerce_platform/venv/lib/python3.11/site-packages/airflow/example_dags/example_subdag_operator.py for tasks to queue
[2026-03-18T07:55:25.004+0530] {logging_mixin.py:188} INFO - [2026-03-18T07:55:25.004+0530] {dagbag.py:540} INFO - Filling up the DagBag from /Users/vybhavswaroop/Desktop/untitled folder 3/ecommerce_platform/venv/lib/python3.11/site-packages/airflow/example_dags/example_subdag_operator.py
[2026-03-18T07:55:25.033+0530] {processor.py:840} INFO - DAG(s) 'example_subdag_operator.section-1', 'example_subdag_operator.section-2', 'example_subdag_operator' retrieved from /Users/vybhavswaroop/Desktop/untitled folder 3/ecommerce_platform/venv/lib/python3.11/site-packages/airflow/example_dags/example_subdag_operator.py
[2026-03-18T07:55:25.053+0530] {logging_mixin.py:188} INFO - [2026-03-18T07:55:25.053+0530] {dag.py:3047} INFO - Sync 3 DAGs
[2026-03-18T07:55:25.058+0530] {logging_mixin.py:188} INFO - [2026-03-18T07:55:25.057+0530] {dag.py:3834} INFO - Setting next_dagrun for example_subdag_operator to 2022-01-01 00:00:00+00:00, run_after=2022-01-01 00:00:00+00:00
[2026-03-18T07:55:25.058+0530] {logging_mixin.py:188} INFO - [2026-03-18T07:55:25.058+0530] {dag.py:3834} INFO - Setting next_dagrun for example_subdag_operator.section-1 to None, run_after=None
[2026-03-18T07:55:25.059+0530] {logging_mixin.py:188} INFO - [2026-03-18T07:55:25.059+0530] {dag.py:3834} INFO - Setting next_dagrun for example_subdag_operator.section-2 to None, run_after=None
[2026-03-18T07:55:25.060+0530] {logging_mixin.py:188} INFO - [2026-03-18T07:55:25.060+0530] {dag.py:3047} INFO - Sync 2 DAGs
[2026-03-18T07:55:25.061+0530] {logging_mixin.py:188} INFO - [2026-03-18T07:55:25.061+0530] {dag.py:3834} INFO - Setting next_dagrun for example_subdag_operator.section-1 to None, run_after=None
[2026-03-18T07:55:25.061+0530] {logging_mixin.py:188} INFO - [2026-03-18T07:55:25.061+0530] {dag.py:3834} INFO - Setting next_dagrun for example_subdag_operator.section-2 to None, run_after=None
[2026-03-18T07:55:25.065+0530] {processor.py:183} INFO - Processing /Users/vybhavswaroop/Desktop/untitled folder 3/ecommerce_platform/venv/lib/python3.11/site-packages/airflow/example_dags/example_subdag_operator.py took 0.062 seconds
[2026-03-18T07:56:56.819+0530] {processor.py:161} INFO - Started process (PID=11434) to work on /Users/vybhavswaroop/Desktop/untitled folder 3/ecommerce_platform/venv/lib/python3.11/site-packages/airflow/example_dags/example_subdag_operator.py
[2026-03-18T07:56:56.819+0530] {processor.py:830} INFO - Processing file /Users/vybhavswaroop/Desktop/untitled folder 3/ecommerce_platform/venv/lib/python3.11/site-packages/airflow/example_dags/example_subdag_operator.py for tasks to queue
[2026-03-18T07:56:56.820+0530] {logging_mixin.py:188} INFO - [2026-03-18T07:56:56.820+0530] {dagbag.py:540} INFO - Filling up the DagBag from /Users/vybhavswaroop/Desktop/untitled folder 3/ecommerce_platform/venv/lib/python3.11/site-packages/airflow/example_dags/example_subdag_operator.py
[2026-03-18T07:56:56.846+0530] {processor.py:840} INFO - DAG(s) 'example_subdag_operator.section-1', 'example_subdag_operator.section-2', 'example_subdag_operator' retrieved from /Users/vybhavswaroop/Desktop/untitled folder 3/ecommerce_platform/venv/lib/python3.11/site-packages/airflow/example_dags/example_subdag_operator.py
[2026-03-18T07:56:56.865+0530] {logging_mixin.py:188} INFO - [2026-03-18T07:56:56.865+0530] {dag.py:3047} INFO - Sync 3 DAGs
[2026-03-18T07:56:56.869+0530] {logging_mixin.py:188} INFO - [2026-03-18T07:56:56.869+0530] {dag.py:3834} INFO - Setting next_dagrun for example_subdag_operator to 2022-01-01 00:00:00+00:00, run_after=2022-01-01 00:00:00+00:00
[2026-03-18T07:56:56.870+0530] {logging_mixin.py:188} INFO - [2026-03-18T07:56:56.870+0530] {dag.py:3834} INFO - Setting next_dagrun for example_subdag_operator.section-1 to None, run_after=None
[2026-03-18T07:56:56.871+0530] {logging_mixin.py:188} INFO - [2026-03-18T07:56:56.870+0530] {dag.py:3834} INFO - Setting next_dagrun for example_subdag_operator.section-2 to None, run_after=None
[2026-03-18T07:56:56.872+0530] {logging_mixin.py:188} INFO - [2026-03-18T07:56:56.872+0530] {dag.py:3047} INFO - Sync 2 DAGs
[2026-03-18T07:56:56.873+0530] {logging_mixin.py:188} INFO - [2026-03-18T07:56:56.873+0530] {dag.py:3834} INFO - Setting next_dagrun for example_subdag_operator.section-1 to None, run_after=None
[2026-03-18T07:56:56.873+0530] {logging_mixin.py:188} INFO - [2026-03-18T07:56:56.873+0530] {dag.py:3834} INFO - Setting next_dagrun for example_subdag_operator.section-2 to None, run_after=None
[2026-03-18T07:56:56.876+0530] {processor.py:183} INFO - Processing /Users/vybhavswaroop/Desktop/untitled folder 3/ecommerce_platform/venv/lib/python3.11/site-packages/airflow/example_dags/example_subdag_operator.py took 0.058 seconds
[2026-03-18T07:58:22.059+0530] {processor.py:161} INFO - Started process (PID=11680) to work on /Users/vybhavswaroop/Desktop/untitled folder 3/ecommerce_platform/venv/lib/python3.11/site-packages/airflow/example_dags/example_subdag_operator.py
[2026-03-18T07:58:22.059+0530] {processor.py:830} INFO - Processing file /Users/vybhavswaroop/Desktop/untitled folder 3/ecommerce_platform/venv/lib/python3.11/site-packages/airflow/example_dags/example_subdag_operator.py for tasks to queue
[2026-03-18T07:58:22.060+0530] {logging_mixin.py:188} INFO - [2026-03-18T07:58:22.059+0530] {dagbag.py:540} INFO - Filling up the DagBag from /Users/vybhavswaroop/Desktop/untitled folder 3/ecommerce_platform/venv/lib/python3.11/site-packages/airflow/example_dags/example_subdag_operator.py
[2026-03-18T07:58:22.088+0530] {processor.py:840} INFO - DAG(s) 'example_subdag_operator.section-1', 'example_subdag_operator.section-2', 'example_subdag_operator' retrieved from /Users/vybhavswaroop/Desktop/untitled folder 3/ecommerce_platform/venv/lib/python3.11/site-packages/airflow/example_dags/example_subdag_operator.py
[2026-03-18T07:58:22.109+0530] {logging_mixin.py:188} INFO - [2026-03-18T07:58:22.109+0530] {dag.py:3047} INFO - Sync 3 DAGs
[2026-03-18T07:58:22.114+0530] {logging_mixin.py:188} INFO - [2026-03-18T07:58:22.114+0530] {dag.py:3834} INFO - Setting next_dagrun for example_subdag_operator to 2022-01-01 00:00:00+00:00, run_after=2022-01-01 00:00:00+00:00
[2026-03-18T07:58:22.115+0530] {logging_mixin.py:188} INFO - [2026-03-18T07:58:22.115+0530] {dag.py:3834} INFO - Setting next_dagrun for example_subdag_operator.section-1 to None, run_after=None
[2026-03-18T07:58:22.115+0530] {logging_mixin.py:188} INFO - [2026-03-18T07:58:22.115+0530] {dag.py:3834} INFO - Setting next_dagrun for example_subdag_operator.section-2 to None, run_after=None
[2026-03-18T07:58:22.117+0530] {logging_mixin.py:188} INFO - [2026-03-18T07:58:22.117+0530] {dag.py:3047} INFO - Sync 2 DAGs
[2026-03-18T07:58:22.118+0530] {logging_mixin.py:188} INFO - [2026-03-18T07:58:22.118+0530] {dag.py:3834} INFO - Setting next_dagrun for example_subdag_operator.section-1 to None, run_after=None
[2026-03-18T07:58:22.118+0530] {logging_mixin.py:188} INFO - [2026-03-18T07:58:22.118+0530] {dag.py:3834} INFO - Setting next_dagrun for example_subdag_operator.section-2 to None, run_after=None
[2026-03-18T07:58:22.122+0530] {processor.py:183} INFO - Processing /Users/vybhavswaroop/Desktop/untitled folder 3/ecommerce_platform/venv/lib/python3.11/site-packages/airflow/example_dags/example_subdag_operator.py took 0.063 seconds
