[2026-03-18T07:19:09.684+0530] {processor.py:161} INFO - Started process (PID=98538) to work on /Users/vybhavswaroop/Desktop/untitled folder 3/ecommerce_platform/venv/lib/python3.11/site-packages/airflow/example_dags/example_datasets.py
[2026-03-18T07:19:09.685+0530] {processor.py:830} INFO - Processing file /Users/vybhavswaroop/Desktop/untitled folder 3/ecommerce_platform/venv/lib/python3.11/site-packages/airflow/example_dags/example_datasets.py for tasks to queue
[2026-03-18T07:19:09.685+0530] {logging_mixin.py:188} INFO - [2026-03-18T07:19:09.685+0530] {dagbag.py:540} INFO - Filling up the DagBag from /Users/vybhavswaroop/Desktop/untitled folder 3/ecommerce_platform/venv/lib/python3.11/site-packages/airflow/example_dags/example_datasets.py
[2026-03-18T07:19:09.689+0530] {processor.py:840} INFO - DAG(s) 'dataset_consumes_1', 'dataset_produces_1', 'dataset_consumes_1_never_scheduled', 'dataset_consumes_1_and_2', 'dataset_consumes_unknown_never_scheduled', 'dataset_produces_2' retrieved from /Users/vybhavswaroop/Desktop/untitled folder 3/ecommerce_platform/venv/lib/python3.11/site-packages/airflow/example_dags/example_datasets.py
[2026-03-18T07:19:09.731+0530] {logging_mixin.py:188} INFO - [2026-03-18T07:19:09.730+0530] {dag.py:3047} INFO - Sync 6 DAGs
[2026-03-18T07:19:09.737+0530] {logging_mixin.py:188} INFO - [2026-03-18T07:19:09.736+0530] {dag.py:3834} INFO - Setting next_dagrun for dataset_consumes_1 to None, run_after=None
[2026-03-18T07:19:09.738+0530] {logging_mixin.py:188} INFO - [2026-03-18T07:19:09.737+0530] {dag.py:3834} INFO - Setting next_dagrun for dataset_consumes_1_and_2 to None, run_after=None
[2026-03-18T07:19:09.738+0530] {logging_mixin.py:188} INFO - [2026-03-18T07:19:09.738+0530] {dag.py:3834} INFO - Setting next_dagrun for dataset_consumes_1_never_scheduled to None, run_after=None
[2026-03-18T07:19:09.738+0530] {logging_mixin.py:188} INFO - [2026-03-18T07:19:09.738+0530] {dag.py:3834} INFO - Setting next_dagrun for dataset_consumes_unknown_never_scheduled to None, run_after=None
[2026-03-18T07:19:09.739+0530] {logging_mixin.py:188} INFO - [2026-03-18T07:19:09.739+0530] {dag.py:3834} INFO - Setting next_dagrun for dataset_produces_1 to 2026-03-17 00:00:00+00:00, run_after=2026-03-18 00:00:00+00:00
[2026-03-18T07:19:09.739+0530] {logging_mixin.py:188} INFO - [2026-03-18T07:19:09.739+0530] {dag.py:3834} INFO - Setting next_dagrun for dataset_produces_2 to None, run_after=None
[2026-03-18T07:19:09.748+0530] {processor.py:183} INFO - Processing /Users/vybhavswaroop/Desktop/untitled folder 3/ecommerce_platform/venv/lib/python3.11/site-packages/airflow/example_dags/example_datasets.py took 0.064 seconds
[2026-03-18T07:23:12.484+0530] {processor.py:161} INFO - Started process (PID=3198) to work on /Users/vybhavswaroop/Desktop/untitled folder 3/ecommerce_platform/venv/lib/python3.11/site-packages/airflow/example_dags/example_datasets.py
[2026-03-18T07:23:12.486+0530] {processor.py:830} INFO - Processing file /Users/vybhavswaroop/Desktop/untitled folder 3/ecommerce_platform/venv/lib/python3.11/site-packages/airflow/example_dags/example_datasets.py for tasks to queue
[2026-03-18T07:23:12.486+0530] {logging_mixin.py:188} INFO - [2026-03-18T07:23:12.486+0530] {dagbag.py:540} INFO - Filling up the DagBag from /Users/vybhavswaroop/Desktop/untitled folder 3/ecommerce_platform/venv/lib/python3.11/site-packages/airflow/example_dags/example_datasets.py
[2026-03-18T07:23:12.490+0530] {processor.py:840} INFO - DAG(s) 'dataset_produces_2', 'dataset_consumes_unknown_never_scheduled', 'dataset_produces_1', 'dataset_consumes_1_and_2', 'dataset_consumes_1_never_scheduled', 'dataset_consumes_1' retrieved from /Users/vybhavswaroop/Desktop/untitled folder 3/ecommerce_platform/venv/lib/python3.11/site-packages/airflow/example_dags/example_datasets.py
[2026-03-18T07:23:12.560+0530] {logging_mixin.py:188} INFO - [2026-03-18T07:23:12.560+0530] {dag.py:3047} INFO - Sync 6 DAGs
[2026-03-18T07:23:12.565+0530] {logging_mixin.py:188} INFO - [2026-03-18T07:23:12.565+0530] {dag.py:3834} INFO - Setting next_dagrun for dataset_consumes_1 to None, run_after=None
[2026-03-18T07:23:12.566+0530] {logging_mixin.py:188} INFO - [2026-03-18T07:23:12.566+0530] {dag.py:3834} INFO - Setting next_dagrun for dataset_consumes_1_and_2 to None, run_after=None
[2026-03-18T07:23:12.566+0530] {logging_mixin.py:188} INFO - [2026-03-18T07:23:12.566+0530] {dag.py:3834} INFO - Setting next_dagrun for dataset_consumes_1_never_scheduled to None, run_after=None
[2026-03-18T07:23:12.566+0530] {logging_mixin.py:188} INFO - [2026-03-18T07:23:12.566+0530] {dag.py:3834} INFO - Setting next_dagrun for dataset_consumes_unknown_never_scheduled to None, run_after=None
[2026-03-18T07:23:12.567+0530] {logging_mixin.py:188} INFO - [2026-03-18T07:23:12.567+0530] {dag.py:3834} INFO - Setting next_dagrun for dataset_produces_1 to 2026-03-17 00:00:00+00:00, run_after=2026-03-18 00:00:00+00:00
[2026-03-18T07:23:12.567+0530] {logging_mixin.py:188} INFO - [2026-03-18T07:23:12.567+0530] {dag.py:3834} INFO - Setting next_dagrun for dataset_produces_2 to None, run_after=None
[2026-03-18T07:23:12.576+0530] {processor.py:183} INFO - Processing /Users/vybhavswaroop/Desktop/untitled folder 3/ecommerce_platform/venv/lib/python3.11/site-packages/airflow/example_dags/example_datasets.py took 0.092 seconds
[2026-03-18T07:26:01.871+0530] {processor.py:161} INFO - Started process (PID=3711) to work on /Users/vybhavswaroop/Desktop/untitled folder 3/ecommerce_platform/venv/lib/python3.11/site-packages/airflow/example_dags/example_datasets.py
[2026-03-18T07:26:01.871+0530] {processor.py:830} INFO - Processing file /Users/vybhavswaroop/Desktop/untitled folder 3/ecommerce_platform/venv/lib/python3.11/site-packages/airflow/example_dags/example_datasets.py for tasks to queue
[2026-03-18T07:26:01.871+0530] {logging_mixin.py:188} INFO - [2026-03-18T07:26:01.871+0530] {dagbag.py:540} INFO - Filling up the DagBag from /Users/vybhavswaroop/Desktop/untitled folder 3/ecommerce_platform/venv/lib/python3.11/site-packages/airflow/example_dags/example_datasets.py
[2026-03-18T07:26:01.876+0530] {processor.py:840} INFO - DAG(s) 'dataset_consumes_1_and_2', 'dataset_produces_2', 'dataset_consumes_unknown_never_scheduled', 'dataset_consumes_1_never_scheduled', 'dataset_produces_1', 'dataset_consumes_1' retrieved from /Users/vybhavswaroop/Desktop/untitled folder 3/ecommerce_platform/venv/lib/python3.11/site-packages/airflow/example_dags/example_datasets.py
[2026-03-18T07:26:01.913+0530] {logging_mixin.py:188} INFO - [2026-03-18T07:26:01.913+0530] {dag.py:3047} INFO - Sync 6 DAGs
[2026-03-18T07:26:01.919+0530] {logging_mixin.py:188} INFO - [2026-03-18T07:26:01.919+0530] {dag.py:3834} INFO - Setting next_dagrun for dataset_consumes_1 to None, run_after=None
[2026-03-18T07:26:01.920+0530] {logging_mixin.py:188} INFO - [2026-03-18T07:26:01.919+0530] {dag.py:3834} INFO - Setting next_dagrun for dataset_consumes_1_and_2 to None, run_after=None
[2026-03-18T07:26:01.920+0530] {logging_mixin.py:188} INFO - [2026-03-18T07:26:01.920+0530] {dag.py:3834} INFO - Setting next_dagrun for dataset_consumes_1_never_scheduled to None, run_after=None
[2026-03-18T07:26:01.920+0530] {logging_mixin.py:188} INFO - [2026-03-18T07:26:01.920+0530] {dag.py:3834} INFO - Setting next_dagrun for dataset_consumes_unknown_never_scheduled to None, run_after=None
[2026-03-18T07:26:01.921+0530] {logging_mixin.py:188} INFO - [2026-03-18T07:26:01.921+0530] {dag.py:3834} INFO - Setting next_dagrun for dataset_produces_1 to 2026-03-17 00:00:00+00:00, run_after=2026-03-18 00:00:00+00:00
[2026-03-18T07:26:01.921+0530] {logging_mixin.py:188} INFO - [2026-03-18T07:26:01.921+0530] {dag.py:3834} INFO - Setting next_dagrun for dataset_produces_2 to None, run_after=None
[2026-03-18T07:26:01.929+0530] {processor.py:183} INFO - Processing /Users/vybhavswaroop/Desktop/untitled folder 3/ecommerce_platform/venv/lib/python3.11/site-packages/airflow/example_dags/example_datasets.py took 0.058 seconds
[2026-03-18T07:28:47.309+0530] {processor.py:161} INFO - Started process (PID=4199) to work on /Users/vybhavswaroop/Desktop/untitled folder 3/ecommerce_platform/venv/lib/python3.11/site-packages/airflow/example_dags/example_datasets.py
[2026-03-18T07:28:47.309+0530] {processor.py:830} INFO - Processing file /Users/vybhavswaroop/Desktop/untitled folder 3/ecommerce_platform/venv/lib/python3.11/site-packages/airflow/example_dags/example_datasets.py for tasks to queue
[2026-03-18T07:28:47.310+0530] {logging_mixin.py:188} INFO - [2026-03-18T07:28:47.310+0530] {dagbag.py:540} INFO - Filling up the DagBag from /Users/vybhavswaroop/Desktop/untitled folder 3/ecommerce_platform/venv/lib/python3.11/site-packages/airflow/example_dags/example_datasets.py
[2026-03-18T07:28:47.313+0530] {processor.py:840} INFO - DAG(s) 'dataset_consumes_1_never_scheduled', 'dataset_produces_2', 'dataset_consumes_unknown_never_scheduled', 'dataset_consumes_1', 'dataset_produces_1', 'dataset_consumes_1_and_2' retrieved from /Users/vybhavswaroop/Desktop/untitled folder 3/ecommerce_platform/venv/lib/python3.11/site-packages/airflow/example_dags/example_datasets.py
[2026-03-18T07:28:47.351+0530] {logging_mixin.py:188} INFO - [2026-03-18T07:28:47.351+0530] {dag.py:3047} INFO - Sync 6 DAGs
[2026-03-18T07:28:47.357+0530] {logging_mixin.py:188} INFO - [2026-03-18T07:28:47.357+0530] {dag.py:3834} INFO - Setting next_dagrun for dataset_consumes_1 to None, run_after=None
[2026-03-18T07:28:47.358+0530] {logging_mixin.py:188} INFO - [2026-03-18T07:28:47.358+0530] {dag.py:3834} INFO - Setting next_dagrun for dataset_consumes_1_and_2 to None, run_after=None
[2026-03-18T07:28:47.358+0530] {logging_mixin.py:188} INFO - [2026-03-18T07:28:47.358+0530] {dag.py:3834} INFO - Setting next_dagrun for dataset_consumes_1_never_scheduled to None, run_after=None
[2026-03-18T07:28:47.358+0530] {logging_mixin.py:188} INFO - [2026-03-18T07:28:47.358+0530] {dag.py:3834} INFO - Setting next_dagrun for dataset_consumes_unknown_never_scheduled to None, run_after=None
[2026-03-18T07:28:47.359+0530] {logging_mixin.py:188} INFO - [2026-03-18T07:28:47.359+0530] {dag.py:3834} INFO - Setting next_dagrun for dataset_produces_1 to 2026-03-17 00:00:00+00:00, run_after=2026-03-18 00:00:00+00:00
[2026-03-18T07:28:47.359+0530] {logging_mixin.py:188} INFO - [2026-03-18T07:28:47.359+0530] {dag.py:3834} INFO - Setting next_dagrun for dataset_produces_2 to None, run_after=None
[2026-03-18T07:28:47.367+0530] {processor.py:183} INFO - Processing /Users/vybhavswaroop/Desktop/untitled folder 3/ecommerce_platform/venv/lib/python3.11/site-packages/airflow/example_dags/example_datasets.py took 0.058 seconds
[2026-03-18T07:31:31.752+0530] {processor.py:161} INFO - Started process (PID=4689) to work on /Users/vybhavswaroop/Desktop/untitled folder 3/ecommerce_platform/venv/lib/python3.11/site-packages/airflow/example_dags/example_datasets.py
[2026-03-18T07:31:31.752+0530] {processor.py:830} INFO - Processing file /Users/vybhavswaroop/Desktop/untitled folder 3/ecommerce_platform/venv/lib/python3.11/site-packages/airflow/example_dags/example_datasets.py for tasks to queue
[2026-03-18T07:31:31.752+0530] {logging_mixin.py:188} INFO - [2026-03-18T07:31:31.752+0530] {dagbag.py:540} INFO - Filling up the DagBag from /Users/vybhavswaroop/Desktop/untitled folder 3/ecommerce_platform/venv/lib/python3.11/site-packages/airflow/example_dags/example_datasets.py
[2026-03-18T07:31:31.756+0530] {processor.py:840} INFO - DAG(s) 'dataset_consumes_1', 'dataset_consumes_unknown_never_scheduled', 'dataset_consumes_1_and_2', 'dataset_consumes_1_never_scheduled', 'dataset_produces_2', 'dataset_produces_1' retrieved from /Users/vybhavswaroop/Desktop/untitled folder 3/ecommerce_platform/venv/lib/python3.11/site-packages/airflow/example_dags/example_datasets.py
[2026-03-18T07:31:31.795+0530] {logging_mixin.py:188} INFO - [2026-03-18T07:31:31.795+0530] {dag.py:3047} INFO - Sync 6 DAGs
[2026-03-18T07:31:31.800+0530] {logging_mixin.py:188} INFO - [2026-03-18T07:31:31.800+0530] {dag.py:3834} INFO - Setting next_dagrun for dataset_consumes_1 to None, run_after=None
[2026-03-18T07:31:31.801+0530] {logging_mixin.py:188} INFO - [2026-03-18T07:31:31.801+0530] {dag.py:3834} INFO - Setting next_dagrun for dataset_consumes_1_and_2 to None, run_after=None
[2026-03-18T07:31:31.801+0530] {logging_mixin.py:188} INFO - [2026-03-18T07:31:31.801+0530] {dag.py:3834} INFO - Setting next_dagrun for dataset_consumes_1_never_scheduled to None, run_after=None
[2026-03-18T07:31:31.802+0530] {logging_mixin.py:188} INFO - [2026-03-18T07:31:31.802+0530] {dag.py:3834} INFO - Setting next_dagrun for dataset_consumes_unknown_never_scheduled to None, run_after=None
[2026-03-18T07:31:31.802+0530] {logging_mixin.py:188} INFO - [2026-03-18T07:31:31.802+0530] {dag.py:3834} INFO - Setting next_dagrun for dataset_produces_1 to 2026-03-17 00:00:00+00:00, run_after=2026-03-18 00:00:00+00:00
[2026-03-18T07:31:31.802+0530] {logging_mixin.py:188} INFO - [2026-03-18T07:31:31.802+0530] {dag.py:3834} INFO - Setting next_dagrun for dataset_produces_2 to None, run_after=None
[2026-03-18T07:31:31.811+0530] {processor.py:183} INFO - Processing /Users/vybhavswaroop/Desktop/untitled folder 3/ecommerce_platform/venv/lib/python3.11/site-packages/airflow/example_dags/example_datasets.py took 0.059 seconds
[2026-03-18T07:34:22.751+0530] {processor.py:161} INFO - Started process (PID=5203) to work on /Users/vybhavswaroop/Desktop/untitled folder 3/ecommerce_platform/venv/lib/python3.11/site-packages/airflow/example_dags/example_datasets.py
[2026-03-18T07:34:22.752+0530] {processor.py:830} INFO - Processing file /Users/vybhavswaroop/Desktop/untitled folder 3/ecommerce_platform/venv/lib/python3.11/site-packages/airflow/example_dags/example_datasets.py for tasks to queue
[2026-03-18T07:34:22.752+0530] {logging_mixin.py:188} INFO - [2026-03-18T07:34:22.752+0530] {dagbag.py:540} INFO - Filling up the DagBag from /Users/vybhavswaroop/Desktop/untitled folder 3/ecommerce_platform/venv/lib/python3.11/site-packages/airflow/example_dags/example_datasets.py
[2026-03-18T07:34:22.757+0530] {processor.py:840} INFO - DAG(s) 'dataset_consumes_unknown_never_scheduled', 'dataset_consumes_1', 'dataset_consumes_1_and_2', 'dataset_produces_2', 'dataset_produces_1', 'dataset_consumes_1_never_scheduled' retrieved from /Users/vybhavswaroop/Desktop/untitled folder 3/ecommerce_platform/venv/lib/python3.11/site-packages/airflow/example_dags/example_datasets.py
[2026-03-18T07:34:22.796+0530] {logging_mixin.py:188} INFO - [2026-03-18T07:34:22.796+0530] {dag.py:3047} INFO - Sync 6 DAGs
[2026-03-18T07:34:22.801+0530] {logging_mixin.py:188} INFO - [2026-03-18T07:34:22.801+0530] {dag.py:3834} INFO - Setting next_dagrun for dataset_consumes_1 to None, run_after=None
[2026-03-18T07:34:22.802+0530] {logging_mixin.py:188} INFO - [2026-03-18T07:34:22.802+0530] {dag.py:3834} INFO - Setting next_dagrun for dataset_consumes_1_and_2 to None, run_after=None
[2026-03-18T07:34:22.803+0530] {logging_mixin.py:188} INFO - [2026-03-18T07:34:22.803+0530] {dag.py:3834} INFO - Setting next_dagrun for dataset_consumes_1_never_scheduled to None, run_after=None
[2026-03-18T07:34:22.803+0530] {logging_mixin.py:188} INFO - [2026-03-18T07:34:22.803+0530] {dag.py:3834} INFO - Setting next_dagrun for dataset_consumes_unknown_never_scheduled to None, run_after=None
[2026-03-18T07:34:22.803+0530] {logging_mixin.py:188} INFO - [2026-03-18T07:34:22.803+0530] {dag.py:3834} INFO - Setting next_dagrun for dataset_produces_1 to 2026-03-17 00:00:00+00:00, run_after=2026-03-18 00:00:00+00:00
[2026-03-18T07:34:22.804+0530] {logging_mixin.py:188} INFO - [2026-03-18T07:34:22.804+0530] {dag.py:3834} INFO - Setting next_dagrun for dataset_produces_2 to None, run_after=None
[2026-03-18T07:34:22.812+0530] {processor.py:183} INFO - Processing /Users/vybhavswaroop/Desktop/untitled folder 3/ecommerce_platform/venv/lib/python3.11/site-packages/airflow/example_dags/example_datasets.py took 0.061 seconds
[2026-03-18T07:37:29.247+0530] {processor.py:161} INFO - Started process (PID=5787) to work on /Users/vybhavswaroop/Desktop/untitled folder 3/ecommerce_platform/venv/lib/python3.11/site-packages/airflow/example_dags/example_datasets.py
[2026-03-18T07:37:29.248+0530] {processor.py:830} INFO - Processing file /Users/vybhavswaroop/Desktop/untitled folder 3/ecommerce_platform/venv/lib/python3.11/site-packages/airflow/example_dags/example_datasets.py for tasks to queue
[2026-03-18T07:37:29.249+0530] {logging_mixin.py:188} INFO - [2026-03-18T07:37:29.248+0530] {dagbag.py:540} INFO - Filling up the DagBag from /Users/vybhavswaroop/Desktop/untitled folder 3/ecommerce_platform/venv/lib/python3.11/site-packages/airflow/example_dags/example_datasets.py
[2026-03-18T07:37:29.252+0530] {processor.py:840} INFO - DAG(s) 'dataset_consumes_1', 'dataset_consumes_unknown_never_scheduled', 'dataset_produces_1', 'dataset_consumes_1_and_2', 'dataset_consumes_1_never_scheduled', 'dataset_produces_2' retrieved from /Users/vybhavswaroop/Desktop/untitled folder 3/ecommerce_platform/venv/lib/python3.11/site-packages/airflow/example_dags/example_datasets.py
[2026-03-18T07:37:29.291+0530] {logging_mixin.py:188} INFO - [2026-03-18T07:37:29.291+0530] {dag.py:3047} INFO - Sync 6 DAGs
[2026-03-18T07:37:29.297+0530] {logging_mixin.py:188} INFO - [2026-03-18T07:37:29.296+0530] {dag.py:3834} INFO - Setting next_dagrun for dataset_consumes_1 to None, run_after=None
[2026-03-18T07:37:29.297+0530] {logging_mixin.py:188} INFO - [2026-03-18T07:37:29.297+0530] {dag.py:3834} INFO - Setting next_dagrun for dataset_consumes_1_and_2 to None, run_after=None
[2026-03-18T07:37:29.298+0530] {logging_mixin.py:188} INFO - [2026-03-18T07:37:29.298+0530] {dag.py:3834} INFO - Setting next_dagrun for dataset_consumes_1_never_scheduled to None, run_after=None
[2026-03-18T07:37:29.298+0530] {logging_mixin.py:188} INFO - [2026-03-18T07:37:29.298+0530] {dag.py:3834} INFO - Setting next_dagrun for dataset_consumes_unknown_never_scheduled to None, run_after=None
[2026-03-18T07:37:29.299+0530] {logging_mixin.py:188} INFO - [2026-03-18T07:37:29.298+0530] {dag.py:3834} INFO - Setting next_dagrun for dataset_produces_1 to 2026-03-17 00:00:00+00:00, run_after=2026-03-18 00:00:00+00:00
[2026-03-18T07:37:29.299+0530] {logging_mixin.py:188} INFO - [2026-03-18T07:37:29.299+0530] {dag.py:3834} INFO - Setting next_dagrun for dataset_produces_2 to None, run_after=None
[2026-03-18T07:37:29.307+0530] {processor.py:183} INFO - Processing /Users/vybhavswaroop/Desktop/untitled folder 3/ecommerce_platform/venv/lib/python3.11/site-packages/airflow/example_dags/example_datasets.py took 0.060 seconds
[2026-03-18T07:40:27.523+0530] {processor.py:161} INFO - Started process (PID=6412) to work on /Users/vybhavswaroop/Desktop/untitled folder 3/ecommerce_platform/venv/lib/python3.11/site-packages/airflow/example_dags/example_datasets.py
[2026-03-18T07:40:27.524+0530] {processor.py:830} INFO - Processing file /Users/vybhavswaroop/Desktop/untitled folder 3/ecommerce_platform/venv/lib/python3.11/site-packages/airflow/example_dags/example_datasets.py for tasks to queue
[2026-03-18T07:40:27.524+0530] {logging_mixin.py:188} INFO - [2026-03-18T07:40:27.524+0530] {dagbag.py:540} INFO - Filling up the DagBag from /Users/vybhavswaroop/Desktop/untitled folder 3/ecommerce_platform/venv/lib/python3.11/site-packages/airflow/example_dags/example_datasets.py
[2026-03-18T07:40:27.528+0530] {processor.py:840} INFO - DAG(s) 'dataset_consumes_unknown_never_scheduled', 'dataset_produces_1', 'dataset_consumes_1', 'dataset_produces_2', 'dataset_consumes_1_never_scheduled', 'dataset_consumes_1_and_2' retrieved from /Users/vybhavswaroop/Desktop/untitled folder 3/ecommerce_platform/venv/lib/python3.11/site-packages/airflow/example_dags/example_datasets.py
[2026-03-18T07:40:27.567+0530] {logging_mixin.py:188} INFO - [2026-03-18T07:40:27.567+0530] {dag.py:3047} INFO - Sync 6 DAGs
[2026-03-18T07:40:27.575+0530] {logging_mixin.py:188} INFO - [2026-03-18T07:40:27.575+0530] {dag.py:3834} INFO - Setting next_dagrun for dataset_consumes_1 to None, run_after=None
[2026-03-18T07:40:27.576+0530] {logging_mixin.py:188} INFO - [2026-03-18T07:40:27.576+0530] {dag.py:3834} INFO - Setting next_dagrun for dataset_consumes_1_and_2 to None, run_after=None
[2026-03-18T07:40:27.576+0530] {logging_mixin.py:188} INFO - [2026-03-18T07:40:27.576+0530] {dag.py:3834} INFO - Setting next_dagrun for dataset_consumes_1_never_scheduled to None, run_after=None
[2026-03-18T07:40:27.577+0530] {logging_mixin.py:188} INFO - [2026-03-18T07:40:27.577+0530] {dag.py:3834} INFO - Setting next_dagrun for dataset_consumes_unknown_never_scheduled to None, run_after=None
[2026-03-18T07:40:27.577+0530] {logging_mixin.py:188} INFO - [2026-03-18T07:40:27.577+0530] {dag.py:3834} INFO - Setting next_dagrun for dataset_produces_1 to 2026-03-17 00:00:00+00:00, run_after=2026-03-18 00:00:00+00:00
[2026-03-18T07:40:27.577+0530] {logging_mixin.py:188} INFO - [2026-03-18T07:40:27.577+0530] {dag.py:3834} INFO - Setting next_dagrun for dataset_produces_2 to None, run_after=None
[2026-03-18T07:40:27.586+0530] {processor.py:183} INFO - Processing /Users/vybhavswaroop/Desktop/untitled folder 3/ecommerce_platform/venv/lib/python3.11/site-packages/airflow/example_dags/example_datasets.py took 0.063 seconds
[2026-03-18T07:43:42.520+0530] {processor.py:161} INFO - Started process (PID=7122) to work on /Users/vybhavswaroop/Desktop/untitled folder 3/ecommerce_platform/venv/lib/python3.11/site-packages/airflow/example_dags/example_datasets.py
[2026-03-18T07:43:42.521+0530] {processor.py:830} INFO - Processing file /Users/vybhavswaroop/Desktop/untitled folder 3/ecommerce_platform/venv/lib/python3.11/site-packages/airflow/example_dags/example_datasets.py for tasks to queue
[2026-03-18T07:43:42.521+0530] {logging_mixin.py:188} INFO - [2026-03-18T07:43:42.521+0530] {dagbag.py:540} INFO - Filling up the DagBag from /Users/vybhavswaroop/Desktop/untitled folder 3/ecommerce_platform/venv/lib/python3.11/site-packages/airflow/example_dags/example_datasets.py
[2026-03-18T07:43:42.525+0530] {processor.py:840} INFO - DAG(s) 'dataset_consumes_unknown_never_scheduled', 'dataset_consumes_1', 'dataset_produces_1', 'dataset_produces_2', 'dataset_consumes_1_and_2', 'dataset_consumes_1_never_scheduled' retrieved from /Users/vybhavswaroop/Desktop/untitled folder 3/ecommerce_platform/venv/lib/python3.11/site-packages/airflow/example_dags/example_datasets.py
[2026-03-18T07:43:42.563+0530] {logging_mixin.py:188} INFO - [2026-03-18T07:43:42.563+0530] {dag.py:3047} INFO - Sync 6 DAGs
[2026-03-18T07:43:42.570+0530] {logging_mixin.py:188} INFO - [2026-03-18T07:43:42.569+0530] {dag.py:3834} INFO - Setting next_dagrun for dataset_consumes_1 to None, run_after=None
[2026-03-18T07:43:42.571+0530] {logging_mixin.py:188} INFO - [2026-03-18T07:43:42.571+0530] {dag.py:3834} INFO - Setting next_dagrun for dataset_consumes_1_and_2 to None, run_after=None
[2026-03-18T07:43:42.571+0530] {logging_mixin.py:188} INFO - [2026-03-18T07:43:42.571+0530] {dag.py:3834} INFO - Setting next_dagrun for dataset_consumes_1_never_scheduled to None, run_after=None
[2026-03-18T07:43:42.572+0530] {logging_mixin.py:188} INFO - [2026-03-18T07:43:42.572+0530] {dag.py:3834} INFO - Setting next_dagrun for dataset_consumes_unknown_never_scheduled to None, run_after=None
[2026-03-18T07:43:42.572+0530] {logging_mixin.py:188} INFO - [2026-03-18T07:43:42.572+0530] {dag.py:3834} INFO - Setting next_dagrun for dataset_produces_1 to 2026-03-17 00:00:00+00:00, run_after=2026-03-18 00:00:00+00:00
[2026-03-18T07:43:42.572+0530] {logging_mixin.py:188} INFO - [2026-03-18T07:43:42.572+0530] {dag.py:3834} INFO - Setting next_dagrun for dataset_produces_2 to None, run_after=None
[2026-03-18T07:43:42.581+0530] {processor.py:183} INFO - Processing /Users/vybhavswaroop/Desktop/untitled folder 3/ecommerce_platform/venv/lib/python3.11/site-packages/airflow/example_dags/example_datasets.py took 0.061 seconds
[2026-03-18T07:46:31.916+0530] {processor.py:161} INFO - Started process (PID=7707) to work on /Users/vybhavswaroop/Desktop/untitled folder 3/ecommerce_platform/venv/lib/python3.11/site-packages/airflow/example_dags/example_datasets.py
[2026-03-18T07:46:31.917+0530] {processor.py:830} INFO - Processing file /Users/vybhavswaroop/Desktop/untitled folder 3/ecommerce_platform/venv/lib/python3.11/site-packages/airflow/example_dags/example_datasets.py for tasks to queue
[2026-03-18T07:46:31.917+0530] {logging_mixin.py:188} INFO - [2026-03-18T07:46:31.917+0530] {dagbag.py:540} INFO - Filling up the DagBag from /Users/vybhavswaroop/Desktop/untitled folder 3/ecommerce_platform/venv/lib/python3.11/site-packages/airflow/example_dags/example_datasets.py
[2026-03-18T07:46:31.921+0530] {processor.py:840} INFO - DAG(s) 'dataset_consumes_unknown_never_scheduled', 'dataset_consumes_1_never_scheduled', 'dataset_produces_2', 'dataset_produces_1', 'dataset_consumes_1_and_2', 'dataset_consumes_1' retrieved from /Users/vybhavswaroop/Desktop/untitled folder 3/ecommerce_platform/venv/lib/python3.11/site-packages/airflow/example_dags/example_datasets.py
[2026-03-18T07:46:31.961+0530] {logging_mixin.py:188} INFO - [2026-03-18T07:46:31.961+0530] {dag.py:3047} INFO - Sync 6 DAGs
[2026-03-18T07:46:31.966+0530] {logging_mixin.py:188} INFO - [2026-03-18T07:46:31.966+0530] {dag.py:3834} INFO - Setting next_dagrun for dataset_consumes_1 to None, run_after=None
[2026-03-18T07:46:31.967+0530] {logging_mixin.py:188} INFO - [2026-03-18T07:46:31.967+0530] {dag.py:3834} INFO - Setting next_dagrun for dataset_consumes_1_and_2 to None, run_after=None
[2026-03-18T07:46:31.967+0530] {logging_mixin.py:188} INFO - [2026-03-18T07:46:31.967+0530] {dag.py:3834} INFO - Setting next_dagrun for dataset_consumes_1_never_scheduled to None, run_after=None
[2026-03-18T07:46:31.968+0530] {logging_mixin.py:188} INFO - [2026-03-18T07:46:31.968+0530] {dag.py:3834} INFO - Setting next_dagrun for dataset_consumes_unknown_never_scheduled to None, run_after=None
[2026-03-18T07:46:31.968+0530] {logging_mixin.py:188} INFO - [2026-03-18T07:46:31.968+0530] {dag.py:3834} INFO - Setting next_dagrun for dataset_produces_1 to 2026-03-17 00:00:00+00:00, run_after=2026-03-18 00:00:00+00:00
[2026-03-18T07:46:31.969+0530] {logging_mixin.py:188} INFO - [2026-03-18T07:46:31.969+0530] {dag.py:3834} INFO - Setting next_dagrun for dataset_produces_2 to None, run_after=None
[2026-03-18T07:46:31.976+0530] {processor.py:183} INFO - Processing /Users/vybhavswaroop/Desktop/untitled folder 3/ecommerce_platform/venv/lib/python3.11/site-packages/airflow/example_dags/example_datasets.py took 0.060 seconds
[2026-03-18T07:49:16.908+0530] {processor.py:161} INFO - Started process (PID=8335) to work on /Users/vybhavswaroop/Desktop/untitled folder 3/ecommerce_platform/venv/lib/python3.11/site-packages/airflow/example_dags/example_datasets.py
[2026-03-18T07:49:16.909+0530] {processor.py:830} INFO - Processing file /Users/vybhavswaroop/Desktop/untitled folder 3/ecommerce_platform/venv/lib/python3.11/site-packages/airflow/example_dags/example_datasets.py for tasks to queue
[2026-03-18T07:49:16.909+0530] {logging_mixin.py:188} INFO - [2026-03-18T07:49:16.909+0530] {dagbag.py:540} INFO - Filling up the DagBag from /Users/vybhavswaroop/Desktop/untitled folder 3/ecommerce_platform/venv/lib/python3.11/site-packages/airflow/example_dags/example_datasets.py
[2026-03-18T07:49:16.913+0530] {processor.py:840} INFO - DAG(s) 'dataset_consumes_1_and_2', 'dataset_produces_1', 'dataset_consumes_1', 'dataset_consumes_1_never_scheduled', 'dataset_consumes_unknown_never_scheduled', 'dataset_produces_2' retrieved from /Users/vybhavswaroop/Desktop/untitled folder 3/ecommerce_platform/venv/lib/python3.11/site-packages/airflow/example_dags/example_datasets.py
[2026-03-18T07:49:16.952+0530] {logging_mixin.py:188} INFO - [2026-03-18T07:49:16.951+0530] {dag.py:3047} INFO - Sync 6 DAGs
[2026-03-18T07:49:16.957+0530] {logging_mixin.py:188} INFO - [2026-03-18T07:49:16.957+0530] {dag.py:3834} INFO - Setting next_dagrun for dataset_consumes_1 to None, run_after=None
[2026-03-18T07:49:16.958+0530] {logging_mixin.py:188} INFO - [2026-03-18T07:49:16.958+0530] {dag.py:3834} INFO - Setting next_dagrun for dataset_consumes_1_and_2 to None, run_after=None
[2026-03-18T07:49:16.958+0530] {logging_mixin.py:188} INFO - [2026-03-18T07:49:16.958+0530] {dag.py:3834} INFO - Setting next_dagrun for dataset_consumes_1_never_scheduled to None, run_after=None
[2026-03-18T07:49:16.959+0530] {logging_mixin.py:188} INFO - [2026-03-18T07:49:16.959+0530] {dag.py:3834} INFO - Setting next_dagrun for dataset_consumes_unknown_never_scheduled to None, run_after=None
[2026-03-18T07:49:16.959+0530] {logging_mixin.py:188} INFO - [2026-03-18T07:49:16.959+0530] {dag.py:3834} INFO - Setting next_dagrun for dataset_produces_1 to 2026-03-17 00:00:00+00:00, run_after=2026-03-18 00:00:00+00:00
[2026-03-18T07:49:16.959+0530] {logging_mixin.py:188} INFO - [2026-03-18T07:49:16.959+0530] {dag.py:3834} INFO - Setting next_dagrun for dataset_produces_2 to None, run_after=None
[2026-03-18T07:49:16.967+0530] {processor.py:183} INFO - Processing /Users/vybhavswaroop/Desktop/untitled folder 3/ecommerce_platform/venv/lib/python3.11/site-packages/airflow/example_dags/example_datasets.py took 0.059 seconds
[2026-03-18T07:52:09.822+0530] {processor.py:161} INFO - Started process (PID=10081) to work on /Users/vybhavswaroop/Desktop/untitled folder 3/ecommerce_platform/venv/lib/python3.11/site-packages/airflow/example_dags/example_datasets.py
[2026-03-18T07:52:09.824+0530] {processor.py:830} INFO - Processing file /Users/vybhavswaroop/Desktop/untitled folder 3/ecommerce_platform/venv/lib/python3.11/site-packages/airflow/example_dags/example_datasets.py for tasks to queue
[2026-03-18T07:52:09.824+0530] {logging_mixin.py:188} INFO - [2026-03-18T07:52:09.824+0530] {dagbag.py:540} INFO - Filling up the DagBag from /Users/vybhavswaroop/Desktop/untitled folder 3/ecommerce_platform/venv/lib/python3.11/site-packages/airflow/example_dags/example_datasets.py
[2026-03-18T07:52:09.828+0530] {processor.py:840} INFO - DAG(s) 'dataset_consumes_1_and_2', 'dataset_consumes_1', 'dataset_produces_1', 'dataset_consumes_1_never_scheduled', 'dataset_consumes_unknown_never_scheduled', 'dataset_produces_2' retrieved from /Users/vybhavswaroop/Desktop/untitled folder 3/ecommerce_platform/venv/lib/python3.11/site-packages/airflow/example_dags/example_datasets.py
[2026-03-18T07:52:09.867+0530] {logging_mixin.py:188} INFO - [2026-03-18T07:52:09.867+0530] {dag.py:3047} INFO - Sync 6 DAGs
[2026-03-18T07:52:09.873+0530] {logging_mixin.py:188} INFO - [2026-03-18T07:52:09.873+0530] {dag.py:3834} INFO - Setting next_dagrun for dataset_consumes_1 to None, run_after=None
[2026-03-18T07:52:09.874+0530] {logging_mixin.py:188} INFO - [2026-03-18T07:52:09.874+0530] {dag.py:3834} INFO - Setting next_dagrun for dataset_consumes_1_and_2 to None, run_after=None
[2026-03-18T07:52:09.874+0530] {logging_mixin.py:188} INFO - [2026-03-18T07:52:09.874+0530] {dag.py:3834} INFO - Setting next_dagrun for dataset_consumes_1_never_scheduled to None, run_after=None
[2026-03-18T07:52:09.874+0530] {logging_mixin.py:188} INFO - [2026-03-18T07:52:09.874+0530] {dag.py:3834} INFO - Setting next_dagrun for dataset_consumes_unknown_never_scheduled to None, run_after=None
[2026-03-18T07:52:09.875+0530] {logging_mixin.py:188} INFO - [2026-03-18T07:52:09.875+0530] {dag.py:3834} INFO - Setting next_dagrun for dataset_produces_1 to 2026-03-17 00:00:00+00:00, run_after=2026-03-18 00:00:00+00:00
[2026-03-18T07:52:09.875+0530] {logging_mixin.py:188} INFO - [2026-03-18T07:52:09.875+0530] {dag.py:3834} INFO - Setting next_dagrun for dataset_produces_2 to None, run_after=None
[2026-03-18T07:52:09.884+0530] {processor.py:183} INFO - Processing /Users/vybhavswaroop/Desktop/untitled folder 3/ecommerce_platform/venv/lib/python3.11/site-packages/airflow/example_dags/example_datasets.py took 0.062 seconds
[2026-03-18T07:54:17.193+0530] {processor.py:161} INFO - Started process (PID=10973) to work on /Users/vybhavswaroop/Desktop/untitled folder 3/ecommerce_platform/venv/lib/python3.11/site-packages/airflow/example_dags/example_datasets.py
[2026-03-18T07:54:17.194+0530] {processor.py:830} INFO - Processing file /Users/vybhavswaroop/Desktop/untitled folder 3/ecommerce_platform/venv/lib/python3.11/site-packages/airflow/example_dags/example_datasets.py for tasks to queue
[2026-03-18T07:54:17.195+0530] {logging_mixin.py:188} INFO - [2026-03-18T07:54:17.194+0530] {dagbag.py:540} INFO - Filling up the DagBag from /Users/vybhavswaroop/Desktop/untitled folder 3/ecommerce_platform/venv/lib/python3.11/site-packages/airflow/example_dags/example_datasets.py
[2026-03-18T07:54:17.199+0530] {processor.py:840} INFO - DAG(s) 'dataset_consumes_unknown_never_scheduled', 'dataset_consumes_1_and_2', 'dataset_consumes_1', 'dataset_consumes_1_never_scheduled', 'dataset_produces_1', 'dataset_produces_2' retrieved from /Users/vybhavswaroop/Desktop/untitled folder 3/ecommerce_platform/venv/lib/python3.11/site-packages/airflow/example_dags/example_datasets.py
[2026-03-18T07:54:17.267+0530] {logging_mixin.py:188} INFO - [2026-03-18T07:54:17.267+0530] {dag.py:3047} INFO - Sync 6 DAGs
[2026-03-18T07:54:17.272+0530] {logging_mixin.py:188} INFO - [2026-03-18T07:54:17.272+0530] {dag.py:3834} INFO - Setting next_dagrun for dataset_consumes_1 to None, run_after=None
[2026-03-18T07:54:17.273+0530] {logging_mixin.py:188} INFO - [2026-03-18T07:54:17.273+0530] {dag.py:3834} INFO - Setting next_dagrun for dataset_consumes_1_and_2 to None, run_after=None
[2026-03-18T07:54:17.273+0530] {logging_mixin.py:188} INFO - [2026-03-18T07:54:17.273+0530] {dag.py:3834} INFO - Setting next_dagrun for dataset_consumes_1_never_scheduled to None, run_after=None
[2026-03-18T07:54:17.273+0530] {logging_mixin.py:188} INFO - [2026-03-18T07:54:17.273+0530] {dag.py:3834} INFO - Setting next_dagrun for dataset_consumes_unknown_never_scheduled to None, run_after=None
[2026-03-18T07:54:17.274+0530] {logging_mixin.py:188} INFO - [2026-03-18T07:54:17.274+0530] {dag.py:3834} INFO - Setting next_dagrun for dataset_produces_1 to 2026-03-17 00:00:00+00:00, run_after=2026-03-18 00:00:00+00:00
[2026-03-18T07:54:17.274+0530] {logging_mixin.py:188} INFO - [2026-03-18T07:54:17.274+0530] {dag.py:3834} INFO - Setting next_dagrun for dataset_produces_2 to None, run_after=None
[2026-03-18T07:54:17.282+0530] {processor.py:183} INFO - Processing /Users/vybhavswaroop/Desktop/untitled folder 3/ecommerce_platform/venv/lib/python3.11/site-packages/airflow/example_dags/example_datasets.py took 0.089 seconds
[2026-03-18T07:57:18.837+0530] {processor.py:161} INFO - Started process (PID=11498) to work on /Users/vybhavswaroop/Desktop/untitled folder 3/ecommerce_platform/venv/lib/python3.11/site-packages/airflow/example_dags/example_datasets.py
[2026-03-18T07:57:18.838+0530] {processor.py:830} INFO - Processing file /Users/vybhavswaroop/Desktop/untitled folder 3/ecommerce_platform/venv/lib/python3.11/site-packages/airflow/example_dags/example_datasets.py for tasks to queue
[2026-03-18T07:57:18.838+0530] {logging_mixin.py:188} INFO - [2026-03-18T07:57:18.838+0530] {dagbag.py:540} INFO - Filling up the DagBag from /Users/vybhavswaroop/Desktop/untitled folder 3/ecommerce_platform/venv/lib/python3.11/site-packages/airflow/example_dags/example_datasets.py
[2026-03-18T07:57:18.842+0530] {processor.py:840} INFO - DAG(s) 'dataset_consumes_1', 'dataset_consumes_1_and_2', 'dataset_consumes_unknown_never_scheduled', 'dataset_produces_1', 'dataset_consumes_1_never_scheduled', 'dataset_produces_2' retrieved from /Users/vybhavswaroop/Desktop/untitled folder 3/ecommerce_platform/venv/lib/python3.11/site-packages/airflow/example_dags/example_datasets.py
[2026-03-18T07:57:18.880+0530] {logging_mixin.py:188} INFO - [2026-03-18T07:57:18.880+0530] {dag.py:3047} INFO - Sync 6 DAGs
[2026-03-18T07:57:18.885+0530] {logging_mixin.py:188} INFO - [2026-03-18T07:57:18.885+0530] {dag.py:3834} INFO - Setting next_dagrun for dataset_consumes_1 to None, run_after=None
[2026-03-18T07:57:18.886+0530] {logging_mixin.py:188} INFO - [2026-03-18T07:57:18.886+0530] {dag.py:3834} INFO - Setting next_dagrun for dataset_consumes_1_and_2 to None, run_after=None
[2026-03-18T07:57:18.887+0530] {logging_mixin.py:188} INFO - [2026-03-18T07:57:18.887+0530] {dag.py:3834} INFO - Setting next_dagrun for dataset_consumes_1_never_scheduled to None, run_after=None
[2026-03-18T07:57:18.887+0530] {logging_mixin.py:188} INFO - [2026-03-18T07:57:18.887+0530] {dag.py:3834} INFO - Setting next_dagrun for dataset_consumes_unknown_never_scheduled to None, run_after=None
[2026-03-18T07:57:18.887+0530] {logging_mixin.py:188} INFO - [2026-03-18T07:57:18.887+0530] {dag.py:3834} INFO - Setting next_dagrun for dataset_produces_1 to 2026-03-17 00:00:00+00:00, run_after=2026-03-18 00:00:00+00:00
[2026-03-18T07:57:18.888+0530] {logging_mixin.py:188} INFO - [2026-03-18T07:57:18.888+0530] {dag.py:3834} INFO - Setting next_dagrun for dataset_produces_2 to None, run_after=None
[2026-03-18T07:57:18.895+0530] {processor.py:183} INFO - Processing /Users/vybhavswaroop/Desktop/untitled folder 3/ecommerce_platform/venv/lib/python3.11/site-packages/airflow/example_dags/example_datasets.py took 0.058 seconds
