[2026-03-18T06:50:46.906+0530] {processor.py:161} INFO - Started process (PID=97691) to work on /Users/vybhavswaroop/Desktop/untitled folder 3/ecommerce_platform/venv/lib/python3.11/site-packages/airflow/example_dags/example_short_circuit_operator.py
[2026-03-18T06:50:46.906+0530] {processor.py:830} INFO - Processing file /Users/vybhavswaroop/Desktop/untitled folder 3/ecommerce_platform/venv/lib/python3.11/site-packages/airflow/example_dags/example_short_circuit_operator.py for tasks to queue
[2026-03-18T06:50:46.907+0530] {logging_mixin.py:188} INFO - [2026-03-18T06:50:46.907+0530] {dagbag.py:540} INFO - Filling up the DagBag from /Users/vybhavswaroop/Desktop/untitled folder 3/ecommerce_platform/venv/lib/python3.11/site-packages/airflow/example_dags/example_short_circuit_operator.py
[2026-03-18T06:50:46.917+0530] {processor.py:840} INFO - DAG(s) 'example_short_circuit_operator' retrieved from /Users/vybhavswaroop/Desktop/untitled folder 3/ecommerce_platform/venv/lib/python3.11/site-packages/airflow/example_dags/example_short_circuit_operator.py
[2026-03-18T06:50:46.954+0530] {logging_mixin.py:188} INFO - [2026-03-18T06:50:46.954+0530] {dag.py:3047} INFO - Sync 1 DAGs
[2026-03-18T06:50:46.959+0530] {logging_mixin.py:188} INFO - [2026-03-18T06:50:46.959+0530] {dag.py:3834} INFO - Setting next_dagrun for example_short_circuit_operator to 2026-03-17 00:00:00+00:00, run_after=2026-03-18 00:00:00+00:00
[2026-03-18T06:50:46.967+0530] {processor.py:183} INFO - Processing /Users/vybhavswaroop/Desktop/untitled folder 3/ecommerce_platform/venv/lib/python3.11/site-packages/airflow/example_dags/example_short_circuit_operator.py took 0.061 seconds
[2026-03-18T07:20:29.990+0530] {processor.py:161} INFO - Started process (PID=233) to work on /Users/vybhavswaroop/Desktop/untitled folder 3/ecommerce_platform/venv/lib/python3.11/site-packages/airflow/example_dags/example_short_circuit_operator.py
[2026-03-18T07:20:29.990+0530] {processor.py:830} INFO - Processing file /Users/vybhavswaroop/Desktop/untitled folder 3/ecommerce_platform/venv/lib/python3.11/site-packages/airflow/example_dags/example_short_circuit_operator.py for tasks to queue
[2026-03-18T07:20:29.991+0530] {logging_mixin.py:188} INFO - [2026-03-18T07:20:29.991+0530] {dagbag.py:540} INFO - Filling up the DagBag from /Users/vybhavswaroop/Desktop/untitled folder 3/ecommerce_platform/venv/lib/python3.11/site-packages/airflow/example_dags/example_short_circuit_operator.py
[2026-03-18T07:20:30.001+0530] {processor.py:840} INFO - DAG(s) 'example_short_circuit_operator' retrieved from /Users/vybhavswaroop/Desktop/untitled folder 3/ecommerce_platform/venv/lib/python3.11/site-packages/airflow/example_dags/example_short_circuit_operator.py
[2026-03-18T07:20:30.082+0530] {logging_mixin.py:188} INFO - [2026-03-18T07:20:30.082+0530] {dag.py:3047} INFO - Sync 1 DAGs
[2026-03-18T07:20:30.090+0530] {logging_mixin.py:188} INFO - [2026-03-18T07:20:30.090+0530] {dag.py:3834} INFO - Setting next_dagrun for example_short_circuit_operator to 2026-03-17 00:00:00+00:00, run_after=2026-03-18 00:00:00+00:00
[2026-03-18T07:20:30.098+0530] {processor.py:183} INFO - Processing /Users/vybhavswaroop/Desktop/untitled folder 3/ecommerce_platform/venv/lib/python3.11/site-packages/airflow/example_dags/example_short_circuit_operator.py took 0.109 seconds
[2026-03-18T07:22:23.724+0530] {processor.py:161} INFO - Started process (PID=3039) to work on /Users/vybhavswaroop/Desktop/untitled folder 3/ecommerce_platform/venv/lib/python3.11/site-packages/airflow/example_dags/example_short_circuit_operator.py
[2026-03-18T07:22:23.725+0530] {processor.py:830} INFO - Processing file /Users/vybhavswaroop/Desktop/untitled folder 3/ecommerce_platform/venv/lib/python3.11/site-packages/airflow/example_dags/example_short_circuit_operator.py for tasks to queue
[2026-03-18T07:22:23.726+0530] {logging_mixin.py:188} INFO - [2026-03-18T07:22:23.725+0530] {dagbag.py:540} INFO - Filling up the DagBag from /Users/vybhavswaroop/Desktop/untitled folder 3/ecommerce_platform/venv/lib/python3.11/site-packages/airflow/example_dags/example_short_circuit_operator.py
[2026-03-18T07:22:23.736+0530] {processor.py:840} INFO - DAG(s) 'example_short_circuit_operator' retrieved from /Users/vybhavswaroop/Desktop/untitled folder 3/ecommerce_platform/venv/lib/python3.11/site-packages/airflow/example_dags/example_short_circuit_operator.py
[2026-03-18T07:22:23.798+0530] {logging_mixin.py:188} INFO - [2026-03-18T07:22:23.797+0530] {dag.py:3047} INFO - Sync 1 DAGs
[2026-03-18T07:22:23.803+0530] {logging_mixin.py:188} INFO - [2026-03-18T07:22:23.803+0530] {dag.py:3834} INFO - Setting next_dagrun for example_short_circuit_operator to 2026-03-17 00:00:00+00:00, run_after=2026-03-18 00:00:00+00:00
[2026-03-18T07:22:23.810+0530] {processor.py:183} INFO - Processing /Users/vybhavswaroop/Desktop/untitled folder 3/ecommerce_platform/venv/lib/python3.11/site-packages/airflow/example_dags/example_short_circuit_operator.py took 0.086 seconds
[2026-03-18T07:24:22.495+0530] {processor.py:161} INFO - Started process (PID=3415) to work on /Users/vybhavswaroop/Desktop/untitled folder 3/ecommerce_platform/venv/lib/python3.11/site-packages/airflow/example_dags/example_short_circuit_operator.py
[2026-03-18T07:24:22.496+0530] {processor.py:830} INFO - Processing file /Users/vybhavswaroop/Desktop/untitled folder 3/ecommerce_platform/venv/lib/python3.11/site-packages/airflow/example_dags/example_short_circuit_operator.py for tasks to queue
[2026-03-18T07:24:22.497+0530] {logging_mixin.py:188} INFO - [2026-03-18T07:24:22.496+0530] {dagbag.py:540} INFO - Filling up the DagBag from /Users/vybhavswaroop/Desktop/untitled folder 3/ecommerce_platform/venv/lib/python3.11/site-packages/airflow/example_dags/example_short_circuit_operator.py
[2026-03-18T07:24:22.507+0530] {processor.py:840} INFO - DAG(s) 'example_short_circuit_operator' retrieved from /Users/vybhavswaroop/Desktop/untitled folder 3/ecommerce_platform/venv/lib/python3.11/site-packages/airflow/example_dags/example_short_circuit_operator.py
[2026-03-18T07:24:22.541+0530] {logging_mixin.py:188} INFO - [2026-03-18T07:24:22.541+0530] {dag.py:3047} INFO - Sync 1 DAGs
[2026-03-18T07:24:22.546+0530] {logging_mixin.py:188} INFO - [2026-03-18T07:24:22.546+0530] {dag.py:3834} INFO - Setting next_dagrun for example_short_circuit_operator to 2026-03-17 00:00:00+00:00, run_after=2026-03-18 00:00:00+00:00
[2026-03-18T07:24:22.552+0530] {processor.py:183} INFO - Processing /Users/vybhavswaroop/Desktop/untitled folder 3/ecommerce_platform/venv/lib/python3.11/site-packages/airflow/example_dags/example_short_circuit_operator.py took 0.058 seconds
[2026-03-18T07:25:48.845+0530] {processor.py:161} INFO - Started process (PID=3670) to work on /Users/vybhavswaroop/Desktop/untitled folder 3/ecommerce_platform/venv/lib/python3.11/site-packages/airflow/example_dags/example_short_circuit_operator.py
[2026-03-18T07:25:48.845+0530] {processor.py:830} INFO - Processing file /Users/vybhavswaroop/Desktop/untitled folder 3/ecommerce_platform/venv/lib/python3.11/site-packages/airflow/example_dags/example_short_circuit_operator.py for tasks to queue
[2026-03-18T07:25:48.845+0530] {logging_mixin.py:188} INFO - [2026-03-18T07:25:48.845+0530] {dagbag.py:540} INFO - Filling up the DagBag from /Users/vybhavswaroop/Desktop/untitled folder 3/ecommerce_platform/venv/lib/python3.11/site-packages/airflow/example_dags/example_short_circuit_operator.py
[2026-03-18T07:25:48.856+0530] {processor.py:840} INFO - DAG(s) 'example_short_circuit_operator' retrieved from /Users/vybhavswaroop/Desktop/untitled folder 3/ecommerce_platform/venv/lib/python3.11/site-packages/airflow/example_dags/example_short_circuit_operator.py
[2026-03-18T07:25:48.890+0530] {logging_mixin.py:188} INFO - [2026-03-18T07:25:48.890+0530] {dag.py:3047} INFO - Sync 1 DAGs
[2026-03-18T07:25:48.895+0530] {logging_mixin.py:188} INFO - [2026-03-18T07:25:48.895+0530] {dag.py:3834} INFO - Setting next_dagrun for example_short_circuit_operator to 2026-03-17 00:00:00+00:00, run_after=2026-03-18 00:00:00+00:00
[2026-03-18T07:25:48.902+0530] {processor.py:183} INFO - Processing /Users/vybhavswaroop/Desktop/untitled folder 3/ecommerce_platform/venv/lib/python3.11/site-packages/airflow/example_dags/example_short_circuit_operator.py took 0.058 seconds
[2026-03-18T07:27:13.304+0530] {processor.py:161} INFO - Started process (PID=3919) to work on /Users/vybhavswaroop/Desktop/untitled folder 3/ecommerce_platform/venv/lib/python3.11/site-packages/airflow/example_dags/example_short_circuit_operator.py
[2026-03-18T07:27:13.305+0530] {processor.py:830} INFO - Processing file /Users/vybhavswaroop/Desktop/untitled folder 3/ecommerce_platform/venv/lib/python3.11/site-packages/airflow/example_dags/example_short_circuit_operator.py for tasks to queue
[2026-03-18T07:27:13.305+0530] {logging_mixin.py:188} INFO - [2026-03-18T07:27:13.305+0530] {dagbag.py:540} INFO - Filling up the DagBag from /Users/vybhavswaroop/Desktop/untitled folder 3/ecommerce_platform/venv/lib/python3.11/site-packages/airflow/example_dags/example_short_circuit_operator.py
[2026-03-18T07:27:13.315+0530] {processor.py:840} INFO - DAG(s) 'example_short_circuit_operator' retrieved from /Users/vybhavswaroop/Desktop/untitled folder 3/ecommerce_platform/venv/lib/python3.11/site-packages/airflow/example_dags/example_short_circuit_operator.py
[2026-03-18T07:27:13.349+0530] {logging_mixin.py:188} INFO - [2026-03-18T07:27:13.349+0530] {dag.py:3047} INFO - Sync 1 DAGs
[2026-03-18T07:27:13.354+0530] {logging_mixin.py:188} INFO - [2026-03-18T07:27:13.354+0530] {dag.py:3834} INFO - Setting next_dagrun for example_short_circuit_operator to 2026-03-17 00:00:00+00:00, run_after=2026-03-18 00:00:00+00:00
[2026-03-18T07:27:13.361+0530] {processor.py:183} INFO - Processing /Users/vybhavswaroop/Desktop/untitled folder 3/ecommerce_platform/venv/lib/python3.11/site-packages/airflow/example_dags/example_short_circuit_operator.py took 0.057 seconds
[2026-03-18T07:28:35.697+0530] {processor.py:161} INFO - Started process (PID=4166) to work on /Users/vybhavswaroop/Desktop/untitled folder 3/ecommerce_platform/venv/lib/python3.11/site-packages/airflow/example_dags/example_short_circuit_operator.py
[2026-03-18T07:28:35.697+0530] {processor.py:830} INFO - Processing file /Users/vybhavswaroop/Desktop/untitled folder 3/ecommerce_platform/venv/lib/python3.11/site-packages/airflow/example_dags/example_short_circuit_operator.py for tasks to queue
[2026-03-18T07:28:35.697+0530] {logging_mixin.py:188} INFO - [2026-03-18T07:28:35.697+0530] {dagbag.py:540} INFO - Filling up the DagBag from /Users/vybhavswaroop/Desktop/untitled folder 3/ecommerce_platform/venv/lib/python3.11/site-packages/airflow/example_dags/example_short_circuit_operator.py
[2026-03-18T07:28:35.707+0530] {processor.py:840} INFO - DAG(s) 'example_short_circuit_operator' retrieved from /Users/vybhavswaroop/Desktop/untitled folder 3/ecommerce_platform/venv/lib/python3.11/site-packages/airflow/example_dags/example_short_circuit_operator.py
[2026-03-18T07:28:35.743+0530] {logging_mixin.py:188} INFO - [2026-03-18T07:28:35.743+0530] {dag.py:3047} INFO - Sync 1 DAGs
[2026-03-18T07:28:35.748+0530] {logging_mixin.py:188} INFO - [2026-03-18T07:28:35.748+0530] {dag.py:3834} INFO - Setting next_dagrun for example_short_circuit_operator to 2026-03-17 00:00:00+00:00, run_after=2026-03-18 00:00:00+00:00
[2026-03-18T07:28:35.754+0530] {processor.py:183} INFO - Processing /Users/vybhavswaroop/Desktop/untitled folder 3/ecommerce_platform/venv/lib/python3.11/site-packages/airflow/example_dags/example_short_circuit_operator.py took 0.058 seconds
[2026-03-18T07:29:56.373+0530] {processor.py:161} INFO - Started process (PID=4403) to work on /Users/vybhavswaroop/Desktop/untitled folder 3/ecommerce_platform/venv/lib/python3.11/site-packages/airflow/example_dags/example_short_circuit_operator.py
[2026-03-18T07:29:56.374+0530] {processor.py:830} INFO - Processing file /Users/vybhavswaroop/Desktop/untitled folder 3/ecommerce_platform/venv/lib/python3.11/site-packages/airflow/example_dags/example_short_circuit_operator.py for tasks to queue
[2026-03-18T07:29:56.374+0530] {logging_mixin.py:188} INFO - [2026-03-18T07:29:56.374+0530] {dagbag.py:540} INFO - Filling up the DagBag from /Users/vybhavswaroop/Desktop/untitled folder 3/ecommerce_platform/venv/lib/python3.11/site-packages/airflow/example_dags/example_short_circuit_operator.py
[2026-03-18T07:29:56.384+0530] {processor.py:840} INFO - DAG(s) 'example_short_circuit_operator' retrieved from /Users/vybhavswaroop/Desktop/untitled folder 3/ecommerce_platform/venv/lib/python3.11/site-packages/airflow/example_dags/example_short_circuit_operator.py
[2026-03-18T07:29:56.420+0530] {logging_mixin.py:188} INFO - [2026-03-18T07:29:56.420+0530] {dag.py:3047} INFO - Sync 1 DAGs
[2026-03-18T07:29:56.425+0530] {logging_mixin.py:188} INFO - [2026-03-18T07:29:56.425+0530] {dag.py:3834} INFO - Setting next_dagrun for example_short_circuit_operator to 2026-03-17 00:00:00+00:00, run_after=2026-03-18 00:00:00+00:00
[2026-03-18T07:29:56.432+0530] {processor.py:183} INFO - Processing /Users/vybhavswaroop/Desktop/untitled folder 3/ecommerce_platform/venv/lib/python3.11/site-packages/airflow/example_dags/example_short_circuit_operator.py took 0.059 seconds
[2026-03-18T07:31:17.626+0530] {processor.py:161} INFO - Started process (PID=4646) to work on /Users/vybhavswaroop/Desktop/untitled folder 3/ecommerce_platform/venv/lib/python3.11/site-packages/airflow/example_dags/example_short_circuit_operator.py
[2026-03-18T07:31:17.626+0530] {processor.py:830} INFO - Processing file /Users/vybhavswaroop/Desktop/untitled folder 3/ecommerce_platform/venv/lib/python3.11/site-packages/airflow/example_dags/example_short_circuit_operator.py for tasks to queue
[2026-03-18T07:31:17.627+0530] {logging_mixin.py:188} INFO - [2026-03-18T07:31:17.627+0530] {dagbag.py:540} INFO - Filling up the DagBag from /Users/vybhavswaroop/Desktop/untitled folder 3/ecommerce_platform/venv/lib/python3.11/site-packages/airflow/example_dags/example_short_circuit_operator.py
[2026-03-18T07:31:17.636+0530] {processor.py:840} INFO - DAG(s) 'example_short_circuit_operator' retrieved from /Users/vybhavswaroop/Desktop/untitled folder 3/ecommerce_platform/venv/lib/python3.11/site-packages/airflow/example_dags/example_short_circuit_operator.py
[2026-03-18T07:31:17.671+0530] {logging_mixin.py:188} INFO - [2026-03-18T07:31:17.671+0530] {dag.py:3047} INFO - Sync 1 DAGs
[2026-03-18T07:31:17.676+0530] {logging_mixin.py:188} INFO - [2026-03-18T07:31:17.676+0530] {dag.py:3834} INFO - Setting next_dagrun for example_short_circuit_operator to 2026-03-17 00:00:00+00:00, run_after=2026-03-18 00:00:00+00:00
[2026-03-18T07:31:17.682+0530] {processor.py:183} INFO - Processing /Users/vybhavswaroop/Desktop/untitled folder 3/ecommerce_platform/venv/lib/python3.11/site-packages/airflow/example_dags/example_short_circuit_operator.py took 0.057 seconds
[2026-03-18T07:32:43.247+0530] {processor.py:161} INFO - Started process (PID=4897) to work on /Users/vybhavswaroop/Desktop/untitled folder 3/ecommerce_platform/venv/lib/python3.11/site-packages/airflow/example_dags/example_short_circuit_operator.py
[2026-03-18T07:32:43.248+0530] {processor.py:830} INFO - Processing file /Users/vybhavswaroop/Desktop/untitled folder 3/ecommerce_platform/venv/lib/python3.11/site-packages/airflow/example_dags/example_short_circuit_operator.py for tasks to queue
[2026-03-18T07:32:43.248+0530] {logging_mixin.py:188} INFO - [2026-03-18T07:32:43.248+0530] {dagbag.py:540} INFO - Filling up the DagBag from /Users/vybhavswaroop/Desktop/untitled folder 3/ecommerce_platform/venv/lib/python3.11/site-packages/airflow/example_dags/example_short_circuit_operator.py
[2026-03-18T07:32:43.258+0530] {processor.py:840} INFO - DAG(s) 'example_short_circuit_operator' retrieved from /Users/vybhavswaroop/Desktop/untitled folder 3/ecommerce_platform/venv/lib/python3.11/site-packages/airflow/example_dags/example_short_circuit_operator.py
[2026-03-18T07:32:43.293+0530] {logging_mixin.py:188} INFO - [2026-03-18T07:32:43.293+0530] {dag.py:3047} INFO - Sync 1 DAGs
[2026-03-18T07:32:43.298+0530] {logging_mixin.py:188} INFO - [2026-03-18T07:32:43.298+0530] {dag.py:3834} INFO - Setting next_dagrun for example_short_circuit_operator to 2026-03-17 00:00:00+00:00, run_after=2026-03-18 00:00:00+00:00
[2026-03-18T07:32:43.304+0530] {processor.py:183} INFO - Processing /Users/vybhavswaroop/Desktop/untitled folder 3/ecommerce_platform/venv/lib/python3.11/site-packages/airflow/example_dags/example_short_circuit_operator.py took 0.058 seconds
[2026-03-18T07:34:06.556+0530] {processor.py:161} INFO - Started process (PID=5142) to work on /Users/vybhavswaroop/Desktop/untitled folder 3/ecommerce_platform/venv/lib/python3.11/site-packages/airflow/example_dags/example_short_circuit_operator.py
[2026-03-18T07:34:06.557+0530] {processor.py:830} INFO - Processing file /Users/vybhavswaroop/Desktop/untitled folder 3/ecommerce_platform/venv/lib/python3.11/site-packages/airflow/example_dags/example_short_circuit_operator.py for tasks to queue
[2026-03-18T07:34:06.557+0530] {logging_mixin.py:188} INFO - [2026-03-18T07:34:06.557+0530] {dagbag.py:540} INFO - Filling up the DagBag from /Users/vybhavswaroop/Desktop/untitled folder 3/ecommerce_platform/venv/lib/python3.11/site-packages/airflow/example_dags/example_short_circuit_operator.py
[2026-03-18T07:34:06.568+0530] {processor.py:840} INFO - DAG(s) 'example_short_circuit_operator' retrieved from /Users/vybhavswaroop/Desktop/untitled folder 3/ecommerce_platform/venv/lib/python3.11/site-packages/airflow/example_dags/example_short_circuit_operator.py
[2026-03-18T07:34:06.603+0530] {logging_mixin.py:188} INFO - [2026-03-18T07:34:06.603+0530] {dag.py:3047} INFO - Sync 1 DAGs
[2026-03-18T07:34:06.608+0530] {logging_mixin.py:188} INFO - [2026-03-18T07:34:06.608+0530] {dag.py:3834} INFO - Setting next_dagrun for example_short_circuit_operator to 2026-03-17 00:00:00+00:00, run_after=2026-03-18 00:00:00+00:00
[2026-03-18T07:34:06.616+0530] {processor.py:183} INFO - Processing /Users/vybhavswaroop/Desktop/untitled folder 3/ecommerce_platform/venv/lib/python3.11/site-packages/airflow/example_dags/example_short_circuit_operator.py took 0.060 seconds
[2026-03-18T07:35:39.939+0530] {processor.py:161} INFO - Started process (PID=5467) to work on /Users/vybhavswaroop/Desktop/untitled folder 3/ecommerce_platform/venv/lib/python3.11/site-packages/airflow/example_dags/example_short_circuit_operator.py
[2026-03-18T07:35:39.941+0530] {processor.py:830} INFO - Processing file /Users/vybhavswaroop/Desktop/untitled folder 3/ecommerce_platform/venv/lib/python3.11/site-packages/airflow/example_dags/example_short_circuit_operator.py for tasks to queue
[2026-03-18T07:35:39.941+0530] {logging_mixin.py:188} INFO - [2026-03-18T07:35:39.941+0530] {dagbag.py:540} INFO - Filling up the DagBag from /Users/vybhavswaroop/Desktop/untitled folder 3/ecommerce_platform/venv/lib/python3.11/site-packages/airflow/example_dags/example_short_circuit_operator.py
[2026-03-18T07:35:39.951+0530] {processor.py:840} INFO - DAG(s) 'example_short_circuit_operator' retrieved from /Users/vybhavswaroop/Desktop/untitled folder 3/ecommerce_platform/venv/lib/python3.11/site-packages/airflow/example_dags/example_short_circuit_operator.py
[2026-03-18T07:35:39.987+0530] {logging_mixin.py:188} INFO - [2026-03-18T07:35:39.986+0530] {dag.py:3047} INFO - Sync 1 DAGs
[2026-03-18T07:35:39.992+0530] {logging_mixin.py:188} INFO - [2026-03-18T07:35:39.991+0530] {dag.py:3834} INFO - Setting next_dagrun for example_short_circuit_operator to 2026-03-17 00:00:00+00:00, run_after=2026-03-18 00:00:00+00:00
[2026-03-18T07:35:39.998+0530] {processor.py:183} INFO - Processing /Users/vybhavswaroop/Desktop/untitled folder 3/ecommerce_platform/venv/lib/python3.11/site-packages/airflow/example_dags/example_short_circuit_operator.py took 0.059 seconds
[2026-03-18T07:37:12.427+0530] {processor.py:161} INFO - Started process (PID=5737) to work on /Users/vybhavswaroop/Desktop/untitled folder 3/ecommerce_platform/venv/lib/python3.11/site-packages/airflow/example_dags/example_short_circuit_operator.py
[2026-03-18T07:37:12.428+0530] {processor.py:830} INFO - Processing file /Users/vybhavswaroop/Desktop/untitled folder 3/ecommerce_platform/venv/lib/python3.11/site-packages/airflow/example_dags/example_short_circuit_operator.py for tasks to queue
[2026-03-18T07:37:12.429+0530] {logging_mixin.py:188} INFO - [2026-03-18T07:37:12.428+0530] {dagbag.py:540} INFO - Filling up the DagBag from /Users/vybhavswaroop/Desktop/untitled folder 3/ecommerce_platform/venv/lib/python3.11/site-packages/airflow/example_dags/example_short_circuit_operator.py
[2026-03-18T07:37:12.439+0530] {processor.py:840} INFO - DAG(s) 'example_short_circuit_operator' retrieved from /Users/vybhavswaroop/Desktop/untitled folder 3/ecommerce_platform/venv/lib/python3.11/site-packages/airflow/example_dags/example_short_circuit_operator.py
[2026-03-18T07:37:12.478+0530] {logging_mixin.py:188} INFO - [2026-03-18T07:37:12.477+0530] {dag.py:3047} INFO - Sync 1 DAGs
[2026-03-18T07:37:12.483+0530] {logging_mixin.py:188} INFO - [2026-03-18T07:37:12.483+0530] {dag.py:3834} INFO - Setting next_dagrun for example_short_circuit_operator to 2026-03-17 00:00:00+00:00, run_after=2026-03-18 00:00:00+00:00
[2026-03-18T07:37:12.490+0530] {processor.py:183} INFO - Processing /Users/vybhavswaroop/Desktop/untitled folder 3/ecommerce_platform/venv/lib/python3.11/site-packages/airflow/example_dags/example_short_circuit_operator.py took 0.063 seconds
[2026-03-18T07:38:44.389+0530] {processor.py:161} INFO - Started process (PID=6058) to work on /Users/vybhavswaroop/Desktop/untitled folder 3/ecommerce_platform/venv/lib/python3.11/site-packages/airflow/example_dags/example_short_circuit_operator.py
[2026-03-18T07:38:44.390+0530] {processor.py:830} INFO - Processing file /Users/vybhavswaroop/Desktop/untitled folder 3/ecommerce_platform/venv/lib/python3.11/site-packages/airflow/example_dags/example_short_circuit_operator.py for tasks to queue
[2026-03-18T07:38:44.390+0530] {logging_mixin.py:188} INFO - [2026-03-18T07:38:44.390+0530] {dagbag.py:540} INFO - Filling up the DagBag from /Users/vybhavswaroop/Desktop/untitled folder 3/ecommerce_platform/venv/lib/python3.11/site-packages/airflow/example_dags/example_short_circuit_operator.py
[2026-03-18T07:38:44.400+0530] {processor.py:840} INFO - DAG(s) 'example_short_circuit_operator' retrieved from /Users/vybhavswaroop/Desktop/untitled folder 3/ecommerce_platform/venv/lib/python3.11/site-packages/airflow/example_dags/example_short_circuit_operator.py
[2026-03-18T07:38:44.438+0530] {logging_mixin.py:188} INFO - [2026-03-18T07:38:44.437+0530] {dag.py:3047} INFO - Sync 1 DAGs
[2026-03-18T07:38:44.443+0530] {logging_mixin.py:188} INFO - [2026-03-18T07:38:44.443+0530] {dag.py:3834} INFO - Setting next_dagrun for example_short_circuit_operator to 2026-03-17 00:00:00+00:00, run_after=2026-03-18 00:00:00+00:00
[2026-03-18T07:38:44.449+0530] {processor.py:183} INFO - Processing /Users/vybhavswaroop/Desktop/untitled folder 3/ecommerce_platform/venv/lib/python3.11/site-packages/airflow/example_dags/example_short_circuit_operator.py took 0.061 seconds
[2026-03-18T07:40:09.579+0530] {processor.py:161} INFO - Started process (PID=6358) to work on /Users/vybhavswaroop/Desktop/untitled folder 3/ecommerce_platform/venv/lib/python3.11/site-packages/airflow/example_dags/example_short_circuit_operator.py
[2026-03-18T07:40:09.581+0530] {processor.py:830} INFO - Processing file /Users/vybhavswaroop/Desktop/untitled folder 3/ecommerce_platform/venv/lib/python3.11/site-packages/airflow/example_dags/example_short_circuit_operator.py for tasks to queue
[2026-03-18T07:40:09.581+0530] {logging_mixin.py:188} INFO - [2026-03-18T07:40:09.581+0530] {dagbag.py:540} INFO - Filling up the DagBag from /Users/vybhavswaroop/Desktop/untitled folder 3/ecommerce_platform/venv/lib/python3.11/site-packages/airflow/example_dags/example_short_circuit_operator.py
[2026-03-18T07:40:09.591+0530] {processor.py:840} INFO - DAG(s) 'example_short_circuit_operator' retrieved from /Users/vybhavswaroop/Desktop/untitled folder 3/ecommerce_platform/venv/lib/python3.11/site-packages/airflow/example_dags/example_short_circuit_operator.py
[2026-03-18T07:40:09.626+0530] {logging_mixin.py:188} INFO - [2026-03-18T07:40:09.626+0530] {dag.py:3047} INFO - Sync 1 DAGs
[2026-03-18T07:40:09.631+0530] {logging_mixin.py:188} INFO - [2026-03-18T07:40:09.631+0530] {dag.py:3834} INFO - Setting next_dagrun for example_short_circuit_operator to 2026-03-17 00:00:00+00:00, run_after=2026-03-18 00:00:00+00:00
[2026-03-18T07:40:09.637+0530] {processor.py:183} INFO - Processing /Users/vybhavswaroop/Desktop/untitled folder 3/ecommerce_platform/venv/lib/python3.11/site-packages/airflow/example_dags/example_short_circuit_operator.py took 0.057 seconds
[2026-03-18T07:41:46.573+0530] {processor.py:161} INFO - Started process (PID=6722) to work on /Users/vybhavswaroop/Desktop/untitled folder 3/ecommerce_platform/venv/lib/python3.11/site-packages/airflow/example_dags/example_short_circuit_operator.py
[2026-03-18T07:41:46.575+0530] {processor.py:830} INFO - Processing file /Users/vybhavswaroop/Desktop/untitled folder 3/ecommerce_platform/venv/lib/python3.11/site-packages/airflow/example_dags/example_short_circuit_operator.py for tasks to queue
[2026-03-18T07:41:46.575+0530] {logging_mixin.py:188} INFO - [2026-03-18T07:41:46.575+0530] {dagbag.py:540} INFO - Filling up the DagBag from /Users/vybhavswaroop/Desktop/untitled folder 3/ecommerce_platform/venv/lib/python3.11/site-packages/airflow/example_dags/example_short_circuit_operator.py
[2026-03-18T07:41:46.585+0530] {processor.py:840} INFO - DAG(s) 'example_short_circuit_operator' retrieved from /Users/vybhavswaroop/Desktop/untitled folder 3/ecommerce_platform/venv/lib/python3.11/site-packages/airflow/example_dags/example_short_circuit_operator.py
[2026-03-18T07:41:46.624+0530] {logging_mixin.py:188} INFO - [2026-03-18T07:41:46.624+0530] {dag.py:3047} INFO - Sync 1 DAGs
[2026-03-18T07:41:46.629+0530] {logging_mixin.py:188} INFO - [2026-03-18T07:41:46.629+0530] {dag.py:3834} INFO - Setting next_dagrun for example_short_circuit_operator to 2026-03-17 00:00:00+00:00, run_after=2026-03-18 00:00:00+00:00
[2026-03-18T07:41:46.636+0530] {processor.py:183} INFO - Processing /Users/vybhavswaroop/Desktop/untitled folder 3/ecommerce_platform/venv/lib/python3.11/site-packages/airflow/example_dags/example_short_circuit_operator.py took 0.064 seconds
[2026-03-18T07:43:22.545+0530] {processor.py:161} INFO - Started process (PID=7049) to work on /Users/vybhavswaroop/Desktop/untitled folder 3/ecommerce_platform/venv/lib/python3.11/site-packages/airflow/example_dags/example_short_circuit_operator.py
[2026-03-18T07:43:22.547+0530] {processor.py:830} INFO - Processing file /Users/vybhavswaroop/Desktop/untitled folder 3/ecommerce_platform/venv/lib/python3.11/site-packages/airflow/example_dags/example_short_circuit_operator.py for tasks to queue
[2026-03-18T07:43:22.547+0530] {logging_mixin.py:188} INFO - [2026-03-18T07:43:22.547+0530] {dagbag.py:540} INFO - Filling up the DagBag from /Users/vybhavswaroop/Desktop/untitled folder 3/ecommerce_platform/venv/lib/python3.11/site-packages/airflow/example_dags/example_short_circuit_operator.py
[2026-03-18T07:43:22.557+0530] {processor.py:840} INFO - DAG(s) 'example_short_circuit_operator' retrieved from /Users/vybhavswaroop/Desktop/untitled folder 3/ecommerce_platform/venv/lib/python3.11/site-packages/airflow/example_dags/example_short_circuit_operator.py
[2026-03-18T07:43:22.593+0530] {logging_mixin.py:188} INFO - [2026-03-18T07:43:22.593+0530] {dag.py:3047} INFO - Sync 1 DAGs
[2026-03-18T07:43:22.598+0530] {logging_mixin.py:188} INFO - [2026-03-18T07:43:22.598+0530] {dag.py:3834} INFO - Setting next_dagrun for example_short_circuit_operator to 2026-03-17 00:00:00+00:00, run_after=2026-03-18 00:00:00+00:00
[2026-03-18T07:43:22.604+0530] {processor.py:183} INFO - Processing /Users/vybhavswaroop/Desktop/untitled folder 3/ecommerce_platform/venv/lib/python3.11/site-packages/airflow/example_dags/example_short_circuit_operator.py took 0.060 seconds
[2026-03-18T07:44:55.549+0530] {processor.py:161} INFO - Started process (PID=7387) to work on /Users/vybhavswaroop/Desktop/untitled folder 3/ecommerce_platform/venv/lib/python3.11/site-packages/airflow/example_dags/example_short_circuit_operator.py
[2026-03-18T07:44:55.550+0530] {processor.py:830} INFO - Processing file /Users/vybhavswaroop/Desktop/untitled folder 3/ecommerce_platform/venv/lib/python3.11/site-packages/airflow/example_dags/example_short_circuit_operator.py for tasks to queue
[2026-03-18T07:44:55.550+0530] {logging_mixin.py:188} INFO - [2026-03-18T07:44:55.550+0530] {dagbag.py:540} INFO - Filling up the DagBag from /Users/vybhavswaroop/Desktop/untitled folder 3/ecommerce_platform/venv/lib/python3.11/site-packages/airflow/example_dags/example_short_circuit_operator.py
[2026-03-18T07:44:55.561+0530] {processor.py:840} INFO - DAG(s) 'example_short_circuit_operator' retrieved from /Users/vybhavswaroop/Desktop/untitled folder 3/ecommerce_platform/venv/lib/python3.11/site-packages/airflow/example_dags/example_short_circuit_operator.py
[2026-03-18T07:44:55.597+0530] {logging_mixin.py:188} INFO - [2026-03-18T07:44:55.597+0530] {dag.py:3047} INFO - Sync 1 DAGs
[2026-03-18T07:44:55.601+0530] {logging_mixin.py:188} INFO - [2026-03-18T07:44:55.601+0530] {dag.py:3834} INFO - Setting next_dagrun for example_short_circuit_operator to 2026-03-17 00:00:00+00:00, run_after=2026-03-18 00:00:00+00:00
[2026-03-18T07:44:55.607+0530] {processor.py:183} INFO - Processing /Users/vybhavswaroop/Desktop/untitled folder 3/ecommerce_platform/venv/lib/python3.11/site-packages/airflow/example_dags/example_short_circuit_operator.py took 0.058 seconds
[2026-03-18T07:46:19.056+0530] {processor.py:161} INFO - Started process (PID=7669) to work on /Users/vybhavswaroop/Desktop/untitled folder 3/ecommerce_platform/venv/lib/python3.11/site-packages/airflow/example_dags/example_short_circuit_operator.py
[2026-03-18T07:46:19.057+0530] {processor.py:830} INFO - Processing file /Users/vybhavswaroop/Desktop/untitled folder 3/ecommerce_platform/venv/lib/python3.11/site-packages/airflow/example_dags/example_short_circuit_operator.py for tasks to queue
[2026-03-18T07:46:19.057+0530] {logging_mixin.py:188} INFO - [2026-03-18T07:46:19.057+0530] {dagbag.py:540} INFO - Filling up the DagBag from /Users/vybhavswaroop/Desktop/untitled folder 3/ecommerce_platform/venv/lib/python3.11/site-packages/airflow/example_dags/example_short_circuit_operator.py
[2026-03-18T07:46:19.068+0530] {processor.py:840} INFO - DAG(s) 'example_short_circuit_operator' retrieved from /Users/vybhavswaroop/Desktop/untitled folder 3/ecommerce_platform/venv/lib/python3.11/site-packages/airflow/example_dags/example_short_circuit_operator.py
[2026-03-18T07:46:19.103+0530] {logging_mixin.py:188} INFO - [2026-03-18T07:46:19.103+0530] {dag.py:3047} INFO - Sync 1 DAGs
[2026-03-18T07:46:19.108+0530] {logging_mixin.py:188} INFO - [2026-03-18T07:46:19.108+0530] {dag.py:3834} INFO - Setting next_dagrun for example_short_circuit_operator to 2026-03-17 00:00:00+00:00, run_after=2026-03-18 00:00:00+00:00
[2026-03-18T07:46:19.114+0530] {processor.py:183} INFO - Processing /Users/vybhavswaroop/Desktop/untitled folder 3/ecommerce_platform/venv/lib/python3.11/site-packages/airflow/example_dags/example_short_circuit_operator.py took 0.057 seconds
[2026-03-18T07:47:41.444+0530] {processor.py:161} INFO - Started process (PID=7967) to work on /Users/vybhavswaroop/Desktop/untitled folder 3/ecommerce_platform/venv/lib/python3.11/site-packages/airflow/example_dags/example_short_circuit_operator.py
[2026-03-18T07:47:41.446+0530] {processor.py:830} INFO - Processing file /Users/vybhavswaroop/Desktop/untitled folder 3/ecommerce_platform/venv/lib/python3.11/site-packages/airflow/example_dags/example_short_circuit_operator.py for tasks to queue
[2026-03-18T07:47:41.446+0530] {logging_mixin.py:188} INFO - [2026-03-18T07:47:41.446+0530] {dagbag.py:540} INFO - Filling up the DagBag from /Users/vybhavswaroop/Desktop/untitled folder 3/ecommerce_platform/venv/lib/python3.11/site-packages/airflow/example_dags/example_short_circuit_operator.py
[2026-03-18T07:47:41.456+0530] {processor.py:840} INFO - DAG(s) 'example_short_circuit_operator' retrieved from /Users/vybhavswaroop/Desktop/untitled folder 3/ecommerce_platform/venv/lib/python3.11/site-packages/airflow/example_dags/example_short_circuit_operator.py
[2026-03-18T07:47:41.492+0530] {logging_mixin.py:188} INFO - [2026-03-18T07:47:41.492+0530] {dag.py:3047} INFO - Sync 1 DAGs
[2026-03-18T07:47:41.497+0530] {logging_mixin.py:188} INFO - [2026-03-18T07:47:41.497+0530] {dag.py:3834} INFO - Setting next_dagrun for example_short_circuit_operator to 2026-03-17 00:00:00+00:00, run_after=2026-03-18 00:00:00+00:00
[2026-03-18T07:47:41.502+0530] {processor.py:183} INFO - Processing /Users/vybhavswaroop/Desktop/untitled folder 3/ecommerce_platform/venv/lib/python3.11/site-packages/airflow/example_dags/example_short_circuit_operator.py took 0.059 seconds
[2026-03-18T07:49:03.931+0530] {processor.py:161} INFO - Started process (PID=8291) to work on /Users/vybhavswaroop/Desktop/untitled folder 3/ecommerce_platform/venv/lib/python3.11/site-packages/airflow/example_dags/example_short_circuit_operator.py
[2026-03-18T07:49:03.932+0530] {processor.py:830} INFO - Processing file /Users/vybhavswaroop/Desktop/untitled folder 3/ecommerce_platform/venv/lib/python3.11/site-packages/airflow/example_dags/example_short_circuit_operator.py for tasks to queue
[2026-03-18T07:49:03.932+0530] {logging_mixin.py:188} INFO - [2026-03-18T07:49:03.932+0530] {dagbag.py:540} INFO - Filling up the DagBag from /Users/vybhavswaroop/Desktop/untitled folder 3/ecommerce_platform/venv/lib/python3.11/site-packages/airflow/example_dags/example_short_circuit_operator.py
[2026-03-18T07:49:03.942+0530] {processor.py:840} INFO - DAG(s) 'example_short_circuit_operator' retrieved from /Users/vybhavswaroop/Desktop/untitled folder 3/ecommerce_platform/venv/lib/python3.11/site-packages/airflow/example_dags/example_short_circuit_operator.py
[2026-03-18T07:49:03.978+0530] {logging_mixin.py:188} INFO - [2026-03-18T07:49:03.978+0530] {dag.py:3047} INFO - Sync 1 DAGs
[2026-03-18T07:49:03.983+0530] {logging_mixin.py:188} INFO - [2026-03-18T07:49:03.983+0530] {dag.py:3834} INFO - Setting next_dagrun for example_short_circuit_operator to 2026-03-17 00:00:00+00:00, run_after=2026-03-18 00:00:00+00:00
[2026-03-18T07:49:03.989+0530] {processor.py:183} INFO - Processing /Users/vybhavswaroop/Desktop/untitled folder 3/ecommerce_platform/venv/lib/python3.11/site-packages/airflow/example_dags/example_short_circuit_operator.py took 0.058 seconds
[2026-03-18T07:50:29.680+0530] {processor.py:161} INFO - Started process (PID=8865) to work on /Users/vybhavswaroop/Desktop/untitled folder 3/ecommerce_platform/venv/lib/python3.11/site-packages/airflow/example_dags/example_short_circuit_operator.py
[2026-03-18T07:50:29.681+0530] {processor.py:830} INFO - Processing file /Users/vybhavswaroop/Desktop/untitled folder 3/ecommerce_platform/venv/lib/python3.11/site-packages/airflow/example_dags/example_short_circuit_operator.py for tasks to queue
[2026-03-18T07:50:29.681+0530] {logging_mixin.py:188} INFO - [2026-03-18T07:50:29.681+0530] {dagbag.py:540} INFO - Filling up the DagBag from /Users/vybhavswaroop/Desktop/untitled folder 3/ecommerce_platform/venv/lib/python3.11/site-packages/airflow/example_dags/example_short_circuit_operator.py
[2026-03-18T07:50:29.691+0530] {processor.py:840} INFO - DAG(s) 'example_short_circuit_operator' retrieved from /Users/vybhavswaroop/Desktop/untitled folder 3/ecommerce_platform/venv/lib/python3.11/site-packages/airflow/example_dags/example_short_circuit_operator.py
[2026-03-18T07:50:29.727+0530] {logging_mixin.py:188} INFO - [2026-03-18T07:50:29.726+0530] {dag.py:3047} INFO - Sync 1 DAGs
[2026-03-18T07:50:29.732+0530] {logging_mixin.py:188} INFO - [2026-03-18T07:50:29.731+0530] {dag.py:3834} INFO - Setting next_dagrun for example_short_circuit_operator to 2026-03-17 00:00:00+00:00, run_after=2026-03-18 00:00:00+00:00
[2026-03-18T07:50:29.737+0530] {processor.py:183} INFO - Processing /Users/vybhavswaroop/Desktop/untitled folder 3/ecommerce_platform/venv/lib/python3.11/site-packages/airflow/example_dags/example_short_circuit_operator.py took 0.058 seconds
[2026-03-18T07:51:56.688+0530] {processor.py:161} INFO - Started process (PID=9723) to work on /Users/vybhavswaroop/Desktop/untitled folder 3/ecommerce_platform/venv/lib/python3.11/site-packages/airflow/example_dags/example_short_circuit_operator.py
[2026-03-18T07:51:56.689+0530] {processor.py:830} INFO - Processing file /Users/vybhavswaroop/Desktop/untitled folder 3/ecommerce_platform/venv/lib/python3.11/site-packages/airflow/example_dags/example_short_circuit_operator.py for tasks to queue
[2026-03-18T07:51:56.689+0530] {logging_mixin.py:188} INFO - [2026-03-18T07:51:56.689+0530] {dagbag.py:540} INFO - Filling up the DagBag from /Users/vybhavswaroop/Desktop/untitled folder 3/ecommerce_platform/venv/lib/python3.11/site-packages/airflow/example_dags/example_short_circuit_operator.py
[2026-03-18T07:51:56.699+0530] {processor.py:840} INFO - DAG(s) 'example_short_circuit_operator' retrieved from /Users/vybhavswaroop/Desktop/untitled folder 3/ecommerce_platform/venv/lib/python3.11/site-packages/airflow/example_dags/example_short_circuit_operator.py
[2026-03-18T07:51:56.736+0530] {logging_mixin.py:188} INFO - [2026-03-18T07:51:56.736+0530] {dag.py:3047} INFO - Sync 1 DAGs
[2026-03-18T07:51:56.741+0530] {logging_mixin.py:188} INFO - [2026-03-18T07:51:56.740+0530] {dag.py:3834} INFO - Setting next_dagrun for example_short_circuit_operator to 2026-03-17 00:00:00+00:00, run_after=2026-03-18 00:00:00+00:00
[2026-03-18T07:51:56.746+0530] {processor.py:183} INFO - Processing /Users/vybhavswaroop/Desktop/untitled folder 3/ecommerce_platform/venv/lib/python3.11/site-packages/airflow/example_dags/example_short_circuit_operator.py took 0.058 seconds
[2026-03-18T07:53:28.010+0530] {processor.py:161} INFO - Started process (PID=10827) to work on /Users/vybhavswaroop/Desktop/untitled folder 3/ecommerce_platform/venv/lib/python3.11/site-packages/airflow/example_dags/example_short_circuit_operator.py
[2026-03-18T07:53:28.012+0530] {processor.py:830} INFO - Processing file /Users/vybhavswaroop/Desktop/untitled folder 3/ecommerce_platform/venv/lib/python3.11/site-packages/airflow/example_dags/example_short_circuit_operator.py for tasks to queue
[2026-03-18T07:53:28.012+0530] {logging_mixin.py:188} INFO - [2026-03-18T07:53:28.012+0530] {dagbag.py:540} INFO - Filling up the DagBag from /Users/vybhavswaroop/Desktop/untitled folder 3/ecommerce_platform/venv/lib/python3.11/site-packages/airflow/example_dags/example_short_circuit_operator.py
[2026-03-18T07:53:28.022+0530] {processor.py:840} INFO - DAG(s) 'example_short_circuit_operator' retrieved from /Users/vybhavswaroop/Desktop/untitled folder 3/ecommerce_platform/venv/lib/python3.11/site-packages/airflow/example_dags/example_short_circuit_operator.py
[2026-03-18T07:53:28.083+0530] {logging_mixin.py:188} INFO - [2026-03-18T07:53:28.083+0530] {dag.py:3047} INFO - Sync 1 DAGs
[2026-03-18T07:53:28.088+0530] {logging_mixin.py:188} INFO - [2026-03-18T07:53:28.088+0530] {dag.py:3834} INFO - Setting next_dagrun for example_short_circuit_operator to 2026-03-17 00:00:00+00:00, run_after=2026-03-18 00:00:00+00:00
[2026-03-18T07:53:28.094+0530] {processor.py:183} INFO - Processing /Users/vybhavswaroop/Desktop/untitled folder 3/ecommerce_platform/venv/lib/python3.11/site-packages/airflow/example_dags/example_short_circuit_operator.py took 0.085 seconds
[2026-03-18T07:55:32.576+0530] {processor.py:161} INFO - Started process (PID=11191) to work on /Users/vybhavswaroop/Desktop/untitled folder 3/ecommerce_platform/venv/lib/python3.11/site-packages/airflow/example_dags/example_short_circuit_operator.py
[2026-03-18T07:55:32.577+0530] {processor.py:830} INFO - Processing file /Users/vybhavswaroop/Desktop/untitled folder 3/ecommerce_platform/venv/lib/python3.11/site-packages/airflow/example_dags/example_short_circuit_operator.py for tasks to queue
[2026-03-18T07:55:32.577+0530] {logging_mixin.py:188} INFO - [2026-03-18T07:55:32.577+0530] {dagbag.py:540} INFO - Filling up the DagBag from /Users/vybhavswaroop/Desktop/untitled folder 3/ecommerce_platform/venv/lib/python3.11/site-packages/airflow/example_dags/example_short_circuit_operator.py
[2026-03-18T07:55:32.587+0530] {processor.py:840} INFO - DAG(s) 'example_short_circuit_operator' retrieved from /Users/vybhavswaroop/Desktop/untitled folder 3/ecommerce_platform/venv/lib/python3.11/site-packages/airflow/example_dags/example_short_circuit_operator.py
[2026-03-18T07:55:32.622+0530] {logging_mixin.py:188} INFO - [2026-03-18T07:55:32.622+0530] {dag.py:3047} INFO - Sync 1 DAGs
[2026-03-18T07:55:32.626+0530] {logging_mixin.py:188} INFO - [2026-03-18T07:55:32.626+0530] {dag.py:3834} INFO - Setting next_dagrun for example_short_circuit_operator to 2026-03-17 00:00:00+00:00, run_after=2026-03-18 00:00:00+00:00
[2026-03-18T07:55:32.632+0530] {processor.py:183} INFO - Processing /Users/vybhavswaroop/Desktop/untitled folder 3/ecommerce_platform/venv/lib/python3.11/site-packages/airflow/example_dags/example_short_circuit_operator.py took 0.056 seconds
[2026-03-18T07:57:03.305+0530] {processor.py:161} INFO - Started process (PID=11452) to work on /Users/vybhavswaroop/Desktop/untitled folder 3/ecommerce_platform/venv/lib/python3.11/site-packages/airflow/example_dags/example_short_circuit_operator.py
[2026-03-18T07:57:03.306+0530] {processor.py:830} INFO - Processing file /Users/vybhavswaroop/Desktop/untitled folder 3/ecommerce_platform/venv/lib/python3.11/site-packages/airflow/example_dags/example_short_circuit_operator.py for tasks to queue
[2026-03-18T07:57:03.306+0530] {logging_mixin.py:188} INFO - [2026-03-18T07:57:03.306+0530] {dagbag.py:540} INFO - Filling up the DagBag from /Users/vybhavswaroop/Desktop/untitled folder 3/ecommerce_platform/venv/lib/python3.11/site-packages/airflow/example_dags/example_short_circuit_operator.py
[2026-03-18T07:57:03.317+0530] {processor.py:840} INFO - DAG(s) 'example_short_circuit_operator' retrieved from /Users/vybhavswaroop/Desktop/untitled folder 3/ecommerce_platform/venv/lib/python3.11/site-packages/airflow/example_dags/example_short_circuit_operator.py
[2026-03-18T07:57:03.353+0530] {logging_mixin.py:188} INFO - [2026-03-18T07:57:03.353+0530] {dag.py:3047} INFO - Sync 1 DAGs
[2026-03-18T07:57:03.358+0530] {logging_mixin.py:188} INFO - [2026-03-18T07:57:03.358+0530] {dag.py:3834} INFO - Setting next_dagrun for example_short_circuit_operator to 2026-03-17 00:00:00+00:00, run_after=2026-03-18 00:00:00+00:00
[2026-03-18T07:57:03.363+0530] {processor.py:183} INFO - Processing /Users/vybhavswaroop/Desktop/untitled folder 3/ecommerce_platform/venv/lib/python3.11/site-packages/airflow/example_dags/example_short_circuit_operator.py took 0.058 seconds
[2026-03-18T07:58:28.569+0530] {processor.py:161} INFO - Started process (PID=11698) to work on /Users/vybhavswaroop/Desktop/untitled folder 3/ecommerce_platform/venv/lib/python3.11/site-packages/airflow/example_dags/example_short_circuit_operator.py
[2026-03-18T07:58:28.569+0530] {processor.py:830} INFO - Processing file /Users/vybhavswaroop/Desktop/untitled folder 3/ecommerce_platform/venv/lib/python3.11/site-packages/airflow/example_dags/example_short_circuit_operator.py for tasks to queue
[2026-03-18T07:58:28.570+0530] {logging_mixin.py:188} INFO - [2026-03-18T07:58:28.570+0530] {dagbag.py:540} INFO - Filling up the DagBag from /Users/vybhavswaroop/Desktop/untitled folder 3/ecommerce_platform/venv/lib/python3.11/site-packages/airflow/example_dags/example_short_circuit_operator.py
[2026-03-18T07:58:28.580+0530] {processor.py:840} INFO - DAG(s) 'example_short_circuit_operator' retrieved from /Users/vybhavswaroop/Desktop/untitled folder 3/ecommerce_platform/venv/lib/python3.11/site-packages/airflow/example_dags/example_short_circuit_operator.py
[2026-03-18T07:58:28.615+0530] {logging_mixin.py:188} INFO - [2026-03-18T07:58:28.615+0530] {dag.py:3047} INFO - Sync 1 DAGs
[2026-03-18T07:58:28.620+0530] {logging_mixin.py:188} INFO - [2026-03-18T07:58:28.620+0530] {dag.py:3834} INFO - Setting next_dagrun for example_short_circuit_operator to 2026-03-17 00:00:00+00:00, run_after=2026-03-18 00:00:00+00:00
[2026-03-18T07:58:28.626+0530] {processor.py:183} INFO - Processing /Users/vybhavswaroop/Desktop/untitled folder 3/ecommerce_platform/venv/lib/python3.11/site-packages/airflow/example_dags/example_short_circuit_operator.py took 0.057 seconds
