[2026-03-18T06:17:02.304+0530] {processor.py:161} INFO - Started process (PID=97512) to work on /Users/vybhavswaroop/Desktop/untitled folder 3/ecommerce_platform/venv/lib/python3.11/site-packages/airflow/example_dags/example_task_group.py
[2026-03-18T06:17:02.305+0530] {processor.py:830} INFO - Processing file /Users/vybhavswaroop/Desktop/untitled folder 3/ecommerce_platform/venv/lib/python3.11/site-packages/airflow/example_dags/example_task_group.py for tasks to queue
[2026-03-18T06:17:02.305+0530] {logging_mixin.py:188} INFO - [2026-03-18T06:17:02.305+0530] {dagbag.py:540} INFO - Filling up the DagBag from /Users/vybhavswaroop/Desktop/untitled folder 3/ecommerce_platform/venv/lib/python3.11/site-packages/airflow/example_dags/example_task_group.py
[2026-03-18T06:17:02.308+0530] {processor.py:840} INFO - DAG(s) 'example_task_group' retrieved from /Users/vybhavswaroop/Desktop/untitled folder 3/ecommerce_platform/venv/lib/python3.11/site-packages/airflow/example_dags/example_task_group.py
[2026-03-18T06:17:02.345+0530] {logging_mixin.py:188} INFO - [2026-03-18T06:17:02.345+0530] {dag.py:3047} INFO - Sync 1 DAGs
[2026-03-18T06:17:02.351+0530] {logging_mixin.py:188} INFO - [2026-03-18T06:17:02.351+0530] {dag.py:3834} INFO - Setting next_dagrun for example_task_group to 2026-03-17 00:00:00+00:00, run_after=2026-03-18 00:00:00+00:00
[2026-03-18T06:17:02.358+0530] {processor.py:183} INFO - Processing /Users/vybhavswaroop/Desktop/untitled folder 3/ecommerce_platform/venv/lib/python3.11/site-packages/airflow/example_dags/example_task_group.py took 0.055 seconds
[2026-03-18T07:20:18.966+0530] {processor.py:161} INFO - Started process (PID=99964) to work on /Users/vybhavswaroop/Desktop/untitled folder 3/ecommerce_platform/venv/lib/python3.11/site-packages/airflow/example_dags/example_task_group.py
[2026-03-18T07:20:18.967+0530] {processor.py:830} INFO - Processing file /Users/vybhavswaroop/Desktop/untitled folder 3/ecommerce_platform/venv/lib/python3.11/site-packages/airflow/example_dags/example_task_group.py for tasks to queue
[2026-03-18T07:20:18.967+0530] {logging_mixin.py:188} INFO - [2026-03-18T07:20:18.967+0530] {dagbag.py:540} INFO - Filling up the DagBag from /Users/vybhavswaroop/Desktop/untitled folder 3/ecommerce_platform/venv/lib/python3.11/site-packages/airflow/example_dags/example_task_group.py
[2026-03-18T07:20:18.971+0530] {processor.py:840} INFO - DAG(s) 'example_task_group' retrieved from /Users/vybhavswaroop/Desktop/untitled folder 3/ecommerce_platform/venv/lib/python3.11/site-packages/airflow/example_dags/example_task_group.py
[2026-03-18T07:20:19.010+0530] {logging_mixin.py:188} INFO - [2026-03-18T07:20:19.010+0530] {dag.py:3047} INFO - Sync 1 DAGs
[2026-03-18T07:20:19.016+0530] {logging_mixin.py:188} INFO - [2026-03-18T07:20:19.016+0530] {dag.py:3834} INFO - Setting next_dagrun for example_task_group to 2026-03-17 00:00:00+00:00, run_after=2026-03-18 00:00:00+00:00
[2026-03-18T07:20:19.023+0530] {processor.py:183} INFO - Processing /Users/vybhavswaroop/Desktop/untitled folder 3/ecommerce_platform/venv/lib/python3.11/site-packages/airflow/example_dags/example_task_group.py took 0.058 seconds
[2026-03-18T07:21:14.776+0530] {processor.py:161} INFO - Started process (PID=1996) to work on /Users/vybhavswaroop/Desktop/untitled folder 3/ecommerce_platform/venv/lib/python3.11/site-packages/airflow/example_dags/example_task_group.py
[2026-03-18T07:21:14.777+0530] {processor.py:830} INFO - Processing file /Users/vybhavswaroop/Desktop/untitled folder 3/ecommerce_platform/venv/lib/python3.11/site-packages/airflow/example_dags/example_task_group.py for tasks to queue
[2026-03-18T07:21:14.777+0530] {logging_mixin.py:188} INFO - [2026-03-18T07:21:14.777+0530] {dagbag.py:540} INFO - Filling up the DagBag from /Users/vybhavswaroop/Desktop/untitled folder 3/ecommerce_platform/venv/lib/python3.11/site-packages/airflow/example_dags/example_task_group.py
[2026-03-18T07:21:14.780+0530] {processor.py:840} INFO - DAG(s) 'example_task_group' retrieved from /Users/vybhavswaroop/Desktop/untitled folder 3/ecommerce_platform/venv/lib/python3.11/site-packages/airflow/example_dags/example_task_group.py
[2026-03-18T07:21:14.815+0530] {logging_mixin.py:188} INFO - [2026-03-18T07:21:14.815+0530] {dag.py:3047} INFO - Sync 1 DAGs
[2026-03-18T07:21:14.821+0530] {logging_mixin.py:188} INFO - [2026-03-18T07:21:14.820+0530] {dag.py:3834} INFO - Setting next_dagrun for example_task_group to 2026-03-17 00:00:00+00:00, run_after=2026-03-18 00:00:00+00:00
[2026-03-18T07:21:14.827+0530] {processor.py:183} INFO - Processing /Users/vybhavswaroop/Desktop/untitled folder 3/ecommerce_platform/venv/lib/python3.11/site-packages/airflow/example_dags/example_task_group.py took 0.051 seconds
[2026-03-18T07:22:13.359+0530] {processor.py:161} INFO - Started process (PID=2978) to work on /Users/vybhavswaroop/Desktop/untitled folder 3/ecommerce_platform/venv/lib/python3.11/site-packages/airflow/example_dags/example_task_group.py
[2026-03-18T07:22:13.360+0530] {processor.py:830} INFO - Processing file /Users/vybhavswaroop/Desktop/untitled folder 3/ecommerce_platform/venv/lib/python3.11/site-packages/airflow/example_dags/example_task_group.py for tasks to queue
[2026-03-18T07:22:13.360+0530] {logging_mixin.py:188} INFO - [2026-03-18T07:22:13.360+0530] {dagbag.py:540} INFO - Filling up the DagBag from /Users/vybhavswaroop/Desktop/untitled folder 3/ecommerce_platform/venv/lib/python3.11/site-packages/airflow/example_dags/example_task_group.py
[2026-03-18T07:22:13.364+0530] {processor.py:840} INFO - DAG(s) 'example_task_group' retrieved from /Users/vybhavswaroop/Desktop/untitled folder 3/ecommerce_platform/venv/lib/python3.11/site-packages/airflow/example_dags/example_task_group.py
[2026-03-18T07:22:13.430+0530] {logging_mixin.py:188} INFO - [2026-03-18T07:22:13.429+0530] {dag.py:3047} INFO - Sync 1 DAGs
[2026-03-18T07:22:13.434+0530] {logging_mixin.py:188} INFO - [2026-03-18T07:22:13.434+0530] {dag.py:3834} INFO - Setting next_dagrun for example_task_group to 2026-03-17 00:00:00+00:00, run_after=2026-03-18 00:00:00+00:00
[2026-03-18T07:22:13.441+0530] {processor.py:183} INFO - Processing /Users/vybhavswaroop/Desktop/untitled folder 3/ecommerce_platform/venv/lib/python3.11/site-packages/airflow/example_dags/example_task_group.py took 0.082 seconds
[2026-03-18T07:24:13.408+0530] {processor.py:161} INFO - Started process (PID=3389) to work on /Users/vybhavswaroop/Desktop/untitled folder 3/ecommerce_platform/venv/lib/python3.11/site-packages/airflow/example_dags/example_task_group.py
[2026-03-18T07:24:13.408+0530] {processor.py:830} INFO - Processing file /Users/vybhavswaroop/Desktop/untitled folder 3/ecommerce_platform/venv/lib/python3.11/site-packages/airflow/example_dags/example_task_group.py for tasks to queue
[2026-03-18T07:24:13.409+0530] {logging_mixin.py:188} INFO - [2026-03-18T07:24:13.409+0530] {dagbag.py:540} INFO - Filling up the DagBag from /Users/vybhavswaroop/Desktop/untitled folder 3/ecommerce_platform/venv/lib/python3.11/site-packages/airflow/example_dags/example_task_group.py
[2026-03-18T07:24:13.412+0530] {processor.py:840} INFO - DAG(s) 'example_task_group' retrieved from /Users/vybhavswaroop/Desktop/untitled folder 3/ecommerce_platform/venv/lib/python3.11/site-packages/airflow/example_dags/example_task_group.py
[2026-03-18T07:24:13.449+0530] {logging_mixin.py:188} INFO - [2026-03-18T07:24:13.449+0530] {dag.py:3047} INFO - Sync 1 DAGs
[2026-03-18T07:24:13.455+0530] {logging_mixin.py:188} INFO - [2026-03-18T07:24:13.455+0530] {dag.py:3834} INFO - Setting next_dagrun for example_task_group to 2026-03-17 00:00:00+00:00, run_after=2026-03-18 00:00:00+00:00
[2026-03-18T07:24:13.462+0530] {processor.py:183} INFO - Processing /Users/vybhavswaroop/Desktop/untitled folder 3/ecommerce_platform/venv/lib/python3.11/site-packages/airflow/example_dags/example_task_group.py took 0.054 seconds
[2026-03-18T07:25:39.326+0530] {processor.py:161} INFO - Started process (PID=3642) to work on /Users/vybhavswaroop/Desktop/untitled folder 3/ecommerce_platform/venv/lib/python3.11/site-packages/airflow/example_dags/example_task_group.py
[2026-03-18T07:25:39.326+0530] {processor.py:830} INFO - Processing file /Users/vybhavswaroop/Desktop/untitled folder 3/ecommerce_platform/venv/lib/python3.11/site-packages/airflow/example_dags/example_task_group.py for tasks to queue
[2026-03-18T07:25:39.327+0530] {logging_mixin.py:188} INFO - [2026-03-18T07:25:39.327+0530] {dagbag.py:540} INFO - Filling up the DagBag from /Users/vybhavswaroop/Desktop/untitled folder 3/ecommerce_platform/venv/lib/python3.11/site-packages/airflow/example_dags/example_task_group.py
[2026-03-18T07:25:39.330+0530] {processor.py:840} INFO - DAG(s) 'example_task_group' retrieved from /Users/vybhavswaroop/Desktop/untitled folder 3/ecommerce_platform/venv/lib/python3.11/site-packages/airflow/example_dags/example_task_group.py
[2026-03-18T07:25:39.365+0530] {logging_mixin.py:188} INFO - [2026-03-18T07:25:39.365+0530] {dag.py:3047} INFO - Sync 1 DAGs
[2026-03-18T07:25:39.371+0530] {logging_mixin.py:188} INFO - [2026-03-18T07:25:39.371+0530] {dag.py:3834} INFO - Setting next_dagrun for example_task_group to 2026-03-17 00:00:00+00:00, run_after=2026-03-18 00:00:00+00:00
[2026-03-18T07:25:39.377+0530] {processor.py:183} INFO - Processing /Users/vybhavswaroop/Desktop/untitled folder 3/ecommerce_platform/venv/lib/python3.11/site-packages/airflow/example_dags/example_task_group.py took 0.051 seconds
[2026-03-18T07:27:04.349+0530] {processor.py:161} INFO - Started process (PID=3893) to work on /Users/vybhavswaroop/Desktop/untitled folder 3/ecommerce_platform/venv/lib/python3.11/site-packages/airflow/example_dags/example_task_group.py
[2026-03-18T07:27:04.350+0530] {processor.py:830} INFO - Processing file /Users/vybhavswaroop/Desktop/untitled folder 3/ecommerce_platform/venv/lib/python3.11/site-packages/airflow/example_dags/example_task_group.py for tasks to queue
[2026-03-18T07:27:04.350+0530] {logging_mixin.py:188} INFO - [2026-03-18T07:27:04.350+0530] {dagbag.py:540} INFO - Filling up the DagBag from /Users/vybhavswaroop/Desktop/untitled folder 3/ecommerce_platform/venv/lib/python3.11/site-packages/airflow/example_dags/example_task_group.py
[2026-03-18T07:27:04.353+0530] {processor.py:840} INFO - DAG(s) 'example_task_group' retrieved from /Users/vybhavswaroop/Desktop/untitled folder 3/ecommerce_platform/venv/lib/python3.11/site-packages/airflow/example_dags/example_task_group.py
[2026-03-18T07:27:04.388+0530] {logging_mixin.py:188} INFO - [2026-03-18T07:27:04.388+0530] {dag.py:3047} INFO - Sync 1 DAGs
[2026-03-18T07:27:04.393+0530] {logging_mixin.py:188} INFO - [2026-03-18T07:27:04.393+0530] {dag.py:3834} INFO - Setting next_dagrun for example_task_group to 2026-03-17 00:00:00+00:00, run_after=2026-03-18 00:00:00+00:00
[2026-03-18T07:27:04.400+0530] {processor.py:183} INFO - Processing /Users/vybhavswaroop/Desktop/untitled folder 3/ecommerce_platform/venv/lib/python3.11/site-packages/airflow/example_dags/example_task_group.py took 0.050 seconds
[2026-03-18T07:28:26.500+0530] {processor.py:161} INFO - Started process (PID=4138) to work on /Users/vybhavswaroop/Desktop/untitled folder 3/ecommerce_platform/venv/lib/python3.11/site-packages/airflow/example_dags/example_task_group.py
[2026-03-18T07:28:26.501+0530] {processor.py:830} INFO - Processing file /Users/vybhavswaroop/Desktop/untitled folder 3/ecommerce_platform/venv/lib/python3.11/site-packages/airflow/example_dags/example_task_group.py for tasks to queue
[2026-03-18T07:28:26.501+0530] {logging_mixin.py:188} INFO - [2026-03-18T07:28:26.501+0530] {dagbag.py:540} INFO - Filling up the DagBag from /Users/vybhavswaroop/Desktop/untitled folder 3/ecommerce_platform/venv/lib/python3.11/site-packages/airflow/example_dags/example_task_group.py
[2026-03-18T07:28:26.504+0530] {processor.py:840} INFO - DAG(s) 'example_task_group' retrieved from /Users/vybhavswaroop/Desktop/untitled folder 3/ecommerce_platform/venv/lib/python3.11/site-packages/airflow/example_dags/example_task_group.py
[2026-03-18T07:28:26.540+0530] {logging_mixin.py:188} INFO - [2026-03-18T07:28:26.540+0530] {dag.py:3047} INFO - Sync 1 DAGs
[2026-03-18T07:28:26.545+0530] {logging_mixin.py:188} INFO - [2026-03-18T07:28:26.545+0530] {dag.py:3834} INFO - Setting next_dagrun for example_task_group to 2026-03-17 00:00:00+00:00, run_after=2026-03-18 00:00:00+00:00
[2026-03-18T07:28:26.552+0530] {processor.py:183} INFO - Processing /Users/vybhavswaroop/Desktop/untitled folder 3/ecommerce_platform/venv/lib/python3.11/site-packages/airflow/example_dags/example_task_group.py took 0.052 seconds
[2026-03-18T07:29:46.383+0530] {processor.py:161} INFO - Started process (PID=4375) to work on /Users/vybhavswaroop/Desktop/untitled folder 3/ecommerce_platform/venv/lib/python3.11/site-packages/airflow/example_dags/example_task_group.py
[2026-03-18T07:29:46.384+0530] {processor.py:830} INFO - Processing file /Users/vybhavswaroop/Desktop/untitled folder 3/ecommerce_platform/venv/lib/python3.11/site-packages/airflow/example_dags/example_task_group.py for tasks to queue
[2026-03-18T07:29:46.384+0530] {logging_mixin.py:188} INFO - [2026-03-18T07:29:46.384+0530] {dagbag.py:540} INFO - Filling up the DagBag from /Users/vybhavswaroop/Desktop/untitled folder 3/ecommerce_platform/venv/lib/python3.11/site-packages/airflow/example_dags/example_task_group.py
[2026-03-18T07:29:46.387+0530] {processor.py:840} INFO - DAG(s) 'example_task_group' retrieved from /Users/vybhavswaroop/Desktop/untitled folder 3/ecommerce_platform/venv/lib/python3.11/site-packages/airflow/example_dags/example_task_group.py
[2026-03-18T07:29:46.423+0530] {logging_mixin.py:188} INFO - [2026-03-18T07:29:46.423+0530] {dag.py:3047} INFO - Sync 1 DAGs
[2026-03-18T07:29:46.428+0530] {logging_mixin.py:188} INFO - [2026-03-18T07:29:46.428+0530] {dag.py:3834} INFO - Setting next_dagrun for example_task_group to 2026-03-17 00:00:00+00:00, run_after=2026-03-18 00:00:00+00:00
[2026-03-18T07:29:46.435+0530] {processor.py:183} INFO - Processing /Users/vybhavswaroop/Desktop/untitled folder 3/ecommerce_platform/venv/lib/python3.11/site-packages/airflow/example_dags/example_task_group.py took 0.052 seconds
[2026-03-18T07:31:08.647+0530] {processor.py:161} INFO - Started process (PID=4620) to work on /Users/vybhavswaroop/Desktop/untitled folder 3/ecommerce_platform/venv/lib/python3.11/site-packages/airflow/example_dags/example_task_group.py
[2026-03-18T07:31:08.648+0530] {processor.py:830} INFO - Processing file /Users/vybhavswaroop/Desktop/untitled folder 3/ecommerce_platform/venv/lib/python3.11/site-packages/airflow/example_dags/example_task_group.py for tasks to queue
[2026-03-18T07:31:08.648+0530] {logging_mixin.py:188} INFO - [2026-03-18T07:31:08.648+0530] {dagbag.py:540} INFO - Filling up the DagBag from /Users/vybhavswaroop/Desktop/untitled folder 3/ecommerce_platform/venv/lib/python3.11/site-packages/airflow/example_dags/example_task_group.py
[2026-03-18T07:31:08.651+0530] {processor.py:840} INFO - DAG(s) 'example_task_group' retrieved from /Users/vybhavswaroop/Desktop/untitled folder 3/ecommerce_platform/venv/lib/python3.11/site-packages/airflow/example_dags/example_task_group.py
[2026-03-18T07:31:08.686+0530] {logging_mixin.py:188} INFO - [2026-03-18T07:31:08.686+0530] {dag.py:3047} INFO - Sync 1 DAGs
[2026-03-18T07:31:08.691+0530] {logging_mixin.py:188} INFO - [2026-03-18T07:31:08.691+0530] {dag.py:3834} INFO - Setting next_dagrun for example_task_group to 2026-03-17 00:00:00+00:00, run_after=2026-03-18 00:00:00+00:00
[2026-03-18T07:31:08.697+0530] {processor.py:183} INFO - Processing /Users/vybhavswaroop/Desktop/untitled folder 3/ecommerce_platform/venv/lib/python3.11/site-packages/airflow/example_dags/example_task_group.py took 0.050 seconds
[2026-03-18T07:32:33.252+0530] {processor.py:161} INFO - Started process (PID=4868) to work on /Users/vybhavswaroop/Desktop/untitled folder 3/ecommerce_platform/venv/lib/python3.11/site-packages/airflow/example_dags/example_task_group.py
[2026-03-18T07:32:33.253+0530] {processor.py:830} INFO - Processing file /Users/vybhavswaroop/Desktop/untitled folder 3/ecommerce_platform/venv/lib/python3.11/site-packages/airflow/example_dags/example_task_group.py for tasks to queue
[2026-03-18T07:32:33.253+0530] {logging_mixin.py:188} INFO - [2026-03-18T07:32:33.253+0530] {dagbag.py:540} INFO - Filling up the DagBag from /Users/vybhavswaroop/Desktop/untitled folder 3/ecommerce_platform/venv/lib/python3.11/site-packages/airflow/example_dags/example_task_group.py
[2026-03-18T07:32:33.256+0530] {processor.py:840} INFO - DAG(s) 'example_task_group' retrieved from /Users/vybhavswaroop/Desktop/untitled folder 3/ecommerce_platform/venv/lib/python3.11/site-packages/airflow/example_dags/example_task_group.py
[2026-03-18T07:32:33.291+0530] {logging_mixin.py:188} INFO - [2026-03-18T07:32:33.291+0530] {dag.py:3047} INFO - Sync 1 DAGs
[2026-03-18T07:32:33.297+0530] {logging_mixin.py:188} INFO - [2026-03-18T07:32:33.297+0530] {dag.py:3834} INFO - Setting next_dagrun for example_task_group to 2026-03-17 00:00:00+00:00, run_after=2026-03-18 00:00:00+00:00
[2026-03-18T07:32:33.303+0530] {processor.py:183} INFO - Processing /Users/vybhavswaroop/Desktop/untitled folder 3/ecommerce_platform/venv/lib/python3.11/site-packages/airflow/example_dags/example_task_group.py took 0.051 seconds
[2026-03-18T07:33:57.025+0530] {processor.py:161} INFO - Started process (PID=5114) to work on /Users/vybhavswaroop/Desktop/untitled folder 3/ecommerce_platform/venv/lib/python3.11/site-packages/airflow/example_dags/example_task_group.py
[2026-03-18T07:33:57.025+0530] {processor.py:830} INFO - Processing file /Users/vybhavswaroop/Desktop/untitled folder 3/ecommerce_platform/venv/lib/python3.11/site-packages/airflow/example_dags/example_task_group.py for tasks to queue
[2026-03-18T07:33:57.025+0530] {logging_mixin.py:188} INFO - [2026-03-18T07:33:57.025+0530] {dagbag.py:540} INFO - Filling up the DagBag from /Users/vybhavswaroop/Desktop/untitled folder 3/ecommerce_platform/venv/lib/python3.11/site-packages/airflow/example_dags/example_task_group.py
[2026-03-18T07:33:57.029+0530] {processor.py:840} INFO - DAG(s) 'example_task_group' retrieved from /Users/vybhavswaroop/Desktop/untitled folder 3/ecommerce_platform/venv/lib/python3.11/site-packages/airflow/example_dags/example_task_group.py
[2026-03-18T07:33:57.064+0530] {logging_mixin.py:188} INFO - [2026-03-18T07:33:57.064+0530] {dag.py:3047} INFO - Sync 1 DAGs
[2026-03-18T07:33:57.069+0530] {logging_mixin.py:188} INFO - [2026-03-18T07:33:57.069+0530] {dag.py:3834} INFO - Setting next_dagrun for example_task_group to 2026-03-17 00:00:00+00:00, run_after=2026-03-18 00:00:00+00:00
[2026-03-18T07:33:57.075+0530] {processor.py:183} INFO - Processing /Users/vybhavswaroop/Desktop/untitled folder 3/ecommerce_platform/venv/lib/python3.11/site-packages/airflow/example_dags/example_task_group.py took 0.051 seconds
[2026-03-18T07:35:31.260+0530] {processor.py:161} INFO - Started process (PID=5440) to work on /Users/vybhavswaroop/Desktop/untitled folder 3/ecommerce_platform/venv/lib/python3.11/site-packages/airflow/example_dags/example_task_group.py
[2026-03-18T07:35:31.262+0530] {processor.py:830} INFO - Processing file /Users/vybhavswaroop/Desktop/untitled folder 3/ecommerce_platform/venv/lib/python3.11/site-packages/airflow/example_dags/example_task_group.py for tasks to queue
[2026-03-18T07:35:31.262+0530] {logging_mixin.py:188} INFO - [2026-03-18T07:35:31.262+0530] {dagbag.py:540} INFO - Filling up the DagBag from /Users/vybhavswaroop/Desktop/untitled folder 3/ecommerce_platform/venv/lib/python3.11/site-packages/airflow/example_dags/example_task_group.py
[2026-03-18T07:35:31.265+0530] {processor.py:840} INFO - DAG(s) 'example_task_group' retrieved from /Users/vybhavswaroop/Desktop/untitled folder 3/ecommerce_platform/venv/lib/python3.11/site-packages/airflow/example_dags/example_task_group.py
[2026-03-18T07:35:31.301+0530] {logging_mixin.py:188} INFO - [2026-03-18T07:35:31.301+0530] {dag.py:3047} INFO - Sync 1 DAGs
[2026-03-18T07:35:31.306+0530] {logging_mixin.py:188} INFO - [2026-03-18T07:35:31.306+0530] {dag.py:3834} INFO - Setting next_dagrun for example_task_group to 2026-03-17 00:00:00+00:00, run_after=2026-03-18 00:00:00+00:00
[2026-03-18T07:35:31.312+0530] {processor.py:183} INFO - Processing /Users/vybhavswaroop/Desktop/untitled folder 3/ecommerce_platform/venv/lib/python3.11/site-packages/airflow/example_dags/example_task_group.py took 0.052 seconds
[2026-03-18T07:37:03.080+0530] {processor.py:161} INFO - Started process (PID=5708) to work on /Users/vybhavswaroop/Desktop/untitled folder 3/ecommerce_platform/venv/lib/python3.11/site-packages/airflow/example_dags/example_task_group.py
[2026-03-18T07:37:03.082+0530] {processor.py:830} INFO - Processing file /Users/vybhavswaroop/Desktop/untitled folder 3/ecommerce_platform/venv/lib/python3.11/site-packages/airflow/example_dags/example_task_group.py for tasks to queue
[2026-03-18T07:37:03.082+0530] {logging_mixin.py:188} INFO - [2026-03-18T07:37:03.082+0530] {dagbag.py:540} INFO - Filling up the DagBag from /Users/vybhavswaroop/Desktop/untitled folder 3/ecommerce_platform/venv/lib/python3.11/site-packages/airflow/example_dags/example_task_group.py
[2026-03-18T07:37:03.086+0530] {processor.py:840} INFO - DAG(s) 'example_task_group' retrieved from /Users/vybhavswaroop/Desktop/untitled folder 3/ecommerce_platform/venv/lib/python3.11/site-packages/airflow/example_dags/example_task_group.py
[2026-03-18T07:37:03.124+0530] {logging_mixin.py:188} INFO - [2026-03-18T07:37:03.124+0530] {dag.py:3047} INFO - Sync 1 DAGs
[2026-03-18T07:37:03.129+0530] {logging_mixin.py:188} INFO - [2026-03-18T07:37:03.129+0530] {dag.py:3834} INFO - Setting next_dagrun for example_task_group to 2026-03-17 00:00:00+00:00, run_after=2026-03-18 00:00:00+00:00
[2026-03-18T07:37:03.136+0530] {processor.py:183} INFO - Processing /Users/vybhavswaroop/Desktop/untitled folder 3/ecommerce_platform/venv/lib/python3.11/site-packages/airflow/example_dags/example_task_group.py took 0.056 seconds
[2026-03-18T07:38:34.618+0530] {processor.py:161} INFO - Started process (PID=6029) to work on /Users/vybhavswaroop/Desktop/untitled folder 3/ecommerce_platform/venv/lib/python3.11/site-packages/airflow/example_dags/example_task_group.py
[2026-03-18T07:38:34.619+0530] {processor.py:830} INFO - Processing file /Users/vybhavswaroop/Desktop/untitled folder 3/ecommerce_platform/venv/lib/python3.11/site-packages/airflow/example_dags/example_task_group.py for tasks to queue
[2026-03-18T07:38:34.619+0530] {logging_mixin.py:188} INFO - [2026-03-18T07:38:34.619+0530] {dagbag.py:540} INFO - Filling up the DagBag from /Users/vybhavswaroop/Desktop/untitled folder 3/ecommerce_platform/venv/lib/python3.11/site-packages/airflow/example_dags/example_task_group.py
[2026-03-18T07:38:34.623+0530] {processor.py:840} INFO - DAG(s) 'example_task_group' retrieved from /Users/vybhavswaroop/Desktop/untitled folder 3/ecommerce_platform/venv/lib/python3.11/site-packages/airflow/example_dags/example_task_group.py
[2026-03-18T07:38:34.659+0530] {logging_mixin.py:188} INFO - [2026-03-18T07:38:34.659+0530] {dag.py:3047} INFO - Sync 1 DAGs
[2026-03-18T07:38:34.665+0530] {logging_mixin.py:188} INFO - [2026-03-18T07:38:34.665+0530] {dag.py:3834} INFO - Setting next_dagrun for example_task_group to 2026-03-17 00:00:00+00:00, run_after=2026-03-18 00:00:00+00:00
[2026-03-18T07:38:34.671+0530] {processor.py:183} INFO - Processing /Users/vybhavswaroop/Desktop/untitled folder 3/ecommerce_platform/venv/lib/python3.11/site-packages/airflow/example_dags/example_task_group.py took 0.053 seconds
[2026-03-18T07:39:59.338+0530] {processor.py:161} INFO - Started process (PID=6307) to work on /Users/vybhavswaroop/Desktop/untitled folder 3/ecommerce_platform/venv/lib/python3.11/site-packages/airflow/example_dags/example_task_group.py
[2026-03-18T07:39:59.339+0530] {processor.py:830} INFO - Processing file /Users/vybhavswaroop/Desktop/untitled folder 3/ecommerce_platform/venv/lib/python3.11/site-packages/airflow/example_dags/example_task_group.py for tasks to queue
[2026-03-18T07:39:59.340+0530] {logging_mixin.py:188} INFO - [2026-03-18T07:39:59.339+0530] {dagbag.py:540} INFO - Filling up the DagBag from /Users/vybhavswaroop/Desktop/untitled folder 3/ecommerce_platform/venv/lib/python3.11/site-packages/airflow/example_dags/example_task_group.py
[2026-03-18T07:39:59.343+0530] {processor.py:840} INFO - DAG(s) 'example_task_group' retrieved from /Users/vybhavswaroop/Desktop/untitled folder 3/ecommerce_platform/venv/lib/python3.11/site-packages/airflow/example_dags/example_task_group.py
[2026-03-18T07:39:59.380+0530] {logging_mixin.py:188} INFO - [2026-03-18T07:39:59.380+0530] {dag.py:3047} INFO - Sync 1 DAGs
[2026-03-18T07:39:59.388+0530] {logging_mixin.py:188} INFO - [2026-03-18T07:39:59.388+0530] {dag.py:3834} INFO - Setting next_dagrun for example_task_group to 2026-03-17 00:00:00+00:00, run_after=2026-03-18 00:00:00+00:00
[2026-03-18T07:39:59.398+0530] {processor.py:183} INFO - Processing /Users/vybhavswaroop/Desktop/untitled folder 3/ecommerce_platform/venv/lib/python3.11/site-packages/airflow/example_dags/example_task_group.py took 0.060 seconds
[2026-03-18T07:41:35.644+0530] {processor.py:161} INFO - Started process (PID=6672) to work on /Users/vybhavswaroop/Desktop/untitled folder 3/ecommerce_platform/venv/lib/python3.11/site-packages/airflow/example_dags/example_task_group.py
[2026-03-18T07:41:35.644+0530] {processor.py:830} INFO - Processing file /Users/vybhavswaroop/Desktop/untitled folder 3/ecommerce_platform/venv/lib/python3.11/site-packages/airflow/example_dags/example_task_group.py for tasks to queue
[2026-03-18T07:41:35.645+0530] {logging_mixin.py:188} INFO - [2026-03-18T07:41:35.645+0530] {dagbag.py:540} INFO - Filling up the DagBag from /Users/vybhavswaroop/Desktop/untitled folder 3/ecommerce_platform/venv/lib/python3.11/site-packages/airflow/example_dags/example_task_group.py
[2026-03-18T07:41:35.649+0530] {processor.py:840} INFO - DAG(s) 'example_task_group' retrieved from /Users/vybhavswaroop/Desktop/untitled folder 3/ecommerce_platform/venv/lib/python3.11/site-packages/airflow/example_dags/example_task_group.py
[2026-03-18T07:41:35.688+0530] {logging_mixin.py:188} INFO - [2026-03-18T07:41:35.688+0530] {dag.py:3047} INFO - Sync 1 DAGs
[2026-03-18T07:41:35.695+0530] {logging_mixin.py:188} INFO - [2026-03-18T07:41:35.695+0530] {dag.py:3834} INFO - Setting next_dagrun for example_task_group to 2026-03-17 00:00:00+00:00, run_after=2026-03-18 00:00:00+00:00
[2026-03-18T07:41:35.704+0530] {processor.py:183} INFO - Processing /Users/vybhavswaroop/Desktop/untitled folder 3/ecommerce_platform/venv/lib/python3.11/site-packages/airflow/example_dags/example_task_group.py took 0.061 seconds
[2026-03-18T07:43:12.995+0530] {processor.py:161} INFO - Started process (PID=7019) to work on /Users/vybhavswaroop/Desktop/untitled folder 3/ecommerce_platform/venv/lib/python3.11/site-packages/airflow/example_dags/example_task_group.py
[2026-03-18T07:43:12.996+0530] {processor.py:830} INFO - Processing file /Users/vybhavswaroop/Desktop/untitled folder 3/ecommerce_platform/venv/lib/python3.11/site-packages/airflow/example_dags/example_task_group.py for tasks to queue
[2026-03-18T07:43:12.997+0530] {logging_mixin.py:188} INFO - [2026-03-18T07:43:12.997+0530] {dagbag.py:540} INFO - Filling up the DagBag from /Users/vybhavswaroop/Desktop/untitled folder 3/ecommerce_platform/venv/lib/python3.11/site-packages/airflow/example_dags/example_task_group.py
[2026-03-18T07:43:13.001+0530] {processor.py:840} INFO - DAG(s) 'example_task_group' retrieved from /Users/vybhavswaroop/Desktop/untitled folder 3/ecommerce_platform/venv/lib/python3.11/site-packages/airflow/example_dags/example_task_group.py
[2026-03-18T07:43:13.039+0530] {logging_mixin.py:188} INFO - [2026-03-18T07:43:13.039+0530] {dag.py:3047} INFO - Sync 1 DAGs
[2026-03-18T07:43:13.044+0530] {logging_mixin.py:188} INFO - [2026-03-18T07:43:13.044+0530] {dag.py:3834} INFO - Setting next_dagrun for example_task_group to 2026-03-17 00:00:00+00:00, run_after=2026-03-18 00:00:00+00:00
[2026-03-18T07:43:13.050+0530] {processor.py:183} INFO - Processing /Users/vybhavswaroop/Desktop/untitled folder 3/ecommerce_platform/venv/lib/python3.11/site-packages/airflow/example_dags/example_task_group.py took 0.056 seconds
[2026-03-18T07:44:46.405+0530] {processor.py:161} INFO - Started process (PID=7361) to work on /Users/vybhavswaroop/Desktop/untitled folder 3/ecommerce_platform/venv/lib/python3.11/site-packages/airflow/example_dags/example_task_group.py
[2026-03-18T07:44:46.406+0530] {processor.py:830} INFO - Processing file /Users/vybhavswaroop/Desktop/untitled folder 3/ecommerce_platform/venv/lib/python3.11/site-packages/airflow/example_dags/example_task_group.py for tasks to queue
[2026-03-18T07:44:46.406+0530] {logging_mixin.py:188} INFO - [2026-03-18T07:44:46.406+0530] {dagbag.py:540} INFO - Filling up the DagBag from /Users/vybhavswaroop/Desktop/untitled folder 3/ecommerce_platform/venv/lib/python3.11/site-packages/airflow/example_dags/example_task_group.py
[2026-03-18T07:44:46.410+0530] {processor.py:840} INFO - DAG(s) 'example_task_group' retrieved from /Users/vybhavswaroop/Desktop/untitled folder 3/ecommerce_platform/venv/lib/python3.11/site-packages/airflow/example_dags/example_task_group.py
[2026-03-18T07:44:46.446+0530] {logging_mixin.py:188} INFO - [2026-03-18T07:44:46.446+0530] {dag.py:3047} INFO - Sync 1 DAGs
[2026-03-18T07:44:46.452+0530] {logging_mixin.py:188} INFO - [2026-03-18T07:44:46.452+0530] {dag.py:3834} INFO - Setting next_dagrun for example_task_group to 2026-03-17 00:00:00+00:00, run_after=2026-03-18 00:00:00+00:00
[2026-03-18T07:44:46.457+0530] {processor.py:183} INFO - Processing /Users/vybhavswaroop/Desktop/untitled folder 3/ecommerce_platform/venv/lib/python3.11/site-packages/airflow/example_dags/example_task_group.py took 0.052 seconds
[2026-03-18T07:46:08.951+0530] {processor.py:161} INFO - Started process (PID=7641) to work on /Users/vybhavswaroop/Desktop/untitled folder 3/ecommerce_platform/venv/lib/python3.11/site-packages/airflow/example_dags/example_task_group.py
[2026-03-18T07:46:08.952+0530] {processor.py:830} INFO - Processing file /Users/vybhavswaroop/Desktop/untitled folder 3/ecommerce_platform/venv/lib/python3.11/site-packages/airflow/example_dags/example_task_group.py for tasks to queue
[2026-03-18T07:46:08.953+0530] {logging_mixin.py:188} INFO - [2026-03-18T07:46:08.952+0530] {dagbag.py:540} INFO - Filling up the DagBag from /Users/vybhavswaroop/Desktop/untitled folder 3/ecommerce_platform/venv/lib/python3.11/site-packages/airflow/example_dags/example_task_group.py
[2026-03-18T07:46:08.956+0530] {processor.py:840} INFO - DAG(s) 'example_task_group' retrieved from /Users/vybhavswaroop/Desktop/untitled folder 3/ecommerce_platform/venv/lib/python3.11/site-packages/airflow/example_dags/example_task_group.py
[2026-03-18T07:46:08.991+0530] {logging_mixin.py:188} INFO - [2026-03-18T07:46:08.991+0530] {dag.py:3047} INFO - Sync 1 DAGs
[2026-03-18T07:46:08.996+0530] {logging_mixin.py:188} INFO - [2026-03-18T07:46:08.996+0530] {dag.py:3834} INFO - Setting next_dagrun for example_task_group to 2026-03-17 00:00:00+00:00, run_after=2026-03-18 00:00:00+00:00
[2026-03-18T07:46:09.001+0530] {processor.py:183} INFO - Processing /Users/vybhavswaroop/Desktop/untitled folder 3/ecommerce_platform/venv/lib/python3.11/site-packages/airflow/example_dags/example_task_group.py took 0.051 seconds
[2026-03-18T07:47:31.160+0530] {processor.py:161} INFO - Started process (PID=7936) to work on /Users/vybhavswaroop/Desktop/untitled folder 3/ecommerce_platform/venv/lib/python3.11/site-packages/airflow/example_dags/example_task_group.py
[2026-03-18T07:47:31.161+0530] {processor.py:830} INFO - Processing file /Users/vybhavswaroop/Desktop/untitled folder 3/ecommerce_platform/venv/lib/python3.11/site-packages/airflow/example_dags/example_task_group.py for tasks to queue
[2026-03-18T07:47:31.161+0530] {logging_mixin.py:188} INFO - [2026-03-18T07:47:31.161+0530] {dagbag.py:540} INFO - Filling up the DagBag from /Users/vybhavswaroop/Desktop/untitled folder 3/ecommerce_platform/venv/lib/python3.11/site-packages/airflow/example_dags/example_task_group.py
[2026-03-18T07:47:31.164+0530] {processor.py:840} INFO - DAG(s) 'example_task_group' retrieved from /Users/vybhavswaroop/Desktop/untitled folder 3/ecommerce_platform/venv/lib/python3.11/site-packages/airflow/example_dags/example_task_group.py
[2026-03-18T07:47:31.200+0530] {logging_mixin.py:188} INFO - [2026-03-18T07:47:31.200+0530] {dag.py:3047} INFO - Sync 1 DAGs
[2026-03-18T07:47:31.206+0530] {logging_mixin.py:188} INFO - [2026-03-18T07:47:31.206+0530] {dag.py:3834} INFO - Setting next_dagrun for example_task_group to 2026-03-17 00:00:00+00:00, run_after=2026-03-18 00:00:00+00:00
[2026-03-18T07:47:31.214+0530] {processor.py:183} INFO - Processing /Users/vybhavswaroop/Desktop/untitled folder 3/ecommerce_platform/venv/lib/python3.11/site-packages/airflow/example_dags/example_task_group.py took 0.055 seconds
[2026-03-18T07:48:53.852+0530] {processor.py:161} INFO - Started process (PID=8263) to work on /Users/vybhavswaroop/Desktop/untitled folder 3/ecommerce_platform/venv/lib/python3.11/site-packages/airflow/example_dags/example_task_group.py
[2026-03-18T07:48:53.853+0530] {processor.py:830} INFO - Processing file /Users/vybhavswaroop/Desktop/untitled folder 3/ecommerce_platform/venv/lib/python3.11/site-packages/airflow/example_dags/example_task_group.py for tasks to queue
[2026-03-18T07:48:53.853+0530] {logging_mixin.py:188} INFO - [2026-03-18T07:48:53.853+0530] {dagbag.py:540} INFO - Filling up the DagBag from /Users/vybhavswaroop/Desktop/untitled folder 3/ecommerce_platform/venv/lib/python3.11/site-packages/airflow/example_dags/example_task_group.py
[2026-03-18T07:48:53.856+0530] {processor.py:840} INFO - DAG(s) 'example_task_group' retrieved from /Users/vybhavswaroop/Desktop/untitled folder 3/ecommerce_platform/venv/lib/python3.11/site-packages/airflow/example_dags/example_task_group.py
[2026-03-18T07:48:53.892+0530] {logging_mixin.py:188} INFO - [2026-03-18T07:48:53.892+0530] {dag.py:3047} INFO - Sync 1 DAGs
[2026-03-18T07:48:53.897+0530] {logging_mixin.py:188} INFO - [2026-03-18T07:48:53.897+0530] {dag.py:3834} INFO - Setting next_dagrun for example_task_group to 2026-03-17 00:00:00+00:00, run_after=2026-03-18 00:00:00+00:00
[2026-03-18T07:48:53.903+0530] {processor.py:183} INFO - Processing /Users/vybhavswaroop/Desktop/untitled folder 3/ecommerce_platform/venv/lib/python3.11/site-packages/airflow/example_dags/example_task_group.py took 0.051 seconds
[2026-03-18T07:50:20.523+0530] {processor.py:161} INFO - Started process (PID=8838) to work on /Users/vybhavswaroop/Desktop/untitled folder 3/ecommerce_platform/venv/lib/python3.11/site-packages/airflow/example_dags/example_task_group.py
[2026-03-18T07:50:20.524+0530] {processor.py:830} INFO - Processing file /Users/vybhavswaroop/Desktop/untitled folder 3/ecommerce_platform/venv/lib/python3.11/site-packages/airflow/example_dags/example_task_group.py for tasks to queue
[2026-03-18T07:50:20.524+0530] {logging_mixin.py:188} INFO - [2026-03-18T07:50:20.524+0530] {dagbag.py:540} INFO - Filling up the DagBag from /Users/vybhavswaroop/Desktop/untitled folder 3/ecommerce_platform/venv/lib/python3.11/site-packages/airflow/example_dags/example_task_group.py
[2026-03-18T07:50:20.527+0530] {processor.py:840} INFO - DAG(s) 'example_task_group' retrieved from /Users/vybhavswaroop/Desktop/untitled folder 3/ecommerce_platform/venv/lib/python3.11/site-packages/airflow/example_dags/example_task_group.py
[2026-03-18T07:50:20.564+0530] {logging_mixin.py:188} INFO - [2026-03-18T07:50:20.563+0530] {dag.py:3047} INFO - Sync 1 DAGs
[2026-03-18T07:50:20.570+0530] {logging_mixin.py:188} INFO - [2026-03-18T07:50:20.569+0530] {dag.py:3834} INFO - Setting next_dagrun for example_task_group to 2026-03-17 00:00:00+00:00, run_after=2026-03-18 00:00:00+00:00
[2026-03-18T07:50:20.575+0530] {processor.py:183} INFO - Processing /Users/vybhavswaroop/Desktop/untitled folder 3/ecommerce_platform/venv/lib/python3.11/site-packages/airflow/example_dags/example_task_group.py took 0.053 seconds
[2026-03-18T07:51:46.586+0530] {processor.py:161} INFO - Started process (PID=9680) to work on /Users/vybhavswaroop/Desktop/untitled folder 3/ecommerce_platform/venv/lib/python3.11/site-packages/airflow/example_dags/example_task_group.py
[2026-03-18T07:51:46.587+0530] {processor.py:830} INFO - Processing file /Users/vybhavswaroop/Desktop/untitled folder 3/ecommerce_platform/venv/lib/python3.11/site-packages/airflow/example_dags/example_task_group.py for tasks to queue
[2026-03-18T07:51:46.587+0530] {logging_mixin.py:188} INFO - [2026-03-18T07:51:46.587+0530] {dagbag.py:540} INFO - Filling up the DagBag from /Users/vybhavswaroop/Desktop/untitled folder 3/ecommerce_platform/venv/lib/python3.11/site-packages/airflow/example_dags/example_task_group.py
[2026-03-18T07:51:46.590+0530] {processor.py:840} INFO - DAG(s) 'example_task_group' retrieved from /Users/vybhavswaroop/Desktop/untitled folder 3/ecommerce_platform/venv/lib/python3.11/site-packages/airflow/example_dags/example_task_group.py
[2026-03-18T07:51:46.625+0530] {logging_mixin.py:188} INFO - [2026-03-18T07:51:46.625+0530] {dag.py:3047} INFO - Sync 1 DAGs
[2026-03-18T07:51:46.631+0530] {logging_mixin.py:188} INFO - [2026-03-18T07:51:46.631+0530] {dag.py:3834} INFO - Setting next_dagrun for example_task_group to 2026-03-17 00:00:00+00:00, run_after=2026-03-18 00:00:00+00:00
[2026-03-18T07:51:46.636+0530] {processor.py:183} INFO - Processing /Users/vybhavswaroop/Desktop/untitled folder 3/ecommerce_platform/venv/lib/python3.11/site-packages/airflow/example_dags/example_task_group.py took 0.050 seconds
[2026-03-18T07:53:17.679+0530] {processor.py:161} INFO - Started process (PID=10798) to work on /Users/vybhavswaroop/Desktop/untitled folder 3/ecommerce_platform/venv/lib/python3.11/site-packages/airflow/example_dags/example_task_group.py
[2026-03-18T07:53:17.680+0530] {processor.py:830} INFO - Processing file /Users/vybhavswaroop/Desktop/untitled folder 3/ecommerce_platform/venv/lib/python3.11/site-packages/airflow/example_dags/example_task_group.py for tasks to queue
[2026-03-18T07:53:17.680+0530] {logging_mixin.py:188} INFO - [2026-03-18T07:53:17.680+0530] {dagbag.py:540} INFO - Filling up the DagBag from /Users/vybhavswaroop/Desktop/untitled folder 3/ecommerce_platform/venv/lib/python3.11/site-packages/airflow/example_dags/example_task_group.py
[2026-03-18T07:53:17.684+0530] {processor.py:840} INFO - DAG(s) 'example_task_group' retrieved from /Users/vybhavswaroop/Desktop/untitled folder 3/ecommerce_platform/venv/lib/python3.11/site-packages/airflow/example_dags/example_task_group.py
[2026-03-18T07:53:17.749+0530] {logging_mixin.py:188} INFO - [2026-03-18T07:53:17.748+0530] {dag.py:3047} INFO - Sync 1 DAGs
[2026-03-18T07:53:17.753+0530] {logging_mixin.py:188} INFO - [2026-03-18T07:53:17.753+0530] {dag.py:3834} INFO - Setting next_dagrun for example_task_group to 2026-03-17 00:00:00+00:00, run_after=2026-03-18 00:00:00+00:00
[2026-03-18T07:53:17.759+0530] {processor.py:183} INFO - Processing /Users/vybhavswaroop/Desktop/untitled folder 3/ecommerce_platform/venv/lib/python3.11/site-packages/airflow/example_dags/example_task_group.py took 0.081 seconds
[2026-03-18T07:55:22.494+0530] {processor.py:161} INFO - Started process (PID=11163) to work on /Users/vybhavswaroop/Desktop/untitled folder 3/ecommerce_platform/venv/lib/python3.11/site-packages/airflow/example_dags/example_task_group.py
[2026-03-18T07:55:22.495+0530] {processor.py:830} INFO - Processing file /Users/vybhavswaroop/Desktop/untitled folder 3/ecommerce_platform/venv/lib/python3.11/site-packages/airflow/example_dags/example_task_group.py for tasks to queue
[2026-03-18T07:55:22.495+0530] {logging_mixin.py:188} INFO - [2026-03-18T07:55:22.495+0530] {dagbag.py:540} INFO - Filling up the DagBag from /Users/vybhavswaroop/Desktop/untitled folder 3/ecommerce_platform/venv/lib/python3.11/site-packages/airflow/example_dags/example_task_group.py
[2026-03-18T07:55:22.498+0530] {processor.py:840} INFO - DAG(s) 'example_task_group' retrieved from /Users/vybhavswaroop/Desktop/untitled folder 3/ecommerce_platform/venv/lib/python3.11/site-packages/airflow/example_dags/example_task_group.py
[2026-03-18T07:55:22.533+0530] {logging_mixin.py:188} INFO - [2026-03-18T07:55:22.533+0530] {dag.py:3047} INFO - Sync 1 DAGs
[2026-03-18T07:55:22.538+0530] {logging_mixin.py:188} INFO - [2026-03-18T07:55:22.538+0530] {dag.py:3834} INFO - Setting next_dagrun for example_task_group to 2026-03-17 00:00:00+00:00, run_after=2026-03-18 00:00:00+00:00
[2026-03-18T07:55:22.544+0530] {processor.py:183} INFO - Processing /Users/vybhavswaroop/Desktop/untitled folder 3/ecommerce_platform/venv/lib/python3.11/site-packages/airflow/example_dags/example_task_group.py took 0.051 seconds
[2026-03-18T07:56:54.265+0530] {processor.py:161} INFO - Started process (PID=11426) to work on /Users/vybhavswaroop/Desktop/untitled folder 3/ecommerce_platform/venv/lib/python3.11/site-packages/airflow/example_dags/example_task_group.py
[2026-03-18T07:56:54.266+0530] {processor.py:830} INFO - Processing file /Users/vybhavswaroop/Desktop/untitled folder 3/ecommerce_platform/venv/lib/python3.11/site-packages/airflow/example_dags/example_task_group.py for tasks to queue
[2026-03-18T07:56:54.266+0530] {logging_mixin.py:188} INFO - [2026-03-18T07:56:54.266+0530] {dagbag.py:540} INFO - Filling up the DagBag from /Users/vybhavswaroop/Desktop/untitled folder 3/ecommerce_platform/venv/lib/python3.11/site-packages/airflow/example_dags/example_task_group.py
[2026-03-18T07:56:54.269+0530] {processor.py:840} INFO - DAG(s) 'example_task_group' retrieved from /Users/vybhavswaroop/Desktop/untitled folder 3/ecommerce_platform/venv/lib/python3.11/site-packages/airflow/example_dags/example_task_group.py
[2026-03-18T07:56:54.305+0530] {logging_mixin.py:188} INFO - [2026-03-18T07:56:54.305+0530] {dag.py:3047} INFO - Sync 1 DAGs
[2026-03-18T07:56:54.311+0530] {logging_mixin.py:188} INFO - [2026-03-18T07:56:54.310+0530] {dag.py:3834} INFO - Setting next_dagrun for example_task_group to 2026-03-17 00:00:00+00:00, run_after=2026-03-18 00:00:00+00:00
[2026-03-18T07:56:54.316+0530] {processor.py:183} INFO - Processing /Users/vybhavswaroop/Desktop/untitled folder 3/ecommerce_platform/venv/lib/python3.11/site-packages/airflow/example_dags/example_task_group.py took 0.051 seconds
[2026-03-18T07:58:19.552+0530] {processor.py:161} INFO - Started process (PID=11672) to work on /Users/vybhavswaroop/Desktop/untitled folder 3/ecommerce_platform/venv/lib/python3.11/site-packages/airflow/example_dags/example_task_group.py
[2026-03-18T07:58:19.552+0530] {processor.py:830} INFO - Processing file /Users/vybhavswaroop/Desktop/untitled folder 3/ecommerce_platform/venv/lib/python3.11/site-packages/airflow/example_dags/example_task_group.py for tasks to queue
[2026-03-18T07:58:19.553+0530] {logging_mixin.py:188} INFO - [2026-03-18T07:58:19.553+0530] {dagbag.py:540} INFO - Filling up the DagBag from /Users/vybhavswaroop/Desktop/untitled folder 3/ecommerce_platform/venv/lib/python3.11/site-packages/airflow/example_dags/example_task_group.py
[2026-03-18T07:58:19.556+0530] {processor.py:840} INFO - DAG(s) 'example_task_group' retrieved from /Users/vybhavswaroop/Desktop/untitled folder 3/ecommerce_platform/venv/lib/python3.11/site-packages/airflow/example_dags/example_task_group.py
[2026-03-18T07:58:19.591+0530] {logging_mixin.py:188} INFO - [2026-03-18T07:58:19.591+0530] {dag.py:3047} INFO - Sync 1 DAGs
[2026-03-18T07:58:19.597+0530] {logging_mixin.py:188} INFO - [2026-03-18T07:58:19.597+0530] {dag.py:3834} INFO - Setting next_dagrun for example_task_group to 2026-03-17 00:00:00+00:00, run_after=2026-03-18 00:00:00+00:00
[2026-03-18T07:58:19.602+0530] {processor.py:183} INFO - Processing /Users/vybhavswaroop/Desktop/untitled folder 3/ecommerce_platform/venv/lib/python3.11/site-packages/airflow/example_dags/example_task_group.py took 0.050 seconds
