[2026-03-18T07:23:34.344+0530] {processor.py:161} INFO - Started process (PID=3261) to work on /Users/vybhavswaroop/Desktop/untitled folder 3/ecommerce_platform/venv/lib/python3.11/site-packages/airflow/example_dags/example_bash_operator.py
[2026-03-18T07:23:34.345+0530] {processor.py:830} INFO - Processing file /Users/vybhavswaroop/Desktop/untitled folder 3/ecommerce_platform/venv/lib/python3.11/site-packages/airflow/example_dags/example_bash_operator.py for tasks to queue
[2026-03-18T07:23:34.345+0530] {logging_mixin.py:188} INFO - [2026-03-18T07:23:34.345+0530] {dagbag.py:540} INFO - Filling up the DagBag from /Users/vybhavswaroop/Desktop/untitled folder 3/ecommerce_platform/venv/lib/python3.11/site-packages/airflow/example_dags/example_bash_operator.py
[2026-03-18T07:23:34.349+0530] {processor.py:840} INFO - DAG(s) 'example_bash_operator' retrieved from /Users/vybhavswaroop/Desktop/untitled folder 3/ecommerce_platform/venv/lib/python3.11/site-packages/airflow/example_dags/example_bash_operator.py
[2026-03-18T07:23:34.412+0530] {logging_mixin.py:188} INFO - [2026-03-18T07:23:34.412+0530] {dag.py:3047} INFO - Sync 1 DAGs
[2026-03-18T07:23:34.417+0530] {logging_mixin.py:188} INFO - [2026-03-18T07:23:34.416+0530] {dag.py:3834} INFO - Setting next_dagrun for example_bash_operator to 2026-03-17 00:00:00+00:00, run_after=2026-03-18 00:00:00+00:00
[2026-03-18T07:23:34.423+0530] {processor.py:183} INFO - Processing /Users/vybhavswaroop/Desktop/untitled folder 3/ecommerce_platform/venv/lib/python3.11/site-packages/airflow/example_dags/example_bash_operator.py took 0.079 seconds
[2026-03-18T07:26:23.612+0530] {processor.py:161} INFO - Started process (PID=3773) to work on /Users/vybhavswaroop/Desktop/untitled folder 3/ecommerce_platform/venv/lib/python3.11/site-packages/airflow/example_dags/example_bash_operator.py
[2026-03-18T07:26:23.613+0530] {processor.py:830} INFO - Processing file /Users/vybhavswaroop/Desktop/untitled folder 3/ecommerce_platform/venv/lib/python3.11/site-packages/airflow/example_dags/example_bash_operator.py for tasks to queue
[2026-03-18T07:26:23.613+0530] {logging_mixin.py:188} INFO - [2026-03-18T07:26:23.613+0530] {dagbag.py:540} INFO - Filling up the DagBag from /Users/vybhavswaroop/Desktop/untitled folder 3/ecommerce_platform/venv/lib/python3.11/site-packages/airflow/example_dags/example_bash_operator.py
[2026-03-18T07:26:23.617+0530] {processor.py:840} INFO - DAG(s) 'example_bash_operator' retrieved from /Users/vybhavswaroop/Desktop/untitled folder 3/ecommerce_platform/venv/lib/python3.11/site-packages/airflow/example_dags/example_bash_operator.py
[2026-03-18T07:26:23.654+0530] {logging_mixin.py:188} INFO - [2026-03-18T07:26:23.654+0530] {dag.py:3047} INFO - Sync 1 DAGs
[2026-03-18T07:26:23.660+0530] {logging_mixin.py:188} INFO - [2026-03-18T07:26:23.660+0530] {dag.py:3834} INFO - Setting next_dagrun for example_bash_operator to 2026-03-17 00:00:00+00:00, run_after=2026-03-18 00:00:00+00:00
[2026-03-18T07:26:23.667+0530] {processor.py:183} INFO - Processing /Users/vybhavswaroop/Desktop/untitled folder 3/ecommerce_platform/venv/lib/python3.11/site-packages/airflow/example_dags/example_bash_operator.py took 0.055 seconds
[2026-03-18T07:29:07.893+0530] {processor.py:161} INFO - Started process (PID=4263) to work on /Users/vybhavswaroop/Desktop/untitled folder 3/ecommerce_platform/venv/lib/python3.11/site-packages/airflow/example_dags/example_bash_operator.py
[2026-03-18T07:29:07.894+0530] {processor.py:830} INFO - Processing file /Users/vybhavswaroop/Desktop/untitled folder 3/ecommerce_platform/venv/lib/python3.11/site-packages/airflow/example_dags/example_bash_operator.py for tasks to queue
[2026-03-18T07:29:07.894+0530] {logging_mixin.py:188} INFO - [2026-03-18T07:29:07.894+0530] {dagbag.py:540} INFO - Filling up the DagBag from /Users/vybhavswaroop/Desktop/untitled folder 3/ecommerce_platform/venv/lib/python3.11/site-packages/airflow/example_dags/example_bash_operator.py
[2026-03-18T07:29:07.898+0530] {processor.py:840} INFO - DAG(s) 'example_bash_operator' retrieved from /Users/vybhavswaroop/Desktop/untitled folder 3/ecommerce_platform/venv/lib/python3.11/site-packages/airflow/example_dags/example_bash_operator.py
[2026-03-18T07:29:07.936+0530] {logging_mixin.py:188} INFO - [2026-03-18T07:29:07.936+0530] {dag.py:3047} INFO - Sync 1 DAGs
[2026-03-18T07:29:07.942+0530] {logging_mixin.py:188} INFO - [2026-03-18T07:29:07.942+0530] {dag.py:3834} INFO - Setting next_dagrun for example_bash_operator to 2026-03-17 00:00:00+00:00, run_after=2026-03-18 00:00:00+00:00
[2026-03-18T07:29:07.948+0530] {processor.py:183} INFO - Processing /Users/vybhavswaroop/Desktop/untitled folder 3/ecommerce_platform/venv/lib/python3.11/site-packages/airflow/example_dags/example_bash_operator.py took 0.056 seconds
[2026-03-18T07:31:52.351+0530] {processor.py:161} INFO - Started process (PID=4751) to work on /Users/vybhavswaroop/Desktop/untitled folder 3/ecommerce_platform/venv/lib/python3.11/site-packages/airflow/example_dags/example_bash_operator.py
[2026-03-18T07:31:52.351+0530] {processor.py:830} INFO - Processing file /Users/vybhavswaroop/Desktop/untitled folder 3/ecommerce_platform/venv/lib/python3.11/site-packages/airflow/example_dags/example_bash_operator.py for tasks to queue
[2026-03-18T07:31:52.352+0530] {logging_mixin.py:188} INFO - [2026-03-18T07:31:52.352+0530] {dagbag.py:540} INFO - Filling up the DagBag from /Users/vybhavswaroop/Desktop/untitled folder 3/ecommerce_platform/venv/lib/python3.11/site-packages/airflow/example_dags/example_bash_operator.py
[2026-03-18T07:31:52.356+0530] {processor.py:840} INFO - DAG(s) 'example_bash_operator' retrieved from /Users/vybhavswaroop/Desktop/untitled folder 3/ecommerce_platform/venv/lib/python3.11/site-packages/airflow/example_dags/example_bash_operator.py
[2026-03-18T07:31:52.392+0530] {logging_mixin.py:188} INFO - [2026-03-18T07:31:52.392+0530] {dag.py:3047} INFO - Sync 1 DAGs
[2026-03-18T07:31:52.397+0530] {logging_mixin.py:188} INFO - [2026-03-18T07:31:52.397+0530] {dag.py:3834} INFO - Setting next_dagrun for example_bash_operator to 2026-03-17 00:00:00+00:00, run_after=2026-03-18 00:00:00+00:00
[2026-03-18T07:31:52.403+0530] {processor.py:183} INFO - Processing /Users/vybhavswaroop/Desktop/untitled folder 3/ecommerce_platform/venv/lib/python3.11/site-packages/airflow/example_dags/example_bash_operator.py took 0.053 seconds
[2026-03-18T07:34:47.268+0530] {processor.py:161} INFO - Started process (PID=5307) to work on /Users/vybhavswaroop/Desktop/untitled folder 3/ecommerce_platform/venv/lib/python3.11/site-packages/airflow/example_dags/example_bash_operator.py
[2026-03-18T07:34:47.268+0530] {processor.py:830} INFO - Processing file /Users/vybhavswaroop/Desktop/untitled folder 3/ecommerce_platform/venv/lib/python3.11/site-packages/airflow/example_dags/example_bash_operator.py for tasks to queue
[2026-03-18T07:34:47.269+0530] {logging_mixin.py:188} INFO - [2026-03-18T07:34:47.268+0530] {dagbag.py:540} INFO - Filling up the DagBag from /Users/vybhavswaroop/Desktop/untitled folder 3/ecommerce_platform/venv/lib/python3.11/site-packages/airflow/example_dags/example_bash_operator.py
[2026-03-18T07:34:47.273+0530] {processor.py:840} INFO - DAG(s) 'example_bash_operator' retrieved from /Users/vybhavswaroop/Desktop/untitled folder 3/ecommerce_platform/venv/lib/python3.11/site-packages/airflow/example_dags/example_bash_operator.py
[2026-03-18T07:34:47.309+0530] {logging_mixin.py:188} INFO - [2026-03-18T07:34:47.309+0530] {dag.py:3047} INFO - Sync 1 DAGs
[2026-03-18T07:34:47.315+0530] {logging_mixin.py:188} INFO - [2026-03-18T07:34:47.315+0530] {dag.py:3834} INFO - Setting next_dagrun for example_bash_operator to 2026-03-17 00:00:00+00:00, run_after=2026-03-18 00:00:00+00:00
[2026-03-18T07:34:47.321+0530] {processor.py:183} INFO - Processing /Users/vybhavswaroop/Desktop/untitled folder 3/ecommerce_platform/venv/lib/python3.11/site-packages/airflow/example_dags/example_bash_operator.py took 0.054 seconds
[2026-03-18T07:37:49.891+0530] {processor.py:161} INFO - Started process (PID=5854) to work on /Users/vybhavswaroop/Desktop/untitled folder 3/ecommerce_platform/venv/lib/python3.11/site-packages/airflow/example_dags/example_bash_operator.py
[2026-03-18T07:37:49.892+0530] {processor.py:830} INFO - Processing file /Users/vybhavswaroop/Desktop/untitled folder 3/ecommerce_platform/venv/lib/python3.11/site-packages/airflow/example_dags/example_bash_operator.py for tasks to queue
[2026-03-18T07:37:49.892+0530] {logging_mixin.py:188} INFO - [2026-03-18T07:37:49.892+0530] {dagbag.py:540} INFO - Filling up the DagBag from /Users/vybhavswaroop/Desktop/untitled folder 3/ecommerce_platform/venv/lib/python3.11/site-packages/airflow/example_dags/example_bash_operator.py
[2026-03-18T07:37:49.896+0530] {processor.py:840} INFO - DAG(s) 'example_bash_operator' retrieved from /Users/vybhavswaroop/Desktop/untitled folder 3/ecommerce_platform/venv/lib/python3.11/site-packages/airflow/example_dags/example_bash_operator.py
[2026-03-18T07:37:49.933+0530] {logging_mixin.py:188} INFO - [2026-03-18T07:37:49.933+0530] {dag.py:3047} INFO - Sync 1 DAGs
[2026-03-18T07:37:49.938+0530] {logging_mixin.py:188} INFO - [2026-03-18T07:37:49.938+0530] {dag.py:3834} INFO - Setting next_dagrun for example_bash_operator to 2026-03-17 00:00:00+00:00, run_after=2026-03-18 00:00:00+00:00
[2026-03-18T07:37:49.945+0530] {processor.py:183} INFO - Processing /Users/vybhavswaroop/Desktop/untitled folder 3/ecommerce_platform/venv/lib/python3.11/site-packages/airflow/example_dags/example_bash_operator.py took 0.054 seconds
[2026-03-18T07:40:51.349+0530] {processor.py:161} INFO - Started process (PID=6516) to work on /Users/vybhavswaroop/Desktop/untitled folder 3/ecommerce_platform/venv/lib/python3.11/site-packages/airflow/example_dags/example_bash_operator.py
[2026-03-18T07:40:51.350+0530] {processor.py:830} INFO - Processing file /Users/vybhavswaroop/Desktop/untitled folder 3/ecommerce_platform/venv/lib/python3.11/site-packages/airflow/example_dags/example_bash_operator.py for tasks to queue
[2026-03-18T07:40:51.350+0530] {logging_mixin.py:188} INFO - [2026-03-18T07:40:51.350+0530] {dagbag.py:540} INFO - Filling up the DagBag from /Users/vybhavswaroop/Desktop/untitled folder 3/ecommerce_platform/venv/lib/python3.11/site-packages/airflow/example_dags/example_bash_operator.py
[2026-03-18T07:40:51.354+0530] {processor.py:840} INFO - DAG(s) 'example_bash_operator' retrieved from /Users/vybhavswaroop/Desktop/untitled folder 3/ecommerce_platform/venv/lib/python3.11/site-packages/airflow/example_dags/example_bash_operator.py
[2026-03-18T07:40:51.392+0530] {logging_mixin.py:188} INFO - [2026-03-18T07:40:51.391+0530] {dag.py:3047} INFO - Sync 1 DAGs
[2026-03-18T07:40:51.397+0530] {logging_mixin.py:188} INFO - [2026-03-18T07:40:51.397+0530] {dag.py:3834} INFO - Setting next_dagrun for example_bash_operator to 2026-03-17 00:00:00+00:00, run_after=2026-03-18 00:00:00+00:00
[2026-03-18T07:40:51.404+0530] {processor.py:183} INFO - Processing /Users/vybhavswaroop/Desktop/untitled folder 3/ecommerce_platform/venv/lib/python3.11/site-packages/airflow/example_dags/example_bash_operator.py took 0.055 seconds
[2026-03-18T07:44:03.622+0530] {processor.py:161} INFO - Started process (PID=7208) to work on /Users/vybhavswaroop/Desktop/untitled folder 3/ecommerce_platform/venv/lib/python3.11/site-packages/airflow/example_dags/example_bash_operator.py
[2026-03-18T07:44:03.622+0530] {processor.py:830} INFO - Processing file /Users/vybhavswaroop/Desktop/untitled folder 3/ecommerce_platform/venv/lib/python3.11/site-packages/airflow/example_dags/example_bash_operator.py for tasks to queue
[2026-03-18T07:44:03.623+0530] {logging_mixin.py:188} INFO - [2026-03-18T07:44:03.622+0530] {dagbag.py:540} INFO - Filling up the DagBag from /Users/vybhavswaroop/Desktop/untitled folder 3/ecommerce_platform/venv/lib/python3.11/site-packages/airflow/example_dags/example_bash_operator.py
[2026-03-18T07:44:03.627+0530] {processor.py:840} INFO - DAG(s) 'example_bash_operator' retrieved from /Users/vybhavswaroop/Desktop/untitled folder 3/ecommerce_platform/venv/lib/python3.11/site-packages/airflow/example_dags/example_bash_operator.py
[2026-03-18T07:44:03.664+0530] {logging_mixin.py:188} INFO - [2026-03-18T07:44:03.664+0530] {dag.py:3047} INFO - Sync 1 DAGs
[2026-03-18T07:44:03.672+0530] {logging_mixin.py:188} INFO - [2026-03-18T07:44:03.672+0530] {dag.py:3834} INFO - Setting next_dagrun for example_bash_operator to 2026-03-17 00:00:00+00:00, run_after=2026-03-18 00:00:00+00:00
[2026-03-18T07:44:03.677+0530] {processor.py:183} INFO - Processing /Users/vybhavswaroop/Desktop/untitled folder 3/ecommerce_platform/venv/lib/python3.11/site-packages/airflow/example_dags/example_bash_operator.py took 0.056 seconds
[2026-03-18T07:46:51.914+0530] {processor.py:161} INFO - Started process (PID=7771) to work on /Users/vybhavswaroop/Desktop/untitled folder 3/ecommerce_platform/venv/lib/python3.11/site-packages/airflow/example_dags/example_bash_operator.py
[2026-03-18T07:46:51.915+0530] {processor.py:830} INFO - Processing file /Users/vybhavswaroop/Desktop/untitled folder 3/ecommerce_platform/venv/lib/python3.11/site-packages/airflow/example_dags/example_bash_operator.py for tasks to queue
[2026-03-18T07:46:51.915+0530] {logging_mixin.py:188} INFO - [2026-03-18T07:46:51.915+0530] {dagbag.py:540} INFO - Filling up the DagBag from /Users/vybhavswaroop/Desktop/untitled folder 3/ecommerce_platform/venv/lib/python3.11/site-packages/airflow/example_dags/example_bash_operator.py
[2026-03-18T07:46:51.920+0530] {processor.py:840} INFO - DAG(s) 'example_bash_operator' retrieved from /Users/vybhavswaroop/Desktop/untitled folder 3/ecommerce_platform/venv/lib/python3.11/site-packages/airflow/example_dags/example_bash_operator.py
[2026-03-18T07:46:51.957+0530] {logging_mixin.py:188} INFO - [2026-03-18T07:46:51.957+0530] {dag.py:3047} INFO - Sync 1 DAGs
[2026-03-18T07:46:51.963+0530] {logging_mixin.py:188} INFO - [2026-03-18T07:46:51.963+0530] {dag.py:3834} INFO - Setting next_dagrun for example_bash_operator to 2026-03-17 00:00:00+00:00, run_after=2026-03-18 00:00:00+00:00
[2026-03-18T07:46:51.968+0530] {processor.py:183} INFO - Processing /Users/vybhavswaroop/Desktop/untitled folder 3/ecommerce_platform/venv/lib/python3.11/site-packages/airflow/example_dags/example_bash_operator.py took 0.055 seconds
[2026-03-18T07:49:40.001+0530] {processor.py:161} INFO - Started process (PID=8716) to work on /Users/vybhavswaroop/Desktop/untitled folder 3/ecommerce_platform/venv/lib/python3.11/site-packages/airflow/example_dags/example_bash_operator.py
[2026-03-18T07:49:40.002+0530] {processor.py:830} INFO - Processing file /Users/vybhavswaroop/Desktop/untitled folder 3/ecommerce_platform/venv/lib/python3.11/site-packages/airflow/example_dags/example_bash_operator.py for tasks to queue
[2026-03-18T07:49:40.002+0530] {logging_mixin.py:188} INFO - [2026-03-18T07:49:40.002+0530] {dagbag.py:540} INFO - Filling up the DagBag from /Users/vybhavswaroop/Desktop/untitled folder 3/ecommerce_platform/venv/lib/python3.11/site-packages/airflow/example_dags/example_bash_operator.py
[2026-03-18T07:49:40.007+0530] {processor.py:840} INFO - DAG(s) 'example_bash_operator' retrieved from /Users/vybhavswaroop/Desktop/untitled folder 3/ecommerce_platform/venv/lib/python3.11/site-packages/airflow/example_dags/example_bash_operator.py
[2026-03-18T07:49:40.047+0530] {logging_mixin.py:188} INFO - [2026-03-18T07:49:40.047+0530] {dag.py:3047} INFO - Sync 1 DAGs
[2026-03-18T07:49:40.054+0530] {logging_mixin.py:188} INFO - [2026-03-18T07:49:40.054+0530] {dag.py:3834} INFO - Setting next_dagrun for example_bash_operator to 2026-03-17 00:00:00+00:00, run_after=2026-03-18 00:00:00+00:00
[2026-03-18T07:49:40.060+0530] {processor.py:183} INFO - Processing /Users/vybhavswaroop/Desktop/untitled folder 3/ecommerce_platform/venv/lib/python3.11/site-packages/airflow/example_dags/example_bash_operator.py took 0.059 seconds
[2026-03-18T07:54:38.947+0530] {processor.py:161} INFO - Started process (PID=11037) to work on /Users/vybhavswaroop/Desktop/untitled folder 3/ecommerce_platform/venv/lib/python3.11/site-packages/airflow/example_dags/example_bash_operator.py
[2026-03-18T07:54:38.948+0530] {processor.py:830} INFO - Processing file /Users/vybhavswaroop/Desktop/untitled folder 3/ecommerce_platform/venv/lib/python3.11/site-packages/airflow/example_dags/example_bash_operator.py for tasks to queue
[2026-03-18T07:54:38.948+0530] {logging_mixin.py:188} INFO - [2026-03-18T07:54:38.948+0530] {dagbag.py:540} INFO - Filling up the DagBag from /Users/vybhavswaroop/Desktop/untitled folder 3/ecommerce_platform/venv/lib/python3.11/site-packages/airflow/example_dags/example_bash_operator.py
[2026-03-18T07:54:38.952+0530] {processor.py:840} INFO - DAG(s) 'example_bash_operator' retrieved from /Users/vybhavswaroop/Desktop/untitled folder 3/ecommerce_platform/venv/lib/python3.11/site-packages/airflow/example_dags/example_bash_operator.py
[2026-03-18T07:54:39.014+0530] {logging_mixin.py:188} INFO - [2026-03-18T07:54:39.014+0530] {dag.py:3047} INFO - Sync 1 DAGs
[2026-03-18T07:54:39.019+0530] {logging_mixin.py:188} INFO - [2026-03-18T07:54:39.019+0530] {dag.py:3834} INFO - Setting next_dagrun for example_bash_operator to 2026-03-17 00:00:00+00:00, run_after=2026-03-18 00:00:00+00:00
[2026-03-18T07:54:39.025+0530] {processor.py:183} INFO - Processing /Users/vybhavswaroop/Desktop/untitled folder 3/ecommerce_platform/venv/lib/python3.11/site-packages/airflow/example_dags/example_bash_operator.py took 0.079 seconds
[2026-03-18T07:57:40.375+0530] {processor.py:161} INFO - Started process (PID=11559) to work on /Users/vybhavswaroop/Desktop/untitled folder 3/ecommerce_platform/venv/lib/python3.11/site-packages/airflow/example_dags/example_bash_operator.py
[2026-03-18T07:57:40.375+0530] {processor.py:830} INFO - Processing file /Users/vybhavswaroop/Desktop/untitled folder 3/ecommerce_platform/venv/lib/python3.11/site-packages/airflow/example_dags/example_bash_operator.py for tasks to queue
[2026-03-18T07:57:40.376+0530] {logging_mixin.py:188} INFO - [2026-03-18T07:57:40.376+0530] {dagbag.py:540} INFO - Filling up the DagBag from /Users/vybhavswaroop/Desktop/untitled folder 3/ecommerce_platform/venv/lib/python3.11/site-packages/airflow/example_dags/example_bash_operator.py
[2026-03-18T07:57:40.380+0530] {processor.py:840} INFO - DAG(s) 'example_bash_operator' retrieved from /Users/vybhavswaroop/Desktop/untitled folder 3/ecommerce_platform/venv/lib/python3.11/site-packages/airflow/example_dags/example_bash_operator.py
[2026-03-18T07:57:40.417+0530] {logging_mixin.py:188} INFO - [2026-03-18T07:57:40.417+0530] {dag.py:3047} INFO - Sync 1 DAGs
[2026-03-18T07:57:40.423+0530] {logging_mixin.py:188} INFO - [2026-03-18T07:57:40.423+0530] {dag.py:3834} INFO - Setting next_dagrun for example_bash_operator to 2026-03-17 00:00:00+00:00, run_after=2026-03-18 00:00:00+00:00
[2026-03-18T07:57:40.428+0530] {processor.py:183} INFO - Processing /Users/vybhavswaroop/Desktop/untitled folder 3/ecommerce_platform/venv/lib/python3.11/site-packages/airflow/example_dags/example_bash_operator.py took 0.054 seconds
