[2026-03-18T07:19:15.380+0530] {processor.py:161} INFO - Started process (PID=98636) to work on /Users/vybhavswaroop/Desktop/untitled folder 3/ecommerce_platform/venv/lib/python3.11/site-packages/airflow/example_dags/example_complex.py
[2026-03-18T07:19:15.381+0530] {processor.py:830} INFO - Processing file /Users/vybhavswaroop/Desktop/untitled folder 3/ecommerce_platform/venv/lib/python3.11/site-packages/airflow/example_dags/example_complex.py for tasks to queue
[2026-03-18T07:19:15.381+0530] {logging_mixin.py:188} INFO - [2026-03-18T07:19:15.381+0530] {dagbag.py:540} INFO - Filling up the DagBag from /Users/vybhavswaroop/Desktop/untitled folder 3/ecommerce_platform/venv/lib/python3.11/site-packages/airflow/example_dags/example_complex.py
[2026-03-18T07:19:15.386+0530] {processor.py:840} INFO - DAG(s) 'example_complex' retrieved from /Users/vybhavswaroop/Desktop/untitled folder 3/ecommerce_platform/venv/lib/python3.11/site-packages/airflow/example_dags/example_complex.py
[2026-03-18T07:19:15.428+0530] {logging_mixin.py:188} INFO - [2026-03-18T07:19:15.428+0530] {dag.py:3047} INFO - Sync 1 DAGs
[2026-03-18T07:19:15.432+0530] {logging_mixin.py:188} INFO - [2026-03-18T07:19:15.432+0530] {dag.py:3834} INFO - Setting next_dagrun for example_complex to None, run_after=None
[2026-03-18T07:19:15.439+0530] {processor.py:183} INFO - Processing /Users/vybhavswaroop/Desktop/untitled folder 3/ecommerce_platform/venv/lib/python3.11/site-packages/airflow/example_dags/example_complex.py took 0.059 seconds
[2026-03-18T07:23:17.724+0530] {processor.py:161} INFO - Started process (PID=3214) to work on /Users/vybhavswaroop/Desktop/untitled folder 3/ecommerce_platform/venv/lib/python3.11/site-packages/airflow/example_dags/example_complex.py
[2026-03-18T07:23:17.725+0530] {processor.py:830} INFO - Processing file /Users/vybhavswaroop/Desktop/untitled folder 3/ecommerce_platform/venv/lib/python3.11/site-packages/airflow/example_dags/example_complex.py for tasks to queue
[2026-03-18T07:23:17.725+0530] {logging_mixin.py:188} INFO - [2026-03-18T07:23:17.725+0530] {dagbag.py:540} INFO - Filling up the DagBag from /Users/vybhavswaroop/Desktop/untitled folder 3/ecommerce_platform/venv/lib/python3.11/site-packages/airflow/example_dags/example_complex.py
[2026-03-18T07:23:17.729+0530] {processor.py:840} INFO - DAG(s) 'example_complex' retrieved from /Users/vybhavswaroop/Desktop/untitled folder 3/ecommerce_platform/venv/lib/python3.11/site-packages/airflow/example_dags/example_complex.py
[2026-03-18T07:23:17.794+0530] {logging_mixin.py:188} INFO - [2026-03-18T07:23:17.793+0530] {dag.py:3047} INFO - Sync 1 DAGs
[2026-03-18T07:23:17.796+0530] {logging_mixin.py:188} INFO - [2026-03-18T07:23:17.796+0530] {dag.py:3834} INFO - Setting next_dagrun for example_complex to None, run_after=None
[2026-03-18T07:23:17.803+0530] {processor.py:183} INFO - Processing /Users/vybhavswaroop/Desktop/untitled folder 3/ecommerce_platform/venv/lib/python3.11/site-packages/airflow/example_dags/example_complex.py took 0.079 seconds
[2026-03-18T07:26:07.002+0530] {processor.py:161} INFO - Started process (PID=3725) to work on /Users/vybhavswaroop/Desktop/untitled folder 3/ecommerce_platform/venv/lib/python3.11/site-packages/airflow/example_dags/example_complex.py
[2026-03-18T07:26:07.003+0530] {processor.py:830} INFO - Processing file /Users/vybhavswaroop/Desktop/untitled folder 3/ecommerce_platform/venv/lib/python3.11/site-packages/airflow/example_dags/example_complex.py for tasks to queue
[2026-03-18T07:26:07.003+0530] {logging_mixin.py:188} INFO - [2026-03-18T07:26:07.003+0530] {dagbag.py:540} INFO - Filling up the DagBag from /Users/vybhavswaroop/Desktop/untitled folder 3/ecommerce_platform/venv/lib/python3.11/site-packages/airflow/example_dags/example_complex.py
[2026-03-18T07:26:07.008+0530] {processor.py:840} INFO - DAG(s) 'example_complex' retrieved from /Users/vybhavswaroop/Desktop/untitled folder 3/ecommerce_platform/venv/lib/python3.11/site-packages/airflow/example_dags/example_complex.py
[2026-03-18T07:26:07.046+0530] {logging_mixin.py:188} INFO - [2026-03-18T07:26:07.046+0530] {dag.py:3047} INFO - Sync 1 DAGs
[2026-03-18T07:26:07.049+0530] {logging_mixin.py:188} INFO - [2026-03-18T07:26:07.049+0530] {dag.py:3834} INFO - Setting next_dagrun for example_complex to None, run_after=None
[2026-03-18T07:26:07.056+0530] {processor.py:183} INFO - Processing /Users/vybhavswaroop/Desktop/untitled folder 3/ecommerce_platform/venv/lib/python3.11/site-packages/airflow/example_dags/example_complex.py took 0.054 seconds
[2026-03-18T07:28:52.196+0530] {processor.py:161} INFO - Started process (PID=4213) to work on /Users/vybhavswaroop/Desktop/untitled folder 3/ecommerce_platform/venv/lib/python3.11/site-packages/airflow/example_dags/example_complex.py
[2026-03-18T07:28:52.197+0530] {processor.py:830} INFO - Processing file /Users/vybhavswaroop/Desktop/untitled folder 3/ecommerce_platform/venv/lib/python3.11/site-packages/airflow/example_dags/example_complex.py for tasks to queue
[2026-03-18T07:28:52.197+0530] {logging_mixin.py:188} INFO - [2026-03-18T07:28:52.197+0530] {dagbag.py:540} INFO - Filling up the DagBag from /Users/vybhavswaroop/Desktop/untitled folder 3/ecommerce_platform/venv/lib/python3.11/site-packages/airflow/example_dags/example_complex.py
[2026-03-18T07:28:52.201+0530] {processor.py:840} INFO - DAG(s) 'example_complex' retrieved from /Users/vybhavswaroop/Desktop/untitled folder 3/ecommerce_platform/venv/lib/python3.11/site-packages/airflow/example_dags/example_complex.py
[2026-03-18T07:28:52.241+0530] {logging_mixin.py:188} INFO - [2026-03-18T07:28:52.241+0530] {dag.py:3047} INFO - Sync 1 DAGs
[2026-03-18T07:28:52.245+0530] {logging_mixin.py:188} INFO - [2026-03-18T07:28:52.245+0530] {dag.py:3834} INFO - Setting next_dagrun for example_complex to None, run_after=None
[2026-03-18T07:28:52.251+0530] {processor.py:183} INFO - Processing /Users/vybhavswaroop/Desktop/untitled folder 3/ecommerce_platform/venv/lib/python3.11/site-packages/airflow/example_dags/example_complex.py took 0.055 seconds
[2026-03-18T07:31:36.150+0530] {processor.py:161} INFO - Started process (PID=4702) to work on /Users/vybhavswaroop/Desktop/untitled folder 3/ecommerce_platform/venv/lib/python3.11/site-packages/airflow/example_dags/example_complex.py
[2026-03-18T07:31:36.150+0530] {processor.py:830} INFO - Processing file /Users/vybhavswaroop/Desktop/untitled folder 3/ecommerce_platform/venv/lib/python3.11/site-packages/airflow/example_dags/example_complex.py for tasks to queue
[2026-03-18T07:31:36.151+0530] {logging_mixin.py:188} INFO - [2026-03-18T07:31:36.151+0530] {dagbag.py:540} INFO - Filling up the DagBag from /Users/vybhavswaroop/Desktop/untitled folder 3/ecommerce_platform/venv/lib/python3.11/site-packages/airflow/example_dags/example_complex.py
[2026-03-18T07:31:36.155+0530] {processor.py:840} INFO - DAG(s) 'example_complex' retrieved from /Users/vybhavswaroop/Desktop/untitled folder 3/ecommerce_platform/venv/lib/python3.11/site-packages/airflow/example_dags/example_complex.py
[2026-03-18T07:31:36.193+0530] {logging_mixin.py:188} INFO - [2026-03-18T07:31:36.193+0530] {dag.py:3047} INFO - Sync 1 DAGs
[2026-03-18T07:31:36.196+0530] {logging_mixin.py:188} INFO - [2026-03-18T07:31:36.196+0530] {dag.py:3834} INFO - Setting next_dagrun for example_complex to None, run_after=None
[2026-03-18T07:31:36.203+0530] {processor.py:183} INFO - Processing /Users/vybhavswaroop/Desktop/untitled folder 3/ecommerce_platform/venv/lib/python3.11/site-packages/airflow/example_dags/example_complex.py took 0.053 seconds
[2026-03-18T07:34:28.395+0530] {processor.py:161} INFO - Started process (PID=5227) to work on /Users/vybhavswaroop/Desktop/untitled folder 3/ecommerce_platform/venv/lib/python3.11/site-packages/airflow/example_dags/example_complex.py
[2026-03-18T07:34:28.396+0530] {processor.py:830} INFO - Processing file /Users/vybhavswaroop/Desktop/untitled folder 3/ecommerce_platform/venv/lib/python3.11/site-packages/airflow/example_dags/example_complex.py for tasks to queue
[2026-03-18T07:34:28.396+0530] {logging_mixin.py:188} INFO - [2026-03-18T07:34:28.396+0530] {dagbag.py:540} INFO - Filling up the DagBag from /Users/vybhavswaroop/Desktop/untitled folder 3/ecommerce_platform/venv/lib/python3.11/site-packages/airflow/example_dags/example_complex.py
[2026-03-18T07:34:28.401+0530] {processor.py:840} INFO - DAG(s) 'example_complex' retrieved from /Users/vybhavswaroop/Desktop/untitled folder 3/ecommerce_platform/venv/lib/python3.11/site-packages/airflow/example_dags/example_complex.py
[2026-03-18T07:34:28.441+0530] {logging_mixin.py:188} INFO - [2026-03-18T07:34:28.441+0530] {dag.py:3047} INFO - Sync 1 DAGs
[2026-03-18T07:34:28.444+0530] {logging_mixin.py:188} INFO - [2026-03-18T07:34:28.444+0530] {dag.py:3834} INFO - Setting next_dagrun for example_complex to None, run_after=None
[2026-03-18T07:34:28.451+0530] {processor.py:183} INFO - Processing /Users/vybhavswaroop/Desktop/untitled folder 3/ecommerce_platform/venv/lib/python3.11/site-packages/airflow/example_dags/example_complex.py took 0.056 seconds
[2026-03-18T07:37:33.547+0530] {processor.py:161} INFO - Started process (PID=5804) to work on /Users/vybhavswaroop/Desktop/untitled folder 3/ecommerce_platform/venv/lib/python3.11/site-packages/airflow/example_dags/example_complex.py
[2026-03-18T07:37:33.548+0530] {processor.py:830} INFO - Processing file /Users/vybhavswaroop/Desktop/untitled folder 3/ecommerce_platform/venv/lib/python3.11/site-packages/airflow/example_dags/example_complex.py for tasks to queue
[2026-03-18T07:37:33.549+0530] {logging_mixin.py:188} INFO - [2026-03-18T07:37:33.549+0530] {dagbag.py:540} INFO - Filling up the DagBag from /Users/vybhavswaroop/Desktop/untitled folder 3/ecommerce_platform/venv/lib/python3.11/site-packages/airflow/example_dags/example_complex.py
[2026-03-18T07:37:33.553+0530] {processor.py:840} INFO - DAG(s) 'example_complex' retrieved from /Users/vybhavswaroop/Desktop/untitled folder 3/ecommerce_platform/venv/lib/python3.11/site-packages/airflow/example_dags/example_complex.py
[2026-03-18T07:37:33.592+0530] {logging_mixin.py:188} INFO - [2026-03-18T07:37:33.592+0530] {dag.py:3047} INFO - Sync 1 DAGs
[2026-03-18T07:37:33.595+0530] {logging_mixin.py:188} INFO - [2026-03-18T07:37:33.595+0530] {dag.py:3834} INFO - Setting next_dagrun for example_complex to None, run_after=None
[2026-03-18T07:37:33.602+0530] {processor.py:183} INFO - Processing /Users/vybhavswaroop/Desktop/untitled folder 3/ecommerce_platform/venv/lib/python3.11/site-packages/airflow/example_dags/example_complex.py took 0.055 seconds
[2026-03-18T07:40:33.156+0530] {processor.py:161} INFO - Started process (PID=6453) to work on /Users/vybhavswaroop/Desktop/untitled folder 3/ecommerce_platform/venv/lib/python3.11/site-packages/airflow/example_dags/example_complex.py
[2026-03-18T07:40:33.157+0530] {processor.py:830} INFO - Processing file /Users/vybhavswaroop/Desktop/untitled folder 3/ecommerce_platform/venv/lib/python3.11/site-packages/airflow/example_dags/example_complex.py for tasks to queue
[2026-03-18T07:40:33.157+0530] {logging_mixin.py:188} INFO - [2026-03-18T07:40:33.157+0530] {dagbag.py:540} INFO - Filling up the DagBag from /Users/vybhavswaroop/Desktop/untitled folder 3/ecommerce_platform/venv/lib/python3.11/site-packages/airflow/example_dags/example_complex.py
[2026-03-18T07:40:33.162+0530] {processor.py:840} INFO - DAG(s) 'example_complex' retrieved from /Users/vybhavswaroop/Desktop/untitled folder 3/ecommerce_platform/venv/lib/python3.11/site-packages/airflow/example_dags/example_complex.py
[2026-03-18T07:40:33.203+0530] {logging_mixin.py:188} INFO - [2026-03-18T07:40:33.203+0530] {dag.py:3047} INFO - Sync 1 DAGs
[2026-03-18T07:40:33.207+0530] {logging_mixin.py:188} INFO - [2026-03-18T07:40:33.207+0530] {dag.py:3834} INFO - Setting next_dagrun for example_complex to None, run_after=None
[2026-03-18T07:40:33.214+0530] {processor.py:183} INFO - Processing /Users/vybhavswaroop/Desktop/untitled folder 3/ecommerce_platform/venv/lib/python3.11/site-packages/airflow/example_dags/example_complex.py took 0.058 seconds
[2026-03-18T07:43:46.946+0530] {processor.py:161} INFO - Started process (PID=7136) to work on /Users/vybhavswaroop/Desktop/untitled folder 3/ecommerce_platform/venv/lib/python3.11/site-packages/airflow/example_dags/example_complex.py
[2026-03-18T07:43:46.948+0530] {processor.py:830} INFO - Processing file /Users/vybhavswaroop/Desktop/untitled folder 3/ecommerce_platform/venv/lib/python3.11/site-packages/airflow/example_dags/example_complex.py for tasks to queue
[2026-03-18T07:43:46.948+0530] {logging_mixin.py:188} INFO - [2026-03-18T07:43:46.948+0530] {dagbag.py:540} INFO - Filling up the DagBag from /Users/vybhavswaroop/Desktop/untitled folder 3/ecommerce_platform/venv/lib/python3.11/site-packages/airflow/example_dags/example_complex.py
[2026-03-18T07:43:46.952+0530] {processor.py:840} INFO - DAG(s) 'example_complex' retrieved from /Users/vybhavswaroop/Desktop/untitled folder 3/ecommerce_platform/venv/lib/python3.11/site-packages/airflow/example_dags/example_complex.py
[2026-03-18T07:43:46.993+0530] {logging_mixin.py:188} INFO - [2026-03-18T07:43:46.992+0530] {dag.py:3047} INFO - Sync 1 DAGs
[2026-03-18T07:43:46.996+0530] {logging_mixin.py:188} INFO - [2026-03-18T07:43:46.996+0530] {dag.py:3834} INFO - Setting next_dagrun for example_complex to None, run_after=None
[2026-03-18T07:43:47.002+0530] {processor.py:183} INFO - Processing /Users/vybhavswaroop/Desktop/untitled folder 3/ecommerce_platform/venv/lib/python3.11/site-packages/airflow/example_dags/example_complex.py took 0.056 seconds
[2026-03-18T07:46:36.119+0530] {processor.py:161} INFO - Started process (PID=7720) to work on /Users/vybhavswaroop/Desktop/untitled folder 3/ecommerce_platform/venv/lib/python3.11/site-packages/airflow/example_dags/example_complex.py
[2026-03-18T07:46:36.120+0530] {processor.py:830} INFO - Processing file /Users/vybhavswaroop/Desktop/untitled folder 3/ecommerce_platform/venv/lib/python3.11/site-packages/airflow/example_dags/example_complex.py for tasks to queue
[2026-03-18T07:46:36.120+0530] {logging_mixin.py:188} INFO - [2026-03-18T07:46:36.120+0530] {dagbag.py:540} INFO - Filling up the DagBag from /Users/vybhavswaroop/Desktop/untitled folder 3/ecommerce_platform/venv/lib/python3.11/site-packages/airflow/example_dags/example_complex.py
[2026-03-18T07:46:36.124+0530] {processor.py:840} INFO - DAG(s) 'example_complex' retrieved from /Users/vybhavswaroop/Desktop/untitled folder 3/ecommerce_platform/venv/lib/python3.11/site-packages/airflow/example_dags/example_complex.py
[2026-03-18T07:46:36.163+0530] {logging_mixin.py:188} INFO - [2026-03-18T07:46:36.163+0530] {dag.py:3047} INFO - Sync 1 DAGs
[2026-03-18T07:46:36.166+0530] {logging_mixin.py:188} INFO - [2026-03-18T07:46:36.166+0530] {dag.py:3834} INFO - Setting next_dagrun for example_complex to None, run_after=None
[2026-03-18T07:46:36.172+0530] {processor.py:183} INFO - Processing /Users/vybhavswaroop/Desktop/untitled folder 3/ecommerce_platform/venv/lib/python3.11/site-packages/airflow/example_dags/example_complex.py took 0.053 seconds
[2026-03-18T07:49:22.152+0530] {processor.py:161} INFO - Started process (PID=8455) to work on /Users/vybhavswaroop/Desktop/untitled folder 3/ecommerce_platform/venv/lib/python3.11/site-packages/airflow/example_dags/example_complex.py
[2026-03-18T07:49:22.153+0530] {processor.py:830} INFO - Processing file /Users/vybhavswaroop/Desktop/untitled folder 3/ecommerce_platform/venv/lib/python3.11/site-packages/airflow/example_dags/example_complex.py for tasks to queue
[2026-03-18T07:49:22.153+0530] {logging_mixin.py:188} INFO - [2026-03-18T07:49:22.153+0530] {dagbag.py:540} INFO - Filling up the DagBag from /Users/vybhavswaroop/Desktop/untitled folder 3/ecommerce_platform/venv/lib/python3.11/site-packages/airflow/example_dags/example_complex.py
[2026-03-18T07:49:22.158+0530] {processor.py:840} INFO - DAG(s) 'example_complex' retrieved from /Users/vybhavswaroop/Desktop/untitled folder 3/ecommerce_platform/venv/lib/python3.11/site-packages/airflow/example_dags/example_complex.py
[2026-03-18T07:49:22.196+0530] {logging_mixin.py:188} INFO - [2026-03-18T07:49:22.196+0530] {dag.py:3047} INFO - Sync 1 DAGs
[2026-03-18T07:49:22.200+0530] {logging_mixin.py:188} INFO - [2026-03-18T07:49:22.199+0530] {dag.py:3834} INFO - Setting next_dagrun for example_complex to None, run_after=None
[2026-03-18T07:49:22.206+0530] {processor.py:183} INFO - Processing /Users/vybhavswaroop/Desktop/untitled folder 3/ecommerce_platform/venv/lib/python3.11/site-packages/airflow/example_dags/example_complex.py took 0.054 seconds
[2026-03-18T07:52:15.053+0530] {processor.py:161} INFO - Started process (PID=10095) to work on /Users/vybhavswaroop/Desktop/untitled folder 3/ecommerce_platform/venv/lib/python3.11/site-packages/airflow/example_dags/example_complex.py
[2026-03-18T07:52:15.054+0530] {processor.py:830} INFO - Processing file /Users/vybhavswaroop/Desktop/untitled folder 3/ecommerce_platform/venv/lib/python3.11/site-packages/airflow/example_dags/example_complex.py for tasks to queue
[2026-03-18T07:52:15.054+0530] {logging_mixin.py:188} INFO - [2026-03-18T07:52:15.054+0530] {dagbag.py:540} INFO - Filling up the DagBag from /Users/vybhavswaroop/Desktop/untitled folder 3/ecommerce_platform/venv/lib/python3.11/site-packages/airflow/example_dags/example_complex.py
[2026-03-18T07:52:15.059+0530] {processor.py:840} INFO - DAG(s) 'example_complex' retrieved from /Users/vybhavswaroop/Desktop/untitled folder 3/ecommerce_platform/venv/lib/python3.11/site-packages/airflow/example_dags/example_complex.py
[2026-03-18T07:52:15.100+0530] {logging_mixin.py:188} INFO - [2026-03-18T07:52:15.100+0530] {dag.py:3047} INFO - Sync 1 DAGs
[2026-03-18T07:52:15.104+0530] {logging_mixin.py:188} INFO - [2026-03-18T07:52:15.103+0530] {dag.py:3834} INFO - Setting next_dagrun for example_complex to None, run_after=None
[2026-03-18T07:52:15.111+0530] {processor.py:183} INFO - Processing /Users/vybhavswaroop/Desktop/untitled folder 3/ecommerce_platform/venv/lib/python3.11/site-packages/airflow/example_dags/example_complex.py took 0.058 seconds
[2026-03-18T07:54:22.413+0530] {processor.py:161} INFO - Started process (PID=10987) to work on /Users/vybhavswaroop/Desktop/untitled folder 3/ecommerce_platform/venv/lib/python3.11/site-packages/airflow/example_dags/example_complex.py
[2026-03-18T07:54:22.415+0530] {processor.py:830} INFO - Processing file /Users/vybhavswaroop/Desktop/untitled folder 3/ecommerce_platform/venv/lib/python3.11/site-packages/airflow/example_dags/example_complex.py for tasks to queue
[2026-03-18T07:54:22.415+0530] {logging_mixin.py:188} INFO - [2026-03-18T07:54:22.415+0530] {dagbag.py:540} INFO - Filling up the DagBag from /Users/vybhavswaroop/Desktop/untitled folder 3/ecommerce_platform/venv/lib/python3.11/site-packages/airflow/example_dags/example_complex.py
[2026-03-18T07:54:22.419+0530] {processor.py:840} INFO - DAG(s) 'example_complex' retrieved from /Users/vybhavswaroop/Desktop/untitled folder 3/ecommerce_platform/venv/lib/python3.11/site-packages/airflow/example_dags/example_complex.py
[2026-03-18T07:54:22.484+0530] {logging_mixin.py:188} INFO - [2026-03-18T07:54:22.484+0530] {dag.py:3047} INFO - Sync 1 DAGs
[2026-03-18T07:54:22.486+0530] {logging_mixin.py:188} INFO - [2026-03-18T07:54:22.486+0530] {dag.py:3834} INFO - Setting next_dagrun for example_complex to None, run_after=None
[2026-03-18T07:54:22.492+0530] {processor.py:183} INFO - Processing /Users/vybhavswaroop/Desktop/untitled folder 3/ecommerce_platform/venv/lib/python3.11/site-packages/airflow/example_dags/example_complex.py took 0.079 seconds
[2026-03-18T07:57:23.960+0530] {processor.py:161} INFO - Started process (PID=11512) to work on /Users/vybhavswaroop/Desktop/untitled folder 3/ecommerce_platform/venv/lib/python3.11/site-packages/airflow/example_dags/example_complex.py
[2026-03-18T07:57:23.962+0530] {processor.py:830} INFO - Processing file /Users/vybhavswaroop/Desktop/untitled folder 3/ecommerce_platform/venv/lib/python3.11/site-packages/airflow/example_dags/example_complex.py for tasks to queue
[2026-03-18T07:57:23.962+0530] {logging_mixin.py:188} INFO - [2026-03-18T07:57:23.962+0530] {dagbag.py:540} INFO - Filling up the DagBag from /Users/vybhavswaroop/Desktop/untitled folder 3/ecommerce_platform/venv/lib/python3.11/site-packages/airflow/example_dags/example_complex.py
[2026-03-18T07:57:23.966+0530] {processor.py:840} INFO - DAG(s) 'example_complex' retrieved from /Users/vybhavswaroop/Desktop/untitled folder 3/ecommerce_platform/venv/lib/python3.11/site-packages/airflow/example_dags/example_complex.py
[2026-03-18T07:57:24.003+0530] {logging_mixin.py:188} INFO - [2026-03-18T07:57:24.003+0530] {dag.py:3047} INFO - Sync 1 DAGs
[2026-03-18T07:57:24.006+0530] {logging_mixin.py:188} INFO - [2026-03-18T07:57:24.006+0530] {dag.py:3834} INFO - Setting next_dagrun for example_complex to None, run_after=None
[2026-03-18T07:57:24.012+0530] {processor.py:183} INFO - Processing /Users/vybhavswaroop/Desktop/untitled folder 3/ecommerce_platform/venv/lib/python3.11/site-packages/airflow/example_dags/example_complex.py took 0.052 seconds
