[2026-03-18T07:15:27.883+0530] {processor.py:161} INFO - Started process (PID=97869) to work on /Users/vybhavswaroop/Desktop/untitled folder 3/ecommerce_platform/venv/lib/python3.11/site-packages/airflow/example_dags/example_sensors.py
[2026-03-18T07:15:27.884+0530] {processor.py:830} INFO - Processing file /Users/vybhavswaroop/Desktop/untitled folder 3/ecommerce_platform/venv/lib/python3.11/site-packages/airflow/example_dags/example_sensors.py for tasks to queue
[2026-03-18T07:15:27.884+0530] {logging_mixin.py:188} INFO - [2026-03-18T07:15:27.884+0530] {dagbag.py:540} INFO - Filling up the DagBag from /Users/vybhavswaroop/Desktop/untitled folder 3/ecommerce_platform/venv/lib/python3.11/site-packages/airflow/example_dags/example_sensors.py
[2026-03-18T07:15:27.890+0530] {processor.py:840} INFO - DAG(s) 'example_sensors' retrieved from /Users/vybhavswaroop/Desktop/untitled folder 3/ecommerce_platform/venv/lib/python3.11/site-packages/airflow/example_dags/example_sensors.py
[2026-03-18T07:15:27.935+0530] {logging_mixin.py:188} INFO - [2026-03-18T07:15:27.935+0530] {dag.py:3047} INFO - Sync 1 DAGs
[2026-03-18T07:15:27.938+0530] {logging_mixin.py:188} INFO - [2026-03-18T07:15:27.938+0530] {dag.py:3834} INFO - Setting next_dagrun for example_sensors to None, run_after=None
[2026-03-18T07:15:27.945+0530] {processor.py:183} INFO - Processing /Users/vybhavswaroop/Desktop/untitled folder 3/ecommerce_platform/venv/lib/python3.11/site-packages/airflow/example_dags/example_sensors.py took 0.062 seconds
[2026-03-18T07:22:34.048+0530] {processor.py:161} INFO - Started process (PID=3079) to work on /Users/vybhavswaroop/Desktop/untitled folder 3/ecommerce_platform/venv/lib/python3.11/site-packages/airflow/example_dags/example_sensors.py
[2026-03-18T07:22:34.049+0530] {processor.py:830} INFO - Processing file /Users/vybhavswaroop/Desktop/untitled folder 3/ecommerce_platform/venv/lib/python3.11/site-packages/airflow/example_dags/example_sensors.py for tasks to queue
[2026-03-18T07:22:34.049+0530] {logging_mixin.py:188} INFO - [2026-03-18T07:22:34.049+0530] {dagbag.py:540} INFO - Filling up the DagBag from /Users/vybhavswaroop/Desktop/untitled folder 3/ecommerce_platform/venv/lib/python3.11/site-packages/airflow/example_dags/example_sensors.py
[2026-03-18T07:22:34.054+0530] {processor.py:840} INFO - DAG(s) 'example_sensors' retrieved from /Users/vybhavswaroop/Desktop/untitled folder 3/ecommerce_platform/venv/lib/python3.11/site-packages/airflow/example_dags/example_sensors.py
[2026-03-18T07:22:34.122+0530] {logging_mixin.py:188} INFO - [2026-03-18T07:22:34.121+0530] {dag.py:3047} INFO - Sync 1 DAGs
[2026-03-18T07:22:34.124+0530] {logging_mixin.py:188} INFO - [2026-03-18T07:22:34.124+0530] {dag.py:3834} INFO - Setting next_dagrun for example_sensors to None, run_after=None
[2026-03-18T07:22:34.131+0530] {processor.py:183} INFO - Processing /Users/vybhavswaroop/Desktop/untitled folder 3/ecommerce_platform/venv/lib/python3.11/site-packages/airflow/example_dags/example_sensors.py took 0.083 seconds
[2026-03-18T07:24:32.150+0530] {processor.py:161} INFO - Started process (PID=3443) to work on /Users/vybhavswaroop/Desktop/untitled folder 3/ecommerce_platform/venv/lib/python3.11/site-packages/airflow/example_dags/example_sensors.py
[2026-03-18T07:24:32.151+0530] {processor.py:830} INFO - Processing file /Users/vybhavswaroop/Desktop/untitled folder 3/ecommerce_platform/venv/lib/python3.11/site-packages/airflow/example_dags/example_sensors.py for tasks to queue
[2026-03-18T07:24:32.152+0530] {logging_mixin.py:188} INFO - [2026-03-18T07:24:32.151+0530] {dagbag.py:540} INFO - Filling up the DagBag from /Users/vybhavswaroop/Desktop/untitled folder 3/ecommerce_platform/venv/lib/python3.11/site-packages/airflow/example_dags/example_sensors.py
[2026-03-18T07:24:32.157+0530] {processor.py:840} INFO - DAG(s) 'example_sensors' retrieved from /Users/vybhavswaroop/Desktop/untitled folder 3/ecommerce_platform/venv/lib/python3.11/site-packages/airflow/example_dags/example_sensors.py
[2026-03-18T07:24:32.198+0530] {logging_mixin.py:188} INFO - [2026-03-18T07:24:32.198+0530] {dag.py:3047} INFO - Sync 1 DAGs
[2026-03-18T07:24:32.201+0530] {logging_mixin.py:188} INFO - [2026-03-18T07:24:32.201+0530] {dag.py:3834} INFO - Setting next_dagrun for example_sensors to None, run_after=None
[2026-03-18T07:24:32.207+0530] {processor.py:183} INFO - Processing /Users/vybhavswaroop/Desktop/untitled folder 3/ecommerce_platform/venv/lib/python3.11/site-packages/airflow/example_dags/example_sensors.py took 0.057 seconds
[2026-03-18T07:27:20.881+0530] {processor.py:161} INFO - Started process (PID=3941) to work on /Users/vybhavswaroop/Desktop/untitled folder 3/ecommerce_platform/venv/lib/python3.11/site-packages/airflow/example_dags/example_sensors.py
[2026-03-18T07:27:20.881+0530] {processor.py:830} INFO - Processing file /Users/vybhavswaroop/Desktop/untitled folder 3/ecommerce_platform/venv/lib/python3.11/site-packages/airflow/example_dags/example_sensors.py for tasks to queue
[2026-03-18T07:27:20.882+0530] {logging_mixin.py:188} INFO - [2026-03-18T07:27:20.882+0530] {dagbag.py:540} INFO - Filling up the DagBag from /Users/vybhavswaroop/Desktop/untitled folder 3/ecommerce_platform/venv/lib/python3.11/site-packages/airflow/example_dags/example_sensors.py
[2026-03-18T07:27:20.887+0530] {processor.py:840} INFO - DAG(s) 'example_sensors' retrieved from /Users/vybhavswaroop/Desktop/untitled folder 3/ecommerce_platform/venv/lib/python3.11/site-packages/airflow/example_dags/example_sensors.py
[2026-03-18T07:27:20.929+0530] {logging_mixin.py:188} INFO - [2026-03-18T07:27:20.929+0530] {dag.py:3047} INFO - Sync 1 DAGs
[2026-03-18T07:27:20.932+0530] {logging_mixin.py:188} INFO - [2026-03-18T07:27:20.932+0530] {dag.py:3834} INFO - Setting next_dagrun for example_sensors to None, run_after=None
[2026-03-18T07:27:20.939+0530] {processor.py:183} INFO - Processing /Users/vybhavswaroop/Desktop/untitled folder 3/ecommerce_platform/venv/lib/python3.11/site-packages/airflow/example_dags/example_sensors.py took 0.058 seconds
[2026-03-18T07:30:02.923+0530] {processor.py:161} INFO - Started process (PID=4423) to work on /Users/vybhavswaroop/Desktop/untitled folder 3/ecommerce_platform/venv/lib/python3.11/site-packages/airflow/example_dags/example_sensors.py
[2026-03-18T07:30:02.923+0530] {processor.py:830} INFO - Processing file /Users/vybhavswaroop/Desktop/untitled folder 3/ecommerce_platform/venv/lib/python3.11/site-packages/airflow/example_dags/example_sensors.py for tasks to queue
[2026-03-18T07:30:02.924+0530] {logging_mixin.py:188} INFO - [2026-03-18T07:30:02.924+0530] {dagbag.py:540} INFO - Filling up the DagBag from /Users/vybhavswaroop/Desktop/untitled folder 3/ecommerce_platform/venv/lib/python3.11/site-packages/airflow/example_dags/example_sensors.py
[2026-03-18T07:30:02.929+0530] {processor.py:840} INFO - DAG(s) 'example_sensors' retrieved from /Users/vybhavswaroop/Desktop/untitled folder 3/ecommerce_platform/venv/lib/python3.11/site-packages/airflow/example_dags/example_sensors.py
[2026-03-18T07:30:02.970+0530] {logging_mixin.py:188} INFO - [2026-03-18T07:30:02.970+0530] {dag.py:3047} INFO - Sync 1 DAGs
[2026-03-18T07:30:02.973+0530] {logging_mixin.py:188} INFO - [2026-03-18T07:30:02.973+0530] {dag.py:3834} INFO - Setting next_dagrun for example_sensors to None, run_after=None
[2026-03-18T07:30:02.979+0530] {processor.py:183} INFO - Processing /Users/vybhavswaroop/Desktop/untitled folder 3/ecommerce_platform/venv/lib/python3.11/site-packages/airflow/example_dags/example_sensors.py took 0.056 seconds
[2026-03-18T07:32:49.775+0530] {processor.py:161} INFO - Started process (PID=4917) to work on /Users/vybhavswaroop/Desktop/untitled folder 3/ecommerce_platform/venv/lib/python3.11/site-packages/airflow/example_dags/example_sensors.py
[2026-03-18T07:32:49.776+0530] {processor.py:830} INFO - Processing file /Users/vybhavswaroop/Desktop/untitled folder 3/ecommerce_platform/venv/lib/python3.11/site-packages/airflow/example_dags/example_sensors.py for tasks to queue
[2026-03-18T07:32:49.776+0530] {logging_mixin.py:188} INFO - [2026-03-18T07:32:49.776+0530] {dagbag.py:540} INFO - Filling up the DagBag from /Users/vybhavswaroop/Desktop/untitled folder 3/ecommerce_platform/venv/lib/python3.11/site-packages/airflow/example_dags/example_sensors.py
[2026-03-18T07:32:49.781+0530] {processor.py:840} INFO - DAG(s) 'example_sensors' retrieved from /Users/vybhavswaroop/Desktop/untitled folder 3/ecommerce_platform/venv/lib/python3.11/site-packages/airflow/example_dags/example_sensors.py
[2026-03-18T07:32:49.823+0530] {logging_mixin.py:188} INFO - [2026-03-18T07:32:49.823+0530] {dag.py:3047} INFO - Sync 1 DAGs
[2026-03-18T07:32:49.826+0530] {logging_mixin.py:188} INFO - [2026-03-18T07:32:49.826+0530] {dag.py:3834} INFO - Setting next_dagrun for example_sensors to None, run_after=None
[2026-03-18T07:32:49.835+0530] {processor.py:183} INFO - Processing /Users/vybhavswaroop/Desktop/untitled folder 3/ecommerce_platform/venv/lib/python3.11/site-packages/airflow/example_dags/example_sensors.py took 0.060 seconds
[2026-03-18T07:35:50.275+0530] {processor.py:161} INFO - Started process (PID=5497) to work on /Users/vybhavswaroop/Desktop/untitled folder 3/ecommerce_platform/venv/lib/python3.11/site-packages/airflow/example_dags/example_sensors.py
[2026-03-18T07:35:50.276+0530] {processor.py:830} INFO - Processing file /Users/vybhavswaroop/Desktop/untitled folder 3/ecommerce_platform/venv/lib/python3.11/site-packages/airflow/example_dags/example_sensors.py for tasks to queue
[2026-03-18T07:35:50.276+0530] {logging_mixin.py:188} INFO - [2026-03-18T07:35:50.276+0530] {dagbag.py:540} INFO - Filling up the DagBag from /Users/vybhavswaroop/Desktop/untitled folder 3/ecommerce_platform/venv/lib/python3.11/site-packages/airflow/example_dags/example_sensors.py
[2026-03-18T07:35:50.282+0530] {processor.py:840} INFO - DAG(s) 'example_sensors' retrieved from /Users/vybhavswaroop/Desktop/untitled folder 3/ecommerce_platform/venv/lib/python3.11/site-packages/airflow/example_dags/example_sensors.py
[2026-03-18T07:35:50.326+0530] {logging_mixin.py:188} INFO - [2026-03-18T07:35:50.326+0530] {dag.py:3047} INFO - Sync 1 DAGs
[2026-03-18T07:35:50.329+0530] {logging_mixin.py:188} INFO - [2026-03-18T07:35:50.329+0530] {dag.py:3834} INFO - Setting next_dagrun for example_sensors to None, run_after=None
[2026-03-18T07:35:50.335+0530] {processor.py:183} INFO - Processing /Users/vybhavswaroop/Desktop/untitled folder 3/ecommerce_platform/venv/lib/python3.11/site-packages/airflow/example_dags/example_sensors.py took 0.060 seconds
[2026-03-18T07:37:21.514+0530] {processor.py:161} INFO - Started process (PID=5764) to work on /Users/vybhavswaroop/Desktop/untitled folder 3/ecommerce_platform/venv/lib/python3.11/site-packages/airflow/example_dags/example_sensors.py
[2026-03-18T07:37:21.516+0530] {processor.py:830} INFO - Processing file /Users/vybhavswaroop/Desktop/untitled folder 3/ecommerce_platform/venv/lib/python3.11/site-packages/airflow/example_dags/example_sensors.py for tasks to queue
[2026-03-18T07:37:21.516+0530] {logging_mixin.py:188} INFO - [2026-03-18T07:37:21.516+0530] {dagbag.py:540} INFO - Filling up the DagBag from /Users/vybhavswaroop/Desktop/untitled folder 3/ecommerce_platform/venv/lib/python3.11/site-packages/airflow/example_dags/example_sensors.py
[2026-03-18T07:37:21.522+0530] {processor.py:840} INFO - DAG(s) 'example_sensors' retrieved from /Users/vybhavswaroop/Desktop/untitled folder 3/ecommerce_platform/venv/lib/python3.11/site-packages/airflow/example_dags/example_sensors.py
[2026-03-18T07:37:21.565+0530] {logging_mixin.py:188} INFO - [2026-03-18T07:37:21.565+0530] {dag.py:3047} INFO - Sync 1 DAGs
[2026-03-18T07:37:21.567+0530] {logging_mixin.py:188} INFO - [2026-03-18T07:37:21.567+0530] {dag.py:3834} INFO - Setting next_dagrun for example_sensors to None, run_after=None
[2026-03-18T07:37:21.574+0530] {processor.py:183} INFO - Processing /Users/vybhavswaroop/Desktop/untitled folder 3/ecommerce_platform/venv/lib/python3.11/site-packages/airflow/example_dags/example_sensors.py took 0.061 seconds
[2026-03-18T07:40:19.775+0530] {processor.py:161} INFO - Started process (PID=6389) to work on /Users/vybhavswaroop/Desktop/untitled folder 3/ecommerce_platform/venv/lib/python3.11/site-packages/airflow/example_dags/example_sensors.py
[2026-03-18T07:40:19.775+0530] {processor.py:830} INFO - Processing file /Users/vybhavswaroop/Desktop/untitled folder 3/ecommerce_platform/venv/lib/python3.11/site-packages/airflow/example_dags/example_sensors.py for tasks to queue
[2026-03-18T07:40:19.775+0530] {logging_mixin.py:188} INFO - [2026-03-18T07:40:19.775+0530] {dagbag.py:540} INFO - Filling up the DagBag from /Users/vybhavswaroop/Desktop/untitled folder 3/ecommerce_platform/venv/lib/python3.11/site-packages/airflow/example_dags/example_sensors.py
[2026-03-18T07:40:19.781+0530] {processor.py:840} INFO - DAG(s) 'example_sensors' retrieved from /Users/vybhavswaroop/Desktop/untitled folder 3/ecommerce_platform/venv/lib/python3.11/site-packages/airflow/example_dags/example_sensors.py
[2026-03-18T07:40:19.822+0530] {logging_mixin.py:188} INFO - [2026-03-18T07:40:19.822+0530] {dag.py:3047} INFO - Sync 1 DAGs
[2026-03-18T07:40:19.825+0530] {logging_mixin.py:188} INFO - [2026-03-18T07:40:19.825+0530] {dag.py:3834} INFO - Setting next_dagrun for example_sensors to None, run_after=None
[2026-03-18T07:40:19.831+0530] {processor.py:183} INFO - Processing /Users/vybhavswaroop/Desktop/untitled folder 3/ecommerce_platform/venv/lib/python3.11/site-packages/airflow/example_dags/example_sensors.py took 0.057 seconds
[2026-03-18T07:41:57.379+0530] {processor.py:161} INFO - Started process (PID=6766) to work on /Users/vybhavswaroop/Desktop/untitled folder 3/ecommerce_platform/venv/lib/python3.11/site-packages/airflow/example_dags/example_sensors.py
[2026-03-18T07:41:57.381+0530] {processor.py:830} INFO - Processing file /Users/vybhavswaroop/Desktop/untitled folder 3/ecommerce_platform/venv/lib/python3.11/site-packages/airflow/example_dags/example_sensors.py for tasks to queue
[2026-03-18T07:41:57.381+0530] {logging_mixin.py:188} INFO - [2026-03-18T07:41:57.381+0530] {dagbag.py:540} INFO - Filling up the DagBag from /Users/vybhavswaroop/Desktop/untitled folder 3/ecommerce_platform/venv/lib/python3.11/site-packages/airflow/example_dags/example_sensors.py
[2026-03-18T07:41:57.387+0530] {processor.py:840} INFO - DAG(s) 'example_sensors' retrieved from /Users/vybhavswaroop/Desktop/untitled folder 3/ecommerce_platform/venv/lib/python3.11/site-packages/airflow/example_dags/example_sensors.py
[2026-03-18T07:41:57.430+0530] {logging_mixin.py:188} INFO - [2026-03-18T07:41:57.430+0530] {dag.py:3047} INFO - Sync 1 DAGs
[2026-03-18T07:41:57.432+0530] {logging_mixin.py:188} INFO - [2026-03-18T07:41:57.432+0530] {dag.py:3834} INFO - Setting next_dagrun for example_sensors to None, run_after=None
[2026-03-18T07:41:57.439+0530] {processor.py:183} INFO - Processing /Users/vybhavswaroop/Desktop/untitled folder 3/ecommerce_platform/venv/lib/python3.11/site-packages/airflow/example_dags/example_sensors.py took 0.060 seconds
[2026-03-18T07:43:31.953+0530] {processor.py:161} INFO - Started process (PID=7085) to work on /Users/vybhavswaroop/Desktop/untitled folder 3/ecommerce_platform/venv/lib/python3.11/site-packages/airflow/example_dags/example_sensors.py
[2026-03-18T07:43:31.954+0530] {processor.py:830} INFO - Processing file /Users/vybhavswaroop/Desktop/untitled folder 3/ecommerce_platform/venv/lib/python3.11/site-packages/airflow/example_dags/example_sensors.py for tasks to queue
[2026-03-18T07:43:31.954+0530] {logging_mixin.py:188} INFO - [2026-03-18T07:43:31.954+0530] {dagbag.py:540} INFO - Filling up the DagBag from /Users/vybhavswaroop/Desktop/untitled folder 3/ecommerce_platform/venv/lib/python3.11/site-packages/airflow/example_dags/example_sensors.py
[2026-03-18T07:43:31.960+0530] {processor.py:840} INFO - DAG(s) 'example_sensors' retrieved from /Users/vybhavswaroop/Desktop/untitled folder 3/ecommerce_platform/venv/lib/python3.11/site-packages/airflow/example_dags/example_sensors.py
[2026-03-18T07:43:32.002+0530] {logging_mixin.py:188} INFO - [2026-03-18T07:43:32.002+0530] {dag.py:3047} INFO - Sync 1 DAGs
[2026-03-18T07:43:32.005+0530] {logging_mixin.py:188} INFO - [2026-03-18T07:43:32.004+0530] {dag.py:3834} INFO - Setting next_dagrun for example_sensors to None, run_after=None
[2026-03-18T07:43:32.010+0530] {processor.py:183} INFO - Processing /Users/vybhavswaroop/Desktop/untitled folder 3/ecommerce_platform/venv/lib/python3.11/site-packages/airflow/example_dags/example_sensors.py took 0.058 seconds
[2026-03-18T07:45:04.619+0530] {processor.py:161} INFO - Started process (PID=7418) to work on /Users/vybhavswaroop/Desktop/untitled folder 3/ecommerce_platform/venv/lib/python3.11/site-packages/airflow/example_dags/example_sensors.py
[2026-03-18T07:45:04.620+0530] {processor.py:830} INFO - Processing file /Users/vybhavswaroop/Desktop/untitled folder 3/ecommerce_platform/venv/lib/python3.11/site-packages/airflow/example_dags/example_sensors.py for tasks to queue
[2026-03-18T07:45:04.620+0530] {logging_mixin.py:188} INFO - [2026-03-18T07:45:04.620+0530] {dagbag.py:540} INFO - Filling up the DagBag from /Users/vybhavswaroop/Desktop/untitled folder 3/ecommerce_platform/venv/lib/python3.11/site-packages/airflow/example_dags/example_sensors.py
[2026-03-18T07:45:04.625+0530] {processor.py:840} INFO - DAG(s) 'example_sensors' retrieved from /Users/vybhavswaroop/Desktop/untitled folder 3/ecommerce_platform/venv/lib/python3.11/site-packages/airflow/example_dags/example_sensors.py
[2026-03-18T07:45:04.666+0530] {logging_mixin.py:188} INFO - [2026-03-18T07:45:04.666+0530] {dag.py:3047} INFO - Sync 1 DAGs
[2026-03-18T07:45:04.669+0530] {logging_mixin.py:188} INFO - [2026-03-18T07:45:04.669+0530] {dag.py:3834} INFO - Setting next_dagrun for example_sensors to None, run_after=None
[2026-03-18T07:45:04.675+0530] {processor.py:183} INFO - Processing /Users/vybhavswaroop/Desktop/untitled folder 3/ecommerce_platform/venv/lib/python3.11/site-packages/airflow/example_dags/example_sensors.py took 0.056 seconds
[2026-03-18T07:47:49.134+0530] {processor.py:161} INFO - Started process (PID=8010) to work on /Users/vybhavswaroop/Desktop/untitled folder 3/ecommerce_platform/venv/lib/python3.11/site-packages/airflow/example_dags/example_sensors.py
[2026-03-18T07:47:49.135+0530] {processor.py:830} INFO - Processing file /Users/vybhavswaroop/Desktop/untitled folder 3/ecommerce_platform/venv/lib/python3.11/site-packages/airflow/example_dags/example_sensors.py for tasks to queue
[2026-03-18T07:47:49.136+0530] {logging_mixin.py:188} INFO - [2026-03-18T07:47:49.136+0530] {dagbag.py:540} INFO - Filling up the DagBag from /Users/vybhavswaroop/Desktop/untitled folder 3/ecommerce_platform/venv/lib/python3.11/site-packages/airflow/example_dags/example_sensors.py
[2026-03-18T07:47:49.142+0530] {processor.py:840} INFO - DAG(s) 'example_sensors' retrieved from /Users/vybhavswaroop/Desktop/untitled folder 3/ecommerce_platform/venv/lib/python3.11/site-packages/airflow/example_dags/example_sensors.py
[2026-03-18T07:47:49.185+0530] {logging_mixin.py:188} INFO - [2026-03-18T07:47:49.185+0530] {dag.py:3047} INFO - Sync 1 DAGs
[2026-03-18T07:47:49.188+0530] {logging_mixin.py:188} INFO - [2026-03-18T07:47:49.188+0530] {dag.py:3834} INFO - Setting next_dagrun for example_sensors to None, run_after=None
[2026-03-18T07:47:49.194+0530] {processor.py:183} INFO - Processing /Users/vybhavswaroop/Desktop/untitled folder 3/ecommerce_platform/venv/lib/python3.11/site-packages/airflow/example_dags/example_sensors.py took 0.060 seconds
[2026-03-18T07:50:39.177+0530] {processor.py:161} INFO - Started process (PID=8910) to work on /Users/vybhavswaroop/Desktop/untitled folder 3/ecommerce_platform/venv/lib/python3.11/site-packages/airflow/example_dags/example_sensors.py
[2026-03-18T07:50:39.178+0530] {processor.py:830} INFO - Processing file /Users/vybhavswaroop/Desktop/untitled folder 3/ecommerce_platform/venv/lib/python3.11/site-packages/airflow/example_dags/example_sensors.py for tasks to queue
[2026-03-18T07:50:39.178+0530] {logging_mixin.py:188} INFO - [2026-03-18T07:50:39.178+0530] {dagbag.py:540} INFO - Filling up the DagBag from /Users/vybhavswaroop/Desktop/untitled folder 3/ecommerce_platform/venv/lib/python3.11/site-packages/airflow/example_dags/example_sensors.py
[2026-03-18T07:50:39.184+0530] {processor.py:840} INFO - DAG(s) 'example_sensors' retrieved from /Users/vybhavswaroop/Desktop/untitled folder 3/ecommerce_platform/venv/lib/python3.11/site-packages/airflow/example_dags/example_sensors.py
[2026-03-18T07:50:39.227+0530] {logging_mixin.py:188} INFO - [2026-03-18T07:50:39.227+0530] {dag.py:3047} INFO - Sync 1 DAGs
[2026-03-18T07:50:39.230+0530] {logging_mixin.py:188} INFO - [2026-03-18T07:50:39.230+0530] {dag.py:3834} INFO - Setting next_dagrun for example_sensors to None, run_after=None
[2026-03-18T07:50:39.237+0530] {processor.py:183} INFO - Processing /Users/vybhavswaroop/Desktop/untitled folder 3/ecommerce_platform/venv/lib/python3.11/site-packages/airflow/example_dags/example_sensors.py took 0.061 seconds
[2026-03-18T07:53:38.313+0530] {processor.py:161} INFO - Started process (PID=10857) to work on /Users/vybhavswaroop/Desktop/untitled folder 3/ecommerce_platform/venv/lib/python3.11/site-packages/airflow/example_dags/example_sensors.py
[2026-03-18T07:53:38.313+0530] {processor.py:830} INFO - Processing file /Users/vybhavswaroop/Desktop/untitled folder 3/ecommerce_platform/venv/lib/python3.11/site-packages/airflow/example_dags/example_sensors.py for tasks to queue
[2026-03-18T07:53:38.314+0530] {logging_mixin.py:188} INFO - [2026-03-18T07:53:38.314+0530] {dagbag.py:540} INFO - Filling up the DagBag from /Users/vybhavswaroop/Desktop/untitled folder 3/ecommerce_platform/venv/lib/python3.11/site-packages/airflow/example_dags/example_sensors.py
[2026-03-18T07:53:38.318+0530] {processor.py:840} INFO - DAG(s) 'example_sensors' retrieved from /Users/vybhavswaroop/Desktop/untitled folder 3/ecommerce_platform/venv/lib/python3.11/site-packages/airflow/example_dags/example_sensors.py
[2026-03-18T07:53:38.384+0530] {logging_mixin.py:188} INFO - [2026-03-18T07:53:38.384+0530] {dag.py:3047} INFO - Sync 1 DAGs
[2026-03-18T07:53:38.386+0530] {logging_mixin.py:188} INFO - [2026-03-18T07:53:38.386+0530] {dag.py:3834} INFO - Setting next_dagrun for example_sensors to None, run_after=None
[2026-03-18T07:53:38.392+0530] {processor.py:183} INFO - Processing /Users/vybhavswaroop/Desktop/untitled folder 3/ecommerce_platform/venv/lib/python3.11/site-packages/airflow/example_dags/example_sensors.py took 0.080 seconds
[2026-03-18T07:55:42.642+0530] {processor.py:161} INFO - Started process (PID=11220) to work on /Users/vybhavswaroop/Desktop/untitled folder 3/ecommerce_platform/venv/lib/python3.11/site-packages/airflow/example_dags/example_sensors.py
[2026-03-18T07:55:42.643+0530] {processor.py:830} INFO - Processing file /Users/vybhavswaroop/Desktop/untitled folder 3/ecommerce_platform/venv/lib/python3.11/site-packages/airflow/example_dags/example_sensors.py for tasks to queue
[2026-03-18T07:55:42.643+0530] {logging_mixin.py:188} INFO - [2026-03-18T07:55:42.643+0530] {dagbag.py:540} INFO - Filling up the DagBag from /Users/vybhavswaroop/Desktop/untitled folder 3/ecommerce_platform/venv/lib/python3.11/site-packages/airflow/example_dags/example_sensors.py
[2026-03-18T07:55:42.648+0530] {processor.py:840} INFO - DAG(s) 'example_sensors' retrieved from /Users/vybhavswaroop/Desktop/untitled folder 3/ecommerce_platform/venv/lib/python3.11/site-packages/airflow/example_dags/example_sensors.py
[2026-03-18T07:55:42.689+0530] {logging_mixin.py:188} INFO - [2026-03-18T07:55:42.689+0530] {dag.py:3047} INFO - Sync 1 DAGs
[2026-03-18T07:55:42.692+0530] {logging_mixin.py:188} INFO - [2026-03-18T07:55:42.692+0530] {dag.py:3834} INFO - Setting next_dagrun for example_sensors to None, run_after=None
[2026-03-18T07:55:42.697+0530] {processor.py:183} INFO - Processing /Users/vybhavswaroop/Desktop/untitled folder 3/ecommerce_platform/venv/lib/python3.11/site-packages/airflow/example_dags/example_sensors.py took 0.056 seconds
[2026-03-18T07:57:12.364+0530] {processor.py:161} INFO - Started process (PID=11478) to work on /Users/vybhavswaroop/Desktop/untitled folder 3/ecommerce_platform/venv/lib/python3.11/site-packages/airflow/example_dags/example_sensors.py
[2026-03-18T07:57:12.365+0530] {processor.py:830} INFO - Processing file /Users/vybhavswaroop/Desktop/untitled folder 3/ecommerce_platform/venv/lib/python3.11/site-packages/airflow/example_dags/example_sensors.py for tasks to queue
[2026-03-18T07:57:12.365+0530] {logging_mixin.py:188} INFO - [2026-03-18T07:57:12.365+0530] {dagbag.py:540} INFO - Filling up the DagBag from /Users/vybhavswaroop/Desktop/untitled folder 3/ecommerce_platform/venv/lib/python3.11/site-packages/airflow/example_dags/example_sensors.py
[2026-03-18T07:57:12.370+0530] {processor.py:840} INFO - DAG(s) 'example_sensors' retrieved from /Users/vybhavswaroop/Desktop/untitled folder 3/ecommerce_platform/venv/lib/python3.11/site-packages/airflow/example_dags/example_sensors.py
[2026-03-18T07:57:12.412+0530] {logging_mixin.py:188} INFO - [2026-03-18T07:57:12.412+0530] {dag.py:3047} INFO - Sync 1 DAGs
[2026-03-18T07:57:12.415+0530] {logging_mixin.py:188} INFO - [2026-03-18T07:57:12.415+0530] {dag.py:3834} INFO - Setting next_dagrun for example_sensors to None, run_after=None
[2026-03-18T07:57:12.420+0530] {processor.py:183} INFO - Processing /Users/vybhavswaroop/Desktop/untitled folder 3/ecommerce_platform/venv/lib/python3.11/site-packages/airflow/example_dags/example_sensors.py took 0.056 seconds
