[2026-03-18T07:19:26.462+0530] {processor.py:161} INFO - Started process (PID=98822) to work on /Users/vybhavswaroop/Desktop/untitled folder 3/ecommerce_platform/venv/lib/python3.11/site-packages/airflow/example_dags/example_branch_labels.py
[2026-03-18T07:19:26.463+0530] {processor.py:830} INFO - Processing file /Users/vybhavswaroop/Desktop/untitled folder 3/ecommerce_platform/venv/lib/python3.11/site-packages/airflow/example_dags/example_branch_labels.py for tasks to queue
[2026-03-18T07:19:26.463+0530] {logging_mixin.py:188} INFO - [2026-03-18T07:19:26.463+0530] {dagbag.py:540} INFO - Filling up the DagBag from /Users/vybhavswaroop/Desktop/untitled folder 3/ecommerce_platform/venv/lib/python3.11/site-packages/airflow/example_dags/example_branch_labels.py
[2026-03-18T07:19:26.467+0530] {processor.py:840} INFO - DAG(s) 'example_branch_labels' retrieved from /Users/vybhavswaroop/Desktop/untitled folder 3/ecommerce_platform/venv/lib/python3.11/site-packages/airflow/example_dags/example_branch_labels.py
[2026-03-18T07:19:26.505+0530] {logging_mixin.py:188} INFO - [2026-03-18T07:19:26.505+0530] {dag.py:3047} INFO - Sync 1 DAGs
[2026-03-18T07:19:26.511+0530] {logging_mixin.py:188} INFO - [2026-03-18T07:19:26.511+0530] {dag.py:3834} INFO - Setting next_dagrun for example_branch_labels to 2026-03-17 00:00:00+00:00, run_after=2026-03-18 00:00:00+00:00
[2026-03-18T07:19:26.518+0530] {processor.py:183} INFO - Processing /Users/vybhavswaroop/Desktop/untitled folder 3/ecommerce_platform/venv/lib/python3.11/site-packages/airflow/example_dags/example_branch_labels.py took 0.057 seconds
[2026-03-18T07:23:27.861+0530] {processor.py:161} INFO - Started process (PID=3243) to work on /Users/vybhavswaroop/Desktop/untitled folder 3/ecommerce_platform/venv/lib/python3.11/site-packages/airflow/example_dags/example_branch_labels.py
[2026-03-18T07:23:27.862+0530] {processor.py:830} INFO - Processing file /Users/vybhavswaroop/Desktop/untitled folder 3/ecommerce_platform/venv/lib/python3.11/site-packages/airflow/example_dags/example_branch_labels.py for tasks to queue
[2026-03-18T07:23:27.862+0530] {logging_mixin.py:188} INFO - [2026-03-18T07:23:27.862+0530] {dagbag.py:540} INFO - Filling up the DagBag from /Users/vybhavswaroop/Desktop/untitled folder 3/ecommerce_platform/venv/lib/python3.11/site-packages/airflow/example_dags/example_branch_labels.py
[2026-03-18T07:23:27.866+0530] {processor.py:840} INFO - DAG(s) 'example_branch_labels' retrieved from /Users/vybhavswaroop/Desktop/untitled folder 3/ecommerce_platform/venv/lib/python3.11/site-packages/airflow/example_dags/example_branch_labels.py
[2026-03-18T07:23:27.927+0530] {logging_mixin.py:188} INFO - [2026-03-18T07:23:27.926+0530] {dag.py:3047} INFO - Sync 1 DAGs
[2026-03-18T07:23:27.931+0530] {logging_mixin.py:188} INFO - [2026-03-18T07:23:27.931+0530] {dag.py:3834} INFO - Setting next_dagrun for example_branch_labels to 2026-03-17 00:00:00+00:00, run_after=2026-03-18 00:00:00+00:00
[2026-03-18T07:23:27.938+0530] {processor.py:183} INFO - Processing /Users/vybhavswaroop/Desktop/untitled folder 3/ecommerce_platform/venv/lib/python3.11/site-packages/airflow/example_dags/example_branch_labels.py took 0.078 seconds
[2026-03-18T07:26:16.828+0530] {processor.py:161} INFO - Started process (PID=3755) to work on /Users/vybhavswaroop/Desktop/untitled folder 3/ecommerce_platform/venv/lib/python3.11/site-packages/airflow/example_dags/example_branch_labels.py
[2026-03-18T07:26:16.829+0530] {processor.py:830} INFO - Processing file /Users/vybhavswaroop/Desktop/untitled folder 3/ecommerce_platform/venv/lib/python3.11/site-packages/airflow/example_dags/example_branch_labels.py for tasks to queue
[2026-03-18T07:26:16.829+0530] {logging_mixin.py:188} INFO - [2026-03-18T07:26:16.829+0530] {dagbag.py:540} INFO - Filling up the DagBag from /Users/vybhavswaroop/Desktop/untitled folder 3/ecommerce_platform/venv/lib/python3.11/site-packages/airflow/example_dags/example_branch_labels.py
[2026-03-18T07:26:16.832+0530] {processor.py:840} INFO - DAG(s) 'example_branch_labels' retrieved from /Users/vybhavswaroop/Desktop/untitled folder 3/ecommerce_platform/venv/lib/python3.11/site-packages/airflow/example_dags/example_branch_labels.py
[2026-03-18T07:26:16.868+0530] {logging_mixin.py:188} INFO - [2026-03-18T07:26:16.868+0530] {dag.py:3047} INFO - Sync 1 DAGs
[2026-03-18T07:26:16.874+0530] {logging_mixin.py:188} INFO - [2026-03-18T07:26:16.874+0530] {dag.py:3834} INFO - Setting next_dagrun for example_branch_labels to 2026-03-17 00:00:00+00:00, run_after=2026-03-18 00:00:00+00:00
[2026-03-18T07:26:16.880+0530] {processor.py:183} INFO - Processing /Users/vybhavswaroop/Desktop/untitled folder 3/ecommerce_platform/venv/lib/python3.11/site-packages/airflow/example_dags/example_branch_labels.py took 0.052 seconds
[2026-03-18T07:29:00.333+0530] {processor.py:161} INFO - Started process (PID=4241) to work on /Users/vybhavswaroop/Desktop/untitled folder 3/ecommerce_platform/venv/lib/python3.11/site-packages/airflow/example_dags/example_branch_labels.py
[2026-03-18T07:29:00.334+0530] {processor.py:830} INFO - Processing file /Users/vybhavswaroop/Desktop/untitled folder 3/ecommerce_platform/venv/lib/python3.11/site-packages/airflow/example_dags/example_branch_labels.py for tasks to queue
[2026-03-18T07:29:00.334+0530] {logging_mixin.py:188} INFO - [2026-03-18T07:29:00.334+0530] {dagbag.py:540} INFO - Filling up the DagBag from /Users/vybhavswaroop/Desktop/untitled folder 3/ecommerce_platform/venv/lib/python3.11/site-packages/airflow/example_dags/example_branch_labels.py
[2026-03-18T07:29:00.337+0530] {processor.py:840} INFO - DAG(s) 'example_branch_labels' retrieved from /Users/vybhavswaroop/Desktop/untitled folder 3/ecommerce_platform/venv/lib/python3.11/site-packages/airflow/example_dags/example_branch_labels.py
[2026-03-18T07:29:00.373+0530] {logging_mixin.py:188} INFO - [2026-03-18T07:29:00.373+0530] {dag.py:3047} INFO - Sync 1 DAGs
[2026-03-18T07:29:00.379+0530] {logging_mixin.py:188} INFO - [2026-03-18T07:29:00.379+0530] {dag.py:3834} INFO - Setting next_dagrun for example_branch_labels to 2026-03-17 00:00:00+00:00, run_after=2026-03-18 00:00:00+00:00
[2026-03-18T07:29:00.385+0530] {processor.py:183} INFO - Processing /Users/vybhavswaroop/Desktop/untitled folder 3/ecommerce_platform/venv/lib/python3.11/site-packages/airflow/example_dags/example_branch_labels.py took 0.053 seconds
[2026-03-18T07:31:45.825+0530] {processor.py:161} INFO - Started process (PID=4733) to work on /Users/vybhavswaroop/Desktop/untitled folder 3/ecommerce_platform/venv/lib/python3.11/site-packages/airflow/example_dags/example_branch_labels.py
[2026-03-18T07:31:45.826+0530] {processor.py:830} INFO - Processing file /Users/vybhavswaroop/Desktop/untitled folder 3/ecommerce_platform/venv/lib/python3.11/site-packages/airflow/example_dags/example_branch_labels.py for tasks to queue
[2026-03-18T07:31:45.826+0530] {logging_mixin.py:188} INFO - [2026-03-18T07:31:45.826+0530] {dagbag.py:540} INFO - Filling up the DagBag from /Users/vybhavswaroop/Desktop/untitled folder 3/ecommerce_platform/venv/lib/python3.11/site-packages/airflow/example_dags/example_branch_labels.py
[2026-03-18T07:31:45.829+0530] {processor.py:840} INFO - DAG(s) 'example_branch_labels' retrieved from /Users/vybhavswaroop/Desktop/untitled folder 3/ecommerce_platform/venv/lib/python3.11/site-packages/airflow/example_dags/example_branch_labels.py
[2026-03-18T07:31:45.865+0530] {logging_mixin.py:188} INFO - [2026-03-18T07:31:45.865+0530] {dag.py:3047} INFO - Sync 1 DAGs
[2026-03-18T07:31:45.871+0530] {logging_mixin.py:188} INFO - [2026-03-18T07:31:45.870+0530] {dag.py:3834} INFO - Setting next_dagrun for example_branch_labels to 2026-03-17 00:00:00+00:00, run_after=2026-03-18 00:00:00+00:00
[2026-03-18T07:31:45.877+0530] {processor.py:183} INFO - Processing /Users/vybhavswaroop/Desktop/untitled folder 3/ecommerce_platform/venv/lib/python3.11/site-packages/airflow/example_dags/example_branch_labels.py took 0.052 seconds
[2026-03-18T07:34:39.392+0530] {processor.py:161} INFO - Started process (PID=5275) to work on /Users/vybhavswaroop/Desktop/untitled folder 3/ecommerce_platform/venv/lib/python3.11/site-packages/airflow/example_dags/example_branch_labels.py
[2026-03-18T07:34:39.393+0530] {processor.py:830} INFO - Processing file /Users/vybhavswaroop/Desktop/untitled folder 3/ecommerce_platform/venv/lib/python3.11/site-packages/airflow/example_dags/example_branch_labels.py for tasks to queue
[2026-03-18T07:34:39.393+0530] {logging_mixin.py:188} INFO - [2026-03-18T07:34:39.393+0530] {dagbag.py:540} INFO - Filling up the DagBag from /Users/vybhavswaroop/Desktop/untitled folder 3/ecommerce_platform/venv/lib/python3.11/site-packages/airflow/example_dags/example_branch_labels.py
[2026-03-18T07:34:39.396+0530] {processor.py:840} INFO - DAG(s) 'example_branch_labels' retrieved from /Users/vybhavswaroop/Desktop/untitled folder 3/ecommerce_platform/venv/lib/python3.11/site-packages/airflow/example_dags/example_branch_labels.py
[2026-03-18T07:34:39.433+0530] {logging_mixin.py:188} INFO - [2026-03-18T07:34:39.433+0530] {dag.py:3047} INFO - Sync 1 DAGs
[2026-03-18T07:34:39.440+0530] {logging_mixin.py:188} INFO - [2026-03-18T07:34:39.440+0530] {dag.py:3834} INFO - Setting next_dagrun for example_branch_labels to 2026-03-17 00:00:00+00:00, run_after=2026-03-18 00:00:00+00:00
[2026-03-18T07:34:39.447+0530] {processor.py:183} INFO - Processing /Users/vybhavswaroop/Desktop/untitled folder 3/ecommerce_platform/venv/lib/python3.11/site-packages/airflow/example_dags/example_branch_labels.py took 0.056 seconds
[2026-03-18T07:37:42.335+0530] {processor.py:161} INFO - Started process (PID=5832) to work on /Users/vybhavswaroop/Desktop/untitled folder 3/ecommerce_platform/venv/lib/python3.11/site-packages/airflow/example_dags/example_branch_labels.py
[2026-03-18T07:37:42.336+0530] {processor.py:830} INFO - Processing file /Users/vybhavswaroop/Desktop/untitled folder 3/ecommerce_platform/venv/lib/python3.11/site-packages/airflow/example_dags/example_branch_labels.py for tasks to queue
[2026-03-18T07:37:42.337+0530] {logging_mixin.py:188} INFO - [2026-03-18T07:37:42.337+0530] {dagbag.py:540} INFO - Filling up the DagBag from /Users/vybhavswaroop/Desktop/untitled folder 3/ecommerce_platform/venv/lib/python3.11/site-packages/airflow/example_dags/example_branch_labels.py
[2026-03-18T07:37:42.340+0530] {processor.py:840} INFO - DAG(s) 'example_branch_labels' retrieved from /Users/vybhavswaroop/Desktop/untitled folder 3/ecommerce_platform/venv/lib/python3.11/site-packages/airflow/example_dags/example_branch_labels.py
[2026-03-18T07:37:42.375+0530] {logging_mixin.py:188} INFO - [2026-03-18T07:37:42.375+0530] {dag.py:3047} INFO - Sync 1 DAGs
[2026-03-18T07:37:42.382+0530] {logging_mixin.py:188} INFO - [2026-03-18T07:37:42.382+0530] {dag.py:3834} INFO - Setting next_dagrun for example_branch_labels to 2026-03-17 00:00:00+00:00, run_after=2026-03-18 00:00:00+00:00
[2026-03-18T07:37:42.389+0530] {processor.py:183} INFO - Processing /Users/vybhavswaroop/Desktop/untitled folder 3/ecommerce_platform/venv/lib/python3.11/site-packages/airflow/example_dags/example_branch_labels.py took 0.055 seconds
[2026-03-18T07:40:43.597+0530] {processor.py:161} INFO - Started process (PID=6492) to work on /Users/vybhavswaroop/Desktop/untitled folder 3/ecommerce_platform/venv/lib/python3.11/site-packages/airflow/example_dags/example_branch_labels.py
[2026-03-18T07:40:43.598+0530] {processor.py:830} INFO - Processing file /Users/vybhavswaroop/Desktop/untitled folder 3/ecommerce_platform/venv/lib/python3.11/site-packages/airflow/example_dags/example_branch_labels.py for tasks to queue
[2026-03-18T07:40:43.599+0530] {logging_mixin.py:188} INFO - [2026-03-18T07:40:43.599+0530] {dagbag.py:540} INFO - Filling up the DagBag from /Users/vybhavswaroop/Desktop/untitled folder 3/ecommerce_platform/venv/lib/python3.11/site-packages/airflow/example_dags/example_branch_labels.py
[2026-03-18T07:40:43.602+0530] {processor.py:840} INFO - DAG(s) 'example_branch_labels' retrieved from /Users/vybhavswaroop/Desktop/untitled folder 3/ecommerce_platform/venv/lib/python3.11/site-packages/airflow/example_dags/example_branch_labels.py
[2026-03-18T07:40:43.637+0530] {logging_mixin.py:188} INFO - [2026-03-18T07:40:43.637+0530] {dag.py:3047} INFO - Sync 1 DAGs
[2026-03-18T07:40:43.643+0530] {logging_mixin.py:188} INFO - [2026-03-18T07:40:43.643+0530] {dag.py:3834} INFO - Setting next_dagrun for example_branch_labels to 2026-03-17 00:00:00+00:00, run_after=2026-03-18 00:00:00+00:00
[2026-03-18T07:40:43.649+0530] {processor.py:183} INFO - Processing /Users/vybhavswaroop/Desktop/untitled folder 3/ecommerce_platform/venv/lib/python3.11/site-packages/airflow/example_dags/example_branch_labels.py took 0.052 seconds
[2026-03-18T07:43:56.517+0530] {processor.py:161} INFO - Started process (PID=7176) to work on /Users/vybhavswaroop/Desktop/untitled folder 3/ecommerce_platform/venv/lib/python3.11/site-packages/airflow/example_dags/example_branch_labels.py
[2026-03-18T07:43:56.519+0530] {processor.py:830} INFO - Processing file /Users/vybhavswaroop/Desktop/untitled folder 3/ecommerce_platform/venv/lib/python3.11/site-packages/airflow/example_dags/example_branch_labels.py for tasks to queue
[2026-03-18T07:43:56.519+0530] {logging_mixin.py:188} INFO - [2026-03-18T07:43:56.519+0530] {dagbag.py:540} INFO - Filling up the DagBag from /Users/vybhavswaroop/Desktop/untitled folder 3/ecommerce_platform/venv/lib/python3.11/site-packages/airflow/example_dags/example_branch_labels.py
[2026-03-18T07:43:56.523+0530] {processor.py:840} INFO - DAG(s) 'example_branch_labels' retrieved from /Users/vybhavswaroop/Desktop/untitled folder 3/ecommerce_platform/venv/lib/python3.11/site-packages/airflow/example_dags/example_branch_labels.py
[2026-03-18T07:43:56.558+0530] {logging_mixin.py:188} INFO - [2026-03-18T07:43:56.558+0530] {dag.py:3047} INFO - Sync 1 DAGs
[2026-03-18T07:43:56.564+0530] {logging_mixin.py:188} INFO - [2026-03-18T07:43:56.564+0530] {dag.py:3834} INFO - Setting next_dagrun for example_branch_labels to 2026-03-17 00:00:00+00:00, run_after=2026-03-18 00:00:00+00:00
[2026-03-18T07:43:56.570+0530] {processor.py:183} INFO - Processing /Users/vybhavswaroop/Desktop/untitled folder 3/ecommerce_platform/venv/lib/python3.11/site-packages/airflow/example_dags/example_branch_labels.py took 0.053 seconds
[2026-03-18T07:46:44.509+0530] {processor.py:161} INFO - Started process (PID=7744) to work on /Users/vybhavswaroop/Desktop/untitled folder 3/ecommerce_platform/venv/lib/python3.11/site-packages/airflow/example_dags/example_branch_labels.py
[2026-03-18T07:46:44.510+0530] {processor.py:830} INFO - Processing file /Users/vybhavswaroop/Desktop/untitled folder 3/ecommerce_platform/venv/lib/python3.11/site-packages/airflow/example_dags/example_branch_labels.py for tasks to queue
[2026-03-18T07:46:44.510+0530] {logging_mixin.py:188} INFO - [2026-03-18T07:46:44.510+0530] {dagbag.py:540} INFO - Filling up the DagBag from /Users/vybhavswaroop/Desktop/untitled folder 3/ecommerce_platform/venv/lib/python3.11/site-packages/airflow/example_dags/example_branch_labels.py
[2026-03-18T07:46:44.513+0530] {processor.py:840} INFO - DAG(s) 'example_branch_labels' retrieved from /Users/vybhavswaroop/Desktop/untitled folder 3/ecommerce_platform/venv/lib/python3.11/site-packages/airflow/example_dags/example_branch_labels.py
[2026-03-18T07:46:44.549+0530] {logging_mixin.py:188} INFO - [2026-03-18T07:46:44.548+0530] {dag.py:3047} INFO - Sync 1 DAGs
[2026-03-18T07:46:44.554+0530] {logging_mixin.py:188} INFO - [2026-03-18T07:46:44.554+0530] {dag.py:3834} INFO - Setting next_dagrun for example_branch_labels to 2026-03-17 00:00:00+00:00, run_after=2026-03-18 00:00:00+00:00
[2026-03-18T07:46:44.559+0530] {processor.py:183} INFO - Processing /Users/vybhavswaroop/Desktop/untitled folder 3/ecommerce_platform/venv/lib/python3.11/site-packages/airflow/example_dags/example_branch_labels.py took 0.051 seconds
[2026-03-18T07:49:32.322+0530] {processor.py:161} INFO - Started process (PID=8693) to work on /Users/vybhavswaroop/Desktop/untitled folder 3/ecommerce_platform/venv/lib/python3.11/site-packages/airflow/example_dags/example_branch_labels.py
[2026-03-18T07:49:32.324+0530] {processor.py:830} INFO - Processing file /Users/vybhavswaroop/Desktop/untitled folder 3/ecommerce_platform/venv/lib/python3.11/site-packages/airflow/example_dags/example_branch_labels.py for tasks to queue
[2026-03-18T07:49:32.324+0530] {logging_mixin.py:188} INFO - [2026-03-18T07:49:32.324+0530] {dagbag.py:540} INFO - Filling up the DagBag from /Users/vybhavswaroop/Desktop/untitled folder 3/ecommerce_platform/venv/lib/python3.11/site-packages/airflow/example_dags/example_branch_labels.py
[2026-03-18T07:49:32.327+0530] {processor.py:840} INFO - DAG(s) 'example_branch_labels' retrieved from /Users/vybhavswaroop/Desktop/untitled folder 3/ecommerce_platform/venv/lib/python3.11/site-packages/airflow/example_dags/example_branch_labels.py
[2026-03-18T07:49:32.362+0530] {logging_mixin.py:188} INFO - [2026-03-18T07:49:32.362+0530] {dag.py:3047} INFO - Sync 1 DAGs
[2026-03-18T07:49:32.368+0530] {logging_mixin.py:188} INFO - [2026-03-18T07:49:32.368+0530] {dag.py:3834} INFO - Setting next_dagrun for example_branch_labels to 2026-03-17 00:00:00+00:00, run_after=2026-03-18 00:00:00+00:00
[2026-03-18T07:49:32.373+0530] {processor.py:183} INFO - Processing /Users/vybhavswaroop/Desktop/untitled folder 3/ecommerce_platform/venv/lib/python3.11/site-packages/airflow/example_dags/example_branch_labels.py took 0.051 seconds
[2026-03-18T07:52:24.378+0530] {processor.py:161} INFO - Started process (PID=10123) to work on /Users/vybhavswaroop/Desktop/untitled folder 3/ecommerce_platform/venv/lib/python3.11/site-packages/airflow/example_dags/example_branch_labels.py
[2026-03-18T07:52:24.378+0530] {processor.py:830} INFO - Processing file /Users/vybhavswaroop/Desktop/untitled folder 3/ecommerce_platform/venv/lib/python3.11/site-packages/airflow/example_dags/example_branch_labels.py for tasks to queue
[2026-03-18T07:52:24.379+0530] {logging_mixin.py:188} INFO - [2026-03-18T07:52:24.378+0530] {dagbag.py:540} INFO - Filling up the DagBag from /Users/vybhavswaroop/Desktop/untitled folder 3/ecommerce_platform/venv/lib/python3.11/site-packages/airflow/example_dags/example_branch_labels.py
[2026-03-18T07:52:24.382+0530] {processor.py:840} INFO - DAG(s) 'example_branch_labels' retrieved from /Users/vybhavswaroop/Desktop/untitled folder 3/ecommerce_platform/venv/lib/python3.11/site-packages/airflow/example_dags/example_branch_labels.py
[2026-03-18T07:52:24.418+0530] {logging_mixin.py:188} INFO - [2026-03-18T07:52:24.418+0530] {dag.py:3047} INFO - Sync 1 DAGs
[2026-03-18T07:52:24.424+0530] {logging_mixin.py:188} INFO - [2026-03-18T07:52:24.424+0530] {dag.py:3834} INFO - Setting next_dagrun for example_branch_labels to 2026-03-17 00:00:00+00:00, run_after=2026-03-18 00:00:00+00:00
[2026-03-18T07:52:24.430+0530] {processor.py:183} INFO - Processing /Users/vybhavswaroop/Desktop/untitled folder 3/ecommerce_platform/venv/lib/python3.11/site-packages/airflow/example_dags/example_branch_labels.py took 0.053 seconds
[2026-03-18T07:54:32.515+0530] {processor.py:161} INFO - Started process (PID=11015) to work on /Users/vybhavswaroop/Desktop/untitled folder 3/ecommerce_platform/venv/lib/python3.11/site-packages/airflow/example_dags/example_branch_labels.py
[2026-03-18T07:54:32.516+0530] {processor.py:830} INFO - Processing file /Users/vybhavswaroop/Desktop/untitled folder 3/ecommerce_platform/venv/lib/python3.11/site-packages/airflow/example_dags/example_branch_labels.py for tasks to queue
[2026-03-18T07:54:32.516+0530] {logging_mixin.py:188} INFO - [2026-03-18T07:54:32.516+0530] {dagbag.py:540} INFO - Filling up the DagBag from /Users/vybhavswaroop/Desktop/untitled folder 3/ecommerce_platform/venv/lib/python3.11/site-packages/airflow/example_dags/example_branch_labels.py
[2026-03-18T07:54:32.519+0530] {processor.py:840} INFO - DAG(s) 'example_branch_labels' retrieved from /Users/vybhavswaroop/Desktop/untitled folder 3/ecommerce_platform/venv/lib/python3.11/site-packages/airflow/example_dags/example_branch_labels.py
[2026-03-18T07:54:32.580+0530] {logging_mixin.py:188} INFO - [2026-03-18T07:54:32.580+0530] {dag.py:3047} INFO - Sync 1 DAGs
[2026-03-18T07:54:32.585+0530] {logging_mixin.py:188} INFO - [2026-03-18T07:54:32.585+0530] {dag.py:3834} INFO - Setting next_dagrun for example_branch_labels to 2026-03-17 00:00:00+00:00, run_after=2026-03-18 00:00:00+00:00
[2026-03-18T07:54:32.591+0530] {processor.py:183} INFO - Processing /Users/vybhavswaroop/Desktop/untitled folder 3/ecommerce_platform/venv/lib/python3.11/site-packages/airflow/example_dags/example_branch_labels.py took 0.076 seconds
[2026-03-18T07:57:32.994+0530] {processor.py:161} INFO - Started process (PID=11538) to work on /Users/vybhavswaroop/Desktop/untitled folder 3/ecommerce_platform/venv/lib/python3.11/site-packages/airflow/example_dags/example_branch_labels.py
[2026-03-18T07:57:32.995+0530] {processor.py:830} INFO - Processing file /Users/vybhavswaroop/Desktop/untitled folder 3/ecommerce_platform/venv/lib/python3.11/site-packages/airflow/example_dags/example_branch_labels.py for tasks to queue
[2026-03-18T07:57:32.995+0530] {logging_mixin.py:188} INFO - [2026-03-18T07:57:32.995+0530] {dagbag.py:540} INFO - Filling up the DagBag from /Users/vybhavswaroop/Desktop/untitled folder 3/ecommerce_platform/venv/lib/python3.11/site-packages/airflow/example_dags/example_branch_labels.py
[2026-03-18T07:57:32.999+0530] {processor.py:840} INFO - DAG(s) 'example_branch_labels' retrieved from /Users/vybhavswaroop/Desktop/untitled folder 3/ecommerce_platform/venv/lib/python3.11/site-packages/airflow/example_dags/example_branch_labels.py
[2026-03-18T07:57:33.035+0530] {logging_mixin.py:188} INFO - [2026-03-18T07:57:33.035+0530] {dag.py:3047} INFO - Sync 1 DAGs
[2026-03-18T07:57:33.041+0530] {logging_mixin.py:188} INFO - [2026-03-18T07:57:33.041+0530] {dag.py:3834} INFO - Setting next_dagrun for example_branch_labels to 2026-03-17 00:00:00+00:00, run_after=2026-03-18 00:00:00+00:00
[2026-03-18T07:57:33.047+0530] {processor.py:183} INFO - Processing /Users/vybhavswaroop/Desktop/untitled folder 3/ecommerce_platform/venv/lib/python3.11/site-packages/airflow/example_dags/example_branch_labels.py took 0.053 seconds
