[2026-03-18T07:18:41.833+0530] {processor.py:161} INFO - Started process (PID=98063) to work on /Users/vybhavswaroop/Desktop/untitled folder 3/ecommerce_platform/venv/lib/python3.11/site-packages/airflow/example_dags/example_params_ui_tutorial.py
[2026-03-18T07:18:41.834+0530] {processor.py:830} INFO - Processing file /Users/vybhavswaroop/Desktop/untitled folder 3/ecommerce_platform/venv/lib/python3.11/site-packages/airflow/example_dags/example_params_ui_tutorial.py for tasks to queue
[2026-03-18T07:18:41.834+0530] {logging_mixin.py:188} INFO - [2026-03-18T07:18:41.834+0530] {dagbag.py:540} INFO - Filling up the DagBag from /Users/vybhavswaroop/Desktop/untitled folder 3/ecommerce_platform/venv/lib/python3.11/site-packages/airflow/example_dags/example_params_ui_tutorial.py
[2026-03-18T07:18:41.850+0530] {processor.py:840} INFO - DAG(s) 'example_params_ui_tutorial' retrieved from /Users/vybhavswaroop/Desktop/untitled folder 3/ecommerce_platform/venv/lib/python3.11/site-packages/airflow/example_dags/example_params_ui_tutorial.py
[2026-03-18T07:18:41.896+0530] {logging_mixin.py:188} INFO - [2026-03-18T07:18:41.896+0530] {dag.py:3047} INFO - Sync 1 DAGs
[2026-03-18T07:18:41.899+0530] {logging_mixin.py:188} INFO - [2026-03-18T07:18:41.899+0530] {dag.py:3834} INFO - Setting next_dagrun for example_params_ui_tutorial to None, run_after=None
[2026-03-18T07:18:41.908+0530] {processor.py:183} INFO - Processing /Users/vybhavswaroop/Desktop/untitled folder 3/ecommerce_platform/venv/lib/python3.11/site-packages/airflow/example_dags/example_params_ui_tutorial.py took 0.075 seconds
[2026-03-18T07:22:46.896+0530] {processor.py:161} INFO - Started process (PID=3119) to work on /Users/vybhavswaroop/Desktop/untitled folder 3/ecommerce_platform/venv/lib/python3.11/site-packages/airflow/example_dags/example_params_ui_tutorial.py
[2026-03-18T07:22:46.897+0530] {processor.py:830} INFO - Processing file /Users/vybhavswaroop/Desktop/untitled folder 3/ecommerce_platform/venv/lib/python3.11/site-packages/airflow/example_dags/example_params_ui_tutorial.py for tasks to queue
[2026-03-18T07:22:46.897+0530] {logging_mixin.py:188} INFO - [2026-03-18T07:22:46.897+0530] {dagbag.py:540} INFO - Filling up the DagBag from /Users/vybhavswaroop/Desktop/untitled folder 3/ecommerce_platform/venv/lib/python3.11/site-packages/airflow/example_dags/example_params_ui_tutorial.py
[2026-03-18T07:22:46.911+0530] {processor.py:840} INFO - DAG(s) 'example_params_ui_tutorial' retrieved from /Users/vybhavswaroop/Desktop/untitled folder 3/ecommerce_platform/venv/lib/python3.11/site-packages/airflow/example_dags/example_params_ui_tutorial.py
[2026-03-18T07:22:46.978+0530] {logging_mixin.py:188} INFO - [2026-03-18T07:22:46.978+0530] {dag.py:3047} INFO - Sync 1 DAGs
[2026-03-18T07:22:46.981+0530] {logging_mixin.py:188} INFO - [2026-03-18T07:22:46.981+0530] {dag.py:3834} INFO - Setting next_dagrun for example_params_ui_tutorial to None, run_after=None
[2026-03-18T07:22:46.989+0530] {processor.py:183} INFO - Processing /Users/vybhavswaroop/Desktop/untitled folder 3/ecommerce_platform/venv/lib/python3.11/site-packages/airflow/example_dags/example_params_ui_tutorial.py took 0.093 seconds
[2026-03-18T07:24:43.144+0530] {processor.py:161} INFO - Started process (PID=3477) to work on /Users/vybhavswaroop/Desktop/untitled folder 3/ecommerce_platform/venv/lib/python3.11/site-packages/airflow/example_dags/example_params_ui_tutorial.py
[2026-03-18T07:24:43.145+0530] {processor.py:830} INFO - Processing file /Users/vybhavswaroop/Desktop/untitled folder 3/ecommerce_platform/venv/lib/python3.11/site-packages/airflow/example_dags/example_params_ui_tutorial.py for tasks to queue
[2026-03-18T07:24:43.146+0530] {logging_mixin.py:188} INFO - [2026-03-18T07:24:43.146+0530] {dagbag.py:540} INFO - Filling up the DagBag from /Users/vybhavswaroop/Desktop/untitled folder 3/ecommerce_platform/venv/lib/python3.11/site-packages/airflow/example_dags/example_params_ui_tutorial.py
[2026-03-18T07:24:43.159+0530] {processor.py:840} INFO - DAG(s) 'example_params_ui_tutorial' retrieved from /Users/vybhavswaroop/Desktop/untitled folder 3/ecommerce_platform/venv/lib/python3.11/site-packages/airflow/example_dags/example_params_ui_tutorial.py
[2026-03-18T07:24:43.202+0530] {logging_mixin.py:188} INFO - [2026-03-18T07:24:43.202+0530] {dag.py:3047} INFO - Sync 1 DAGs
[2026-03-18T07:24:43.205+0530] {logging_mixin.py:188} INFO - [2026-03-18T07:24:43.205+0530] {dag.py:3834} INFO - Setting next_dagrun for example_params_ui_tutorial to None, run_after=None
[2026-03-18T07:24:43.211+0530] {processor.py:183} INFO - Processing /Users/vybhavswaroop/Desktop/untitled folder 3/ecommerce_platform/venv/lib/python3.11/site-packages/airflow/example_dags/example_params_ui_tutorial.py took 0.068 seconds
[2026-03-18T07:27:31.856+0530] {processor.py:161} INFO - Started process (PID=3973) to work on /Users/vybhavswaroop/Desktop/untitled folder 3/ecommerce_platform/venv/lib/python3.11/site-packages/airflow/example_dags/example_params_ui_tutorial.py
[2026-03-18T07:27:31.857+0530] {processor.py:830} INFO - Processing file /Users/vybhavswaroop/Desktop/untitled folder 3/ecommerce_platform/venv/lib/python3.11/site-packages/airflow/example_dags/example_params_ui_tutorial.py for tasks to queue
[2026-03-18T07:27:31.857+0530] {logging_mixin.py:188} INFO - [2026-03-18T07:27:31.857+0530] {dagbag.py:540} INFO - Filling up the DagBag from /Users/vybhavswaroop/Desktop/untitled folder 3/ecommerce_platform/venv/lib/python3.11/site-packages/airflow/example_dags/example_params_ui_tutorial.py
[2026-03-18T07:27:31.870+0530] {processor.py:840} INFO - DAG(s) 'example_params_ui_tutorial' retrieved from /Users/vybhavswaroop/Desktop/untitled folder 3/ecommerce_platform/venv/lib/python3.11/site-packages/airflow/example_dags/example_params_ui_tutorial.py
[2026-03-18T07:27:31.912+0530] {logging_mixin.py:188} INFO - [2026-03-18T07:27:31.912+0530] {dag.py:3047} INFO - Sync 1 DAGs
[2026-03-18T07:27:31.915+0530] {logging_mixin.py:188} INFO - [2026-03-18T07:27:31.915+0530] {dag.py:3834} INFO - Setting next_dagrun for example_params_ui_tutorial to None, run_after=None
[2026-03-18T07:27:31.921+0530] {processor.py:183} INFO - Processing /Users/vybhavswaroop/Desktop/untitled folder 3/ecommerce_platform/venv/lib/python3.11/site-packages/airflow/example_dags/example_params_ui_tutorial.py took 0.066 seconds
[2026-03-18T07:30:14.682+0530] {processor.py:161} INFO - Started process (PID=4459) to work on /Users/vybhavswaroop/Desktop/untitled folder 3/ecommerce_platform/venv/lib/python3.11/site-packages/airflow/example_dags/example_params_ui_tutorial.py
[2026-03-18T07:30:14.683+0530] {processor.py:830} INFO - Processing file /Users/vybhavswaroop/Desktop/untitled folder 3/ecommerce_platform/venv/lib/python3.11/site-packages/airflow/example_dags/example_params_ui_tutorial.py for tasks to queue
[2026-03-18T07:30:14.683+0530] {logging_mixin.py:188} INFO - [2026-03-18T07:30:14.683+0530] {dagbag.py:540} INFO - Filling up the DagBag from /Users/vybhavswaroop/Desktop/untitled folder 3/ecommerce_platform/venv/lib/python3.11/site-packages/airflow/example_dags/example_params_ui_tutorial.py
[2026-03-18T07:30:14.696+0530] {processor.py:840} INFO - DAG(s) 'example_params_ui_tutorial' retrieved from /Users/vybhavswaroop/Desktop/untitled folder 3/ecommerce_platform/venv/lib/python3.11/site-packages/airflow/example_dags/example_params_ui_tutorial.py
[2026-03-18T07:30:14.738+0530] {logging_mixin.py:188} INFO - [2026-03-18T07:30:14.738+0530] {dag.py:3047} INFO - Sync 1 DAGs
[2026-03-18T07:30:14.741+0530] {logging_mixin.py:188} INFO - [2026-03-18T07:30:14.741+0530] {dag.py:3834} INFO - Setting next_dagrun for example_params_ui_tutorial to None, run_after=None
[2026-03-18T07:30:14.747+0530] {processor.py:183} INFO - Processing /Users/vybhavswaroop/Desktop/untitled folder 3/ecommerce_platform/venv/lib/python3.11/site-packages/airflow/example_dags/example_params_ui_tutorial.py took 0.065 seconds
[2026-03-18T07:33:01.333+0530] {processor.py:161} INFO - Started process (PID=4949) to work on /Users/vybhavswaroop/Desktop/untitled folder 3/ecommerce_platform/venv/lib/python3.11/site-packages/airflow/example_dags/example_params_ui_tutorial.py
[2026-03-18T07:33:01.333+0530] {processor.py:830} INFO - Processing file /Users/vybhavswaroop/Desktop/untitled folder 3/ecommerce_platform/venv/lib/python3.11/site-packages/airflow/example_dags/example_params_ui_tutorial.py for tasks to queue
[2026-03-18T07:33:01.334+0530] {logging_mixin.py:188} INFO - [2026-03-18T07:33:01.334+0530] {dagbag.py:540} INFO - Filling up the DagBag from /Users/vybhavswaroop/Desktop/untitled folder 3/ecommerce_platform/venv/lib/python3.11/site-packages/airflow/example_dags/example_params_ui_tutorial.py
[2026-03-18T07:33:01.347+0530] {processor.py:840} INFO - DAG(s) 'example_params_ui_tutorial' retrieved from /Users/vybhavswaroop/Desktop/untitled folder 3/ecommerce_platform/venv/lib/python3.11/site-packages/airflow/example_dags/example_params_ui_tutorial.py
[2026-03-18T07:33:01.389+0530] {logging_mixin.py:188} INFO - [2026-03-18T07:33:01.389+0530] {dag.py:3047} INFO - Sync 1 DAGs
[2026-03-18T07:33:01.392+0530] {logging_mixin.py:188} INFO - [2026-03-18T07:33:01.392+0530] {dag.py:3834} INFO - Setting next_dagrun for example_params_ui_tutorial to None, run_after=None
[2026-03-18T07:33:01.398+0530] {processor.py:183} INFO - Processing /Users/vybhavswaroop/Desktop/untitled folder 3/ecommerce_platform/venv/lib/python3.11/site-packages/airflow/example_dags/example_params_ui_tutorial.py took 0.066 seconds
[2026-03-18T07:36:03.148+0530] {processor.py:161} INFO - Started process (PID=5534) to work on /Users/vybhavswaroop/Desktop/untitled folder 3/ecommerce_platform/venv/lib/python3.11/site-packages/airflow/example_dags/example_params_ui_tutorial.py
[2026-03-18T07:36:03.150+0530] {processor.py:830} INFO - Processing file /Users/vybhavswaroop/Desktop/untitled folder 3/ecommerce_platform/venv/lib/python3.11/site-packages/airflow/example_dags/example_params_ui_tutorial.py for tasks to queue
[2026-03-18T07:36:03.150+0530] {logging_mixin.py:188} INFO - [2026-03-18T07:36:03.150+0530] {dagbag.py:540} INFO - Filling up the DagBag from /Users/vybhavswaroop/Desktop/untitled folder 3/ecommerce_platform/venv/lib/python3.11/site-packages/airflow/example_dags/example_params_ui_tutorial.py
[2026-03-18T07:36:03.164+0530] {processor.py:840} INFO - DAG(s) 'example_params_ui_tutorial' retrieved from /Users/vybhavswaroop/Desktop/untitled folder 3/ecommerce_platform/venv/lib/python3.11/site-packages/airflow/example_dags/example_params_ui_tutorial.py
[2026-03-18T07:36:03.206+0530] {logging_mixin.py:188} INFO - [2026-03-18T07:36:03.206+0530] {dag.py:3047} INFO - Sync 1 DAGs
[2026-03-18T07:36:03.209+0530] {logging_mixin.py:188} INFO - [2026-03-18T07:36:03.209+0530] {dag.py:3834} INFO - Setting next_dagrun for example_params_ui_tutorial to None, run_after=None
[2026-03-18T07:36:03.215+0530] {processor.py:183} INFO - Processing /Users/vybhavswaroop/Desktop/untitled folder 3/ecommerce_platform/venv/lib/python3.11/site-packages/airflow/example_dags/example_params_ui_tutorial.py took 0.067 seconds
[2026-03-18T07:39:01.651+0530] {processor.py:161} INFO - Started process (PID=6107) to work on /Users/vybhavswaroop/Desktop/untitled folder 3/ecommerce_platform/venv/lib/python3.11/site-packages/airflow/example_dags/example_params_ui_tutorial.py
[2026-03-18T07:39:01.652+0530] {processor.py:830} INFO - Processing file /Users/vybhavswaroop/Desktop/untitled folder 3/ecommerce_platform/venv/lib/python3.11/site-packages/airflow/example_dags/example_params_ui_tutorial.py for tasks to queue
[2026-03-18T07:39:01.652+0530] {logging_mixin.py:188} INFO - [2026-03-18T07:39:01.652+0530] {dagbag.py:540} INFO - Filling up the DagBag from /Users/vybhavswaroop/Desktop/untitled folder 3/ecommerce_platform/venv/lib/python3.11/site-packages/airflow/example_dags/example_params_ui_tutorial.py
[2026-03-18T07:39:01.666+0530] {processor.py:840} INFO - DAG(s) 'example_params_ui_tutorial' retrieved from /Users/vybhavswaroop/Desktop/untitled folder 3/ecommerce_platform/venv/lib/python3.11/site-packages/airflow/example_dags/example_params_ui_tutorial.py
[2026-03-18T07:39:01.708+0530] {logging_mixin.py:188} INFO - [2026-03-18T07:39:01.708+0530] {dag.py:3047} INFO - Sync 1 DAGs
[2026-03-18T07:39:01.711+0530] {logging_mixin.py:188} INFO - [2026-03-18T07:39:01.711+0530] {dag.py:3834} INFO - Setting next_dagrun for example_params_ui_tutorial to None, run_after=None
[2026-03-18T07:39:01.717+0530] {processor.py:183} INFO - Processing /Users/vybhavswaroop/Desktop/untitled folder 3/ecommerce_platform/venv/lib/python3.11/site-packages/airflow/example_dags/example_params_ui_tutorial.py took 0.067 seconds
[2026-03-18T07:42:11.038+0530] {processor.py:161} INFO - Started process (PID=6816) to work on /Users/vybhavswaroop/Desktop/untitled folder 3/ecommerce_platform/venv/lib/python3.11/site-packages/airflow/example_dags/example_params_ui_tutorial.py
[2026-03-18T07:42:11.040+0530] {processor.py:830} INFO - Processing file /Users/vybhavswaroop/Desktop/untitled folder 3/ecommerce_platform/venv/lib/python3.11/site-packages/airflow/example_dags/example_params_ui_tutorial.py for tasks to queue
[2026-03-18T07:42:11.040+0530] {logging_mixin.py:188} INFO - [2026-03-18T07:42:11.040+0530] {dagbag.py:540} INFO - Filling up the DagBag from /Users/vybhavswaroop/Desktop/untitled folder 3/ecommerce_platform/venv/lib/python3.11/site-packages/airflow/example_dags/example_params_ui_tutorial.py
[2026-03-18T07:42:11.054+0530] {processor.py:840} INFO - DAG(s) 'example_params_ui_tutorial' retrieved from /Users/vybhavswaroop/Desktop/untitled folder 3/ecommerce_platform/venv/lib/python3.11/site-packages/airflow/example_dags/example_params_ui_tutorial.py
[2026-03-18T07:42:11.099+0530] {logging_mixin.py:188} INFO - [2026-03-18T07:42:11.099+0530] {dag.py:3047} INFO - Sync 1 DAGs
[2026-03-18T07:42:11.102+0530] {logging_mixin.py:188} INFO - [2026-03-18T07:42:11.102+0530] {dag.py:3834} INFO - Setting next_dagrun for example_params_ui_tutorial to None, run_after=None
[2026-03-18T07:42:11.109+0530] {processor.py:183} INFO - Processing /Users/vybhavswaroop/Desktop/untitled folder 3/ecommerce_platform/venv/lib/python3.11/site-packages/airflow/example_dags/example_params_ui_tutorial.py took 0.072 seconds
[2026-03-18T07:45:11.881+0530] {processor.py:161} INFO - Started process (PID=7446) to work on /Users/vybhavswaroop/Desktop/untitled folder 3/ecommerce_platform/venv/lib/python3.11/site-packages/airflow/example_dags/example_params_ui_tutorial.py
[2026-03-18T07:45:11.882+0530] {processor.py:830} INFO - Processing file /Users/vybhavswaroop/Desktop/untitled folder 3/ecommerce_platform/venv/lib/python3.11/site-packages/airflow/example_dags/example_params_ui_tutorial.py for tasks to queue
[2026-03-18T07:45:11.883+0530] {logging_mixin.py:188} INFO - [2026-03-18T07:45:11.883+0530] {dagbag.py:540} INFO - Filling up the DagBag from /Users/vybhavswaroop/Desktop/untitled folder 3/ecommerce_platform/venv/lib/python3.11/site-packages/airflow/example_dags/example_params_ui_tutorial.py
[2026-03-18T07:45:11.897+0530] {processor.py:840} INFO - DAG(s) 'example_params_ui_tutorial' retrieved from /Users/vybhavswaroop/Desktop/untitled folder 3/ecommerce_platform/venv/lib/python3.11/site-packages/airflow/example_dags/example_params_ui_tutorial.py
[2026-03-18T07:45:11.939+0530] {logging_mixin.py:188} INFO - [2026-03-18T07:45:11.939+0530] {dag.py:3047} INFO - Sync 1 DAGs
[2026-03-18T07:45:11.942+0530] {logging_mixin.py:188} INFO - [2026-03-18T07:45:11.942+0530] {dag.py:3834} INFO - Setting next_dagrun for example_params_ui_tutorial to None, run_after=None
[2026-03-18T07:45:11.947+0530] {processor.py:183} INFO - Processing /Users/vybhavswaroop/Desktop/untitled folder 3/ecommerce_platform/venv/lib/python3.11/site-packages/airflow/example_dags/example_params_ui_tutorial.py took 0.066 seconds
[2026-03-18T07:47:55.621+0530] {processor.py:161} INFO - Started process (PID=8032) to work on /Users/vybhavswaroop/Desktop/untitled folder 3/ecommerce_platform/venv/lib/python3.11/site-packages/airflow/example_dags/example_params_ui_tutorial.py
[2026-03-18T07:47:55.622+0530] {processor.py:830} INFO - Processing file /Users/vybhavswaroop/Desktop/untitled folder 3/ecommerce_platform/venv/lib/python3.11/site-packages/airflow/example_dags/example_params_ui_tutorial.py for tasks to queue
[2026-03-18T07:47:55.622+0530] {logging_mixin.py:188} INFO - [2026-03-18T07:47:55.622+0530] {dagbag.py:540} INFO - Filling up the DagBag from /Users/vybhavswaroop/Desktop/untitled folder 3/ecommerce_platform/venv/lib/python3.11/site-packages/airflow/example_dags/example_params_ui_tutorial.py
[2026-03-18T07:47:55.636+0530] {processor.py:840} INFO - DAG(s) 'example_params_ui_tutorial' retrieved from /Users/vybhavswaroop/Desktop/untitled folder 3/ecommerce_platform/venv/lib/python3.11/site-packages/airflow/example_dags/example_params_ui_tutorial.py
[2026-03-18T07:47:55.680+0530] {logging_mixin.py:188} INFO - [2026-03-18T07:47:55.680+0530] {dag.py:3047} INFO - Sync 1 DAGs
[2026-03-18T07:47:55.683+0530] {logging_mixin.py:188} INFO - [2026-03-18T07:47:55.683+0530] {dag.py:3834} INFO - Setting next_dagrun for example_params_ui_tutorial to None, run_after=None
[2026-03-18T07:47:55.689+0530] {processor.py:183} INFO - Processing /Users/vybhavswaroop/Desktop/untitled folder 3/ecommerce_platform/venv/lib/python3.11/site-packages/airflow/example_dags/example_params_ui_tutorial.py took 0.069 seconds
[2026-03-18T07:50:49.325+0530] {processor.py:161} INFO - Started process (PID=8946) to work on /Users/vybhavswaroop/Desktop/untitled folder 3/ecommerce_platform/venv/lib/python3.11/site-packages/airflow/example_dags/example_params_ui_tutorial.py
[2026-03-18T07:50:49.326+0530] {processor.py:830} INFO - Processing file /Users/vybhavswaroop/Desktop/untitled folder 3/ecommerce_platform/venv/lib/python3.11/site-packages/airflow/example_dags/example_params_ui_tutorial.py for tasks to queue
[2026-03-18T07:50:49.326+0530] {logging_mixin.py:188} INFO - [2026-03-18T07:50:49.326+0530] {dagbag.py:540} INFO - Filling up the DagBag from /Users/vybhavswaroop/Desktop/untitled folder 3/ecommerce_platform/venv/lib/python3.11/site-packages/airflow/example_dags/example_params_ui_tutorial.py
[2026-03-18T07:50:49.340+0530] {processor.py:840} INFO - DAG(s) 'example_params_ui_tutorial' retrieved from /Users/vybhavswaroop/Desktop/untitled folder 3/ecommerce_platform/venv/lib/python3.11/site-packages/airflow/example_dags/example_params_ui_tutorial.py
[2026-03-18T07:50:49.383+0530] {logging_mixin.py:188} INFO - [2026-03-18T07:50:49.383+0530] {dag.py:3047} INFO - Sync 1 DAGs
[2026-03-18T07:50:49.386+0530] {logging_mixin.py:188} INFO - [2026-03-18T07:50:49.386+0530] {dag.py:3834} INFO - Setting next_dagrun for example_params_ui_tutorial to None, run_after=None
[2026-03-18T07:50:49.391+0530] {processor.py:183} INFO - Processing /Users/vybhavswaroop/Desktop/untitled folder 3/ecommerce_platform/venv/lib/python3.11/site-packages/airflow/example_dags/example_params_ui_tutorial.py took 0.067 seconds
[2026-03-18T07:53:51.152+0530] {processor.py:161} INFO - Started process (PID=10893) to work on /Users/vybhavswaroop/Desktop/untitled folder 3/ecommerce_platform/venv/lib/python3.11/site-packages/airflow/example_dags/example_params_ui_tutorial.py
[2026-03-18T07:53:51.153+0530] {processor.py:830} INFO - Processing file /Users/vybhavswaroop/Desktop/untitled folder 3/ecommerce_platform/venv/lib/python3.11/site-packages/airflow/example_dags/example_params_ui_tutorial.py for tasks to queue
[2026-03-18T07:53:51.153+0530] {logging_mixin.py:188} INFO - [2026-03-18T07:53:51.153+0530] {dagbag.py:540} INFO - Filling up the DagBag from /Users/vybhavswaroop/Desktop/untitled folder 3/ecommerce_platform/venv/lib/python3.11/site-packages/airflow/example_dags/example_params_ui_tutorial.py
[2026-03-18T07:53:51.168+0530] {processor.py:840} INFO - DAG(s) 'example_params_ui_tutorial' retrieved from /Users/vybhavswaroop/Desktop/untitled folder 3/ecommerce_platform/venv/lib/python3.11/site-packages/airflow/example_dags/example_params_ui_tutorial.py
[2026-03-18T07:53:51.234+0530] {logging_mixin.py:188} INFO - [2026-03-18T07:53:51.234+0530] {dag.py:3047} INFO - Sync 1 DAGs
[2026-03-18T07:53:51.236+0530] {logging_mixin.py:188} INFO - [2026-03-18T07:53:51.236+0530] {dag.py:3834} INFO - Setting next_dagrun for example_params_ui_tutorial to None, run_after=None
[2026-03-18T07:53:51.241+0530] {processor.py:183} INFO - Processing /Users/vybhavswaroop/Desktop/untitled folder 3/ecommerce_platform/venv/lib/python3.11/site-packages/airflow/example_dags/example_params_ui_tutorial.py took 0.090 seconds
[2026-03-18T07:55:55.292+0530] {processor.py:161} INFO - Started process (PID=11256) to work on /Users/vybhavswaroop/Desktop/untitled folder 3/ecommerce_platform/venv/lib/python3.11/site-packages/airflow/example_dags/example_params_ui_tutorial.py
[2026-03-18T07:55:55.293+0530] {processor.py:830} INFO - Processing file /Users/vybhavswaroop/Desktop/untitled folder 3/ecommerce_platform/venv/lib/python3.11/site-packages/airflow/example_dags/example_params_ui_tutorial.py for tasks to queue
[2026-03-18T07:55:55.293+0530] {logging_mixin.py:188} INFO - [2026-03-18T07:55:55.293+0530] {dagbag.py:540} INFO - Filling up the DagBag from /Users/vybhavswaroop/Desktop/untitled folder 3/ecommerce_platform/venv/lib/python3.11/site-packages/airflow/example_dags/example_params_ui_tutorial.py
[2026-03-18T07:55:55.307+0530] {processor.py:840} INFO - DAG(s) 'example_params_ui_tutorial' retrieved from /Users/vybhavswaroop/Desktop/untitled folder 3/ecommerce_platform/venv/lib/python3.11/site-packages/airflow/example_dags/example_params_ui_tutorial.py
[2026-03-18T07:55:55.349+0530] {logging_mixin.py:188} INFO - [2026-03-18T07:55:55.348+0530] {dag.py:3047} INFO - Sync 1 DAGs
[2026-03-18T07:55:55.351+0530] {logging_mixin.py:188} INFO - [2026-03-18T07:55:55.351+0530] {dag.py:3834} INFO - Setting next_dagrun for example_params_ui_tutorial to None, run_after=None
[2026-03-18T07:55:55.356+0530] {processor.py:183} INFO - Processing /Users/vybhavswaroop/Desktop/untitled folder 3/ecommerce_platform/venv/lib/python3.11/site-packages/airflow/example_dags/example_params_ui_tutorial.py took 0.065 seconds
[2026-03-18T07:58:48.149+0530] {processor.py:161} INFO - Started process (PID=11762) to work on /Users/vybhavswaroop/Desktop/untitled folder 3/ecommerce_platform/venv/lib/python3.11/site-packages/airflow/example_dags/example_params_ui_tutorial.py
[2026-03-18T07:58:48.150+0530] {processor.py:830} INFO - Processing file /Users/vybhavswaroop/Desktop/untitled folder 3/ecommerce_platform/venv/lib/python3.11/site-packages/airflow/example_dags/example_params_ui_tutorial.py for tasks to queue
[2026-03-18T07:58:48.150+0530] {logging_mixin.py:188} INFO - [2026-03-18T07:58:48.150+0530] {dagbag.py:540} INFO - Filling up the DagBag from /Users/vybhavswaroop/Desktop/untitled folder 3/ecommerce_platform/venv/lib/python3.11/site-packages/airflow/example_dags/example_params_ui_tutorial.py
[2026-03-18T07:58:48.164+0530] {processor.py:840} INFO - DAG(s) 'example_params_ui_tutorial' retrieved from /Users/vybhavswaroop/Desktop/untitled folder 3/ecommerce_platform/venv/lib/python3.11/site-packages/airflow/example_dags/example_params_ui_tutorial.py
[2026-03-18T07:58:48.207+0530] {logging_mixin.py:188} INFO - [2026-03-18T07:58:48.207+0530] {dag.py:3047} INFO - Sync 1 DAGs
[2026-03-18T07:58:48.210+0530] {logging_mixin.py:188} INFO - [2026-03-18T07:58:48.210+0530] {dag.py:3834} INFO - Setting next_dagrun for example_params_ui_tutorial to None, run_after=None
[2026-03-18T07:58:48.216+0530] {processor.py:183} INFO - Processing /Users/vybhavswaroop/Desktop/untitled folder 3/ecommerce_platform/venv/lib/python3.11/site-packages/airflow/example_dags/example_params_ui_tutorial.py took 0.068 seconds
