[2026-03-18T07:19:18.161+0530] {processor.py:161} INFO - Started process (PID=98679) to work on /Users/vybhavswaroop/Desktop/untitled folder 3/ecommerce_platform/venv/lib/python3.11/site-packages/airflow/example_dags/example_branch_python_dop_operator_3.py
[2026-03-18T07:19:18.162+0530] {processor.py:830} INFO - Processing file /Users/vybhavswaroop/Desktop/untitled folder 3/ecommerce_platform/venv/lib/python3.11/site-packages/airflow/example_dags/example_branch_python_dop_operator_3.py for tasks to queue
[2026-03-18T07:19:18.162+0530] {logging_mixin.py:188} INFO - [2026-03-18T07:19:18.162+0530] {dagbag.py:540} INFO - Filling up the DagBag from /Users/vybhavswaroop/Desktop/untitled folder 3/ecommerce_platform/venv/lib/python3.11/site-packages/airflow/example_dags/example_branch_python_dop_operator_3.py
[2026-03-18T07:19:18.177+0530] {processor.py:840} INFO - DAG(s) 'example_branch_dop_operator_v3' retrieved from /Users/vybhavswaroop/Desktop/untitled folder 3/ecommerce_platform/venv/lib/python3.11/site-packages/airflow/example_dags/example_branch_python_dop_operator_3.py
[2026-03-18T07:19:18.214+0530] {logging_mixin.py:188} INFO - [2026-03-18T07:19:18.214+0530] {dag.py:3047} INFO - Sync 1 DAGs
[2026-03-18T07:19:18.222+0530] {logging_mixin.py:188} INFO - [2026-03-18T07:19:18.222+0530] {dag.py:3834} INFO - Setting next_dagrun for example_branch_dop_operator_v3 to 2026-03-18 01:48:00+00:00, run_after=2026-03-18 01:49:00+00:00
[2026-03-18T07:19:18.229+0530] {processor.py:183} INFO - Processing /Users/vybhavswaroop/Desktop/untitled folder 3/ecommerce_platform/venv/lib/python3.11/site-packages/airflow/example_dags/example_branch_python_dop_operator_3.py took 0.068 seconds
[2026-03-18T07:23:20.297+0530] {processor.py:161} INFO - Started process (PID=3220) to work on /Users/vybhavswaroop/Desktop/untitled folder 3/ecommerce_platform/venv/lib/python3.11/site-packages/airflow/example_dags/example_branch_python_dop_operator_3.py
[2026-03-18T07:23:20.298+0530] {processor.py:830} INFO - Processing file /Users/vybhavswaroop/Desktop/untitled folder 3/ecommerce_platform/venv/lib/python3.11/site-packages/airflow/example_dags/example_branch_python_dop_operator_3.py for tasks to queue
[2026-03-18T07:23:20.299+0530] {logging_mixin.py:188} INFO - [2026-03-18T07:23:20.298+0530] {dagbag.py:540} INFO - Filling up the DagBag from /Users/vybhavswaroop/Desktop/untitled folder 3/ecommerce_platform/venv/lib/python3.11/site-packages/airflow/example_dags/example_branch_python_dop_operator_3.py
[2026-03-18T07:23:20.312+0530] {processor.py:840} INFO - DAG(s) 'example_branch_dop_operator_v3' retrieved from /Users/vybhavswaroop/Desktop/untitled folder 3/ecommerce_platform/venv/lib/python3.11/site-packages/airflow/example_dags/example_branch_python_dop_operator_3.py
[2026-03-18T07:23:20.370+0530] {logging_mixin.py:188} INFO - [2026-03-18T07:23:20.370+0530] {dag.py:3047} INFO - Sync 1 DAGs
[2026-03-18T07:23:20.376+0530] {logging_mixin.py:188} INFO - [2026-03-18T07:23:20.376+0530] {dag.py:3834} INFO - Setting next_dagrun for example_branch_dop_operator_v3 to 2026-03-18 01:52:00+00:00, run_after=2026-03-18 01:53:00+00:00
[2026-03-18T07:23:20.383+0530] {processor.py:183} INFO - Processing /Users/vybhavswaroop/Desktop/untitled folder 3/ecommerce_platform/venv/lib/python3.11/site-packages/airflow/example_dags/example_branch_python_dop_operator_3.py took 0.086 seconds
[2026-03-18T07:26:09.567+0530] {processor.py:161} INFO - Started process (PID=3731) to work on /Users/vybhavswaroop/Desktop/untitled folder 3/ecommerce_platform/venv/lib/python3.11/site-packages/airflow/example_dags/example_branch_python_dop_operator_3.py
[2026-03-18T07:26:09.568+0530] {processor.py:830} INFO - Processing file /Users/vybhavswaroop/Desktop/untitled folder 3/ecommerce_platform/venv/lib/python3.11/site-packages/airflow/example_dags/example_branch_python_dop_operator_3.py for tasks to queue
[2026-03-18T07:26:09.568+0530] {logging_mixin.py:188} INFO - [2026-03-18T07:26:09.568+0530] {dagbag.py:540} INFO - Filling up the DagBag from /Users/vybhavswaroop/Desktop/untitled folder 3/ecommerce_platform/venv/lib/python3.11/site-packages/airflow/example_dags/example_branch_python_dop_operator_3.py
[2026-03-18T07:26:09.583+0530] {processor.py:840} INFO - DAG(s) 'example_branch_dop_operator_v3' retrieved from /Users/vybhavswaroop/Desktop/untitled folder 3/ecommerce_platform/venv/lib/python3.11/site-packages/airflow/example_dags/example_branch_python_dop_operator_3.py
[2026-03-18T07:26:09.622+0530] {logging_mixin.py:188} INFO - [2026-03-18T07:26:09.621+0530] {dag.py:3047} INFO - Sync 1 DAGs
[2026-03-18T07:26:09.629+0530] {logging_mixin.py:188} INFO - [2026-03-18T07:26:09.629+0530] {dag.py:3834} INFO - Setting next_dagrun for example_branch_dop_operator_v3 to 2026-03-18 01:55:00+00:00, run_after=2026-03-18 01:56:00+00:00
[2026-03-18T07:26:09.637+0530] {processor.py:183} INFO - Processing /Users/vybhavswaroop/Desktop/untitled folder 3/ecommerce_platform/venv/lib/python3.11/site-packages/airflow/example_dags/example_branch_python_dop_operator_3.py took 0.069 seconds
[2026-03-18T07:28:53.837+0530] {processor.py:161} INFO - Started process (PID=4219) to work on /Users/vybhavswaroop/Desktop/untitled folder 3/ecommerce_platform/venv/lib/python3.11/site-packages/airflow/example_dags/example_branch_python_dop_operator_3.py
[2026-03-18T07:28:53.837+0530] {processor.py:830} INFO - Processing file /Users/vybhavswaroop/Desktop/untitled folder 3/ecommerce_platform/venv/lib/python3.11/site-packages/airflow/example_dags/example_branch_python_dop_operator_3.py for tasks to queue
[2026-03-18T07:28:53.837+0530] {logging_mixin.py:188} INFO - [2026-03-18T07:28:53.837+0530] {dagbag.py:540} INFO - Filling up the DagBag from /Users/vybhavswaroop/Desktop/untitled folder 3/ecommerce_platform/venv/lib/python3.11/site-packages/airflow/example_dags/example_branch_python_dop_operator_3.py
[2026-03-18T07:28:53.851+0530] {processor.py:840} INFO - DAG(s) 'example_branch_dop_operator_v3' retrieved from /Users/vybhavswaroop/Desktop/untitled folder 3/ecommerce_platform/venv/lib/python3.11/site-packages/airflow/example_dags/example_branch_python_dop_operator_3.py
[2026-03-18T07:28:53.885+0530] {logging_mixin.py:188} INFO - [2026-03-18T07:28:53.885+0530] {dag.py:3047} INFO - Sync 1 DAGs
[2026-03-18T07:28:53.891+0530] {logging_mixin.py:188} INFO - [2026-03-18T07:28:53.891+0530] {dag.py:3834} INFO - Setting next_dagrun for example_branch_dop_operator_v3 to 2026-03-18 01:57:00+00:00, run_after=2026-03-18 01:58:00+00:00
[2026-03-18T07:28:53.897+0530] {processor.py:183} INFO - Processing /Users/vybhavswaroop/Desktop/untitled folder 3/ecommerce_platform/venv/lib/python3.11/site-packages/airflow/example_dags/example_branch_python_dop_operator_3.py took 0.061 seconds
[2026-03-18T07:31:38.229+0530] {processor.py:161} INFO - Started process (PID=4711) to work on /Users/vybhavswaroop/Desktop/untitled folder 3/ecommerce_platform/venv/lib/python3.11/site-packages/airflow/example_dags/example_branch_python_dop_operator_3.py
[2026-03-18T07:31:38.230+0530] {processor.py:830} INFO - Processing file /Users/vybhavswaroop/Desktop/untitled folder 3/ecommerce_platform/venv/lib/python3.11/site-packages/airflow/example_dags/example_branch_python_dop_operator_3.py for tasks to queue
[2026-03-18T07:31:38.230+0530] {logging_mixin.py:188} INFO - [2026-03-18T07:31:38.230+0530] {dagbag.py:540} INFO - Filling up the DagBag from /Users/vybhavswaroop/Desktop/untitled folder 3/ecommerce_platform/venv/lib/python3.11/site-packages/airflow/example_dags/example_branch_python_dop_operator_3.py
[2026-03-18T07:31:38.243+0530] {processor.py:840} INFO - DAG(s) 'example_branch_dop_operator_v3' retrieved from /Users/vybhavswaroop/Desktop/untitled folder 3/ecommerce_platform/venv/lib/python3.11/site-packages/airflow/example_dags/example_branch_python_dop_operator_3.py
[2026-03-18T07:31:38.278+0530] {logging_mixin.py:188} INFO - [2026-03-18T07:31:38.278+0530] {dag.py:3047} INFO - Sync 1 DAGs
[2026-03-18T07:31:38.286+0530] {logging_mixin.py:188} INFO - [2026-03-18T07:31:38.286+0530] {dag.py:3834} INFO - Setting next_dagrun for example_branch_dop_operator_v3 to 2026-03-18 02:00:00+00:00, run_after=2026-03-18 02:01:00+00:00
[2026-03-18T07:31:38.292+0530] {processor.py:183} INFO - Processing /Users/vybhavswaroop/Desktop/untitled folder 3/ecommerce_platform/venv/lib/python3.11/site-packages/airflow/example_dags/example_branch_python_dop_operator_3.py took 0.063 seconds
[2026-03-18T07:34:31.245+0530] {processor.py:161} INFO - Started process (PID=5241) to work on /Users/vybhavswaroop/Desktop/untitled folder 3/ecommerce_platform/venv/lib/python3.11/site-packages/airflow/example_dags/example_branch_python_dop_operator_3.py
[2026-03-18T07:34:31.246+0530] {processor.py:830} INFO - Processing file /Users/vybhavswaroop/Desktop/untitled folder 3/ecommerce_platform/venv/lib/python3.11/site-packages/airflow/example_dags/example_branch_python_dop_operator_3.py for tasks to queue
[2026-03-18T07:34:31.246+0530] {logging_mixin.py:188} INFO - [2026-03-18T07:34:31.246+0530] {dagbag.py:540} INFO - Filling up the DagBag from /Users/vybhavswaroop/Desktop/untitled folder 3/ecommerce_platform/venv/lib/python3.11/site-packages/airflow/example_dags/example_branch_python_dop_operator_3.py
[2026-03-18T07:34:31.262+0530] {processor.py:840} INFO - DAG(s) 'example_branch_dop_operator_v3' retrieved from /Users/vybhavswaroop/Desktop/untitled folder 3/ecommerce_platform/venv/lib/python3.11/site-packages/airflow/example_dags/example_branch_python_dop_operator_3.py
[2026-03-18T07:34:31.298+0530] {logging_mixin.py:188} INFO - [2026-03-18T07:34:31.298+0530] {dag.py:3047} INFO - Sync 1 DAGs
[2026-03-18T07:34:31.305+0530] {logging_mixin.py:188} INFO - [2026-03-18T07:34:31.305+0530] {dag.py:3834} INFO - Setting next_dagrun for example_branch_dop_operator_v3 to 2026-03-18 02:03:00+00:00, run_after=2026-03-18 02:04:00+00:00
[2026-03-18T07:34:31.313+0530] {processor.py:183} INFO - Processing /Users/vybhavswaroop/Desktop/untitled folder 3/ecommerce_platform/venv/lib/python3.11/site-packages/airflow/example_dags/example_branch_python_dop_operator_3.py took 0.069 seconds
[2026-03-18T07:37:35.784+0530] {processor.py:161} INFO - Started process (PID=5812) to work on /Users/vybhavswaroop/Desktop/untitled folder 3/ecommerce_platform/venv/lib/python3.11/site-packages/airflow/example_dags/example_branch_python_dop_operator_3.py
[2026-03-18T07:37:35.785+0530] {processor.py:830} INFO - Processing file /Users/vybhavswaroop/Desktop/untitled folder 3/ecommerce_platform/venv/lib/python3.11/site-packages/airflow/example_dags/example_branch_python_dop_operator_3.py for tasks to queue
[2026-03-18T07:37:35.786+0530] {logging_mixin.py:188} INFO - [2026-03-18T07:37:35.786+0530] {dagbag.py:540} INFO - Filling up the DagBag from /Users/vybhavswaroop/Desktop/untitled folder 3/ecommerce_platform/venv/lib/python3.11/site-packages/airflow/example_dags/example_branch_python_dop_operator_3.py
[2026-03-18T07:37:35.800+0530] {processor.py:840} INFO - DAG(s) 'example_branch_dop_operator_v3' retrieved from /Users/vybhavswaroop/Desktop/untitled folder 3/ecommerce_platform/venv/lib/python3.11/site-packages/airflow/example_dags/example_branch_python_dop_operator_3.py
[2026-03-18T07:37:35.835+0530] {logging_mixin.py:188} INFO - [2026-03-18T07:37:35.835+0530] {dag.py:3047} INFO - Sync 1 DAGs
[2026-03-18T07:37:35.842+0530] {logging_mixin.py:188} INFO - [2026-03-18T07:37:35.842+0530] {dag.py:3834} INFO - Setting next_dagrun for example_branch_dop_operator_v3 to 2026-03-18 02:06:00+00:00, run_after=2026-03-18 02:07:00+00:00
[2026-03-18T07:37:35.849+0530] {processor.py:183} INFO - Processing /Users/vybhavswaroop/Desktop/untitled folder 3/ecommerce_platform/venv/lib/python3.11/site-packages/airflow/example_dags/example_branch_python_dop_operator_3.py took 0.065 seconds
[2026-03-18T07:40:35.780+0530] {processor.py:161} INFO - Started process (PID=6462) to work on /Users/vybhavswaroop/Desktop/untitled folder 3/ecommerce_platform/venv/lib/python3.11/site-packages/airflow/example_dags/example_branch_python_dop_operator_3.py
[2026-03-18T07:40:35.780+0530] {processor.py:830} INFO - Processing file /Users/vybhavswaroop/Desktop/untitled folder 3/ecommerce_platform/venv/lib/python3.11/site-packages/airflow/example_dags/example_branch_python_dop_operator_3.py for tasks to queue
[2026-03-18T07:40:35.781+0530] {logging_mixin.py:188} INFO - [2026-03-18T07:40:35.781+0530] {dagbag.py:540} INFO - Filling up the DagBag from /Users/vybhavswaroop/Desktop/untitled folder 3/ecommerce_platform/venv/lib/python3.11/site-packages/airflow/example_dags/example_branch_python_dop_operator_3.py
[2026-03-18T07:40:35.794+0530] {processor.py:840} INFO - DAG(s) 'example_branch_dop_operator_v3' retrieved from /Users/vybhavswaroop/Desktop/untitled folder 3/ecommerce_platform/venv/lib/python3.11/site-packages/airflow/example_dags/example_branch_python_dop_operator_3.py
[2026-03-18T07:40:35.828+0530] {logging_mixin.py:188} INFO - [2026-03-18T07:40:35.828+0530] {dag.py:3047} INFO - Sync 1 DAGs
[2026-03-18T07:40:35.834+0530] {logging_mixin.py:188} INFO - [2026-03-18T07:40:35.834+0530] {dag.py:3834} INFO - Setting next_dagrun for example_branch_dop_operator_v3 to 2026-03-18 02:09:00+00:00, run_after=2026-03-18 02:10:00+00:00
[2026-03-18T07:40:35.840+0530] {processor.py:183} INFO - Processing /Users/vybhavswaroop/Desktop/untitled folder 3/ecommerce_platform/venv/lib/python3.11/site-packages/airflow/example_dags/example_branch_python_dop_operator_3.py took 0.061 seconds
[2026-03-18T07:43:49.054+0530] {processor.py:161} INFO - Started process (PID=7143) to work on /Users/vybhavswaroop/Desktop/untitled folder 3/ecommerce_platform/venv/lib/python3.11/site-packages/airflow/example_dags/example_branch_python_dop_operator_3.py
[2026-03-18T07:43:49.056+0530] {processor.py:830} INFO - Processing file /Users/vybhavswaroop/Desktop/untitled folder 3/ecommerce_platform/venv/lib/python3.11/site-packages/airflow/example_dags/example_branch_python_dop_operator_3.py for tasks to queue
[2026-03-18T07:43:49.056+0530] {logging_mixin.py:188} INFO - [2026-03-18T07:43:49.056+0530] {dagbag.py:540} INFO - Filling up the DagBag from /Users/vybhavswaroop/Desktop/untitled folder 3/ecommerce_platform/venv/lib/python3.11/site-packages/airflow/example_dags/example_branch_python_dop_operator_3.py
[2026-03-18T07:43:49.069+0530] {processor.py:840} INFO - DAG(s) 'example_branch_dop_operator_v3' retrieved from /Users/vybhavswaroop/Desktop/untitled folder 3/ecommerce_platform/venv/lib/python3.11/site-packages/airflow/example_dags/example_branch_python_dop_operator_3.py
[2026-03-18T07:43:49.105+0530] {logging_mixin.py:188} INFO - [2026-03-18T07:43:49.105+0530] {dag.py:3047} INFO - Sync 1 DAGs
[2026-03-18T07:43:49.112+0530] {logging_mixin.py:188} INFO - [2026-03-18T07:43:49.112+0530] {dag.py:3834} INFO - Setting next_dagrun for example_branch_dop_operator_v3 to 2026-03-18 02:12:00+00:00, run_after=2026-03-18 02:13:00+00:00
[2026-03-18T07:43:49.118+0530] {processor.py:183} INFO - Processing /Users/vybhavswaroop/Desktop/untitled folder 3/ecommerce_platform/venv/lib/python3.11/site-packages/airflow/example_dags/example_branch_python_dop_operator_3.py took 0.064 seconds
[2026-03-18T07:46:37.988+0530] {processor.py:161} INFO - Started process (PID=7726) to work on /Users/vybhavswaroop/Desktop/untitled folder 3/ecommerce_platform/venv/lib/python3.11/site-packages/airflow/example_dags/example_branch_python_dop_operator_3.py
[2026-03-18T07:46:37.989+0530] {processor.py:830} INFO - Processing file /Users/vybhavswaroop/Desktop/untitled folder 3/ecommerce_platform/venv/lib/python3.11/site-packages/airflow/example_dags/example_branch_python_dop_operator_3.py for tasks to queue
[2026-03-18T07:46:37.989+0530] {logging_mixin.py:188} INFO - [2026-03-18T07:46:37.989+0530] {dagbag.py:540} INFO - Filling up the DagBag from /Users/vybhavswaroop/Desktop/untitled folder 3/ecommerce_platform/venv/lib/python3.11/site-packages/airflow/example_dags/example_branch_python_dop_operator_3.py
[2026-03-18T07:46:38.002+0530] {processor.py:840} INFO - DAG(s) 'example_branch_dop_operator_v3' retrieved from /Users/vybhavswaroop/Desktop/untitled folder 3/ecommerce_platform/venv/lib/python3.11/site-packages/airflow/example_dags/example_branch_python_dop_operator_3.py
[2026-03-18T07:46:38.036+0530] {logging_mixin.py:188} INFO - [2026-03-18T07:46:38.036+0530] {dag.py:3047} INFO - Sync 1 DAGs
[2026-03-18T07:46:38.042+0530] {logging_mixin.py:188} INFO - [2026-03-18T07:46:38.042+0530] {dag.py:3834} INFO - Setting next_dagrun for example_branch_dop_operator_v3 to 2026-03-18 02:15:00+00:00, run_after=2026-03-18 02:16:00+00:00
[2026-03-18T07:46:38.047+0530] {processor.py:183} INFO - Processing /Users/vybhavswaroop/Desktop/untitled folder 3/ecommerce_platform/venv/lib/python3.11/site-packages/airflow/example_dags/example_branch_python_dop_operator_3.py took 0.060 seconds
[2026-03-18T07:49:24.766+0530] {processor.py:161} INFO - Started process (PID=8601) to work on /Users/vybhavswaroop/Desktop/untitled folder 3/ecommerce_platform/venv/lib/python3.11/site-packages/airflow/example_dags/example_branch_python_dop_operator_3.py
[2026-03-18T07:49:24.767+0530] {processor.py:830} INFO - Processing file /Users/vybhavswaroop/Desktop/untitled folder 3/ecommerce_platform/venv/lib/python3.11/site-packages/airflow/example_dags/example_branch_python_dop_operator_3.py for tasks to queue
[2026-03-18T07:49:24.768+0530] {logging_mixin.py:188} INFO - [2026-03-18T07:49:24.767+0530] {dagbag.py:540} INFO - Filling up the DagBag from /Users/vybhavswaroop/Desktop/untitled folder 3/ecommerce_platform/venv/lib/python3.11/site-packages/airflow/example_dags/example_branch_python_dop_operator_3.py
[2026-03-18T07:49:24.781+0530] {processor.py:840} INFO - DAG(s) 'example_branch_dop_operator_v3' retrieved from /Users/vybhavswaroop/Desktop/untitled folder 3/ecommerce_platform/venv/lib/python3.11/site-packages/airflow/example_dags/example_branch_python_dop_operator_3.py
[2026-03-18T07:49:24.816+0530] {logging_mixin.py:188} INFO - [2026-03-18T07:49:24.816+0530] {dag.py:3047} INFO - Sync 1 DAGs
[2026-03-18T07:49:24.822+0530] {logging_mixin.py:188} INFO - [2026-03-18T07:49:24.822+0530] {dag.py:3834} INFO - Setting next_dagrun for example_branch_dop_operator_v3 to 2026-03-18 02:18:00+00:00, run_after=2026-03-18 02:19:00+00:00
[2026-03-18T07:49:24.828+0530] {processor.py:183} INFO - Processing /Users/vybhavswaroop/Desktop/untitled folder 3/ecommerce_platform/venv/lib/python3.11/site-packages/airflow/example_dags/example_branch_python_dop_operator_3.py took 0.062 seconds
[2026-03-18T07:52:17.619+0530] {processor.py:161} INFO - Started process (PID=10102) to work on /Users/vybhavswaroop/Desktop/untitled folder 3/ecommerce_platform/venv/lib/python3.11/site-packages/airflow/example_dags/example_branch_python_dop_operator_3.py
[2026-03-18T07:52:17.620+0530] {processor.py:830} INFO - Processing file /Users/vybhavswaroop/Desktop/untitled folder 3/ecommerce_platform/venv/lib/python3.11/site-packages/airflow/example_dags/example_branch_python_dop_operator_3.py for tasks to queue
[2026-03-18T07:52:17.621+0530] {logging_mixin.py:188} INFO - [2026-03-18T07:52:17.621+0530] {dagbag.py:540} INFO - Filling up the DagBag from /Users/vybhavswaroop/Desktop/untitled folder 3/ecommerce_platform/venv/lib/python3.11/site-packages/airflow/example_dags/example_branch_python_dop_operator_3.py
[2026-03-18T07:52:17.634+0530] {processor.py:840} INFO - DAG(s) 'example_branch_dop_operator_v3' retrieved from /Users/vybhavswaroop/Desktop/untitled folder 3/ecommerce_platform/venv/lib/python3.11/site-packages/airflow/example_dags/example_branch_python_dop_operator_3.py
[2026-03-18T07:52:17.669+0530] {logging_mixin.py:188} INFO - [2026-03-18T07:52:17.669+0530] {dag.py:3047} INFO - Sync 1 DAGs
[2026-03-18T07:52:17.675+0530] {logging_mixin.py:188} INFO - [2026-03-18T07:52:17.675+0530] {dag.py:3834} INFO - Setting next_dagrun for example_branch_dop_operator_v3 to 2026-03-18 02:21:00+00:00, run_after=2026-03-18 02:22:00+00:00
[2026-03-18T07:52:17.681+0530] {processor.py:183} INFO - Processing /Users/vybhavswaroop/Desktop/untitled folder 3/ecommerce_platform/venv/lib/python3.11/site-packages/airflow/example_dags/example_branch_python_dop_operator_3.py took 0.062 seconds
[2026-03-18T07:54:24.962+0530] {processor.py:161} INFO - Started process (PID=10995) to work on /Users/vybhavswaroop/Desktop/untitled folder 3/ecommerce_platform/venv/lib/python3.11/site-packages/airflow/example_dags/example_branch_python_dop_operator_3.py
[2026-03-18T07:54:24.963+0530] {processor.py:830} INFO - Processing file /Users/vybhavswaroop/Desktop/untitled folder 3/ecommerce_platform/venv/lib/python3.11/site-packages/airflow/example_dags/example_branch_python_dop_operator_3.py for tasks to queue
[2026-03-18T07:54:24.963+0530] {logging_mixin.py:188} INFO - [2026-03-18T07:54:24.963+0530] {dagbag.py:540} INFO - Filling up the DagBag from /Users/vybhavswaroop/Desktop/untitled folder 3/ecommerce_platform/venv/lib/python3.11/site-packages/airflow/example_dags/example_branch_python_dop_operator_3.py
[2026-03-18T07:54:24.977+0530] {processor.py:840} INFO - DAG(s) 'example_branch_dop_operator_v3' retrieved from /Users/vybhavswaroop/Desktop/untitled folder 3/ecommerce_platform/venv/lib/python3.11/site-packages/airflow/example_dags/example_branch_python_dop_operator_3.py
[2026-03-18T07:54:25.037+0530] {logging_mixin.py:188} INFO - [2026-03-18T07:54:25.037+0530] {dag.py:3047} INFO - Sync 1 DAGs
[2026-03-18T07:54:25.043+0530] {logging_mixin.py:188} INFO - [2026-03-18T07:54:25.043+0530] {dag.py:3834} INFO - Setting next_dagrun for example_branch_dop_operator_v3 to 2026-03-18 02:23:00+00:00, run_after=2026-03-18 02:24:00+00:00
[2026-03-18T07:54:25.049+0530] {processor.py:183} INFO - Processing /Users/vybhavswaroop/Desktop/untitled folder 3/ecommerce_platform/venv/lib/python3.11/site-packages/airflow/example_dags/example_branch_python_dop_operator_3.py took 0.087 seconds
[2026-03-18T07:57:26.488+0530] {processor.py:161} INFO - Started process (PID=11518) to work on /Users/vybhavswaroop/Desktop/untitled folder 3/ecommerce_platform/venv/lib/python3.11/site-packages/airflow/example_dags/example_branch_python_dop_operator_3.py
[2026-03-18T07:57:26.490+0530] {processor.py:830} INFO - Processing file /Users/vybhavswaroop/Desktop/untitled folder 3/ecommerce_platform/venv/lib/python3.11/site-packages/airflow/example_dags/example_branch_python_dop_operator_3.py for tasks to queue
[2026-03-18T07:57:26.490+0530] {logging_mixin.py:188} INFO - [2026-03-18T07:57:26.490+0530] {dagbag.py:540} INFO - Filling up the DagBag from /Users/vybhavswaroop/Desktop/untitled folder 3/ecommerce_platform/venv/lib/python3.11/site-packages/airflow/example_dags/example_branch_python_dop_operator_3.py
[2026-03-18T07:57:26.503+0530] {processor.py:840} INFO - DAG(s) 'example_branch_dop_operator_v3' retrieved from /Users/vybhavswaroop/Desktop/untitled folder 3/ecommerce_platform/venv/lib/python3.11/site-packages/airflow/example_dags/example_branch_python_dop_operator_3.py
[2026-03-18T07:57:26.536+0530] {logging_mixin.py:188} INFO - [2026-03-18T07:57:26.536+0530] {dag.py:3047} INFO - Sync 1 DAGs
[2026-03-18T07:57:26.542+0530] {logging_mixin.py:188} INFO - [2026-03-18T07:57:26.542+0530] {dag.py:3834} INFO - Setting next_dagrun for example_branch_dop_operator_v3 to 2026-03-18 02:26:00+00:00, run_after=2026-03-18 02:27:00+00:00
[2026-03-18T07:57:26.548+0530] {processor.py:183} INFO - Processing /Users/vybhavswaroop/Desktop/untitled folder 3/ecommerce_platform/venv/lib/python3.11/site-packages/airflow/example_dags/example_branch_python_dop_operator_3.py took 0.060 seconds
