[2026-03-18T07:15:29.626+0530] {processor.py:161} INFO - Started process (PID=97898) to work on /Users/vybhavswaroop/Desktop/untitled folder 3/ecommerce_platform/venv/lib/python3.11/site-packages/airflow/example_dags/example_sensor_decorator.py
[2026-03-18T07:15:29.626+0530] {processor.py:830} INFO - Processing file /Users/vybhavswaroop/Desktop/untitled folder 3/ecommerce_platform/venv/lib/python3.11/site-packages/airflow/example_dags/example_sensor_decorator.py for tasks to queue
[2026-03-18T07:15:29.627+0530] {logging_mixin.py:188} INFO - [2026-03-18T07:15:29.627+0530] {dagbag.py:540} INFO - Filling up the DagBag from /Users/vybhavswaroop/Desktop/untitled folder 3/ecommerce_platform/venv/lib/python3.11/site-packages/airflow/example_dags/example_sensor_decorator.py
[2026-03-18T07:15:29.639+0530] {processor.py:840} INFO - DAG(s) 'example_sensor_decorator' retrieved from /Users/vybhavswaroop/Desktop/untitled folder 3/ecommerce_platform/venv/lib/python3.11/site-packages/airflow/example_dags/example_sensor_decorator.py
[2026-03-18T07:15:29.680+0530] {logging_mixin.py:188} INFO - [2026-03-18T07:15:29.680+0530] {dag.py:3047} INFO - Sync 1 DAGs
[2026-03-18T07:15:29.683+0530] {logging_mixin.py:188} INFO - [2026-03-18T07:15:29.683+0530] {dag.py:3834} INFO - Setting next_dagrun for example_sensor_decorator to None, run_after=None
[2026-03-18T07:15:29.690+0530] {processor.py:183} INFO - Processing /Users/vybhavswaroop/Desktop/untitled folder 3/ecommerce_platform/venv/lib/python3.11/site-packages/airflow/example_dags/example_sensor_decorator.py took 0.065 seconds
[2026-03-18T07:22:36.600+0530] {processor.py:161} INFO - Started process (PID=3086) to work on /Users/vybhavswaroop/Desktop/untitled folder 3/ecommerce_platform/venv/lib/python3.11/site-packages/airflow/example_dags/example_sensor_decorator.py
[2026-03-18T07:22:36.601+0530] {processor.py:830} INFO - Processing file /Users/vybhavswaroop/Desktop/untitled folder 3/ecommerce_platform/venv/lib/python3.11/site-packages/airflow/example_dags/example_sensor_decorator.py for tasks to queue
[2026-03-18T07:22:36.601+0530] {logging_mixin.py:188} INFO - [2026-03-18T07:22:36.601+0530] {dagbag.py:540} INFO - Filling up the DagBag from /Users/vybhavswaroop/Desktop/untitled folder 3/ecommerce_platform/venv/lib/python3.11/site-packages/airflow/example_dags/example_sensor_decorator.py
[2026-03-18T07:22:36.613+0530] {processor.py:840} INFO - DAG(s) 'example_sensor_decorator' retrieved from /Users/vybhavswaroop/Desktop/untitled folder 3/ecommerce_platform/venv/lib/python3.11/site-packages/airflow/example_dags/example_sensor_decorator.py
[2026-03-18T07:22:36.680+0530] {logging_mixin.py:188} INFO - [2026-03-18T07:22:36.679+0530] {dag.py:3047} INFO - Sync 1 DAGs
[2026-03-18T07:22:36.682+0530] {logging_mixin.py:188} INFO - [2026-03-18T07:22:36.682+0530] {dag.py:3834} INFO - Setting next_dagrun for example_sensor_decorator to None, run_after=None
[2026-03-18T07:22:36.688+0530] {processor.py:183} INFO - Processing /Users/vybhavswaroop/Desktop/untitled folder 3/ecommerce_platform/venv/lib/python3.11/site-packages/airflow/example_dags/example_sensor_decorator.py took 0.089 seconds
[2026-03-18T07:24:34.048+0530] {processor.py:161} INFO - Started process (PID=3449) to work on /Users/vybhavswaroop/Desktop/untitled folder 3/ecommerce_platform/venv/lib/python3.11/site-packages/airflow/example_dags/example_sensor_decorator.py
[2026-03-18T07:24:34.049+0530] {processor.py:830} INFO - Processing file /Users/vybhavswaroop/Desktop/untitled folder 3/ecommerce_platform/venv/lib/python3.11/site-packages/airflow/example_dags/example_sensor_decorator.py for tasks to queue
[2026-03-18T07:24:34.049+0530] {logging_mixin.py:188} INFO - [2026-03-18T07:24:34.049+0530] {dagbag.py:540} INFO - Filling up the DagBag from /Users/vybhavswaroop/Desktop/untitled folder 3/ecommerce_platform/venv/lib/python3.11/site-packages/airflow/example_dags/example_sensor_decorator.py
[2026-03-18T07:24:34.062+0530] {processor.py:840} INFO - DAG(s) 'example_sensor_decorator' retrieved from /Users/vybhavswaroop/Desktop/untitled folder 3/ecommerce_platform/venv/lib/python3.11/site-packages/airflow/example_dags/example_sensor_decorator.py
[2026-03-18T07:24:34.102+0530] {logging_mixin.py:188} INFO - [2026-03-18T07:24:34.102+0530] {dag.py:3047} INFO - Sync 1 DAGs
[2026-03-18T07:24:34.105+0530] {logging_mixin.py:188} INFO - [2026-03-18T07:24:34.105+0530] {dag.py:3834} INFO - Setting next_dagrun for example_sensor_decorator to None, run_after=None
[2026-03-18T07:24:34.111+0530] {processor.py:183} INFO - Processing /Users/vybhavswaroop/Desktop/untitled folder 3/ecommerce_platform/venv/lib/python3.11/site-packages/airflow/example_dags/example_sensor_decorator.py took 0.063 seconds
[2026-03-18T07:27:22.868+0530] {processor.py:161} INFO - Started process (PID=3947) to work on /Users/vybhavswaroop/Desktop/untitled folder 3/ecommerce_platform/venv/lib/python3.11/site-packages/airflow/example_dags/example_sensor_decorator.py
[2026-03-18T07:27:22.868+0530] {processor.py:830} INFO - Processing file /Users/vybhavswaroop/Desktop/untitled folder 3/ecommerce_platform/venv/lib/python3.11/site-packages/airflow/example_dags/example_sensor_decorator.py for tasks to queue
[2026-03-18T07:27:22.868+0530] {logging_mixin.py:188} INFO - [2026-03-18T07:27:22.868+0530] {dagbag.py:540} INFO - Filling up the DagBag from /Users/vybhavswaroop/Desktop/untitled folder 3/ecommerce_platform/venv/lib/python3.11/site-packages/airflow/example_dags/example_sensor_decorator.py
[2026-03-18T07:27:22.880+0530] {processor.py:840} INFO - DAG(s) 'example_sensor_decorator' retrieved from /Users/vybhavswaroop/Desktop/untitled folder 3/ecommerce_platform/venv/lib/python3.11/site-packages/airflow/example_dags/example_sensor_decorator.py
[2026-03-18T07:27:22.919+0530] {logging_mixin.py:188} INFO - [2026-03-18T07:27:22.919+0530] {dag.py:3047} INFO - Sync 1 DAGs
[2026-03-18T07:27:22.922+0530] {logging_mixin.py:188} INFO - [2026-03-18T07:27:22.922+0530] {dag.py:3834} INFO - Setting next_dagrun for example_sensor_decorator to None, run_after=None
[2026-03-18T07:27:22.929+0530] {processor.py:183} INFO - Processing /Users/vybhavswaroop/Desktop/untitled folder 3/ecommerce_platform/venv/lib/python3.11/site-packages/airflow/example_dags/example_sensor_decorator.py took 0.061 seconds
[2026-03-18T07:30:04.570+0530] {processor.py:161} INFO - Started process (PID=4427) to work on /Users/vybhavswaroop/Desktop/untitled folder 3/ecommerce_platform/venv/lib/python3.11/site-packages/airflow/example_dags/example_sensor_decorator.py
[2026-03-18T07:30:04.570+0530] {processor.py:830} INFO - Processing file /Users/vybhavswaroop/Desktop/untitled folder 3/ecommerce_platform/venv/lib/python3.11/site-packages/airflow/example_dags/example_sensor_decorator.py for tasks to queue
[2026-03-18T07:30:04.570+0530] {logging_mixin.py:188} INFO - [2026-03-18T07:30:04.570+0530] {dagbag.py:540} INFO - Filling up the DagBag from /Users/vybhavswaroop/Desktop/untitled folder 3/ecommerce_platform/venv/lib/python3.11/site-packages/airflow/example_dags/example_sensor_decorator.py
[2026-03-18T07:30:04.583+0530] {processor.py:840} INFO - DAG(s) 'example_sensor_decorator' retrieved from /Users/vybhavswaroop/Desktop/untitled folder 3/ecommerce_platform/venv/lib/python3.11/site-packages/airflow/example_dags/example_sensor_decorator.py
[2026-03-18T07:30:04.620+0530] {logging_mixin.py:188} INFO - [2026-03-18T07:30:04.620+0530] {dag.py:3047} INFO - Sync 1 DAGs
[2026-03-18T07:30:04.623+0530] {logging_mixin.py:188} INFO - [2026-03-18T07:30:04.623+0530] {dag.py:3834} INFO - Setting next_dagrun for example_sensor_decorator to None, run_after=None
[2026-03-18T07:30:04.629+0530] {processor.py:183} INFO - Processing /Users/vybhavswaroop/Desktop/untitled folder 3/ecommerce_platform/venv/lib/python3.11/site-packages/airflow/example_dags/example_sensor_decorator.py took 0.060 seconds
[2026-03-18T07:32:52.237+0530] {processor.py:161} INFO - Started process (PID=4923) to work on /Users/vybhavswaroop/Desktop/untitled folder 3/ecommerce_platform/venv/lib/python3.11/site-packages/airflow/example_dags/example_sensor_decorator.py
[2026-03-18T07:32:52.237+0530] {processor.py:830} INFO - Processing file /Users/vybhavswaroop/Desktop/untitled folder 3/ecommerce_platform/venv/lib/python3.11/site-packages/airflow/example_dags/example_sensor_decorator.py for tasks to queue
[2026-03-18T07:32:52.238+0530] {logging_mixin.py:188} INFO - [2026-03-18T07:32:52.238+0530] {dagbag.py:540} INFO - Filling up the DagBag from /Users/vybhavswaroop/Desktop/untitled folder 3/ecommerce_platform/venv/lib/python3.11/site-packages/airflow/example_dags/example_sensor_decorator.py
[2026-03-18T07:32:52.250+0530] {processor.py:840} INFO - DAG(s) 'example_sensor_decorator' retrieved from /Users/vybhavswaroop/Desktop/untitled folder 3/ecommerce_platform/venv/lib/python3.11/site-packages/airflow/example_dags/example_sensor_decorator.py
[2026-03-18T07:32:52.288+0530] {logging_mixin.py:188} INFO - [2026-03-18T07:32:52.288+0530] {dag.py:3047} INFO - Sync 1 DAGs
[2026-03-18T07:32:52.291+0530] {logging_mixin.py:188} INFO - [2026-03-18T07:32:52.291+0530] {dag.py:3834} INFO - Setting next_dagrun for example_sensor_decorator to None, run_after=None
[2026-03-18T07:32:52.297+0530] {processor.py:183} INFO - Processing /Users/vybhavswaroop/Desktop/untitled folder 3/ecommerce_platform/venv/lib/python3.11/site-packages/airflow/example_dags/example_sensor_decorator.py took 0.061 seconds
[2026-03-18T07:35:52.866+0530] {processor.py:161} INFO - Started process (PID=5506) to work on /Users/vybhavswaroop/Desktop/untitled folder 3/ecommerce_platform/venv/lib/python3.11/site-packages/airflow/example_dags/example_sensor_decorator.py
[2026-03-18T07:35:52.867+0530] {processor.py:830} INFO - Processing file /Users/vybhavswaroop/Desktop/untitled folder 3/ecommerce_platform/venv/lib/python3.11/site-packages/airflow/example_dags/example_sensor_decorator.py for tasks to queue
[2026-03-18T07:35:52.867+0530] {logging_mixin.py:188} INFO - [2026-03-18T07:35:52.867+0530] {dagbag.py:540} INFO - Filling up the DagBag from /Users/vybhavswaroop/Desktop/untitled folder 3/ecommerce_platform/venv/lib/python3.11/site-packages/airflow/example_dags/example_sensor_decorator.py
[2026-03-18T07:35:52.887+0530] {processor.py:840} INFO - DAG(s) 'example_sensor_decorator' retrieved from /Users/vybhavswaroop/Desktop/untitled folder 3/ecommerce_platform/venv/lib/python3.11/site-packages/airflow/example_dags/example_sensor_decorator.py
[2026-03-18T07:35:52.930+0530] {logging_mixin.py:188} INFO - [2026-03-18T07:35:52.930+0530] {dag.py:3047} INFO - Sync 1 DAGs
[2026-03-18T07:35:52.933+0530] {logging_mixin.py:188} INFO - [2026-03-18T07:35:52.933+0530] {dag.py:3834} INFO - Setting next_dagrun for example_sensor_decorator to None, run_after=None
[2026-03-18T07:35:52.939+0530] {processor.py:183} INFO - Processing /Users/vybhavswaroop/Desktop/untitled folder 3/ecommerce_platform/venv/lib/python3.11/site-packages/airflow/example_dags/example_sensor_decorator.py took 0.073 seconds
[2026-03-18T07:37:24.090+0530] {processor.py:161} INFO - Started process (PID=5772) to work on /Users/vybhavswaroop/Desktop/untitled folder 3/ecommerce_platform/venv/lib/python3.11/site-packages/airflow/example_dags/example_sensor_decorator.py
[2026-03-18T07:37:24.092+0530] {processor.py:830} INFO - Processing file /Users/vybhavswaroop/Desktop/untitled folder 3/ecommerce_platform/venv/lib/python3.11/site-packages/airflow/example_dags/example_sensor_decorator.py for tasks to queue
[2026-03-18T07:37:24.092+0530] {logging_mixin.py:188} INFO - [2026-03-18T07:37:24.092+0530] {dagbag.py:540} INFO - Filling up the DagBag from /Users/vybhavswaroop/Desktop/untitled folder 3/ecommerce_platform/venv/lib/python3.11/site-packages/airflow/example_dags/example_sensor_decorator.py
[2026-03-18T07:37:24.105+0530] {processor.py:840} INFO - DAG(s) 'example_sensor_decorator' retrieved from /Users/vybhavswaroop/Desktop/untitled folder 3/ecommerce_platform/venv/lib/python3.11/site-packages/airflow/example_dags/example_sensor_decorator.py
[2026-03-18T07:37:24.144+0530] {logging_mixin.py:188} INFO - [2026-03-18T07:37:24.143+0530] {dag.py:3047} INFO - Sync 1 DAGs
[2026-03-18T07:37:24.146+0530] {logging_mixin.py:188} INFO - [2026-03-18T07:37:24.146+0530] {dag.py:3834} INFO - Setting next_dagrun for example_sensor_decorator to None, run_after=None
[2026-03-18T07:37:24.152+0530] {processor.py:183} INFO - Processing /Users/vybhavswaroop/Desktop/untitled folder 3/ecommerce_platform/venv/lib/python3.11/site-packages/airflow/example_dags/example_sensor_decorator.py took 0.063 seconds
[2026-03-18T07:40:22.288+0530] {processor.py:161} INFO - Started process (PID=6395) to work on /Users/vybhavswaroop/Desktop/untitled folder 3/ecommerce_platform/venv/lib/python3.11/site-packages/airflow/example_dags/example_sensor_decorator.py
[2026-03-18T07:40:22.290+0530] {processor.py:830} INFO - Processing file /Users/vybhavswaroop/Desktop/untitled folder 3/ecommerce_platform/venv/lib/python3.11/site-packages/airflow/example_dags/example_sensor_decorator.py for tasks to queue
[2026-03-18T07:40:22.290+0530] {logging_mixin.py:188} INFO - [2026-03-18T07:40:22.290+0530] {dagbag.py:540} INFO - Filling up the DagBag from /Users/vybhavswaroop/Desktop/untitled folder 3/ecommerce_platform/venv/lib/python3.11/site-packages/airflow/example_dags/example_sensor_decorator.py
[2026-03-18T07:40:22.303+0530] {processor.py:840} INFO - DAG(s) 'example_sensor_decorator' retrieved from /Users/vybhavswaroop/Desktop/untitled folder 3/ecommerce_platform/venv/lib/python3.11/site-packages/airflow/example_dags/example_sensor_decorator.py
[2026-03-18T07:40:22.341+0530] {logging_mixin.py:188} INFO - [2026-03-18T07:40:22.341+0530] {dag.py:3047} INFO - Sync 1 DAGs
[2026-03-18T07:40:22.344+0530] {logging_mixin.py:188} INFO - [2026-03-18T07:40:22.344+0530] {dag.py:3834} INFO - Setting next_dagrun for example_sensor_decorator to None, run_after=None
[2026-03-18T07:40:22.351+0530] {processor.py:183} INFO - Processing /Users/vybhavswaroop/Desktop/untitled folder 3/ecommerce_platform/venv/lib/python3.11/site-packages/airflow/example_dags/example_sensor_decorator.py took 0.063 seconds
[2026-03-18T07:42:00.047+0530] {processor.py:161} INFO - Started process (PID=6778) to work on /Users/vybhavswaroop/Desktop/untitled folder 3/ecommerce_platform/venv/lib/python3.11/site-packages/airflow/example_dags/example_sensor_decorator.py
[2026-03-18T07:42:00.049+0530] {processor.py:830} INFO - Processing file /Users/vybhavswaroop/Desktop/untitled folder 3/ecommerce_platform/venv/lib/python3.11/site-packages/airflow/example_dags/example_sensor_decorator.py for tasks to queue
[2026-03-18T07:42:00.049+0530] {logging_mixin.py:188} INFO - [2026-03-18T07:42:00.049+0530] {dagbag.py:540} INFO - Filling up the DagBag from /Users/vybhavswaroop/Desktop/untitled folder 3/ecommerce_platform/venv/lib/python3.11/site-packages/airflow/example_dags/example_sensor_decorator.py
[2026-03-18T07:42:00.062+0530] {processor.py:840} INFO - DAG(s) 'example_sensor_decorator' retrieved from /Users/vybhavswaroop/Desktop/untitled folder 3/ecommerce_platform/venv/lib/python3.11/site-packages/airflow/example_dags/example_sensor_decorator.py
[2026-03-18T07:42:00.103+0530] {logging_mixin.py:188} INFO - [2026-03-18T07:42:00.103+0530] {dag.py:3047} INFO - Sync 1 DAGs
[2026-03-18T07:42:00.106+0530] {logging_mixin.py:188} INFO - [2026-03-18T07:42:00.106+0530] {dag.py:3834} INFO - Setting next_dagrun for example_sensor_decorator to None, run_after=None
[2026-03-18T07:42:00.112+0530] {processor.py:183} INFO - Processing /Users/vybhavswaroop/Desktop/untitled folder 3/ecommerce_platform/venv/lib/python3.11/site-packages/airflow/example_dags/example_sensor_decorator.py took 0.065 seconds
[2026-03-18T07:43:34.633+0530] {processor.py:161} INFO - Started process (PID=7091) to work on /Users/vybhavswaroop/Desktop/untitled folder 3/ecommerce_platform/venv/lib/python3.11/site-packages/airflow/example_dags/example_sensor_decorator.py
[2026-03-18T07:43:34.635+0530] {processor.py:830} INFO - Processing file /Users/vybhavswaroop/Desktop/untitled folder 3/ecommerce_platform/venv/lib/python3.11/site-packages/airflow/example_dags/example_sensor_decorator.py for tasks to queue
[2026-03-18T07:43:34.635+0530] {logging_mixin.py:188} INFO - [2026-03-18T07:43:34.635+0530] {dagbag.py:540} INFO - Filling up the DagBag from /Users/vybhavswaroop/Desktop/untitled folder 3/ecommerce_platform/venv/lib/python3.11/site-packages/airflow/example_dags/example_sensor_decorator.py
[2026-03-18T07:43:34.648+0530] {processor.py:840} INFO - DAG(s) 'example_sensor_decorator' retrieved from /Users/vybhavswaroop/Desktop/untitled folder 3/ecommerce_platform/venv/lib/python3.11/site-packages/airflow/example_dags/example_sensor_decorator.py
[2026-03-18T07:43:34.691+0530] {logging_mixin.py:188} INFO - [2026-03-18T07:43:34.691+0530] {dag.py:3047} INFO - Sync 1 DAGs
[2026-03-18T07:43:34.694+0530] {logging_mixin.py:188} INFO - [2026-03-18T07:43:34.694+0530] {dag.py:3834} INFO - Setting next_dagrun for example_sensor_decorator to None, run_after=None
[2026-03-18T07:43:34.700+0530] {processor.py:183} INFO - Processing /Users/vybhavswaroop/Desktop/untitled folder 3/ecommerce_platform/venv/lib/python3.11/site-packages/airflow/example_dags/example_sensor_decorator.py took 0.067 seconds
[2026-03-18T07:46:25.568+0530] {processor.py:161} INFO - Started process (PID=7687) to work on /Users/vybhavswaroop/Desktop/untitled folder 3/ecommerce_platform/venv/lib/python3.11/site-packages/airflow/example_dags/example_sensor_decorator.py
[2026-03-18T07:46:25.569+0530] {processor.py:830} INFO - Processing file /Users/vybhavswaroop/Desktop/untitled folder 3/ecommerce_platform/venv/lib/python3.11/site-packages/airflow/example_dags/example_sensor_decorator.py for tasks to queue
[2026-03-18T07:46:25.569+0530] {logging_mixin.py:188} INFO - [2026-03-18T07:46:25.569+0530] {dagbag.py:540} INFO - Filling up the DagBag from /Users/vybhavswaroop/Desktop/untitled folder 3/ecommerce_platform/venv/lib/python3.11/site-packages/airflow/example_dags/example_sensor_decorator.py
[2026-03-18T07:46:25.582+0530] {processor.py:840} INFO - DAG(s) 'example_sensor_decorator' retrieved from /Users/vybhavswaroop/Desktop/untitled folder 3/ecommerce_platform/venv/lib/python3.11/site-packages/airflow/example_dags/example_sensor_decorator.py
[2026-03-18T07:46:25.620+0530] {logging_mixin.py:188} INFO - [2026-03-18T07:46:25.620+0530] {dag.py:3047} INFO - Sync 1 DAGs
[2026-03-18T07:46:25.623+0530] {logging_mixin.py:188} INFO - [2026-03-18T07:46:25.623+0530] {dag.py:3834} INFO - Setting next_dagrun for example_sensor_decorator to None, run_after=None
[2026-03-18T07:46:25.629+0530] {processor.py:183} INFO - Processing /Users/vybhavswaroop/Desktop/untitled folder 3/ecommerce_platform/venv/lib/python3.11/site-packages/airflow/example_dags/example_sensor_decorator.py took 0.061 seconds
[2026-03-18T07:49:10.426+0530] {processor.py:161} INFO - Started process (PID=8312) to work on /Users/vybhavswaroop/Desktop/untitled folder 3/ecommerce_platform/venv/lib/python3.11/site-packages/airflow/example_dags/example_sensor_decorator.py
[2026-03-18T07:49:10.426+0530] {processor.py:830} INFO - Processing file /Users/vybhavswaroop/Desktop/untitled folder 3/ecommerce_platform/venv/lib/python3.11/site-packages/airflow/example_dags/example_sensor_decorator.py for tasks to queue
[2026-03-18T07:49:10.427+0530] {logging_mixin.py:188} INFO - [2026-03-18T07:49:10.427+0530] {dagbag.py:540} INFO - Filling up the DagBag from /Users/vybhavswaroop/Desktop/untitled folder 3/ecommerce_platform/venv/lib/python3.11/site-packages/airflow/example_dags/example_sensor_decorator.py
[2026-03-18T07:49:10.439+0530] {processor.py:840} INFO - DAG(s) 'example_sensor_decorator' retrieved from /Users/vybhavswaroop/Desktop/untitled folder 3/ecommerce_platform/venv/lib/python3.11/site-packages/airflow/example_dags/example_sensor_decorator.py
[2026-03-18T07:49:10.479+0530] {logging_mixin.py:188} INFO - [2026-03-18T07:49:10.479+0530] {dag.py:3047} INFO - Sync 1 DAGs
[2026-03-18T07:49:10.482+0530] {logging_mixin.py:188} INFO - [2026-03-18T07:49:10.481+0530] {dag.py:3834} INFO - Setting next_dagrun for example_sensor_decorator to None, run_after=None
[2026-03-18T07:49:10.487+0530] {processor.py:183} INFO - Processing /Users/vybhavswaroop/Desktop/untitled folder 3/ecommerce_platform/venv/lib/python3.11/site-packages/airflow/example_dags/example_sensor_decorator.py took 0.062 seconds
[2026-03-18T07:50:41.434+0530] {processor.py:161} INFO - Started process (PID=8917) to work on /Users/vybhavswaroop/Desktop/untitled folder 3/ecommerce_platform/venv/lib/python3.11/site-packages/airflow/example_dags/example_sensor_decorator.py
[2026-03-18T07:50:41.436+0530] {processor.py:830} INFO - Processing file /Users/vybhavswaroop/Desktop/untitled folder 3/ecommerce_platform/venv/lib/python3.11/site-packages/airflow/example_dags/example_sensor_decorator.py for tasks to queue
[2026-03-18T07:50:41.436+0530] {logging_mixin.py:188} INFO - [2026-03-18T07:50:41.436+0530] {dagbag.py:540} INFO - Filling up the DagBag from /Users/vybhavswaroop/Desktop/untitled folder 3/ecommerce_platform/venv/lib/python3.11/site-packages/airflow/example_dags/example_sensor_decorator.py
[2026-03-18T07:50:41.448+0530] {processor.py:840} INFO - DAG(s) 'example_sensor_decorator' retrieved from /Users/vybhavswaroop/Desktop/untitled folder 3/ecommerce_platform/venv/lib/python3.11/site-packages/airflow/example_dags/example_sensor_decorator.py
[2026-03-18T07:50:41.487+0530] {logging_mixin.py:188} INFO - [2026-03-18T07:50:41.487+0530] {dag.py:3047} INFO - Sync 1 DAGs
[2026-03-18T07:50:41.490+0530] {logging_mixin.py:188} INFO - [2026-03-18T07:50:41.490+0530] {dag.py:3834} INFO - Setting next_dagrun for example_sensor_decorator to None, run_after=None
[2026-03-18T07:50:41.496+0530] {processor.py:183} INFO - Processing /Users/vybhavswaroop/Desktop/untitled folder 3/ecommerce_platform/venv/lib/python3.11/site-packages/airflow/example_dags/example_sensor_decorator.py took 0.062 seconds
[2026-03-18T07:53:40.838+0530] {processor.py:161} INFO - Started process (PID=10865) to work on /Users/vybhavswaroop/Desktop/untitled folder 3/ecommerce_platform/venv/lib/python3.11/site-packages/airflow/example_dags/example_sensor_decorator.py
[2026-03-18T07:53:40.840+0530] {processor.py:830} INFO - Processing file /Users/vybhavswaroop/Desktop/untitled folder 3/ecommerce_platform/venv/lib/python3.11/site-packages/airflow/example_dags/example_sensor_decorator.py for tasks to queue
[2026-03-18T07:53:40.840+0530] {logging_mixin.py:188} INFO - [2026-03-18T07:53:40.840+0530] {dagbag.py:540} INFO - Filling up the DagBag from /Users/vybhavswaroop/Desktop/untitled folder 3/ecommerce_platform/venv/lib/python3.11/site-packages/airflow/example_dags/example_sensor_decorator.py
[2026-03-18T07:53:40.852+0530] {processor.py:840} INFO - DAG(s) 'example_sensor_decorator' retrieved from /Users/vybhavswaroop/Desktop/untitled folder 3/ecommerce_platform/venv/lib/python3.11/site-packages/airflow/example_dags/example_sensor_decorator.py
[2026-03-18T07:53:40.916+0530] {logging_mixin.py:188} INFO - [2026-03-18T07:53:40.916+0530] {dag.py:3047} INFO - Sync 1 DAGs
[2026-03-18T07:53:40.919+0530] {logging_mixin.py:188} INFO - [2026-03-18T07:53:40.919+0530] {dag.py:3834} INFO - Setting next_dagrun for example_sensor_decorator to None, run_after=None
[2026-03-18T07:53:40.924+0530] {processor.py:183} INFO - Processing /Users/vybhavswaroop/Desktop/untitled folder 3/ecommerce_platform/venv/lib/python3.11/site-packages/airflow/example_dags/example_sensor_decorator.py took 0.086 seconds
[2026-03-18T07:55:45.163+0530] {processor.py:161} INFO - Started process (PID=11228) to work on /Users/vybhavswaroop/Desktop/untitled folder 3/ecommerce_platform/venv/lib/python3.11/site-packages/airflow/example_dags/example_sensor_decorator.py
[2026-03-18T07:55:45.164+0530] {processor.py:830} INFO - Processing file /Users/vybhavswaroop/Desktop/untitled folder 3/ecommerce_platform/venv/lib/python3.11/site-packages/airflow/example_dags/example_sensor_decorator.py for tasks to queue
[2026-03-18T07:55:45.165+0530] {logging_mixin.py:188} INFO - [2026-03-18T07:55:45.165+0530] {dagbag.py:540} INFO - Filling up the DagBag from /Users/vybhavswaroop/Desktop/untitled folder 3/ecommerce_platform/venv/lib/python3.11/site-packages/airflow/example_dags/example_sensor_decorator.py
[2026-03-18T07:55:45.177+0530] {processor.py:840} INFO - DAG(s) 'example_sensor_decorator' retrieved from /Users/vybhavswaroop/Desktop/untitled folder 3/ecommerce_platform/venv/lib/python3.11/site-packages/airflow/example_dags/example_sensor_decorator.py
[2026-03-18T07:55:45.216+0530] {logging_mixin.py:188} INFO - [2026-03-18T07:55:45.216+0530] {dag.py:3047} INFO - Sync 1 DAGs
[2026-03-18T07:55:45.219+0530] {logging_mixin.py:188} INFO - [2026-03-18T07:55:45.219+0530] {dag.py:3834} INFO - Setting next_dagrun for example_sensor_decorator to None, run_after=None
[2026-03-18T07:55:45.224+0530] {processor.py:183} INFO - Processing /Users/vybhavswaroop/Desktop/untitled folder 3/ecommerce_platform/venv/lib/python3.11/site-packages/airflow/example_dags/example_sensor_decorator.py took 0.061 seconds
[2026-03-18T07:58:38.001+0530] {processor.py:161} INFO - Started process (PID=11734) to work on /Users/vybhavswaroop/Desktop/untitled folder 3/ecommerce_platform/venv/lib/python3.11/site-packages/airflow/example_dags/example_sensor_decorator.py
[2026-03-18T07:58:38.002+0530] {processor.py:830} INFO - Processing file /Users/vybhavswaroop/Desktop/untitled folder 3/ecommerce_platform/venv/lib/python3.11/site-packages/airflow/example_dags/example_sensor_decorator.py for tasks to queue
[2026-03-18T07:58:38.002+0530] {logging_mixin.py:188} INFO - [2026-03-18T07:58:38.002+0530] {dagbag.py:540} INFO - Filling up the DagBag from /Users/vybhavswaroop/Desktop/untitled folder 3/ecommerce_platform/venv/lib/python3.11/site-packages/airflow/example_dags/example_sensor_decorator.py
[2026-03-18T07:58:38.015+0530] {processor.py:840} INFO - DAG(s) 'example_sensor_decorator' retrieved from /Users/vybhavswaroop/Desktop/untitled folder 3/ecommerce_platform/venv/lib/python3.11/site-packages/airflow/example_dags/example_sensor_decorator.py
[2026-03-18T07:58:38.055+0530] {logging_mixin.py:188} INFO - [2026-03-18T07:58:38.055+0530] {dag.py:3047} INFO - Sync 1 DAGs
[2026-03-18T07:58:38.058+0530] {logging_mixin.py:188} INFO - [2026-03-18T07:58:38.058+0530] {dag.py:3834} INFO - Setting next_dagrun for example_sensor_decorator to None, run_after=None
[2026-03-18T07:58:38.064+0530] {processor.py:183} INFO - Processing /Users/vybhavswaroop/Desktop/untitled folder 3/ecommerce_platform/venv/lib/python3.11/site-packages/airflow/example_dags/example_sensor_decorator.py took 0.063 seconds
