[2026-03-18T07:18:36.028+0530] {processor.py:161} INFO - Started process (PID=97973) to work on /Users/vybhavswaroop/Desktop/untitled folder 3/ecommerce_platform/venv/lib/python3.11/site-packages/airflow/example_dags/example_python_decorator.py
[2026-03-18T07:18:36.028+0530] {processor.py:830} INFO - Processing file /Users/vybhavswaroop/Desktop/untitled folder 3/ecommerce_platform/venv/lib/python3.11/site-packages/airflow/example_dags/example_python_decorator.py for tasks to queue
[2026-03-18T07:18:36.029+0530] {logging_mixin.py:188} INFO - [2026-03-18T07:18:36.029+0530] {dagbag.py:540} INFO - Filling up the DagBag from /Users/vybhavswaroop/Desktop/untitled folder 3/ecommerce_platform/venv/lib/python3.11/site-packages/airflow/example_dags/example_python_decorator.py
[2026-03-18T07:18:36.045+0530] {logging_mixin.py:188} INFO - [2026-03-18T07:18:36.045+0530] {example_python_decorator.py:79} WARNING - The virtalenv_python example task requires virtualenv, please install it.
[2026-03-18T07:18:36.046+0530] {processor.py:840} INFO - DAG(s) 'example_python_decorator' retrieved from /Users/vybhavswaroop/Desktop/untitled folder 3/ecommerce_platform/venv/lib/python3.11/site-packages/airflow/example_dags/example_python_decorator.py
[2026-03-18T07:18:36.128+0530] {logging_mixin.py:188} INFO - [2026-03-18T07:18:36.128+0530] {dag.py:3047} INFO - Sync 1 DAGs
[2026-03-18T07:18:36.132+0530] {logging_mixin.py:188} INFO - [2026-03-18T07:18:36.132+0530] {dag.py:3834} INFO - Setting next_dagrun for example_python_decorator to None, run_after=None
[2026-03-18T07:18:36.144+0530] {processor.py:183} INFO - Processing /Users/vybhavswaroop/Desktop/untitled folder 3/ecommerce_platform/venv/lib/python3.11/site-packages/airflow/example_dags/example_python_decorator.py took 0.117 seconds
[2026-03-18T07:22:41.778+0530] {processor.py:161} INFO - Started process (PID=3104) to work on /Users/vybhavswaroop/Desktop/untitled folder 3/ecommerce_platform/venv/lib/python3.11/site-packages/airflow/example_dags/example_python_decorator.py
[2026-03-18T07:22:41.778+0530] {processor.py:830} INFO - Processing file /Users/vybhavswaroop/Desktop/untitled folder 3/ecommerce_platform/venv/lib/python3.11/site-packages/airflow/example_dags/example_python_decorator.py for tasks to queue
[2026-03-18T07:22:41.779+0530] {logging_mixin.py:188} INFO - [2026-03-18T07:22:41.779+0530] {dagbag.py:540} INFO - Filling up the DagBag from /Users/vybhavswaroop/Desktop/untitled folder 3/ecommerce_platform/venv/lib/python3.11/site-packages/airflow/example_dags/example_python_decorator.py
[2026-03-18T07:22:41.791+0530] {logging_mixin.py:188} INFO - [2026-03-18T07:22:41.791+0530] {example_python_decorator.py:79} WARNING - The virtalenv_python example task requires virtualenv, please install it.
[2026-03-18T07:22:41.792+0530] {processor.py:840} INFO - DAG(s) 'example_python_decorator' retrieved from /Users/vybhavswaroop/Desktop/untitled folder 3/ecommerce_platform/venv/lib/python3.11/site-packages/airflow/example_dags/example_python_decorator.py
[2026-03-18T07:22:41.855+0530] {logging_mixin.py:188} INFO - [2026-03-18T07:22:41.855+0530] {dag.py:3047} INFO - Sync 1 DAGs
[2026-03-18T07:22:41.857+0530] {logging_mixin.py:188} INFO - [2026-03-18T07:22:41.857+0530] {dag.py:3834} INFO - Setting next_dagrun for example_python_decorator to None, run_after=None
[2026-03-18T07:22:41.864+0530] {processor.py:183} INFO - Processing /Users/vybhavswaroop/Desktop/untitled folder 3/ecommerce_platform/venv/lib/python3.11/site-packages/airflow/example_dags/example_python_decorator.py took 0.087 seconds
[2026-03-18T07:24:39.027+0530] {processor.py:161} INFO - Started process (PID=3465) to work on /Users/vybhavswaroop/Desktop/untitled folder 3/ecommerce_platform/venv/lib/python3.11/site-packages/airflow/example_dags/example_python_decorator.py
[2026-03-18T07:24:39.028+0530] {processor.py:830} INFO - Processing file /Users/vybhavswaroop/Desktop/untitled folder 3/ecommerce_platform/venv/lib/python3.11/site-packages/airflow/example_dags/example_python_decorator.py for tasks to queue
[2026-03-18T07:24:39.029+0530] {logging_mixin.py:188} INFO - [2026-03-18T07:24:39.028+0530] {dagbag.py:540} INFO - Filling up the DagBag from /Users/vybhavswaroop/Desktop/untitled folder 3/ecommerce_platform/venv/lib/python3.11/site-packages/airflow/example_dags/example_python_decorator.py
[2026-03-18T07:24:39.041+0530] {logging_mixin.py:188} INFO - [2026-03-18T07:24:39.041+0530] {example_python_decorator.py:79} WARNING - The virtalenv_python example task requires virtualenv, please install it.
[2026-03-18T07:24:39.042+0530] {processor.py:840} INFO - DAG(s) 'example_python_decorator' retrieved from /Users/vybhavswaroop/Desktop/untitled folder 3/ecommerce_platform/venv/lib/python3.11/site-packages/airflow/example_dags/example_python_decorator.py
[2026-03-18T07:24:39.077+0530] {logging_mixin.py:188} INFO - [2026-03-18T07:24:39.077+0530] {dag.py:3047} INFO - Sync 1 DAGs
[2026-03-18T07:24:39.080+0530] {logging_mixin.py:188} INFO - [2026-03-18T07:24:39.080+0530] {dag.py:3834} INFO - Setting next_dagrun for example_python_decorator to None, run_after=None
[2026-03-18T07:24:39.090+0530] {processor.py:183} INFO - Processing /Users/vybhavswaroop/Desktop/untitled folder 3/ecommerce_platform/venv/lib/python3.11/site-packages/airflow/example_dags/example_python_decorator.py took 0.063 seconds
[2026-03-18T07:27:27.403+0530] {processor.py:161} INFO - Started process (PID=3959) to work on /Users/vybhavswaroop/Desktop/untitled folder 3/ecommerce_platform/venv/lib/python3.11/site-packages/airflow/example_dags/example_python_decorator.py
[2026-03-18T07:27:27.403+0530] {processor.py:830} INFO - Processing file /Users/vybhavswaroop/Desktop/untitled folder 3/ecommerce_platform/venv/lib/python3.11/site-packages/airflow/example_dags/example_python_decorator.py for tasks to queue
[2026-03-18T07:27:27.403+0530] {logging_mixin.py:188} INFO - [2026-03-18T07:27:27.403+0530] {dagbag.py:540} INFO - Filling up the DagBag from /Users/vybhavswaroop/Desktop/untitled folder 3/ecommerce_platform/venv/lib/python3.11/site-packages/airflow/example_dags/example_python_decorator.py
[2026-03-18T07:27:27.416+0530] {logging_mixin.py:188} INFO - [2026-03-18T07:27:27.416+0530] {example_python_decorator.py:79} WARNING - The virtalenv_python example task requires virtualenv, please install it.
[2026-03-18T07:27:27.417+0530] {processor.py:840} INFO - DAG(s) 'example_python_decorator' retrieved from /Users/vybhavswaroop/Desktop/untitled folder 3/ecommerce_platform/venv/lib/python3.11/site-packages/airflow/example_dags/example_python_decorator.py
[2026-03-18T07:27:27.451+0530] {logging_mixin.py:188} INFO - [2026-03-18T07:27:27.451+0530] {dag.py:3047} INFO - Sync 1 DAGs
[2026-03-18T07:27:27.454+0530] {logging_mixin.py:188} INFO - [2026-03-18T07:27:27.454+0530] {dag.py:3834} INFO - Setting next_dagrun for example_python_decorator to None, run_after=None
[2026-03-18T07:27:27.460+0530] {processor.py:183} INFO - Processing /Users/vybhavswaroop/Desktop/untitled folder 3/ecommerce_platform/venv/lib/python3.11/site-packages/airflow/example_dags/example_python_decorator.py took 0.058 seconds
[2026-03-18T07:30:09.584+0530] {processor.py:161} INFO - Started process (PID=4443) to work on /Users/vybhavswaroop/Desktop/untitled folder 3/ecommerce_platform/venv/lib/python3.11/site-packages/airflow/example_dags/example_python_decorator.py
[2026-03-18T07:30:09.584+0530] {processor.py:830} INFO - Processing file /Users/vybhavswaroop/Desktop/untitled folder 3/ecommerce_platform/venv/lib/python3.11/site-packages/airflow/example_dags/example_python_decorator.py for tasks to queue
[2026-03-18T07:30:09.585+0530] {logging_mixin.py:188} INFO - [2026-03-18T07:30:09.584+0530] {dagbag.py:540} INFO - Filling up the DagBag from /Users/vybhavswaroop/Desktop/untitled folder 3/ecommerce_platform/venv/lib/python3.11/site-packages/airflow/example_dags/example_python_decorator.py
[2026-03-18T07:30:09.597+0530] {logging_mixin.py:188} INFO - [2026-03-18T07:30:09.597+0530] {example_python_decorator.py:79} WARNING - The virtalenv_python example task requires virtualenv, please install it.
[2026-03-18T07:30:09.598+0530] {processor.py:840} INFO - DAG(s) 'example_python_decorator' retrieved from /Users/vybhavswaroop/Desktop/untitled folder 3/ecommerce_platform/venv/lib/python3.11/site-packages/airflow/example_dags/example_python_decorator.py
[2026-03-18T07:30:09.632+0530] {logging_mixin.py:188} INFO - [2026-03-18T07:30:09.632+0530] {dag.py:3047} INFO - Sync 1 DAGs
[2026-03-18T07:30:09.635+0530] {logging_mixin.py:188} INFO - [2026-03-18T07:30:09.635+0530] {dag.py:3834} INFO - Setting next_dagrun for example_python_decorator to None, run_after=None
[2026-03-18T07:30:09.641+0530] {processor.py:183} INFO - Processing /Users/vybhavswaroop/Desktop/untitled folder 3/ecommerce_platform/venv/lib/python3.11/site-packages/airflow/example_dags/example_python_decorator.py took 0.057 seconds
[2026-03-18T07:32:56.292+0530] {processor.py:161} INFO - Started process (PID=4935) to work on /Users/vybhavswaroop/Desktop/untitled folder 3/ecommerce_platform/venv/lib/python3.11/site-packages/airflow/example_dags/example_python_decorator.py
[2026-03-18T07:32:56.293+0530] {processor.py:830} INFO - Processing file /Users/vybhavswaroop/Desktop/untitled folder 3/ecommerce_platform/venv/lib/python3.11/site-packages/airflow/example_dags/example_python_decorator.py for tasks to queue
[2026-03-18T07:32:56.293+0530] {logging_mixin.py:188} INFO - [2026-03-18T07:32:56.293+0530] {dagbag.py:540} INFO - Filling up the DagBag from /Users/vybhavswaroop/Desktop/untitled folder 3/ecommerce_platform/venv/lib/python3.11/site-packages/airflow/example_dags/example_python_decorator.py
[2026-03-18T07:32:56.305+0530] {logging_mixin.py:188} INFO - [2026-03-18T07:32:56.305+0530] {example_python_decorator.py:79} WARNING - The virtalenv_python example task requires virtualenv, please install it.
[2026-03-18T07:32:56.306+0530] {processor.py:840} INFO - DAG(s) 'example_python_decorator' retrieved from /Users/vybhavswaroop/Desktop/untitled folder 3/ecommerce_platform/venv/lib/python3.11/site-packages/airflow/example_dags/example_python_decorator.py
[2026-03-18T07:32:56.341+0530] {logging_mixin.py:188} INFO - [2026-03-18T07:32:56.341+0530] {dag.py:3047} INFO - Sync 1 DAGs
[2026-03-18T07:32:56.344+0530] {logging_mixin.py:188} INFO - [2026-03-18T07:32:56.344+0530] {dag.py:3834} INFO - Setting next_dagrun for example_python_decorator to None, run_after=None
[2026-03-18T07:32:56.350+0530] {processor.py:183} INFO - Processing /Users/vybhavswaroop/Desktop/untitled folder 3/ecommerce_platform/venv/lib/python3.11/site-packages/airflow/example_dags/example_python_decorator.py took 0.058 seconds
[2026-03-18T07:35:58.031+0530] {processor.py:161} INFO - Started process (PID=5520) to work on /Users/vybhavswaroop/Desktop/untitled folder 3/ecommerce_platform/venv/lib/python3.11/site-packages/airflow/example_dags/example_python_decorator.py
[2026-03-18T07:35:58.032+0530] {processor.py:830} INFO - Processing file /Users/vybhavswaroop/Desktop/untitled folder 3/ecommerce_platform/venv/lib/python3.11/site-packages/airflow/example_dags/example_python_decorator.py for tasks to queue
[2026-03-18T07:35:58.032+0530] {logging_mixin.py:188} INFO - [2026-03-18T07:35:58.032+0530] {dagbag.py:540} INFO - Filling up the DagBag from /Users/vybhavswaroop/Desktop/untitled folder 3/ecommerce_platform/venv/lib/python3.11/site-packages/airflow/example_dags/example_python_decorator.py
[2026-03-18T07:35:58.045+0530] {logging_mixin.py:188} INFO - [2026-03-18T07:35:58.045+0530] {example_python_decorator.py:79} WARNING - The virtalenv_python example task requires virtualenv, please install it.
[2026-03-18T07:35:58.046+0530] {processor.py:840} INFO - DAG(s) 'example_python_decorator' retrieved from /Users/vybhavswaroop/Desktop/untitled folder 3/ecommerce_platform/venv/lib/python3.11/site-packages/airflow/example_dags/example_python_decorator.py
[2026-03-18T07:35:58.082+0530] {logging_mixin.py:188} INFO - [2026-03-18T07:35:58.082+0530] {dag.py:3047} INFO - Sync 1 DAGs
[2026-03-18T07:35:58.085+0530] {logging_mixin.py:188} INFO - [2026-03-18T07:35:58.085+0530] {dag.py:3834} INFO - Setting next_dagrun for example_python_decorator to None, run_after=None
[2026-03-18T07:35:58.092+0530] {processor.py:183} INFO - Processing /Users/vybhavswaroop/Desktop/untitled folder 3/ecommerce_platform/venv/lib/python3.11/site-packages/airflow/example_dags/example_python_decorator.py took 0.061 seconds
[2026-03-18T07:38:56.391+0530] {processor.py:161} INFO - Started process (PID=6092) to work on /Users/vybhavswaroop/Desktop/untitled folder 3/ecommerce_platform/venv/lib/python3.11/site-packages/airflow/example_dags/example_python_decorator.py
[2026-03-18T07:38:56.392+0530] {processor.py:830} INFO - Processing file /Users/vybhavswaroop/Desktop/untitled folder 3/ecommerce_platform/venv/lib/python3.11/site-packages/airflow/example_dags/example_python_decorator.py for tasks to queue
[2026-03-18T07:38:56.392+0530] {logging_mixin.py:188} INFO - [2026-03-18T07:38:56.392+0530] {dagbag.py:540} INFO - Filling up the DagBag from /Users/vybhavswaroop/Desktop/untitled folder 3/ecommerce_platform/venv/lib/python3.11/site-packages/airflow/example_dags/example_python_decorator.py
[2026-03-18T07:38:56.405+0530] {logging_mixin.py:188} INFO - [2026-03-18T07:38:56.405+0530] {example_python_decorator.py:79} WARNING - The virtalenv_python example task requires virtualenv, please install it.
[2026-03-18T07:38:56.406+0530] {processor.py:840} INFO - DAG(s) 'example_python_decorator' retrieved from /Users/vybhavswaroop/Desktop/untitled folder 3/ecommerce_platform/venv/lib/python3.11/site-packages/airflow/example_dags/example_python_decorator.py
[2026-03-18T07:38:56.441+0530] {logging_mixin.py:188} INFO - [2026-03-18T07:38:56.441+0530] {dag.py:3047} INFO - Sync 1 DAGs
[2026-03-18T07:38:56.444+0530] {logging_mixin.py:188} INFO - [2026-03-18T07:38:56.444+0530] {dag.py:3834} INFO - Setting next_dagrun for example_python_decorator to None, run_after=None
[2026-03-18T07:38:56.451+0530] {processor.py:183} INFO - Processing /Users/vybhavswaroop/Desktop/untitled folder 3/ecommerce_platform/venv/lib/python3.11/site-packages/airflow/example_dags/example_python_decorator.py took 0.061 seconds
[2026-03-18T07:42:05.427+0530] {processor.py:161} INFO - Started process (PID=6792) to work on /Users/vybhavswaroop/Desktop/untitled folder 3/ecommerce_platform/venv/lib/python3.11/site-packages/airflow/example_dags/example_python_decorator.py
[2026-03-18T07:42:05.428+0530] {processor.py:830} INFO - Processing file /Users/vybhavswaroop/Desktop/untitled folder 3/ecommerce_platform/venv/lib/python3.11/site-packages/airflow/example_dags/example_python_decorator.py for tasks to queue
[2026-03-18T07:42:05.429+0530] {logging_mixin.py:188} INFO - [2026-03-18T07:42:05.429+0530] {dagbag.py:540} INFO - Filling up the DagBag from /Users/vybhavswaroop/Desktop/untitled folder 3/ecommerce_platform/venv/lib/python3.11/site-packages/airflow/example_dags/example_python_decorator.py
[2026-03-18T07:42:05.441+0530] {logging_mixin.py:188} INFO - [2026-03-18T07:42:05.441+0530] {example_python_decorator.py:79} WARNING - The virtalenv_python example task requires virtualenv, please install it.
[2026-03-18T07:42:05.442+0530] {processor.py:840} INFO - DAG(s) 'example_python_decorator' retrieved from /Users/vybhavswaroop/Desktop/untitled folder 3/ecommerce_platform/venv/lib/python3.11/site-packages/airflow/example_dags/example_python_decorator.py
[2026-03-18T07:42:05.478+0530] {logging_mixin.py:188} INFO - [2026-03-18T07:42:05.478+0530] {dag.py:3047} INFO - Sync 1 DAGs
[2026-03-18T07:42:05.481+0530] {logging_mixin.py:188} INFO - [2026-03-18T07:42:05.481+0530] {dag.py:3834} INFO - Setting next_dagrun for example_python_decorator to None, run_after=None
[2026-03-18T07:42:05.489+0530] {processor.py:183} INFO - Processing /Users/vybhavswaroop/Desktop/untitled folder 3/ecommerce_platform/venv/lib/python3.11/site-packages/airflow/example_dags/example_python_decorator.py took 0.063 seconds
[2026-03-18T07:45:07.151+0530] {processor.py:161} INFO - Started process (PID=7429) to work on /Users/vybhavswaroop/Desktop/untitled folder 3/ecommerce_platform/venv/lib/python3.11/site-packages/airflow/example_dags/example_python_decorator.py
[2026-03-18T07:45:07.153+0530] {processor.py:830} INFO - Processing file /Users/vybhavswaroop/Desktop/untitled folder 3/ecommerce_platform/venv/lib/python3.11/site-packages/airflow/example_dags/example_python_decorator.py for tasks to queue
[2026-03-18T07:45:07.154+0530] {logging_mixin.py:188} INFO - [2026-03-18T07:45:07.154+0530] {dagbag.py:540} INFO - Filling up the DagBag from /Users/vybhavswaroop/Desktop/untitled folder 3/ecommerce_platform/venv/lib/python3.11/site-packages/airflow/example_dags/example_python_decorator.py
[2026-03-18T07:45:07.167+0530] {logging_mixin.py:188} INFO - [2026-03-18T07:45:07.167+0530] {example_python_decorator.py:79} WARNING - The virtalenv_python example task requires virtualenv, please install it.
[2026-03-18T07:45:07.167+0530] {processor.py:840} INFO - DAG(s) 'example_python_decorator' retrieved from /Users/vybhavswaroop/Desktop/untitled folder 3/ecommerce_platform/venv/lib/python3.11/site-packages/airflow/example_dags/example_python_decorator.py
[2026-03-18T07:45:07.203+0530] {logging_mixin.py:188} INFO - [2026-03-18T07:45:07.202+0530] {dag.py:3047} INFO - Sync 1 DAGs
[2026-03-18T07:45:07.205+0530] {logging_mixin.py:188} INFO - [2026-03-18T07:45:07.205+0530] {dag.py:3834} INFO - Setting next_dagrun for example_python_decorator to None, run_after=None
[2026-03-18T07:45:07.211+0530] {processor.py:183} INFO - Processing /Users/vybhavswaroop/Desktop/untitled folder 3/ecommerce_platform/venv/lib/python3.11/site-packages/airflow/example_dags/example_python_decorator.py took 0.060 seconds
[2026-03-18T07:47:51.717+0530] {processor.py:161} INFO - Started process (PID=8022) to work on /Users/vybhavswaroop/Desktop/untitled folder 3/ecommerce_platform/venv/lib/python3.11/site-packages/airflow/example_dags/example_python_decorator.py
[2026-03-18T07:47:51.718+0530] {processor.py:830} INFO - Processing file /Users/vybhavswaroop/Desktop/untitled folder 3/ecommerce_platform/venv/lib/python3.11/site-packages/airflow/example_dags/example_python_decorator.py for tasks to queue
[2026-03-18T07:47:51.718+0530] {logging_mixin.py:188} INFO - [2026-03-18T07:47:51.718+0530] {dagbag.py:540} INFO - Filling up the DagBag from /Users/vybhavswaroop/Desktop/untitled folder 3/ecommerce_platform/venv/lib/python3.11/site-packages/airflow/example_dags/example_python_decorator.py
[2026-03-18T07:47:51.730+0530] {logging_mixin.py:188} INFO - [2026-03-18T07:47:51.730+0530] {example_python_decorator.py:79} WARNING - The virtalenv_python example task requires virtualenv, please install it.
[2026-03-18T07:47:51.731+0530] {processor.py:840} INFO - DAG(s) 'example_python_decorator' retrieved from /Users/vybhavswaroop/Desktop/untitled folder 3/ecommerce_platform/venv/lib/python3.11/site-packages/airflow/example_dags/example_python_decorator.py
[2026-03-18T07:47:51.765+0530] {logging_mixin.py:188} INFO - [2026-03-18T07:47:51.765+0530] {dag.py:3047} INFO - Sync 1 DAGs
[2026-03-18T07:47:51.768+0530] {logging_mixin.py:188} INFO - [2026-03-18T07:47:51.767+0530] {dag.py:3834} INFO - Setting next_dagrun for example_python_decorator to None, run_after=None
[2026-03-18T07:47:51.773+0530] {processor.py:183} INFO - Processing /Users/vybhavswaroop/Desktop/untitled folder 3/ecommerce_platform/venv/lib/python3.11/site-packages/airflow/example_dags/example_python_decorator.py took 0.056 seconds
[2026-03-18T07:50:44.099+0530] {processor.py:161} INFO - Started process (PID=8929) to work on /Users/vybhavswaroop/Desktop/untitled folder 3/ecommerce_platform/venv/lib/python3.11/site-packages/airflow/example_dags/example_python_decorator.py
[2026-03-18T07:50:44.100+0530] {processor.py:830} INFO - Processing file /Users/vybhavswaroop/Desktop/untitled folder 3/ecommerce_platform/venv/lib/python3.11/site-packages/airflow/example_dags/example_python_decorator.py for tasks to queue
[2026-03-18T07:50:44.100+0530] {logging_mixin.py:188} INFO - [2026-03-18T07:50:44.100+0530] {dagbag.py:540} INFO - Filling up the DagBag from /Users/vybhavswaroop/Desktop/untitled folder 3/ecommerce_platform/venv/lib/python3.11/site-packages/airflow/example_dags/example_python_decorator.py
[2026-03-18T07:50:44.114+0530] {logging_mixin.py:188} INFO - [2026-03-18T07:50:44.114+0530] {example_python_decorator.py:79} WARNING - The virtalenv_python example task requires virtualenv, please install it.
[2026-03-18T07:50:44.115+0530] {processor.py:840} INFO - DAG(s) 'example_python_decorator' retrieved from /Users/vybhavswaroop/Desktop/untitled folder 3/ecommerce_platform/venv/lib/python3.11/site-packages/airflow/example_dags/example_python_decorator.py
[2026-03-18T07:50:44.153+0530] {logging_mixin.py:188} INFO - [2026-03-18T07:50:44.153+0530] {dag.py:3047} INFO - Sync 1 DAGs
[2026-03-18T07:50:44.156+0530] {logging_mixin.py:188} INFO - [2026-03-18T07:50:44.156+0530] {dag.py:3834} INFO - Setting next_dagrun for example_python_decorator to None, run_after=None
[2026-03-18T07:50:44.162+0530] {processor.py:183} INFO - Processing /Users/vybhavswaroop/Desktop/untitled folder 3/ecommerce_platform/venv/lib/python3.11/site-packages/airflow/example_dags/example_python_decorator.py took 0.063 seconds
[2026-03-18T07:53:45.958+0530] {processor.py:161} INFO - Started process (PID=10879) to work on /Users/vybhavswaroop/Desktop/untitled folder 3/ecommerce_platform/venv/lib/python3.11/site-packages/airflow/example_dags/example_python_decorator.py
[2026-03-18T07:53:45.959+0530] {processor.py:830} INFO - Processing file /Users/vybhavswaroop/Desktop/untitled folder 3/ecommerce_platform/venv/lib/python3.11/site-packages/airflow/example_dags/example_python_decorator.py for tasks to queue
[2026-03-18T07:53:45.959+0530] {logging_mixin.py:188} INFO - [2026-03-18T07:53:45.959+0530] {dagbag.py:540} INFO - Filling up the DagBag from /Users/vybhavswaroop/Desktop/untitled folder 3/ecommerce_platform/venv/lib/python3.11/site-packages/airflow/example_dags/example_python_decorator.py
[2026-03-18T07:53:45.972+0530] {logging_mixin.py:188} INFO - [2026-03-18T07:53:45.972+0530] {example_python_decorator.py:79} WARNING - The virtalenv_python example task requires virtualenv, please install it.
[2026-03-18T07:53:45.973+0530] {processor.py:840} INFO - DAG(s) 'example_python_decorator' retrieved from /Users/vybhavswaroop/Desktop/untitled folder 3/ecommerce_platform/venv/lib/python3.11/site-packages/airflow/example_dags/example_python_decorator.py
[2026-03-18T07:53:46.033+0530] {logging_mixin.py:188} INFO - [2026-03-18T07:53:46.033+0530] {dag.py:3047} INFO - Sync 1 DAGs
[2026-03-18T07:53:46.036+0530] {logging_mixin.py:188} INFO - [2026-03-18T07:53:46.036+0530] {dag.py:3834} INFO - Setting next_dagrun for example_python_decorator to None, run_after=None
[2026-03-18T07:53:46.041+0530] {processor.py:183} INFO - Processing /Users/vybhavswaroop/Desktop/untitled folder 3/ecommerce_platform/venv/lib/python3.11/site-packages/airflow/example_dags/example_python_decorator.py took 0.083 seconds
[2026-03-18T07:55:50.222+0530] {processor.py:161} INFO - Started process (PID=11242) to work on /Users/vybhavswaroop/Desktop/untitled folder 3/ecommerce_platform/venv/lib/python3.11/site-packages/airflow/example_dags/example_python_decorator.py
[2026-03-18T07:55:50.224+0530] {processor.py:830} INFO - Processing file /Users/vybhavswaroop/Desktop/untitled folder 3/ecommerce_platform/venv/lib/python3.11/site-packages/airflow/example_dags/example_python_decorator.py for tasks to queue
[2026-03-18T07:55:50.224+0530] {logging_mixin.py:188} INFO - [2026-03-18T07:55:50.224+0530] {dagbag.py:540} INFO - Filling up the DagBag from /Users/vybhavswaroop/Desktop/untitled folder 3/ecommerce_platform/venv/lib/python3.11/site-packages/airflow/example_dags/example_python_decorator.py
[2026-03-18T07:55:50.237+0530] {logging_mixin.py:188} INFO - [2026-03-18T07:55:50.237+0530] {example_python_decorator.py:79} WARNING - The virtalenv_python example task requires virtualenv, please install it.
[2026-03-18T07:55:50.238+0530] {processor.py:840} INFO - DAG(s) 'example_python_decorator' retrieved from /Users/vybhavswaroop/Desktop/untitled folder 3/ecommerce_platform/venv/lib/python3.11/site-packages/airflow/example_dags/example_python_decorator.py
[2026-03-18T07:55:50.272+0530] {logging_mixin.py:188} INFO - [2026-03-18T07:55:50.272+0530] {dag.py:3047} INFO - Sync 1 DAGs
[2026-03-18T07:55:50.274+0530] {logging_mixin.py:188} INFO - [2026-03-18T07:55:50.274+0530] {dag.py:3834} INFO - Setting next_dagrun for example_python_decorator to None, run_after=None
[2026-03-18T07:55:50.280+0530] {processor.py:183} INFO - Processing /Users/vybhavswaroop/Desktop/untitled folder 3/ecommerce_platform/venv/lib/python3.11/site-packages/airflow/example_dags/example_python_decorator.py took 0.057 seconds
[2026-03-18T07:58:43.027+0530] {processor.py:161} INFO - Started process (PID=11748) to work on /Users/vybhavswaroop/Desktop/untitled folder 3/ecommerce_platform/venv/lib/python3.11/site-packages/airflow/example_dags/example_python_decorator.py
[2026-03-18T07:58:43.028+0530] {processor.py:830} INFO - Processing file /Users/vybhavswaroop/Desktop/untitled folder 3/ecommerce_platform/venv/lib/python3.11/site-packages/airflow/example_dags/example_python_decorator.py for tasks to queue
[2026-03-18T07:58:43.029+0530] {logging_mixin.py:188} INFO - [2026-03-18T07:58:43.029+0530] {dagbag.py:540} INFO - Filling up the DagBag from /Users/vybhavswaroop/Desktop/untitled folder 3/ecommerce_platform/venv/lib/python3.11/site-packages/airflow/example_dags/example_python_decorator.py
[2026-03-18T07:58:43.042+0530] {logging_mixin.py:188} INFO - [2026-03-18T07:58:43.042+0530] {example_python_decorator.py:79} WARNING - The virtalenv_python example task requires virtualenv, please install it.
[2026-03-18T07:58:43.043+0530] {processor.py:840} INFO - DAG(s) 'example_python_decorator' retrieved from /Users/vybhavswaroop/Desktop/untitled folder 3/ecommerce_platform/venv/lib/python3.11/site-packages/airflow/example_dags/example_python_decorator.py
[2026-03-18T07:58:43.080+0530] {logging_mixin.py:188} INFO - [2026-03-18T07:58:43.079+0530] {dag.py:3047} INFO - Sync 1 DAGs
[2026-03-18T07:58:43.082+0530] {logging_mixin.py:188} INFO - [2026-03-18T07:58:43.082+0530] {dag.py:3834} INFO - Setting next_dagrun for example_python_decorator to None, run_after=None
[2026-03-18T07:58:43.088+0530] {processor.py:183} INFO - Processing /Users/vybhavswaroop/Desktop/untitled folder 3/ecommerce_platform/venv/lib/python3.11/site-packages/airflow/example_dags/example_python_decorator.py took 0.062 seconds
