[2026-03-18T05:59:20.618+0530] {processor.py:161} INFO - Started process (PID=97425) to work on /Users/vybhavswaroop/Desktop/untitled folder 3/ecommerce_platform/venv/lib/python3.11/site-packages/airflow/example_dags/example_time_delta_sensor_async.py
[2026-03-18T05:59:20.619+0530] {processor.py:830} INFO - Processing file /Users/vybhavswaroop/Desktop/untitled folder 3/ecommerce_platform/venv/lib/python3.11/site-packages/airflow/example_dags/example_time_delta_sensor_async.py for tasks to queue
[2026-03-18T05:59:20.619+0530] {logging_mixin.py:188} INFO - [2026-03-18T05:59:20.619+0530] {dagbag.py:540} INFO - Filling up the DagBag from /Users/vybhavswaroop/Desktop/untitled folder 3/ecommerce_platform/venv/lib/python3.11/site-packages/airflow/example_dags/example_time_delta_sensor_async.py
[2026-03-18T05:59:20.622+0530] {processor.py:840} INFO - DAG(s) 'example_time_delta_sensor_async' retrieved from /Users/vybhavswaroop/Desktop/untitled folder 3/ecommerce_platform/venv/lib/python3.11/site-packages/airflow/example_dags/example_time_delta_sensor_async.py
[2026-03-18T05:59:20.665+0530] {logging_mixin.py:188} INFO - [2026-03-18T05:59:20.665+0530] {dag.py:3047} INFO - Sync 1 DAGs
[2026-03-18T05:59:20.668+0530] {logging_mixin.py:188} INFO - [2026-03-18T05:59:20.668+0530] {dag.py:3834} INFO - Setting next_dagrun for example_time_delta_sensor_async to None, run_after=None
[2026-03-18T05:59:20.676+0530] {processor.py:183} INFO - Processing /Users/vybhavswaroop/Desktop/untitled folder 3/ecommerce_platform/venv/lib/python3.11/site-packages/airflow/example_dags/example_time_delta_sensor_async.py took 0.058 seconds
[2026-03-18T07:20:13.469+0530] {processor.py:161} INFO - Started process (PID=99871) to work on /Users/vybhavswaroop/Desktop/untitled folder 3/ecommerce_platform/venv/lib/python3.11/site-packages/airflow/example_dags/example_time_delta_sensor_async.py
[2026-03-18T07:20:13.470+0530] {processor.py:830} INFO - Processing file /Users/vybhavswaroop/Desktop/untitled folder 3/ecommerce_platform/venv/lib/python3.11/site-packages/airflow/example_dags/example_time_delta_sensor_async.py for tasks to queue
[2026-03-18T07:20:13.470+0530] {logging_mixin.py:188} INFO - [2026-03-18T07:20:13.470+0530] {dagbag.py:540} INFO - Filling up the DagBag from /Users/vybhavswaroop/Desktop/untitled folder 3/ecommerce_platform/venv/lib/python3.11/site-packages/airflow/example_dags/example_time_delta_sensor_async.py
[2026-03-18T07:20:13.473+0530] {processor.py:840} INFO - DAG(s) 'example_time_delta_sensor_async' retrieved from /Users/vybhavswaroop/Desktop/untitled folder 3/ecommerce_platform/venv/lib/python3.11/site-packages/airflow/example_dags/example_time_delta_sensor_async.py
[2026-03-18T07:20:13.515+0530] {logging_mixin.py:188} INFO - [2026-03-18T07:20:13.515+0530] {dag.py:3047} INFO - Sync 1 DAGs
[2026-03-18T07:20:13.519+0530] {logging_mixin.py:188} INFO - [2026-03-18T07:20:13.519+0530] {dag.py:3834} INFO - Setting next_dagrun for example_time_delta_sensor_async to None, run_after=None
[2026-03-18T07:20:13.526+0530] {processor.py:183} INFO - Processing /Users/vybhavswaroop/Desktop/untitled folder 3/ecommerce_platform/venv/lib/python3.11/site-packages/airflow/example_dags/example_time_delta_sensor_async.py took 0.057 seconds
[2026-03-18T07:21:09.782+0530] {processor.py:161} INFO - Started process (PID=1790) to work on /Users/vybhavswaroop/Desktop/untitled folder 3/ecommerce_platform/venv/lib/python3.11/site-packages/airflow/example_dags/example_time_delta_sensor_async.py
[2026-03-18T07:21:09.783+0530] {processor.py:830} INFO - Processing file /Users/vybhavswaroop/Desktop/untitled folder 3/ecommerce_platform/venv/lib/python3.11/site-packages/airflow/example_dags/example_time_delta_sensor_async.py for tasks to queue
[2026-03-18T07:21:09.783+0530] {logging_mixin.py:188} INFO - [2026-03-18T07:21:09.783+0530] {dagbag.py:540} INFO - Filling up the DagBag from /Users/vybhavswaroop/Desktop/untitled folder 3/ecommerce_platform/venv/lib/python3.11/site-packages/airflow/example_dags/example_time_delta_sensor_async.py
[2026-03-18T07:21:09.786+0530] {processor.py:840} INFO - DAG(s) 'example_time_delta_sensor_async' retrieved from /Users/vybhavswaroop/Desktop/untitled folder 3/ecommerce_platform/venv/lib/python3.11/site-packages/airflow/example_dags/example_time_delta_sensor_async.py
[2026-03-18T07:21:09.824+0530] {logging_mixin.py:188} INFO - [2026-03-18T07:21:09.824+0530] {dag.py:3047} INFO - Sync 1 DAGs
[2026-03-18T07:21:09.827+0530] {logging_mixin.py:188} INFO - [2026-03-18T07:21:09.827+0530] {dag.py:3834} INFO - Setting next_dagrun for example_time_delta_sensor_async to None, run_after=None
[2026-03-18T07:21:09.833+0530] {processor.py:183} INFO - Processing /Users/vybhavswaroop/Desktop/untitled folder 3/ecommerce_platform/venv/lib/python3.11/site-packages/airflow/example_dags/example_time_delta_sensor_async.py took 0.052 seconds
[2026-03-18T07:22:08.203+0530] {processor.py:161} INFO - Started process (PID=2963) to work on /Users/vybhavswaroop/Desktop/untitled folder 3/ecommerce_platform/venv/lib/python3.11/site-packages/airflow/example_dags/example_time_delta_sensor_async.py
[2026-03-18T07:22:08.203+0530] {processor.py:830} INFO - Processing file /Users/vybhavswaroop/Desktop/untitled folder 3/ecommerce_platform/venv/lib/python3.11/site-packages/airflow/example_dags/example_time_delta_sensor_async.py for tasks to queue
[2026-03-18T07:22:08.204+0530] {logging_mixin.py:188} INFO - [2026-03-18T07:22:08.204+0530] {dagbag.py:540} INFO - Filling up the DagBag from /Users/vybhavswaroop/Desktop/untitled folder 3/ecommerce_platform/venv/lib/python3.11/site-packages/airflow/example_dags/example_time_delta_sensor_async.py
[2026-03-18T07:22:08.207+0530] {processor.py:840} INFO - DAG(s) 'example_time_delta_sensor_async' retrieved from /Users/vybhavswaroop/Desktop/untitled folder 3/ecommerce_platform/venv/lib/python3.11/site-packages/airflow/example_dags/example_time_delta_sensor_async.py
[2026-03-18T07:22:08.275+0530] {logging_mixin.py:188} INFO - [2026-03-18T07:22:08.275+0530] {dag.py:3047} INFO - Sync 1 DAGs
[2026-03-18T07:22:08.278+0530] {logging_mixin.py:188} INFO - [2026-03-18T07:22:08.278+0530] {dag.py:3834} INFO - Setting next_dagrun for example_time_delta_sensor_async to None, run_after=None
[2026-03-18T07:22:08.285+0530] {processor.py:183} INFO - Processing /Users/vybhavswaroop/Desktop/untitled folder 3/ecommerce_platform/venv/lib/python3.11/site-packages/airflow/example_dags/example_time_delta_sensor_async.py took 0.082 seconds
[2026-03-18T07:24:08.976+0530] {processor.py:161} INFO - Started process (PID=3377) to work on /Users/vybhavswaroop/Desktop/untitled folder 3/ecommerce_platform/venv/lib/python3.11/site-packages/airflow/example_dags/example_time_delta_sensor_async.py
[2026-03-18T07:24:08.977+0530] {processor.py:830} INFO - Processing file /Users/vybhavswaroop/Desktop/untitled folder 3/ecommerce_platform/venv/lib/python3.11/site-packages/airflow/example_dags/example_time_delta_sensor_async.py for tasks to queue
[2026-03-18T07:24:08.978+0530] {logging_mixin.py:188} INFO - [2026-03-18T07:24:08.978+0530] {dagbag.py:540} INFO - Filling up the DagBag from /Users/vybhavswaroop/Desktop/untitled folder 3/ecommerce_platform/venv/lib/python3.11/site-packages/airflow/example_dags/example_time_delta_sensor_async.py
[2026-03-18T07:24:08.981+0530] {processor.py:840} INFO - DAG(s) 'example_time_delta_sensor_async' retrieved from /Users/vybhavswaroop/Desktop/untitled folder 3/ecommerce_platform/venv/lib/python3.11/site-packages/airflow/example_dags/example_time_delta_sensor_async.py
[2026-03-18T07:24:09.022+0530] {logging_mixin.py:188} INFO - [2026-03-18T07:24:09.022+0530] {dag.py:3047} INFO - Sync 1 DAGs
[2026-03-18T07:24:09.026+0530] {logging_mixin.py:188} INFO - [2026-03-18T07:24:09.025+0530] {dag.py:3834} INFO - Setting next_dagrun for example_time_delta_sensor_async to None, run_after=None
[2026-03-18T07:24:09.032+0530] {processor.py:183} INFO - Processing /Users/vybhavswaroop/Desktop/untitled folder 3/ecommerce_platform/venv/lib/python3.11/site-packages/airflow/example_dags/example_time_delta_sensor_async.py took 0.056 seconds
[2026-03-18T07:25:34.721+0530] {processor.py:161} INFO - Started process (PID=3629) to work on /Users/vybhavswaroop/Desktop/untitled folder 3/ecommerce_platform/venv/lib/python3.11/site-packages/airflow/example_dags/example_time_delta_sensor_async.py
[2026-03-18T07:25:34.721+0530] {processor.py:830} INFO - Processing file /Users/vybhavswaroop/Desktop/untitled folder 3/ecommerce_platform/venv/lib/python3.11/site-packages/airflow/example_dags/example_time_delta_sensor_async.py for tasks to queue
[2026-03-18T07:25:34.721+0530] {logging_mixin.py:188} INFO - [2026-03-18T07:25:34.721+0530] {dagbag.py:540} INFO - Filling up the DagBag from /Users/vybhavswaroop/Desktop/untitled folder 3/ecommerce_platform/venv/lib/python3.11/site-packages/airflow/example_dags/example_time_delta_sensor_async.py
[2026-03-18T07:25:34.725+0530] {processor.py:840} INFO - DAG(s) 'example_time_delta_sensor_async' retrieved from /Users/vybhavswaroop/Desktop/untitled folder 3/ecommerce_platform/venv/lib/python3.11/site-packages/airflow/example_dags/example_time_delta_sensor_async.py
[2026-03-18T07:25:34.765+0530] {logging_mixin.py:188} INFO - [2026-03-18T07:25:34.765+0530] {dag.py:3047} INFO - Sync 1 DAGs
[2026-03-18T07:25:34.768+0530] {logging_mixin.py:188} INFO - [2026-03-18T07:25:34.768+0530] {dag.py:3834} INFO - Setting next_dagrun for example_time_delta_sensor_async to None, run_after=None
[2026-03-18T07:25:34.774+0530] {processor.py:183} INFO - Processing /Users/vybhavswaroop/Desktop/untitled folder 3/ecommerce_platform/venv/lib/python3.11/site-packages/airflow/example_dags/example_time_delta_sensor_async.py took 0.054 seconds
[2026-03-18T07:26:59.283+0530] {processor.py:161} INFO - Started process (PID=3879) to work on /Users/vybhavswaroop/Desktop/untitled folder 3/ecommerce_platform/venv/lib/python3.11/site-packages/airflow/example_dags/example_time_delta_sensor_async.py
[2026-03-18T07:26:59.283+0530] {processor.py:830} INFO - Processing file /Users/vybhavswaroop/Desktop/untitled folder 3/ecommerce_platform/venv/lib/python3.11/site-packages/airflow/example_dags/example_time_delta_sensor_async.py for tasks to queue
[2026-03-18T07:26:59.284+0530] {logging_mixin.py:188} INFO - [2026-03-18T07:26:59.284+0530] {dagbag.py:540} INFO - Filling up the DagBag from /Users/vybhavswaroop/Desktop/untitled folder 3/ecommerce_platform/venv/lib/python3.11/site-packages/airflow/example_dags/example_time_delta_sensor_async.py
[2026-03-18T07:26:59.286+0530] {processor.py:840} INFO - DAG(s) 'example_time_delta_sensor_async' retrieved from /Users/vybhavswaroop/Desktop/untitled folder 3/ecommerce_platform/venv/lib/python3.11/site-packages/airflow/example_dags/example_time_delta_sensor_async.py
[2026-03-18T07:26:59.327+0530] {logging_mixin.py:188} INFO - [2026-03-18T07:26:59.327+0530] {dag.py:3047} INFO - Sync 1 DAGs
[2026-03-18T07:26:59.330+0530] {logging_mixin.py:188} INFO - [2026-03-18T07:26:59.330+0530] {dag.py:3834} INFO - Setting next_dagrun for example_time_delta_sensor_async to None, run_after=None
[2026-03-18T07:26:59.336+0530] {processor.py:183} INFO - Processing /Users/vybhavswaroop/Desktop/untitled folder 3/ecommerce_platform/venv/lib/python3.11/site-packages/airflow/example_dags/example_time_delta_sensor_async.py took 0.054 seconds
[2026-03-18T07:28:21.644+0530] {processor.py:161} INFO - Started process (PID=4124) to work on /Users/vybhavswaroop/Desktop/untitled folder 3/ecommerce_platform/venv/lib/python3.11/site-packages/airflow/example_dags/example_time_delta_sensor_async.py
[2026-03-18T07:28:21.645+0530] {processor.py:830} INFO - Processing file /Users/vybhavswaroop/Desktop/untitled folder 3/ecommerce_platform/venv/lib/python3.11/site-packages/airflow/example_dags/example_time_delta_sensor_async.py for tasks to queue
[2026-03-18T07:28:21.645+0530] {logging_mixin.py:188} INFO - [2026-03-18T07:28:21.645+0530] {dagbag.py:540} INFO - Filling up the DagBag from /Users/vybhavswaroop/Desktop/untitled folder 3/ecommerce_platform/venv/lib/python3.11/site-packages/airflow/example_dags/example_time_delta_sensor_async.py
[2026-03-18T07:28:21.648+0530] {processor.py:840} INFO - DAG(s) 'example_time_delta_sensor_async' retrieved from /Users/vybhavswaroop/Desktop/untitled folder 3/ecommerce_platform/venv/lib/python3.11/site-packages/airflow/example_dags/example_time_delta_sensor_async.py
[2026-03-18T07:28:21.687+0530] {logging_mixin.py:188} INFO - [2026-03-18T07:28:21.687+0530] {dag.py:3047} INFO - Sync 1 DAGs
[2026-03-18T07:28:21.691+0530] {logging_mixin.py:188} INFO - [2026-03-18T07:28:21.690+0530] {dag.py:3834} INFO - Setting next_dagrun for example_time_delta_sensor_async to None, run_after=None
[2026-03-18T07:28:21.697+0530] {processor.py:183} INFO - Processing /Users/vybhavswaroop/Desktop/untitled folder 3/ecommerce_platform/venv/lib/python3.11/site-packages/airflow/example_dags/example_time_delta_sensor_async.py took 0.053 seconds
[2026-03-18T07:29:42.441+0530] {processor.py:161} INFO - Started process (PID=4363) to work on /Users/vybhavswaroop/Desktop/untitled folder 3/ecommerce_platform/venv/lib/python3.11/site-packages/airflow/example_dags/example_time_delta_sensor_async.py
[2026-03-18T07:29:42.442+0530] {processor.py:830} INFO - Processing file /Users/vybhavswaroop/Desktop/untitled folder 3/ecommerce_platform/venv/lib/python3.11/site-packages/airflow/example_dags/example_time_delta_sensor_async.py for tasks to queue
[2026-03-18T07:29:42.442+0530] {logging_mixin.py:188} INFO - [2026-03-18T07:29:42.442+0530] {dagbag.py:540} INFO - Filling up the DagBag from /Users/vybhavswaroop/Desktop/untitled folder 3/ecommerce_platform/venv/lib/python3.11/site-packages/airflow/example_dags/example_time_delta_sensor_async.py
[2026-03-18T07:29:42.444+0530] {processor.py:840} INFO - DAG(s) 'example_time_delta_sensor_async' retrieved from /Users/vybhavswaroop/Desktop/untitled folder 3/ecommerce_platform/venv/lib/python3.11/site-packages/airflow/example_dags/example_time_delta_sensor_async.py
[2026-03-18T07:29:42.484+0530] {logging_mixin.py:188} INFO - [2026-03-18T07:29:42.484+0530] {dag.py:3047} INFO - Sync 1 DAGs
[2026-03-18T07:29:42.487+0530] {logging_mixin.py:188} INFO - [2026-03-18T07:29:42.487+0530] {dag.py:3834} INFO - Setting next_dagrun for example_time_delta_sensor_async to None, run_after=None
[2026-03-18T07:29:42.493+0530] {processor.py:183} INFO - Processing /Users/vybhavswaroop/Desktop/untitled folder 3/ecommerce_platform/venv/lib/python3.11/site-packages/airflow/example_dags/example_time_delta_sensor_async.py took 0.052 seconds
[2026-03-18T07:31:03.602+0530] {processor.py:161} INFO - Started process (PID=4604) to work on /Users/vybhavswaroop/Desktop/untitled folder 3/ecommerce_platform/venv/lib/python3.11/site-packages/airflow/example_dags/example_time_delta_sensor_async.py
[2026-03-18T07:31:03.603+0530] {processor.py:830} INFO - Processing file /Users/vybhavswaroop/Desktop/untitled folder 3/ecommerce_platform/venv/lib/python3.11/site-packages/airflow/example_dags/example_time_delta_sensor_async.py for tasks to queue
[2026-03-18T07:31:03.603+0530] {logging_mixin.py:188} INFO - [2026-03-18T07:31:03.603+0530] {dagbag.py:540} INFO - Filling up the DagBag from /Users/vybhavswaroop/Desktop/untitled folder 3/ecommerce_platform/venv/lib/python3.11/site-packages/airflow/example_dags/example_time_delta_sensor_async.py
[2026-03-18T07:31:03.605+0530] {processor.py:840} INFO - DAG(s) 'example_time_delta_sensor_async' retrieved from /Users/vybhavswaroop/Desktop/untitled folder 3/ecommerce_platform/venv/lib/python3.11/site-packages/airflow/example_dags/example_time_delta_sensor_async.py
[2026-03-18T07:31:03.645+0530] {logging_mixin.py:188} INFO - [2026-03-18T07:31:03.645+0530] {dag.py:3047} INFO - Sync 1 DAGs
[2026-03-18T07:31:03.648+0530] {logging_mixin.py:188} INFO - [2026-03-18T07:31:03.648+0530] {dag.py:3834} INFO - Setting next_dagrun for example_time_delta_sensor_async to None, run_after=None
[2026-03-18T07:31:03.655+0530] {processor.py:183} INFO - Processing /Users/vybhavswaroop/Desktop/untitled folder 3/ecommerce_platform/venv/lib/python3.11/site-packages/airflow/example_dags/example_time_delta_sensor_async.py took 0.053 seconds
[2026-03-18T07:32:28.172+0530] {processor.py:161} INFO - Started process (PID=4854) to work on /Users/vybhavswaroop/Desktop/untitled folder 3/ecommerce_platform/venv/lib/python3.11/site-packages/airflow/example_dags/example_time_delta_sensor_async.py
[2026-03-18T07:32:28.173+0530] {processor.py:830} INFO - Processing file /Users/vybhavswaroop/Desktop/untitled folder 3/ecommerce_platform/venv/lib/python3.11/site-packages/airflow/example_dags/example_time_delta_sensor_async.py for tasks to queue
[2026-03-18T07:32:28.173+0530] {logging_mixin.py:188} INFO - [2026-03-18T07:32:28.173+0530] {dagbag.py:540} INFO - Filling up the DagBag from /Users/vybhavswaroop/Desktop/untitled folder 3/ecommerce_platform/venv/lib/python3.11/site-packages/airflow/example_dags/example_time_delta_sensor_async.py
[2026-03-18T07:32:28.176+0530] {processor.py:840} INFO - DAG(s) 'example_time_delta_sensor_async' retrieved from /Users/vybhavswaroop/Desktop/untitled folder 3/ecommerce_platform/venv/lib/python3.11/site-packages/airflow/example_dags/example_time_delta_sensor_async.py
[2026-03-18T07:32:28.216+0530] {logging_mixin.py:188} INFO - [2026-03-18T07:32:28.216+0530] {dag.py:3047} INFO - Sync 1 DAGs
[2026-03-18T07:32:28.219+0530] {logging_mixin.py:188} INFO - [2026-03-18T07:32:28.219+0530] {dag.py:3834} INFO - Setting next_dagrun for example_time_delta_sensor_async to None, run_after=None
[2026-03-18T07:32:28.226+0530] {processor.py:183} INFO - Processing /Users/vybhavswaroop/Desktop/untitled folder 3/ecommerce_platform/venv/lib/python3.11/site-packages/airflow/example_dags/example_time_delta_sensor_async.py took 0.054 seconds
[2026-03-18T07:33:51.965+0530] {processor.py:161} INFO - Started process (PID=5098) to work on /Users/vybhavswaroop/Desktop/untitled folder 3/ecommerce_platform/venv/lib/python3.11/site-packages/airflow/example_dags/example_time_delta_sensor_async.py
[2026-03-18T07:33:51.965+0530] {processor.py:830} INFO - Processing file /Users/vybhavswaroop/Desktop/untitled folder 3/ecommerce_platform/venv/lib/python3.11/site-packages/airflow/example_dags/example_time_delta_sensor_async.py for tasks to queue
[2026-03-18T07:33:51.966+0530] {logging_mixin.py:188} INFO - [2026-03-18T07:33:51.966+0530] {dagbag.py:540} INFO - Filling up the DagBag from /Users/vybhavswaroop/Desktop/untitled folder 3/ecommerce_platform/venv/lib/python3.11/site-packages/airflow/example_dags/example_time_delta_sensor_async.py
[2026-03-18T07:33:51.969+0530] {processor.py:840} INFO - DAG(s) 'example_time_delta_sensor_async' retrieved from /Users/vybhavswaroop/Desktop/untitled folder 3/ecommerce_platform/venv/lib/python3.11/site-packages/airflow/example_dags/example_time_delta_sensor_async.py
[2026-03-18T07:33:52.010+0530] {logging_mixin.py:188} INFO - [2026-03-18T07:33:52.010+0530] {dag.py:3047} INFO - Sync 1 DAGs
[2026-03-18T07:33:52.013+0530] {logging_mixin.py:188} INFO - [2026-03-18T07:33:52.013+0530] {dag.py:3834} INFO - Setting next_dagrun for example_time_delta_sensor_async to None, run_after=None
[2026-03-18T07:33:52.020+0530] {processor.py:183} INFO - Processing /Users/vybhavswaroop/Desktop/untitled folder 3/ecommerce_platform/venv/lib/python3.11/site-packages/airflow/example_dags/example_time_delta_sensor_async.py took 0.056 seconds
[2026-03-18T07:35:26.017+0530] {processor.py:161} INFO - Started process (PID=5426) to work on /Users/vybhavswaroop/Desktop/untitled folder 3/ecommerce_platform/venv/lib/python3.11/site-packages/airflow/example_dags/example_time_delta_sensor_async.py
[2026-03-18T07:35:26.018+0530] {processor.py:830} INFO - Processing file /Users/vybhavswaroop/Desktop/untitled folder 3/ecommerce_platform/venv/lib/python3.11/site-packages/airflow/example_dags/example_time_delta_sensor_async.py for tasks to queue
[2026-03-18T07:35:26.018+0530] {logging_mixin.py:188} INFO - [2026-03-18T07:35:26.018+0530] {dagbag.py:540} INFO - Filling up the DagBag from /Users/vybhavswaroop/Desktop/untitled folder 3/ecommerce_platform/venv/lib/python3.11/site-packages/airflow/example_dags/example_time_delta_sensor_async.py
[2026-03-18T07:35:26.022+0530] {processor.py:840} INFO - DAG(s) 'example_time_delta_sensor_async' retrieved from /Users/vybhavswaroop/Desktop/untitled folder 3/ecommerce_platform/venv/lib/python3.11/site-packages/airflow/example_dags/example_time_delta_sensor_async.py
[2026-03-18T07:35:26.061+0530] {logging_mixin.py:188} INFO - [2026-03-18T07:35:26.061+0530] {dag.py:3047} INFO - Sync 1 DAGs
[2026-03-18T07:35:26.065+0530] {logging_mixin.py:188} INFO - [2026-03-18T07:35:26.064+0530] {dag.py:3834} INFO - Setting next_dagrun for example_time_delta_sensor_async to None, run_after=None
[2026-03-18T07:35:26.071+0530] {processor.py:183} INFO - Processing /Users/vybhavswaroop/Desktop/untitled folder 3/ecommerce_platform/venv/lib/python3.11/site-packages/airflow/example_dags/example_time_delta_sensor_async.py took 0.054 seconds
[2026-03-18T07:36:58.657+0530] {processor.py:161} INFO - Started process (PID=5696) to work on /Users/vybhavswaroop/Desktop/untitled folder 3/ecommerce_platform/venv/lib/python3.11/site-packages/airflow/example_dags/example_time_delta_sensor_async.py
[2026-03-18T07:36:58.657+0530] {processor.py:830} INFO - Processing file /Users/vybhavswaroop/Desktop/untitled folder 3/ecommerce_platform/venv/lib/python3.11/site-packages/airflow/example_dags/example_time_delta_sensor_async.py for tasks to queue
[2026-03-18T07:36:58.658+0530] {logging_mixin.py:188} INFO - [2026-03-18T07:36:58.658+0530] {dagbag.py:540} INFO - Filling up the DagBag from /Users/vybhavswaroop/Desktop/untitled folder 3/ecommerce_platform/venv/lib/python3.11/site-packages/airflow/example_dags/example_time_delta_sensor_async.py
[2026-03-18T07:36:58.661+0530] {processor.py:840} INFO - DAG(s) 'example_time_delta_sensor_async' retrieved from /Users/vybhavswaroop/Desktop/untitled folder 3/ecommerce_platform/venv/lib/python3.11/site-packages/airflow/example_dags/example_time_delta_sensor_async.py
[2026-03-18T07:36:58.700+0530] {logging_mixin.py:188} INFO - [2026-03-18T07:36:58.700+0530] {dag.py:3047} INFO - Sync 1 DAGs
[2026-03-18T07:36:58.703+0530] {logging_mixin.py:188} INFO - [2026-03-18T07:36:58.703+0530] {dag.py:3834} INFO - Setting next_dagrun for example_time_delta_sensor_async to None, run_after=None
[2026-03-18T07:36:58.709+0530] {processor.py:183} INFO - Processing /Users/vybhavswaroop/Desktop/untitled folder 3/ecommerce_platform/venv/lib/python3.11/site-packages/airflow/example_dags/example_time_delta_sensor_async.py took 0.053 seconds
[2026-03-18T07:38:29.513+0530] {processor.py:161} INFO - Started process (PID=6015) to work on /Users/vybhavswaroop/Desktop/untitled folder 3/ecommerce_platform/venv/lib/python3.11/site-packages/airflow/example_dags/example_time_delta_sensor_async.py
[2026-03-18T07:38:29.515+0530] {processor.py:830} INFO - Processing file /Users/vybhavswaroop/Desktop/untitled folder 3/ecommerce_platform/venv/lib/python3.11/site-packages/airflow/example_dags/example_time_delta_sensor_async.py for tasks to queue
[2026-03-18T07:38:29.515+0530] {logging_mixin.py:188} INFO - [2026-03-18T07:38:29.515+0530] {dagbag.py:540} INFO - Filling up the DagBag from /Users/vybhavswaroop/Desktop/untitled folder 3/ecommerce_platform/venv/lib/python3.11/site-packages/airflow/example_dags/example_time_delta_sensor_async.py
[2026-03-18T07:38:29.519+0530] {processor.py:840} INFO - DAG(s) 'example_time_delta_sensor_async' retrieved from /Users/vybhavswaroop/Desktop/untitled folder 3/ecommerce_platform/venv/lib/python3.11/site-packages/airflow/example_dags/example_time_delta_sensor_async.py
[2026-03-18T07:38:29.558+0530] {logging_mixin.py:188} INFO - [2026-03-18T07:38:29.558+0530] {dag.py:3047} INFO - Sync 1 DAGs
[2026-03-18T07:38:29.561+0530] {logging_mixin.py:188} INFO - [2026-03-18T07:38:29.561+0530] {dag.py:3834} INFO - Setting next_dagrun for example_time_delta_sensor_async to None, run_after=None
[2026-03-18T07:38:29.567+0530] {processor.py:183} INFO - Processing /Users/vybhavswaroop/Desktop/untitled folder 3/ecommerce_platform/venv/lib/python3.11/site-packages/airflow/example_dags/example_time_delta_sensor_async.py took 0.055 seconds
[2026-03-18T07:39:54.201+0530] {processor.py:161} INFO - Started process (PID=6293) to work on /Users/vybhavswaroop/Desktop/untitled folder 3/ecommerce_platform/venv/lib/python3.11/site-packages/airflow/example_dags/example_time_delta_sensor_async.py
[2026-03-18T07:39:54.203+0530] {processor.py:830} INFO - Processing file /Users/vybhavswaroop/Desktop/untitled folder 3/ecommerce_platform/venv/lib/python3.11/site-packages/airflow/example_dags/example_time_delta_sensor_async.py for tasks to queue
[2026-03-18T07:39:54.203+0530] {logging_mixin.py:188} INFO - [2026-03-18T07:39:54.203+0530] {dagbag.py:540} INFO - Filling up the DagBag from /Users/vybhavswaroop/Desktop/untitled folder 3/ecommerce_platform/venv/lib/python3.11/site-packages/airflow/example_dags/example_time_delta_sensor_async.py
[2026-03-18T07:39:54.206+0530] {processor.py:840} INFO - DAG(s) 'example_time_delta_sensor_async' retrieved from /Users/vybhavswaroop/Desktop/untitled folder 3/ecommerce_platform/venv/lib/python3.11/site-packages/airflow/example_dags/example_time_delta_sensor_async.py
[2026-03-18T07:39:54.247+0530] {logging_mixin.py:188} INFO - [2026-03-18T07:39:54.246+0530] {dag.py:3047} INFO - Sync 1 DAGs
[2026-03-18T07:39:54.250+0530] {logging_mixin.py:188} INFO - [2026-03-18T07:39:54.250+0530] {dag.py:3834} INFO - Setting next_dagrun for example_time_delta_sensor_async to None, run_after=None
[2026-03-18T07:39:54.258+0530] {processor.py:183} INFO - Processing /Users/vybhavswaroop/Desktop/untitled folder 3/ecommerce_platform/venv/lib/python3.11/site-packages/airflow/example_dags/example_time_delta_sensor_async.py took 0.057 seconds
[2026-03-18T07:41:30.268+0530] {processor.py:161} INFO - Started process (PID=6641) to work on /Users/vybhavswaroop/Desktop/untitled folder 3/ecommerce_platform/venv/lib/python3.11/site-packages/airflow/example_dags/example_time_delta_sensor_async.py
[2026-03-18T07:41:30.269+0530] {processor.py:830} INFO - Processing file /Users/vybhavswaroop/Desktop/untitled folder 3/ecommerce_platform/venv/lib/python3.11/site-packages/airflow/example_dags/example_time_delta_sensor_async.py for tasks to queue
[2026-03-18T07:41:30.270+0530] {logging_mixin.py:188} INFO - [2026-03-18T07:41:30.270+0530] {dagbag.py:540} INFO - Filling up the DagBag from /Users/vybhavswaroop/Desktop/untitled folder 3/ecommerce_platform/venv/lib/python3.11/site-packages/airflow/example_dags/example_time_delta_sensor_async.py
[2026-03-18T07:41:30.273+0530] {processor.py:840} INFO - DAG(s) 'example_time_delta_sensor_async' retrieved from /Users/vybhavswaroop/Desktop/untitled folder 3/ecommerce_platform/venv/lib/python3.11/site-packages/airflow/example_dags/example_time_delta_sensor_async.py
[2026-03-18T07:41:30.315+0530] {logging_mixin.py:188} INFO - [2026-03-18T07:41:30.315+0530] {dag.py:3047} INFO - Sync 1 DAGs
[2026-03-18T07:41:30.319+0530] {logging_mixin.py:188} INFO - [2026-03-18T07:41:30.319+0530] {dag.py:3834} INFO - Setting next_dagrun for example_time_delta_sensor_async to None, run_after=None
[2026-03-18T07:41:30.326+0530] {processor.py:183} INFO - Processing /Users/vybhavswaroop/Desktop/untitled folder 3/ecommerce_platform/venv/lib/python3.11/site-packages/airflow/example_dags/example_time_delta_sensor_async.py took 0.058 seconds
[2026-03-18T07:43:08.163+0530] {processor.py:161} INFO - Started process (PID=7005) to work on /Users/vybhavswaroop/Desktop/untitled folder 3/ecommerce_platform/venv/lib/python3.11/site-packages/airflow/example_dags/example_time_delta_sensor_async.py
[2026-03-18T07:43:08.164+0530] {processor.py:830} INFO - Processing file /Users/vybhavswaroop/Desktop/untitled folder 3/ecommerce_platform/venv/lib/python3.11/site-packages/airflow/example_dags/example_time_delta_sensor_async.py for tasks to queue
[2026-03-18T07:43:08.165+0530] {logging_mixin.py:188} INFO - [2026-03-18T07:43:08.165+0530] {dagbag.py:540} INFO - Filling up the DagBag from /Users/vybhavswaroop/Desktop/untitled folder 3/ecommerce_platform/venv/lib/python3.11/site-packages/airflow/example_dags/example_time_delta_sensor_async.py
[2026-03-18T07:43:08.168+0530] {processor.py:840} INFO - DAG(s) 'example_time_delta_sensor_async' retrieved from /Users/vybhavswaroop/Desktop/untitled folder 3/ecommerce_platform/venv/lib/python3.11/site-packages/airflow/example_dags/example_time_delta_sensor_async.py
[2026-03-18T07:43:08.210+0530] {logging_mixin.py:188} INFO - [2026-03-18T07:43:08.210+0530] {dag.py:3047} INFO - Sync 1 DAGs
[2026-03-18T07:43:08.213+0530] {logging_mixin.py:188} INFO - [2026-03-18T07:43:08.213+0530] {dag.py:3834} INFO - Setting next_dagrun for example_time_delta_sensor_async to None, run_after=None
[2026-03-18T07:43:08.220+0530] {processor.py:183} INFO - Processing /Users/vybhavswaroop/Desktop/untitled folder 3/ecommerce_platform/venv/lib/python3.11/site-packages/airflow/example_dags/example_time_delta_sensor_async.py took 0.057 seconds
[2026-03-18T07:44:41.276+0530] {processor.py:161} INFO - Started process (PID=7347) to work on /Users/vybhavswaroop/Desktop/untitled folder 3/ecommerce_platform/venv/lib/python3.11/site-packages/airflow/example_dags/example_time_delta_sensor_async.py
[2026-03-18T07:44:41.277+0530] {processor.py:830} INFO - Processing file /Users/vybhavswaroop/Desktop/untitled folder 3/ecommerce_platform/venv/lib/python3.11/site-packages/airflow/example_dags/example_time_delta_sensor_async.py for tasks to queue
[2026-03-18T07:44:41.278+0530] {logging_mixin.py:188} INFO - [2026-03-18T07:44:41.278+0530] {dagbag.py:540} INFO - Filling up the DagBag from /Users/vybhavswaroop/Desktop/untitled folder 3/ecommerce_platform/venv/lib/python3.11/site-packages/airflow/example_dags/example_time_delta_sensor_async.py
[2026-03-18T07:44:41.281+0530] {processor.py:840} INFO - DAG(s) 'example_time_delta_sensor_async' retrieved from /Users/vybhavswaroop/Desktop/untitled folder 3/ecommerce_platform/venv/lib/python3.11/site-packages/airflow/example_dags/example_time_delta_sensor_async.py
[2026-03-18T07:44:41.322+0530] {logging_mixin.py:188} INFO - [2026-03-18T07:44:41.321+0530] {dag.py:3047} INFO - Sync 1 DAGs
[2026-03-18T07:44:41.325+0530] {logging_mixin.py:188} INFO - [2026-03-18T07:44:41.325+0530] {dag.py:3834} INFO - Setting next_dagrun for example_time_delta_sensor_async to None, run_after=None
[2026-03-18T07:44:41.331+0530] {processor.py:183} INFO - Processing /Users/vybhavswaroop/Desktop/untitled folder 3/ecommerce_platform/venv/lib/python3.11/site-packages/airflow/example_dags/example_time_delta_sensor_async.py took 0.056 seconds
[2026-03-18T07:46:04.965+0530] {processor.py:161} INFO - Started process (PID=7629) to work on /Users/vybhavswaroop/Desktop/untitled folder 3/ecommerce_platform/venv/lib/python3.11/site-packages/airflow/example_dags/example_time_delta_sensor_async.py
[2026-03-18T07:46:04.967+0530] {processor.py:830} INFO - Processing file /Users/vybhavswaroop/Desktop/untitled folder 3/ecommerce_platform/venv/lib/python3.11/site-packages/airflow/example_dags/example_time_delta_sensor_async.py for tasks to queue
[2026-03-18T07:46:04.968+0530] {logging_mixin.py:188} INFO - [2026-03-18T07:46:04.968+0530] {dagbag.py:540} INFO - Filling up the DagBag from /Users/vybhavswaroop/Desktop/untitled folder 3/ecommerce_platform/venv/lib/python3.11/site-packages/airflow/example_dags/example_time_delta_sensor_async.py
[2026-03-18T07:46:04.971+0530] {processor.py:840} INFO - DAG(s) 'example_time_delta_sensor_async' retrieved from /Users/vybhavswaroop/Desktop/untitled folder 3/ecommerce_platform/venv/lib/python3.11/site-packages/airflow/example_dags/example_time_delta_sensor_async.py
[2026-03-18T07:46:05.011+0530] {logging_mixin.py:188} INFO - [2026-03-18T07:46:05.011+0530] {dag.py:3047} INFO - Sync 1 DAGs
[2026-03-18T07:46:05.015+0530] {logging_mixin.py:188} INFO - [2026-03-18T07:46:05.015+0530] {dag.py:3834} INFO - Setting next_dagrun for example_time_delta_sensor_async to None, run_after=None
[2026-03-18T07:46:05.021+0530] {processor.py:183} INFO - Processing /Users/vybhavswaroop/Desktop/untitled folder 3/ecommerce_platform/venv/lib/python3.11/site-packages/airflow/example_dags/example_time_delta_sensor_async.py took 0.056 seconds
[2026-03-18T07:47:25.893+0530] {processor.py:161} INFO - Started process (PID=7886) to work on /Users/vybhavswaroop/Desktop/untitled folder 3/ecommerce_platform/venv/lib/python3.11/site-packages/airflow/example_dags/example_time_delta_sensor_async.py
[2026-03-18T07:47:25.895+0530] {processor.py:830} INFO - Processing file /Users/vybhavswaroop/Desktop/untitled folder 3/ecommerce_platform/venv/lib/python3.11/site-packages/airflow/example_dags/example_time_delta_sensor_async.py for tasks to queue
[2026-03-18T07:47:25.895+0530] {logging_mixin.py:188} INFO - [2026-03-18T07:47:25.895+0530] {dagbag.py:540} INFO - Filling up the DagBag from /Users/vybhavswaroop/Desktop/untitled folder 3/ecommerce_platform/venv/lib/python3.11/site-packages/airflow/example_dags/example_time_delta_sensor_async.py
[2026-03-18T07:47:25.898+0530] {processor.py:840} INFO - DAG(s) 'example_time_delta_sensor_async' retrieved from /Users/vybhavswaroop/Desktop/untitled folder 3/ecommerce_platform/venv/lib/python3.11/site-packages/airflow/example_dags/example_time_delta_sensor_async.py
[2026-03-18T07:47:25.938+0530] {logging_mixin.py:188} INFO - [2026-03-18T07:47:25.938+0530] {dag.py:3047} INFO - Sync 1 DAGs
[2026-03-18T07:47:25.941+0530] {logging_mixin.py:188} INFO - [2026-03-18T07:47:25.941+0530] {dag.py:3834} INFO - Setting next_dagrun for example_time_delta_sensor_async to None, run_after=None
[2026-03-18T07:47:25.947+0530] {processor.py:183} INFO - Processing /Users/vybhavswaroop/Desktop/untitled folder 3/ecommerce_platform/venv/lib/python3.11/site-packages/airflow/example_dags/example_time_delta_sensor_async.py took 0.054 seconds
[2026-03-18T07:48:48.894+0530] {processor.py:161} INFO - Started process (PID=8247) to work on /Users/vybhavswaroop/Desktop/untitled folder 3/ecommerce_platform/venv/lib/python3.11/site-packages/airflow/example_dags/example_time_delta_sensor_async.py
[2026-03-18T07:48:48.895+0530] {processor.py:830} INFO - Processing file /Users/vybhavswaroop/Desktop/untitled folder 3/ecommerce_platform/venv/lib/python3.11/site-packages/airflow/example_dags/example_time_delta_sensor_async.py for tasks to queue
[2026-03-18T07:48:48.895+0530] {logging_mixin.py:188} INFO - [2026-03-18T07:48:48.895+0530] {dagbag.py:540} INFO - Filling up the DagBag from /Users/vybhavswaroop/Desktop/untitled folder 3/ecommerce_platform/venv/lib/python3.11/site-packages/airflow/example_dags/example_time_delta_sensor_async.py
[2026-03-18T07:48:48.898+0530] {processor.py:840} INFO - DAG(s) 'example_time_delta_sensor_async' retrieved from /Users/vybhavswaroop/Desktop/untitled folder 3/ecommerce_platform/venv/lib/python3.11/site-packages/airflow/example_dags/example_time_delta_sensor_async.py
[2026-03-18T07:48:48.939+0530] {logging_mixin.py:188} INFO - [2026-03-18T07:48:48.939+0530] {dag.py:3047} INFO - Sync 1 DAGs
[2026-03-18T07:48:48.942+0530] {logging_mixin.py:188} INFO - [2026-03-18T07:48:48.942+0530] {dag.py:3834} INFO - Setting next_dagrun for example_time_delta_sensor_async to None, run_after=None
[2026-03-18T07:48:48.948+0530] {processor.py:183} INFO - Processing /Users/vybhavswaroop/Desktop/untitled folder 3/ecommerce_platform/venv/lib/python3.11/site-packages/airflow/example_dags/example_time_delta_sensor_async.py took 0.054 seconds
[2026-03-18T07:50:15.972+0530] {processor.py:161} INFO - Started process (PID=8826) to work on /Users/vybhavswaroop/Desktop/untitled folder 3/ecommerce_platform/venv/lib/python3.11/site-packages/airflow/example_dags/example_time_delta_sensor_async.py
[2026-03-18T07:50:15.973+0530] {processor.py:830} INFO - Processing file /Users/vybhavswaroop/Desktop/untitled folder 3/ecommerce_platform/venv/lib/python3.11/site-packages/airflow/example_dags/example_time_delta_sensor_async.py for tasks to queue
[2026-03-18T07:50:15.973+0530] {logging_mixin.py:188} INFO - [2026-03-18T07:50:15.973+0530] {dagbag.py:540} INFO - Filling up the DagBag from /Users/vybhavswaroop/Desktop/untitled folder 3/ecommerce_platform/venv/lib/python3.11/site-packages/airflow/example_dags/example_time_delta_sensor_async.py
[2026-03-18T07:50:15.976+0530] {processor.py:840} INFO - DAG(s) 'example_time_delta_sensor_async' retrieved from /Users/vybhavswaroop/Desktop/untitled folder 3/ecommerce_platform/venv/lib/python3.11/site-packages/airflow/example_dags/example_time_delta_sensor_async.py
[2026-03-18T07:50:16.017+0530] {logging_mixin.py:188} INFO - [2026-03-18T07:50:16.017+0530] {dag.py:3047} INFO - Sync 1 DAGs
[2026-03-18T07:50:16.020+0530] {logging_mixin.py:188} INFO - [2026-03-18T07:50:16.020+0530] {dag.py:3834} INFO - Setting next_dagrun for example_time_delta_sensor_async to None, run_after=None
[2026-03-18T07:50:16.026+0530] {processor.py:183} INFO - Processing /Users/vybhavswaroop/Desktop/untitled folder 3/ecommerce_platform/venv/lib/python3.11/site-packages/airflow/example_dags/example_time_delta_sensor_async.py took 0.054 seconds
[2026-03-18T07:51:42.384+0530] {processor.py:161} INFO - Started process (PID=9409) to work on /Users/vybhavswaroop/Desktop/untitled folder 3/ecommerce_platform/venv/lib/python3.11/site-packages/airflow/example_dags/example_time_delta_sensor_async.py
[2026-03-18T07:51:42.385+0530] {processor.py:830} INFO - Processing file /Users/vybhavswaroop/Desktop/untitled folder 3/ecommerce_platform/venv/lib/python3.11/site-packages/airflow/example_dags/example_time_delta_sensor_async.py for tasks to queue
[2026-03-18T07:51:42.385+0530] {logging_mixin.py:188} INFO - [2026-03-18T07:51:42.385+0530] {dagbag.py:540} INFO - Filling up the DagBag from /Users/vybhavswaroop/Desktop/untitled folder 3/ecommerce_platform/venv/lib/python3.11/site-packages/airflow/example_dags/example_time_delta_sensor_async.py
[2026-03-18T07:51:42.388+0530] {processor.py:840} INFO - DAG(s) 'example_time_delta_sensor_async' retrieved from /Users/vybhavswaroop/Desktop/untitled folder 3/ecommerce_platform/venv/lib/python3.11/site-packages/airflow/example_dags/example_time_delta_sensor_async.py
[2026-03-18T07:51:42.430+0530] {logging_mixin.py:188} INFO - [2026-03-18T07:51:42.429+0530] {dag.py:3047} INFO - Sync 1 DAGs
[2026-03-18T07:51:42.433+0530] {logging_mixin.py:188} INFO - [2026-03-18T07:51:42.433+0530] {dag.py:3834} INFO - Setting next_dagrun for example_time_delta_sensor_async to None, run_after=None
[2026-03-18T07:51:42.439+0530] {processor.py:183} INFO - Processing /Users/vybhavswaroop/Desktop/untitled folder 3/ecommerce_platform/venv/lib/python3.11/site-packages/airflow/example_dags/example_time_delta_sensor_async.py took 0.055 seconds
[2026-03-18T07:53:12.615+0530] {processor.py:161} INFO - Started process (PID=10782) to work on /Users/vybhavswaroop/Desktop/untitled folder 3/ecommerce_platform/venv/lib/python3.11/site-packages/airflow/example_dags/example_time_delta_sensor_async.py
[2026-03-18T07:53:12.616+0530] {processor.py:830} INFO - Processing file /Users/vybhavswaroop/Desktop/untitled folder 3/ecommerce_platform/venv/lib/python3.11/site-packages/airflow/example_dags/example_time_delta_sensor_async.py for tasks to queue
[2026-03-18T07:53:12.616+0530] {logging_mixin.py:188} INFO - [2026-03-18T07:53:12.616+0530] {dagbag.py:540} INFO - Filling up the DagBag from /Users/vybhavswaroop/Desktop/untitled folder 3/ecommerce_platform/venv/lib/python3.11/site-packages/airflow/example_dags/example_time_delta_sensor_async.py
[2026-03-18T07:53:12.619+0530] {processor.py:840} INFO - DAG(s) 'example_time_delta_sensor_async' retrieved from /Users/vybhavswaroop/Desktop/untitled folder 3/ecommerce_platform/venv/lib/python3.11/site-packages/airflow/example_dags/example_time_delta_sensor_async.py
[2026-03-18T07:53:12.685+0530] {logging_mixin.py:188} INFO - [2026-03-18T07:53:12.684+0530] {dag.py:3047} INFO - Sync 1 DAGs
[2026-03-18T07:53:12.687+0530] {logging_mixin.py:188} INFO - [2026-03-18T07:53:12.687+0530] {dag.py:3834} INFO - Setting next_dagrun for example_time_delta_sensor_async to None, run_after=None
[2026-03-18T07:53:12.692+0530] {processor.py:183} INFO - Processing /Users/vybhavswaroop/Desktop/untitled folder 3/ecommerce_platform/venv/lib/python3.11/site-packages/airflow/example_dags/example_time_delta_sensor_async.py took 0.078 seconds
[2026-03-18T07:55:17.461+0530] {processor.py:161} INFO - Started process (PID=11149) to work on /Users/vybhavswaroop/Desktop/untitled folder 3/ecommerce_platform/venv/lib/python3.11/site-packages/airflow/example_dags/example_time_delta_sensor_async.py
[2026-03-18T07:55:17.462+0530] {processor.py:830} INFO - Processing file /Users/vybhavswaroop/Desktop/untitled folder 3/ecommerce_platform/venv/lib/python3.11/site-packages/airflow/example_dags/example_time_delta_sensor_async.py for tasks to queue
[2026-03-18T07:55:17.463+0530] {logging_mixin.py:188} INFO - [2026-03-18T07:55:17.463+0530] {dagbag.py:540} INFO - Filling up the DagBag from /Users/vybhavswaroop/Desktop/untitled folder 3/ecommerce_platform/venv/lib/python3.11/site-packages/airflow/example_dags/example_time_delta_sensor_async.py
[2026-03-18T07:55:17.466+0530] {processor.py:840} INFO - DAG(s) 'example_time_delta_sensor_async' retrieved from /Users/vybhavswaroop/Desktop/untitled folder 3/ecommerce_platform/venv/lib/python3.11/site-packages/airflow/example_dags/example_time_delta_sensor_async.py
[2026-03-18T07:55:17.504+0530] {logging_mixin.py:188} INFO - [2026-03-18T07:55:17.504+0530] {dag.py:3047} INFO - Sync 1 DAGs
[2026-03-18T07:55:17.507+0530] {logging_mixin.py:188} INFO - [2026-03-18T07:55:17.507+0530] {dag.py:3834} INFO - Setting next_dagrun for example_time_delta_sensor_async to None, run_after=None
[2026-03-18T07:55:17.513+0530] {processor.py:183} INFO - Processing /Users/vybhavswaroop/Desktop/untitled folder 3/ecommerce_platform/venv/lib/python3.11/site-packages/airflow/example_dags/example_time_delta_sensor_async.py took 0.052 seconds
[2026-03-18T07:56:49.268+0530] {processor.py:161} INFO - Started process (PID=11412) to work on /Users/vybhavswaroop/Desktop/untitled folder 3/ecommerce_platform/venv/lib/python3.11/site-packages/airflow/example_dags/example_time_delta_sensor_async.py
[2026-03-18T07:56:49.269+0530] {processor.py:830} INFO - Processing file /Users/vybhavswaroop/Desktop/untitled folder 3/ecommerce_platform/venv/lib/python3.11/site-packages/airflow/example_dags/example_time_delta_sensor_async.py for tasks to queue
[2026-03-18T07:56:49.269+0530] {logging_mixin.py:188} INFO - [2026-03-18T07:56:49.269+0530] {dagbag.py:540} INFO - Filling up the DagBag from /Users/vybhavswaroop/Desktop/untitled folder 3/ecommerce_platform/venv/lib/python3.11/site-packages/airflow/example_dags/example_time_delta_sensor_async.py
[2026-03-18T07:56:49.272+0530] {processor.py:840} INFO - DAG(s) 'example_time_delta_sensor_async' retrieved from /Users/vybhavswaroop/Desktop/untitled folder 3/ecommerce_platform/venv/lib/python3.11/site-packages/airflow/example_dags/example_time_delta_sensor_async.py
[2026-03-18T07:56:49.311+0530] {logging_mixin.py:188} INFO - [2026-03-18T07:56:49.311+0530] {dag.py:3047} INFO - Sync 1 DAGs
[2026-03-18T07:56:49.314+0530] {logging_mixin.py:188} INFO - [2026-03-18T07:56:49.314+0530] {dag.py:3834} INFO - Setting next_dagrun for example_time_delta_sensor_async to None, run_after=None
[2026-03-18T07:56:49.320+0530] {processor.py:183} INFO - Processing /Users/vybhavswaroop/Desktop/untitled folder 3/ecommerce_platform/venv/lib/python3.11/site-packages/airflow/example_dags/example_time_delta_sensor_async.py took 0.052 seconds
[2026-03-18T07:58:14.869+0530] {processor.py:161} INFO - Started process (PID=11660) to work on /Users/vybhavswaroop/Desktop/untitled folder 3/ecommerce_platform/venv/lib/python3.11/site-packages/airflow/example_dags/example_time_delta_sensor_async.py
[2026-03-18T07:58:14.870+0530] {processor.py:830} INFO - Processing file /Users/vybhavswaroop/Desktop/untitled folder 3/ecommerce_platform/venv/lib/python3.11/site-packages/airflow/example_dags/example_time_delta_sensor_async.py for tasks to queue
[2026-03-18T07:58:14.870+0530] {logging_mixin.py:188} INFO - [2026-03-18T07:58:14.870+0530] {dagbag.py:540} INFO - Filling up the DagBag from /Users/vybhavswaroop/Desktop/untitled folder 3/ecommerce_platform/venv/lib/python3.11/site-packages/airflow/example_dags/example_time_delta_sensor_async.py
[2026-03-18T07:58:14.873+0530] {processor.py:840} INFO - DAG(s) 'example_time_delta_sensor_async' retrieved from /Users/vybhavswaroop/Desktop/untitled folder 3/ecommerce_platform/venv/lib/python3.11/site-packages/airflow/example_dags/example_time_delta_sensor_async.py
[2026-03-18T07:58:14.913+0530] {logging_mixin.py:188} INFO - [2026-03-18T07:58:14.913+0530] {dag.py:3047} INFO - Sync 1 DAGs
[2026-03-18T07:58:14.917+0530] {logging_mixin.py:188} INFO - [2026-03-18T07:58:14.917+0530] {dag.py:3834} INFO - Setting next_dagrun for example_time_delta_sensor_async to None, run_after=None
[2026-03-18T07:58:14.923+0530] {processor.py:183} INFO - Processing /Users/vybhavswaroop/Desktop/untitled folder 3/ecommerce_platform/venv/lib/python3.11/site-packages/airflow/example_dags/example_time_delta_sensor_async.py took 0.053 seconds
