[2026-03-18T06:50:44.128+0530] {processor.py:161} INFO - Started process (PID=97651) to work on /Users/vybhavswaroop/Desktop/untitled folder 3/ecommerce_platform/venv/lib/python3.11/site-packages/airflow/example_dags/example_skip_dag.py
[2026-03-18T06:50:44.129+0530] {processor.py:830} INFO - Processing file /Users/vybhavswaroop/Desktop/untitled folder 3/ecommerce_platform/venv/lib/python3.11/site-packages/airflow/example_dags/example_skip_dag.py for tasks to queue
[2026-03-18T06:50:44.129+0530] {logging_mixin.py:188} INFO - [2026-03-18T06:50:44.129+0530] {dagbag.py:540} INFO - Filling up the DagBag from /Users/vybhavswaroop/Desktop/untitled folder 3/ecommerce_platform/venv/lib/python3.11/site-packages/airflow/example_dags/example_skip_dag.py
[2026-03-18T06:50:44.131+0530] {processor.py:840} INFO - DAG(s) 'example_skip_dag' retrieved from /Users/vybhavswaroop/Desktop/untitled folder 3/ecommerce_platform/venv/lib/python3.11/site-packages/airflow/example_dags/example_skip_dag.py
[2026-03-18T06:50:44.169+0530] {logging_mixin.py:188} INFO - [2026-03-18T06:50:44.169+0530] {dag.py:3047} INFO - Sync 1 DAGs
[2026-03-18T06:50:44.175+0530] {logging_mixin.py:188} INFO - [2026-03-18T06:50:44.175+0530] {dag.py:3834} INFO - Setting next_dagrun for example_skip_dag to 2026-03-17 00:00:00+00:00, run_after=2026-03-18 00:00:00+00:00
[2026-03-18T06:50:44.182+0530] {processor.py:183} INFO - Processing /Users/vybhavswaroop/Desktop/untitled folder 3/ecommerce_platform/venv/lib/python3.11/site-packages/airflow/example_dags/example_skip_dag.py took 0.054 seconds
[2026-03-18T07:20:27.180+0530] {processor.py:161} INFO - Started process (PID=191) to work on /Users/vybhavswaroop/Desktop/untitled folder 3/ecommerce_platform/venv/lib/python3.11/site-packages/airflow/example_dags/example_skip_dag.py
[2026-03-18T07:20:27.181+0530] {processor.py:830} INFO - Processing file /Users/vybhavswaroop/Desktop/untitled folder 3/ecommerce_platform/venv/lib/python3.11/site-packages/airflow/example_dags/example_skip_dag.py for tasks to queue
[2026-03-18T07:20:27.181+0530] {logging_mixin.py:188} INFO - [2026-03-18T07:20:27.181+0530] {dagbag.py:540} INFO - Filling up the DagBag from /Users/vybhavswaroop/Desktop/untitled folder 3/ecommerce_platform/venv/lib/python3.11/site-packages/airflow/example_dags/example_skip_dag.py
[2026-03-18T07:20:27.184+0530] {processor.py:840} INFO - DAG(s) 'example_skip_dag' retrieved from /Users/vybhavswaroop/Desktop/untitled folder 3/ecommerce_platform/venv/lib/python3.11/site-packages/airflow/example_dags/example_skip_dag.py
[2026-03-18T07:20:27.223+0530] {logging_mixin.py:188} INFO - [2026-03-18T07:20:27.223+0530] {dag.py:3047} INFO - Sync 1 DAGs
[2026-03-18T07:20:27.229+0530] {logging_mixin.py:188} INFO - [2026-03-18T07:20:27.229+0530] {dag.py:3834} INFO - Setting next_dagrun for example_skip_dag to 2026-03-17 00:00:00+00:00, run_after=2026-03-18 00:00:00+00:00
[2026-03-18T07:20:27.236+0530] {processor.py:183} INFO - Processing /Users/vybhavswaroop/Desktop/untitled folder 3/ecommerce_platform/venv/lib/python3.11/site-packages/airflow/example_dags/example_skip_dag.py took 0.056 seconds
[2026-03-18T07:21:21.664+0530] {processor.py:161} INFO - Started process (PID=2045) to work on /Users/vybhavswaroop/Desktop/untitled folder 3/ecommerce_platform/venv/lib/python3.11/site-packages/airflow/example_dags/example_skip_dag.py
[2026-03-18T07:21:21.664+0530] {processor.py:830} INFO - Processing file /Users/vybhavswaroop/Desktop/untitled folder 3/ecommerce_platform/venv/lib/python3.11/site-packages/airflow/example_dags/example_skip_dag.py for tasks to queue
[2026-03-18T07:21:21.664+0530] {logging_mixin.py:188} INFO - [2026-03-18T07:21:21.664+0530] {dagbag.py:540} INFO - Filling up the DagBag from /Users/vybhavswaroop/Desktop/untitled folder 3/ecommerce_platform/venv/lib/python3.11/site-packages/airflow/example_dags/example_skip_dag.py
[2026-03-18T07:21:21.667+0530] {processor.py:840} INFO - DAG(s) 'example_skip_dag' retrieved from /Users/vybhavswaroop/Desktop/untitled folder 3/ecommerce_platform/venv/lib/python3.11/site-packages/airflow/example_dags/example_skip_dag.py
[2026-03-18T07:21:21.703+0530] {logging_mixin.py:188} INFO - [2026-03-18T07:21:21.703+0530] {dag.py:3047} INFO - Sync 1 DAGs
[2026-03-18T07:21:21.708+0530] {logging_mixin.py:188} INFO - [2026-03-18T07:21:21.708+0530] {dag.py:3834} INFO - Setting next_dagrun for example_skip_dag to 2026-03-17 00:00:00+00:00, run_after=2026-03-18 00:00:00+00:00
[2026-03-18T07:21:21.715+0530] {processor.py:183} INFO - Processing /Users/vybhavswaroop/Desktop/untitled folder 3/ecommerce_platform/venv/lib/python3.11/site-packages/airflow/example_dags/example_skip_dag.py took 0.051 seconds
[2026-03-18T07:22:21.103+0530] {processor.py:161} INFO - Started process (PID=3018) to work on /Users/vybhavswaroop/Desktop/untitled folder 3/ecommerce_platform/venv/lib/python3.11/site-packages/airflow/example_dags/example_skip_dag.py
[2026-03-18T07:22:21.104+0530] {processor.py:830} INFO - Processing file /Users/vybhavswaroop/Desktop/untitled folder 3/ecommerce_platform/venv/lib/python3.11/site-packages/airflow/example_dags/example_skip_dag.py for tasks to queue
[2026-03-18T07:22:21.104+0530] {logging_mixin.py:188} INFO - [2026-03-18T07:22:21.104+0530] {dagbag.py:540} INFO - Filling up the DagBag from /Users/vybhavswaroop/Desktop/untitled folder 3/ecommerce_platform/venv/lib/python3.11/site-packages/airflow/example_dags/example_skip_dag.py
[2026-03-18T07:22:21.107+0530] {processor.py:840} INFO - DAG(s) 'example_skip_dag' retrieved from /Users/vybhavswaroop/Desktop/untitled folder 3/ecommerce_platform/venv/lib/python3.11/site-packages/airflow/example_dags/example_skip_dag.py
[2026-03-18T07:22:21.170+0530] {logging_mixin.py:188} INFO - [2026-03-18T07:22:21.170+0530] {dag.py:3047} INFO - Sync 1 DAGs
[2026-03-18T07:22:21.175+0530] {logging_mixin.py:188} INFO - [2026-03-18T07:22:21.175+0530] {dag.py:3834} INFO - Setting next_dagrun for example_skip_dag to 2026-03-17 00:00:00+00:00, run_after=2026-03-18 00:00:00+00:00
[2026-03-18T07:22:21.182+0530] {processor.py:183} INFO - Processing /Users/vybhavswaroop/Desktop/untitled folder 3/ecommerce_platform/venv/lib/python3.11/site-packages/airflow/example_dags/example_skip_dag.py took 0.080 seconds
[2026-03-18T07:24:20.562+0530] {processor.py:161} INFO - Started process (PID=3409) to work on /Users/vybhavswaroop/Desktop/untitled folder 3/ecommerce_platform/venv/lib/python3.11/site-packages/airflow/example_dags/example_skip_dag.py
[2026-03-18T07:24:20.563+0530] {processor.py:830} INFO - Processing file /Users/vybhavswaroop/Desktop/untitled folder 3/ecommerce_platform/venv/lib/python3.11/site-packages/airflow/example_dags/example_skip_dag.py for tasks to queue
[2026-03-18T07:24:20.563+0530] {logging_mixin.py:188} INFO - [2026-03-18T07:24:20.563+0530] {dagbag.py:540} INFO - Filling up the DagBag from /Users/vybhavswaroop/Desktop/untitled folder 3/ecommerce_platform/venv/lib/python3.11/site-packages/airflow/example_dags/example_skip_dag.py
[2026-03-18T07:24:20.566+0530] {processor.py:840} INFO - DAG(s) 'example_skip_dag' retrieved from /Users/vybhavswaroop/Desktop/untitled folder 3/ecommerce_platform/venv/lib/python3.11/site-packages/airflow/example_dags/example_skip_dag.py
[2026-03-18T07:24:20.601+0530] {logging_mixin.py:188} INFO - [2026-03-18T07:24:20.601+0530] {dag.py:3047} INFO - Sync 1 DAGs
[2026-03-18T07:24:20.607+0530] {logging_mixin.py:188} INFO - [2026-03-18T07:24:20.607+0530] {dag.py:3834} INFO - Setting next_dagrun for example_skip_dag to 2026-03-17 00:00:00+00:00, run_after=2026-03-18 00:00:00+00:00
[2026-03-18T07:24:20.613+0530] {processor.py:183} INFO - Processing /Users/vybhavswaroop/Desktop/untitled folder 3/ecommerce_platform/venv/lib/python3.11/site-packages/airflow/example_dags/example_skip_dag.py took 0.051 seconds
[2026-03-18T07:25:46.330+0530] {processor.py:161} INFO - Started process (PID=3662) to work on /Users/vybhavswaroop/Desktop/untitled folder 3/ecommerce_platform/venv/lib/python3.11/site-packages/airflow/example_dags/example_skip_dag.py
[2026-03-18T07:25:46.330+0530] {processor.py:830} INFO - Processing file /Users/vybhavswaroop/Desktop/untitled folder 3/ecommerce_platform/venv/lib/python3.11/site-packages/airflow/example_dags/example_skip_dag.py for tasks to queue
[2026-03-18T07:25:46.330+0530] {logging_mixin.py:188} INFO - [2026-03-18T07:25:46.330+0530] {dagbag.py:540} INFO - Filling up the DagBag from /Users/vybhavswaroop/Desktop/untitled folder 3/ecommerce_platform/venv/lib/python3.11/site-packages/airflow/example_dags/example_skip_dag.py
[2026-03-18T07:25:46.333+0530] {processor.py:840} INFO - DAG(s) 'example_skip_dag' retrieved from /Users/vybhavswaroop/Desktop/untitled folder 3/ecommerce_platform/venv/lib/python3.11/site-packages/airflow/example_dags/example_skip_dag.py
[2026-03-18T07:25:46.367+0530] {logging_mixin.py:188} INFO - [2026-03-18T07:25:46.367+0530] {dag.py:3047} INFO - Sync 1 DAGs
[2026-03-18T07:25:46.372+0530] {logging_mixin.py:188} INFO - [2026-03-18T07:25:46.372+0530] {dag.py:3834} INFO - Setting next_dagrun for example_skip_dag to 2026-03-17 00:00:00+00:00, run_after=2026-03-18 00:00:00+00:00
[2026-03-18T07:25:46.378+0530] {processor.py:183} INFO - Processing /Users/vybhavswaroop/Desktop/untitled folder 3/ecommerce_platform/venv/lib/python3.11/site-packages/airflow/example_dags/example_skip_dag.py took 0.049 seconds
[2026-03-18T07:27:10.795+0530] {processor.py:161} INFO - Started process (PID=3913) to work on /Users/vybhavswaroop/Desktop/untitled folder 3/ecommerce_platform/venv/lib/python3.11/site-packages/airflow/example_dags/example_skip_dag.py
[2026-03-18T07:27:10.795+0530] {processor.py:830} INFO - Processing file /Users/vybhavswaroop/Desktop/untitled folder 3/ecommerce_platform/venv/lib/python3.11/site-packages/airflow/example_dags/example_skip_dag.py for tasks to queue
[2026-03-18T07:27:10.796+0530] {logging_mixin.py:188} INFO - [2026-03-18T07:27:10.796+0530] {dagbag.py:540} INFO - Filling up the DagBag from /Users/vybhavswaroop/Desktop/untitled folder 3/ecommerce_platform/venv/lib/python3.11/site-packages/airflow/example_dags/example_skip_dag.py
[2026-03-18T07:27:10.798+0530] {processor.py:840} INFO - DAG(s) 'example_skip_dag' retrieved from /Users/vybhavswaroop/Desktop/untitled folder 3/ecommerce_platform/venv/lib/python3.11/site-packages/airflow/example_dags/example_skip_dag.py
[2026-03-18T07:27:10.834+0530] {logging_mixin.py:188} INFO - [2026-03-18T07:27:10.834+0530] {dag.py:3047} INFO - Sync 1 DAGs
[2026-03-18T07:27:10.839+0530] {logging_mixin.py:188} INFO - [2026-03-18T07:27:10.839+0530] {dag.py:3834} INFO - Setting next_dagrun for example_skip_dag to 2026-03-17 00:00:00+00:00, run_after=2026-03-18 00:00:00+00:00
[2026-03-18T07:27:10.845+0530] {processor.py:183} INFO - Processing /Users/vybhavswaroop/Desktop/untitled folder 3/ecommerce_platform/venv/lib/python3.11/site-packages/airflow/example_dags/example_skip_dag.py took 0.051 seconds
[2026-03-18T07:28:33.194+0530] {processor.py:161} INFO - Started process (PID=4158) to work on /Users/vybhavswaroop/Desktop/untitled folder 3/ecommerce_platform/venv/lib/python3.11/site-packages/airflow/example_dags/example_skip_dag.py
[2026-03-18T07:28:33.195+0530] {processor.py:830} INFO - Processing file /Users/vybhavswaroop/Desktop/untitled folder 3/ecommerce_platform/venv/lib/python3.11/site-packages/airflow/example_dags/example_skip_dag.py for tasks to queue
[2026-03-18T07:28:33.195+0530] {logging_mixin.py:188} INFO - [2026-03-18T07:28:33.195+0530] {dagbag.py:540} INFO - Filling up the DagBag from /Users/vybhavswaroop/Desktop/untitled folder 3/ecommerce_platform/venv/lib/python3.11/site-packages/airflow/example_dags/example_skip_dag.py
[2026-03-18T07:28:33.197+0530] {processor.py:840} INFO - DAG(s) 'example_skip_dag' retrieved from /Users/vybhavswaroop/Desktop/untitled folder 3/ecommerce_platform/venv/lib/python3.11/site-packages/airflow/example_dags/example_skip_dag.py
[2026-03-18T07:28:33.234+0530] {logging_mixin.py:188} INFO - [2026-03-18T07:28:33.233+0530] {dag.py:3047} INFO - Sync 1 DAGs
[2026-03-18T07:28:33.239+0530] {logging_mixin.py:188} INFO - [2026-03-18T07:28:33.239+0530] {dag.py:3834} INFO - Setting next_dagrun for example_skip_dag to 2026-03-17 00:00:00+00:00, run_after=2026-03-18 00:00:00+00:00
[2026-03-18T07:28:33.245+0530] {processor.py:183} INFO - Processing /Users/vybhavswaroop/Desktop/untitled folder 3/ecommerce_platform/venv/lib/python3.11/site-packages/airflow/example_dags/example_skip_dag.py took 0.051 seconds
[2026-03-18T07:29:53.980+0530] {processor.py:161} INFO - Started process (PID=4397) to work on /Users/vybhavswaroop/Desktop/untitled folder 3/ecommerce_platform/venv/lib/python3.11/site-packages/airflow/example_dags/example_skip_dag.py
[2026-03-18T07:29:53.981+0530] {processor.py:830} INFO - Processing file /Users/vybhavswaroop/Desktop/untitled folder 3/ecommerce_platform/venv/lib/python3.11/site-packages/airflow/example_dags/example_skip_dag.py for tasks to queue
[2026-03-18T07:29:53.981+0530] {logging_mixin.py:188} INFO - [2026-03-18T07:29:53.981+0530] {dagbag.py:540} INFO - Filling up the DagBag from /Users/vybhavswaroop/Desktop/untitled folder 3/ecommerce_platform/venv/lib/python3.11/site-packages/airflow/example_dags/example_skip_dag.py
[2026-03-18T07:29:53.983+0530] {processor.py:840} INFO - DAG(s) 'example_skip_dag' retrieved from /Users/vybhavswaroop/Desktop/untitled folder 3/ecommerce_platform/venv/lib/python3.11/site-packages/airflow/example_dags/example_skip_dag.py
[2026-03-18T07:29:54.018+0530] {logging_mixin.py:188} INFO - [2026-03-18T07:29:54.018+0530] {dag.py:3047} INFO - Sync 1 DAGs
[2026-03-18T07:29:54.023+0530] {logging_mixin.py:188} INFO - [2026-03-18T07:29:54.023+0530] {dag.py:3834} INFO - Setting next_dagrun for example_skip_dag to 2026-03-17 00:00:00+00:00, run_after=2026-03-18 00:00:00+00:00
[2026-03-18T07:29:54.030+0530] {processor.py:183} INFO - Processing /Users/vybhavswaroop/Desktop/untitled folder 3/ecommerce_platform/venv/lib/python3.11/site-packages/airflow/example_dags/example_skip_dag.py took 0.050 seconds
[2026-03-18T07:31:15.133+0530] {processor.py:161} INFO - Started process (PID=4640) to work on /Users/vybhavswaroop/Desktop/untitled folder 3/ecommerce_platform/venv/lib/python3.11/site-packages/airflow/example_dags/example_skip_dag.py
[2026-03-18T07:31:15.134+0530] {processor.py:830} INFO - Processing file /Users/vybhavswaroop/Desktop/untitled folder 3/ecommerce_platform/venv/lib/python3.11/site-packages/airflow/example_dags/example_skip_dag.py for tasks to queue
[2026-03-18T07:31:15.134+0530] {logging_mixin.py:188} INFO - [2026-03-18T07:31:15.134+0530] {dagbag.py:540} INFO - Filling up the DagBag from /Users/vybhavswaroop/Desktop/untitled folder 3/ecommerce_platform/venv/lib/python3.11/site-packages/airflow/example_dags/example_skip_dag.py
[2026-03-18T07:31:15.136+0530] {processor.py:840} INFO - DAG(s) 'example_skip_dag' retrieved from /Users/vybhavswaroop/Desktop/untitled folder 3/ecommerce_platform/venv/lib/python3.11/site-packages/airflow/example_dags/example_skip_dag.py
[2026-03-18T07:31:15.171+0530] {logging_mixin.py:188} INFO - [2026-03-18T07:31:15.171+0530] {dag.py:3047} INFO - Sync 1 DAGs
[2026-03-18T07:31:15.177+0530] {logging_mixin.py:188} INFO - [2026-03-18T07:31:15.177+0530] {dag.py:3834} INFO - Setting next_dagrun for example_skip_dag to 2026-03-17 00:00:00+00:00, run_after=2026-03-18 00:00:00+00:00
[2026-03-18T07:31:15.183+0530] {processor.py:183} INFO - Processing /Users/vybhavswaroop/Desktop/untitled folder 3/ecommerce_platform/venv/lib/python3.11/site-packages/airflow/example_dags/example_skip_dag.py took 0.050 seconds
[2026-03-18T07:32:40.795+0530] {processor.py:161} INFO - Started process (PID=4891) to work on /Users/vybhavswaroop/Desktop/untitled folder 3/ecommerce_platform/venv/lib/python3.11/site-packages/airflow/example_dags/example_skip_dag.py
[2026-03-18T07:32:40.795+0530] {processor.py:830} INFO - Processing file /Users/vybhavswaroop/Desktop/untitled folder 3/ecommerce_platform/venv/lib/python3.11/site-packages/airflow/example_dags/example_skip_dag.py for tasks to queue
[2026-03-18T07:32:40.796+0530] {logging_mixin.py:188} INFO - [2026-03-18T07:32:40.796+0530] {dagbag.py:540} INFO - Filling up the DagBag from /Users/vybhavswaroop/Desktop/untitled folder 3/ecommerce_platform/venv/lib/python3.11/site-packages/airflow/example_dags/example_skip_dag.py
[2026-03-18T07:32:40.798+0530] {processor.py:840} INFO - DAG(s) 'example_skip_dag' retrieved from /Users/vybhavswaroop/Desktop/untitled folder 3/ecommerce_platform/venv/lib/python3.11/site-packages/airflow/example_dags/example_skip_dag.py
[2026-03-18T07:32:40.833+0530] {logging_mixin.py:188} INFO - [2026-03-18T07:32:40.833+0530] {dag.py:3047} INFO - Sync 1 DAGs
[2026-03-18T07:32:40.838+0530] {logging_mixin.py:188} INFO - [2026-03-18T07:32:40.838+0530] {dag.py:3834} INFO - Setting next_dagrun for example_skip_dag to 2026-03-17 00:00:00+00:00, run_after=2026-03-18 00:00:00+00:00
[2026-03-18T07:32:40.844+0530] {processor.py:183} INFO - Processing /Users/vybhavswaroop/Desktop/untitled folder 3/ecommerce_platform/venv/lib/python3.11/site-packages/airflow/example_dags/example_skip_dag.py took 0.050 seconds
[2026-03-18T07:34:03.749+0530] {processor.py:161} INFO - Started process (PID=5133) to work on /Users/vybhavswaroop/Desktop/untitled folder 3/ecommerce_platform/venv/lib/python3.11/site-packages/airflow/example_dags/example_skip_dag.py
[2026-03-18T07:34:03.750+0530] {processor.py:830} INFO - Processing file /Users/vybhavswaroop/Desktop/untitled folder 3/ecommerce_platform/venv/lib/python3.11/site-packages/airflow/example_dags/example_skip_dag.py for tasks to queue
[2026-03-18T07:34:03.750+0530] {logging_mixin.py:188} INFO - [2026-03-18T07:34:03.750+0530] {dagbag.py:540} INFO - Filling up the DagBag from /Users/vybhavswaroop/Desktop/untitled folder 3/ecommerce_platform/venv/lib/python3.11/site-packages/airflow/example_dags/example_skip_dag.py
[2026-03-18T07:34:03.754+0530] {processor.py:840} INFO - DAG(s) 'example_skip_dag' retrieved from /Users/vybhavswaroop/Desktop/untitled folder 3/ecommerce_platform/venv/lib/python3.11/site-packages/airflow/example_dags/example_skip_dag.py
[2026-03-18T07:34:03.799+0530] {logging_mixin.py:188} INFO - [2026-03-18T07:34:03.799+0530] {dag.py:3047} INFO - Sync 1 DAGs
[2026-03-18T07:34:03.806+0530] {logging_mixin.py:188} INFO - [2026-03-18T07:34:03.806+0530] {dag.py:3834} INFO - Setting next_dagrun for example_skip_dag to 2026-03-17 00:00:00+00:00, run_after=2026-03-18 00:00:00+00:00
[2026-03-18T07:34:03.815+0530] {processor.py:183} INFO - Processing /Users/vybhavswaroop/Desktop/untitled folder 3/ecommerce_platform/venv/lib/python3.11/site-packages/airflow/example_dags/example_skip_dag.py took 0.066 seconds
[2026-03-18T07:35:38.288+0530] {processor.py:161} INFO - Started process (PID=5461) to work on /Users/vybhavswaroop/Desktop/untitled folder 3/ecommerce_platform/venv/lib/python3.11/site-packages/airflow/example_dags/example_skip_dag.py
[2026-03-18T07:35:38.289+0530] {processor.py:830} INFO - Processing file /Users/vybhavswaroop/Desktop/untitled folder 3/ecommerce_platform/venv/lib/python3.11/site-packages/airflow/example_dags/example_skip_dag.py for tasks to queue
[2026-03-18T07:35:38.289+0530] {logging_mixin.py:188} INFO - [2026-03-18T07:35:38.289+0530] {dagbag.py:540} INFO - Filling up the DagBag from /Users/vybhavswaroop/Desktop/untitled folder 3/ecommerce_platform/venv/lib/python3.11/site-packages/airflow/example_dags/example_skip_dag.py
[2026-03-18T07:35:38.292+0530] {processor.py:840} INFO - DAG(s) 'example_skip_dag' retrieved from /Users/vybhavswaroop/Desktop/untitled folder 3/ecommerce_platform/venv/lib/python3.11/site-packages/airflow/example_dags/example_skip_dag.py
[2026-03-18T07:35:38.329+0530] {logging_mixin.py:188} INFO - [2026-03-18T07:35:38.328+0530] {dag.py:3047} INFO - Sync 1 DAGs
[2026-03-18T07:35:38.334+0530] {logging_mixin.py:188} INFO - [2026-03-18T07:35:38.334+0530] {dag.py:3834} INFO - Setting next_dagrun for example_skip_dag to 2026-03-17 00:00:00+00:00, run_after=2026-03-18 00:00:00+00:00
[2026-03-18T07:35:38.341+0530] {processor.py:183} INFO - Processing /Users/vybhavswaroop/Desktop/untitled folder 3/ecommerce_platform/venv/lib/python3.11/site-packages/airflow/example_dags/example_skip_dag.py took 0.053 seconds
[2026-03-18T07:37:10.211+0530] {processor.py:161} INFO - Started process (PID=5731) to work on /Users/vybhavswaroop/Desktop/untitled folder 3/ecommerce_platform/venv/lib/python3.11/site-packages/airflow/example_dags/example_skip_dag.py
[2026-03-18T07:37:10.212+0530] {processor.py:830} INFO - Processing file /Users/vybhavswaroop/Desktop/untitled folder 3/ecommerce_platform/venv/lib/python3.11/site-packages/airflow/example_dags/example_skip_dag.py for tasks to queue
[2026-03-18T07:37:10.212+0530] {logging_mixin.py:188} INFO - [2026-03-18T07:37:10.212+0530] {dagbag.py:540} INFO - Filling up the DagBag from /Users/vybhavswaroop/Desktop/untitled folder 3/ecommerce_platform/venv/lib/python3.11/site-packages/airflow/example_dags/example_skip_dag.py
[2026-03-18T07:37:10.215+0530] {processor.py:840} INFO - DAG(s) 'example_skip_dag' retrieved from /Users/vybhavswaroop/Desktop/untitled folder 3/ecommerce_platform/venv/lib/python3.11/site-packages/airflow/example_dags/example_skip_dag.py
[2026-03-18T07:37:10.251+0530] {logging_mixin.py:188} INFO - [2026-03-18T07:37:10.251+0530] {dag.py:3047} INFO - Sync 1 DAGs
[2026-03-18T07:37:10.257+0530] {logging_mixin.py:188} INFO - [2026-03-18T07:37:10.257+0530] {dag.py:3834} INFO - Setting next_dagrun for example_skip_dag to 2026-03-17 00:00:00+00:00, run_after=2026-03-18 00:00:00+00:00
[2026-03-18T07:37:10.263+0530] {processor.py:183} INFO - Processing /Users/vybhavswaroop/Desktop/untitled folder 3/ecommerce_platform/venv/lib/python3.11/site-packages/airflow/example_dags/example_skip_dag.py took 0.053 seconds
[2026-03-18T07:38:41.849+0530] {processor.py:161} INFO - Started process (PID=6052) to work on /Users/vybhavswaroop/Desktop/untitled folder 3/ecommerce_platform/venv/lib/python3.11/site-packages/airflow/example_dags/example_skip_dag.py
[2026-03-18T07:38:41.850+0530] {processor.py:830} INFO - Processing file /Users/vybhavswaroop/Desktop/untitled folder 3/ecommerce_platform/venv/lib/python3.11/site-packages/airflow/example_dags/example_skip_dag.py for tasks to queue
[2026-03-18T07:38:41.850+0530] {logging_mixin.py:188} INFO - [2026-03-18T07:38:41.850+0530] {dagbag.py:540} INFO - Filling up the DagBag from /Users/vybhavswaroop/Desktop/untitled folder 3/ecommerce_platform/venv/lib/python3.11/site-packages/airflow/example_dags/example_skip_dag.py
[2026-03-18T07:38:41.853+0530] {processor.py:840} INFO - DAG(s) 'example_skip_dag' retrieved from /Users/vybhavswaroop/Desktop/untitled folder 3/ecommerce_platform/venv/lib/python3.11/site-packages/airflow/example_dags/example_skip_dag.py
[2026-03-18T07:38:41.889+0530] {logging_mixin.py:188} INFO - [2026-03-18T07:38:41.889+0530] {dag.py:3047} INFO - Sync 1 DAGs
[2026-03-18T07:38:41.895+0530] {logging_mixin.py:188} INFO - [2026-03-18T07:38:41.895+0530] {dag.py:3834} INFO - Setting next_dagrun for example_skip_dag to 2026-03-17 00:00:00+00:00, run_after=2026-03-18 00:00:00+00:00
[2026-03-18T07:38:41.901+0530] {processor.py:183} INFO - Processing /Users/vybhavswaroop/Desktop/untitled folder 3/ecommerce_platform/venv/lib/python3.11/site-packages/airflow/example_dags/example_skip_dag.py took 0.053 seconds
[2026-03-18T07:40:07.046+0530] {processor.py:161} INFO - Started process (PID=6352) to work on /Users/vybhavswaroop/Desktop/untitled folder 3/ecommerce_platform/venv/lib/python3.11/site-packages/airflow/example_dags/example_skip_dag.py
[2026-03-18T07:40:07.047+0530] {processor.py:830} INFO - Processing file /Users/vybhavswaroop/Desktop/untitled folder 3/ecommerce_platform/venv/lib/python3.11/site-packages/airflow/example_dags/example_skip_dag.py for tasks to queue
[2026-03-18T07:40:07.047+0530] {logging_mixin.py:188} INFO - [2026-03-18T07:40:07.047+0530] {dagbag.py:540} INFO - Filling up the DagBag from /Users/vybhavswaroop/Desktop/untitled folder 3/ecommerce_platform/venv/lib/python3.11/site-packages/airflow/example_dags/example_skip_dag.py
[2026-03-18T07:40:07.050+0530] {processor.py:840} INFO - DAG(s) 'example_skip_dag' retrieved from /Users/vybhavswaroop/Desktop/untitled folder 3/ecommerce_platform/venv/lib/python3.11/site-packages/airflow/example_dags/example_skip_dag.py
[2026-03-18T07:40:07.086+0530] {logging_mixin.py:188} INFO - [2026-03-18T07:40:07.086+0530] {dag.py:3047} INFO - Sync 1 DAGs
[2026-03-18T07:40:07.094+0530] {logging_mixin.py:188} INFO - [2026-03-18T07:40:07.094+0530] {dag.py:3834} INFO - Setting next_dagrun for example_skip_dag to 2026-03-17 00:00:00+00:00, run_after=2026-03-18 00:00:00+00:00
[2026-03-18T07:40:07.100+0530] {processor.py:183} INFO - Processing /Users/vybhavswaroop/Desktop/untitled folder 3/ecommerce_platform/venv/lib/python3.11/site-packages/airflow/example_dags/example_skip_dag.py took 0.054 seconds
[2026-03-18T07:41:43.781+0530] {processor.py:161} INFO - Started process (PID=6705) to work on /Users/vybhavswaroop/Desktop/untitled folder 3/ecommerce_platform/venv/lib/python3.11/site-packages/airflow/example_dags/example_skip_dag.py
[2026-03-18T07:41:43.783+0530] {processor.py:830} INFO - Processing file /Users/vybhavswaroop/Desktop/untitled folder 3/ecommerce_platform/venv/lib/python3.11/site-packages/airflow/example_dags/example_skip_dag.py for tasks to queue
[2026-03-18T07:41:43.783+0530] {logging_mixin.py:188} INFO - [2026-03-18T07:41:43.783+0530] {dagbag.py:540} INFO - Filling up the DagBag from /Users/vybhavswaroop/Desktop/untitled folder 3/ecommerce_platform/venv/lib/python3.11/site-packages/airflow/example_dags/example_skip_dag.py
[2026-03-18T07:41:43.788+0530] {processor.py:840} INFO - DAG(s) 'example_skip_dag' retrieved from /Users/vybhavswaroop/Desktop/untitled folder 3/ecommerce_platform/venv/lib/python3.11/site-packages/airflow/example_dags/example_skip_dag.py
[2026-03-18T07:41:43.830+0530] {logging_mixin.py:188} INFO - [2026-03-18T07:41:43.830+0530] {dag.py:3047} INFO - Sync 1 DAGs
[2026-03-18T07:41:43.838+0530] {logging_mixin.py:188} INFO - [2026-03-18T07:41:43.838+0530] {dag.py:3834} INFO - Setting next_dagrun for example_skip_dag to 2026-03-17 00:00:00+00:00, run_after=2026-03-18 00:00:00+00:00
[2026-03-18T07:41:43.846+0530] {processor.py:183} INFO - Processing /Users/vybhavswaroop/Desktop/untitled folder 3/ecommerce_platform/venv/lib/python3.11/site-packages/airflow/example_dags/example_skip_dag.py took 0.066 seconds
[2026-03-18T07:43:19.902+0530] {processor.py:161} INFO - Started process (PID=7043) to work on /Users/vybhavswaroop/Desktop/untitled folder 3/ecommerce_platform/venv/lib/python3.11/site-packages/airflow/example_dags/example_skip_dag.py
[2026-03-18T07:43:19.904+0530] {processor.py:830} INFO - Processing file /Users/vybhavswaroop/Desktop/untitled folder 3/ecommerce_platform/venv/lib/python3.11/site-packages/airflow/example_dags/example_skip_dag.py for tasks to queue
[2026-03-18T07:43:19.904+0530] {logging_mixin.py:188} INFO - [2026-03-18T07:43:19.904+0530] {dagbag.py:540} INFO - Filling up the DagBag from /Users/vybhavswaroop/Desktop/untitled folder 3/ecommerce_platform/venv/lib/python3.11/site-packages/airflow/example_dags/example_skip_dag.py
[2026-03-18T07:43:19.907+0530] {processor.py:840} INFO - DAG(s) 'example_skip_dag' retrieved from /Users/vybhavswaroop/Desktop/untitled folder 3/ecommerce_platform/venv/lib/python3.11/site-packages/airflow/example_dags/example_skip_dag.py
[2026-03-18T07:43:19.944+0530] {logging_mixin.py:188} INFO - [2026-03-18T07:43:19.944+0530] {dag.py:3047} INFO - Sync 1 DAGs
[2026-03-18T07:43:19.949+0530] {logging_mixin.py:188} INFO - [2026-03-18T07:43:19.949+0530] {dag.py:3834} INFO - Setting next_dagrun for example_skip_dag to 2026-03-17 00:00:00+00:00, run_after=2026-03-18 00:00:00+00:00
[2026-03-18T07:43:19.956+0530] {processor.py:183} INFO - Processing /Users/vybhavswaroop/Desktop/untitled folder 3/ecommerce_platform/venv/lib/python3.11/site-packages/airflow/example_dags/example_skip_dag.py took 0.054 seconds
[2026-03-18T07:44:52.923+0530] {processor.py:161} INFO - Started process (PID=7381) to work on /Users/vybhavswaroop/Desktop/untitled folder 3/ecommerce_platform/venv/lib/python3.11/site-packages/airflow/example_dags/example_skip_dag.py
[2026-03-18T07:44:52.925+0530] {processor.py:830} INFO - Processing file /Users/vybhavswaroop/Desktop/untitled folder 3/ecommerce_platform/venv/lib/python3.11/site-packages/airflow/example_dags/example_skip_dag.py for tasks to queue
[2026-03-18T07:44:52.926+0530] {logging_mixin.py:188} INFO - [2026-03-18T07:44:52.926+0530] {dagbag.py:540} INFO - Filling up the DagBag from /Users/vybhavswaroop/Desktop/untitled folder 3/ecommerce_platform/venv/lib/python3.11/site-packages/airflow/example_dags/example_skip_dag.py
[2026-03-18T07:44:52.928+0530] {processor.py:840} INFO - DAG(s) 'example_skip_dag' retrieved from /Users/vybhavswaroop/Desktop/untitled folder 3/ecommerce_platform/venv/lib/python3.11/site-packages/airflow/example_dags/example_skip_dag.py
[2026-03-18T07:44:52.964+0530] {logging_mixin.py:188} INFO - [2026-03-18T07:44:52.964+0530] {dag.py:3047} INFO - Sync 1 DAGs
[2026-03-18T07:44:52.970+0530] {logging_mixin.py:188} INFO - [2026-03-18T07:44:52.969+0530] {dag.py:3834} INFO - Setting next_dagrun for example_skip_dag to 2026-03-17 00:00:00+00:00, run_after=2026-03-18 00:00:00+00:00
[2026-03-18T07:44:52.975+0530] {processor.py:183} INFO - Processing /Users/vybhavswaroop/Desktop/untitled folder 3/ecommerce_platform/venv/lib/python3.11/site-packages/airflow/example_dags/example_skip_dag.py took 0.052 seconds
[2026-03-18T07:46:16.526+0530] {processor.py:161} INFO - Started process (PID=7661) to work on /Users/vybhavswaroop/Desktop/untitled folder 3/ecommerce_platform/venv/lib/python3.11/site-packages/airflow/example_dags/example_skip_dag.py
[2026-03-18T07:46:16.527+0530] {processor.py:830} INFO - Processing file /Users/vybhavswaroop/Desktop/untitled folder 3/ecommerce_platform/venv/lib/python3.11/site-packages/airflow/example_dags/example_skip_dag.py for tasks to queue
[2026-03-18T07:46:16.527+0530] {logging_mixin.py:188} INFO - [2026-03-18T07:46:16.527+0530] {dagbag.py:540} INFO - Filling up the DagBag from /Users/vybhavswaroop/Desktop/untitled folder 3/ecommerce_platform/venv/lib/python3.11/site-packages/airflow/example_dags/example_skip_dag.py
[2026-03-18T07:46:16.530+0530] {processor.py:840} INFO - DAG(s) 'example_skip_dag' retrieved from /Users/vybhavswaroop/Desktop/untitled folder 3/ecommerce_platform/venv/lib/python3.11/site-packages/airflow/example_dags/example_skip_dag.py
[2026-03-18T07:46:16.566+0530] {logging_mixin.py:188} INFO - [2026-03-18T07:46:16.566+0530] {dag.py:3047} INFO - Sync 1 DAGs
[2026-03-18T07:46:16.572+0530] {logging_mixin.py:188} INFO - [2026-03-18T07:46:16.572+0530] {dag.py:3834} INFO - Setting next_dagrun for example_skip_dag to 2026-03-17 00:00:00+00:00, run_after=2026-03-18 00:00:00+00:00
[2026-03-18T07:46:16.577+0530] {processor.py:183} INFO - Processing /Users/vybhavswaroop/Desktop/untitled folder 3/ecommerce_platform/venv/lib/python3.11/site-packages/airflow/example_dags/example_skip_dag.py took 0.051 seconds
[2026-03-18T07:47:38.864+0530] {processor.py:161} INFO - Started process (PID=7961) to work on /Users/vybhavswaroop/Desktop/untitled folder 3/ecommerce_platform/venv/lib/python3.11/site-packages/airflow/example_dags/example_skip_dag.py
[2026-03-18T07:47:38.865+0530] {processor.py:830} INFO - Processing file /Users/vybhavswaroop/Desktop/untitled folder 3/ecommerce_platform/venv/lib/python3.11/site-packages/airflow/example_dags/example_skip_dag.py for tasks to queue
[2026-03-18T07:47:38.866+0530] {logging_mixin.py:188} INFO - [2026-03-18T07:47:38.866+0530] {dagbag.py:540} INFO - Filling up the DagBag from /Users/vybhavswaroop/Desktop/untitled folder 3/ecommerce_platform/venv/lib/python3.11/site-packages/airflow/example_dags/example_skip_dag.py
[2026-03-18T07:47:38.868+0530] {processor.py:840} INFO - DAG(s) 'example_skip_dag' retrieved from /Users/vybhavswaroop/Desktop/untitled folder 3/ecommerce_platform/venv/lib/python3.11/site-packages/airflow/example_dags/example_skip_dag.py
[2026-03-18T07:47:38.905+0530] {logging_mixin.py:188} INFO - [2026-03-18T07:47:38.905+0530] {dag.py:3047} INFO - Sync 1 DAGs
[2026-03-18T07:47:38.910+0530] {logging_mixin.py:188} INFO - [2026-03-18T07:47:38.910+0530] {dag.py:3834} INFO - Setting next_dagrun for example_skip_dag to 2026-03-17 00:00:00+00:00, run_after=2026-03-18 00:00:00+00:00
[2026-03-18T07:47:38.916+0530] {processor.py:183} INFO - Processing /Users/vybhavswaroop/Desktop/untitled folder 3/ecommerce_platform/venv/lib/python3.11/site-packages/airflow/example_dags/example_skip_dag.py took 0.052 seconds
[2026-03-18T07:49:01.436+0530] {processor.py:161} INFO - Started process (PID=8283) to work on /Users/vybhavswaroop/Desktop/untitled folder 3/ecommerce_platform/venv/lib/python3.11/site-packages/airflow/example_dags/example_skip_dag.py
[2026-03-18T07:49:01.437+0530] {processor.py:830} INFO - Processing file /Users/vybhavswaroop/Desktop/untitled folder 3/ecommerce_platform/venv/lib/python3.11/site-packages/airflow/example_dags/example_skip_dag.py for tasks to queue
[2026-03-18T07:49:01.437+0530] {logging_mixin.py:188} INFO - [2026-03-18T07:49:01.437+0530] {dagbag.py:540} INFO - Filling up the DagBag from /Users/vybhavswaroop/Desktop/untitled folder 3/ecommerce_platform/venv/lib/python3.11/site-packages/airflow/example_dags/example_skip_dag.py
[2026-03-18T07:49:01.440+0530] {processor.py:840} INFO - DAG(s) 'example_skip_dag' retrieved from /Users/vybhavswaroop/Desktop/untitled folder 3/ecommerce_platform/venv/lib/python3.11/site-packages/airflow/example_dags/example_skip_dag.py
[2026-03-18T07:49:01.475+0530] {logging_mixin.py:188} INFO - [2026-03-18T07:49:01.475+0530] {dag.py:3047} INFO - Sync 1 DAGs
[2026-03-18T07:49:01.481+0530] {logging_mixin.py:188} INFO - [2026-03-18T07:49:01.481+0530] {dag.py:3834} INFO - Setting next_dagrun for example_skip_dag to 2026-03-17 00:00:00+00:00, run_after=2026-03-18 00:00:00+00:00
[2026-03-18T07:49:01.486+0530] {processor.py:183} INFO - Processing /Users/vybhavswaroop/Desktop/untitled folder 3/ecommerce_platform/venv/lib/python3.11/site-packages/airflow/example_dags/example_skip_dag.py took 0.051 seconds
[2026-03-18T07:50:27.585+0530] {processor.py:161} INFO - Started process (PID=8858) to work on /Users/vybhavswaroop/Desktop/untitled folder 3/ecommerce_platform/venv/lib/python3.11/site-packages/airflow/example_dags/example_skip_dag.py
[2026-03-18T07:50:27.585+0530] {processor.py:830} INFO - Processing file /Users/vybhavswaroop/Desktop/untitled folder 3/ecommerce_platform/venv/lib/python3.11/site-packages/airflow/example_dags/example_skip_dag.py for tasks to queue
[2026-03-18T07:50:27.586+0530] {logging_mixin.py:188} INFO - [2026-03-18T07:50:27.586+0530] {dagbag.py:540} INFO - Filling up the DagBag from /Users/vybhavswaroop/Desktop/untitled folder 3/ecommerce_platform/venv/lib/python3.11/site-packages/airflow/example_dags/example_skip_dag.py
[2026-03-18T07:50:27.589+0530] {processor.py:840} INFO - DAG(s) 'example_skip_dag' retrieved from /Users/vybhavswaroop/Desktop/untitled folder 3/ecommerce_platform/venv/lib/python3.11/site-packages/airflow/example_dags/example_skip_dag.py
[2026-03-18T07:50:27.625+0530] {logging_mixin.py:188} INFO - [2026-03-18T07:50:27.625+0530] {dag.py:3047} INFO - Sync 1 DAGs
[2026-03-18T07:50:27.630+0530] {logging_mixin.py:188} INFO - [2026-03-18T07:50:27.630+0530] {dag.py:3834} INFO - Setting next_dagrun for example_skip_dag to 2026-03-17 00:00:00+00:00, run_after=2026-03-18 00:00:00+00:00
[2026-03-18T07:50:27.636+0530] {processor.py:183} INFO - Processing /Users/vybhavswaroop/Desktop/untitled folder 3/ecommerce_platform/venv/lib/python3.11/site-packages/airflow/example_dags/example_skip_dag.py took 0.051 seconds
[2026-03-18T07:51:54.067+0530] {processor.py:161} INFO - Started process (PID=9717) to work on /Users/vybhavswaroop/Desktop/untitled folder 3/ecommerce_platform/venv/lib/python3.11/site-packages/airflow/example_dags/example_skip_dag.py
[2026-03-18T07:51:54.068+0530] {processor.py:830} INFO - Processing file /Users/vybhavswaroop/Desktop/untitled folder 3/ecommerce_platform/venv/lib/python3.11/site-packages/airflow/example_dags/example_skip_dag.py for tasks to queue
[2026-03-18T07:51:54.068+0530] {logging_mixin.py:188} INFO - [2026-03-18T07:51:54.068+0530] {dagbag.py:540} INFO - Filling up the DagBag from /Users/vybhavswaroop/Desktop/untitled folder 3/ecommerce_platform/venv/lib/python3.11/site-packages/airflow/example_dags/example_skip_dag.py
[2026-03-18T07:51:54.071+0530] {processor.py:840} INFO - DAG(s) 'example_skip_dag' retrieved from /Users/vybhavswaroop/Desktop/untitled folder 3/ecommerce_platform/venv/lib/python3.11/site-packages/airflow/example_dags/example_skip_dag.py
[2026-03-18T07:51:54.106+0530] {logging_mixin.py:188} INFO - [2026-03-18T07:51:54.106+0530] {dag.py:3047} INFO - Sync 1 DAGs
[2026-03-18T07:51:54.112+0530] {logging_mixin.py:188} INFO - [2026-03-18T07:51:54.112+0530] {dag.py:3834} INFO - Setting next_dagrun for example_skip_dag to 2026-03-17 00:00:00+00:00, run_after=2026-03-18 00:00:00+00:00
[2026-03-18T07:51:54.118+0530] {processor.py:183} INFO - Processing /Users/vybhavswaroop/Desktop/untitled folder 3/ecommerce_platform/venv/lib/python3.11/site-packages/airflow/example_dags/example_skip_dag.py took 0.051 seconds
[2026-03-18T07:53:25.436+0530] {processor.py:161} INFO - Started process (PID=10819) to work on /Users/vybhavswaroop/Desktop/untitled folder 3/ecommerce_platform/venv/lib/python3.11/site-packages/airflow/example_dags/example_skip_dag.py
[2026-03-18T07:53:25.438+0530] {processor.py:830} INFO - Processing file /Users/vybhavswaroop/Desktop/untitled folder 3/ecommerce_platform/venv/lib/python3.11/site-packages/airflow/example_dags/example_skip_dag.py for tasks to queue
[2026-03-18T07:53:25.438+0530] {logging_mixin.py:188} INFO - [2026-03-18T07:53:25.438+0530] {dagbag.py:540} INFO - Filling up the DagBag from /Users/vybhavswaroop/Desktop/untitled folder 3/ecommerce_platform/venv/lib/python3.11/site-packages/airflow/example_dags/example_skip_dag.py
[2026-03-18T07:53:25.441+0530] {processor.py:840} INFO - DAG(s) 'example_skip_dag' retrieved from /Users/vybhavswaroop/Desktop/untitled folder 3/ecommerce_platform/venv/lib/python3.11/site-packages/airflow/example_dags/example_skip_dag.py
[2026-03-18T07:53:25.501+0530] {logging_mixin.py:188} INFO - [2026-03-18T07:53:25.501+0530] {dag.py:3047} INFO - Sync 1 DAGs
[2026-03-18T07:53:25.506+0530] {logging_mixin.py:188} INFO - [2026-03-18T07:53:25.506+0530] {dag.py:3834} INFO - Setting next_dagrun for example_skip_dag to 2026-03-17 00:00:00+00:00, run_after=2026-03-18 00:00:00+00:00
[2026-03-18T07:53:25.512+0530] {processor.py:183} INFO - Processing /Users/vybhavswaroop/Desktop/untitled folder 3/ecommerce_platform/venv/lib/python3.11/site-packages/airflow/example_dags/example_skip_dag.py took 0.076 seconds
[2026-03-18T07:55:30.053+0530] {processor.py:161} INFO - Started process (PID=11185) to work on /Users/vybhavswaroop/Desktop/untitled folder 3/ecommerce_platform/venv/lib/python3.11/site-packages/airflow/example_dags/example_skip_dag.py
[2026-03-18T07:55:30.054+0530] {processor.py:830} INFO - Processing file /Users/vybhavswaroop/Desktop/untitled folder 3/ecommerce_platform/venv/lib/python3.11/site-packages/airflow/example_dags/example_skip_dag.py for tasks to queue
[2026-03-18T07:55:30.055+0530] {logging_mixin.py:188} INFO - [2026-03-18T07:55:30.054+0530] {dagbag.py:540} INFO - Filling up the DagBag from /Users/vybhavswaroop/Desktop/untitled folder 3/ecommerce_platform/venv/lib/python3.11/site-packages/airflow/example_dags/example_skip_dag.py
[2026-03-18T07:55:30.058+0530] {processor.py:840} INFO - DAG(s) 'example_skip_dag' retrieved from /Users/vybhavswaroop/Desktop/untitled folder 3/ecommerce_platform/venv/lib/python3.11/site-packages/airflow/example_dags/example_skip_dag.py
[2026-03-18T07:55:30.094+0530] {logging_mixin.py:188} INFO - [2026-03-18T07:55:30.094+0530] {dag.py:3047} INFO - Sync 1 DAGs
[2026-03-18T07:55:30.099+0530] {logging_mixin.py:188} INFO - [2026-03-18T07:55:30.099+0530] {dag.py:3834} INFO - Setting next_dagrun for example_skip_dag to 2026-03-17 00:00:00+00:00, run_after=2026-03-18 00:00:00+00:00
[2026-03-18T07:55:30.105+0530] {processor.py:183} INFO - Processing /Users/vybhavswaroop/Desktop/untitled folder 3/ecommerce_platform/venv/lib/python3.11/site-packages/airflow/example_dags/example_skip_dag.py took 0.052 seconds
[2026-03-18T07:57:00.777+0530] {processor.py:161} INFO - Started process (PID=11446) to work on /Users/vybhavswaroop/Desktop/untitled folder 3/ecommerce_platform/venv/lib/python3.11/site-packages/airflow/example_dags/example_skip_dag.py
[2026-03-18T07:57:00.777+0530] {processor.py:830} INFO - Processing file /Users/vybhavswaroop/Desktop/untitled folder 3/ecommerce_platform/venv/lib/python3.11/site-packages/airflow/example_dags/example_skip_dag.py for tasks to queue
[2026-03-18T07:57:00.777+0530] {logging_mixin.py:188} INFO - [2026-03-18T07:57:00.777+0530] {dagbag.py:540} INFO - Filling up the DagBag from /Users/vybhavswaroop/Desktop/untitled folder 3/ecommerce_platform/venv/lib/python3.11/site-packages/airflow/example_dags/example_skip_dag.py
[2026-03-18T07:57:00.780+0530] {processor.py:840} INFO - DAG(s) 'example_skip_dag' retrieved from /Users/vybhavswaroop/Desktop/untitled folder 3/ecommerce_platform/venv/lib/python3.11/site-packages/airflow/example_dags/example_skip_dag.py
[2026-03-18T07:57:00.815+0530] {logging_mixin.py:188} INFO - [2026-03-18T07:57:00.815+0530] {dag.py:3047} INFO - Sync 1 DAGs
[2026-03-18T07:57:00.820+0530] {logging_mixin.py:188} INFO - [2026-03-18T07:57:00.820+0530] {dag.py:3834} INFO - Setting next_dagrun for example_skip_dag to 2026-03-17 00:00:00+00:00, run_after=2026-03-18 00:00:00+00:00
[2026-03-18T07:57:00.826+0530] {processor.py:183} INFO - Processing /Users/vybhavswaroop/Desktop/untitled folder 3/ecommerce_platform/venv/lib/python3.11/site-packages/airflow/example_dags/example_skip_dag.py took 0.049 seconds
[2026-03-18T07:58:26.430+0530] {processor.py:161} INFO - Started process (PID=11692) to work on /Users/vybhavswaroop/Desktop/untitled folder 3/ecommerce_platform/venv/lib/python3.11/site-packages/airflow/example_dags/example_skip_dag.py
[2026-03-18T07:58:26.431+0530] {processor.py:830} INFO - Processing file /Users/vybhavswaroop/Desktop/untitled folder 3/ecommerce_platform/venv/lib/python3.11/site-packages/airflow/example_dags/example_skip_dag.py for tasks to queue
[2026-03-18T07:58:26.431+0530] {logging_mixin.py:188} INFO - [2026-03-18T07:58:26.431+0530] {dagbag.py:540} INFO - Filling up the DagBag from /Users/vybhavswaroop/Desktop/untitled folder 3/ecommerce_platform/venv/lib/python3.11/site-packages/airflow/example_dags/example_skip_dag.py
[2026-03-18T07:58:26.434+0530] {processor.py:840} INFO - DAG(s) 'example_skip_dag' retrieved from /Users/vybhavswaroop/Desktop/untitled folder 3/ecommerce_platform/venv/lib/python3.11/site-packages/airflow/example_dags/example_skip_dag.py
[2026-03-18T07:58:26.471+0530] {logging_mixin.py:188} INFO - [2026-03-18T07:58:26.471+0530] {dag.py:3047} INFO - Sync 1 DAGs
[2026-03-18T07:58:26.477+0530] {logging_mixin.py:188} INFO - [2026-03-18T07:58:26.477+0530] {dag.py:3834} INFO - Setting next_dagrun for example_skip_dag to 2026-03-17 00:00:00+00:00, run_after=2026-03-18 00:00:00+00:00
[2026-03-18T07:58:26.482+0530] {processor.py:183} INFO - Processing /Users/vybhavswaroop/Desktop/untitled folder 3/ecommerce_platform/venv/lib/python3.11/site-packages/airflow/example_dags/example_skip_dag.py took 0.052 seconds
