[2026-03-18T05:59:17.080+0530] {processor.py:161} INFO - Started process (PID=97392) to work on /Users/vybhavswaroop/Desktop/untitled folder 3/ecommerce_platform/venv/lib/python3.11/site-packages/airflow/example_dags/example_trigger_controller_dag.py
[2026-03-18T05:59:17.081+0530] {processor.py:830} INFO - Processing file /Users/vybhavswaroop/Desktop/untitled folder 3/ecommerce_platform/venv/lib/python3.11/site-packages/airflow/example_dags/example_trigger_controller_dag.py for tasks to queue
[2026-03-18T05:59:17.081+0530] {logging_mixin.py:188} INFO - [2026-03-18T05:59:17.081+0530] {dagbag.py:540} INFO - Filling up the DagBag from /Users/vybhavswaroop/Desktop/untitled folder 3/ecommerce_platform/venv/lib/python3.11/site-packages/airflow/example_dags/example_trigger_controller_dag.py
[2026-03-18T05:59:17.091+0530] {processor.py:840} INFO - DAG(s) 'example_trigger_controller_dag' retrieved from /Users/vybhavswaroop/Desktop/untitled folder 3/ecommerce_platform/venv/lib/python3.11/site-packages/airflow/example_dags/example_trigger_controller_dag.py
[2026-03-18T05:59:17.181+0530] {logging_mixin.py:188} INFO - [2026-03-18T05:59:17.181+0530] {dag.py:3047} INFO - Sync 1 DAGs
[2026-03-18T05:59:17.196+0530] {logging_mixin.py:188} INFO - [2026-03-18T05:59:17.195+0530] {dag.py:3834} INFO - Setting next_dagrun for example_trigger_controller_dag to 2021-01-01 00:00:00+00:00, run_after=2021-01-01 00:00:00+00:00
[2026-03-18T05:59:17.213+0530] {processor.py:183} INFO - Processing /Users/vybhavswaroop/Desktop/untitled folder 3/ecommerce_platform/venv/lib/python3.11/site-packages/airflow/example_dags/example_trigger_controller_dag.py took 0.134 seconds
[2026-03-18T07:20:10.696+0530] {processor.py:161} INFO - Started process (PID=99532) to work on /Users/vybhavswaroop/Desktop/untitled folder 3/ecommerce_platform/venv/lib/python3.11/site-packages/airflow/example_dags/example_trigger_controller_dag.py
[2026-03-18T07:20:10.696+0530] {processor.py:830} INFO - Processing file /Users/vybhavswaroop/Desktop/untitled folder 3/ecommerce_platform/venv/lib/python3.11/site-packages/airflow/example_dags/example_trigger_controller_dag.py for tasks to queue
[2026-03-18T07:20:10.696+0530] {logging_mixin.py:188} INFO - [2026-03-18T07:20:10.696+0530] {dagbag.py:540} INFO - Filling up the DagBag from /Users/vybhavswaroop/Desktop/untitled folder 3/ecommerce_platform/venv/lib/python3.11/site-packages/airflow/example_dags/example_trigger_controller_dag.py
[2026-03-18T07:20:10.701+0530] {processor.py:840} INFO - DAG(s) 'example_trigger_controller_dag' retrieved from /Users/vybhavswaroop/Desktop/untitled folder 3/ecommerce_platform/venv/lib/python3.11/site-packages/airflow/example_dags/example_trigger_controller_dag.py
[2026-03-18T07:20:10.735+0530] {logging_mixin.py:188} INFO - [2026-03-18T07:20:10.735+0530] {dag.py:3047} INFO - Sync 1 DAGs
[2026-03-18T07:20:10.741+0530] {logging_mixin.py:188} INFO - [2026-03-18T07:20:10.741+0530] {dag.py:3834} INFO - Setting next_dagrun for example_trigger_controller_dag to 2021-01-01 00:00:00+00:00, run_after=2021-01-01 00:00:00+00:00
[2026-03-18T07:20:10.748+0530] {processor.py:183} INFO - Processing /Users/vybhavswaroop/Desktop/untitled folder 3/ecommerce_platform/venv/lib/python3.11/site-packages/airflow/example_dags/example_trigger_controller_dag.py took 0.053 seconds
[2026-03-18T07:21:07.609+0530] {processor.py:161} INFO - Started process (PID=1667) to work on /Users/vybhavswaroop/Desktop/untitled folder 3/ecommerce_platform/venv/lib/python3.11/site-packages/airflow/example_dags/example_trigger_controller_dag.py
[2026-03-18T07:21:07.610+0530] {processor.py:830} INFO - Processing file /Users/vybhavswaroop/Desktop/untitled folder 3/ecommerce_platform/venv/lib/python3.11/site-packages/airflow/example_dags/example_trigger_controller_dag.py for tasks to queue
[2026-03-18T07:21:07.610+0530] {logging_mixin.py:188} INFO - [2026-03-18T07:21:07.610+0530] {dagbag.py:540} INFO - Filling up the DagBag from /Users/vybhavswaroop/Desktop/untitled folder 3/ecommerce_platform/venv/lib/python3.11/site-packages/airflow/example_dags/example_trigger_controller_dag.py
[2026-03-18T07:21:07.614+0530] {processor.py:840} INFO - DAG(s) 'example_trigger_controller_dag' retrieved from /Users/vybhavswaroop/Desktop/untitled folder 3/ecommerce_platform/venv/lib/python3.11/site-packages/airflow/example_dags/example_trigger_controller_dag.py
[2026-03-18T07:21:07.647+0530] {logging_mixin.py:188} INFO - [2026-03-18T07:21:07.646+0530] {dag.py:3047} INFO - Sync 1 DAGs
[2026-03-18T07:21:07.652+0530] {logging_mixin.py:188} INFO - [2026-03-18T07:21:07.652+0530] {dag.py:3834} INFO - Setting next_dagrun for example_trigger_controller_dag to 2021-01-01 00:00:00+00:00, run_after=2021-01-01 00:00:00+00:00
[2026-03-18T07:21:07.658+0530] {processor.py:183} INFO - Processing /Users/vybhavswaroop/Desktop/untitled folder 3/ecommerce_platform/venv/lib/python3.11/site-packages/airflow/example_dags/example_trigger_controller_dag.py took 0.049 seconds
[2026-03-18T07:22:05.628+0530] {processor.py:161} INFO - Started process (PID=2946) to work on /Users/vybhavswaroop/Desktop/untitled folder 3/ecommerce_platform/venv/lib/python3.11/site-packages/airflow/example_dags/example_trigger_controller_dag.py
[2026-03-18T07:22:05.631+0530] {processor.py:830} INFO - Processing file /Users/vybhavswaroop/Desktop/untitled folder 3/ecommerce_platform/venv/lib/python3.11/site-packages/airflow/example_dags/example_trigger_controller_dag.py for tasks to queue
[2026-03-18T07:22:05.632+0530] {logging_mixin.py:188} INFO - [2026-03-18T07:22:05.632+0530] {dagbag.py:540} INFO - Filling up the DagBag from /Users/vybhavswaroop/Desktop/untitled folder 3/ecommerce_platform/venv/lib/python3.11/site-packages/airflow/example_dags/example_trigger_controller_dag.py
[2026-03-18T07:22:05.636+0530] {processor.py:840} INFO - DAG(s) 'example_trigger_controller_dag' retrieved from /Users/vybhavswaroop/Desktop/untitled folder 3/ecommerce_platform/venv/lib/python3.11/site-packages/airflow/example_dags/example_trigger_controller_dag.py
[2026-03-18T07:22:05.695+0530] {logging_mixin.py:188} INFO - [2026-03-18T07:22:05.695+0530] {dag.py:3047} INFO - Sync 1 DAGs
[2026-03-18T07:22:05.699+0530] {logging_mixin.py:188} INFO - [2026-03-18T07:22:05.699+0530] {dag.py:3834} INFO - Setting next_dagrun for example_trigger_controller_dag to 2021-01-01 00:00:00+00:00, run_after=2021-01-01 00:00:00+00:00
[2026-03-18T07:22:05.706+0530] {processor.py:183} INFO - Processing /Users/vybhavswaroop/Desktop/untitled folder 3/ecommerce_platform/venv/lib/python3.11/site-packages/airflow/example_dags/example_trigger_controller_dag.py took 0.078 seconds
[2026-03-18T07:24:06.715+0530] {processor.py:161} INFO - Started process (PID=3371) to work on /Users/vybhavswaroop/Desktop/untitled folder 3/ecommerce_platform/venv/lib/python3.11/site-packages/airflow/example_dags/example_trigger_controller_dag.py
[2026-03-18T07:24:06.716+0530] {processor.py:830} INFO - Processing file /Users/vybhavswaroop/Desktop/untitled folder 3/ecommerce_platform/venv/lib/python3.11/site-packages/airflow/example_dags/example_trigger_controller_dag.py for tasks to queue
[2026-03-18T07:24:06.716+0530] {logging_mixin.py:188} INFO - [2026-03-18T07:24:06.716+0530] {dagbag.py:540} INFO - Filling up the DagBag from /Users/vybhavswaroop/Desktop/untitled folder 3/ecommerce_platform/venv/lib/python3.11/site-packages/airflow/example_dags/example_trigger_controller_dag.py
[2026-03-18T07:24:06.721+0530] {processor.py:840} INFO - DAG(s) 'example_trigger_controller_dag' retrieved from /Users/vybhavswaroop/Desktop/untitled folder 3/ecommerce_platform/venv/lib/python3.11/site-packages/airflow/example_dags/example_trigger_controller_dag.py
[2026-03-18T07:24:06.755+0530] {logging_mixin.py:188} INFO - [2026-03-18T07:24:06.755+0530] {dag.py:3047} INFO - Sync 1 DAGs
[2026-03-18T07:24:06.760+0530] {logging_mixin.py:188} INFO - [2026-03-18T07:24:06.760+0530] {dag.py:3834} INFO - Setting next_dagrun for example_trigger_controller_dag to 2021-01-01 00:00:00+00:00, run_after=2021-01-01 00:00:00+00:00
[2026-03-18T07:24:06.767+0530] {processor.py:183} INFO - Processing /Users/vybhavswaroop/Desktop/untitled folder 3/ecommerce_platform/venv/lib/python3.11/site-packages/airflow/example_dags/example_trigger_controller_dag.py took 0.052 seconds
[2026-03-18T07:25:32.182+0530] {processor.py:161} INFO - Started process (PID=3621) to work on /Users/vybhavswaroop/Desktop/untitled folder 3/ecommerce_platform/venv/lib/python3.11/site-packages/airflow/example_dags/example_trigger_controller_dag.py
[2026-03-18T07:25:32.182+0530] {processor.py:830} INFO - Processing file /Users/vybhavswaroop/Desktop/untitled folder 3/ecommerce_platform/venv/lib/python3.11/site-packages/airflow/example_dags/example_trigger_controller_dag.py for tasks to queue
[2026-03-18T07:25:32.182+0530] {logging_mixin.py:188} INFO - [2026-03-18T07:25:32.182+0530] {dagbag.py:540} INFO - Filling up the DagBag from /Users/vybhavswaroop/Desktop/untitled folder 3/ecommerce_platform/venv/lib/python3.11/site-packages/airflow/example_dags/example_trigger_controller_dag.py
[2026-03-18T07:25:32.186+0530] {processor.py:840} INFO - DAG(s) 'example_trigger_controller_dag' retrieved from /Users/vybhavswaroop/Desktop/untitled folder 3/ecommerce_platform/venv/lib/python3.11/site-packages/airflow/example_dags/example_trigger_controller_dag.py
[2026-03-18T07:25:32.220+0530] {logging_mixin.py:188} INFO - [2026-03-18T07:25:32.220+0530] {dag.py:3047} INFO - Sync 1 DAGs
[2026-03-18T07:25:32.225+0530] {logging_mixin.py:188} INFO - [2026-03-18T07:25:32.225+0530] {dag.py:3834} INFO - Setting next_dagrun for example_trigger_controller_dag to 2021-01-01 00:00:00+00:00, run_after=2021-01-01 00:00:00+00:00
[2026-03-18T07:25:32.231+0530] {processor.py:183} INFO - Processing /Users/vybhavswaroop/Desktop/untitled folder 3/ecommerce_platform/venv/lib/python3.11/site-packages/airflow/example_dags/example_trigger_controller_dag.py took 0.050 seconds
[2026-03-18T07:26:56.782+0530] {processor.py:161} INFO - Started process (PID=3873) to work on /Users/vybhavswaroop/Desktop/untitled folder 3/ecommerce_platform/venv/lib/python3.11/site-packages/airflow/example_dags/example_trigger_controller_dag.py
[2026-03-18T07:26:56.782+0530] {processor.py:830} INFO - Processing file /Users/vybhavswaroop/Desktop/untitled folder 3/ecommerce_platform/venv/lib/python3.11/site-packages/airflow/example_dags/example_trigger_controller_dag.py for tasks to queue
[2026-03-18T07:26:56.782+0530] {logging_mixin.py:188} INFO - [2026-03-18T07:26:56.782+0530] {dagbag.py:540} INFO - Filling up the DagBag from /Users/vybhavswaroop/Desktop/untitled folder 3/ecommerce_platform/venv/lib/python3.11/site-packages/airflow/example_dags/example_trigger_controller_dag.py
[2026-03-18T07:26:56.786+0530] {processor.py:840} INFO - DAG(s) 'example_trigger_controller_dag' retrieved from /Users/vybhavswaroop/Desktop/untitled folder 3/ecommerce_platform/venv/lib/python3.11/site-packages/airflow/example_dags/example_trigger_controller_dag.py
[2026-03-18T07:26:56.820+0530] {logging_mixin.py:188} INFO - [2026-03-18T07:26:56.820+0530] {dag.py:3047} INFO - Sync 1 DAGs
[2026-03-18T07:26:56.825+0530] {logging_mixin.py:188} INFO - [2026-03-18T07:26:56.825+0530] {dag.py:3834} INFO - Setting next_dagrun for example_trigger_controller_dag to 2021-01-01 00:00:00+00:00, run_after=2021-01-01 00:00:00+00:00
[2026-03-18T07:26:56.831+0530] {processor.py:183} INFO - Processing /Users/vybhavswaroop/Desktop/untitled folder 3/ecommerce_platform/venv/lib/python3.11/site-packages/airflow/example_dags/example_trigger_controller_dag.py took 0.050 seconds
[2026-03-18T07:28:19.124+0530] {processor.py:161} INFO - Started process (PID=4118) to work on /Users/vybhavswaroop/Desktop/untitled folder 3/ecommerce_platform/venv/lib/python3.11/site-packages/airflow/example_dags/example_trigger_controller_dag.py
[2026-03-18T07:28:19.124+0530] {processor.py:830} INFO - Processing file /Users/vybhavswaroop/Desktop/untitled folder 3/ecommerce_platform/venv/lib/python3.11/site-packages/airflow/example_dags/example_trigger_controller_dag.py for tasks to queue
[2026-03-18T07:28:19.125+0530] {logging_mixin.py:188} INFO - [2026-03-18T07:28:19.125+0530] {dagbag.py:540} INFO - Filling up the DagBag from /Users/vybhavswaroop/Desktop/untitled folder 3/ecommerce_platform/venv/lib/python3.11/site-packages/airflow/example_dags/example_trigger_controller_dag.py
[2026-03-18T07:28:19.128+0530] {processor.py:840} INFO - DAG(s) 'example_trigger_controller_dag' retrieved from /Users/vybhavswaroop/Desktop/untitled folder 3/ecommerce_platform/venv/lib/python3.11/site-packages/airflow/example_dags/example_trigger_controller_dag.py
[2026-03-18T07:28:19.161+0530] {logging_mixin.py:188} INFO - [2026-03-18T07:28:19.161+0530] {dag.py:3047} INFO - Sync 1 DAGs
[2026-03-18T07:28:19.166+0530] {logging_mixin.py:188} INFO - [2026-03-18T07:28:19.166+0530] {dag.py:3834} INFO - Setting next_dagrun for example_trigger_controller_dag to 2021-01-01 00:00:00+00:00, run_after=2021-01-01 00:00:00+00:00
[2026-03-18T07:28:19.172+0530] {processor.py:183} INFO - Processing /Users/vybhavswaroop/Desktop/untitled folder 3/ecommerce_platform/venv/lib/python3.11/site-packages/airflow/example_dags/example_trigger_controller_dag.py took 0.048 seconds
[2026-03-18T07:29:39.923+0530] {processor.py:161} INFO - Started process (PID=4357) to work on /Users/vybhavswaroop/Desktop/untitled folder 3/ecommerce_platform/venv/lib/python3.11/site-packages/airflow/example_dags/example_trigger_controller_dag.py
[2026-03-18T07:29:39.924+0530] {processor.py:830} INFO - Processing file /Users/vybhavswaroop/Desktop/untitled folder 3/ecommerce_platform/venv/lib/python3.11/site-packages/airflow/example_dags/example_trigger_controller_dag.py for tasks to queue
[2026-03-18T07:29:39.924+0530] {logging_mixin.py:188} INFO - [2026-03-18T07:29:39.924+0530] {dagbag.py:540} INFO - Filling up the DagBag from /Users/vybhavswaroop/Desktop/untitled folder 3/ecommerce_platform/venv/lib/python3.11/site-packages/airflow/example_dags/example_trigger_controller_dag.py
[2026-03-18T07:29:39.928+0530] {processor.py:840} INFO - DAG(s) 'example_trigger_controller_dag' retrieved from /Users/vybhavswaroop/Desktop/untitled folder 3/ecommerce_platform/venv/lib/python3.11/site-packages/airflow/example_dags/example_trigger_controller_dag.py
[2026-03-18T07:29:39.961+0530] {logging_mixin.py:188} INFO - [2026-03-18T07:29:39.961+0530] {dag.py:3047} INFO - Sync 1 DAGs
[2026-03-18T07:29:39.966+0530] {logging_mixin.py:188} INFO - [2026-03-18T07:29:39.966+0530] {dag.py:3834} INFO - Setting next_dagrun for example_trigger_controller_dag to 2021-01-01 00:00:00+00:00, run_after=2021-01-01 00:00:00+00:00
[2026-03-18T07:29:39.973+0530] {processor.py:183} INFO - Processing /Users/vybhavswaroop/Desktop/untitled folder 3/ecommerce_platform/venv/lib/python3.11/site-packages/airflow/example_dags/example_trigger_controller_dag.py took 0.050 seconds
[2026-03-18T07:31:01.565+0530] {processor.py:161} INFO - Started process (PID=4598) to work on /Users/vybhavswaroop/Desktop/untitled folder 3/ecommerce_platform/venv/lib/python3.11/site-packages/airflow/example_dags/example_trigger_controller_dag.py
[2026-03-18T07:31:01.566+0530] {processor.py:830} INFO - Processing file /Users/vybhavswaroop/Desktop/untitled folder 3/ecommerce_platform/venv/lib/python3.11/site-packages/airflow/example_dags/example_trigger_controller_dag.py for tasks to queue
[2026-03-18T07:31:01.566+0530] {logging_mixin.py:188} INFO - [2026-03-18T07:31:01.566+0530] {dagbag.py:540} INFO - Filling up the DagBag from /Users/vybhavswaroop/Desktop/untitled folder 3/ecommerce_platform/venv/lib/python3.11/site-packages/airflow/example_dags/example_trigger_controller_dag.py
[2026-03-18T07:31:01.569+0530] {processor.py:840} INFO - DAG(s) 'example_trigger_controller_dag' retrieved from /Users/vybhavswaroop/Desktop/untitled folder 3/ecommerce_platform/venv/lib/python3.11/site-packages/airflow/example_dags/example_trigger_controller_dag.py
[2026-03-18T07:31:01.602+0530] {logging_mixin.py:188} INFO - [2026-03-18T07:31:01.602+0530] {dag.py:3047} INFO - Sync 1 DAGs
[2026-03-18T07:31:01.608+0530] {logging_mixin.py:188} INFO - [2026-03-18T07:31:01.607+0530] {dag.py:3834} INFO - Setting next_dagrun for example_trigger_controller_dag to 2021-01-01 00:00:00+00:00, run_after=2021-01-01 00:00:00+00:00
[2026-03-18T07:31:01.614+0530] {processor.py:183} INFO - Processing /Users/vybhavswaroop/Desktop/untitled folder 3/ecommerce_platform/venv/lib/python3.11/site-packages/airflow/example_dags/example_trigger_controller_dag.py took 0.049 seconds
[2026-03-18T07:32:25.658+0530] {processor.py:161} INFO - Started process (PID=4846) to work on /Users/vybhavswaroop/Desktop/untitled folder 3/ecommerce_platform/venv/lib/python3.11/site-packages/airflow/example_dags/example_trigger_controller_dag.py
[2026-03-18T07:32:25.659+0530] {processor.py:830} INFO - Processing file /Users/vybhavswaroop/Desktop/untitled folder 3/ecommerce_platform/venv/lib/python3.11/site-packages/airflow/example_dags/example_trigger_controller_dag.py for tasks to queue
[2026-03-18T07:32:25.659+0530] {logging_mixin.py:188} INFO - [2026-03-18T07:32:25.659+0530] {dagbag.py:540} INFO - Filling up the DagBag from /Users/vybhavswaroop/Desktop/untitled folder 3/ecommerce_platform/venv/lib/python3.11/site-packages/airflow/example_dags/example_trigger_controller_dag.py
[2026-03-18T07:32:25.663+0530] {processor.py:840} INFO - DAG(s) 'example_trigger_controller_dag' retrieved from /Users/vybhavswaroop/Desktop/untitled folder 3/ecommerce_platform/venv/lib/python3.11/site-packages/airflow/example_dags/example_trigger_controller_dag.py
[2026-03-18T07:32:25.696+0530] {logging_mixin.py:188} INFO - [2026-03-18T07:32:25.696+0530] {dag.py:3047} INFO - Sync 1 DAGs
[2026-03-18T07:32:25.701+0530] {logging_mixin.py:188} INFO - [2026-03-18T07:32:25.701+0530] {dag.py:3834} INFO - Setting next_dagrun for example_trigger_controller_dag to 2021-01-01 00:00:00+00:00, run_after=2021-01-01 00:00:00+00:00
[2026-03-18T07:32:25.707+0530] {processor.py:183} INFO - Processing /Users/vybhavswaroop/Desktop/untitled folder 3/ecommerce_platform/venv/lib/python3.11/site-packages/airflow/example_dags/example_trigger_controller_dag.py took 0.050 seconds
[2026-03-18T07:33:49.356+0530] {processor.py:161} INFO - Started process (PID=5089) to work on /Users/vybhavswaroop/Desktop/untitled folder 3/ecommerce_platform/venv/lib/python3.11/site-packages/airflow/example_dags/example_trigger_controller_dag.py
[2026-03-18T07:33:49.357+0530] {processor.py:830} INFO - Processing file /Users/vybhavswaroop/Desktop/untitled folder 3/ecommerce_platform/venv/lib/python3.11/site-packages/airflow/example_dags/example_trigger_controller_dag.py for tasks to queue
[2026-03-18T07:33:49.357+0530] {logging_mixin.py:188} INFO - [2026-03-18T07:33:49.357+0530] {dagbag.py:540} INFO - Filling up the DagBag from /Users/vybhavswaroop/Desktop/untitled folder 3/ecommerce_platform/venv/lib/python3.11/site-packages/airflow/example_dags/example_trigger_controller_dag.py
[2026-03-18T07:33:49.361+0530] {processor.py:840} INFO - DAG(s) 'example_trigger_controller_dag' retrieved from /Users/vybhavswaroop/Desktop/untitled folder 3/ecommerce_platform/venv/lib/python3.11/site-packages/airflow/example_dags/example_trigger_controller_dag.py
[2026-03-18T07:33:49.394+0530] {logging_mixin.py:188} INFO - [2026-03-18T07:33:49.394+0530] {dag.py:3047} INFO - Sync 1 DAGs
[2026-03-18T07:33:49.400+0530] {logging_mixin.py:188} INFO - [2026-03-18T07:33:49.400+0530] {dag.py:3834} INFO - Setting next_dagrun for example_trigger_controller_dag to 2021-01-01 00:00:00+00:00, run_after=2021-01-01 00:00:00+00:00
[2026-03-18T07:33:49.406+0530] {processor.py:183} INFO - Processing /Users/vybhavswaroop/Desktop/untitled folder 3/ecommerce_platform/venv/lib/python3.11/site-packages/airflow/example_dags/example_trigger_controller_dag.py took 0.050 seconds
[2026-03-18T07:35:23.470+0530] {processor.py:161} INFO - Started process (PID=5416) to work on /Users/vybhavswaroop/Desktop/untitled folder 3/ecommerce_platform/venv/lib/python3.11/site-packages/airflow/example_dags/example_trigger_controller_dag.py
[2026-03-18T07:35:23.470+0530] {processor.py:830} INFO - Processing file /Users/vybhavswaroop/Desktop/untitled folder 3/ecommerce_platform/venv/lib/python3.11/site-packages/airflow/example_dags/example_trigger_controller_dag.py for tasks to queue
[2026-03-18T07:35:23.471+0530] {logging_mixin.py:188} INFO - [2026-03-18T07:35:23.471+0530] {dagbag.py:540} INFO - Filling up the DagBag from /Users/vybhavswaroop/Desktop/untitled folder 3/ecommerce_platform/venv/lib/python3.11/site-packages/airflow/example_dags/example_trigger_controller_dag.py
[2026-03-18T07:35:23.474+0530] {processor.py:840} INFO - DAG(s) 'example_trigger_controller_dag' retrieved from /Users/vybhavswaroop/Desktop/untitled folder 3/ecommerce_platform/venv/lib/python3.11/site-packages/airflow/example_dags/example_trigger_controller_dag.py
[2026-03-18T07:35:23.508+0530] {logging_mixin.py:188} INFO - [2026-03-18T07:35:23.508+0530] {dag.py:3047} INFO - Sync 1 DAGs
[2026-03-18T07:35:23.513+0530] {logging_mixin.py:188} INFO - [2026-03-18T07:35:23.513+0530] {dag.py:3834} INFO - Setting next_dagrun for example_trigger_controller_dag to 2021-01-01 00:00:00+00:00, run_after=2021-01-01 00:00:00+00:00
[2026-03-18T07:35:23.519+0530] {processor.py:183} INFO - Processing /Users/vybhavswaroop/Desktop/untitled folder 3/ecommerce_platform/venv/lib/python3.11/site-packages/airflow/example_dags/example_trigger_controller_dag.py took 0.050 seconds
[2026-03-18T07:36:56.160+0530] {processor.py:161} INFO - Started process (PID=5688) to work on /Users/vybhavswaroop/Desktop/untitled folder 3/ecommerce_platform/venv/lib/python3.11/site-packages/airflow/example_dags/example_trigger_controller_dag.py
[2026-03-18T07:36:56.162+0530] {processor.py:830} INFO - Processing file /Users/vybhavswaroop/Desktop/untitled folder 3/ecommerce_platform/venv/lib/python3.11/site-packages/airflow/example_dags/example_trigger_controller_dag.py for tasks to queue
[2026-03-18T07:36:56.162+0530] {logging_mixin.py:188} INFO - [2026-03-18T07:36:56.162+0530] {dagbag.py:540} INFO - Filling up the DagBag from /Users/vybhavswaroop/Desktop/untitled folder 3/ecommerce_platform/venv/lib/python3.11/site-packages/airflow/example_dags/example_trigger_controller_dag.py
[2026-03-18T07:36:56.165+0530] {processor.py:840} INFO - DAG(s) 'example_trigger_controller_dag' retrieved from /Users/vybhavswaroop/Desktop/untitled folder 3/ecommerce_platform/venv/lib/python3.11/site-packages/airflow/example_dags/example_trigger_controller_dag.py
[2026-03-18T07:36:56.199+0530] {logging_mixin.py:188} INFO - [2026-03-18T07:36:56.198+0530] {dag.py:3047} INFO - Sync 1 DAGs
[2026-03-18T07:36:56.204+0530] {logging_mixin.py:188} INFO - [2026-03-18T07:36:56.204+0530] {dag.py:3834} INFO - Setting next_dagrun for example_trigger_controller_dag to 2021-01-01 00:00:00+00:00, run_after=2021-01-01 00:00:00+00:00
[2026-03-18T07:36:56.210+0530] {processor.py:183} INFO - Processing /Users/vybhavswaroop/Desktop/untitled folder 3/ecommerce_platform/venv/lib/python3.11/site-packages/airflow/example_dags/example_trigger_controller_dag.py took 0.050 seconds
[2026-03-18T07:38:26.989+0530] {processor.py:161} INFO - Started process (PID=6006) to work on /Users/vybhavswaroop/Desktop/untitled folder 3/ecommerce_platform/venv/lib/python3.11/site-packages/airflow/example_dags/example_trigger_controller_dag.py
[2026-03-18T07:38:26.990+0530] {processor.py:830} INFO - Processing file /Users/vybhavswaroop/Desktop/untitled folder 3/ecommerce_platform/venv/lib/python3.11/site-packages/airflow/example_dags/example_trigger_controller_dag.py for tasks to queue
[2026-03-18T07:38:26.991+0530] {logging_mixin.py:188} INFO - [2026-03-18T07:38:26.991+0530] {dagbag.py:540} INFO - Filling up the DagBag from /Users/vybhavswaroop/Desktop/untitled folder 3/ecommerce_platform/venv/lib/python3.11/site-packages/airflow/example_dags/example_trigger_controller_dag.py
[2026-03-18T07:38:26.995+0530] {processor.py:840} INFO - DAG(s) 'example_trigger_controller_dag' retrieved from /Users/vybhavswaroop/Desktop/untitled folder 3/ecommerce_platform/venv/lib/python3.11/site-packages/airflow/example_dags/example_trigger_controller_dag.py
[2026-03-18T07:38:27.029+0530] {logging_mixin.py:188} INFO - [2026-03-18T07:38:27.029+0530] {dag.py:3047} INFO - Sync 1 DAGs
[2026-03-18T07:38:27.034+0530] {logging_mixin.py:188} INFO - [2026-03-18T07:38:27.034+0530] {dag.py:3834} INFO - Setting next_dagrun for example_trigger_controller_dag to 2021-01-01 00:00:00+00:00, run_after=2021-01-01 00:00:00+00:00
[2026-03-18T07:38:27.041+0530] {processor.py:183} INFO - Processing /Users/vybhavswaroop/Desktop/untitled folder 3/ecommerce_platform/venv/lib/python3.11/site-packages/airflow/example_dags/example_trigger_controller_dag.py took 0.052 seconds
[2026-03-18T07:39:51.634+0530] {processor.py:161} INFO - Started process (PID=6281) to work on /Users/vybhavswaroop/Desktop/untitled folder 3/ecommerce_platform/venv/lib/python3.11/site-packages/airflow/example_dags/example_trigger_controller_dag.py
[2026-03-18T07:39:51.635+0530] {processor.py:830} INFO - Processing file /Users/vybhavswaroop/Desktop/untitled folder 3/ecommerce_platform/venv/lib/python3.11/site-packages/airflow/example_dags/example_trigger_controller_dag.py for tasks to queue
[2026-03-18T07:39:51.636+0530] {logging_mixin.py:188} INFO - [2026-03-18T07:39:51.636+0530] {dagbag.py:540} INFO - Filling up the DagBag from /Users/vybhavswaroop/Desktop/untitled folder 3/ecommerce_platform/venv/lib/python3.11/site-packages/airflow/example_dags/example_trigger_controller_dag.py
[2026-03-18T07:39:51.639+0530] {processor.py:840} INFO - DAG(s) 'example_trigger_controller_dag' retrieved from /Users/vybhavswaroop/Desktop/untitled folder 3/ecommerce_platform/venv/lib/python3.11/site-packages/airflow/example_dags/example_trigger_controller_dag.py
[2026-03-18T07:39:51.673+0530] {logging_mixin.py:188} INFO - [2026-03-18T07:39:51.673+0530] {dag.py:3047} INFO - Sync 1 DAGs
[2026-03-18T07:39:51.678+0530] {logging_mixin.py:188} INFO - [2026-03-18T07:39:51.678+0530] {dag.py:3834} INFO - Setting next_dagrun for example_trigger_controller_dag to 2021-01-01 00:00:00+00:00, run_after=2021-01-01 00:00:00+00:00
[2026-03-18T07:39:51.685+0530] {processor.py:183} INFO - Processing /Users/vybhavswaroop/Desktop/untitled folder 3/ecommerce_platform/venv/lib/python3.11/site-packages/airflow/example_dags/example_trigger_controller_dag.py took 0.051 seconds
[2026-03-18T07:41:27.674+0530] {processor.py:161} INFO - Started process (PID=6632) to work on /Users/vybhavswaroop/Desktop/untitled folder 3/ecommerce_platform/venv/lib/python3.11/site-packages/airflow/example_dags/example_trigger_controller_dag.py
[2026-03-18T07:41:27.675+0530] {processor.py:830} INFO - Processing file /Users/vybhavswaroop/Desktop/untitled folder 3/ecommerce_platform/venv/lib/python3.11/site-packages/airflow/example_dags/example_trigger_controller_dag.py for tasks to queue
[2026-03-18T07:41:27.675+0530] {logging_mixin.py:188} INFO - [2026-03-18T07:41:27.675+0530] {dagbag.py:540} INFO - Filling up the DagBag from /Users/vybhavswaroop/Desktop/untitled folder 3/ecommerce_platform/venv/lib/python3.11/site-packages/airflow/example_dags/example_trigger_controller_dag.py
[2026-03-18T07:41:27.679+0530] {processor.py:840} INFO - DAG(s) 'example_trigger_controller_dag' retrieved from /Users/vybhavswaroop/Desktop/untitled folder 3/ecommerce_platform/venv/lib/python3.11/site-packages/airflow/example_dags/example_trigger_controller_dag.py
[2026-03-18T07:41:27.713+0530] {logging_mixin.py:188} INFO - [2026-03-18T07:41:27.713+0530] {dag.py:3047} INFO - Sync 1 DAGs
[2026-03-18T07:41:27.718+0530] {logging_mixin.py:188} INFO - [2026-03-18T07:41:27.718+0530] {dag.py:3834} INFO - Setting next_dagrun for example_trigger_controller_dag to 2021-01-01 00:00:00+00:00, run_after=2021-01-01 00:00:00+00:00
[2026-03-18T07:41:27.723+0530] {processor.py:183} INFO - Processing /Users/vybhavswaroop/Desktop/untitled folder 3/ecommerce_platform/venv/lib/python3.11/site-packages/airflow/example_dags/example_trigger_controller_dag.py took 0.049 seconds
[2026-03-18T07:43:05.486+0530] {processor.py:161} INFO - Started process (PID=6995) to work on /Users/vybhavswaroop/Desktop/untitled folder 3/ecommerce_platform/venv/lib/python3.11/site-packages/airflow/example_dags/example_trigger_controller_dag.py
[2026-03-18T07:43:05.488+0530] {processor.py:830} INFO - Processing file /Users/vybhavswaroop/Desktop/untitled folder 3/ecommerce_platform/venv/lib/python3.11/site-packages/airflow/example_dags/example_trigger_controller_dag.py for tasks to queue
[2026-03-18T07:43:05.488+0530] {logging_mixin.py:188} INFO - [2026-03-18T07:43:05.488+0530] {dagbag.py:540} INFO - Filling up the DagBag from /Users/vybhavswaroop/Desktop/untitled folder 3/ecommerce_platform/venv/lib/python3.11/site-packages/airflow/example_dags/example_trigger_controller_dag.py
[2026-03-18T07:43:05.492+0530] {processor.py:840} INFO - DAG(s) 'example_trigger_controller_dag' retrieved from /Users/vybhavswaroop/Desktop/untitled folder 3/ecommerce_platform/venv/lib/python3.11/site-packages/airflow/example_dags/example_trigger_controller_dag.py
[2026-03-18T07:43:05.527+0530] {logging_mixin.py:188} INFO - [2026-03-18T07:43:05.527+0530] {dag.py:3047} INFO - Sync 1 DAGs
[2026-03-18T07:43:05.533+0530] {logging_mixin.py:188} INFO - [2026-03-18T07:43:05.533+0530] {dag.py:3834} INFO - Setting next_dagrun for example_trigger_controller_dag to 2021-01-01 00:00:00+00:00, run_after=2021-01-01 00:00:00+00:00
[2026-03-18T07:43:05.540+0530] {processor.py:183} INFO - Processing /Users/vybhavswaroop/Desktop/untitled folder 3/ecommerce_platform/venv/lib/python3.11/site-packages/airflow/example_dags/example_trigger_controller_dag.py took 0.054 seconds
[2026-03-18T07:44:38.713+0530] {processor.py:161} INFO - Started process (PID=7341) to work on /Users/vybhavswaroop/Desktop/untitled folder 3/ecommerce_platform/venv/lib/python3.11/site-packages/airflow/example_dags/example_trigger_controller_dag.py
[2026-03-18T07:44:38.714+0530] {processor.py:830} INFO - Processing file /Users/vybhavswaroop/Desktop/untitled folder 3/ecommerce_platform/venv/lib/python3.11/site-packages/airflow/example_dags/example_trigger_controller_dag.py for tasks to queue
[2026-03-18T07:44:38.715+0530] {logging_mixin.py:188} INFO - [2026-03-18T07:44:38.715+0530] {dagbag.py:540} INFO - Filling up the DagBag from /Users/vybhavswaroop/Desktop/untitled folder 3/ecommerce_platform/venv/lib/python3.11/site-packages/airflow/example_dags/example_trigger_controller_dag.py
[2026-03-18T07:44:38.719+0530] {processor.py:840} INFO - DAG(s) 'example_trigger_controller_dag' retrieved from /Users/vybhavswaroop/Desktop/untitled folder 3/ecommerce_platform/venv/lib/python3.11/site-packages/airflow/example_dags/example_trigger_controller_dag.py
[2026-03-18T07:44:38.752+0530] {logging_mixin.py:188} INFO - [2026-03-18T07:44:38.752+0530] {dag.py:3047} INFO - Sync 1 DAGs
[2026-03-18T07:44:38.757+0530] {logging_mixin.py:188} INFO - [2026-03-18T07:44:38.757+0530] {dag.py:3834} INFO - Setting next_dagrun for example_trigger_controller_dag to 2021-01-01 00:00:00+00:00, run_after=2021-01-01 00:00:00+00:00
[2026-03-18T07:44:38.763+0530] {processor.py:183} INFO - Processing /Users/vybhavswaroop/Desktop/untitled folder 3/ecommerce_platform/venv/lib/python3.11/site-packages/airflow/example_dags/example_trigger_controller_dag.py took 0.050 seconds
[2026-03-18T07:46:02.582+0530] {processor.py:161} INFO - Started process (PID=7621) to work on /Users/vybhavswaroop/Desktop/untitled folder 3/ecommerce_platform/venv/lib/python3.11/site-packages/airflow/example_dags/example_trigger_controller_dag.py
[2026-03-18T07:46:02.584+0530] {processor.py:830} INFO - Processing file /Users/vybhavswaroop/Desktop/untitled folder 3/ecommerce_platform/venv/lib/python3.11/site-packages/airflow/example_dags/example_trigger_controller_dag.py for tasks to queue
[2026-03-18T07:46:02.584+0530] {logging_mixin.py:188} INFO - [2026-03-18T07:46:02.584+0530] {dagbag.py:540} INFO - Filling up the DagBag from /Users/vybhavswaroop/Desktop/untitled folder 3/ecommerce_platform/venv/lib/python3.11/site-packages/airflow/example_dags/example_trigger_controller_dag.py
[2026-03-18T07:46:02.588+0530] {processor.py:840} INFO - DAG(s) 'example_trigger_controller_dag' retrieved from /Users/vybhavswaroop/Desktop/untitled folder 3/ecommerce_platform/venv/lib/python3.11/site-packages/airflow/example_dags/example_trigger_controller_dag.py
[2026-03-18T07:46:02.621+0530] {logging_mixin.py:188} INFO - [2026-03-18T07:46:02.621+0530] {dag.py:3047} INFO - Sync 1 DAGs
[2026-03-18T07:46:02.627+0530] {logging_mixin.py:188} INFO - [2026-03-18T07:46:02.627+0530] {dag.py:3834} INFO - Setting next_dagrun for example_trigger_controller_dag to 2021-01-01 00:00:00+00:00, run_after=2021-01-01 00:00:00+00:00
[2026-03-18T07:46:02.632+0530] {processor.py:183} INFO - Processing /Users/vybhavswaroop/Desktop/untitled folder 3/ecommerce_platform/venv/lib/python3.11/site-packages/airflow/example_dags/example_trigger_controller_dag.py took 0.051 seconds
[2026-03-18T07:47:23.272+0530] {processor.py:161} INFO - Started process (PID=7871) to work on /Users/vybhavswaroop/Desktop/untitled folder 3/ecommerce_platform/venv/lib/python3.11/site-packages/airflow/example_dags/example_trigger_controller_dag.py
[2026-03-18T07:47:23.273+0530] {processor.py:830} INFO - Processing file /Users/vybhavswaroop/Desktop/untitled folder 3/ecommerce_platform/venv/lib/python3.11/site-packages/airflow/example_dags/example_trigger_controller_dag.py for tasks to queue
[2026-03-18T07:47:23.273+0530] {logging_mixin.py:188} INFO - [2026-03-18T07:47:23.273+0530] {dagbag.py:540} INFO - Filling up the DagBag from /Users/vybhavswaroop/Desktop/untitled folder 3/ecommerce_platform/venv/lib/python3.11/site-packages/airflow/example_dags/example_trigger_controller_dag.py
[2026-03-18T07:47:23.277+0530] {processor.py:840} INFO - DAG(s) 'example_trigger_controller_dag' retrieved from /Users/vybhavswaroop/Desktop/untitled folder 3/ecommerce_platform/venv/lib/python3.11/site-packages/airflow/example_dags/example_trigger_controller_dag.py
[2026-03-18T07:47:23.313+0530] {logging_mixin.py:188} INFO - [2026-03-18T07:47:23.312+0530] {dag.py:3047} INFO - Sync 1 DAGs
[2026-03-18T07:47:23.318+0530] {logging_mixin.py:188} INFO - [2026-03-18T07:47:23.318+0530] {dag.py:3834} INFO - Setting next_dagrun for example_trigger_controller_dag to 2021-01-01 00:00:00+00:00, run_after=2021-01-01 00:00:00+00:00
[2026-03-18T07:47:23.323+0530] {processor.py:183} INFO - Processing /Users/vybhavswaroop/Desktop/untitled folder 3/ecommerce_platform/venv/lib/python3.11/site-packages/airflow/example_dags/example_trigger_controller_dag.py took 0.052 seconds
[2026-03-18T07:48:47.426+0530] {processor.py:161} INFO - Started process (PID=8235) to work on /Users/vybhavswaroop/Desktop/untitled folder 3/ecommerce_platform/venv/lib/python3.11/site-packages/airflow/example_dags/example_trigger_controller_dag.py
[2026-03-18T07:48:47.427+0530] {processor.py:830} INFO - Processing file /Users/vybhavswaroop/Desktop/untitled folder 3/ecommerce_platform/venv/lib/python3.11/site-packages/airflow/example_dags/example_trigger_controller_dag.py for tasks to queue
[2026-03-18T07:48:47.427+0530] {logging_mixin.py:188} INFO - [2026-03-18T07:48:47.427+0530] {dagbag.py:540} INFO - Filling up the DagBag from /Users/vybhavswaroop/Desktop/untitled folder 3/ecommerce_platform/venv/lib/python3.11/site-packages/airflow/example_dags/example_trigger_controller_dag.py
[2026-03-18T07:48:47.431+0530] {processor.py:840} INFO - DAG(s) 'example_trigger_controller_dag' retrieved from /Users/vybhavswaroop/Desktop/untitled folder 3/ecommerce_platform/venv/lib/python3.11/site-packages/airflow/example_dags/example_trigger_controller_dag.py
[2026-03-18T07:48:47.464+0530] {logging_mixin.py:188} INFO - [2026-03-18T07:48:47.464+0530] {dag.py:3047} INFO - Sync 1 DAGs
[2026-03-18T07:48:47.469+0530] {logging_mixin.py:188} INFO - [2026-03-18T07:48:47.469+0530] {dag.py:3834} INFO - Setting next_dagrun for example_trigger_controller_dag to 2021-01-01 00:00:00+00:00, run_after=2021-01-01 00:00:00+00:00
[2026-03-18T07:48:47.475+0530] {processor.py:183} INFO - Processing /Users/vybhavswaroop/Desktop/untitled folder 3/ecommerce_platform/venv/lib/python3.11/site-packages/airflow/example_dags/example_trigger_controller_dag.py took 0.049 seconds
[2026-03-18T07:50:13.919+0530] {processor.py:161} INFO - Started process (PID=8820) to work on /Users/vybhavswaroop/Desktop/untitled folder 3/ecommerce_platform/venv/lib/python3.11/site-packages/airflow/example_dags/example_trigger_controller_dag.py
[2026-03-18T07:50:13.920+0530] {processor.py:830} INFO - Processing file /Users/vybhavswaroop/Desktop/untitled folder 3/ecommerce_platform/venv/lib/python3.11/site-packages/airflow/example_dags/example_trigger_controller_dag.py for tasks to queue
[2026-03-18T07:50:13.920+0530] {logging_mixin.py:188} INFO - [2026-03-18T07:50:13.920+0530] {dagbag.py:540} INFO - Filling up the DagBag from /Users/vybhavswaroop/Desktop/untitled folder 3/ecommerce_platform/venv/lib/python3.11/site-packages/airflow/example_dags/example_trigger_controller_dag.py
[2026-03-18T07:50:13.924+0530] {processor.py:840} INFO - DAG(s) 'example_trigger_controller_dag' retrieved from /Users/vybhavswaroop/Desktop/untitled folder 3/ecommerce_platform/venv/lib/python3.11/site-packages/airflow/example_dags/example_trigger_controller_dag.py
[2026-03-18T07:50:13.958+0530] {logging_mixin.py:188} INFO - [2026-03-18T07:50:13.958+0530] {dag.py:3047} INFO - Sync 1 DAGs
[2026-03-18T07:50:13.963+0530] {logging_mixin.py:188} INFO - [2026-03-18T07:50:13.963+0530] {dag.py:3834} INFO - Setting next_dagrun for example_trigger_controller_dag to 2021-01-01 00:00:00+00:00, run_after=2021-01-01 00:00:00+00:00
[2026-03-18T07:50:13.968+0530] {processor.py:183} INFO - Processing /Users/vybhavswaroop/Desktop/untitled folder 3/ecommerce_platform/venv/lib/python3.11/site-packages/airflow/example_dags/example_trigger_controller_dag.py took 0.050 seconds
[2026-03-18T07:51:39.877+0530] {processor.py:161} INFO - Started process (PID=9403) to work on /Users/vybhavswaroop/Desktop/untitled folder 3/ecommerce_platform/venv/lib/python3.11/site-packages/airflow/example_dags/example_trigger_controller_dag.py
[2026-03-18T07:51:39.878+0530] {processor.py:830} INFO - Processing file /Users/vybhavswaroop/Desktop/untitled folder 3/ecommerce_platform/venv/lib/python3.11/site-packages/airflow/example_dags/example_trigger_controller_dag.py for tasks to queue
[2026-03-18T07:51:39.878+0530] {logging_mixin.py:188} INFO - [2026-03-18T07:51:39.878+0530] {dagbag.py:540} INFO - Filling up the DagBag from /Users/vybhavswaroop/Desktop/untitled folder 3/ecommerce_platform/venv/lib/python3.11/site-packages/airflow/example_dags/example_trigger_controller_dag.py
[2026-03-18T07:51:39.882+0530] {processor.py:840} INFO - DAG(s) 'example_trigger_controller_dag' retrieved from /Users/vybhavswaroop/Desktop/untitled folder 3/ecommerce_platform/venv/lib/python3.11/site-packages/airflow/example_dags/example_trigger_controller_dag.py
[2026-03-18T07:51:39.915+0530] {logging_mixin.py:188} INFO - [2026-03-18T07:51:39.915+0530] {dag.py:3047} INFO - Sync 1 DAGs
[2026-03-18T07:51:39.920+0530] {logging_mixin.py:188} INFO - [2026-03-18T07:51:39.920+0530] {dag.py:3834} INFO - Setting next_dagrun for example_trigger_controller_dag to 2021-01-01 00:00:00+00:00, run_after=2021-01-01 00:00:00+00:00
[2026-03-18T07:51:39.926+0530] {processor.py:183} INFO - Processing /Users/vybhavswaroop/Desktop/untitled folder 3/ecommerce_platform/venv/lib/python3.11/site-packages/airflow/example_dags/example_trigger_controller_dag.py took 0.049 seconds
[2026-03-18T07:53:10.059+0530] {processor.py:161} INFO - Started process (PID=10774) to work on /Users/vybhavswaroop/Desktop/untitled folder 3/ecommerce_platform/venv/lib/python3.11/site-packages/airflow/example_dags/example_trigger_controller_dag.py
[2026-03-18T07:53:10.060+0530] {processor.py:830} INFO - Processing file /Users/vybhavswaroop/Desktop/untitled folder 3/ecommerce_platform/venv/lib/python3.11/site-packages/airflow/example_dags/example_trigger_controller_dag.py for tasks to queue
[2026-03-18T07:53:10.061+0530] {logging_mixin.py:188} INFO - [2026-03-18T07:53:10.060+0530] {dagbag.py:540} INFO - Filling up the DagBag from /Users/vybhavswaroop/Desktop/untitled folder 3/ecommerce_platform/venv/lib/python3.11/site-packages/airflow/example_dags/example_trigger_controller_dag.py
[2026-03-18T07:53:10.065+0530] {processor.py:840} INFO - DAG(s) 'example_trigger_controller_dag' retrieved from /Users/vybhavswaroop/Desktop/untitled folder 3/ecommerce_platform/venv/lib/python3.11/site-packages/airflow/example_dags/example_trigger_controller_dag.py
[2026-03-18T07:53:10.125+0530] {logging_mixin.py:188} INFO - [2026-03-18T07:53:10.125+0530] {dag.py:3047} INFO - Sync 1 DAGs
[2026-03-18T07:53:10.129+0530] {logging_mixin.py:188} INFO - [2026-03-18T07:53:10.129+0530] {dag.py:3834} INFO - Setting next_dagrun for example_trigger_controller_dag to 2021-01-01 00:00:00+00:00, run_after=2021-01-01 00:00:00+00:00
[2026-03-18T07:53:10.137+0530] {processor.py:183} INFO - Processing /Users/vybhavswaroop/Desktop/untitled folder 3/ecommerce_platform/venv/lib/python3.11/site-packages/airflow/example_dags/example_trigger_controller_dag.py took 0.078 seconds
[2026-03-18T07:55:14.925+0530] {processor.py:161} INFO - Started process (PID=11143) to work on /Users/vybhavswaroop/Desktop/untitled folder 3/ecommerce_platform/venv/lib/python3.11/site-packages/airflow/example_dags/example_trigger_controller_dag.py
[2026-03-18T07:55:14.926+0530] {processor.py:830} INFO - Processing file /Users/vybhavswaroop/Desktop/untitled folder 3/ecommerce_platform/venv/lib/python3.11/site-packages/airflow/example_dags/example_trigger_controller_dag.py for tasks to queue
[2026-03-18T07:55:14.926+0530] {logging_mixin.py:188} INFO - [2026-03-18T07:55:14.926+0530] {dagbag.py:540} INFO - Filling up the DagBag from /Users/vybhavswaroop/Desktop/untitled folder 3/ecommerce_platform/venv/lib/python3.11/site-packages/airflow/example_dags/example_trigger_controller_dag.py
[2026-03-18T07:55:14.931+0530] {processor.py:840} INFO - DAG(s) 'example_trigger_controller_dag' retrieved from /Users/vybhavswaroop/Desktop/untitled folder 3/ecommerce_platform/venv/lib/python3.11/site-packages/airflow/example_dags/example_trigger_controller_dag.py
[2026-03-18T07:55:14.964+0530] {logging_mixin.py:188} INFO - [2026-03-18T07:55:14.964+0530] {dag.py:3047} INFO - Sync 1 DAGs
[2026-03-18T07:55:14.969+0530] {logging_mixin.py:188} INFO - [2026-03-18T07:55:14.969+0530] {dag.py:3834} INFO - Setting next_dagrun for example_trigger_controller_dag to 2021-01-01 00:00:00+00:00, run_after=2021-01-01 00:00:00+00:00
[2026-03-18T07:55:14.974+0530] {processor.py:183} INFO - Processing /Users/vybhavswaroop/Desktop/untitled folder 3/ecommerce_platform/venv/lib/python3.11/site-packages/airflow/example_dags/example_trigger_controller_dag.py took 0.050 seconds
[2026-03-18T07:56:46.707+0530] {processor.py:161} INFO - Started process (PID=11406) to work on /Users/vybhavswaroop/Desktop/untitled folder 3/ecommerce_platform/venv/lib/python3.11/site-packages/airflow/example_dags/example_trigger_controller_dag.py
[2026-03-18T07:56:46.708+0530] {processor.py:830} INFO - Processing file /Users/vybhavswaroop/Desktop/untitled folder 3/ecommerce_platform/venv/lib/python3.11/site-packages/airflow/example_dags/example_trigger_controller_dag.py for tasks to queue
[2026-03-18T07:56:46.708+0530] {logging_mixin.py:188} INFO - [2026-03-18T07:56:46.708+0530] {dagbag.py:540} INFO - Filling up the DagBag from /Users/vybhavswaroop/Desktop/untitled folder 3/ecommerce_platform/venv/lib/python3.11/site-packages/airflow/example_dags/example_trigger_controller_dag.py
[2026-03-18T07:56:46.711+0530] {processor.py:840} INFO - DAG(s) 'example_trigger_controller_dag' retrieved from /Users/vybhavswaroop/Desktop/untitled folder 3/ecommerce_platform/venv/lib/python3.11/site-packages/airflow/example_dags/example_trigger_controller_dag.py
[2026-03-18T07:56:46.745+0530] {logging_mixin.py:188} INFO - [2026-03-18T07:56:46.745+0530] {dag.py:3047} INFO - Sync 1 DAGs
[2026-03-18T07:56:46.751+0530] {logging_mixin.py:188} INFO - [2026-03-18T07:56:46.751+0530] {dag.py:3834} INFO - Setting next_dagrun for example_trigger_controller_dag to 2021-01-01 00:00:00+00:00, run_after=2021-01-01 00:00:00+00:00
[2026-03-18T07:56:46.756+0530] {processor.py:183} INFO - Processing /Users/vybhavswaroop/Desktop/untitled folder 3/ecommerce_platform/venv/lib/python3.11/site-packages/airflow/example_dags/example_trigger_controller_dag.py took 0.050 seconds
[2026-03-18T07:58:12.964+0530] {processor.py:161} INFO - Started process (PID=11653) to work on /Users/vybhavswaroop/Desktop/untitled folder 3/ecommerce_platform/venv/lib/python3.11/site-packages/airflow/example_dags/example_trigger_controller_dag.py
[2026-03-18T07:58:12.964+0530] {processor.py:830} INFO - Processing file /Users/vybhavswaroop/Desktop/untitled folder 3/ecommerce_platform/venv/lib/python3.11/site-packages/airflow/example_dags/example_trigger_controller_dag.py for tasks to queue
[2026-03-18T07:58:12.965+0530] {logging_mixin.py:188} INFO - [2026-03-18T07:58:12.965+0530] {dagbag.py:540} INFO - Filling up the DagBag from /Users/vybhavswaroop/Desktop/untitled folder 3/ecommerce_platform/venv/lib/python3.11/site-packages/airflow/example_dags/example_trigger_controller_dag.py
[2026-03-18T07:58:12.968+0530] {processor.py:840} INFO - DAG(s) 'example_trigger_controller_dag' retrieved from /Users/vybhavswaroop/Desktop/untitled folder 3/ecommerce_platform/venv/lib/python3.11/site-packages/airflow/example_dags/example_trigger_controller_dag.py
[2026-03-18T07:58:13.001+0530] {logging_mixin.py:188} INFO - [2026-03-18T07:58:13.001+0530] {dag.py:3047} INFO - Sync 1 DAGs
[2026-03-18T07:58:13.007+0530] {logging_mixin.py:188} INFO - [2026-03-18T07:58:13.007+0530] {dag.py:3834} INFO - Setting next_dagrun for example_trigger_controller_dag to 2021-01-01 00:00:00+00:00, run_after=2021-01-01 00:00:00+00:00
[2026-03-18T07:58:13.012+0530] {processor.py:183} INFO - Processing /Users/vybhavswaroop/Desktop/untitled folder 3/ecommerce_platform/venv/lib/python3.11/site-packages/airflow/example_dags/example_trigger_controller_dag.py took 0.048 seconds
