[2026-03-18T07:19:12.490+0530] {processor.py:161} INFO - Started process (PID=98589) to work on /Users/vybhavswaroop/Desktop/untitled folder 3/ecommerce_platform/venv/lib/python3.11/site-packages/airflow/example_dags/example_dag_decorator.py
[2026-03-18T07:19:12.490+0530] {processor.py:830} INFO - Processing file /Users/vybhavswaroop/Desktop/untitled folder 3/ecommerce_platform/venv/lib/python3.11/site-packages/airflow/example_dags/example_dag_decorator.py for tasks to queue
[2026-03-18T07:19:12.491+0530] {logging_mixin.py:188} INFO - [2026-03-18T07:19:12.491+0530] {dagbag.py:540} INFO - Filling up the DagBag from /Users/vybhavswaroop/Desktop/untitled folder 3/ecommerce_platform/venv/lib/python3.11/site-packages/airflow/example_dags/example_dag_decorator.py
[2026-03-18T07:19:12.583+0530] {processor.py:840} INFO - DAG(s) 'example_dag_decorator' retrieved from /Users/vybhavswaroop/Desktop/untitled folder 3/ecommerce_platform/venv/lib/python3.11/site-packages/airflow/example_dags/example_dag_decorator.py
[2026-03-18T07:19:12.668+0530] {logging_mixin.py:188} INFO - [2026-03-18T07:19:12.668+0530] {dag.py:3047} INFO - Sync 1 DAGs
[2026-03-18T07:19:12.671+0530] {logging_mixin.py:188} INFO - [2026-03-18T07:19:12.671+0530] {dag.py:3834} INFO - Setting next_dagrun for example_dag_decorator to None, run_after=None
[2026-03-18T07:19:12.680+0530] {processor.py:183} INFO - Processing /Users/vybhavswaroop/Desktop/untitled folder 3/ecommerce_platform/venv/lib/python3.11/site-packages/airflow/example_dags/example_dag_decorator.py took 0.190 seconds
[2026-03-18T07:23:15.079+0530] {processor.py:161} INFO - Started process (PID=3206) to work on /Users/vybhavswaroop/Desktop/untitled folder 3/ecommerce_platform/venv/lib/python3.11/site-packages/airflow/example_dags/example_dag_decorator.py
[2026-03-18T07:23:15.080+0530] {processor.py:830} INFO - Processing file /Users/vybhavswaroop/Desktop/untitled folder 3/ecommerce_platform/venv/lib/python3.11/site-packages/airflow/example_dags/example_dag_decorator.py for tasks to queue
[2026-03-18T07:23:15.080+0530] {logging_mixin.py:188} INFO - [2026-03-18T07:23:15.080+0530] {dagbag.py:540} INFO - Filling up the DagBag from /Users/vybhavswaroop/Desktop/untitled folder 3/ecommerce_platform/venv/lib/python3.11/site-packages/airflow/example_dags/example_dag_decorator.py
[2026-03-18T07:23:15.157+0530] {processor.py:840} INFO - DAG(s) 'example_dag_decorator' retrieved from /Users/vybhavswaroop/Desktop/untitled folder 3/ecommerce_platform/venv/lib/python3.11/site-packages/airflow/example_dags/example_dag_decorator.py
[2026-03-18T07:23:15.214+0530] {logging_mixin.py:188} INFO - [2026-03-18T07:23:15.214+0530] {dag.py:3047} INFO - Sync 1 DAGs
[2026-03-18T07:23:15.216+0530] {logging_mixin.py:188} INFO - [2026-03-18T07:23:15.216+0530] {dag.py:3834} INFO - Setting next_dagrun for example_dag_decorator to None, run_after=None
[2026-03-18T07:23:15.223+0530] {processor.py:183} INFO - Processing /Users/vybhavswaroop/Desktop/untitled folder 3/ecommerce_platform/venv/lib/python3.11/site-packages/airflow/example_dags/example_dag_decorator.py took 0.144 seconds
[2026-03-18T07:26:04.392+0530] {processor.py:161} INFO - Started process (PID=3717) to work on /Users/vybhavswaroop/Desktop/untitled folder 3/ecommerce_platform/venv/lib/python3.11/site-packages/airflow/example_dags/example_dag_decorator.py
[2026-03-18T07:26:04.393+0530] {processor.py:830} INFO - Processing file /Users/vybhavswaroop/Desktop/untitled folder 3/ecommerce_platform/venv/lib/python3.11/site-packages/airflow/example_dags/example_dag_decorator.py for tasks to queue
[2026-03-18T07:26:04.393+0530] {logging_mixin.py:188} INFO - [2026-03-18T07:26:04.393+0530] {dagbag.py:540} INFO - Filling up the DagBag from /Users/vybhavswaroop/Desktop/untitled folder 3/ecommerce_platform/venv/lib/python3.11/site-packages/airflow/example_dags/example_dag_decorator.py
[2026-03-18T07:26:04.467+0530] {processor.py:840} INFO - DAG(s) 'example_dag_decorator' retrieved from /Users/vybhavswaroop/Desktop/untitled folder 3/ecommerce_platform/venv/lib/python3.11/site-packages/airflow/example_dags/example_dag_decorator.py
[2026-03-18T07:26:04.523+0530] {logging_mixin.py:188} INFO - [2026-03-18T07:26:04.523+0530] {dag.py:3047} INFO - Sync 1 DAGs
[2026-03-18T07:26:04.525+0530] {logging_mixin.py:188} INFO - [2026-03-18T07:26:04.525+0530] {dag.py:3834} INFO - Setting next_dagrun for example_dag_decorator to None, run_after=None
[2026-03-18T07:26:04.532+0530] {processor.py:183} INFO - Processing /Users/vybhavswaroop/Desktop/untitled folder 3/ecommerce_platform/venv/lib/python3.11/site-packages/airflow/example_dags/example_dag_decorator.py took 0.139 seconds
[2026-03-18T07:28:49.549+0530] {processor.py:161} INFO - Started process (PID=4205) to work on /Users/vybhavswaroop/Desktop/untitled folder 3/ecommerce_platform/venv/lib/python3.11/site-packages/airflow/example_dags/example_dag_decorator.py
[2026-03-18T07:28:49.549+0530] {processor.py:830} INFO - Processing file /Users/vybhavswaroop/Desktop/untitled folder 3/ecommerce_platform/venv/lib/python3.11/site-packages/airflow/example_dags/example_dag_decorator.py for tasks to queue
[2026-03-18T07:28:49.550+0530] {logging_mixin.py:188} INFO - [2026-03-18T07:28:49.550+0530] {dagbag.py:540} INFO - Filling up the DagBag from /Users/vybhavswaroop/Desktop/untitled folder 3/ecommerce_platform/venv/lib/python3.11/site-packages/airflow/example_dags/example_dag_decorator.py
[2026-03-18T07:28:49.629+0530] {processor.py:840} INFO - DAG(s) 'example_dag_decorator' retrieved from /Users/vybhavswaroop/Desktop/untitled folder 3/ecommerce_platform/venv/lib/python3.11/site-packages/airflow/example_dags/example_dag_decorator.py
[2026-03-18T07:28:49.685+0530] {logging_mixin.py:188} INFO - [2026-03-18T07:28:49.685+0530] {dag.py:3047} INFO - Sync 1 DAGs
[2026-03-18T07:28:49.688+0530] {logging_mixin.py:188} INFO - [2026-03-18T07:28:49.688+0530] {dag.py:3834} INFO - Setting next_dagrun for example_dag_decorator to None, run_after=None
[2026-03-18T07:28:49.694+0530] {processor.py:183} INFO - Processing /Users/vybhavswaroop/Desktop/untitled folder 3/ecommerce_platform/venv/lib/python3.11/site-packages/airflow/example_dags/example_dag_decorator.py took 0.145 seconds
[2026-03-18T07:31:34.303+0530] {processor.py:161} INFO - Started process (PID=4695) to work on /Users/vybhavswaroop/Desktop/untitled folder 3/ecommerce_platform/venv/lib/python3.11/site-packages/airflow/example_dags/example_dag_decorator.py
[2026-03-18T07:31:34.303+0530] {processor.py:830} INFO - Processing file /Users/vybhavswaroop/Desktop/untitled folder 3/ecommerce_platform/venv/lib/python3.11/site-packages/airflow/example_dags/example_dag_decorator.py for tasks to queue
[2026-03-18T07:31:34.304+0530] {logging_mixin.py:188} INFO - [2026-03-18T07:31:34.304+0530] {dagbag.py:540} INFO - Filling up the DagBag from /Users/vybhavswaroop/Desktop/untitled folder 3/ecommerce_platform/venv/lib/python3.11/site-packages/airflow/example_dags/example_dag_decorator.py
[2026-03-18T07:31:34.379+0530] {processor.py:840} INFO - DAG(s) 'example_dag_decorator' retrieved from /Users/vybhavswaroop/Desktop/untitled folder 3/ecommerce_platform/venv/lib/python3.11/site-packages/airflow/example_dags/example_dag_decorator.py
[2026-03-18T07:31:34.436+0530] {logging_mixin.py:188} INFO - [2026-03-18T07:31:34.436+0530] {dag.py:3047} INFO - Sync 1 DAGs
[2026-03-18T07:31:34.438+0530] {logging_mixin.py:188} INFO - [2026-03-18T07:31:34.438+0530] {dag.py:3834} INFO - Setting next_dagrun for example_dag_decorator to None, run_after=None
[2026-03-18T07:31:34.445+0530] {processor.py:183} INFO - Processing /Users/vybhavswaroop/Desktop/untitled folder 3/ecommerce_platform/venv/lib/python3.11/site-packages/airflow/example_dags/example_dag_decorator.py took 0.142 seconds
[2026-03-18T07:34:25.397+0530] {processor.py:161} INFO - Started process (PID=5214) to work on /Users/vybhavswaroop/Desktop/untitled folder 3/ecommerce_platform/venv/lib/python3.11/site-packages/airflow/example_dags/example_dag_decorator.py
[2026-03-18T07:34:25.398+0530] {processor.py:830} INFO - Processing file /Users/vybhavswaroop/Desktop/untitled folder 3/ecommerce_platform/venv/lib/python3.11/site-packages/airflow/example_dags/example_dag_decorator.py for tasks to queue
[2026-03-18T07:34:25.398+0530] {logging_mixin.py:188} INFO - [2026-03-18T07:34:25.398+0530] {dagbag.py:540} INFO - Filling up the DagBag from /Users/vybhavswaroop/Desktop/untitled folder 3/ecommerce_platform/venv/lib/python3.11/site-packages/airflow/example_dags/example_dag_decorator.py
[2026-03-18T07:34:25.521+0530] {processor.py:840} INFO - DAG(s) 'example_dag_decorator' retrieved from /Users/vybhavswaroop/Desktop/untitled folder 3/ecommerce_platform/venv/lib/python3.11/site-packages/airflow/example_dags/example_dag_decorator.py
[2026-03-18T07:34:25.636+0530] {logging_mixin.py:188} INFO - [2026-03-18T07:34:25.636+0530] {dag.py:3047} INFO - Sync 1 DAGs
[2026-03-18T07:34:25.639+0530] {logging_mixin.py:188} INFO - [2026-03-18T07:34:25.639+0530] {dag.py:3834} INFO - Setting next_dagrun for example_dag_decorator to None, run_after=None
[2026-03-18T07:34:25.649+0530] {processor.py:183} INFO - Processing /Users/vybhavswaroop/Desktop/untitled folder 3/ecommerce_platform/venv/lib/python3.11/site-packages/airflow/example_dags/example_dag_decorator.py took 0.252 seconds
[2026-03-18T07:37:31.745+0530] {processor.py:161} INFO - Started process (PID=5800) to work on /Users/vybhavswaroop/Desktop/untitled folder 3/ecommerce_platform/venv/lib/python3.11/site-packages/airflow/example_dags/example_dag_decorator.py
[2026-03-18T07:37:31.747+0530] {processor.py:830} INFO - Processing file /Users/vybhavswaroop/Desktop/untitled folder 3/ecommerce_platform/venv/lib/python3.11/site-packages/airflow/example_dags/example_dag_decorator.py for tasks to queue
[2026-03-18T07:37:31.747+0530] {logging_mixin.py:188} INFO - [2026-03-18T07:37:31.747+0530] {dagbag.py:540} INFO - Filling up the DagBag from /Users/vybhavswaroop/Desktop/untitled folder 3/ecommerce_platform/venv/lib/python3.11/site-packages/airflow/example_dags/example_dag_decorator.py
[2026-03-18T07:37:31.823+0530] {processor.py:840} INFO - DAG(s) 'example_dag_decorator' retrieved from /Users/vybhavswaroop/Desktop/untitled folder 3/ecommerce_platform/venv/lib/python3.11/site-packages/airflow/example_dags/example_dag_decorator.py
[2026-03-18T07:37:31.892+0530] {logging_mixin.py:188} INFO - [2026-03-18T07:37:31.891+0530] {dag.py:3047} INFO - Sync 1 DAGs
[2026-03-18T07:37:31.894+0530] {logging_mixin.py:188} INFO - [2026-03-18T07:37:31.894+0530] {dag.py:3834} INFO - Setting next_dagrun for example_dag_decorator to None, run_after=None
[2026-03-18T07:37:31.900+0530] {processor.py:183} INFO - Processing /Users/vybhavswaroop/Desktop/untitled folder 3/ecommerce_platform/venv/lib/python3.11/site-packages/airflow/example_dags/example_dag_decorator.py took 0.156 seconds
[2026-03-18T07:40:30.340+0530] {processor.py:161} INFO - Started process (PID=6423) to work on /Users/vybhavswaroop/Desktop/untitled folder 3/ecommerce_platform/venv/lib/python3.11/site-packages/airflow/example_dags/example_dag_decorator.py
[2026-03-18T07:40:30.342+0530] {processor.py:830} INFO - Processing file /Users/vybhavswaroop/Desktop/untitled folder 3/ecommerce_platform/venv/lib/python3.11/site-packages/airflow/example_dags/example_dag_decorator.py for tasks to queue
[2026-03-18T07:40:30.342+0530] {logging_mixin.py:188} INFO - [2026-03-18T07:40:30.342+0530] {dagbag.py:540} INFO - Filling up the DagBag from /Users/vybhavswaroop/Desktop/untitled folder 3/ecommerce_platform/venv/lib/python3.11/site-packages/airflow/example_dags/example_dag_decorator.py
[2026-03-18T07:40:30.430+0530] {processor.py:840} INFO - DAG(s) 'example_dag_decorator' retrieved from /Users/vybhavswaroop/Desktop/untitled folder 3/ecommerce_platform/venv/lib/python3.11/site-packages/airflow/example_dags/example_dag_decorator.py
[2026-03-18T07:40:30.509+0530] {logging_mixin.py:188} INFO - [2026-03-18T07:40:30.508+0530] {dag.py:3047} INFO - Sync 1 DAGs
[2026-03-18T07:40:30.511+0530] {logging_mixin.py:188} INFO - [2026-03-18T07:40:30.511+0530] {dag.py:3834} INFO - Setting next_dagrun for example_dag_decorator to None, run_after=None
[2026-03-18T07:40:30.517+0530] {processor.py:183} INFO - Processing /Users/vybhavswaroop/Desktop/untitled folder 3/ecommerce_platform/venv/lib/python3.11/site-packages/airflow/example_dags/example_dag_decorator.py took 0.178 seconds
[2026-03-18T07:43:45.118+0530] {processor.py:161} INFO - Started process (PID=7130) to work on /Users/vybhavswaroop/Desktop/untitled folder 3/ecommerce_platform/venv/lib/python3.11/site-packages/airflow/example_dags/example_dag_decorator.py
[2026-03-18T07:43:45.119+0530] {processor.py:830} INFO - Processing file /Users/vybhavswaroop/Desktop/untitled folder 3/ecommerce_platform/venv/lib/python3.11/site-packages/airflow/example_dags/example_dag_decorator.py for tasks to queue
[2026-03-18T07:43:45.119+0530] {logging_mixin.py:188} INFO - [2026-03-18T07:43:45.119+0530] {dagbag.py:540} INFO - Filling up the DagBag from /Users/vybhavswaroop/Desktop/untitled folder 3/ecommerce_platform/venv/lib/python3.11/site-packages/airflow/example_dags/example_dag_decorator.py
[2026-03-18T07:43:45.198+0530] {processor.py:840} INFO - DAG(s) 'example_dag_decorator' retrieved from /Users/vybhavswaroop/Desktop/untitled folder 3/ecommerce_platform/venv/lib/python3.11/site-packages/airflow/example_dags/example_dag_decorator.py
[2026-03-18T07:43:45.266+0530] {logging_mixin.py:188} INFO - [2026-03-18T07:43:45.265+0530] {dag.py:3047} INFO - Sync 1 DAGs
[2026-03-18T07:43:45.268+0530] {logging_mixin.py:188} INFO - [2026-03-18T07:43:45.268+0530] {dag.py:3834} INFO - Setting next_dagrun for example_dag_decorator to None, run_after=None
[2026-03-18T07:43:45.273+0530] {processor.py:183} INFO - Processing /Users/vybhavswaroop/Desktop/untitled folder 3/ecommerce_platform/venv/lib/python3.11/site-packages/airflow/example_dags/example_dag_decorator.py took 0.156 seconds
[2026-03-18T07:46:34.435+0530] {processor.py:161} INFO - Started process (PID=7713) to work on /Users/vybhavswaroop/Desktop/untitled folder 3/ecommerce_platform/venv/lib/python3.11/site-packages/airflow/example_dags/example_dag_decorator.py
[2026-03-18T07:46:34.437+0530] {processor.py:830} INFO - Processing file /Users/vybhavswaroop/Desktop/untitled folder 3/ecommerce_platform/venv/lib/python3.11/site-packages/airflow/example_dags/example_dag_decorator.py for tasks to queue
[2026-03-18T07:46:34.438+0530] {logging_mixin.py:188} INFO - [2026-03-18T07:46:34.438+0530] {dagbag.py:540} INFO - Filling up the DagBag from /Users/vybhavswaroop/Desktop/untitled folder 3/ecommerce_platform/venv/lib/python3.11/site-packages/airflow/example_dags/example_dag_decorator.py
[2026-03-18T07:46:34.513+0530] {processor.py:840} INFO - DAG(s) 'example_dag_decorator' retrieved from /Users/vybhavswaroop/Desktop/untitled folder 3/ecommerce_platform/venv/lib/python3.11/site-packages/airflow/example_dags/example_dag_decorator.py
[2026-03-18T07:46:34.581+0530] {logging_mixin.py:188} INFO - [2026-03-18T07:46:34.581+0530] {dag.py:3047} INFO - Sync 1 DAGs
[2026-03-18T07:46:34.583+0530] {logging_mixin.py:188} INFO - [2026-03-18T07:46:34.583+0530] {dag.py:3834} INFO - Setting next_dagrun for example_dag_decorator to None, run_after=None
[2026-03-18T07:46:34.589+0530] {processor.py:183} INFO - Processing /Users/vybhavswaroop/Desktop/untitled folder 3/ecommerce_platform/venv/lib/python3.11/site-packages/airflow/example_dags/example_dag_decorator.py took 0.154 seconds
[2026-03-18T07:49:19.411+0530] {processor.py:161} INFO - Started process (PID=8344) to work on /Users/vybhavswaroop/Desktop/untitled folder 3/ecommerce_platform/venv/lib/python3.11/site-packages/airflow/example_dags/example_dag_decorator.py
[2026-03-18T07:49:19.412+0530] {processor.py:830} INFO - Processing file /Users/vybhavswaroop/Desktop/untitled folder 3/ecommerce_platform/venv/lib/python3.11/site-packages/airflow/example_dags/example_dag_decorator.py for tasks to queue
[2026-03-18T07:49:19.412+0530] {logging_mixin.py:188} INFO - [2026-03-18T07:49:19.412+0530] {dagbag.py:540} INFO - Filling up the DagBag from /Users/vybhavswaroop/Desktop/untitled folder 3/ecommerce_platform/venv/lib/python3.11/site-packages/airflow/example_dags/example_dag_decorator.py
[2026-03-18T07:49:19.497+0530] {processor.py:840} INFO - DAG(s) 'example_dag_decorator' retrieved from /Users/vybhavswaroop/Desktop/untitled folder 3/ecommerce_platform/venv/lib/python3.11/site-packages/airflow/example_dags/example_dag_decorator.py
[2026-03-18T07:49:19.574+0530] {logging_mixin.py:188} INFO - [2026-03-18T07:49:19.574+0530] {dag.py:3047} INFO - Sync 1 DAGs
[2026-03-18T07:49:19.577+0530] {logging_mixin.py:188} INFO - [2026-03-18T07:49:19.576+0530] {dag.py:3834} INFO - Setting next_dagrun for example_dag_decorator to None, run_after=None
[2026-03-18T07:49:19.582+0530] {processor.py:183} INFO - Processing /Users/vybhavswaroop/Desktop/untitled folder 3/ecommerce_platform/venv/lib/python3.11/site-packages/airflow/example_dags/example_dag_decorator.py took 0.171 seconds
[2026-03-18T07:52:12.372+0530] {processor.py:161} INFO - Started process (PID=10087) to work on /Users/vybhavswaroop/Desktop/untitled folder 3/ecommerce_platform/venv/lib/python3.11/site-packages/airflow/example_dags/example_dag_decorator.py
[2026-03-18T07:52:12.373+0530] {processor.py:830} INFO - Processing file /Users/vybhavswaroop/Desktop/untitled folder 3/ecommerce_platform/venv/lib/python3.11/site-packages/airflow/example_dags/example_dag_decorator.py for tasks to queue
[2026-03-18T07:52:12.373+0530] {logging_mixin.py:188} INFO - [2026-03-18T07:52:12.373+0530] {dagbag.py:540} INFO - Filling up the DagBag from /Users/vybhavswaroop/Desktop/untitled folder 3/ecommerce_platform/venv/lib/python3.11/site-packages/airflow/example_dags/example_dag_decorator.py
[2026-03-18T07:52:12.453+0530] {processor.py:840} INFO - DAG(s) 'example_dag_decorator' retrieved from /Users/vybhavswaroop/Desktop/untitled folder 3/ecommerce_platform/venv/lib/python3.11/site-packages/airflow/example_dags/example_dag_decorator.py
[2026-03-18T07:52:12.522+0530] {logging_mixin.py:188} INFO - [2026-03-18T07:52:12.522+0530] {dag.py:3047} INFO - Sync 1 DAGs
[2026-03-18T07:52:12.524+0530] {logging_mixin.py:188} INFO - [2026-03-18T07:52:12.524+0530] {dag.py:3834} INFO - Setting next_dagrun for example_dag_decorator to None, run_after=None
[2026-03-18T07:52:12.530+0530] {processor.py:183} INFO - Processing /Users/vybhavswaroop/Desktop/untitled folder 3/ecommerce_platform/venv/lib/python3.11/site-packages/airflow/example_dags/example_dag_decorator.py took 0.159 seconds
[2026-03-18T07:54:19.732+0530] {processor.py:161} INFO - Started process (PID=10981) to work on /Users/vybhavswaroop/Desktop/untitled folder 3/ecommerce_platform/venv/lib/python3.11/site-packages/airflow/example_dags/example_dag_decorator.py
[2026-03-18T07:54:19.733+0530] {processor.py:830} INFO - Processing file /Users/vybhavswaroop/Desktop/untitled folder 3/ecommerce_platform/venv/lib/python3.11/site-packages/airflow/example_dags/example_dag_decorator.py for tasks to queue
[2026-03-18T07:54:19.733+0530] {logging_mixin.py:188} INFO - [2026-03-18T07:54:19.733+0530] {dagbag.py:540} INFO - Filling up the DagBag from /Users/vybhavswaroop/Desktop/untitled folder 3/ecommerce_platform/venv/lib/python3.11/site-packages/airflow/example_dags/example_dag_decorator.py
[2026-03-18T07:54:19.811+0530] {processor.py:840} INFO - DAG(s) 'example_dag_decorator' retrieved from /Users/vybhavswaroop/Desktop/untitled folder 3/ecommerce_platform/venv/lib/python3.11/site-packages/airflow/example_dags/example_dag_decorator.py
[2026-03-18T07:54:19.866+0530] {logging_mixin.py:188} INFO - [2026-03-18T07:54:19.866+0530] {dag.py:3047} INFO - Sync 1 DAGs
[2026-03-18T07:54:19.869+0530] {logging_mixin.py:188} INFO - [2026-03-18T07:54:19.869+0530] {dag.py:3834} INFO - Setting next_dagrun for example_dag_decorator to None, run_after=None
[2026-03-18T07:54:19.874+0530] {processor.py:183} INFO - Processing /Users/vybhavswaroop/Desktop/untitled folder 3/ecommerce_platform/venv/lib/python3.11/site-packages/airflow/example_dags/example_dag_decorator.py took 0.143 seconds
[2026-03-18T07:57:21.363+0530] {processor.py:161} INFO - Started process (PID=11504) to work on /Users/vybhavswaroop/Desktop/untitled folder 3/ecommerce_platform/venv/lib/python3.11/site-packages/airflow/example_dags/example_dag_decorator.py
[2026-03-18T07:57:21.364+0530] {processor.py:830} INFO - Processing file /Users/vybhavswaroop/Desktop/untitled folder 3/ecommerce_platform/venv/lib/python3.11/site-packages/airflow/example_dags/example_dag_decorator.py for tasks to queue
[2026-03-18T07:57:21.364+0530] {logging_mixin.py:188} INFO - [2026-03-18T07:57:21.364+0530] {dagbag.py:540} INFO - Filling up the DagBag from /Users/vybhavswaroop/Desktop/untitled folder 3/ecommerce_platform/venv/lib/python3.11/site-packages/airflow/example_dags/example_dag_decorator.py
[2026-03-18T07:57:21.437+0530] {processor.py:840} INFO - DAG(s) 'example_dag_decorator' retrieved from /Users/vybhavswaroop/Desktop/untitled folder 3/ecommerce_platform/venv/lib/python3.11/site-packages/airflow/example_dags/example_dag_decorator.py
[2026-03-18T07:57:21.493+0530] {logging_mixin.py:188} INFO - [2026-03-18T07:57:21.493+0530] {dag.py:3047} INFO - Sync 1 DAGs
[2026-03-18T07:57:21.496+0530] {logging_mixin.py:188} INFO - [2026-03-18T07:57:21.496+0530] {dag.py:3834} INFO - Setting next_dagrun for example_dag_decorator to None, run_after=None
[2026-03-18T07:57:21.501+0530] {processor.py:183} INFO - Processing /Users/vybhavswaroop/Desktop/untitled folder 3/ecommerce_platform/venv/lib/python3.11/site-packages/airflow/example_dags/example_dag_decorator.py took 0.139 seconds
