[2026-03-18T07:19:31.901+0530] {processor.py:161} INFO - Started process (PID=98908) to work on /Users/vybhavswaroop/Desktop/untitled folder 3/ecommerce_platform/venv/lib/python3.11/site-packages/airflow/example_dags/example_branch_datetime_operator.py
[2026-03-18T07:19:31.901+0530] {processor.py:830} INFO - Processing file /Users/vybhavswaroop/Desktop/untitled folder 3/ecommerce_platform/venv/lib/python3.11/site-packages/airflow/example_dags/example_branch_datetime_operator.py for tasks to queue
[2026-03-18T07:19:31.902+0530] {logging_mixin.py:188} INFO - [2026-03-18T07:19:31.902+0530] {dagbag.py:540} INFO - Filling up the DagBag from /Users/vybhavswaroop/Desktop/untitled folder 3/ecommerce_platform/venv/lib/python3.11/site-packages/airflow/example_dags/example_branch_datetime_operator.py
[2026-03-18T07:19:31.906+0530] {processor.py:840} INFO - DAG(s) 'example_branch_datetime_operator', 'example_branch_datetime_operator_2', 'example_branch_datetime_operator_3' retrieved from /Users/vybhavswaroop/Desktop/untitled folder 3/ecommerce_platform/venv/lib/python3.11/site-packages/airflow/example_dags/example_branch_datetime_operator.py
[2026-03-18T07:19:31.945+0530] {logging_mixin.py:188} INFO - [2026-03-18T07:19:31.945+0530] {dag.py:3047} INFO - Sync 3 DAGs
[2026-03-18T07:19:31.952+0530] {logging_mixin.py:188} INFO - [2026-03-18T07:19:31.952+0530] {dag.py:3834} INFO - Setting next_dagrun for example_branch_datetime_operator to 2026-03-17 00:00:00+00:00, run_after=2026-03-18 00:00:00+00:00
[2026-03-18T07:19:31.953+0530] {logging_mixin.py:188} INFO - [2026-03-18T07:19:31.953+0530] {dag.py:3834} INFO - Setting next_dagrun for example_branch_datetime_operator_2 to 2026-03-17 00:00:00+00:00, run_after=2026-03-18 00:00:00+00:00
[2026-03-18T07:19:31.954+0530] {logging_mixin.py:188} INFO - [2026-03-18T07:19:31.953+0530] {dag.py:3834} INFO - Setting next_dagrun for example_branch_datetime_operator_3 to 2026-03-17 00:00:00+00:00, run_after=2026-03-18 00:00:00+00:00
[2026-03-18T07:19:31.960+0530] {processor.py:183} INFO - Processing /Users/vybhavswaroop/Desktop/untitled folder 3/ecommerce_platform/venv/lib/python3.11/site-packages/airflow/example_dags/example_branch_datetime_operator.py took 0.059 seconds
[2026-03-18T07:23:32.163+0530] {processor.py:161} INFO - Started process (PID=3255) to work on /Users/vybhavswaroop/Desktop/untitled folder 3/ecommerce_platform/venv/lib/python3.11/site-packages/airflow/example_dags/example_branch_datetime_operator.py
[2026-03-18T07:23:32.164+0530] {processor.py:830} INFO - Processing file /Users/vybhavswaroop/Desktop/untitled folder 3/ecommerce_platform/venv/lib/python3.11/site-packages/airflow/example_dags/example_branch_datetime_operator.py for tasks to queue
[2026-03-18T07:23:32.165+0530] {logging_mixin.py:188} INFO - [2026-03-18T07:23:32.165+0530] {dagbag.py:540} INFO - Filling up the DagBag from /Users/vybhavswaroop/Desktop/untitled folder 3/ecommerce_platform/venv/lib/python3.11/site-packages/airflow/example_dags/example_branch_datetime_operator.py
[2026-03-18T07:23:32.169+0530] {processor.py:840} INFO - DAG(s) 'example_branch_datetime_operator_2', 'example_branch_datetime_operator_3', 'example_branch_datetime_operator' retrieved from /Users/vybhavswaroop/Desktop/untitled folder 3/ecommerce_platform/venv/lib/python3.11/site-packages/airflow/example_dags/example_branch_datetime_operator.py
[2026-03-18T07:23:32.232+0530] {logging_mixin.py:188} INFO - [2026-03-18T07:23:32.232+0530] {dag.py:3047} INFO - Sync 3 DAGs
[2026-03-18T07:23:32.237+0530] {logging_mixin.py:188} INFO - [2026-03-18T07:23:32.237+0530] {dag.py:3834} INFO - Setting next_dagrun for example_branch_datetime_operator to 2026-03-17 00:00:00+00:00, run_after=2026-03-18 00:00:00+00:00
[2026-03-18T07:23:32.238+0530] {logging_mixin.py:188} INFO - [2026-03-18T07:23:32.238+0530] {dag.py:3834} INFO - Setting next_dagrun for example_branch_datetime_operator_2 to 2026-03-17 00:00:00+00:00, run_after=2026-03-18 00:00:00+00:00
[2026-03-18T07:23:32.239+0530] {logging_mixin.py:188} INFO - [2026-03-18T07:23:32.239+0530] {dag.py:3834} INFO - Setting next_dagrun for example_branch_datetime_operator_3 to 2026-03-17 00:00:00+00:00, run_after=2026-03-18 00:00:00+00:00
[2026-03-18T07:23:32.246+0530] {processor.py:183} INFO - Processing /Users/vybhavswaroop/Desktop/untitled folder 3/ecommerce_platform/venv/lib/python3.11/site-packages/airflow/example_dags/example_branch_datetime_operator.py took 0.082 seconds
[2026-03-18T07:26:21.118+0530] {processor.py:161} INFO - Started process (PID=3767) to work on /Users/vybhavswaroop/Desktop/untitled folder 3/ecommerce_platform/venv/lib/python3.11/site-packages/airflow/example_dags/example_branch_datetime_operator.py
[2026-03-18T07:26:21.119+0530] {processor.py:830} INFO - Processing file /Users/vybhavswaroop/Desktop/untitled folder 3/ecommerce_platform/venv/lib/python3.11/site-packages/airflow/example_dags/example_branch_datetime_operator.py for tasks to queue
[2026-03-18T07:26:21.119+0530] {logging_mixin.py:188} INFO - [2026-03-18T07:26:21.119+0530] {dagbag.py:540} INFO - Filling up the DagBag from /Users/vybhavswaroop/Desktop/untitled folder 3/ecommerce_platform/venv/lib/python3.11/site-packages/airflow/example_dags/example_branch_datetime_operator.py
[2026-03-18T07:26:21.124+0530] {processor.py:840} INFO - DAG(s) 'example_branch_datetime_operator_2', 'example_branch_datetime_operator_3', 'example_branch_datetime_operator' retrieved from /Users/vybhavswaroop/Desktop/untitled folder 3/ecommerce_platform/venv/lib/python3.11/site-packages/airflow/example_dags/example_branch_datetime_operator.py
[2026-03-18T07:26:21.161+0530] {logging_mixin.py:188} INFO - [2026-03-18T07:26:21.161+0530] {dag.py:3047} INFO - Sync 3 DAGs
[2026-03-18T07:26:21.167+0530] {logging_mixin.py:188} INFO - [2026-03-18T07:26:21.167+0530] {dag.py:3834} INFO - Setting next_dagrun for example_branch_datetime_operator to 2026-03-17 00:00:00+00:00, run_after=2026-03-18 00:00:00+00:00
[2026-03-18T07:26:21.168+0530] {logging_mixin.py:188} INFO - [2026-03-18T07:26:21.168+0530] {dag.py:3834} INFO - Setting next_dagrun for example_branch_datetime_operator_2 to 2026-03-17 00:00:00+00:00, run_after=2026-03-18 00:00:00+00:00
[2026-03-18T07:26:21.169+0530] {logging_mixin.py:188} INFO - [2026-03-18T07:26:21.169+0530] {dag.py:3834} INFO - Setting next_dagrun for example_branch_datetime_operator_3 to 2026-03-17 00:00:00+00:00, run_after=2026-03-18 00:00:00+00:00
[2026-03-18T07:26:21.175+0530] {processor.py:183} INFO - Processing /Users/vybhavswaroop/Desktop/untitled folder 3/ecommerce_platform/venv/lib/python3.11/site-packages/airflow/example_dags/example_branch_datetime_operator.py took 0.057 seconds
[2026-03-18T07:29:05.372+0530] {processor.py:161} INFO - Started process (PID=4255) to work on /Users/vybhavswaroop/Desktop/untitled folder 3/ecommerce_platform/venv/lib/python3.11/site-packages/airflow/example_dags/example_branch_datetime_operator.py
[2026-03-18T07:29:05.372+0530] {processor.py:830} INFO - Processing file /Users/vybhavswaroop/Desktop/untitled folder 3/ecommerce_platform/venv/lib/python3.11/site-packages/airflow/example_dags/example_branch_datetime_operator.py for tasks to queue
[2026-03-18T07:29:05.372+0530] {logging_mixin.py:188} INFO - [2026-03-18T07:29:05.372+0530] {dagbag.py:540} INFO - Filling up the DagBag from /Users/vybhavswaroop/Desktop/untitled folder 3/ecommerce_platform/venv/lib/python3.11/site-packages/airflow/example_dags/example_branch_datetime_operator.py
[2026-03-18T07:29:05.377+0530] {processor.py:840} INFO - DAG(s) 'example_branch_datetime_operator', 'example_branch_datetime_operator_2', 'example_branch_datetime_operator_3' retrieved from /Users/vybhavswaroop/Desktop/untitled folder 3/ecommerce_platform/venv/lib/python3.11/site-packages/airflow/example_dags/example_branch_datetime_operator.py
[2026-03-18T07:29:05.413+0530] {logging_mixin.py:188} INFO - [2026-03-18T07:29:05.413+0530] {dag.py:3047} INFO - Sync 3 DAGs
[2026-03-18T07:29:05.418+0530] {logging_mixin.py:188} INFO - [2026-03-18T07:29:05.418+0530] {dag.py:3834} INFO - Setting next_dagrun for example_branch_datetime_operator to 2026-03-17 00:00:00+00:00, run_after=2026-03-18 00:00:00+00:00
[2026-03-18T07:29:05.419+0530] {logging_mixin.py:188} INFO - [2026-03-18T07:29:05.419+0530] {dag.py:3834} INFO - Setting next_dagrun for example_branch_datetime_operator_2 to 2026-03-17 00:00:00+00:00, run_after=2026-03-18 00:00:00+00:00
[2026-03-18T07:29:05.420+0530] {logging_mixin.py:188} INFO - [2026-03-18T07:29:05.420+0530] {dag.py:3834} INFO - Setting next_dagrun for example_branch_datetime_operator_3 to 2026-03-17 00:00:00+00:00, run_after=2026-03-18 00:00:00+00:00
[2026-03-18T07:29:05.426+0530] {processor.py:183} INFO - Processing /Users/vybhavswaroop/Desktop/untitled folder 3/ecommerce_platform/venv/lib/python3.11/site-packages/airflow/example_dags/example_branch_datetime_operator.py took 0.054 seconds
[2026-03-18T07:31:49.800+0530] {processor.py:161} INFO - Started process (PID=4745) to work on /Users/vybhavswaroop/Desktop/untitled folder 3/ecommerce_platform/venv/lib/python3.11/site-packages/airflow/example_dags/example_branch_datetime_operator.py
[2026-03-18T07:31:49.800+0530] {processor.py:830} INFO - Processing file /Users/vybhavswaroop/Desktop/untitled folder 3/ecommerce_platform/venv/lib/python3.11/site-packages/airflow/example_dags/example_branch_datetime_operator.py for tasks to queue
[2026-03-18T07:31:49.801+0530] {logging_mixin.py:188} INFO - [2026-03-18T07:31:49.801+0530] {dagbag.py:540} INFO - Filling up the DagBag from /Users/vybhavswaroop/Desktop/untitled folder 3/ecommerce_platform/venv/lib/python3.11/site-packages/airflow/example_dags/example_branch_datetime_operator.py
[2026-03-18T07:31:49.805+0530] {processor.py:840} INFO - DAG(s) 'example_branch_datetime_operator_3', 'example_branch_datetime_operator_2', 'example_branch_datetime_operator' retrieved from /Users/vybhavswaroop/Desktop/untitled folder 3/ecommerce_platform/venv/lib/python3.11/site-packages/airflow/example_dags/example_branch_datetime_operator.py
[2026-03-18T07:31:49.842+0530] {logging_mixin.py:188} INFO - [2026-03-18T07:31:49.842+0530] {dag.py:3047} INFO - Sync 3 DAGs
[2026-03-18T07:31:49.848+0530] {logging_mixin.py:188} INFO - [2026-03-18T07:31:49.848+0530] {dag.py:3834} INFO - Setting next_dagrun for example_branch_datetime_operator to 2026-03-17 00:00:00+00:00, run_after=2026-03-18 00:00:00+00:00
[2026-03-18T07:31:49.849+0530] {logging_mixin.py:188} INFO - [2026-03-18T07:31:49.849+0530] {dag.py:3834} INFO - Setting next_dagrun for example_branch_datetime_operator_2 to 2026-03-17 00:00:00+00:00, run_after=2026-03-18 00:00:00+00:00
[2026-03-18T07:31:49.850+0530] {logging_mixin.py:188} INFO - [2026-03-18T07:31:49.850+0530] {dag.py:3834} INFO - Setting next_dagrun for example_branch_datetime_operator_3 to 2026-03-17 00:00:00+00:00, run_after=2026-03-18 00:00:00+00:00
[2026-03-18T07:31:49.855+0530] {processor.py:183} INFO - Processing /Users/vybhavswaroop/Desktop/untitled folder 3/ecommerce_platform/venv/lib/python3.11/site-packages/airflow/example_dags/example_branch_datetime_operator.py took 0.056 seconds
[2026-03-18T07:34:44.691+0530] {processor.py:161} INFO - Started process (PID=5301) to work on /Users/vybhavswaroop/Desktop/untitled folder 3/ecommerce_platform/venv/lib/python3.11/site-packages/airflow/example_dags/example_branch_datetime_operator.py
[2026-03-18T07:34:44.692+0530] {processor.py:830} INFO - Processing file /Users/vybhavswaroop/Desktop/untitled folder 3/ecommerce_platform/venv/lib/python3.11/site-packages/airflow/example_dags/example_branch_datetime_operator.py for tasks to queue
[2026-03-18T07:34:44.692+0530] {logging_mixin.py:188} INFO - [2026-03-18T07:34:44.692+0530] {dagbag.py:540} INFO - Filling up the DagBag from /Users/vybhavswaroop/Desktop/untitled folder 3/ecommerce_platform/venv/lib/python3.11/site-packages/airflow/example_dags/example_branch_datetime_operator.py
[2026-03-18T07:34:44.697+0530] {processor.py:840} INFO - DAG(s) 'example_branch_datetime_operator_2', 'example_branch_datetime_operator', 'example_branch_datetime_operator_3' retrieved from /Users/vybhavswaroop/Desktop/untitled folder 3/ecommerce_platform/venv/lib/python3.11/site-packages/airflow/example_dags/example_branch_datetime_operator.py
[2026-03-18T07:34:44.735+0530] {logging_mixin.py:188} INFO - [2026-03-18T07:34:44.735+0530] {dag.py:3047} INFO - Sync 3 DAGs
[2026-03-18T07:34:44.743+0530] {logging_mixin.py:188} INFO - [2026-03-18T07:34:44.743+0530] {dag.py:3834} INFO - Setting next_dagrun for example_branch_datetime_operator to 2026-03-17 00:00:00+00:00, run_after=2026-03-18 00:00:00+00:00
[2026-03-18T07:34:44.744+0530] {logging_mixin.py:188} INFO - [2026-03-18T07:34:44.744+0530] {dag.py:3834} INFO - Setting next_dagrun for example_branch_datetime_operator_2 to 2026-03-17 00:00:00+00:00, run_after=2026-03-18 00:00:00+00:00
[2026-03-18T07:34:44.745+0530] {logging_mixin.py:188} INFO - [2026-03-18T07:34:44.745+0530] {dag.py:3834} INFO - Setting next_dagrun for example_branch_datetime_operator_3 to 2026-03-17 00:00:00+00:00, run_after=2026-03-18 00:00:00+00:00
[2026-03-18T07:34:44.750+0530] {processor.py:183} INFO - Processing /Users/vybhavswaroop/Desktop/untitled folder 3/ecommerce_platform/venv/lib/python3.11/site-packages/airflow/example_dags/example_branch_datetime_operator.py took 0.059 seconds
[2026-03-18T07:37:47.406+0530] {processor.py:161} INFO - Started process (PID=5846) to work on /Users/vybhavswaroop/Desktop/untitled folder 3/ecommerce_platform/venv/lib/python3.11/site-packages/airflow/example_dags/example_branch_datetime_operator.py
[2026-03-18T07:37:47.407+0530] {processor.py:830} INFO - Processing file /Users/vybhavswaroop/Desktop/untitled folder 3/ecommerce_platform/venv/lib/python3.11/site-packages/airflow/example_dags/example_branch_datetime_operator.py for tasks to queue
[2026-03-18T07:37:47.407+0530] {logging_mixin.py:188} INFO - [2026-03-18T07:37:47.407+0530] {dagbag.py:540} INFO - Filling up the DagBag from /Users/vybhavswaroop/Desktop/untitled folder 3/ecommerce_platform/venv/lib/python3.11/site-packages/airflow/example_dags/example_branch_datetime_operator.py
[2026-03-18T07:37:47.411+0530] {processor.py:840} INFO - DAG(s) 'example_branch_datetime_operator_3', 'example_branch_datetime_operator', 'example_branch_datetime_operator_2' retrieved from /Users/vybhavswaroop/Desktop/untitled folder 3/ecommerce_platform/venv/lib/python3.11/site-packages/airflow/example_dags/example_branch_datetime_operator.py
[2026-03-18T07:37:47.447+0530] {logging_mixin.py:188} INFO - [2026-03-18T07:37:47.447+0530] {dag.py:3047} INFO - Sync 3 DAGs
[2026-03-18T07:37:47.453+0530] {logging_mixin.py:188} INFO - [2026-03-18T07:37:47.453+0530] {dag.py:3834} INFO - Setting next_dagrun for example_branch_datetime_operator to 2026-03-17 00:00:00+00:00, run_after=2026-03-18 00:00:00+00:00
[2026-03-18T07:37:47.454+0530] {logging_mixin.py:188} INFO - [2026-03-18T07:37:47.454+0530] {dag.py:3834} INFO - Setting next_dagrun for example_branch_datetime_operator_2 to 2026-03-17 00:00:00+00:00, run_after=2026-03-18 00:00:00+00:00
[2026-03-18T07:37:47.455+0530] {logging_mixin.py:188} INFO - [2026-03-18T07:37:47.455+0530] {dag.py:3834} INFO - Setting next_dagrun for example_branch_datetime_operator_3 to 2026-03-17 00:00:00+00:00, run_after=2026-03-18 00:00:00+00:00
[2026-03-18T07:37:47.461+0530] {processor.py:183} INFO - Processing /Users/vybhavswaroop/Desktop/untitled folder 3/ecommerce_platform/venv/lib/python3.11/site-packages/airflow/example_dags/example_branch_datetime_operator.py took 0.055 seconds
[2026-03-18T07:40:48.793+0530] {processor.py:161} INFO - Started process (PID=6509) to work on /Users/vybhavswaroop/Desktop/untitled folder 3/ecommerce_platform/venv/lib/python3.11/site-packages/airflow/example_dags/example_branch_datetime_operator.py
[2026-03-18T07:40:48.794+0530] {processor.py:830} INFO - Processing file /Users/vybhavswaroop/Desktop/untitled folder 3/ecommerce_platform/venv/lib/python3.11/site-packages/airflow/example_dags/example_branch_datetime_operator.py for tasks to queue
[2026-03-18T07:40:48.794+0530] {logging_mixin.py:188} INFO - [2026-03-18T07:40:48.794+0530] {dagbag.py:540} INFO - Filling up the DagBag from /Users/vybhavswaroop/Desktop/untitled folder 3/ecommerce_platform/venv/lib/python3.11/site-packages/airflow/example_dags/example_branch_datetime_operator.py
[2026-03-18T07:40:48.799+0530] {processor.py:840} INFO - DAG(s) 'example_branch_datetime_operator_2', 'example_branch_datetime_operator_3', 'example_branch_datetime_operator' retrieved from /Users/vybhavswaroop/Desktop/untitled folder 3/ecommerce_platform/venv/lib/python3.11/site-packages/airflow/example_dags/example_branch_datetime_operator.py
[2026-03-18T07:40:48.835+0530] {logging_mixin.py:188} INFO - [2026-03-18T07:40:48.835+0530] {dag.py:3047} INFO - Sync 3 DAGs
[2026-03-18T07:40:48.841+0530] {logging_mixin.py:188} INFO - [2026-03-18T07:40:48.841+0530] {dag.py:3834} INFO - Setting next_dagrun for example_branch_datetime_operator to 2026-03-17 00:00:00+00:00, run_after=2026-03-18 00:00:00+00:00
[2026-03-18T07:40:48.842+0530] {logging_mixin.py:188} INFO - [2026-03-18T07:40:48.842+0530] {dag.py:3834} INFO - Setting next_dagrun for example_branch_datetime_operator_2 to 2026-03-17 00:00:00+00:00, run_after=2026-03-18 00:00:00+00:00
[2026-03-18T07:40:48.843+0530] {logging_mixin.py:188} INFO - [2026-03-18T07:40:48.843+0530] {dag.py:3834} INFO - Setting next_dagrun for example_branch_datetime_operator_3 to 2026-03-17 00:00:00+00:00, run_after=2026-03-18 00:00:00+00:00
[2026-03-18T07:40:48.849+0530] {processor.py:183} INFO - Processing /Users/vybhavswaroop/Desktop/untitled folder 3/ecommerce_platform/venv/lib/python3.11/site-packages/airflow/example_dags/example_branch_datetime_operator.py took 0.056 seconds
[2026-03-18T07:44:01.057+0530] {processor.py:161} INFO - Started process (PID=7198) to work on /Users/vybhavswaroop/Desktop/untitled folder 3/ecommerce_platform/venv/lib/python3.11/site-packages/airflow/example_dags/example_branch_datetime_operator.py
[2026-03-18T07:44:01.058+0530] {processor.py:830} INFO - Processing file /Users/vybhavswaroop/Desktop/untitled folder 3/ecommerce_platform/venv/lib/python3.11/site-packages/airflow/example_dags/example_branch_datetime_operator.py for tasks to queue
[2026-03-18T07:44:01.059+0530] {logging_mixin.py:188} INFO - [2026-03-18T07:44:01.058+0530] {dagbag.py:540} INFO - Filling up the DagBag from /Users/vybhavswaroop/Desktop/untitled folder 3/ecommerce_platform/venv/lib/python3.11/site-packages/airflow/example_dags/example_branch_datetime_operator.py
[2026-03-18T07:44:01.063+0530] {processor.py:840} INFO - DAG(s) 'example_branch_datetime_operator', 'example_branch_datetime_operator_2', 'example_branch_datetime_operator_3' retrieved from /Users/vybhavswaroop/Desktop/untitled folder 3/ecommerce_platform/venv/lib/python3.11/site-packages/airflow/example_dags/example_branch_datetime_operator.py
[2026-03-18T07:44:01.099+0530] {logging_mixin.py:188} INFO - [2026-03-18T07:44:01.099+0530] {dag.py:3047} INFO - Sync 3 DAGs
[2026-03-18T07:44:01.105+0530] {logging_mixin.py:188} INFO - [2026-03-18T07:44:01.105+0530] {dag.py:3834} INFO - Setting next_dagrun for example_branch_datetime_operator to 2026-03-17 00:00:00+00:00, run_after=2026-03-18 00:00:00+00:00
[2026-03-18T07:44:01.106+0530] {logging_mixin.py:188} INFO - [2026-03-18T07:44:01.106+0530] {dag.py:3834} INFO - Setting next_dagrun for example_branch_datetime_operator_2 to 2026-03-17 00:00:00+00:00, run_after=2026-03-18 00:00:00+00:00
[2026-03-18T07:44:01.107+0530] {logging_mixin.py:188} INFO - [2026-03-18T07:44:01.107+0530] {dag.py:3834} INFO - Setting next_dagrun for example_branch_datetime_operator_3 to 2026-03-17 00:00:00+00:00, run_after=2026-03-18 00:00:00+00:00
[2026-03-18T07:44:01.112+0530] {processor.py:183} INFO - Processing /Users/vybhavswaroop/Desktop/untitled folder 3/ecommerce_platform/venv/lib/python3.11/site-packages/airflow/example_dags/example_branch_datetime_operator.py took 0.055 seconds
[2026-03-18T07:46:49.572+0530] {processor.py:161} INFO - Started process (PID=7763) to work on /Users/vybhavswaroop/Desktop/untitled folder 3/ecommerce_platform/venv/lib/python3.11/site-packages/airflow/example_dags/example_branch_datetime_operator.py
[2026-03-18T07:46:49.573+0530] {processor.py:830} INFO - Processing file /Users/vybhavswaroop/Desktop/untitled folder 3/ecommerce_platform/venv/lib/python3.11/site-packages/airflow/example_dags/example_branch_datetime_operator.py for tasks to queue
[2026-03-18T07:46:49.573+0530] {logging_mixin.py:188} INFO - [2026-03-18T07:46:49.573+0530] {dagbag.py:540} INFO - Filling up the DagBag from /Users/vybhavswaroop/Desktop/untitled folder 3/ecommerce_platform/venv/lib/python3.11/site-packages/airflow/example_dags/example_branch_datetime_operator.py
[2026-03-18T07:46:49.578+0530] {processor.py:840} INFO - DAG(s) 'example_branch_datetime_operator_2', 'example_branch_datetime_operator_3', 'example_branch_datetime_operator' retrieved from /Users/vybhavswaroop/Desktop/untitled folder 3/ecommerce_platform/venv/lib/python3.11/site-packages/airflow/example_dags/example_branch_datetime_operator.py
[2026-03-18T07:46:49.614+0530] {logging_mixin.py:188} INFO - [2026-03-18T07:46:49.614+0530] {dag.py:3047} INFO - Sync 3 DAGs
[2026-03-18T07:46:49.619+0530] {logging_mixin.py:188} INFO - [2026-03-18T07:46:49.619+0530] {dag.py:3834} INFO - Setting next_dagrun for example_branch_datetime_operator to 2026-03-17 00:00:00+00:00, run_after=2026-03-18 00:00:00+00:00
[2026-03-18T07:46:49.620+0530] {logging_mixin.py:188} INFO - [2026-03-18T07:46:49.620+0530] {dag.py:3834} INFO - Setting next_dagrun for example_branch_datetime_operator_2 to 2026-03-17 00:00:00+00:00, run_after=2026-03-18 00:00:00+00:00
[2026-03-18T07:46:49.621+0530] {logging_mixin.py:188} INFO - [2026-03-18T07:46:49.621+0530] {dag.py:3834} INFO - Setting next_dagrun for example_branch_datetime_operator_3 to 2026-03-17 00:00:00+00:00, run_after=2026-03-18 00:00:00+00:00
[2026-03-18T07:46:49.626+0530] {processor.py:183} INFO - Processing /Users/vybhavswaroop/Desktop/untitled folder 3/ecommerce_platform/venv/lib/python3.11/site-packages/airflow/example_dags/example_branch_datetime_operator.py took 0.054 seconds
[2026-03-18T07:49:37.349+0530] {processor.py:161} INFO - Started process (PID=8708) to work on /Users/vybhavswaroop/Desktop/untitled folder 3/ecommerce_platform/venv/lib/python3.11/site-packages/airflow/example_dags/example_branch_datetime_operator.py
[2026-03-18T07:49:37.350+0530] {processor.py:830} INFO - Processing file /Users/vybhavswaroop/Desktop/untitled folder 3/ecommerce_platform/venv/lib/python3.11/site-packages/airflow/example_dags/example_branch_datetime_operator.py for tasks to queue
[2026-03-18T07:49:37.350+0530] {logging_mixin.py:188} INFO - [2026-03-18T07:49:37.350+0530] {dagbag.py:540} INFO - Filling up the DagBag from /Users/vybhavswaroop/Desktop/untitled folder 3/ecommerce_platform/venv/lib/python3.11/site-packages/airflow/example_dags/example_branch_datetime_operator.py
[2026-03-18T07:49:37.355+0530] {processor.py:840} INFO - DAG(s) 'example_branch_datetime_operator_2', 'example_branch_datetime_operator_3', 'example_branch_datetime_operator' retrieved from /Users/vybhavswaroop/Desktop/untitled folder 3/ecommerce_platform/venv/lib/python3.11/site-packages/airflow/example_dags/example_branch_datetime_operator.py
[2026-03-18T07:49:37.393+0530] {logging_mixin.py:188} INFO - [2026-03-18T07:49:37.393+0530] {dag.py:3047} INFO - Sync 3 DAGs
[2026-03-18T07:49:37.398+0530] {logging_mixin.py:188} INFO - [2026-03-18T07:49:37.398+0530] {dag.py:3834} INFO - Setting next_dagrun for example_branch_datetime_operator to 2026-03-17 00:00:00+00:00, run_after=2026-03-18 00:00:00+00:00
[2026-03-18T07:49:37.400+0530] {logging_mixin.py:188} INFO - [2026-03-18T07:49:37.400+0530] {dag.py:3834} INFO - Setting next_dagrun for example_branch_datetime_operator_2 to 2026-03-17 00:00:00+00:00, run_after=2026-03-18 00:00:00+00:00
[2026-03-18T07:49:37.400+0530] {logging_mixin.py:188} INFO - [2026-03-18T07:49:37.400+0530] {dag.py:3834} INFO - Setting next_dagrun for example_branch_datetime_operator_3 to 2026-03-17 00:00:00+00:00, run_after=2026-03-18 00:00:00+00:00
[2026-03-18T07:49:37.405+0530] {processor.py:183} INFO - Processing /Users/vybhavswaroop/Desktop/untitled folder 3/ecommerce_platform/venv/lib/python3.11/site-packages/airflow/example_dags/example_branch_datetime_operator.py took 0.057 seconds
[2026-03-18T07:54:36.696+0530] {processor.py:161} INFO - Started process (PID=11031) to work on /Users/vybhavswaroop/Desktop/untitled folder 3/ecommerce_platform/venv/lib/python3.11/site-packages/airflow/example_dags/example_branch_datetime_operator.py
[2026-03-18T07:54:36.696+0530] {processor.py:830} INFO - Processing file /Users/vybhavswaroop/Desktop/untitled folder 3/ecommerce_platform/venv/lib/python3.11/site-packages/airflow/example_dags/example_branch_datetime_operator.py for tasks to queue
[2026-03-18T07:54:36.697+0530] {logging_mixin.py:188} INFO - [2026-03-18T07:54:36.697+0530] {dagbag.py:540} INFO - Filling up the DagBag from /Users/vybhavswaroop/Desktop/untitled folder 3/ecommerce_platform/venv/lib/python3.11/site-packages/airflow/example_dags/example_branch_datetime_operator.py
[2026-03-18T07:54:36.701+0530] {processor.py:840} INFO - DAG(s) 'example_branch_datetime_operator_3', 'example_branch_datetime_operator_2', 'example_branch_datetime_operator' retrieved from /Users/vybhavswaroop/Desktop/untitled folder 3/ecommerce_platform/venv/lib/python3.11/site-packages/airflow/example_dags/example_branch_datetime_operator.py
[2026-03-18T07:54:36.765+0530] {logging_mixin.py:188} INFO - [2026-03-18T07:54:36.765+0530] {dag.py:3047} INFO - Sync 3 DAGs
[2026-03-18T07:54:36.769+0530] {logging_mixin.py:188} INFO - [2026-03-18T07:54:36.769+0530] {dag.py:3834} INFO - Setting next_dagrun for example_branch_datetime_operator to 2026-03-17 00:00:00+00:00, run_after=2026-03-18 00:00:00+00:00
[2026-03-18T07:54:36.770+0530] {logging_mixin.py:188} INFO - [2026-03-18T07:54:36.770+0530] {dag.py:3834} INFO - Setting next_dagrun for example_branch_datetime_operator_2 to 2026-03-17 00:00:00+00:00, run_after=2026-03-18 00:00:00+00:00
[2026-03-18T07:54:36.771+0530] {logging_mixin.py:188} INFO - [2026-03-18T07:54:36.771+0530] {dag.py:3834} INFO - Setting next_dagrun for example_branch_datetime_operator_3 to 2026-03-17 00:00:00+00:00, run_after=2026-03-18 00:00:00+00:00
[2026-03-18T07:54:36.777+0530] {processor.py:183} INFO - Processing /Users/vybhavswaroop/Desktop/untitled folder 3/ecommerce_platform/venv/lib/python3.11/site-packages/airflow/example_dags/example_branch_datetime_operator.py took 0.081 seconds
[2026-03-18T07:57:38.146+0530] {processor.py:161} INFO - Started process (PID=11553) to work on /Users/vybhavswaroop/Desktop/untitled folder 3/ecommerce_platform/venv/lib/python3.11/site-packages/airflow/example_dags/example_branch_datetime_operator.py
[2026-03-18T07:57:38.147+0530] {processor.py:830} INFO - Processing file /Users/vybhavswaroop/Desktop/untitled folder 3/ecommerce_platform/venv/lib/python3.11/site-packages/airflow/example_dags/example_branch_datetime_operator.py for tasks to queue
[2026-03-18T07:57:38.147+0530] {logging_mixin.py:188} INFO - [2026-03-18T07:57:38.147+0530] {dagbag.py:540} INFO - Filling up the DagBag from /Users/vybhavswaroop/Desktop/untitled folder 3/ecommerce_platform/venv/lib/python3.11/site-packages/airflow/example_dags/example_branch_datetime_operator.py
[2026-03-18T07:57:38.152+0530] {processor.py:840} INFO - DAG(s) 'example_branch_datetime_operator_2', 'example_branch_datetime_operator', 'example_branch_datetime_operator_3' retrieved from /Users/vybhavswaroop/Desktop/untitled folder 3/ecommerce_platform/venv/lib/python3.11/site-packages/airflow/example_dags/example_branch_datetime_operator.py
[2026-03-18T07:57:38.190+0530] {logging_mixin.py:188} INFO - [2026-03-18T07:57:38.190+0530] {dag.py:3047} INFO - Sync 3 DAGs
[2026-03-18T07:57:38.195+0530] {logging_mixin.py:188} INFO - [2026-03-18T07:57:38.195+0530] {dag.py:3834} INFO - Setting next_dagrun for example_branch_datetime_operator to 2026-03-17 00:00:00+00:00, run_after=2026-03-18 00:00:00+00:00
[2026-03-18T07:57:38.197+0530] {logging_mixin.py:188} INFO - [2026-03-18T07:57:38.197+0530] {dag.py:3834} INFO - Setting next_dagrun for example_branch_datetime_operator_2 to 2026-03-17 00:00:00+00:00, run_after=2026-03-18 00:00:00+00:00
[2026-03-18T07:57:38.197+0530] {logging_mixin.py:188} INFO - [2026-03-18T07:57:38.197+0530] {dag.py:3834} INFO - Setting next_dagrun for example_branch_datetime_operator_3 to 2026-03-17 00:00:00+00:00, run_after=2026-03-18 00:00:00+00:00
[2026-03-18T07:57:38.202+0530] {processor.py:183} INFO - Processing /Users/vybhavswaroop/Desktop/untitled folder 3/ecommerce_platform/venv/lib/python3.11/site-packages/airflow/example_dags/example_branch_datetime_operator.py took 0.056 seconds
