[2026-03-18T05:59:07.265+0530] {processor.py:161} INFO - Started process (PID=97320) to work on /Users/vybhavswaroop/Desktop/untitled folder 3/ecommerce_platform/venv/lib/python3.11/site-packages/airflow/example_dags/example_xcom.py
[2026-03-18T05:59:07.267+0530] {processor.py:830} INFO - Processing file /Users/vybhavswaroop/Desktop/untitled folder 3/ecommerce_platform/venv/lib/python3.11/site-packages/airflow/example_dags/example_xcom.py for tasks to queue
[2026-03-18T05:59:07.267+0530] {logging_mixin.py:188} INFO - [2026-03-18T05:59:07.267+0530] {dagbag.py:540} INFO - Filling up the DagBag from /Users/vybhavswaroop/Desktop/untitled folder 3/ecommerce_platform/venv/lib/python3.11/site-packages/airflow/example_dags/example_xcom.py
[2026-03-18T05:59:07.300+0530] {processor.py:840} INFO - DAG(s) 'example_xcom' retrieved from /Users/vybhavswaroop/Desktop/untitled folder 3/ecommerce_platform/venv/lib/python3.11/site-packages/airflow/example_dags/example_xcom.py
[2026-03-18T05:59:07.391+0530] {logging_mixin.py:188} INFO - [2026-03-18T05:59:07.391+0530] {dag.py:3047} INFO - Sync 1 DAGs
[2026-03-18T05:59:07.404+0530] {logging_mixin.py:188} INFO - [2026-03-18T05:59:07.404+0530] {dag.py:3834} INFO - Setting next_dagrun for example_xcom to 2021-01-01 00:00:00+00:00, run_after=2021-01-01 00:00:00+00:00
[2026-03-18T05:59:07.422+0530] {processor.py:183} INFO - Processing /Users/vybhavswaroop/Desktop/untitled folder 3/ecommerce_platform/venv/lib/python3.11/site-packages/airflow/example_dags/example_xcom.py took 0.157 seconds
[2026-03-18T07:20:05.197+0530] {processor.py:161} INFO - Started process (PID=99448) to work on /Users/vybhavswaroop/Desktop/untitled folder 3/ecommerce_platform/venv/lib/python3.11/site-packages/airflow/example_dags/example_xcom.py
[2026-03-18T07:20:05.198+0530] {processor.py:830} INFO - Processing file /Users/vybhavswaroop/Desktop/untitled folder 3/ecommerce_platform/venv/lib/python3.11/site-packages/airflow/example_dags/example_xcom.py for tasks to queue
[2026-03-18T07:20:05.198+0530] {logging_mixin.py:188} INFO - [2026-03-18T07:20:05.198+0530] {dagbag.py:540} INFO - Filling up the DagBag from /Users/vybhavswaroop/Desktop/untitled folder 3/ecommerce_platform/venv/lib/python3.11/site-packages/airflow/example_dags/example_xcom.py
[2026-03-18T07:20:05.212+0530] {processor.py:840} INFO - DAG(s) 'example_xcom' retrieved from /Users/vybhavswaroop/Desktop/untitled folder 3/ecommerce_platform/venv/lib/python3.11/site-packages/airflow/example_dags/example_xcom.py
[2026-03-18T07:20:05.250+0530] {logging_mixin.py:188} INFO - [2026-03-18T07:20:05.250+0530] {dag.py:3047} INFO - Sync 1 DAGs
[2026-03-18T07:20:05.255+0530] {logging_mixin.py:188} INFO - [2026-03-18T07:20:05.255+0530] {dag.py:3834} INFO - Setting next_dagrun for example_xcom to 2021-01-01 00:00:00+00:00, run_after=2021-01-01 00:00:00+00:00
[2026-03-18T07:20:05.263+0530] {processor.py:183} INFO - Processing /Users/vybhavswaroop/Desktop/untitled folder 3/ecommerce_platform/venv/lib/python3.11/site-packages/airflow/example_dags/example_xcom.py took 0.066 seconds
[2026-03-18T07:21:03.221+0530] {processor.py:161} INFO - Started process (PID=1650) to work on /Users/vybhavswaroop/Desktop/untitled folder 3/ecommerce_platform/venv/lib/python3.11/site-packages/airflow/example_dags/example_xcom.py
[2026-03-18T07:21:03.222+0530] {processor.py:830} INFO - Processing file /Users/vybhavswaroop/Desktop/untitled folder 3/ecommerce_platform/venv/lib/python3.11/site-packages/airflow/example_dags/example_xcom.py for tasks to queue
[2026-03-18T07:21:03.222+0530] {logging_mixin.py:188} INFO - [2026-03-18T07:21:03.222+0530] {dagbag.py:540} INFO - Filling up the DagBag from /Users/vybhavswaroop/Desktop/untitled folder 3/ecommerce_platform/venv/lib/python3.11/site-packages/airflow/example_dags/example_xcom.py
[2026-03-18T07:21:03.234+0530] {processor.py:840} INFO - DAG(s) 'example_xcom' retrieved from /Users/vybhavswaroop/Desktop/untitled folder 3/ecommerce_platform/venv/lib/python3.11/site-packages/airflow/example_dags/example_xcom.py
[2026-03-18T07:21:03.268+0530] {logging_mixin.py:188} INFO - [2026-03-18T07:21:03.268+0530] {dag.py:3047} INFO - Sync 1 DAGs
[2026-03-18T07:21:03.273+0530] {logging_mixin.py:188} INFO - [2026-03-18T07:21:03.273+0530] {dag.py:3834} INFO - Setting next_dagrun for example_xcom to 2021-01-01 00:00:00+00:00, run_after=2021-01-01 00:00:00+00:00
[2026-03-18T07:21:03.279+0530] {processor.py:183} INFO - Processing /Users/vybhavswaroop/Desktop/untitled folder 3/ecommerce_platform/venv/lib/python3.11/site-packages/airflow/example_dags/example_xcom.py took 0.059 seconds
[2026-03-18T07:22:00.483+0530] {processor.py:161} INFO - Started process (PID=2929) to work on /Users/vybhavswaroop/Desktop/untitled folder 3/ecommerce_platform/venv/lib/python3.11/site-packages/airflow/example_dags/example_xcom.py
[2026-03-18T07:22:00.484+0530] {processor.py:830} INFO - Processing file /Users/vybhavswaroop/Desktop/untitled folder 3/ecommerce_platform/venv/lib/python3.11/site-packages/airflow/example_dags/example_xcom.py for tasks to queue
[2026-03-18T07:22:00.484+0530] {logging_mixin.py:188} INFO - [2026-03-18T07:22:00.484+0530] {dagbag.py:540} INFO - Filling up the DagBag from /Users/vybhavswaroop/Desktop/untitled folder 3/ecommerce_platform/venv/lib/python3.11/site-packages/airflow/example_dags/example_xcom.py
[2026-03-18T07:22:00.498+0530] {processor.py:840} INFO - DAG(s) 'example_xcom' retrieved from /Users/vybhavswaroop/Desktop/untitled folder 3/ecommerce_platform/venv/lib/python3.11/site-packages/airflow/example_dags/example_xcom.py
[2026-03-18T07:22:00.559+0530] {logging_mixin.py:188} INFO - [2026-03-18T07:22:00.559+0530] {dag.py:3047} INFO - Sync 1 DAGs
[2026-03-18T07:22:00.564+0530] {logging_mixin.py:188} INFO - [2026-03-18T07:22:00.563+0530] {dag.py:3834} INFO - Setting next_dagrun for example_xcom to 2021-01-01 00:00:00+00:00, run_after=2021-01-01 00:00:00+00:00
[2026-03-18T07:22:00.570+0530] {processor.py:183} INFO - Processing /Users/vybhavswaroop/Desktop/untitled folder 3/ecommerce_platform/venv/lib/python3.11/site-packages/airflow/example_dags/example_xcom.py took 0.087 seconds
[2026-03-18T07:24:01.751+0530] {processor.py:161} INFO - Started process (PID=3357) to work on /Users/vybhavswaroop/Desktop/untitled folder 3/ecommerce_platform/venv/lib/python3.11/site-packages/airflow/example_dags/example_xcom.py
[2026-03-18T07:24:01.753+0530] {processor.py:830} INFO - Processing file /Users/vybhavswaroop/Desktop/untitled folder 3/ecommerce_platform/venv/lib/python3.11/site-packages/airflow/example_dags/example_xcom.py for tasks to queue
[2026-03-18T07:24:01.753+0530] {logging_mixin.py:188} INFO - [2026-03-18T07:24:01.753+0530] {dagbag.py:540} INFO - Filling up the DagBag from /Users/vybhavswaroop/Desktop/untitled folder 3/ecommerce_platform/venv/lib/python3.11/site-packages/airflow/example_dags/example_xcom.py
[2026-03-18T07:24:01.766+0530] {processor.py:840} INFO - DAG(s) 'example_xcom' retrieved from /Users/vybhavswaroop/Desktop/untitled folder 3/ecommerce_platform/venv/lib/python3.11/site-packages/airflow/example_dags/example_xcom.py
[2026-03-18T07:24:01.800+0530] {logging_mixin.py:188} INFO - [2026-03-18T07:24:01.800+0530] {dag.py:3047} INFO - Sync 1 DAGs
[2026-03-18T07:24:01.805+0530] {logging_mixin.py:188} INFO - [2026-03-18T07:24:01.805+0530] {dag.py:3834} INFO - Setting next_dagrun for example_xcom to 2021-01-01 00:00:00+00:00, run_after=2021-01-01 00:00:00+00:00
[2026-03-18T07:24:01.812+0530] {processor.py:183} INFO - Processing /Users/vybhavswaroop/Desktop/untitled folder 3/ecommerce_platform/venv/lib/python3.11/site-packages/airflow/example_dags/example_xcom.py took 0.061 seconds
[2026-03-18T07:25:27.815+0530] {processor.py:161} INFO - Started process (PID=3609) to work on /Users/vybhavswaroop/Desktop/untitled folder 3/ecommerce_platform/venv/lib/python3.11/site-packages/airflow/example_dags/example_xcom.py
[2026-03-18T07:25:27.815+0530] {processor.py:830} INFO - Processing file /Users/vybhavswaroop/Desktop/untitled folder 3/ecommerce_platform/venv/lib/python3.11/site-packages/airflow/example_dags/example_xcom.py for tasks to queue
[2026-03-18T07:25:27.816+0530] {logging_mixin.py:188} INFO - [2026-03-18T07:25:27.816+0530] {dagbag.py:540} INFO - Filling up the DagBag from /Users/vybhavswaroop/Desktop/untitled folder 3/ecommerce_platform/venv/lib/python3.11/site-packages/airflow/example_dags/example_xcom.py
[2026-03-18T07:25:27.829+0530] {processor.py:840} INFO - DAG(s) 'example_xcom' retrieved from /Users/vybhavswaroop/Desktop/untitled folder 3/ecommerce_platform/venv/lib/python3.11/site-packages/airflow/example_dags/example_xcom.py
[2026-03-18T07:25:27.863+0530] {logging_mixin.py:188} INFO - [2026-03-18T07:25:27.863+0530] {dag.py:3047} INFO - Sync 1 DAGs
[2026-03-18T07:25:27.868+0530] {logging_mixin.py:188} INFO - [2026-03-18T07:25:27.868+0530] {dag.py:3834} INFO - Setting next_dagrun for example_xcom to 2021-01-01 00:00:00+00:00, run_after=2021-01-01 00:00:00+00:00
[2026-03-18T07:25:27.875+0530] {processor.py:183} INFO - Processing /Users/vybhavswaroop/Desktop/untitled folder 3/ecommerce_platform/venv/lib/python3.11/site-packages/airflow/example_dags/example_xcom.py took 0.060 seconds
[2026-03-18T07:26:51.752+0530] {processor.py:161} INFO - Started process (PID=3859) to work on /Users/vybhavswaroop/Desktop/untitled folder 3/ecommerce_platform/venv/lib/python3.11/site-packages/airflow/example_dags/example_xcom.py
[2026-03-18T07:26:51.753+0530] {processor.py:830} INFO - Processing file /Users/vybhavswaroop/Desktop/untitled folder 3/ecommerce_platform/venv/lib/python3.11/site-packages/airflow/example_dags/example_xcom.py for tasks to queue
[2026-03-18T07:26:51.753+0530] {logging_mixin.py:188} INFO - [2026-03-18T07:26:51.753+0530] {dagbag.py:540} INFO - Filling up the DagBag from /Users/vybhavswaroop/Desktop/untitled folder 3/ecommerce_platform/venv/lib/python3.11/site-packages/airflow/example_dags/example_xcom.py
[2026-03-18T07:26:51.766+0530] {processor.py:840} INFO - DAG(s) 'example_xcom' retrieved from /Users/vybhavswaroop/Desktop/untitled folder 3/ecommerce_platform/venv/lib/python3.11/site-packages/airflow/example_dags/example_xcom.py
[2026-03-18T07:26:51.800+0530] {logging_mixin.py:188} INFO - [2026-03-18T07:26:51.800+0530] {dag.py:3047} INFO - Sync 1 DAGs
[2026-03-18T07:26:51.805+0530] {logging_mixin.py:188} INFO - [2026-03-18T07:26:51.805+0530] {dag.py:3834} INFO - Setting next_dagrun for example_xcom to 2021-01-01 00:00:00+00:00, run_after=2021-01-01 00:00:00+00:00
[2026-03-18T07:26:51.812+0530] {processor.py:183} INFO - Processing /Users/vybhavswaroop/Desktop/untitled folder 3/ecommerce_platform/venv/lib/python3.11/site-packages/airflow/example_dags/example_xcom.py took 0.060 seconds
[2026-03-18T07:28:14.991+0530] {processor.py:161} INFO - Started process (PID=4105) to work on /Users/vybhavswaroop/Desktop/untitled folder 3/ecommerce_platform/venv/lib/python3.11/site-packages/airflow/example_dags/example_xcom.py
[2026-03-18T07:28:14.992+0530] {processor.py:830} INFO - Processing file /Users/vybhavswaroop/Desktop/untitled folder 3/ecommerce_platform/venv/lib/python3.11/site-packages/airflow/example_dags/example_xcom.py for tasks to queue
[2026-03-18T07:28:14.992+0530] {logging_mixin.py:188} INFO - [2026-03-18T07:28:14.992+0530] {dagbag.py:540} INFO - Filling up the DagBag from /Users/vybhavswaroop/Desktop/untitled folder 3/ecommerce_platform/venv/lib/python3.11/site-packages/airflow/example_dags/example_xcom.py
[2026-03-18T07:28:15.004+0530] {processor.py:840} INFO - DAG(s) 'example_xcom' retrieved from /Users/vybhavswaroop/Desktop/untitled folder 3/ecommerce_platform/venv/lib/python3.11/site-packages/airflow/example_dags/example_xcom.py
[2026-03-18T07:28:15.039+0530] {logging_mixin.py:188} INFO - [2026-03-18T07:28:15.039+0530] {dag.py:3047} INFO - Sync 1 DAGs
[2026-03-18T07:28:15.044+0530] {logging_mixin.py:188} INFO - [2026-03-18T07:28:15.044+0530] {dag.py:3834} INFO - Setting next_dagrun for example_xcom to 2021-01-01 00:00:00+00:00, run_after=2021-01-01 00:00:00+00:00
[2026-03-18T07:28:15.052+0530] {processor.py:183} INFO - Processing /Users/vybhavswaroop/Desktop/untitled folder 3/ecommerce_platform/venv/lib/python3.11/site-packages/airflow/example_dags/example_xcom.py took 0.061 seconds
[2026-03-18T07:29:34.894+0530] {processor.py:161} INFO - Started process (PID=4342) to work on /Users/vybhavswaroop/Desktop/untitled folder 3/ecommerce_platform/venv/lib/python3.11/site-packages/airflow/example_dags/example_xcom.py
[2026-03-18T07:29:34.895+0530] {processor.py:830} INFO - Processing file /Users/vybhavswaroop/Desktop/untitled folder 3/ecommerce_platform/venv/lib/python3.11/site-packages/airflow/example_dags/example_xcom.py for tasks to queue
[2026-03-18T07:29:34.895+0530] {logging_mixin.py:188} INFO - [2026-03-18T07:29:34.895+0530] {dagbag.py:540} INFO - Filling up the DagBag from /Users/vybhavswaroop/Desktop/untitled folder 3/ecommerce_platform/venv/lib/python3.11/site-packages/airflow/example_dags/example_xcom.py
[2026-03-18T07:29:34.908+0530] {processor.py:840} INFO - DAG(s) 'example_xcom' retrieved from /Users/vybhavswaroop/Desktop/untitled folder 3/ecommerce_platform/venv/lib/python3.11/site-packages/airflow/example_dags/example_xcom.py
[2026-03-18T07:29:34.942+0530] {logging_mixin.py:188} INFO - [2026-03-18T07:29:34.942+0530] {dag.py:3047} INFO - Sync 1 DAGs
[2026-03-18T07:29:34.947+0530] {logging_mixin.py:188} INFO - [2026-03-18T07:29:34.947+0530] {dag.py:3834} INFO - Setting next_dagrun for example_xcom to 2021-01-01 00:00:00+00:00, run_after=2021-01-01 00:00:00+00:00
[2026-03-18T07:29:34.953+0530] {processor.py:183} INFO - Processing /Users/vybhavswaroop/Desktop/untitled folder 3/ecommerce_platform/venv/lib/python3.11/site-packages/airflow/example_dags/example_xcom.py took 0.060 seconds
[2026-03-18T07:30:57.044+0530] {processor.py:161} INFO - Started process (PID=4586) to work on /Users/vybhavswaroop/Desktop/untitled folder 3/ecommerce_platform/venv/lib/python3.11/site-packages/airflow/example_dags/example_xcom.py
[2026-03-18T07:30:57.044+0530] {processor.py:830} INFO - Processing file /Users/vybhavswaroop/Desktop/untitled folder 3/ecommerce_platform/venv/lib/python3.11/site-packages/airflow/example_dags/example_xcom.py for tasks to queue
[2026-03-18T07:30:57.045+0530] {logging_mixin.py:188} INFO - [2026-03-18T07:30:57.045+0530] {dagbag.py:540} INFO - Filling up the DagBag from /Users/vybhavswaroop/Desktop/untitled folder 3/ecommerce_platform/venv/lib/python3.11/site-packages/airflow/example_dags/example_xcom.py
[2026-03-18T07:30:57.057+0530] {processor.py:840} INFO - DAG(s) 'example_xcom' retrieved from /Users/vybhavswaroop/Desktop/untitled folder 3/ecommerce_platform/venv/lib/python3.11/site-packages/airflow/example_dags/example_xcom.py
[2026-03-18T07:30:57.093+0530] {logging_mixin.py:188} INFO - [2026-03-18T07:30:57.093+0530] {dag.py:3047} INFO - Sync 1 DAGs
[2026-03-18T07:30:57.099+0530] {logging_mixin.py:188} INFO - [2026-03-18T07:30:57.099+0530] {dag.py:3834} INFO - Setting next_dagrun for example_xcom to 2021-01-01 00:00:00+00:00, run_after=2021-01-01 00:00:00+00:00
[2026-03-18T07:30:57.107+0530] {processor.py:183} INFO - Processing /Users/vybhavswaroop/Desktop/untitled folder 3/ecommerce_platform/venv/lib/python3.11/site-packages/airflow/example_dags/example_xcom.py took 0.064 seconds
[2026-03-18T07:32:20.558+0530] {processor.py:161} INFO - Started process (PID=4832) to work on /Users/vybhavswaroop/Desktop/untitled folder 3/ecommerce_platform/venv/lib/python3.11/site-packages/airflow/example_dags/example_xcom.py
[2026-03-18T07:32:20.558+0530] {processor.py:830} INFO - Processing file /Users/vybhavswaroop/Desktop/untitled folder 3/ecommerce_platform/venv/lib/python3.11/site-packages/airflow/example_dags/example_xcom.py for tasks to queue
[2026-03-18T07:32:20.558+0530] {logging_mixin.py:188} INFO - [2026-03-18T07:32:20.558+0530] {dagbag.py:540} INFO - Filling up the DagBag from /Users/vybhavswaroop/Desktop/untitled folder 3/ecommerce_platform/venv/lib/python3.11/site-packages/airflow/example_dags/example_xcom.py
[2026-03-18T07:32:20.571+0530] {processor.py:840} INFO - DAG(s) 'example_xcom' retrieved from /Users/vybhavswaroop/Desktop/untitled folder 3/ecommerce_platform/venv/lib/python3.11/site-packages/airflow/example_dags/example_xcom.py
[2026-03-18T07:32:20.606+0530] {logging_mixin.py:188} INFO - [2026-03-18T07:32:20.606+0530] {dag.py:3047} INFO - Sync 1 DAGs
[2026-03-18T07:32:20.611+0530] {logging_mixin.py:188} INFO - [2026-03-18T07:32:20.611+0530] {dag.py:3834} INFO - Setting next_dagrun for example_xcom to 2021-01-01 00:00:00+00:00, run_after=2021-01-01 00:00:00+00:00
[2026-03-18T07:32:20.618+0530] {processor.py:183} INFO - Processing /Users/vybhavswaroop/Desktop/untitled folder 3/ecommerce_platform/venv/lib/python3.11/site-packages/airflow/example_dags/example_xcom.py took 0.061 seconds
[2026-03-18T07:33:45.342+0530] {processor.py:161} INFO - Started process (PID=5077) to work on /Users/vybhavswaroop/Desktop/untitled folder 3/ecommerce_platform/venv/lib/python3.11/site-packages/airflow/example_dags/example_xcom.py
[2026-03-18T07:33:45.342+0530] {processor.py:830} INFO - Processing file /Users/vybhavswaroop/Desktop/untitled folder 3/ecommerce_platform/venv/lib/python3.11/site-packages/airflow/example_dags/example_xcom.py for tasks to queue
[2026-03-18T07:33:45.342+0530] {logging_mixin.py:188} INFO - [2026-03-18T07:33:45.342+0530] {dagbag.py:540} INFO - Filling up the DagBag from /Users/vybhavswaroop/Desktop/untitled folder 3/ecommerce_platform/venv/lib/python3.11/site-packages/airflow/example_dags/example_xcom.py
[2026-03-18T07:33:45.355+0530] {processor.py:840} INFO - DAG(s) 'example_xcom' retrieved from /Users/vybhavswaroop/Desktop/untitled folder 3/ecommerce_platform/venv/lib/python3.11/site-packages/airflow/example_dags/example_xcom.py
[2026-03-18T07:33:45.389+0530] {logging_mixin.py:188} INFO - [2026-03-18T07:33:45.389+0530] {dag.py:3047} INFO - Sync 1 DAGs
[2026-03-18T07:33:45.394+0530] {logging_mixin.py:188} INFO - [2026-03-18T07:33:45.394+0530] {dag.py:3834} INFO - Setting next_dagrun for example_xcom to 2021-01-01 00:00:00+00:00, run_after=2021-01-01 00:00:00+00:00
[2026-03-18T07:33:45.400+0530] {processor.py:183} INFO - Processing /Users/vybhavswaroop/Desktop/untitled folder 3/ecommerce_platform/venv/lib/python3.11/site-packages/airflow/example_dags/example_xcom.py took 0.059 seconds
[2026-03-18T07:35:18.400+0530] {processor.py:161} INFO - Started process (PID=5402) to work on /Users/vybhavswaroop/Desktop/untitled folder 3/ecommerce_platform/venv/lib/python3.11/site-packages/airflow/example_dags/example_xcom.py
[2026-03-18T07:35:18.401+0530] {processor.py:830} INFO - Processing file /Users/vybhavswaroop/Desktop/untitled folder 3/ecommerce_platform/venv/lib/python3.11/site-packages/airflow/example_dags/example_xcom.py for tasks to queue
[2026-03-18T07:35:18.401+0530] {logging_mixin.py:188} INFO - [2026-03-18T07:35:18.401+0530] {dagbag.py:540} INFO - Filling up the DagBag from /Users/vybhavswaroop/Desktop/untitled folder 3/ecommerce_platform/venv/lib/python3.11/site-packages/airflow/example_dags/example_xcom.py
[2026-03-18T07:35:18.415+0530] {processor.py:840} INFO - DAG(s) 'example_xcom' retrieved from /Users/vybhavswaroop/Desktop/untitled folder 3/ecommerce_platform/venv/lib/python3.11/site-packages/airflow/example_dags/example_xcom.py
[2026-03-18T07:35:18.449+0530] {logging_mixin.py:188} INFO - [2026-03-18T07:35:18.449+0530] {dag.py:3047} INFO - Sync 1 DAGs
[2026-03-18T07:35:18.453+0530] {logging_mixin.py:188} INFO - [2026-03-18T07:35:18.453+0530] {dag.py:3834} INFO - Setting next_dagrun for example_xcom to 2021-01-01 00:00:00+00:00, run_after=2021-01-01 00:00:00+00:00
[2026-03-18T07:35:18.460+0530] {processor.py:183} INFO - Processing /Users/vybhavswaroop/Desktop/untitled folder 3/ecommerce_platform/venv/lib/python3.11/site-packages/airflow/example_dags/example_xcom.py took 0.060 seconds
[2026-03-18T07:36:51.153+0530] {processor.py:161} INFO - Started process (PID=5674) to work on /Users/vybhavswaroop/Desktop/untitled folder 3/ecommerce_platform/venv/lib/python3.11/site-packages/airflow/example_dags/example_xcom.py
[2026-03-18T07:36:51.153+0530] {processor.py:830} INFO - Processing file /Users/vybhavswaroop/Desktop/untitled folder 3/ecommerce_platform/venv/lib/python3.11/site-packages/airflow/example_dags/example_xcom.py for tasks to queue
[2026-03-18T07:36:51.154+0530] {logging_mixin.py:188} INFO - [2026-03-18T07:36:51.154+0530] {dagbag.py:540} INFO - Filling up the DagBag from /Users/vybhavswaroop/Desktop/untitled folder 3/ecommerce_platform/venv/lib/python3.11/site-packages/airflow/example_dags/example_xcom.py
[2026-03-18T07:36:51.167+0530] {processor.py:840} INFO - DAG(s) 'example_xcom' retrieved from /Users/vybhavswaroop/Desktop/untitled folder 3/ecommerce_platform/venv/lib/python3.11/site-packages/airflow/example_dags/example_xcom.py
[2026-03-18T07:36:51.201+0530] {logging_mixin.py:188} INFO - [2026-03-18T07:36:51.201+0530] {dag.py:3047} INFO - Sync 1 DAGs
[2026-03-18T07:36:51.205+0530] {logging_mixin.py:188} INFO - [2026-03-18T07:36:51.205+0530] {dag.py:3834} INFO - Setting next_dagrun for example_xcom to 2021-01-01 00:00:00+00:00, run_after=2021-01-01 00:00:00+00:00
[2026-03-18T07:36:51.212+0530] {processor.py:183} INFO - Processing /Users/vybhavswaroop/Desktop/untitled folder 3/ecommerce_platform/venv/lib/python3.11/site-packages/airflow/example_dags/example_xcom.py took 0.060 seconds
[2026-03-18T07:38:21.757+0530] {processor.py:161} INFO - Started process (PID=5992) to work on /Users/vybhavswaroop/Desktop/untitled folder 3/ecommerce_platform/venv/lib/python3.11/site-packages/airflow/example_dags/example_xcom.py
[2026-03-18T07:38:21.758+0530] {processor.py:830} INFO - Processing file /Users/vybhavswaroop/Desktop/untitled folder 3/ecommerce_platform/venv/lib/python3.11/site-packages/airflow/example_dags/example_xcom.py for tasks to queue
[2026-03-18T07:38:21.758+0530] {logging_mixin.py:188} INFO - [2026-03-18T07:38:21.758+0530] {dagbag.py:540} INFO - Filling up the DagBag from /Users/vybhavswaroop/Desktop/untitled folder 3/ecommerce_platform/venv/lib/python3.11/site-packages/airflow/example_dags/example_xcom.py
[2026-03-18T07:38:21.772+0530] {processor.py:840} INFO - DAG(s) 'example_xcom' retrieved from /Users/vybhavswaroop/Desktop/untitled folder 3/ecommerce_platform/venv/lib/python3.11/site-packages/airflow/example_dags/example_xcom.py
[2026-03-18T07:38:21.818+0530] {logging_mixin.py:188} INFO - [2026-03-18T07:38:21.818+0530] {dag.py:3047} INFO - Sync 1 DAGs
[2026-03-18T07:38:21.828+0530] {logging_mixin.py:188} INFO - [2026-03-18T07:38:21.827+0530] {dag.py:3834} INFO - Setting next_dagrun for example_xcom to 2021-01-01 00:00:00+00:00, run_after=2021-01-01 00:00:00+00:00
[2026-03-18T07:38:21.835+0530] {processor.py:183} INFO - Processing /Users/vybhavswaroop/Desktop/untitled folder 3/ecommerce_platform/venv/lib/python3.11/site-packages/airflow/example_dags/example_xcom.py took 0.078 seconds
[2026-03-18T07:39:47.516+0530] {processor.py:161} INFO - Started process (PID=6265) to work on /Users/vybhavswaroop/Desktop/untitled folder 3/ecommerce_platform/venv/lib/python3.11/site-packages/airflow/example_dags/example_xcom.py
[2026-03-18T07:39:47.516+0530] {processor.py:830} INFO - Processing file /Users/vybhavswaroop/Desktop/untitled folder 3/ecommerce_platform/venv/lib/python3.11/site-packages/airflow/example_dags/example_xcom.py for tasks to queue
[2026-03-18T07:39:47.517+0530] {logging_mixin.py:188} INFO - [2026-03-18T07:39:47.517+0530] {dagbag.py:540} INFO - Filling up the DagBag from /Users/vybhavswaroop/Desktop/untitled folder 3/ecommerce_platform/venv/lib/python3.11/site-packages/airflow/example_dags/example_xcom.py
[2026-03-18T07:39:47.530+0530] {processor.py:840} INFO - DAG(s) 'example_xcom' retrieved from /Users/vybhavswaroop/Desktop/untitled folder 3/ecommerce_platform/venv/lib/python3.11/site-packages/airflow/example_dags/example_xcom.py
[2026-03-18T07:39:47.564+0530] {logging_mixin.py:188} INFO - [2026-03-18T07:39:47.564+0530] {dag.py:3047} INFO - Sync 1 DAGs
[2026-03-18T07:39:47.570+0530] {logging_mixin.py:188} INFO - [2026-03-18T07:39:47.570+0530] {dag.py:3834} INFO - Setting next_dagrun for example_xcom to 2021-01-01 00:00:00+00:00, run_after=2021-01-01 00:00:00+00:00
[2026-03-18T07:39:47.578+0530] {processor.py:183} INFO - Processing /Users/vybhavswaroop/Desktop/untitled folder 3/ecommerce_platform/venv/lib/python3.11/site-packages/airflow/example_dags/example_xcom.py took 0.063 seconds
[2026-03-18T07:41:22.435+0530] {processor.py:161} INFO - Started process (PID=6618) to work on /Users/vybhavswaroop/Desktop/untitled folder 3/ecommerce_platform/venv/lib/python3.11/site-packages/airflow/example_dags/example_xcom.py
[2026-03-18T07:41:22.437+0530] {processor.py:830} INFO - Processing file /Users/vybhavswaroop/Desktop/untitled folder 3/ecommerce_platform/venv/lib/python3.11/site-packages/airflow/example_dags/example_xcom.py for tasks to queue
[2026-03-18T07:41:22.437+0530] {logging_mixin.py:188} INFO - [2026-03-18T07:41:22.437+0530] {dagbag.py:540} INFO - Filling up the DagBag from /Users/vybhavswaroop/Desktop/untitled folder 3/ecommerce_platform/venv/lib/python3.11/site-packages/airflow/example_dags/example_xcom.py
[2026-03-18T07:41:22.450+0530] {processor.py:840} INFO - DAG(s) 'example_xcom' retrieved from /Users/vybhavswaroop/Desktop/untitled folder 3/ecommerce_platform/venv/lib/python3.11/site-packages/airflow/example_dags/example_xcom.py
[2026-03-18T07:41:22.485+0530] {logging_mixin.py:188} INFO - [2026-03-18T07:41:22.485+0530] {dag.py:3047} INFO - Sync 1 DAGs
[2026-03-18T07:41:22.490+0530] {logging_mixin.py:188} INFO - [2026-03-18T07:41:22.490+0530] {dag.py:3834} INFO - Setting next_dagrun for example_xcom to 2021-01-01 00:00:00+00:00, run_after=2021-01-01 00:00:00+00:00
[2026-03-18T07:41:22.497+0530] {processor.py:183} INFO - Processing /Users/vybhavswaroop/Desktop/untitled folder 3/ecommerce_platform/venv/lib/python3.11/site-packages/airflow/example_dags/example_xcom.py took 0.062 seconds
[2026-03-18T07:43:01.195+0530] {processor.py:161} INFO - Started process (PID=6983) to work on /Users/vybhavswaroop/Desktop/untitled folder 3/ecommerce_platform/venv/lib/python3.11/site-packages/airflow/example_dags/example_xcom.py
[2026-03-18T07:43:01.196+0530] {processor.py:830} INFO - Processing file /Users/vybhavswaroop/Desktop/untitled folder 3/ecommerce_platform/venv/lib/python3.11/site-packages/airflow/example_dags/example_xcom.py for tasks to queue
[2026-03-18T07:43:01.196+0530] {logging_mixin.py:188} INFO - [2026-03-18T07:43:01.196+0530] {dagbag.py:540} INFO - Filling up the DagBag from /Users/vybhavswaroop/Desktop/untitled folder 3/ecommerce_platform/venv/lib/python3.11/site-packages/airflow/example_dags/example_xcom.py
[2026-03-18T07:43:01.209+0530] {processor.py:840} INFO - DAG(s) 'example_xcom' retrieved from /Users/vybhavswaroop/Desktop/untitled folder 3/ecommerce_platform/venv/lib/python3.11/site-packages/airflow/example_dags/example_xcom.py
[2026-03-18T07:43:01.244+0530] {logging_mixin.py:188} INFO - [2026-03-18T07:43:01.244+0530] {dag.py:3047} INFO - Sync 1 DAGs
[2026-03-18T07:43:01.248+0530] {logging_mixin.py:188} INFO - [2026-03-18T07:43:01.248+0530] {dag.py:3834} INFO - Setting next_dagrun for example_xcom to 2021-01-01 00:00:00+00:00, run_after=2021-01-01 00:00:00+00:00
[2026-03-18T07:43:01.256+0530] {processor.py:183} INFO - Processing /Users/vybhavswaroop/Desktop/untitled folder 3/ecommerce_platform/venv/lib/python3.11/site-packages/airflow/example_dags/example_xcom.py took 0.061 seconds
[2026-03-18T07:44:33.646+0530] {processor.py:161} INFO - Started process (PID=7325) to work on /Users/vybhavswaroop/Desktop/untitled folder 3/ecommerce_platform/venv/lib/python3.11/site-packages/airflow/example_dags/example_xcom.py
[2026-03-18T07:44:33.648+0530] {processor.py:830} INFO - Processing file /Users/vybhavswaroop/Desktop/untitled folder 3/ecommerce_platform/venv/lib/python3.11/site-packages/airflow/example_dags/example_xcom.py for tasks to queue
[2026-03-18T07:44:33.648+0530] {logging_mixin.py:188} INFO - [2026-03-18T07:44:33.648+0530] {dagbag.py:540} INFO - Filling up the DagBag from /Users/vybhavswaroop/Desktop/untitled folder 3/ecommerce_platform/venv/lib/python3.11/site-packages/airflow/example_dags/example_xcom.py
[2026-03-18T07:44:33.661+0530] {processor.py:840} INFO - DAG(s) 'example_xcom' retrieved from /Users/vybhavswaroop/Desktop/untitled folder 3/ecommerce_platform/venv/lib/python3.11/site-packages/airflow/example_dags/example_xcom.py
[2026-03-18T07:44:33.697+0530] {logging_mixin.py:188} INFO - [2026-03-18T07:44:33.697+0530] {dag.py:3047} INFO - Sync 1 DAGs
[2026-03-18T07:44:33.702+0530] {logging_mixin.py:188} INFO - [2026-03-18T07:44:33.702+0530] {dag.py:3834} INFO - Setting next_dagrun for example_xcom to 2021-01-01 00:00:00+00:00, run_after=2021-01-01 00:00:00+00:00
[2026-03-18T07:44:33.709+0530] {processor.py:183} INFO - Processing /Users/vybhavswaroop/Desktop/untitled folder 3/ecommerce_platform/venv/lib/python3.11/site-packages/airflow/example_dags/example_xcom.py took 0.063 seconds
[2026-03-18T07:45:57.497+0530] {processor.py:161} INFO - Started process (PID=7606) to work on /Users/vybhavswaroop/Desktop/untitled folder 3/ecommerce_platform/venv/lib/python3.11/site-packages/airflow/example_dags/example_xcom.py
[2026-03-18T07:45:57.500+0530] {processor.py:830} INFO - Processing file /Users/vybhavswaroop/Desktop/untitled folder 3/ecommerce_platform/venv/lib/python3.11/site-packages/airflow/example_dags/example_xcom.py for tasks to queue
[2026-03-18T07:45:57.500+0530] {logging_mixin.py:188} INFO - [2026-03-18T07:45:57.500+0530] {dagbag.py:540} INFO - Filling up the DagBag from /Users/vybhavswaroop/Desktop/untitled folder 3/ecommerce_platform/venv/lib/python3.11/site-packages/airflow/example_dags/example_xcom.py
[2026-03-18T07:45:57.512+0530] {processor.py:840} INFO - DAG(s) 'example_xcom' retrieved from /Users/vybhavswaroop/Desktop/untitled folder 3/ecommerce_platform/venv/lib/python3.11/site-packages/airflow/example_dags/example_xcom.py
[2026-03-18T07:45:57.547+0530] {logging_mixin.py:188} INFO - [2026-03-18T07:45:57.547+0530] {dag.py:3047} INFO - Sync 1 DAGs
[2026-03-18T07:45:57.552+0530] {logging_mixin.py:188} INFO - [2026-03-18T07:45:57.552+0530] {dag.py:3834} INFO - Setting next_dagrun for example_xcom to 2021-01-01 00:00:00+00:00, run_after=2021-01-01 00:00:00+00:00
[2026-03-18T07:45:57.558+0530] {processor.py:183} INFO - Processing /Users/vybhavswaroop/Desktop/untitled folder 3/ecommerce_platform/venv/lib/python3.11/site-packages/airflow/example_dags/example_xcom.py took 0.061 seconds
[2026-03-18T07:47:18.166+0530] {processor.py:161} INFO - Started process (PID=7848) to work on /Users/vybhavswaroop/Desktop/untitled folder 3/ecommerce_platform/venv/lib/python3.11/site-packages/airflow/example_dags/example_xcom.py
[2026-03-18T07:47:18.167+0530] {processor.py:830} INFO - Processing file /Users/vybhavswaroop/Desktop/untitled folder 3/ecommerce_platform/venv/lib/python3.11/site-packages/airflow/example_dags/example_xcom.py for tasks to queue
[2026-03-18T07:47:18.168+0530] {logging_mixin.py:188} INFO - [2026-03-18T07:47:18.168+0530] {dagbag.py:540} INFO - Filling up the DagBag from /Users/vybhavswaroop/Desktop/untitled folder 3/ecommerce_platform/venv/lib/python3.11/site-packages/airflow/example_dags/example_xcom.py
[2026-03-18T07:47:18.180+0530] {processor.py:840} INFO - DAG(s) 'example_xcom' retrieved from /Users/vybhavswaroop/Desktop/untitled folder 3/ecommerce_platform/venv/lib/python3.11/site-packages/airflow/example_dags/example_xcom.py
[2026-03-18T07:47:18.217+0530] {logging_mixin.py:188} INFO - [2026-03-18T07:47:18.217+0530] {dag.py:3047} INFO - Sync 1 DAGs
[2026-03-18T07:47:18.221+0530] {logging_mixin.py:188} INFO - [2026-03-18T07:47:18.221+0530] {dag.py:3834} INFO - Setting next_dagrun for example_xcom to 2021-01-01 00:00:00+00:00, run_after=2021-01-01 00:00:00+00:00
[2026-03-18T07:47:18.227+0530] {processor.py:183} INFO - Processing /Users/vybhavswaroop/Desktop/untitled folder 3/ecommerce_platform/venv/lib/python3.11/site-packages/airflow/example_dags/example_xcom.py took 0.062 seconds
[2026-03-18T07:48:42.424+0530] {processor.py:161} INFO - Started process (PID=8209) to work on /Users/vybhavswaroop/Desktop/untitled folder 3/ecommerce_platform/venv/lib/python3.11/site-packages/airflow/example_dags/example_xcom.py
[2026-03-18T07:48:42.426+0530] {processor.py:830} INFO - Processing file /Users/vybhavswaroop/Desktop/untitled folder 3/ecommerce_platform/venv/lib/python3.11/site-packages/airflow/example_dags/example_xcom.py for tasks to queue
[2026-03-18T07:48:42.426+0530] {logging_mixin.py:188} INFO - [2026-03-18T07:48:42.426+0530] {dagbag.py:540} INFO - Filling up the DagBag from /Users/vybhavswaroop/Desktop/untitled folder 3/ecommerce_platform/venv/lib/python3.11/site-packages/airflow/example_dags/example_xcom.py
[2026-03-18T07:48:42.439+0530] {processor.py:840} INFO - DAG(s) 'example_xcom' retrieved from /Users/vybhavswaroop/Desktop/untitled folder 3/ecommerce_platform/venv/lib/python3.11/site-packages/airflow/example_dags/example_xcom.py
[2026-03-18T07:48:42.475+0530] {logging_mixin.py:188} INFO - [2026-03-18T07:48:42.474+0530] {dag.py:3047} INFO - Sync 1 DAGs
[2026-03-18T07:48:42.479+0530] {logging_mixin.py:188} INFO - [2026-03-18T07:48:42.479+0530] {dag.py:3834} INFO - Setting next_dagrun for example_xcom to 2021-01-01 00:00:00+00:00, run_after=2021-01-01 00:00:00+00:00
[2026-03-18T07:48:42.486+0530] {processor.py:183} INFO - Processing /Users/vybhavswaroop/Desktop/untitled folder 3/ecommerce_platform/venv/lib/python3.11/site-packages/airflow/example_dags/example_xcom.py took 0.062 seconds
[2026-03-18T07:50:08.803+0530] {processor.py:161} INFO - Started process (PID=8802) to work on /Users/vybhavswaroop/Desktop/untitled folder 3/ecommerce_platform/venv/lib/python3.11/site-packages/airflow/example_dags/example_xcom.py
[2026-03-18T07:50:08.804+0530] {processor.py:830} INFO - Processing file /Users/vybhavswaroop/Desktop/untitled folder 3/ecommerce_platform/venv/lib/python3.11/site-packages/airflow/example_dags/example_xcom.py for tasks to queue
[2026-03-18T07:50:08.804+0530] {logging_mixin.py:188} INFO - [2026-03-18T07:50:08.804+0530] {dagbag.py:540} INFO - Filling up the DagBag from /Users/vybhavswaroop/Desktop/untitled folder 3/ecommerce_platform/venv/lib/python3.11/site-packages/airflow/example_dags/example_xcom.py
[2026-03-18T07:50:08.817+0530] {processor.py:840} INFO - DAG(s) 'example_xcom' retrieved from /Users/vybhavswaroop/Desktop/untitled folder 3/ecommerce_platform/venv/lib/python3.11/site-packages/airflow/example_dags/example_xcom.py
[2026-03-18T07:50:08.853+0530] {logging_mixin.py:188} INFO - [2026-03-18T07:50:08.853+0530] {dag.py:3047} INFO - Sync 1 DAGs
[2026-03-18T07:50:08.858+0530] {logging_mixin.py:188} INFO - [2026-03-18T07:50:08.858+0530] {dag.py:3834} INFO - Setting next_dagrun for example_xcom to 2021-01-01 00:00:00+00:00, run_after=2021-01-01 00:00:00+00:00
[2026-03-18T07:50:08.865+0530] {processor.py:183} INFO - Processing /Users/vybhavswaroop/Desktop/untitled folder 3/ecommerce_platform/venv/lib/python3.11/site-packages/airflow/example_dags/example_xcom.py took 0.063 seconds
[2026-03-18T07:51:35.430+0530] {processor.py:161} INFO - Started process (PID=9388) to work on /Users/vybhavswaroop/Desktop/untitled folder 3/ecommerce_platform/venv/lib/python3.11/site-packages/airflow/example_dags/example_xcom.py
[2026-03-18T07:51:35.431+0530] {processor.py:830} INFO - Processing file /Users/vybhavswaroop/Desktop/untitled folder 3/ecommerce_platform/venv/lib/python3.11/site-packages/airflow/example_dags/example_xcom.py for tasks to queue
[2026-03-18T07:51:35.431+0530] {logging_mixin.py:188} INFO - [2026-03-18T07:51:35.431+0530] {dagbag.py:540} INFO - Filling up the DagBag from /Users/vybhavswaroop/Desktop/untitled folder 3/ecommerce_platform/venv/lib/python3.11/site-packages/airflow/example_dags/example_xcom.py
[2026-03-18T07:51:35.444+0530] {processor.py:840} INFO - DAG(s) 'example_xcom' retrieved from /Users/vybhavswaroop/Desktop/untitled folder 3/ecommerce_platform/venv/lib/python3.11/site-packages/airflow/example_dags/example_xcom.py
[2026-03-18T07:51:35.479+0530] {logging_mixin.py:188} INFO - [2026-03-18T07:51:35.479+0530] {dag.py:3047} INFO - Sync 1 DAGs
[2026-03-18T07:51:35.484+0530] {logging_mixin.py:188} INFO - [2026-03-18T07:51:35.484+0530] {dag.py:3834} INFO - Setting next_dagrun for example_xcom to 2021-01-01 00:00:00+00:00, run_after=2021-01-01 00:00:00+00:00
[2026-03-18T07:51:35.490+0530] {processor.py:183} INFO - Processing /Users/vybhavswaroop/Desktop/untitled folder 3/ecommerce_platform/venv/lib/python3.11/site-packages/airflow/example_dags/example_xcom.py took 0.061 seconds
[2026-03-18T07:53:04.764+0530] {processor.py:161} INFO - Started process (PID=10758) to work on /Users/vybhavswaroop/Desktop/untitled folder 3/ecommerce_platform/venv/lib/python3.11/site-packages/airflow/example_dags/example_xcom.py
[2026-03-18T07:53:04.765+0530] {processor.py:830} INFO - Processing file /Users/vybhavswaroop/Desktop/untitled folder 3/ecommerce_platform/venv/lib/python3.11/site-packages/airflow/example_dags/example_xcom.py for tasks to queue
[2026-03-18T07:53:04.765+0530] {logging_mixin.py:188} INFO - [2026-03-18T07:53:04.765+0530] {dagbag.py:540} INFO - Filling up the DagBag from /Users/vybhavswaroop/Desktop/untitled folder 3/ecommerce_platform/venv/lib/python3.11/site-packages/airflow/example_dags/example_xcom.py
[2026-03-18T07:53:04.778+0530] {processor.py:840} INFO - DAG(s) 'example_xcom' retrieved from /Users/vybhavswaroop/Desktop/untitled folder 3/ecommerce_platform/venv/lib/python3.11/site-packages/airflow/example_dags/example_xcom.py
[2026-03-18T07:53:04.840+0530] {logging_mixin.py:188} INFO - [2026-03-18T07:53:04.840+0530] {dag.py:3047} INFO - Sync 1 DAGs
[2026-03-18T07:53:04.844+0530] {logging_mixin.py:188} INFO - [2026-03-18T07:53:04.844+0530] {dag.py:3834} INFO - Setting next_dagrun for example_xcom to 2021-01-01 00:00:00+00:00, run_after=2021-01-01 00:00:00+00:00
[2026-03-18T07:53:04.850+0530] {processor.py:183} INFO - Processing /Users/vybhavswaroop/Desktop/untitled folder 3/ecommerce_platform/venv/lib/python3.11/site-packages/airflow/example_dags/example_xcom.py took 0.087 seconds
[2026-03-18T07:55:09.778+0530] {processor.py:161} INFO - Started process (PID=11125) to work on /Users/vybhavswaroop/Desktop/untitled folder 3/ecommerce_platform/venv/lib/python3.11/site-packages/airflow/example_dags/example_xcom.py
[2026-03-18T07:55:09.780+0530] {processor.py:830} INFO - Processing file /Users/vybhavswaroop/Desktop/untitled folder 3/ecommerce_platform/venv/lib/python3.11/site-packages/airflow/example_dags/example_xcom.py for tasks to queue
[2026-03-18T07:55:09.780+0530] {logging_mixin.py:188} INFO - [2026-03-18T07:55:09.780+0530] {dagbag.py:540} INFO - Filling up the DagBag from /Users/vybhavswaroop/Desktop/untitled folder 3/ecommerce_platform/venv/lib/python3.11/site-packages/airflow/example_dags/example_xcom.py
[2026-03-18T07:55:09.793+0530] {processor.py:840} INFO - DAG(s) 'example_xcom' retrieved from /Users/vybhavswaroop/Desktop/untitled folder 3/ecommerce_platform/venv/lib/python3.11/site-packages/airflow/example_dags/example_xcom.py
[2026-03-18T07:55:09.827+0530] {logging_mixin.py:188} INFO - [2026-03-18T07:55:09.827+0530] {dag.py:3047} INFO - Sync 1 DAGs
[2026-03-18T07:55:09.832+0530] {logging_mixin.py:188} INFO - [2026-03-18T07:55:09.832+0530] {dag.py:3834} INFO - Setting next_dagrun for example_xcom to 2021-01-01 00:00:00+00:00, run_after=2021-01-01 00:00:00+00:00
[2026-03-18T07:55:09.837+0530] {processor.py:183} INFO - Processing /Users/vybhavswaroop/Desktop/untitled folder 3/ecommerce_platform/venv/lib/python3.11/site-packages/airflow/example_dags/example_xcom.py took 0.059 seconds
[2026-03-18T07:56:42.415+0530] {processor.py:161} INFO - Started process (PID=11392) to work on /Users/vybhavswaroop/Desktop/untitled folder 3/ecommerce_platform/venv/lib/python3.11/site-packages/airflow/example_dags/example_xcom.py
[2026-03-18T07:56:42.416+0530] {processor.py:830} INFO - Processing file /Users/vybhavswaroop/Desktop/untitled folder 3/ecommerce_platform/venv/lib/python3.11/site-packages/airflow/example_dags/example_xcom.py for tasks to queue
[2026-03-18T07:56:42.416+0530] {logging_mixin.py:188} INFO - [2026-03-18T07:56:42.416+0530] {dagbag.py:540} INFO - Filling up the DagBag from /Users/vybhavswaroop/Desktop/untitled folder 3/ecommerce_platform/venv/lib/python3.11/site-packages/airflow/example_dags/example_xcom.py
[2026-03-18T07:56:42.428+0530] {processor.py:840} INFO - DAG(s) 'example_xcom' retrieved from /Users/vybhavswaroop/Desktop/untitled folder 3/ecommerce_platform/venv/lib/python3.11/site-packages/airflow/example_dags/example_xcom.py
[2026-03-18T07:56:42.462+0530] {logging_mixin.py:188} INFO - [2026-03-18T07:56:42.462+0530] {dag.py:3047} INFO - Sync 1 DAGs
[2026-03-18T07:56:42.467+0530] {logging_mixin.py:188} INFO - [2026-03-18T07:56:42.467+0530] {dag.py:3834} INFO - Setting next_dagrun for example_xcom to 2021-01-01 00:00:00+00:00, run_after=2021-01-01 00:00:00+00:00
[2026-03-18T07:56:42.473+0530] {processor.py:183} INFO - Processing /Users/vybhavswaroop/Desktop/untitled folder 3/ecommerce_platform/venv/lib/python3.11/site-packages/airflow/example_dags/example_xcom.py took 0.058 seconds
[2026-03-18T07:58:07.868+0530] {processor.py:161} INFO - Started process (PID=11639) to work on /Users/vybhavswaroop/Desktop/untitled folder 3/ecommerce_platform/venv/lib/python3.11/site-packages/airflow/example_dags/example_xcom.py
[2026-03-18T07:58:07.869+0530] {processor.py:830} INFO - Processing file /Users/vybhavswaroop/Desktop/untitled folder 3/ecommerce_platform/venv/lib/python3.11/site-packages/airflow/example_dags/example_xcom.py for tasks to queue
[2026-03-18T07:58:07.869+0530] {logging_mixin.py:188} INFO - [2026-03-18T07:58:07.869+0530] {dagbag.py:540} INFO - Filling up the DagBag from /Users/vybhavswaroop/Desktop/untitled folder 3/ecommerce_platform/venv/lib/python3.11/site-packages/airflow/example_dags/example_xcom.py
[2026-03-18T07:58:07.882+0530] {processor.py:840} INFO - DAG(s) 'example_xcom' retrieved from /Users/vybhavswaroop/Desktop/untitled folder 3/ecommerce_platform/venv/lib/python3.11/site-packages/airflow/example_dags/example_xcom.py
[2026-03-18T07:58:07.917+0530] {logging_mixin.py:188} INFO - [2026-03-18T07:58:07.917+0530] {dag.py:3047} INFO - Sync 1 DAGs
[2026-03-18T07:58:07.922+0530] {logging_mixin.py:188} INFO - [2026-03-18T07:58:07.922+0530] {dag.py:3834} INFO - Setting next_dagrun for example_xcom to 2021-01-01 00:00:00+00:00, run_after=2021-01-01 00:00:00+00:00
[2026-03-18T07:58:07.929+0530] {processor.py:183} INFO - Processing /Users/vybhavswaroop/Desktop/untitled folder 3/ecommerce_platform/venv/lib/python3.11/site-packages/airflow/example_dags/example_xcom.py took 0.061 seconds
