[2026-03-18T07:18:44.639+0530] {processor.py:161} INFO - Started process (PID=98115) to work on /Users/vybhavswaroop/Desktop/untitled folder 3/ecommerce_platform/venv/lib/python3.11/site-packages/airflow/example_dags/example_params_trigger_ui.py
[2026-03-18T07:18:44.639+0530] {processor.py:830} INFO - Processing file /Users/vybhavswaroop/Desktop/untitled folder 3/ecommerce_platform/venv/lib/python3.11/site-packages/airflow/example_dags/example_params_trigger_ui.py for tasks to queue
[2026-03-18T07:18:44.639+0530] {logging_mixin.py:188} INFO - [2026-03-18T07:18:44.639+0530] {dagbag.py:540} INFO - Filling up the DagBag from /Users/vybhavswaroop/Desktop/untitled folder 3/ecommerce_platform/venv/lib/python3.11/site-packages/airflow/example_dags/example_params_trigger_ui.py
[2026-03-18T07:18:44.655+0530] {processor.py:840} INFO - DAG(s) 'example_params_trigger_ui' retrieved from /Users/vybhavswaroop/Desktop/untitled folder 3/ecommerce_platform/venv/lib/python3.11/site-packages/airflow/example_dags/example_params_trigger_ui.py
[2026-03-18T07:18:44.700+0530] {logging_mixin.py:188} INFO - [2026-03-18T07:18:44.699+0530] {dag.py:3047} INFO - Sync 1 DAGs
[2026-03-18T07:18:44.703+0530] {logging_mixin.py:188} INFO - [2026-03-18T07:18:44.703+0530] {dag.py:3834} INFO - Setting next_dagrun for example_params_trigger_ui to None, run_after=None
[2026-03-18T07:18:44.711+0530] {processor.py:183} INFO - Processing /Users/vybhavswaroop/Desktop/untitled folder 3/ecommerce_platform/venv/lib/python3.11/site-packages/airflow/example_dags/example_params_trigger_ui.py took 0.073 seconds
[2026-03-18T07:22:49.463+0530] {processor.py:161} INFO - Started process (PID=3125) to work on /Users/vybhavswaroop/Desktop/untitled folder 3/ecommerce_platform/venv/lib/python3.11/site-packages/airflow/example_dags/example_params_trigger_ui.py
[2026-03-18T07:22:49.464+0530] {processor.py:830} INFO - Processing file /Users/vybhavswaroop/Desktop/untitled folder 3/ecommerce_platform/venv/lib/python3.11/site-packages/airflow/example_dags/example_params_trigger_ui.py for tasks to queue
[2026-03-18T07:22:49.464+0530] {logging_mixin.py:188} INFO - [2026-03-18T07:22:49.464+0530] {dagbag.py:540} INFO - Filling up the DagBag from /Users/vybhavswaroop/Desktop/untitled folder 3/ecommerce_platform/venv/lib/python3.11/site-packages/airflow/example_dags/example_params_trigger_ui.py
[2026-03-18T07:22:49.478+0530] {processor.py:840} INFO - DAG(s) 'example_params_trigger_ui' retrieved from /Users/vybhavswaroop/Desktop/untitled folder 3/ecommerce_platform/venv/lib/python3.11/site-packages/airflow/example_dags/example_params_trigger_ui.py
[2026-03-18T07:22:49.546+0530] {logging_mixin.py:188} INFO - [2026-03-18T07:22:49.546+0530] {dag.py:3047} INFO - Sync 1 DAGs
[2026-03-18T07:22:49.549+0530] {logging_mixin.py:188} INFO - [2026-03-18T07:22:49.549+0530] {dag.py:3834} INFO - Setting next_dagrun for example_params_trigger_ui to None, run_after=None
[2026-03-18T07:22:49.555+0530] {processor.py:183} INFO - Processing /Users/vybhavswaroop/Desktop/untitled folder 3/ecommerce_platform/venv/lib/python3.11/site-packages/airflow/example_dags/example_params_trigger_ui.py took 0.093 seconds
[2026-03-18T07:24:45.694+0530] {processor.py:161} INFO - Started process (PID=3488) to work on /Users/vybhavswaroop/Desktop/untitled folder 3/ecommerce_platform/venv/lib/python3.11/site-packages/airflow/example_dags/example_params_trigger_ui.py
[2026-03-18T07:24:45.695+0530] {processor.py:830} INFO - Processing file /Users/vybhavswaroop/Desktop/untitled folder 3/ecommerce_platform/venv/lib/python3.11/site-packages/airflow/example_dags/example_params_trigger_ui.py for tasks to queue
[2026-03-18T07:24:45.695+0530] {logging_mixin.py:188} INFO - [2026-03-18T07:24:45.695+0530] {dagbag.py:540} INFO - Filling up the DagBag from /Users/vybhavswaroop/Desktop/untitled folder 3/ecommerce_platform/venv/lib/python3.11/site-packages/airflow/example_dags/example_params_trigger_ui.py
[2026-03-18T07:24:45.709+0530] {processor.py:840} INFO - DAG(s) 'example_params_trigger_ui' retrieved from /Users/vybhavswaroop/Desktop/untitled folder 3/ecommerce_platform/venv/lib/python3.11/site-packages/airflow/example_dags/example_params_trigger_ui.py
[2026-03-18T07:24:45.750+0530] {logging_mixin.py:188} INFO - [2026-03-18T07:24:45.750+0530] {dag.py:3047} INFO - Sync 1 DAGs
[2026-03-18T07:24:45.753+0530] {logging_mixin.py:188} INFO - [2026-03-18T07:24:45.752+0530] {dag.py:3834} INFO - Setting next_dagrun for example_params_trigger_ui to None, run_after=None
[2026-03-18T07:24:45.759+0530] {processor.py:183} INFO - Processing /Users/vybhavswaroop/Desktop/untitled folder 3/ecommerce_platform/venv/lib/python3.11/site-packages/airflow/example_dags/example_params_trigger_ui.py took 0.066 seconds
[2026-03-18T07:27:34.394+0530] {processor.py:161} INFO - Started process (PID=3979) to work on /Users/vybhavswaroop/Desktop/untitled folder 3/ecommerce_platform/venv/lib/python3.11/site-packages/airflow/example_dags/example_params_trigger_ui.py
[2026-03-18T07:27:34.394+0530] {processor.py:830} INFO - Processing file /Users/vybhavswaroop/Desktop/untitled folder 3/ecommerce_platform/venv/lib/python3.11/site-packages/airflow/example_dags/example_params_trigger_ui.py for tasks to queue
[2026-03-18T07:27:34.395+0530] {logging_mixin.py:188} INFO - [2026-03-18T07:27:34.395+0530] {dagbag.py:540} INFO - Filling up the DagBag from /Users/vybhavswaroop/Desktop/untitled folder 3/ecommerce_platform/venv/lib/python3.11/site-packages/airflow/example_dags/example_params_trigger_ui.py
[2026-03-18T07:27:34.409+0530] {processor.py:840} INFO - DAG(s) 'example_params_trigger_ui' retrieved from /Users/vybhavswaroop/Desktop/untitled folder 3/ecommerce_platform/venv/lib/python3.11/site-packages/airflow/example_dags/example_params_trigger_ui.py
[2026-03-18T07:27:34.450+0530] {logging_mixin.py:188} INFO - [2026-03-18T07:27:34.450+0530] {dag.py:3047} INFO - Sync 1 DAGs
[2026-03-18T07:27:34.453+0530] {logging_mixin.py:188} INFO - [2026-03-18T07:27:34.453+0530] {dag.py:3834} INFO - Setting next_dagrun for example_params_trigger_ui to None, run_after=None
[2026-03-18T07:27:34.460+0530] {processor.py:183} INFO - Processing /Users/vybhavswaroop/Desktop/untitled folder 3/ecommerce_platform/venv/lib/python3.11/site-packages/airflow/example_dags/example_params_trigger_ui.py took 0.066 seconds
[2026-03-18T07:30:17.170+0530] {processor.py:161} INFO - Started process (PID=4466) to work on /Users/vybhavswaroop/Desktop/untitled folder 3/ecommerce_platform/venv/lib/python3.11/site-packages/airflow/example_dags/example_params_trigger_ui.py
[2026-03-18T07:30:17.170+0530] {processor.py:830} INFO - Processing file /Users/vybhavswaroop/Desktop/untitled folder 3/ecommerce_platform/venv/lib/python3.11/site-packages/airflow/example_dags/example_params_trigger_ui.py for tasks to queue
[2026-03-18T07:30:17.170+0530] {logging_mixin.py:188} INFO - [2026-03-18T07:30:17.170+0530] {dagbag.py:540} INFO - Filling up the DagBag from /Users/vybhavswaroop/Desktop/untitled folder 3/ecommerce_platform/venv/lib/python3.11/site-packages/airflow/example_dags/example_params_trigger_ui.py
[2026-03-18T07:30:17.184+0530] {processor.py:840} INFO - DAG(s) 'example_params_trigger_ui' retrieved from /Users/vybhavswaroop/Desktop/untitled folder 3/ecommerce_platform/venv/lib/python3.11/site-packages/airflow/example_dags/example_params_trigger_ui.py
[2026-03-18T07:30:17.224+0530] {logging_mixin.py:188} INFO - [2026-03-18T07:30:17.224+0530] {dag.py:3047} INFO - Sync 1 DAGs
[2026-03-18T07:30:17.226+0530] {logging_mixin.py:188} INFO - [2026-03-18T07:30:17.226+0530] {dag.py:3834} INFO - Setting next_dagrun for example_params_trigger_ui to None, run_after=None
[2026-03-18T07:30:17.233+0530] {processor.py:183} INFO - Processing /Users/vybhavswaroop/Desktop/untitled folder 3/ecommerce_platform/venv/lib/python3.11/site-packages/airflow/example_dags/example_params_trigger_ui.py took 0.063 seconds
[2026-03-18T07:33:03.760+0530] {processor.py:161} INFO - Started process (PID=4957) to work on /Users/vybhavswaroop/Desktop/untitled folder 3/ecommerce_platform/venv/lib/python3.11/site-packages/airflow/example_dags/example_params_trigger_ui.py
[2026-03-18T07:33:03.761+0530] {processor.py:830} INFO - Processing file /Users/vybhavswaroop/Desktop/untitled folder 3/ecommerce_platform/venv/lib/python3.11/site-packages/airflow/example_dags/example_params_trigger_ui.py for tasks to queue
[2026-03-18T07:33:03.761+0530] {logging_mixin.py:188} INFO - [2026-03-18T07:33:03.761+0530] {dagbag.py:540} INFO - Filling up the DagBag from /Users/vybhavswaroop/Desktop/untitled folder 3/ecommerce_platform/venv/lib/python3.11/site-packages/airflow/example_dags/example_params_trigger_ui.py
[2026-03-18T07:33:03.776+0530] {processor.py:840} INFO - DAG(s) 'example_params_trigger_ui' retrieved from /Users/vybhavswaroop/Desktop/untitled folder 3/ecommerce_platform/venv/lib/python3.11/site-packages/airflow/example_dags/example_params_trigger_ui.py
[2026-03-18T07:33:03.819+0530] {logging_mixin.py:188} INFO - [2026-03-18T07:33:03.819+0530] {dag.py:3047} INFO - Sync 1 DAGs
[2026-03-18T07:33:03.822+0530] {logging_mixin.py:188} INFO - [2026-03-18T07:33:03.822+0530] {dag.py:3834} INFO - Setting next_dagrun for example_params_trigger_ui to None, run_after=None
[2026-03-18T07:33:03.828+0530] {processor.py:183} INFO - Processing /Users/vybhavswaroop/Desktop/untitled folder 3/ecommerce_platform/venv/lib/python3.11/site-packages/airflow/example_dags/example_params_trigger_ui.py took 0.068 seconds
[2026-03-18T07:36:05.880+0530] {processor.py:161} INFO - Started process (PID=5542) to work on /Users/vybhavswaroop/Desktop/untitled folder 3/ecommerce_platform/venv/lib/python3.11/site-packages/airflow/example_dags/example_params_trigger_ui.py
[2026-03-18T07:36:05.882+0530] {processor.py:830} INFO - Processing file /Users/vybhavswaroop/Desktop/untitled folder 3/ecommerce_platform/venv/lib/python3.11/site-packages/airflow/example_dags/example_params_trigger_ui.py for tasks to queue
[2026-03-18T07:36:05.883+0530] {logging_mixin.py:188} INFO - [2026-03-18T07:36:05.883+0530] {dagbag.py:540} INFO - Filling up the DagBag from /Users/vybhavswaroop/Desktop/untitled folder 3/ecommerce_platform/venv/lib/python3.11/site-packages/airflow/example_dags/example_params_trigger_ui.py
[2026-03-18T07:36:05.898+0530] {processor.py:840} INFO - DAG(s) 'example_params_trigger_ui' retrieved from /Users/vybhavswaroop/Desktop/untitled folder 3/ecommerce_platform/venv/lib/python3.11/site-packages/airflow/example_dags/example_params_trigger_ui.py
[2026-03-18T07:36:05.944+0530] {logging_mixin.py:188} INFO - [2026-03-18T07:36:05.943+0530] {dag.py:3047} INFO - Sync 1 DAGs
[2026-03-18T07:36:05.947+0530] {logging_mixin.py:188} INFO - [2026-03-18T07:36:05.947+0530] {dag.py:3834} INFO - Setting next_dagrun for example_params_trigger_ui to None, run_after=None
[2026-03-18T07:36:05.955+0530] {processor.py:183} INFO - Processing /Users/vybhavswaroop/Desktop/untitled folder 3/ecommerce_platform/venv/lib/python3.11/site-packages/airflow/example_dags/example_params_trigger_ui.py took 0.075 seconds
[2026-03-18T07:39:04.196+0530] {processor.py:161} INFO - Started process (PID=6115) to work on /Users/vybhavswaroop/Desktop/untitled folder 3/ecommerce_platform/venv/lib/python3.11/site-packages/airflow/example_dags/example_params_trigger_ui.py
[2026-03-18T07:39:04.197+0530] {processor.py:830} INFO - Processing file /Users/vybhavswaroop/Desktop/untitled folder 3/ecommerce_platform/venv/lib/python3.11/site-packages/airflow/example_dags/example_params_trigger_ui.py for tasks to queue
[2026-03-18T07:39:04.198+0530] {logging_mixin.py:188} INFO - [2026-03-18T07:39:04.198+0530] {dagbag.py:540} INFO - Filling up the DagBag from /Users/vybhavswaroop/Desktop/untitled folder 3/ecommerce_platform/venv/lib/python3.11/site-packages/airflow/example_dags/example_params_trigger_ui.py
[2026-03-18T07:39:04.211+0530] {processor.py:840} INFO - DAG(s) 'example_params_trigger_ui' retrieved from /Users/vybhavswaroop/Desktop/untitled folder 3/ecommerce_platform/venv/lib/python3.11/site-packages/airflow/example_dags/example_params_trigger_ui.py
[2026-03-18T07:39:04.252+0530] {logging_mixin.py:188} INFO - [2026-03-18T07:39:04.252+0530] {dag.py:3047} INFO - Sync 1 DAGs
[2026-03-18T07:39:04.255+0530] {logging_mixin.py:188} INFO - [2026-03-18T07:39:04.255+0530] {dag.py:3834} INFO - Setting next_dagrun for example_params_trigger_ui to None, run_after=None
[2026-03-18T07:39:04.261+0530] {processor.py:183} INFO - Processing /Users/vybhavswaroop/Desktop/untitled folder 3/ecommerce_platform/venv/lib/python3.11/site-packages/airflow/example_dags/example_params_trigger_ui.py took 0.065 seconds
[2026-03-18T07:42:13.699+0530] {processor.py:161} INFO - Started process (PID=6822) to work on /Users/vybhavswaroop/Desktop/untitled folder 3/ecommerce_platform/venv/lib/python3.11/site-packages/airflow/example_dags/example_params_trigger_ui.py
[2026-03-18T07:42:13.701+0530] {processor.py:830} INFO - Processing file /Users/vybhavswaroop/Desktop/untitled folder 3/ecommerce_platform/venv/lib/python3.11/site-packages/airflow/example_dags/example_params_trigger_ui.py for tasks to queue
[2026-03-18T07:42:13.701+0530] {logging_mixin.py:188} INFO - [2026-03-18T07:42:13.701+0530] {dagbag.py:540} INFO - Filling up the DagBag from /Users/vybhavswaroop/Desktop/untitled folder 3/ecommerce_platform/venv/lib/python3.11/site-packages/airflow/example_dags/example_params_trigger_ui.py
[2026-03-18T07:42:13.715+0530] {processor.py:840} INFO - DAG(s) 'example_params_trigger_ui' retrieved from /Users/vybhavswaroop/Desktop/untitled folder 3/ecommerce_platform/venv/lib/python3.11/site-packages/airflow/example_dags/example_params_trigger_ui.py
[2026-03-18T07:42:13.757+0530] {logging_mixin.py:188} INFO - [2026-03-18T07:42:13.757+0530] {dag.py:3047} INFO - Sync 1 DAGs
[2026-03-18T07:42:13.760+0530] {logging_mixin.py:188} INFO - [2026-03-18T07:42:13.760+0530] {dag.py:3834} INFO - Setting next_dagrun for example_params_trigger_ui to None, run_after=None
[2026-03-18T07:42:13.766+0530] {processor.py:183} INFO - Processing /Users/vybhavswaroop/Desktop/untitled folder 3/ecommerce_platform/venv/lib/python3.11/site-packages/airflow/example_dags/example_params_trigger_ui.py took 0.067 seconds
[2026-03-18T07:45:13.685+0530] {processor.py:161} INFO - Started process (PID=7452) to work on /Users/vybhavswaroop/Desktop/untitled folder 3/ecommerce_platform/venv/lib/python3.11/site-packages/airflow/example_dags/example_params_trigger_ui.py
[2026-03-18T07:45:13.687+0530] {processor.py:830} INFO - Processing file /Users/vybhavswaroop/Desktop/untitled folder 3/ecommerce_platform/venv/lib/python3.11/site-packages/airflow/example_dags/example_params_trigger_ui.py for tasks to queue
[2026-03-18T07:45:13.687+0530] {logging_mixin.py:188} INFO - [2026-03-18T07:45:13.687+0530] {dagbag.py:540} INFO - Filling up the DagBag from /Users/vybhavswaroop/Desktop/untitled folder 3/ecommerce_platform/venv/lib/python3.11/site-packages/airflow/example_dags/example_params_trigger_ui.py
[2026-03-18T07:45:13.702+0530] {processor.py:840} INFO - DAG(s) 'example_params_trigger_ui' retrieved from /Users/vybhavswaroop/Desktop/untitled folder 3/ecommerce_platform/venv/lib/python3.11/site-packages/airflow/example_dags/example_params_trigger_ui.py
[2026-03-18T07:45:13.744+0530] {logging_mixin.py:188} INFO - [2026-03-18T07:45:13.744+0530] {dag.py:3047} INFO - Sync 1 DAGs
[2026-03-18T07:45:13.747+0530] {logging_mixin.py:188} INFO - [2026-03-18T07:45:13.747+0530] {dag.py:3834} INFO - Setting next_dagrun for example_params_trigger_ui to None, run_after=None
[2026-03-18T07:45:13.752+0530] {processor.py:183} INFO - Processing /Users/vybhavswaroop/Desktop/untitled folder 3/ecommerce_platform/venv/lib/python3.11/site-packages/airflow/example_dags/example_params_trigger_ui.py took 0.067 seconds
[2026-03-18T07:47:58.020+0530] {processor.py:161} INFO - Started process (PID=8043) to work on /Users/vybhavswaroop/Desktop/untitled folder 3/ecommerce_platform/venv/lib/python3.11/site-packages/airflow/example_dags/example_params_trigger_ui.py
[2026-03-18T07:47:58.021+0530] {processor.py:830} INFO - Processing file /Users/vybhavswaroop/Desktop/untitled folder 3/ecommerce_platform/venv/lib/python3.11/site-packages/airflow/example_dags/example_params_trigger_ui.py for tasks to queue
[2026-03-18T07:47:58.021+0530] {logging_mixin.py:188} INFO - [2026-03-18T07:47:58.021+0530] {dagbag.py:540} INFO - Filling up the DagBag from /Users/vybhavswaroop/Desktop/untitled folder 3/ecommerce_platform/venv/lib/python3.11/site-packages/airflow/example_dags/example_params_trigger_ui.py
[2026-03-18T07:47:58.037+0530] {processor.py:840} INFO - DAG(s) 'example_params_trigger_ui' retrieved from /Users/vybhavswaroop/Desktop/untitled folder 3/ecommerce_platform/venv/lib/python3.11/site-packages/airflow/example_dags/example_params_trigger_ui.py
[2026-03-18T07:47:58.079+0530] {logging_mixin.py:188} INFO - [2026-03-18T07:47:58.079+0530] {dag.py:3047} INFO - Sync 1 DAGs
[2026-03-18T07:47:58.082+0530] {logging_mixin.py:188} INFO - [2026-03-18T07:47:58.082+0530] {dag.py:3834} INFO - Setting next_dagrun for example_params_trigger_ui to None, run_after=None
[2026-03-18T07:47:58.088+0530] {processor.py:183} INFO - Processing /Users/vybhavswaroop/Desktop/untitled folder 3/ecommerce_platform/venv/lib/python3.11/site-packages/airflow/example_dags/example_params_trigger_ui.py took 0.069 seconds
[2026-03-18T07:50:51.903+0530] {processor.py:161} INFO - Started process (PID=8957) to work on /Users/vybhavswaroop/Desktop/untitled folder 3/ecommerce_platform/venv/lib/python3.11/site-packages/airflow/example_dags/example_params_trigger_ui.py
[2026-03-18T07:50:51.904+0530] {processor.py:830} INFO - Processing file /Users/vybhavswaroop/Desktop/untitled folder 3/ecommerce_platform/venv/lib/python3.11/site-packages/airflow/example_dags/example_params_trigger_ui.py for tasks to queue
[2026-03-18T07:50:51.904+0530] {logging_mixin.py:188} INFO - [2026-03-18T07:50:51.904+0530] {dagbag.py:540} INFO - Filling up the DagBag from /Users/vybhavswaroop/Desktop/untitled folder 3/ecommerce_platform/venv/lib/python3.11/site-packages/airflow/example_dags/example_params_trigger_ui.py
[2026-03-18T07:50:51.919+0530] {processor.py:840} INFO - DAG(s) 'example_params_trigger_ui' retrieved from /Users/vybhavswaroop/Desktop/untitled folder 3/ecommerce_platform/venv/lib/python3.11/site-packages/airflow/example_dags/example_params_trigger_ui.py
[2026-03-18T07:50:51.961+0530] {logging_mixin.py:188} INFO - [2026-03-18T07:50:51.960+0530] {dag.py:3047} INFO - Sync 1 DAGs
[2026-03-18T07:50:51.963+0530] {logging_mixin.py:188} INFO - [2026-03-18T07:50:51.963+0530] {dag.py:3834} INFO - Setting next_dagrun for example_params_trigger_ui to None, run_after=None
[2026-03-18T07:50:51.969+0530] {processor.py:183} INFO - Processing /Users/vybhavswaroop/Desktop/untitled folder 3/ecommerce_platform/venv/lib/python3.11/site-packages/airflow/example_dags/example_params_trigger_ui.py took 0.066 seconds
[2026-03-18T07:53:53.736+0530] {processor.py:161} INFO - Started process (PID=10902) to work on /Users/vybhavswaroop/Desktop/untitled folder 3/ecommerce_platform/venv/lib/python3.11/site-packages/airflow/example_dags/example_params_trigger_ui.py
[2026-03-18T07:53:53.737+0530] {processor.py:830} INFO - Processing file /Users/vybhavswaroop/Desktop/untitled folder 3/ecommerce_platform/venv/lib/python3.11/site-packages/airflow/example_dags/example_params_trigger_ui.py for tasks to queue
[2026-03-18T07:53:53.737+0530] {logging_mixin.py:188} INFO - [2026-03-18T07:53:53.737+0530] {dagbag.py:540} INFO - Filling up the DagBag from /Users/vybhavswaroop/Desktop/untitled folder 3/ecommerce_platform/venv/lib/python3.11/site-packages/airflow/example_dags/example_params_trigger_ui.py
[2026-03-18T07:53:53.752+0530] {processor.py:840} INFO - DAG(s) 'example_params_trigger_ui' retrieved from /Users/vybhavswaroop/Desktop/untitled folder 3/ecommerce_platform/venv/lib/python3.11/site-packages/airflow/example_dags/example_params_trigger_ui.py
[2026-03-18T07:53:53.819+0530] {logging_mixin.py:188} INFO - [2026-03-18T07:53:53.819+0530] {dag.py:3047} INFO - Sync 1 DAGs
[2026-03-18T07:53:53.822+0530] {logging_mixin.py:188} INFO - [2026-03-18T07:53:53.821+0530] {dag.py:3834} INFO - Setting next_dagrun for example_params_trigger_ui to None, run_after=None
[2026-03-18T07:53:53.827+0530] {processor.py:183} INFO - Processing /Users/vybhavswaroop/Desktop/untitled folder 3/ecommerce_platform/venv/lib/python3.11/site-packages/airflow/example_dags/example_params_trigger_ui.py took 0.091 seconds
[2026-03-18T07:55:57.801+0530] {processor.py:161} INFO - Started process (PID=11264) to work on /Users/vybhavswaroop/Desktop/untitled folder 3/ecommerce_platform/venv/lib/python3.11/site-packages/airflow/example_dags/example_params_trigger_ui.py
[2026-03-18T07:55:57.802+0530] {processor.py:830} INFO - Processing file /Users/vybhavswaroop/Desktop/untitled folder 3/ecommerce_platform/venv/lib/python3.11/site-packages/airflow/example_dags/example_params_trigger_ui.py for tasks to queue
[2026-03-18T07:55:57.802+0530] {logging_mixin.py:188} INFO - [2026-03-18T07:55:57.802+0530] {dagbag.py:540} INFO - Filling up the DagBag from /Users/vybhavswaroop/Desktop/untitled folder 3/ecommerce_platform/venv/lib/python3.11/site-packages/airflow/example_dags/example_params_trigger_ui.py
[2026-03-18T07:55:57.816+0530] {processor.py:840} INFO - DAG(s) 'example_params_trigger_ui' retrieved from /Users/vybhavswaroop/Desktop/untitled folder 3/ecommerce_platform/venv/lib/python3.11/site-packages/airflow/example_dags/example_params_trigger_ui.py
[2026-03-18T07:55:57.857+0530] {logging_mixin.py:188} INFO - [2026-03-18T07:55:57.857+0530] {dag.py:3047} INFO - Sync 1 DAGs
[2026-03-18T07:55:57.860+0530] {logging_mixin.py:188} INFO - [2026-03-18T07:55:57.860+0530] {dag.py:3834} INFO - Setting next_dagrun for example_params_trigger_ui to None, run_after=None
[2026-03-18T07:55:57.865+0530] {processor.py:183} INFO - Processing /Users/vybhavswaroop/Desktop/untitled folder 3/ecommerce_platform/venv/lib/python3.11/site-packages/airflow/example_dags/example_params_trigger_ui.py took 0.065 seconds
[2026-03-18T07:58:50.718+0530] {processor.py:161} INFO - Started process (PID=11770) to work on /Users/vybhavswaroop/Desktop/untitled folder 3/ecommerce_platform/venv/lib/python3.11/site-packages/airflow/example_dags/example_params_trigger_ui.py
[2026-03-18T07:58:50.719+0530] {processor.py:830} INFO - Processing file /Users/vybhavswaroop/Desktop/untitled folder 3/ecommerce_platform/venv/lib/python3.11/site-packages/airflow/example_dags/example_params_trigger_ui.py for tasks to queue
[2026-03-18T07:58:50.719+0530] {logging_mixin.py:188} INFO - [2026-03-18T07:58:50.719+0530] {dagbag.py:540} INFO - Filling up the DagBag from /Users/vybhavswaroop/Desktop/untitled folder 3/ecommerce_platform/venv/lib/python3.11/site-packages/airflow/example_dags/example_params_trigger_ui.py
[2026-03-18T07:58:50.733+0530] {processor.py:840} INFO - DAG(s) 'example_params_trigger_ui' retrieved from /Users/vybhavswaroop/Desktop/untitled folder 3/ecommerce_platform/venv/lib/python3.11/site-packages/airflow/example_dags/example_params_trigger_ui.py
[2026-03-18T07:58:50.774+0530] {logging_mixin.py:188} INFO - [2026-03-18T07:58:50.774+0530] {dag.py:3047} INFO - Sync 1 DAGs
[2026-03-18T07:58:50.777+0530] {logging_mixin.py:188} INFO - [2026-03-18T07:58:50.776+0530] {dag.py:3834} INFO - Setting next_dagrun for example_params_trigger_ui to None, run_after=None
[2026-03-18T07:58:50.782+0530] {processor.py:183} INFO - Processing /Users/vybhavswaroop/Desktop/untitled folder 3/ecommerce_platform/venv/lib/python3.11/site-packages/airflow/example_dags/example_params_trigger_ui.py took 0.064 seconds
