[2026-03-18T07:19:06.818+0530] {processor.py:161} INFO - Started process (PID=98495) to work on /Users/vybhavswaroop/Desktop/untitled folder 3/ecommerce_platform/venv/lib/python3.11/site-packages/airflow/example_dags/example_dynamic_task_mapping.py
[2026-03-18T07:19:06.819+0530] {processor.py:830} INFO - Processing file /Users/vybhavswaroop/Desktop/untitled folder 3/ecommerce_platform/venv/lib/python3.11/site-packages/airflow/example_dags/example_dynamic_task_mapping.py for tasks to queue
[2026-03-18T07:19:06.819+0530] {logging_mixin.py:188} INFO - [2026-03-18T07:19:06.819+0530] {dagbag.py:540} INFO - Filling up the DagBag from /Users/vybhavswaroop/Desktop/untitled folder 3/ecommerce_platform/venv/lib/python3.11/site-packages/airflow/example_dags/example_dynamic_task_mapping.py
[2026-03-18T07:19:06.832+0530] {processor.py:840} INFO - DAG(s) 'example_dynamic_task_mapping' retrieved from /Users/vybhavswaroop/Desktop/untitled folder 3/ecommerce_platform/venv/lib/python3.11/site-packages/airflow/example_dags/example_dynamic_task_mapping.py
[2026-03-18T07:19:06.870+0530] {logging_mixin.py:188} INFO - [2026-03-18T07:19:06.870+0530] {dag.py:3047} INFO - Sync 1 DAGs
[2026-03-18T07:19:06.876+0530] {logging_mixin.py:188} INFO - [2026-03-18T07:19:06.875+0530] {dag.py:3834} INFO - Setting next_dagrun for example_dynamic_task_mapping to 2022-03-04 00:00:00+00:00, run_after=2022-03-05 00:00:00+00:00
[2026-03-18T07:19:06.882+0530] {processor.py:183} INFO - Processing /Users/vybhavswaroop/Desktop/untitled folder 3/ecommerce_platform/venv/lib/python3.11/site-packages/airflow/example_dags/example_dynamic_task_mapping.py took 0.065 seconds
[2026-03-18T07:23:09.884+0530] {processor.py:161} INFO - Started process (PID=3192) to work on /Users/vybhavswaroop/Desktop/untitled folder 3/ecommerce_platform/venv/lib/python3.11/site-packages/airflow/example_dags/example_dynamic_task_mapping.py
[2026-03-18T07:23:09.886+0530] {processor.py:830} INFO - Processing file /Users/vybhavswaroop/Desktop/untitled folder 3/ecommerce_platform/venv/lib/python3.11/site-packages/airflow/example_dags/example_dynamic_task_mapping.py for tasks to queue
[2026-03-18T07:23:09.886+0530] {logging_mixin.py:188} INFO - [2026-03-18T07:23:09.886+0530] {dagbag.py:540} INFO - Filling up the DagBag from /Users/vybhavswaroop/Desktop/untitled folder 3/ecommerce_platform/venv/lib/python3.11/site-packages/airflow/example_dags/example_dynamic_task_mapping.py
[2026-03-18T07:23:09.899+0530] {processor.py:840} INFO - DAG(s) 'example_dynamic_task_mapping' retrieved from /Users/vybhavswaroop/Desktop/untitled folder 3/ecommerce_platform/venv/lib/python3.11/site-packages/airflow/example_dags/example_dynamic_task_mapping.py
[2026-03-18T07:23:09.959+0530] {logging_mixin.py:188} INFO - [2026-03-18T07:23:09.959+0530] {dag.py:3047} INFO - Sync 1 DAGs
[2026-03-18T07:23:09.964+0530] {logging_mixin.py:188} INFO - [2026-03-18T07:23:09.964+0530] {dag.py:3834} INFO - Setting next_dagrun for example_dynamic_task_mapping to 2022-03-04 00:00:00+00:00, run_after=2022-03-05 00:00:00+00:00
[2026-03-18T07:23:09.970+0530] {processor.py:183} INFO - Processing /Users/vybhavswaroop/Desktop/untitled folder 3/ecommerce_platform/venv/lib/python3.11/site-packages/airflow/example_dags/example_dynamic_task_mapping.py took 0.086 seconds
[2026-03-18T07:26:00.286+0530] {processor.py:161} INFO - Started process (PID=3705) to work on /Users/vybhavswaroop/Desktop/untitled folder 3/ecommerce_platform/venv/lib/python3.11/site-packages/airflow/example_dags/example_dynamic_task_mapping.py
[2026-03-18T07:26:00.287+0530] {processor.py:830} INFO - Processing file /Users/vybhavswaroop/Desktop/untitled folder 3/ecommerce_platform/venv/lib/python3.11/site-packages/airflow/example_dags/example_dynamic_task_mapping.py for tasks to queue
[2026-03-18T07:26:00.287+0530] {logging_mixin.py:188} INFO - [2026-03-18T07:26:00.287+0530] {dagbag.py:540} INFO - Filling up the DagBag from /Users/vybhavswaroop/Desktop/untitled folder 3/ecommerce_platform/venv/lib/python3.11/site-packages/airflow/example_dags/example_dynamic_task_mapping.py
[2026-03-18T07:26:00.299+0530] {processor.py:840} INFO - DAG(s) 'example_dynamic_task_mapping' retrieved from /Users/vybhavswaroop/Desktop/untitled folder 3/ecommerce_platform/venv/lib/python3.11/site-packages/airflow/example_dags/example_dynamic_task_mapping.py
[2026-03-18T07:26:00.333+0530] {logging_mixin.py:188} INFO - [2026-03-18T07:26:00.333+0530] {dag.py:3047} INFO - Sync 1 DAGs
[2026-03-18T07:26:00.338+0530] {logging_mixin.py:188} INFO - [2026-03-18T07:26:00.338+0530] {dag.py:3834} INFO - Setting next_dagrun for example_dynamic_task_mapping to 2022-03-04 00:00:00+00:00, run_after=2022-03-05 00:00:00+00:00
[2026-03-18T07:26:00.344+0530] {processor.py:183} INFO - Processing /Users/vybhavswaroop/Desktop/untitled folder 3/ecommerce_platform/venv/lib/python3.11/site-packages/airflow/example_dags/example_dynamic_task_mapping.py took 0.058 seconds
[2026-03-18T07:28:44.742+0530] {processor.py:161} INFO - Started process (PID=4193) to work on /Users/vybhavswaroop/Desktop/untitled folder 3/ecommerce_platform/venv/lib/python3.11/site-packages/airflow/example_dags/example_dynamic_task_mapping.py
[2026-03-18T07:28:44.742+0530] {processor.py:830} INFO - Processing file /Users/vybhavswaroop/Desktop/untitled folder 3/ecommerce_platform/venv/lib/python3.11/site-packages/airflow/example_dags/example_dynamic_task_mapping.py for tasks to queue
[2026-03-18T07:28:44.742+0530] {logging_mixin.py:188} INFO - [2026-03-18T07:28:44.742+0530] {dagbag.py:540} INFO - Filling up the DagBag from /Users/vybhavswaroop/Desktop/untitled folder 3/ecommerce_platform/venv/lib/python3.11/site-packages/airflow/example_dags/example_dynamic_task_mapping.py
[2026-03-18T07:28:44.754+0530] {processor.py:840} INFO - DAG(s) 'example_dynamic_task_mapping' retrieved from /Users/vybhavswaroop/Desktop/untitled folder 3/ecommerce_platform/venv/lib/python3.11/site-packages/airflow/example_dags/example_dynamic_task_mapping.py
[2026-03-18T07:28:44.788+0530] {logging_mixin.py:188} INFO - [2026-03-18T07:28:44.788+0530] {dag.py:3047} INFO - Sync 1 DAGs
[2026-03-18T07:28:44.792+0530] {logging_mixin.py:188} INFO - [2026-03-18T07:28:44.792+0530] {dag.py:3834} INFO - Setting next_dagrun for example_dynamic_task_mapping to 2022-03-04 00:00:00+00:00, run_after=2022-03-05 00:00:00+00:00
[2026-03-18T07:28:44.798+0530] {processor.py:183} INFO - Processing /Users/vybhavswaroop/Desktop/untitled folder 3/ecommerce_platform/venv/lib/python3.11/site-packages/airflow/example_dags/example_dynamic_task_mapping.py took 0.057 seconds
[2026-03-18T07:31:29.242+0530] {processor.py:161} INFO - Started process (PID=4681) to work on /Users/vybhavswaroop/Desktop/untitled folder 3/ecommerce_platform/venv/lib/python3.11/site-packages/airflow/example_dags/example_dynamic_task_mapping.py
[2026-03-18T07:31:29.242+0530] {processor.py:830} INFO - Processing file /Users/vybhavswaroop/Desktop/untitled folder 3/ecommerce_platform/venv/lib/python3.11/site-packages/airflow/example_dags/example_dynamic_task_mapping.py for tasks to queue
[2026-03-18T07:31:29.242+0530] {logging_mixin.py:188} INFO - [2026-03-18T07:31:29.242+0530] {dagbag.py:540} INFO - Filling up the DagBag from /Users/vybhavswaroop/Desktop/untitled folder 3/ecommerce_platform/venv/lib/python3.11/site-packages/airflow/example_dags/example_dynamic_task_mapping.py
[2026-03-18T07:31:29.255+0530] {processor.py:840} INFO - DAG(s) 'example_dynamic_task_mapping' retrieved from /Users/vybhavswaroop/Desktop/untitled folder 3/ecommerce_platform/venv/lib/python3.11/site-packages/airflow/example_dags/example_dynamic_task_mapping.py
[2026-03-18T07:31:29.289+0530] {logging_mixin.py:188} INFO - [2026-03-18T07:31:29.289+0530] {dag.py:3047} INFO - Sync 1 DAGs
[2026-03-18T07:31:29.294+0530] {logging_mixin.py:188} INFO - [2026-03-18T07:31:29.294+0530] {dag.py:3834} INFO - Setting next_dagrun for example_dynamic_task_mapping to 2022-03-04 00:00:00+00:00, run_after=2022-03-05 00:00:00+00:00
[2026-03-18T07:31:29.300+0530] {processor.py:183} INFO - Processing /Users/vybhavswaroop/Desktop/untitled folder 3/ecommerce_platform/venv/lib/python3.11/site-packages/airflow/example_dags/example_dynamic_task_mapping.py took 0.058 seconds
[2026-03-18T07:34:20.053+0530] {processor.py:161} INFO - Started process (PID=5187) to work on /Users/vybhavswaroop/Desktop/untitled folder 3/ecommerce_platform/venv/lib/python3.11/site-packages/airflow/example_dags/example_dynamic_task_mapping.py
[2026-03-18T07:34:20.054+0530] {processor.py:830} INFO - Processing file /Users/vybhavswaroop/Desktop/untitled folder 3/ecommerce_platform/venv/lib/python3.11/site-packages/airflow/example_dags/example_dynamic_task_mapping.py for tasks to queue
[2026-03-18T07:34:20.054+0530] {logging_mixin.py:188} INFO - [2026-03-18T07:34:20.054+0530] {dagbag.py:540} INFO - Filling up the DagBag from /Users/vybhavswaroop/Desktop/untitled folder 3/ecommerce_platform/venv/lib/python3.11/site-packages/airflow/example_dags/example_dynamic_task_mapping.py
[2026-03-18T07:34:20.067+0530] {processor.py:840} INFO - DAG(s) 'example_dynamic_task_mapping' retrieved from /Users/vybhavswaroop/Desktop/untitled folder 3/ecommerce_platform/venv/lib/python3.11/site-packages/airflow/example_dags/example_dynamic_task_mapping.py
[2026-03-18T07:34:20.105+0530] {logging_mixin.py:188} INFO - [2026-03-18T07:34:20.105+0530] {dag.py:3047} INFO - Sync 1 DAGs
[2026-03-18T07:34:20.112+0530] {logging_mixin.py:188} INFO - [2026-03-18T07:34:20.112+0530] {dag.py:3834} INFO - Setting next_dagrun for example_dynamic_task_mapping to 2022-03-04 00:00:00+00:00, run_after=2022-03-05 00:00:00+00:00
[2026-03-18T07:34:20.118+0530] {processor.py:183} INFO - Processing /Users/vybhavswaroop/Desktop/untitled folder 3/ecommerce_platform/venv/lib/python3.11/site-packages/airflow/example_dags/example_dynamic_task_mapping.py took 0.065 seconds
[2026-03-18T07:37:26.647+0530] {processor.py:161} INFO - Started process (PID=5779) to work on /Users/vybhavswaroop/Desktop/untitled folder 3/ecommerce_platform/venv/lib/python3.11/site-packages/airflow/example_dags/example_dynamic_task_mapping.py
[2026-03-18T07:37:26.648+0530] {processor.py:830} INFO - Processing file /Users/vybhavswaroop/Desktop/untitled folder 3/ecommerce_platform/venv/lib/python3.11/site-packages/airflow/example_dags/example_dynamic_task_mapping.py for tasks to queue
[2026-03-18T07:37:26.648+0530] {logging_mixin.py:188} INFO - [2026-03-18T07:37:26.648+0530] {dagbag.py:540} INFO - Filling up the DagBag from /Users/vybhavswaroop/Desktop/untitled folder 3/ecommerce_platform/venv/lib/python3.11/site-packages/airflow/example_dags/example_dynamic_task_mapping.py
[2026-03-18T07:37:26.660+0530] {processor.py:840} INFO - DAG(s) 'example_dynamic_task_mapping' retrieved from /Users/vybhavswaroop/Desktop/untitled folder 3/ecommerce_platform/venv/lib/python3.11/site-packages/airflow/example_dags/example_dynamic_task_mapping.py
[2026-03-18T07:37:26.694+0530] {logging_mixin.py:188} INFO - [2026-03-18T07:37:26.694+0530] {dag.py:3047} INFO - Sync 1 DAGs
[2026-03-18T07:37:26.699+0530] {logging_mixin.py:188} INFO - [2026-03-18T07:37:26.699+0530] {dag.py:3834} INFO - Setting next_dagrun for example_dynamic_task_mapping to 2022-03-04 00:00:00+00:00, run_after=2022-03-05 00:00:00+00:00
[2026-03-18T07:37:26.705+0530] {processor.py:183} INFO - Processing /Users/vybhavswaroop/Desktop/untitled folder 3/ecommerce_platform/venv/lib/python3.11/site-packages/airflow/example_dags/example_dynamic_task_mapping.py took 0.059 seconds
[2026-03-18T07:40:24.851+0530] {processor.py:161} INFO - Started process (PID=6403) to work on /Users/vybhavswaroop/Desktop/untitled folder 3/ecommerce_platform/venv/lib/python3.11/site-packages/airflow/example_dags/example_dynamic_task_mapping.py
[2026-03-18T07:40:24.852+0530] {processor.py:830} INFO - Processing file /Users/vybhavswaroop/Desktop/untitled folder 3/ecommerce_platform/venv/lib/python3.11/site-packages/airflow/example_dags/example_dynamic_task_mapping.py for tasks to queue
[2026-03-18T07:40:24.852+0530] {logging_mixin.py:188} INFO - [2026-03-18T07:40:24.852+0530] {dagbag.py:540} INFO - Filling up the DagBag from /Users/vybhavswaroop/Desktop/untitled folder 3/ecommerce_platform/venv/lib/python3.11/site-packages/airflow/example_dags/example_dynamic_task_mapping.py
[2026-03-18T07:40:24.865+0530] {processor.py:840} INFO - DAG(s) 'example_dynamic_task_mapping' retrieved from /Users/vybhavswaroop/Desktop/untitled folder 3/ecommerce_platform/venv/lib/python3.11/site-packages/airflow/example_dags/example_dynamic_task_mapping.py
[2026-03-18T07:40:24.899+0530] {logging_mixin.py:188} INFO - [2026-03-18T07:40:24.899+0530] {dag.py:3047} INFO - Sync 1 DAGs
[2026-03-18T07:40:24.904+0530] {logging_mixin.py:188} INFO - [2026-03-18T07:40:24.904+0530] {dag.py:3834} INFO - Setting next_dagrun for example_dynamic_task_mapping to 2022-03-04 00:00:00+00:00, run_after=2022-03-05 00:00:00+00:00
[2026-03-18T07:40:24.910+0530] {processor.py:183} INFO - Processing /Users/vybhavswaroop/Desktop/untitled folder 3/ecommerce_platform/venv/lib/python3.11/site-packages/airflow/example_dags/example_dynamic_task_mapping.py took 0.059 seconds
[2026-03-18T07:43:39.991+0530] {processor.py:161} INFO - Started process (PID=7116) to work on /Users/vybhavswaroop/Desktop/untitled folder 3/ecommerce_platform/venv/lib/python3.11/site-packages/airflow/example_dags/example_dynamic_task_mapping.py
[2026-03-18T07:43:39.992+0530] {processor.py:830} INFO - Processing file /Users/vybhavswaroop/Desktop/untitled folder 3/ecommerce_platform/venv/lib/python3.11/site-packages/airflow/example_dags/example_dynamic_task_mapping.py for tasks to queue
[2026-03-18T07:43:39.993+0530] {logging_mixin.py:188} INFO - [2026-03-18T07:43:39.993+0530] {dagbag.py:540} INFO - Filling up the DagBag from /Users/vybhavswaroop/Desktop/untitled folder 3/ecommerce_platform/venv/lib/python3.11/site-packages/airflow/example_dags/example_dynamic_task_mapping.py
[2026-03-18T07:43:40.006+0530] {processor.py:840} INFO - DAG(s) 'example_dynamic_task_mapping' retrieved from /Users/vybhavswaroop/Desktop/untitled folder 3/ecommerce_platform/venv/lib/python3.11/site-packages/airflow/example_dags/example_dynamic_task_mapping.py
[2026-03-18T07:43:40.041+0530] {logging_mixin.py:188} INFO - [2026-03-18T07:43:40.041+0530] {dag.py:3047} INFO - Sync 1 DAGs
[2026-03-18T07:43:40.047+0530] {logging_mixin.py:188} INFO - [2026-03-18T07:43:40.046+0530] {dag.py:3834} INFO - Setting next_dagrun for example_dynamic_task_mapping to 2022-03-04 00:00:00+00:00, run_after=2022-03-05 00:00:00+00:00
[2026-03-18T07:43:40.052+0530] {processor.py:183} INFO - Processing /Users/vybhavswaroop/Desktop/untitled folder 3/ecommerce_platform/venv/lib/python3.11/site-packages/airflow/example_dags/example_dynamic_task_mapping.py took 0.061 seconds
[2026-03-18T07:46:29.588+0530] {processor.py:161} INFO - Started process (PID=7699) to work on /Users/vybhavswaroop/Desktop/untitled folder 3/ecommerce_platform/venv/lib/python3.11/site-packages/airflow/example_dags/example_dynamic_task_mapping.py
[2026-03-18T07:46:29.589+0530] {processor.py:830} INFO - Processing file /Users/vybhavswaroop/Desktop/untitled folder 3/ecommerce_platform/venv/lib/python3.11/site-packages/airflow/example_dags/example_dynamic_task_mapping.py for tasks to queue
[2026-03-18T07:46:29.589+0530] {logging_mixin.py:188} INFO - [2026-03-18T07:46:29.589+0530] {dagbag.py:540} INFO - Filling up the DagBag from /Users/vybhavswaroop/Desktop/untitled folder 3/ecommerce_platform/venv/lib/python3.11/site-packages/airflow/example_dags/example_dynamic_task_mapping.py
[2026-03-18T07:46:29.602+0530] {processor.py:840} INFO - DAG(s) 'example_dynamic_task_mapping' retrieved from /Users/vybhavswaroop/Desktop/untitled folder 3/ecommerce_platform/venv/lib/python3.11/site-packages/airflow/example_dags/example_dynamic_task_mapping.py
[2026-03-18T07:46:29.637+0530] {logging_mixin.py:188} INFO - [2026-03-18T07:46:29.637+0530] {dag.py:3047} INFO - Sync 1 DAGs
[2026-03-18T07:46:29.642+0530] {logging_mixin.py:188} INFO - [2026-03-18T07:46:29.642+0530] {dag.py:3834} INFO - Setting next_dagrun for example_dynamic_task_mapping to 2022-03-04 00:00:00+00:00, run_after=2022-03-05 00:00:00+00:00
[2026-03-18T07:46:29.647+0530] {processor.py:183} INFO - Processing /Users/vybhavswaroop/Desktop/untitled folder 3/ecommerce_platform/venv/lib/python3.11/site-packages/airflow/example_dags/example_dynamic_task_mapping.py took 0.060 seconds
[2026-03-18T07:49:14.399+0530] {processor.py:161} INFO - Started process (PID=8326) to work on /Users/vybhavswaroop/Desktop/untitled folder 3/ecommerce_platform/venv/lib/python3.11/site-packages/airflow/example_dags/example_dynamic_task_mapping.py
[2026-03-18T07:49:14.400+0530] {processor.py:830} INFO - Processing file /Users/vybhavswaroop/Desktop/untitled folder 3/ecommerce_platform/venv/lib/python3.11/site-packages/airflow/example_dags/example_dynamic_task_mapping.py for tasks to queue
[2026-03-18T07:49:14.400+0530] {logging_mixin.py:188} INFO - [2026-03-18T07:49:14.400+0530] {dagbag.py:540} INFO - Filling up the DagBag from /Users/vybhavswaroop/Desktop/untitled folder 3/ecommerce_platform/venv/lib/python3.11/site-packages/airflow/example_dags/example_dynamic_task_mapping.py
[2026-03-18T07:49:14.413+0530] {processor.py:840} INFO - DAG(s) 'example_dynamic_task_mapping' retrieved from /Users/vybhavswaroop/Desktop/untitled folder 3/ecommerce_platform/venv/lib/python3.11/site-packages/airflow/example_dags/example_dynamic_task_mapping.py
[2026-03-18T07:49:14.448+0530] {logging_mixin.py:188} INFO - [2026-03-18T07:49:14.447+0530] {dag.py:3047} INFO - Sync 1 DAGs
[2026-03-18T07:49:14.453+0530] {logging_mixin.py:188} INFO - [2026-03-18T07:49:14.453+0530] {dag.py:3834} INFO - Setting next_dagrun for example_dynamic_task_mapping to 2022-03-04 00:00:00+00:00, run_after=2022-03-05 00:00:00+00:00
[2026-03-18T07:49:14.458+0530] {processor.py:183} INFO - Processing /Users/vybhavswaroop/Desktop/untitled folder 3/ecommerce_platform/venv/lib/python3.11/site-packages/airflow/example_dags/example_dynamic_task_mapping.py took 0.059 seconds
[2026-03-18T07:52:08.236+0530] {processor.py:161} INFO - Started process (PID=10075) to work on /Users/vybhavswaroop/Desktop/untitled folder 3/ecommerce_platform/venv/lib/python3.11/site-packages/airflow/example_dags/example_dynamic_task_mapping.py
[2026-03-18T07:52:08.238+0530] {processor.py:830} INFO - Processing file /Users/vybhavswaroop/Desktop/untitled folder 3/ecommerce_platform/venv/lib/python3.11/site-packages/airflow/example_dags/example_dynamic_task_mapping.py for tasks to queue
[2026-03-18T07:52:08.238+0530] {logging_mixin.py:188} INFO - [2026-03-18T07:52:08.238+0530] {dagbag.py:540} INFO - Filling up the DagBag from /Users/vybhavswaroop/Desktop/untitled folder 3/ecommerce_platform/venv/lib/python3.11/site-packages/airflow/example_dags/example_dynamic_task_mapping.py
[2026-03-18T07:52:08.250+0530] {processor.py:840} INFO - DAG(s) 'example_dynamic_task_mapping' retrieved from /Users/vybhavswaroop/Desktop/untitled folder 3/ecommerce_platform/venv/lib/python3.11/site-packages/airflow/example_dags/example_dynamic_task_mapping.py
[2026-03-18T07:52:08.286+0530] {logging_mixin.py:188} INFO - [2026-03-18T07:52:08.286+0530] {dag.py:3047} INFO - Sync 1 DAGs
[2026-03-18T07:52:08.291+0530] {logging_mixin.py:188} INFO - [2026-03-18T07:52:08.291+0530] {dag.py:3834} INFO - Setting next_dagrun for example_dynamic_task_mapping to 2022-03-04 00:00:00+00:00, run_after=2022-03-05 00:00:00+00:00
[2026-03-18T07:52:08.297+0530] {processor.py:183} INFO - Processing /Users/vybhavswaroop/Desktop/untitled folder 3/ecommerce_platform/venv/lib/python3.11/site-packages/airflow/example_dags/example_dynamic_task_mapping.py took 0.061 seconds
[2026-03-18T07:54:14.651+0530] {processor.py:161} INFO - Started process (PID=10965) to work on /Users/vybhavswaroop/Desktop/untitled folder 3/ecommerce_platform/venv/lib/python3.11/site-packages/airflow/example_dags/example_dynamic_task_mapping.py
[2026-03-18T07:54:14.652+0530] {processor.py:830} INFO - Processing file /Users/vybhavswaroop/Desktop/untitled folder 3/ecommerce_platform/venv/lib/python3.11/site-packages/airflow/example_dags/example_dynamic_task_mapping.py for tasks to queue
[2026-03-18T07:54:14.652+0530] {logging_mixin.py:188} INFO - [2026-03-18T07:54:14.652+0530] {dagbag.py:540} INFO - Filling up the DagBag from /Users/vybhavswaroop/Desktop/untitled folder 3/ecommerce_platform/venv/lib/python3.11/site-packages/airflow/example_dags/example_dynamic_task_mapping.py
[2026-03-18T07:54:14.664+0530] {processor.py:840} INFO - DAG(s) 'example_dynamic_task_mapping' retrieved from /Users/vybhavswaroop/Desktop/untitled folder 3/ecommerce_platform/venv/lib/python3.11/site-packages/airflow/example_dags/example_dynamic_task_mapping.py
[2026-03-18T07:54:14.722+0530] {logging_mixin.py:188} INFO - [2026-03-18T07:54:14.722+0530] {dag.py:3047} INFO - Sync 1 DAGs
[2026-03-18T07:54:14.727+0530] {logging_mixin.py:188} INFO - [2026-03-18T07:54:14.727+0530] {dag.py:3834} INFO - Setting next_dagrun for example_dynamic_task_mapping to 2022-03-04 00:00:00+00:00, run_after=2022-03-05 00:00:00+00:00
[2026-03-18T07:54:14.732+0530] {processor.py:183} INFO - Processing /Users/vybhavswaroop/Desktop/untitled folder 3/ecommerce_platform/venv/lib/python3.11/site-packages/airflow/example_dags/example_dynamic_task_mapping.py took 0.082 seconds
[2026-03-18T07:57:17.304+0530] {processor.py:161} INFO - Started process (PID=11492) to work on /Users/vybhavswaroop/Desktop/untitled folder 3/ecommerce_platform/venv/lib/python3.11/site-packages/airflow/example_dags/example_dynamic_task_mapping.py
[2026-03-18T07:57:17.305+0530] {processor.py:830} INFO - Processing file /Users/vybhavswaroop/Desktop/untitled folder 3/ecommerce_platform/venv/lib/python3.11/site-packages/airflow/example_dags/example_dynamic_task_mapping.py for tasks to queue
[2026-03-18T07:57:17.306+0530] {logging_mixin.py:188} INFO - [2026-03-18T07:57:17.306+0530] {dagbag.py:540} INFO - Filling up the DagBag from /Users/vybhavswaroop/Desktop/untitled folder 3/ecommerce_platform/venv/lib/python3.11/site-packages/airflow/example_dags/example_dynamic_task_mapping.py
[2026-03-18T07:57:17.318+0530] {processor.py:840} INFO - DAG(s) 'example_dynamic_task_mapping' retrieved from /Users/vybhavswaroop/Desktop/untitled folder 3/ecommerce_platform/venv/lib/python3.11/site-packages/airflow/example_dags/example_dynamic_task_mapping.py
[2026-03-18T07:57:17.354+0530] {logging_mixin.py:188} INFO - [2026-03-18T07:57:17.353+0530] {dag.py:3047} INFO - Sync 1 DAGs
[2026-03-18T07:57:17.359+0530] {logging_mixin.py:188} INFO - [2026-03-18T07:57:17.359+0530] {dag.py:3834} INFO - Setting next_dagrun for example_dynamic_task_mapping to 2022-03-04 00:00:00+00:00, run_after=2022-03-05 00:00:00+00:00
[2026-03-18T07:57:17.364+0530] {processor.py:183} INFO - Processing /Users/vybhavswaroop/Desktop/untitled folder 3/ecommerce_platform/venv/lib/python3.11/site-packages/airflow/example_dags/example_dynamic_task_mapping.py took 0.061 seconds
