[2026-03-18T06:59:42.647+0530] {processor.py:161} INFO - Started process (PID=97735) to work on /Users/vybhavswaroop/Desktop/untitled folder 3/ecommerce_platform/venv/lib/python3.11/site-packages/airflow/example_dags/example_short_circuit_decorator.py
[2026-03-18T06:59:42.648+0530] {processor.py:830} INFO - Processing file /Users/vybhavswaroop/Desktop/untitled folder 3/ecommerce_platform/venv/lib/python3.11/site-packages/airflow/example_dags/example_short_circuit_decorator.py for tasks to queue
[2026-03-18T06:59:42.648+0530] {logging_mixin.py:188} INFO - [2026-03-18T06:59:42.648+0530] {dagbag.py:540} INFO - Filling up the DagBag from /Users/vybhavswaroop/Desktop/untitled folder 3/ecommerce_platform/venv/lib/python3.11/site-packages/airflow/example_dags/example_short_circuit_decorator.py
[2026-03-18T06:59:42.661+0530] {processor.py:840} INFO - DAG(s) 'example_short_circuit_decorator' retrieved from /Users/vybhavswaroop/Desktop/untitled folder 3/ecommerce_platform/venv/lib/python3.11/site-packages/airflow/example_dags/example_short_circuit_decorator.py
[2026-03-18T06:59:42.698+0530] {logging_mixin.py:188} INFO - [2026-03-18T06:59:42.698+0530] {dag.py:3047} INFO - Sync 1 DAGs
[2026-03-18T06:59:42.704+0530] {logging_mixin.py:188} INFO - [2026-03-18T06:59:42.704+0530] {dag.py:3834} INFO - Setting next_dagrun for example_short_circuit_decorator to 2026-03-17 00:00:00+00:00, run_after=2026-03-18 00:00:00+00:00
[2026-03-18T06:59:42.711+0530] {processor.py:183} INFO - Processing /Users/vybhavswaroop/Desktop/untitled folder 3/ecommerce_platform/venv/lib/python3.11/site-packages/airflow/example_dags/example_short_circuit_decorator.py took 0.064 seconds
[2026-03-18T07:22:26.282+0530] {processor.py:161} INFO - Started process (PID=3050) to work on /Users/vybhavswaroop/Desktop/untitled folder 3/ecommerce_platform/venv/lib/python3.11/site-packages/airflow/example_dags/example_short_circuit_decorator.py
[2026-03-18T07:22:26.284+0530] {processor.py:830} INFO - Processing file /Users/vybhavswaroop/Desktop/untitled folder 3/ecommerce_platform/venv/lib/python3.11/site-packages/airflow/example_dags/example_short_circuit_decorator.py for tasks to queue
[2026-03-18T07:22:26.284+0530] {logging_mixin.py:188} INFO - [2026-03-18T07:22:26.284+0530] {dagbag.py:540} INFO - Filling up the DagBag from /Users/vybhavswaroop/Desktop/untitled folder 3/ecommerce_platform/venv/lib/python3.11/site-packages/airflow/example_dags/example_short_circuit_decorator.py
[2026-03-18T07:22:26.297+0530] {processor.py:840} INFO - DAG(s) 'example_short_circuit_decorator' retrieved from /Users/vybhavswaroop/Desktop/untitled folder 3/ecommerce_platform/venv/lib/python3.11/site-packages/airflow/example_dags/example_short_circuit_decorator.py
[2026-03-18T07:22:26.358+0530] {logging_mixin.py:188} INFO - [2026-03-18T07:22:26.358+0530] {dag.py:3047} INFO - Sync 1 DAGs
[2026-03-18T07:22:26.362+0530] {logging_mixin.py:188} INFO - [2026-03-18T07:22:26.362+0530] {dag.py:3834} INFO - Setting next_dagrun for example_short_circuit_decorator to 2026-03-17 00:00:00+00:00, run_after=2026-03-18 00:00:00+00:00
[2026-03-18T07:22:26.368+0530] {processor.py:183} INFO - Processing /Users/vybhavswaroop/Desktop/untitled folder 3/ecommerce_platform/venv/lib/python3.11/site-packages/airflow/example_dags/example_short_circuit_decorator.py took 0.087 seconds
[2026-03-18T07:24:25.003+0530] {processor.py:161} INFO - Started process (PID=3423) to work on /Users/vybhavswaroop/Desktop/untitled folder 3/ecommerce_platform/venv/lib/python3.11/site-packages/airflow/example_dags/example_short_circuit_decorator.py
[2026-03-18T07:24:25.004+0530] {processor.py:830} INFO - Processing file /Users/vybhavswaroop/Desktop/untitled folder 3/ecommerce_platform/venv/lib/python3.11/site-packages/airflow/example_dags/example_short_circuit_decorator.py for tasks to queue
[2026-03-18T07:24:25.004+0530] {logging_mixin.py:188} INFO - [2026-03-18T07:24:25.004+0530] {dagbag.py:540} INFO - Filling up the DagBag from /Users/vybhavswaroop/Desktop/untitled folder 3/ecommerce_platform/venv/lib/python3.11/site-packages/airflow/example_dags/example_short_circuit_decorator.py
[2026-03-18T07:24:25.017+0530] {processor.py:840} INFO - DAG(s) 'example_short_circuit_decorator' retrieved from /Users/vybhavswaroop/Desktop/untitled folder 3/ecommerce_platform/venv/lib/python3.11/site-packages/airflow/example_dags/example_short_circuit_decorator.py
[2026-03-18T07:24:25.053+0530] {logging_mixin.py:188} INFO - [2026-03-18T07:24:25.053+0530] {dag.py:3047} INFO - Sync 1 DAGs
[2026-03-18T07:24:25.058+0530] {logging_mixin.py:188} INFO - [2026-03-18T07:24:25.058+0530] {dag.py:3834} INFO - Setting next_dagrun for example_short_circuit_decorator to 2026-03-17 00:00:00+00:00, run_after=2026-03-18 00:00:00+00:00
[2026-03-18T07:24:25.064+0530] {processor.py:183} INFO - Processing /Users/vybhavswaroop/Desktop/untitled folder 3/ecommerce_platform/venv/lib/python3.11/site-packages/airflow/example_dags/example_short_circuit_decorator.py took 0.061 seconds
[2026-03-18T07:25:50.826+0530] {processor.py:161} INFO - Started process (PID=3679) to work on /Users/vybhavswaroop/Desktop/untitled folder 3/ecommerce_platform/venv/lib/python3.11/site-packages/airflow/example_dags/example_short_circuit_decorator.py
[2026-03-18T07:25:50.826+0530] {processor.py:830} INFO - Processing file /Users/vybhavswaroop/Desktop/untitled folder 3/ecommerce_platform/venv/lib/python3.11/site-packages/airflow/example_dags/example_short_circuit_decorator.py for tasks to queue
[2026-03-18T07:25:50.826+0530] {logging_mixin.py:188} INFO - [2026-03-18T07:25:50.826+0530] {dagbag.py:540} INFO - Filling up the DagBag from /Users/vybhavswaroop/Desktop/untitled folder 3/ecommerce_platform/venv/lib/python3.11/site-packages/airflow/example_dags/example_short_circuit_decorator.py
[2026-03-18T07:25:50.840+0530] {processor.py:840} INFO - DAG(s) 'example_short_circuit_decorator' retrieved from /Users/vybhavswaroop/Desktop/untitled folder 3/ecommerce_platform/venv/lib/python3.11/site-packages/airflow/example_dags/example_short_circuit_decorator.py
[2026-03-18T07:25:50.876+0530] {logging_mixin.py:188} INFO - [2026-03-18T07:25:50.876+0530] {dag.py:3047} INFO - Sync 1 DAGs
[2026-03-18T07:25:50.881+0530] {logging_mixin.py:188} INFO - [2026-03-18T07:25:50.881+0530] {dag.py:3834} INFO - Setting next_dagrun for example_short_circuit_decorator to 2026-03-17 00:00:00+00:00, run_after=2026-03-18 00:00:00+00:00
[2026-03-18T07:25:50.887+0530] {processor.py:183} INFO - Processing /Users/vybhavswaroop/Desktop/untitled folder 3/ecommerce_platform/venv/lib/python3.11/site-packages/airflow/example_dags/example_short_circuit_decorator.py took 0.062 seconds
[2026-03-18T07:27:15.845+0530] {processor.py:161} INFO - Started process (PID=3927) to work on /Users/vybhavswaroop/Desktop/untitled folder 3/ecommerce_platform/venv/lib/python3.11/site-packages/airflow/example_dags/example_short_circuit_decorator.py
[2026-03-18T07:27:15.846+0530] {processor.py:830} INFO - Processing file /Users/vybhavswaroop/Desktop/untitled folder 3/ecommerce_platform/venv/lib/python3.11/site-packages/airflow/example_dags/example_short_circuit_decorator.py for tasks to queue
[2026-03-18T07:27:15.846+0530] {logging_mixin.py:188} INFO - [2026-03-18T07:27:15.846+0530] {dagbag.py:540} INFO - Filling up the DagBag from /Users/vybhavswaroop/Desktop/untitled folder 3/ecommerce_platform/venv/lib/python3.11/site-packages/airflow/example_dags/example_short_circuit_decorator.py
[2026-03-18T07:27:15.859+0530] {processor.py:840} INFO - DAG(s) 'example_short_circuit_decorator' retrieved from /Users/vybhavswaroop/Desktop/untitled folder 3/ecommerce_platform/venv/lib/python3.11/site-packages/airflow/example_dags/example_short_circuit_decorator.py
[2026-03-18T07:27:15.894+0530] {logging_mixin.py:188} INFO - [2026-03-18T07:27:15.894+0530] {dag.py:3047} INFO - Sync 1 DAGs
[2026-03-18T07:27:15.899+0530] {logging_mixin.py:188} INFO - [2026-03-18T07:27:15.899+0530] {dag.py:3834} INFO - Setting next_dagrun for example_short_circuit_decorator to 2026-03-17 00:00:00+00:00, run_after=2026-03-18 00:00:00+00:00
[2026-03-18T07:27:15.905+0530] {processor.py:183} INFO - Processing /Users/vybhavswaroop/Desktop/untitled folder 3/ecommerce_platform/venv/lib/python3.11/site-packages/airflow/example_dags/example_short_circuit_decorator.py took 0.060 seconds
[2026-03-18T07:28:38.027+0530] {processor.py:161} INFO - Started process (PID=4173) to work on /Users/vybhavswaroop/Desktop/untitled folder 3/ecommerce_platform/venv/lib/python3.11/site-packages/airflow/example_dags/example_short_circuit_decorator.py
[2026-03-18T07:28:38.027+0530] {processor.py:830} INFO - Processing file /Users/vybhavswaroop/Desktop/untitled folder 3/ecommerce_platform/venv/lib/python3.11/site-packages/airflow/example_dags/example_short_circuit_decorator.py for tasks to queue
[2026-03-18T07:28:38.028+0530] {logging_mixin.py:188} INFO - [2026-03-18T07:28:38.027+0530] {dagbag.py:540} INFO - Filling up the DagBag from /Users/vybhavswaroop/Desktop/untitled folder 3/ecommerce_platform/venv/lib/python3.11/site-packages/airflow/example_dags/example_short_circuit_decorator.py
[2026-03-18T07:28:38.040+0530] {processor.py:840} INFO - DAG(s) 'example_short_circuit_decorator' retrieved from /Users/vybhavswaroop/Desktop/untitled folder 3/ecommerce_platform/venv/lib/python3.11/site-packages/airflow/example_dags/example_short_circuit_decorator.py
[2026-03-18T07:28:38.075+0530] {logging_mixin.py:188} INFO - [2026-03-18T07:28:38.074+0530] {dag.py:3047} INFO - Sync 1 DAGs
[2026-03-18T07:28:38.079+0530] {logging_mixin.py:188} INFO - [2026-03-18T07:28:38.079+0530] {dag.py:3834} INFO - Setting next_dagrun for example_short_circuit_decorator to 2026-03-17 00:00:00+00:00, run_after=2026-03-18 00:00:00+00:00
[2026-03-18T07:28:38.086+0530] {processor.py:183} INFO - Processing /Users/vybhavswaroop/Desktop/untitled folder 3/ecommerce_platform/venv/lib/python3.11/site-packages/airflow/example_dags/example_short_circuit_decorator.py took 0.060 seconds
[2026-03-18T07:29:58.003+0530] {processor.py:161} INFO - Started process (PID=4409) to work on /Users/vybhavswaroop/Desktop/untitled folder 3/ecommerce_platform/venv/lib/python3.11/site-packages/airflow/example_dags/example_short_circuit_decorator.py
[2026-03-18T07:29:58.003+0530] {processor.py:830} INFO - Processing file /Users/vybhavswaroop/Desktop/untitled folder 3/ecommerce_platform/venv/lib/python3.11/site-packages/airflow/example_dags/example_short_circuit_decorator.py for tasks to queue
[2026-03-18T07:29:58.003+0530] {logging_mixin.py:188} INFO - [2026-03-18T07:29:58.003+0530] {dagbag.py:540} INFO - Filling up the DagBag from /Users/vybhavswaroop/Desktop/untitled folder 3/ecommerce_platform/venv/lib/python3.11/site-packages/airflow/example_dags/example_short_circuit_decorator.py
[2026-03-18T07:29:58.016+0530] {processor.py:840} INFO - DAG(s) 'example_short_circuit_decorator' retrieved from /Users/vybhavswaroop/Desktop/untitled folder 3/ecommerce_platform/venv/lib/python3.11/site-packages/airflow/example_dags/example_short_circuit_decorator.py
[2026-03-18T07:29:58.051+0530] {logging_mixin.py:188} INFO - [2026-03-18T07:29:58.051+0530] {dag.py:3047} INFO - Sync 1 DAGs
[2026-03-18T07:29:58.056+0530] {logging_mixin.py:188} INFO - [2026-03-18T07:29:58.055+0530] {dag.py:3834} INFO - Setting next_dagrun for example_short_circuit_decorator to 2026-03-17 00:00:00+00:00, run_after=2026-03-18 00:00:00+00:00
[2026-03-18T07:29:58.061+0530] {processor.py:183} INFO - Processing /Users/vybhavswaroop/Desktop/untitled folder 3/ecommerce_platform/venv/lib/python3.11/site-packages/airflow/example_dags/example_short_circuit_decorator.py took 0.059 seconds
[2026-03-18T07:31:20.151+0530] {processor.py:161} INFO - Started process (PID=4654) to work on /Users/vybhavswaroop/Desktop/untitled folder 3/ecommerce_platform/venv/lib/python3.11/site-packages/airflow/example_dags/example_short_circuit_decorator.py
[2026-03-18T07:31:20.152+0530] {processor.py:830} INFO - Processing file /Users/vybhavswaroop/Desktop/untitled folder 3/ecommerce_platform/venv/lib/python3.11/site-packages/airflow/example_dags/example_short_circuit_decorator.py for tasks to queue
[2026-03-18T07:31:20.152+0530] {logging_mixin.py:188} INFO - [2026-03-18T07:31:20.152+0530] {dagbag.py:540} INFO - Filling up the DagBag from /Users/vybhavswaroop/Desktop/untitled folder 3/ecommerce_platform/venv/lib/python3.11/site-packages/airflow/example_dags/example_short_circuit_decorator.py
[2026-03-18T07:31:20.165+0530] {processor.py:840} INFO - DAG(s) 'example_short_circuit_decorator' retrieved from /Users/vybhavswaroop/Desktop/untitled folder 3/ecommerce_platform/venv/lib/python3.11/site-packages/airflow/example_dags/example_short_circuit_decorator.py
[2026-03-18T07:31:20.200+0530] {logging_mixin.py:188} INFO - [2026-03-18T07:31:20.199+0530] {dag.py:3047} INFO - Sync 1 DAGs
[2026-03-18T07:31:20.204+0530] {logging_mixin.py:188} INFO - [2026-03-18T07:31:20.204+0530] {dag.py:3834} INFO - Setting next_dagrun for example_short_circuit_decorator to 2026-03-17 00:00:00+00:00, run_after=2026-03-18 00:00:00+00:00
[2026-03-18T07:31:20.210+0530] {processor.py:183} INFO - Processing /Users/vybhavswaroop/Desktop/untitled folder 3/ecommerce_platform/venv/lib/python3.11/site-packages/airflow/example_dags/example_short_circuit_decorator.py took 0.060 seconds
[2026-03-18T07:32:44.783+0530] {processor.py:161} INFO - Started process (PID=4903) to work on /Users/vybhavswaroop/Desktop/untitled folder 3/ecommerce_platform/venv/lib/python3.11/site-packages/airflow/example_dags/example_short_circuit_decorator.py
[2026-03-18T07:32:44.783+0530] {processor.py:830} INFO - Processing file /Users/vybhavswaroop/Desktop/untitled folder 3/ecommerce_platform/venv/lib/python3.11/site-packages/airflow/example_dags/example_short_circuit_decorator.py for tasks to queue
[2026-03-18T07:32:44.784+0530] {logging_mixin.py:188} INFO - [2026-03-18T07:32:44.783+0530] {dagbag.py:540} INFO - Filling up the DagBag from /Users/vybhavswaroop/Desktop/untitled folder 3/ecommerce_platform/venv/lib/python3.11/site-packages/airflow/example_dags/example_short_circuit_decorator.py
[2026-03-18T07:32:44.796+0530] {processor.py:840} INFO - DAG(s) 'example_short_circuit_decorator' retrieved from /Users/vybhavswaroop/Desktop/untitled folder 3/ecommerce_platform/venv/lib/python3.11/site-packages/airflow/example_dags/example_short_circuit_decorator.py
[2026-03-18T07:32:44.831+0530] {logging_mixin.py:188} INFO - [2026-03-18T07:32:44.831+0530] {dag.py:3047} INFO - Sync 1 DAGs
[2026-03-18T07:32:44.836+0530] {logging_mixin.py:188} INFO - [2026-03-18T07:32:44.835+0530] {dag.py:3834} INFO - Setting next_dagrun for example_short_circuit_decorator to 2026-03-17 00:00:00+00:00, run_after=2026-03-18 00:00:00+00:00
[2026-03-18T07:32:44.842+0530] {processor.py:183} INFO - Processing /Users/vybhavswaroop/Desktop/untitled folder 3/ecommerce_platform/venv/lib/python3.11/site-packages/airflow/example_dags/example_short_circuit_decorator.py took 0.059 seconds
[2026-03-18T07:34:09.184+0530] {processor.py:161} INFO - Started process (PID=5155) to work on /Users/vybhavswaroop/Desktop/untitled folder 3/ecommerce_platform/venv/lib/python3.11/site-packages/airflow/example_dags/example_short_circuit_decorator.py
[2026-03-18T07:34:09.186+0530] {processor.py:830} INFO - Processing file /Users/vybhavswaroop/Desktop/untitled folder 3/ecommerce_platform/venv/lib/python3.11/site-packages/airflow/example_dags/example_short_circuit_decorator.py for tasks to queue
[2026-03-18T07:34:09.186+0530] {logging_mixin.py:188} INFO - [2026-03-18T07:34:09.186+0530] {dagbag.py:540} INFO - Filling up the DagBag from /Users/vybhavswaroop/Desktop/untitled folder 3/ecommerce_platform/venv/lib/python3.11/site-packages/airflow/example_dags/example_short_circuit_decorator.py
[2026-03-18T07:34:09.200+0530] {processor.py:840} INFO - DAG(s) 'example_short_circuit_decorator' retrieved from /Users/vybhavswaroop/Desktop/untitled folder 3/ecommerce_platform/venv/lib/python3.11/site-packages/airflow/example_dags/example_short_circuit_decorator.py
[2026-03-18T07:34:09.236+0530] {logging_mixin.py:188} INFO - [2026-03-18T07:34:09.236+0530] {dag.py:3047} INFO - Sync 1 DAGs
[2026-03-18T07:34:09.241+0530] {logging_mixin.py:188} INFO - [2026-03-18T07:34:09.241+0530] {dag.py:3834} INFO - Setting next_dagrun for example_short_circuit_decorator to 2026-03-17 00:00:00+00:00, run_after=2026-03-18 00:00:00+00:00
[2026-03-18T07:34:09.248+0530] {processor.py:183} INFO - Processing /Users/vybhavswaroop/Desktop/untitled folder 3/ecommerce_platform/venv/lib/python3.11/site-packages/airflow/example_dags/example_short_circuit_decorator.py took 0.064 seconds
[2026-03-18T07:35:42.406+0530] {processor.py:161} INFO - Started process (PID=5473) to work on /Users/vybhavswaroop/Desktop/untitled folder 3/ecommerce_platform/venv/lib/python3.11/site-packages/airflow/example_dags/example_short_circuit_decorator.py
[2026-03-18T07:35:42.407+0530] {processor.py:830} INFO - Processing file /Users/vybhavswaroop/Desktop/untitled folder 3/ecommerce_platform/venv/lib/python3.11/site-packages/airflow/example_dags/example_short_circuit_decorator.py for tasks to queue
[2026-03-18T07:35:42.407+0530] {logging_mixin.py:188} INFO - [2026-03-18T07:35:42.407+0530] {dagbag.py:540} INFO - Filling up the DagBag from /Users/vybhavswaroop/Desktop/untitled folder 3/ecommerce_platform/venv/lib/python3.11/site-packages/airflow/example_dags/example_short_circuit_decorator.py
[2026-03-18T07:35:42.420+0530] {processor.py:840} INFO - DAG(s) 'example_short_circuit_decorator' retrieved from /Users/vybhavswaroop/Desktop/untitled folder 3/ecommerce_platform/venv/lib/python3.11/site-packages/airflow/example_dags/example_short_circuit_decorator.py
[2026-03-18T07:35:42.455+0530] {logging_mixin.py:188} INFO - [2026-03-18T07:35:42.455+0530] {dag.py:3047} INFO - Sync 1 DAGs
[2026-03-18T07:35:42.460+0530] {logging_mixin.py:188} INFO - [2026-03-18T07:35:42.460+0530] {dag.py:3834} INFO - Setting next_dagrun for example_short_circuit_decorator to 2026-03-17 00:00:00+00:00, run_after=2026-03-18 00:00:00+00:00
[2026-03-18T07:35:42.466+0530] {processor.py:183} INFO - Processing /Users/vybhavswaroop/Desktop/untitled folder 3/ecommerce_platform/venv/lib/python3.11/site-packages/airflow/example_dags/example_short_circuit_decorator.py took 0.060 seconds
[2026-03-18T07:37:15.142+0530] {processor.py:161} INFO - Started process (PID=5746) to work on /Users/vybhavswaroop/Desktop/untitled folder 3/ecommerce_platform/venv/lib/python3.11/site-packages/airflow/example_dags/example_short_circuit_decorator.py
[2026-03-18T07:37:15.143+0530] {processor.py:830} INFO - Processing file /Users/vybhavswaroop/Desktop/untitled folder 3/ecommerce_platform/venv/lib/python3.11/site-packages/airflow/example_dags/example_short_circuit_decorator.py for tasks to queue
[2026-03-18T07:37:15.143+0530] {logging_mixin.py:188} INFO - [2026-03-18T07:37:15.143+0530] {dagbag.py:540} INFO - Filling up the DagBag from /Users/vybhavswaroop/Desktop/untitled folder 3/ecommerce_platform/venv/lib/python3.11/site-packages/airflow/example_dags/example_short_circuit_decorator.py
[2026-03-18T07:37:15.157+0530] {processor.py:840} INFO - DAG(s) 'example_short_circuit_decorator' retrieved from /Users/vybhavswaroop/Desktop/untitled folder 3/ecommerce_platform/venv/lib/python3.11/site-packages/airflow/example_dags/example_short_circuit_decorator.py
[2026-03-18T07:37:15.193+0530] {logging_mixin.py:188} INFO - [2026-03-18T07:37:15.193+0530] {dag.py:3047} INFO - Sync 1 DAGs
[2026-03-18T07:37:15.198+0530] {logging_mixin.py:188} INFO - [2026-03-18T07:37:15.198+0530] {dag.py:3834} INFO - Setting next_dagrun for example_short_circuit_decorator to 2026-03-17 00:00:00+00:00, run_after=2026-03-18 00:00:00+00:00
[2026-03-18T07:37:15.204+0530] {processor.py:183} INFO - Processing /Users/vybhavswaroop/Desktop/untitled folder 3/ecommerce_platform/venv/lib/python3.11/site-packages/airflow/example_dags/example_short_circuit_decorator.py took 0.062 seconds
[2026-03-18T07:38:46.151+0530] {processor.py:161} INFO - Started process (PID=6064) to work on /Users/vybhavswaroop/Desktop/untitled folder 3/ecommerce_platform/venv/lib/python3.11/site-packages/airflow/example_dags/example_short_circuit_decorator.py
[2026-03-18T07:38:46.152+0530] {processor.py:830} INFO - Processing file /Users/vybhavswaroop/Desktop/untitled folder 3/ecommerce_platform/venv/lib/python3.11/site-packages/airflow/example_dags/example_short_circuit_decorator.py for tasks to queue
[2026-03-18T07:38:46.153+0530] {logging_mixin.py:188} INFO - [2026-03-18T07:38:46.153+0530] {dagbag.py:540} INFO - Filling up the DagBag from /Users/vybhavswaroop/Desktop/untitled folder 3/ecommerce_platform/venv/lib/python3.11/site-packages/airflow/example_dags/example_short_circuit_decorator.py
[2026-03-18T07:38:46.166+0530] {processor.py:840} INFO - DAG(s) 'example_short_circuit_decorator' retrieved from /Users/vybhavswaroop/Desktop/untitled folder 3/ecommerce_platform/venv/lib/python3.11/site-packages/airflow/example_dags/example_short_circuit_decorator.py
[2026-03-18T07:38:46.202+0530] {logging_mixin.py:188} INFO - [2026-03-18T07:38:46.202+0530] {dag.py:3047} INFO - Sync 1 DAGs
[2026-03-18T07:38:46.207+0530] {logging_mixin.py:188} INFO - [2026-03-18T07:38:46.207+0530] {dag.py:3834} INFO - Setting next_dagrun for example_short_circuit_decorator to 2026-03-17 00:00:00+00:00, run_after=2026-03-18 00:00:00+00:00
[2026-03-18T07:38:46.213+0530] {processor.py:183} INFO - Processing /Users/vybhavswaroop/Desktop/untitled folder 3/ecommerce_platform/venv/lib/python3.11/site-packages/airflow/example_dags/example_short_circuit_decorator.py took 0.062 seconds
[2026-03-18T07:40:12.125+0530] {processor.py:161} INFO - Started process (PID=6366) to work on /Users/vybhavswaroop/Desktop/untitled folder 3/ecommerce_platform/venv/lib/python3.11/site-packages/airflow/example_dags/example_short_circuit_decorator.py
[2026-03-18T07:40:12.125+0530] {processor.py:830} INFO - Processing file /Users/vybhavswaroop/Desktop/untitled folder 3/ecommerce_platform/venv/lib/python3.11/site-packages/airflow/example_dags/example_short_circuit_decorator.py for tasks to queue
[2026-03-18T07:40:12.126+0530] {logging_mixin.py:188} INFO - [2026-03-18T07:40:12.126+0530] {dagbag.py:540} INFO - Filling up the DagBag from /Users/vybhavswaroop/Desktop/untitled folder 3/ecommerce_platform/venv/lib/python3.11/site-packages/airflow/example_dags/example_short_circuit_decorator.py
[2026-03-18T07:40:12.140+0530] {processor.py:840} INFO - DAG(s) 'example_short_circuit_decorator' retrieved from /Users/vybhavswaroop/Desktop/untitled folder 3/ecommerce_platform/venv/lib/python3.11/site-packages/airflow/example_dags/example_short_circuit_decorator.py
[2026-03-18T07:40:12.177+0530] {logging_mixin.py:188} INFO - [2026-03-18T07:40:12.177+0530] {dag.py:3047} INFO - Sync 1 DAGs
[2026-03-18T07:40:12.183+0530] {logging_mixin.py:188} INFO - [2026-03-18T07:40:12.183+0530] {dag.py:3834} INFO - Setting next_dagrun for example_short_circuit_decorator to 2026-03-17 00:00:00+00:00, run_after=2026-03-18 00:00:00+00:00
[2026-03-18T07:40:12.189+0530] {processor.py:183} INFO - Processing /Users/vybhavswaroop/Desktop/untitled folder 3/ecommerce_platform/venv/lib/python3.11/site-packages/airflow/example_dags/example_short_circuit_decorator.py took 0.064 seconds
[2026-03-18T07:41:49.366+0530] {processor.py:161} INFO - Started process (PID=6738) to work on /Users/vybhavswaroop/Desktop/untitled folder 3/ecommerce_platform/venv/lib/python3.11/site-packages/airflow/example_dags/example_short_circuit_decorator.py
[2026-03-18T07:41:49.367+0530] {processor.py:830} INFO - Processing file /Users/vybhavswaroop/Desktop/untitled folder 3/ecommerce_platform/venv/lib/python3.11/site-packages/airflow/example_dags/example_short_circuit_decorator.py for tasks to queue
[2026-03-18T07:41:49.367+0530] {logging_mixin.py:188} INFO - [2026-03-18T07:41:49.367+0530] {dagbag.py:540} INFO - Filling up the DagBag from /Users/vybhavswaroop/Desktop/untitled folder 3/ecommerce_platform/venv/lib/python3.11/site-packages/airflow/example_dags/example_short_circuit_decorator.py
[2026-03-18T07:41:49.382+0530] {processor.py:840} INFO - DAG(s) 'example_short_circuit_decorator' retrieved from /Users/vybhavswaroop/Desktop/untitled folder 3/ecommerce_platform/venv/lib/python3.11/site-packages/airflow/example_dags/example_short_circuit_decorator.py
[2026-03-18T07:41:49.422+0530] {logging_mixin.py:188} INFO - [2026-03-18T07:41:49.422+0530] {dag.py:3047} INFO - Sync 1 DAGs
[2026-03-18T07:41:49.428+0530] {logging_mixin.py:188} INFO - [2026-03-18T07:41:49.428+0530] {dag.py:3834} INFO - Setting next_dagrun for example_short_circuit_decorator to 2026-03-17 00:00:00+00:00, run_after=2026-03-18 00:00:00+00:00
[2026-03-18T07:41:49.435+0530] {processor.py:183} INFO - Processing /Users/vybhavswaroop/Desktop/untitled folder 3/ecommerce_platform/venv/lib/python3.11/site-packages/airflow/example_dags/example_short_circuit_decorator.py took 0.069 seconds
[2026-03-18T07:43:24.559+0530] {processor.py:161} INFO - Started process (PID=7059) to work on /Users/vybhavswaroop/Desktop/untitled folder 3/ecommerce_platform/venv/lib/python3.11/site-packages/airflow/example_dags/example_short_circuit_decorator.py
[2026-03-18T07:43:24.560+0530] {processor.py:830} INFO - Processing file /Users/vybhavswaroop/Desktop/untitled folder 3/ecommerce_platform/venv/lib/python3.11/site-packages/airflow/example_dags/example_short_circuit_decorator.py for tasks to queue
[2026-03-18T07:43:24.561+0530] {logging_mixin.py:188} INFO - [2026-03-18T07:43:24.561+0530] {dagbag.py:540} INFO - Filling up the DagBag from /Users/vybhavswaroop/Desktop/untitled folder 3/ecommerce_platform/venv/lib/python3.11/site-packages/airflow/example_dags/example_short_circuit_decorator.py
[2026-03-18T07:43:24.574+0530] {processor.py:840} INFO - DAG(s) 'example_short_circuit_decorator' retrieved from /Users/vybhavswaroop/Desktop/untitled folder 3/ecommerce_platform/venv/lib/python3.11/site-packages/airflow/example_dags/example_short_circuit_decorator.py
[2026-03-18T07:43:24.609+0530] {logging_mixin.py:188} INFO - [2026-03-18T07:43:24.609+0530] {dag.py:3047} INFO - Sync 1 DAGs
[2026-03-18T07:43:24.614+0530] {logging_mixin.py:188} INFO - [2026-03-18T07:43:24.614+0530] {dag.py:3834} INFO - Setting next_dagrun for example_short_circuit_decorator to 2026-03-17 00:00:00+00:00, run_after=2026-03-18 00:00:00+00:00
[2026-03-18T07:43:24.619+0530] {processor.py:183} INFO - Processing /Users/vybhavswaroop/Desktop/untitled folder 3/ecommerce_platform/venv/lib/python3.11/site-packages/airflow/example_dags/example_short_circuit_decorator.py took 0.060 seconds
[2026-03-18T07:44:58.142+0530] {processor.py:161} INFO - Started process (PID=7395) to work on /Users/vybhavswaroop/Desktop/untitled folder 3/ecommerce_platform/venv/lib/python3.11/site-packages/airflow/example_dags/example_short_circuit_decorator.py
[2026-03-18T07:44:58.143+0530] {processor.py:830} INFO - Processing file /Users/vybhavswaroop/Desktop/untitled folder 3/ecommerce_platform/venv/lib/python3.11/site-packages/airflow/example_dags/example_short_circuit_decorator.py for tasks to queue
[2026-03-18T07:44:58.144+0530] {logging_mixin.py:188} INFO - [2026-03-18T07:44:58.144+0530] {dagbag.py:540} INFO - Filling up the DagBag from /Users/vybhavswaroop/Desktop/untitled folder 3/ecommerce_platform/venv/lib/python3.11/site-packages/airflow/example_dags/example_short_circuit_decorator.py
[2026-03-18T07:44:58.157+0530] {processor.py:840} INFO - DAG(s) 'example_short_circuit_decorator' retrieved from /Users/vybhavswaroop/Desktop/untitled folder 3/ecommerce_platform/venv/lib/python3.11/site-packages/airflow/example_dags/example_short_circuit_decorator.py
[2026-03-18T07:44:58.193+0530] {logging_mixin.py:188} INFO - [2026-03-18T07:44:58.193+0530] {dag.py:3047} INFO - Sync 1 DAGs
[2026-03-18T07:44:58.198+0530] {logging_mixin.py:188} INFO - [2026-03-18T07:44:58.197+0530] {dag.py:3834} INFO - Setting next_dagrun for example_short_circuit_decorator to 2026-03-17 00:00:00+00:00, run_after=2026-03-18 00:00:00+00:00
[2026-03-18T07:44:58.203+0530] {processor.py:183} INFO - Processing /Users/vybhavswaroop/Desktop/untitled folder 3/ecommerce_platform/venv/lib/python3.11/site-packages/airflow/example_dags/example_short_circuit_decorator.py took 0.061 seconds
[2026-03-18T07:46:21.469+0530] {processor.py:161} INFO - Started process (PID=7675) to work on /Users/vybhavswaroop/Desktop/untitled folder 3/ecommerce_platform/venv/lib/python3.11/site-packages/airflow/example_dags/example_short_circuit_decorator.py
[2026-03-18T07:46:21.469+0530] {processor.py:830} INFO - Processing file /Users/vybhavswaroop/Desktop/untitled folder 3/ecommerce_platform/venv/lib/python3.11/site-packages/airflow/example_dags/example_short_circuit_decorator.py for tasks to queue
[2026-03-18T07:46:21.469+0530] {logging_mixin.py:188} INFO - [2026-03-18T07:46:21.469+0530] {dagbag.py:540} INFO - Filling up the DagBag from /Users/vybhavswaroop/Desktop/untitled folder 3/ecommerce_platform/venv/lib/python3.11/site-packages/airflow/example_dags/example_short_circuit_decorator.py
[2026-03-18T07:46:21.483+0530] {processor.py:840} INFO - DAG(s) 'example_short_circuit_decorator' retrieved from /Users/vybhavswaroop/Desktop/untitled folder 3/ecommerce_platform/venv/lib/python3.11/site-packages/airflow/example_dags/example_short_circuit_decorator.py
[2026-03-18T07:46:21.519+0530] {logging_mixin.py:188} INFO - [2026-03-18T07:46:21.519+0530] {dag.py:3047} INFO - Sync 1 DAGs
[2026-03-18T07:46:21.524+0530] {logging_mixin.py:188} INFO - [2026-03-18T07:46:21.524+0530] {dag.py:3834} INFO - Setting next_dagrun for example_short_circuit_decorator to 2026-03-17 00:00:00+00:00, run_after=2026-03-18 00:00:00+00:00
[2026-03-18T07:46:21.529+0530] {processor.py:183} INFO - Processing /Users/vybhavswaroop/Desktop/untitled folder 3/ecommerce_platform/venv/lib/python3.11/site-packages/airflow/example_dags/example_short_circuit_decorator.py took 0.061 seconds
[2026-03-18T07:47:44.030+0530] {processor.py:161} INFO - Started process (PID=7975) to work on /Users/vybhavswaroop/Desktop/untitled folder 3/ecommerce_platform/venv/lib/python3.11/site-packages/airflow/example_dags/example_short_circuit_decorator.py
[2026-03-18T07:47:44.032+0530] {processor.py:830} INFO - Processing file /Users/vybhavswaroop/Desktop/untitled folder 3/ecommerce_platform/venv/lib/python3.11/site-packages/airflow/example_dags/example_short_circuit_decorator.py for tasks to queue
[2026-03-18T07:47:44.032+0530] {logging_mixin.py:188} INFO - [2026-03-18T07:47:44.032+0530] {dagbag.py:540} INFO - Filling up the DagBag from /Users/vybhavswaroop/Desktop/untitled folder 3/ecommerce_platform/venv/lib/python3.11/site-packages/airflow/example_dags/example_short_circuit_decorator.py
[2026-03-18T07:47:44.049+0530] {processor.py:840} INFO - DAG(s) 'example_short_circuit_decorator' retrieved from /Users/vybhavswaroop/Desktop/untitled folder 3/ecommerce_platform/venv/lib/python3.11/site-packages/airflow/example_dags/example_short_circuit_decorator.py
[2026-03-18T07:47:44.090+0530] {logging_mixin.py:188} INFO - [2026-03-18T07:47:44.090+0530] {dag.py:3047} INFO - Sync 1 DAGs
[2026-03-18T07:47:44.095+0530] {logging_mixin.py:188} INFO - [2026-03-18T07:47:44.095+0530] {dag.py:3834} INFO - Setting next_dagrun for example_short_circuit_decorator to 2026-03-17 00:00:00+00:00, run_after=2026-03-18 00:00:00+00:00
[2026-03-18T07:47:44.102+0530] {processor.py:183} INFO - Processing /Users/vybhavswaroop/Desktop/untitled folder 3/ecommerce_platform/venv/lib/python3.11/site-packages/airflow/example_dags/example_short_circuit_decorator.py took 0.072 seconds
[2026-03-18T07:49:05.439+0530] {processor.py:161} INFO - Started process (PID=8295) to work on /Users/vybhavswaroop/Desktop/untitled folder 3/ecommerce_platform/venv/lib/python3.11/site-packages/airflow/example_dags/example_short_circuit_decorator.py
[2026-03-18T07:49:05.440+0530] {processor.py:830} INFO - Processing file /Users/vybhavswaroop/Desktop/untitled folder 3/ecommerce_platform/venv/lib/python3.11/site-packages/airflow/example_dags/example_short_circuit_decorator.py for tasks to queue
[2026-03-18T07:49:05.440+0530] {logging_mixin.py:188} INFO - [2026-03-18T07:49:05.440+0530] {dagbag.py:540} INFO - Filling up the DagBag from /Users/vybhavswaroop/Desktop/untitled folder 3/ecommerce_platform/venv/lib/python3.11/site-packages/airflow/example_dags/example_short_circuit_decorator.py
[2026-03-18T07:49:05.454+0530] {processor.py:840} INFO - DAG(s) 'example_short_circuit_decorator' retrieved from /Users/vybhavswaroop/Desktop/untitled folder 3/ecommerce_platform/venv/lib/python3.11/site-packages/airflow/example_dags/example_short_circuit_decorator.py
[2026-03-18T07:49:05.489+0530] {logging_mixin.py:188} INFO - [2026-03-18T07:49:05.489+0530] {dag.py:3047} INFO - Sync 1 DAGs
[2026-03-18T07:49:05.495+0530] {logging_mixin.py:188} INFO - [2026-03-18T07:49:05.494+0530] {dag.py:3834} INFO - Setting next_dagrun for example_short_circuit_decorator to 2026-03-17 00:00:00+00:00, run_after=2026-03-18 00:00:00+00:00
[2026-03-18T07:49:05.500+0530] {processor.py:183} INFO - Processing /Users/vybhavswaroop/Desktop/untitled folder 3/ecommerce_platform/venv/lib/python3.11/site-packages/airflow/example_dags/example_short_circuit_decorator.py took 0.062 seconds
[2026-03-18T07:50:32.253+0530] {processor.py:161} INFO - Started process (PID=8888) to work on /Users/vybhavswaroop/Desktop/untitled folder 3/ecommerce_platform/venv/lib/python3.11/site-packages/airflow/example_dags/example_short_circuit_decorator.py
[2026-03-18T07:50:32.253+0530] {processor.py:830} INFO - Processing file /Users/vybhavswaroop/Desktop/untitled folder 3/ecommerce_platform/venv/lib/python3.11/site-packages/airflow/example_dags/example_short_circuit_decorator.py for tasks to queue
[2026-03-18T07:50:32.254+0530] {logging_mixin.py:188} INFO - [2026-03-18T07:50:32.254+0530] {dagbag.py:540} INFO - Filling up the DagBag from /Users/vybhavswaroop/Desktop/untitled folder 3/ecommerce_platform/venv/lib/python3.11/site-packages/airflow/example_dags/example_short_circuit_decorator.py
[2026-03-18T07:50:32.268+0530] {processor.py:840} INFO - DAG(s) 'example_short_circuit_decorator' retrieved from /Users/vybhavswaroop/Desktop/untitled folder 3/ecommerce_platform/venv/lib/python3.11/site-packages/airflow/example_dags/example_short_circuit_decorator.py
[2026-03-18T07:50:32.306+0530] {logging_mixin.py:188} INFO - [2026-03-18T07:50:32.306+0530] {dag.py:3047} INFO - Sync 1 DAGs
[2026-03-18T07:50:32.312+0530] {logging_mixin.py:188} INFO - [2026-03-18T07:50:32.311+0530] {dag.py:3834} INFO - Setting next_dagrun for example_short_circuit_decorator to 2026-03-17 00:00:00+00:00, run_after=2026-03-18 00:00:00+00:00
[2026-03-18T07:50:32.317+0530] {processor.py:183} INFO - Processing /Users/vybhavswaroop/Desktop/untitled folder 3/ecommerce_platform/venv/lib/python3.11/site-packages/airflow/example_dags/example_short_circuit_decorator.py took 0.065 seconds
[2026-03-18T07:51:59.035+0530] {processor.py:161} INFO - Started process (PID=9739) to work on /Users/vybhavswaroop/Desktop/untitled folder 3/ecommerce_platform/venv/lib/python3.11/site-packages/airflow/example_dags/example_short_circuit_decorator.py
[2026-03-18T07:51:59.036+0530] {processor.py:830} INFO - Processing file /Users/vybhavswaroop/Desktop/untitled folder 3/ecommerce_platform/venv/lib/python3.11/site-packages/airflow/example_dags/example_short_circuit_decorator.py for tasks to queue
[2026-03-18T07:51:59.037+0530] {logging_mixin.py:188} INFO - [2026-03-18T07:51:59.037+0530] {dagbag.py:540} INFO - Filling up the DagBag from /Users/vybhavswaroop/Desktop/untitled folder 3/ecommerce_platform/venv/lib/python3.11/site-packages/airflow/example_dags/example_short_circuit_decorator.py
[2026-03-18T07:51:59.051+0530] {processor.py:840} INFO - DAG(s) 'example_short_circuit_decorator' retrieved from /Users/vybhavswaroop/Desktop/untitled folder 3/ecommerce_platform/venv/lib/python3.11/site-packages/airflow/example_dags/example_short_circuit_decorator.py
[2026-03-18T07:51:59.087+0530] {logging_mixin.py:188} INFO - [2026-03-18T07:51:59.087+0530] {dag.py:3047} INFO - Sync 1 DAGs
[2026-03-18T07:51:59.093+0530] {logging_mixin.py:188} INFO - [2026-03-18T07:51:59.093+0530] {dag.py:3834} INFO - Setting next_dagrun for example_short_circuit_decorator to 2026-03-17 00:00:00+00:00, run_after=2026-03-18 00:00:00+00:00
[2026-03-18T07:51:59.099+0530] {processor.py:183} INFO - Processing /Users/vybhavswaroop/Desktop/untitled folder 3/ecommerce_platform/venv/lib/python3.11/site-packages/airflow/example_dags/example_short_circuit_decorator.py took 0.064 seconds
[2026-03-18T07:53:30.565+0530] {processor.py:161} INFO - Started process (PID=10834) to work on /Users/vybhavswaroop/Desktop/untitled folder 3/ecommerce_platform/venv/lib/python3.11/site-packages/airflow/example_dags/example_short_circuit_decorator.py
[2026-03-18T07:53:30.566+0530] {processor.py:830} INFO - Processing file /Users/vybhavswaroop/Desktop/untitled folder 3/ecommerce_platform/venv/lib/python3.11/site-packages/airflow/example_dags/example_short_circuit_decorator.py for tasks to queue
[2026-03-18T07:53:30.567+0530] {logging_mixin.py:188} INFO - [2026-03-18T07:53:30.566+0530] {dagbag.py:540} INFO - Filling up the DagBag from /Users/vybhavswaroop/Desktop/untitled folder 3/ecommerce_platform/venv/lib/python3.11/site-packages/airflow/example_dags/example_short_circuit_decorator.py
[2026-03-18T07:53:30.580+0530] {processor.py:840} INFO - DAG(s) 'example_short_circuit_decorator' retrieved from /Users/vybhavswaroop/Desktop/untitled folder 3/ecommerce_platform/venv/lib/python3.11/site-packages/airflow/example_dags/example_short_circuit_decorator.py
[2026-03-18T07:53:30.641+0530] {logging_mixin.py:188} INFO - [2026-03-18T07:53:30.641+0530] {dag.py:3047} INFO - Sync 1 DAGs
[2026-03-18T07:53:30.646+0530] {logging_mixin.py:188} INFO - [2026-03-18T07:53:30.646+0530] {dag.py:3834} INFO - Setting next_dagrun for example_short_circuit_decorator to 2026-03-17 00:00:00+00:00, run_after=2026-03-18 00:00:00+00:00
[2026-03-18T07:53:30.652+0530] {processor.py:183} INFO - Processing /Users/vybhavswaroop/Desktop/untitled folder 3/ecommerce_platform/venv/lib/python3.11/site-packages/airflow/example_dags/example_short_circuit_decorator.py took 0.087 seconds
[2026-03-18T07:55:35.041+0530] {processor.py:161} INFO - Started process (PID=11199) to work on /Users/vybhavswaroop/Desktop/untitled folder 3/ecommerce_platform/venv/lib/python3.11/site-packages/airflow/example_dags/example_short_circuit_decorator.py
[2026-03-18T07:55:35.043+0530] {processor.py:830} INFO - Processing file /Users/vybhavswaroop/Desktop/untitled folder 3/ecommerce_platform/venv/lib/python3.11/site-packages/airflow/example_dags/example_short_circuit_decorator.py for tasks to queue
[2026-03-18T07:55:35.043+0530] {logging_mixin.py:188} INFO - [2026-03-18T07:55:35.043+0530] {dagbag.py:540} INFO - Filling up the DagBag from /Users/vybhavswaroop/Desktop/untitled folder 3/ecommerce_platform/venv/lib/python3.11/site-packages/airflow/example_dags/example_short_circuit_decorator.py
[2026-03-18T07:55:35.056+0530] {processor.py:840} INFO - DAG(s) 'example_short_circuit_decorator' retrieved from /Users/vybhavswaroop/Desktop/untitled folder 3/ecommerce_platform/venv/lib/python3.11/site-packages/airflow/example_dags/example_short_circuit_decorator.py
[2026-03-18T07:55:35.094+0530] {logging_mixin.py:188} INFO - [2026-03-18T07:55:35.093+0530] {dag.py:3047} INFO - Sync 1 DAGs
[2026-03-18T07:55:35.099+0530] {logging_mixin.py:188} INFO - [2026-03-18T07:55:35.099+0530] {dag.py:3834} INFO - Setting next_dagrun for example_short_circuit_decorator to 2026-03-17 00:00:00+00:00, run_after=2026-03-18 00:00:00+00:00
[2026-03-18T07:55:35.105+0530] {processor.py:183} INFO - Processing /Users/vybhavswaroop/Desktop/untitled folder 3/ecommerce_platform/venv/lib/python3.11/site-packages/airflow/example_dags/example_short_circuit_decorator.py took 0.064 seconds
[2026-03-18T07:57:05.758+0530] {processor.py:161} INFO - Started process (PID=11460) to work on /Users/vybhavswaroop/Desktop/untitled folder 3/ecommerce_platform/venv/lib/python3.11/site-packages/airflow/example_dags/example_short_circuit_decorator.py
[2026-03-18T07:57:05.759+0530] {processor.py:830} INFO - Processing file /Users/vybhavswaroop/Desktop/untitled folder 3/ecommerce_platform/venv/lib/python3.11/site-packages/airflow/example_dags/example_short_circuit_decorator.py for tasks to queue
[2026-03-18T07:57:05.759+0530] {logging_mixin.py:188} INFO - [2026-03-18T07:57:05.759+0530] {dagbag.py:540} INFO - Filling up the DagBag from /Users/vybhavswaroop/Desktop/untitled folder 3/ecommerce_platform/venv/lib/python3.11/site-packages/airflow/example_dags/example_short_circuit_decorator.py
[2026-03-18T07:57:05.772+0530] {processor.py:840} INFO - DAG(s) 'example_short_circuit_decorator' retrieved from /Users/vybhavswaroop/Desktop/untitled folder 3/ecommerce_platform/venv/lib/python3.11/site-packages/airflow/example_dags/example_short_circuit_decorator.py
[2026-03-18T07:57:05.807+0530] {logging_mixin.py:188} INFO - [2026-03-18T07:57:05.807+0530] {dag.py:3047} INFO - Sync 1 DAGs
[2026-03-18T07:57:05.812+0530] {logging_mixin.py:188} INFO - [2026-03-18T07:57:05.812+0530] {dag.py:3834} INFO - Setting next_dagrun for example_short_circuit_decorator to 2026-03-17 00:00:00+00:00, run_after=2026-03-18 00:00:00+00:00
[2026-03-18T07:57:05.818+0530] {processor.py:183} INFO - Processing /Users/vybhavswaroop/Desktop/untitled folder 3/ecommerce_platform/venv/lib/python3.11/site-packages/airflow/example_dags/example_short_circuit_decorator.py took 0.060 seconds
[2026-03-18T07:58:31.145+0530] {processor.py:161} INFO - Started process (PID=11706) to work on /Users/vybhavswaroop/Desktop/untitled folder 3/ecommerce_platform/venv/lib/python3.11/site-packages/airflow/example_dags/example_short_circuit_decorator.py
[2026-03-18T07:58:31.146+0530] {processor.py:830} INFO - Processing file /Users/vybhavswaroop/Desktop/untitled folder 3/ecommerce_platform/venv/lib/python3.11/site-packages/airflow/example_dags/example_short_circuit_decorator.py for tasks to queue
[2026-03-18T07:58:31.146+0530] {logging_mixin.py:188} INFO - [2026-03-18T07:58:31.146+0530] {dagbag.py:540} INFO - Filling up the DagBag from /Users/vybhavswaroop/Desktop/untitled folder 3/ecommerce_platform/venv/lib/python3.11/site-packages/airflow/example_dags/example_short_circuit_decorator.py
[2026-03-18T07:58:31.161+0530] {processor.py:840} INFO - DAG(s) 'example_short_circuit_decorator' retrieved from /Users/vybhavswaroop/Desktop/untitled folder 3/ecommerce_platform/venv/lib/python3.11/site-packages/airflow/example_dags/example_short_circuit_decorator.py
[2026-03-18T07:58:31.199+0530] {logging_mixin.py:188} INFO - [2026-03-18T07:58:31.199+0530] {dag.py:3047} INFO - Sync 1 DAGs
[2026-03-18T07:58:31.204+0530] {logging_mixin.py:188} INFO - [2026-03-18T07:58:31.204+0530] {dag.py:3834} INFO - Setting next_dagrun for example_short_circuit_decorator to 2026-03-17 00:00:00+00:00, run_after=2026-03-18 00:00:00+00:00
[2026-03-18T07:58:31.211+0530] {processor.py:183} INFO - Processing /Users/vybhavswaroop/Desktop/untitled folder 3/ecommerce_platform/venv/lib/python3.11/site-packages/airflow/example_dags/example_short_circuit_decorator.py took 0.066 seconds
