[2026-03-18T05:59:03.078+0530] {processor.py:161} INFO - Started process (PID=97287) to work on /Users/vybhavswaroop/Desktop/untitled folder 3/ecommerce_platform/venv/lib/python3.11/site-packages/airflow/example_dags/example_xcomargs.py
[2026-03-18T05:59:03.080+0530] {processor.py:830} INFO - Processing file /Users/vybhavswaroop/Desktop/untitled folder 3/ecommerce_platform/venv/lib/python3.11/site-packages/airflow/example_dags/example_xcomargs.py for tasks to queue
[2026-03-18T05:59:03.080+0530] {logging_mixin.py:188} INFO - [2026-03-18T05:59:03.080+0530] {dagbag.py:540} INFO - Filling up the DagBag from /Users/vybhavswaroop/Desktop/untitled folder 3/ecommerce_platform/venv/lib/python3.11/site-packages/airflow/example_dags/example_xcomargs.py
[2026-03-18T05:59:03.113+0530] {processor.py:840} INFO - DAG(s) 'example_xcom_args_with_operators', 'example_xcom_args' retrieved from /Users/vybhavswaroop/Desktop/untitled folder 3/ecommerce_platform/venv/lib/python3.11/site-packages/airflow/example_dags/example_xcomargs.py
[2026-03-18T05:59:03.205+0530] {logging_mixin.py:188} INFO - [2026-03-18T05:59:03.204+0530] {dag.py:3047} INFO - Sync 2 DAGs
[2026-03-18T05:59:03.212+0530] {logging_mixin.py:188} INFO - [2026-03-18T05:59:03.212+0530] {dag.py:3834} INFO - Setting next_dagrun for example_xcom_args to None, run_after=None
[2026-03-18T05:59:03.214+0530] {logging_mixin.py:188} INFO - [2026-03-18T05:59:03.214+0530] {dag.py:3834} INFO - Setting next_dagrun for example_xcom_args_with_operators to None, run_after=None
[2026-03-18T05:59:03.230+0530] {processor.py:183} INFO - Processing /Users/vybhavswaroop/Desktop/untitled folder 3/ecommerce_platform/venv/lib/python3.11/site-packages/airflow/example_dags/example_xcomargs.py took 0.152 seconds
[2026-03-18T07:20:02.446+0530] {processor.py:161} INFO - Started process (PID=99398) to work on /Users/vybhavswaroop/Desktop/untitled folder 3/ecommerce_platform/venv/lib/python3.11/site-packages/airflow/example_dags/example_xcomargs.py
[2026-03-18T07:20:02.447+0530] {processor.py:830} INFO - Processing file /Users/vybhavswaroop/Desktop/untitled folder 3/ecommerce_platform/venv/lib/python3.11/site-packages/airflow/example_dags/example_xcomargs.py for tasks to queue
[2026-03-18T07:20:02.447+0530] {logging_mixin.py:188} INFO - [2026-03-18T07:20:02.447+0530] {dagbag.py:540} INFO - Filling up the DagBag from /Users/vybhavswaroop/Desktop/untitled folder 3/ecommerce_platform/venv/lib/python3.11/site-packages/airflow/example_dags/example_xcomargs.py
[2026-03-18T07:20:02.461+0530] {processor.py:840} INFO - DAG(s) 'example_xcom_args_with_operators', 'example_xcom_args' retrieved from /Users/vybhavswaroop/Desktop/untitled folder 3/ecommerce_platform/venv/lib/python3.11/site-packages/airflow/example_dags/example_xcomargs.py
[2026-03-18T07:20:02.498+0530] {logging_mixin.py:188} INFO - [2026-03-18T07:20:02.498+0530] {dag.py:3047} INFO - Sync 2 DAGs
[2026-03-18T07:20:02.501+0530] {logging_mixin.py:188} INFO - [2026-03-18T07:20:02.501+0530] {dag.py:3834} INFO - Setting next_dagrun for example_xcom_args to None, run_after=None
[2026-03-18T07:20:02.502+0530] {logging_mixin.py:188} INFO - [2026-03-18T07:20:02.502+0530] {dag.py:3834} INFO - Setting next_dagrun for example_xcom_args_with_operators to None, run_after=None
[2026-03-18T07:20:02.509+0530] {processor.py:183} INFO - Processing /Users/vybhavswaroop/Desktop/untitled folder 3/ecommerce_platform/venv/lib/python3.11/site-packages/airflow/example_dags/example_xcomargs.py took 0.064 seconds
[2026-03-18T07:21:00.679+0530] {processor.py:161} INFO - Started process (PID=1643) to work on /Users/vybhavswaroop/Desktop/untitled folder 3/ecommerce_platform/venv/lib/python3.11/site-packages/airflow/example_dags/example_xcomargs.py
[2026-03-18T07:21:00.680+0530] {processor.py:830} INFO - Processing file /Users/vybhavswaroop/Desktop/untitled folder 3/ecommerce_platform/venv/lib/python3.11/site-packages/airflow/example_dags/example_xcomargs.py for tasks to queue
[2026-03-18T07:21:00.681+0530] {logging_mixin.py:188} INFO - [2026-03-18T07:21:00.680+0530] {dagbag.py:540} INFO - Filling up the DagBag from /Users/vybhavswaroop/Desktop/untitled folder 3/ecommerce_platform/venv/lib/python3.11/site-packages/airflow/example_dags/example_xcomargs.py
[2026-03-18T07:21:00.693+0530] {processor.py:840} INFO - DAG(s) 'example_xcom_args_with_operators', 'example_xcom_args' retrieved from /Users/vybhavswaroop/Desktop/untitled folder 3/ecommerce_platform/venv/lib/python3.11/site-packages/airflow/example_dags/example_xcomargs.py
[2026-03-18T07:21:00.728+0530] {logging_mixin.py:188} INFO - [2026-03-18T07:21:00.728+0530] {dag.py:3047} INFO - Sync 2 DAGs
[2026-03-18T07:21:00.730+0530] {logging_mixin.py:188} INFO - [2026-03-18T07:21:00.730+0530] {dag.py:3834} INFO - Setting next_dagrun for example_xcom_args to None, run_after=None
[2026-03-18T07:21:00.731+0530] {logging_mixin.py:188} INFO - [2026-03-18T07:21:00.731+0530] {dag.py:3834} INFO - Setting next_dagrun for example_xcom_args_with_operators to None, run_after=None
[2026-03-18T07:21:00.737+0530] {processor.py:183} INFO - Processing /Users/vybhavswaroop/Desktop/untitled folder 3/ecommerce_platform/venv/lib/python3.11/site-packages/airflow/example_dags/example_xcomargs.py took 0.058 seconds
[2026-03-18T07:21:57.811+0530] {processor.py:161} INFO - Started process (PID=2917) to work on /Users/vybhavswaroop/Desktop/untitled folder 3/ecommerce_platform/venv/lib/python3.11/site-packages/airflow/example_dags/example_xcomargs.py
[2026-03-18T07:21:57.813+0530] {processor.py:830} INFO - Processing file /Users/vybhavswaroop/Desktop/untitled folder 3/ecommerce_platform/venv/lib/python3.11/site-packages/airflow/example_dags/example_xcomargs.py for tasks to queue
[2026-03-18T07:21:57.813+0530] {logging_mixin.py:188} INFO - [2026-03-18T07:21:57.813+0530] {dagbag.py:540} INFO - Filling up the DagBag from /Users/vybhavswaroop/Desktop/untitled folder 3/ecommerce_platform/venv/lib/python3.11/site-packages/airflow/example_dags/example_xcomargs.py
[2026-03-18T07:21:57.826+0530] {processor.py:840} INFO - DAG(s) 'example_xcom_args_with_operators', 'example_xcom_args' retrieved from /Users/vybhavswaroop/Desktop/untitled folder 3/ecommerce_platform/venv/lib/python3.11/site-packages/airflow/example_dags/example_xcomargs.py
[2026-03-18T07:21:57.904+0530] {logging_mixin.py:188} INFO - [2026-03-18T07:21:57.904+0530] {dag.py:3047} INFO - Sync 2 DAGs
[2026-03-18T07:21:57.907+0530] {logging_mixin.py:188} INFO - [2026-03-18T07:21:57.907+0530] {dag.py:3834} INFO - Setting next_dagrun for example_xcom_args to None, run_after=None
[2026-03-18T07:21:57.907+0530] {logging_mixin.py:188} INFO - [2026-03-18T07:21:57.907+0530] {dag.py:3834} INFO - Setting next_dagrun for example_xcom_args_with_operators to None, run_after=None
[2026-03-18T07:21:57.913+0530] {processor.py:183} INFO - Processing /Users/vybhavswaroop/Desktop/untitled folder 3/ecommerce_platform/venv/lib/python3.11/site-packages/airflow/example_dags/example_xcomargs.py took 0.102 seconds
[2026-03-18T07:23:59.240+0530] {processor.py:161} INFO - Started process (PID=3349) to work on /Users/vybhavswaroop/Desktop/untitled folder 3/ecommerce_platform/venv/lib/python3.11/site-packages/airflow/example_dags/example_xcomargs.py
[2026-03-18T07:23:59.241+0530] {processor.py:830} INFO - Processing file /Users/vybhavswaroop/Desktop/untitled folder 3/ecommerce_platform/venv/lib/python3.11/site-packages/airflow/example_dags/example_xcomargs.py for tasks to queue
[2026-03-18T07:23:59.241+0530] {logging_mixin.py:188} INFO - [2026-03-18T07:23:59.241+0530] {dagbag.py:540} INFO - Filling up the DagBag from /Users/vybhavswaroop/Desktop/untitled folder 3/ecommerce_platform/venv/lib/python3.11/site-packages/airflow/example_dags/example_xcomargs.py
[2026-03-18T07:23:59.254+0530] {processor.py:840} INFO - DAG(s) 'example_xcom_args_with_operators', 'example_xcom_args' retrieved from /Users/vybhavswaroop/Desktop/untitled folder 3/ecommerce_platform/venv/lib/python3.11/site-packages/airflow/example_dags/example_xcomargs.py
[2026-03-18T07:23:59.291+0530] {logging_mixin.py:188} INFO - [2026-03-18T07:23:59.290+0530] {dag.py:3047} INFO - Sync 2 DAGs
[2026-03-18T07:23:59.293+0530] {logging_mixin.py:188} INFO - [2026-03-18T07:23:59.293+0530] {dag.py:3834} INFO - Setting next_dagrun for example_xcom_args to None, run_after=None
[2026-03-18T07:23:59.294+0530] {logging_mixin.py:188} INFO - [2026-03-18T07:23:59.294+0530] {dag.py:3834} INFO - Setting next_dagrun for example_xcom_args_with_operators to None, run_after=None
[2026-03-18T07:23:59.300+0530] {processor.py:183} INFO - Processing /Users/vybhavswaroop/Desktop/untitled folder 3/ecommerce_platform/venv/lib/python3.11/site-packages/airflow/example_dags/example_xcomargs.py took 0.061 seconds
[2026-03-18T07:25:25.652+0530] {processor.py:161} INFO - Started process (PID=3601) to work on /Users/vybhavswaroop/Desktop/untitled folder 3/ecommerce_platform/venv/lib/python3.11/site-packages/airflow/example_dags/example_xcomargs.py
[2026-03-18T07:25:25.653+0530] {processor.py:830} INFO - Processing file /Users/vybhavswaroop/Desktop/untitled folder 3/ecommerce_platform/venv/lib/python3.11/site-packages/airflow/example_dags/example_xcomargs.py for tasks to queue
[2026-03-18T07:25:25.653+0530] {logging_mixin.py:188} INFO - [2026-03-18T07:25:25.653+0530] {dagbag.py:540} INFO - Filling up the DagBag from /Users/vybhavswaroop/Desktop/untitled folder 3/ecommerce_platform/venv/lib/python3.11/site-packages/airflow/example_dags/example_xcomargs.py
[2026-03-18T07:25:25.667+0530] {processor.py:840} INFO - DAG(s) 'example_xcom_args', 'example_xcom_args_with_operators' retrieved from /Users/vybhavswaroop/Desktop/untitled folder 3/ecommerce_platform/venv/lib/python3.11/site-packages/airflow/example_dags/example_xcomargs.py
[2026-03-18T07:25:25.702+0530] {logging_mixin.py:188} INFO - [2026-03-18T07:25:25.702+0530] {dag.py:3047} INFO - Sync 2 DAGs
[2026-03-18T07:25:25.704+0530] {logging_mixin.py:188} INFO - [2026-03-18T07:25:25.704+0530] {dag.py:3834} INFO - Setting next_dagrun for example_xcom_args to None, run_after=None
[2026-03-18T07:25:25.705+0530] {logging_mixin.py:188} INFO - [2026-03-18T07:25:25.705+0530] {dag.py:3834} INFO - Setting next_dagrun for example_xcom_args_with_operators to None, run_after=None
[2026-03-18T07:25:25.712+0530] {processor.py:183} INFO - Processing /Users/vybhavswaroop/Desktop/untitled folder 3/ecommerce_platform/venv/lib/python3.11/site-packages/airflow/example_dags/example_xcomargs.py took 0.060 seconds
[2026-03-18T07:26:49.804+0530] {processor.py:161} INFO - Started process (PID=3851) to work on /Users/vybhavswaroop/Desktop/untitled folder 3/ecommerce_platform/venv/lib/python3.11/site-packages/airflow/example_dags/example_xcomargs.py
[2026-03-18T07:26:49.804+0530] {processor.py:830} INFO - Processing file /Users/vybhavswaroop/Desktop/untitled folder 3/ecommerce_platform/venv/lib/python3.11/site-packages/airflow/example_dags/example_xcomargs.py for tasks to queue
[2026-03-18T07:26:49.804+0530] {logging_mixin.py:188} INFO - [2026-03-18T07:26:49.804+0530] {dagbag.py:540} INFO - Filling up the DagBag from /Users/vybhavswaroop/Desktop/untitled folder 3/ecommerce_platform/venv/lib/python3.11/site-packages/airflow/example_dags/example_xcomargs.py
[2026-03-18T07:26:49.817+0530] {processor.py:840} INFO - DAG(s) 'example_xcom_args', 'example_xcom_args_with_operators' retrieved from /Users/vybhavswaroop/Desktop/untitled folder 3/ecommerce_platform/venv/lib/python3.11/site-packages/airflow/example_dags/example_xcomargs.py
[2026-03-18T07:26:49.852+0530] {logging_mixin.py:188} INFO - [2026-03-18T07:26:49.852+0530] {dag.py:3047} INFO - Sync 2 DAGs
[2026-03-18T07:26:49.854+0530] {logging_mixin.py:188} INFO - [2026-03-18T07:26:49.854+0530] {dag.py:3834} INFO - Setting next_dagrun for example_xcom_args to None, run_after=None
[2026-03-18T07:26:49.855+0530] {logging_mixin.py:188} INFO - [2026-03-18T07:26:49.855+0530] {dag.py:3834} INFO - Setting next_dagrun for example_xcom_args_with_operators to None, run_after=None
[2026-03-18T07:26:49.861+0530] {processor.py:183} INFO - Processing /Users/vybhavswaroop/Desktop/untitled folder 3/ecommerce_platform/venv/lib/python3.11/site-packages/airflow/example_dags/example_xcomargs.py took 0.058 seconds
[2026-03-18T07:28:12.629+0530] {processor.py:161} INFO - Started process (PID=4097) to work on /Users/vybhavswaroop/Desktop/untitled folder 3/ecommerce_platform/venv/lib/python3.11/site-packages/airflow/example_dags/example_xcomargs.py
[2026-03-18T07:28:12.630+0530] {processor.py:830} INFO - Processing file /Users/vybhavswaroop/Desktop/untitled folder 3/ecommerce_platform/venv/lib/python3.11/site-packages/airflow/example_dags/example_xcomargs.py for tasks to queue
[2026-03-18T07:28:12.630+0530] {logging_mixin.py:188} INFO - [2026-03-18T07:28:12.630+0530] {dagbag.py:540} INFO - Filling up the DagBag from /Users/vybhavswaroop/Desktop/untitled folder 3/ecommerce_platform/venv/lib/python3.11/site-packages/airflow/example_dags/example_xcomargs.py
[2026-03-18T07:28:12.643+0530] {processor.py:840} INFO - DAG(s) 'example_xcom_args', 'example_xcom_args_with_operators' retrieved from /Users/vybhavswaroop/Desktop/untitled folder 3/ecommerce_platform/venv/lib/python3.11/site-packages/airflow/example_dags/example_xcomargs.py
[2026-03-18T07:28:12.677+0530] {logging_mixin.py:188} INFO - [2026-03-18T07:28:12.677+0530] {dag.py:3047} INFO - Sync 2 DAGs
[2026-03-18T07:28:12.680+0530] {logging_mixin.py:188} INFO - [2026-03-18T07:28:12.680+0530] {dag.py:3834} INFO - Setting next_dagrun for example_xcom_args to None, run_after=None
[2026-03-18T07:28:12.680+0530] {logging_mixin.py:188} INFO - [2026-03-18T07:28:12.680+0530] {dag.py:3834} INFO - Setting next_dagrun for example_xcom_args_with_operators to None, run_after=None
[2026-03-18T07:28:12.686+0530] {processor.py:183} INFO - Processing /Users/vybhavswaroop/Desktop/untitled folder 3/ecommerce_platform/venv/lib/python3.11/site-packages/airflow/example_dags/example_xcomargs.py took 0.057 seconds
[2026-03-18T07:29:33.349+0530] {processor.py:161} INFO - Started process (PID=4336) to work on /Users/vybhavswaroop/Desktop/untitled folder 3/ecommerce_platform/venv/lib/python3.11/site-packages/airflow/example_dags/example_xcomargs.py
[2026-03-18T07:29:33.349+0530] {processor.py:830} INFO - Processing file /Users/vybhavswaroop/Desktop/untitled folder 3/ecommerce_platform/venv/lib/python3.11/site-packages/airflow/example_dags/example_xcomargs.py for tasks to queue
[2026-03-18T07:29:33.349+0530] {logging_mixin.py:188} INFO - [2026-03-18T07:29:33.349+0530] {dagbag.py:540} INFO - Filling up the DagBag from /Users/vybhavswaroop/Desktop/untitled folder 3/ecommerce_platform/venv/lib/python3.11/site-packages/airflow/example_dags/example_xcomargs.py
[2026-03-18T07:29:33.362+0530] {processor.py:840} INFO - DAG(s) 'example_xcom_args', 'example_xcom_args_with_operators' retrieved from /Users/vybhavswaroop/Desktop/untitled folder 3/ecommerce_platform/venv/lib/python3.11/site-packages/airflow/example_dags/example_xcomargs.py
[2026-03-18T07:29:33.397+0530] {logging_mixin.py:188} INFO - [2026-03-18T07:29:33.397+0530] {dag.py:3047} INFO - Sync 2 DAGs
[2026-03-18T07:29:33.400+0530] {logging_mixin.py:188} INFO - [2026-03-18T07:29:33.400+0530] {dag.py:3834} INFO - Setting next_dagrun for example_xcom_args to None, run_after=None
[2026-03-18T07:29:33.401+0530] {logging_mixin.py:188} INFO - [2026-03-18T07:29:33.400+0530] {dag.py:3834} INFO - Setting next_dagrun for example_xcom_args_with_operators to None, run_after=None
[2026-03-18T07:29:33.407+0530] {processor.py:183} INFO - Processing /Users/vybhavswaroop/Desktop/untitled folder 3/ecommerce_platform/venv/lib/python3.11/site-packages/airflow/example_dags/example_xcomargs.py took 0.059 seconds
[2026-03-18T07:30:54.552+0530] {processor.py:161} INFO - Started process (PID=4578) to work on /Users/vybhavswaroop/Desktop/untitled folder 3/ecommerce_platform/venv/lib/python3.11/site-packages/airflow/example_dags/example_xcomargs.py
[2026-03-18T07:30:54.552+0530] {processor.py:830} INFO - Processing file /Users/vybhavswaroop/Desktop/untitled folder 3/ecommerce_platform/venv/lib/python3.11/site-packages/airflow/example_dags/example_xcomargs.py for tasks to queue
[2026-03-18T07:30:54.553+0530] {logging_mixin.py:188} INFO - [2026-03-18T07:30:54.553+0530] {dagbag.py:540} INFO - Filling up the DagBag from /Users/vybhavswaroop/Desktop/untitled folder 3/ecommerce_platform/venv/lib/python3.11/site-packages/airflow/example_dags/example_xcomargs.py
[2026-03-18T07:30:54.566+0530] {processor.py:840} INFO - DAG(s) 'example_xcom_args_with_operators', 'example_xcom_args' retrieved from /Users/vybhavswaroop/Desktop/untitled folder 3/ecommerce_platform/venv/lib/python3.11/site-packages/airflow/example_dags/example_xcomargs.py
[2026-03-18T07:30:54.602+0530] {logging_mixin.py:188} INFO - [2026-03-18T07:30:54.601+0530] {dag.py:3047} INFO - Sync 2 DAGs
[2026-03-18T07:30:54.604+0530] {logging_mixin.py:188} INFO - [2026-03-18T07:30:54.604+0530] {dag.py:3834} INFO - Setting next_dagrun for example_xcom_args to None, run_after=None
[2026-03-18T07:30:54.605+0530] {logging_mixin.py:188} INFO - [2026-03-18T07:30:54.605+0530] {dag.py:3834} INFO - Setting next_dagrun for example_xcom_args_with_operators to None, run_after=None
[2026-03-18T07:30:54.611+0530] {processor.py:183} INFO - Processing /Users/vybhavswaroop/Desktop/untitled folder 3/ecommerce_platform/venv/lib/python3.11/site-packages/airflow/example_dags/example_xcomargs.py took 0.059 seconds
[2026-03-18T07:32:18.042+0530] {processor.py:161} INFO - Started process (PID=4826) to work on /Users/vybhavswaroop/Desktop/untitled folder 3/ecommerce_platform/venv/lib/python3.11/site-packages/airflow/example_dags/example_xcomargs.py
[2026-03-18T07:32:18.042+0530] {processor.py:830} INFO - Processing file /Users/vybhavswaroop/Desktop/untitled folder 3/ecommerce_platform/venv/lib/python3.11/site-packages/airflow/example_dags/example_xcomargs.py for tasks to queue
[2026-03-18T07:32:18.042+0530] {logging_mixin.py:188} INFO - [2026-03-18T07:32:18.042+0530] {dagbag.py:540} INFO - Filling up the DagBag from /Users/vybhavswaroop/Desktop/untitled folder 3/ecommerce_platform/venv/lib/python3.11/site-packages/airflow/example_dags/example_xcomargs.py
[2026-03-18T07:32:18.056+0530] {processor.py:840} INFO - DAG(s) 'example_xcom_args_with_operators', 'example_xcom_args' retrieved from /Users/vybhavswaroop/Desktop/untitled folder 3/ecommerce_platform/venv/lib/python3.11/site-packages/airflow/example_dags/example_xcomargs.py
[2026-03-18T07:32:18.092+0530] {logging_mixin.py:188} INFO - [2026-03-18T07:32:18.092+0530] {dag.py:3047} INFO - Sync 2 DAGs
[2026-03-18T07:32:18.096+0530] {logging_mixin.py:188} INFO - [2026-03-18T07:32:18.095+0530] {dag.py:3834} INFO - Setting next_dagrun for example_xcom_args to None, run_after=None
[2026-03-18T07:32:18.097+0530] {logging_mixin.py:188} INFO - [2026-03-18T07:32:18.097+0530] {dag.py:3834} INFO - Setting next_dagrun for example_xcom_args_with_operators to None, run_after=None
[2026-03-18T07:32:18.102+0530] {processor.py:183} INFO - Processing /Users/vybhavswaroop/Desktop/untitled folder 3/ecommerce_platform/venv/lib/python3.11/site-packages/airflow/example_dags/example_xcomargs.py took 0.061 seconds
[2026-03-18T07:33:42.790+0530] {processor.py:161} INFO - Started process (PID=5071) to work on /Users/vybhavswaroop/Desktop/untitled folder 3/ecommerce_platform/venv/lib/python3.11/site-packages/airflow/example_dags/example_xcomargs.py
[2026-03-18T07:33:42.790+0530] {processor.py:830} INFO - Processing file /Users/vybhavswaroop/Desktop/untitled folder 3/ecommerce_platform/venv/lib/python3.11/site-packages/airflow/example_dags/example_xcomargs.py for tasks to queue
[2026-03-18T07:33:42.791+0530] {logging_mixin.py:188} INFO - [2026-03-18T07:33:42.791+0530] {dagbag.py:540} INFO - Filling up the DagBag from /Users/vybhavswaroop/Desktop/untitled folder 3/ecommerce_platform/venv/lib/python3.11/site-packages/airflow/example_dags/example_xcomargs.py
[2026-03-18T07:33:42.804+0530] {processor.py:840} INFO - DAG(s) 'example_xcom_args_with_operators', 'example_xcom_args' retrieved from /Users/vybhavswaroop/Desktop/untitled folder 3/ecommerce_platform/venv/lib/python3.11/site-packages/airflow/example_dags/example_xcomargs.py
[2026-03-18T07:33:42.839+0530] {logging_mixin.py:188} INFO - [2026-03-18T07:33:42.839+0530] {dag.py:3047} INFO - Sync 2 DAGs
[2026-03-18T07:33:42.842+0530] {logging_mixin.py:188} INFO - [2026-03-18T07:33:42.842+0530] {dag.py:3834} INFO - Setting next_dagrun for example_xcom_args to None, run_after=None
[2026-03-18T07:33:42.843+0530] {logging_mixin.py:188} INFO - [2026-03-18T07:33:42.843+0530] {dag.py:3834} INFO - Setting next_dagrun for example_xcom_args_with_operators to None, run_after=None
[2026-03-18T07:33:42.849+0530] {processor.py:183} INFO - Processing /Users/vybhavswaroop/Desktop/untitled folder 3/ecommerce_platform/venv/lib/python3.11/site-packages/airflow/example_dags/example_xcomargs.py took 0.059 seconds
[2026-03-18T07:35:15.874+0530] {processor.py:161} INFO - Started process (PID=5396) to work on /Users/vybhavswaroop/Desktop/untitled folder 3/ecommerce_platform/venv/lib/python3.11/site-packages/airflow/example_dags/example_xcomargs.py
[2026-03-18T07:35:15.875+0530] {processor.py:830} INFO - Processing file /Users/vybhavswaroop/Desktop/untitled folder 3/ecommerce_platform/venv/lib/python3.11/site-packages/airflow/example_dags/example_xcomargs.py for tasks to queue
[2026-03-18T07:35:15.875+0530] {logging_mixin.py:188} INFO - [2026-03-18T07:35:15.875+0530] {dagbag.py:540} INFO - Filling up the DagBag from /Users/vybhavswaroop/Desktop/untitled folder 3/ecommerce_platform/venv/lib/python3.11/site-packages/airflow/example_dags/example_xcomargs.py
[2026-03-18T07:35:15.888+0530] {processor.py:840} INFO - DAG(s) 'example_xcom_args_with_operators', 'example_xcom_args' retrieved from /Users/vybhavswaroop/Desktop/untitled folder 3/ecommerce_platform/venv/lib/python3.11/site-packages/airflow/example_dags/example_xcomargs.py
[2026-03-18T07:35:15.924+0530] {logging_mixin.py:188} INFO - [2026-03-18T07:35:15.924+0530] {dag.py:3047} INFO - Sync 2 DAGs
[2026-03-18T07:35:15.927+0530] {logging_mixin.py:188} INFO - [2026-03-18T07:35:15.927+0530] {dag.py:3834} INFO - Setting next_dagrun for example_xcom_args to None, run_after=None
[2026-03-18T07:35:15.928+0530] {logging_mixin.py:188} INFO - [2026-03-18T07:35:15.928+0530] {dag.py:3834} INFO - Setting next_dagrun for example_xcom_args_with_operators to None, run_after=None
[2026-03-18T07:35:15.933+0530] {processor.py:183} INFO - Processing /Users/vybhavswaroop/Desktop/untitled folder 3/ecommerce_platform/venv/lib/python3.11/site-packages/airflow/example_dags/example_xcomargs.py took 0.060 seconds
[2026-03-18T07:36:48.629+0530] {processor.py:161} INFO - Started process (PID=5666) to work on /Users/vybhavswaroop/Desktop/untitled folder 3/ecommerce_platform/venv/lib/python3.11/site-packages/airflow/example_dags/example_xcomargs.py
[2026-03-18T07:36:48.630+0530] {processor.py:830} INFO - Processing file /Users/vybhavswaroop/Desktop/untitled folder 3/ecommerce_platform/venv/lib/python3.11/site-packages/airflow/example_dags/example_xcomargs.py for tasks to queue
[2026-03-18T07:36:48.630+0530] {logging_mixin.py:188} INFO - [2026-03-18T07:36:48.630+0530] {dagbag.py:540} INFO - Filling up the DagBag from /Users/vybhavswaroop/Desktop/untitled folder 3/ecommerce_platform/venv/lib/python3.11/site-packages/airflow/example_dags/example_xcomargs.py
[2026-03-18T07:36:48.643+0530] {processor.py:840} INFO - DAG(s) 'example_xcom_args_with_operators', 'example_xcom_args' retrieved from /Users/vybhavswaroop/Desktop/untitled folder 3/ecommerce_platform/venv/lib/python3.11/site-packages/airflow/example_dags/example_xcomargs.py
[2026-03-18T07:36:48.678+0530] {logging_mixin.py:188} INFO - [2026-03-18T07:36:48.678+0530] {dag.py:3047} INFO - Sync 2 DAGs
[2026-03-18T07:36:48.681+0530] {logging_mixin.py:188} INFO - [2026-03-18T07:36:48.681+0530] {dag.py:3834} INFO - Setting next_dagrun for example_xcom_args to None, run_after=None
[2026-03-18T07:36:48.682+0530] {logging_mixin.py:188} INFO - [2026-03-18T07:36:48.682+0530] {dag.py:3834} INFO - Setting next_dagrun for example_xcom_args_with_operators to None, run_after=None
[2026-03-18T07:36:48.687+0530] {processor.py:183} INFO - Processing /Users/vybhavswaroop/Desktop/untitled folder 3/ecommerce_platform/venv/lib/python3.11/site-packages/airflow/example_dags/example_xcomargs.py took 0.059 seconds
[2026-03-18T07:38:19.175+0530] {processor.py:161} INFO - Started process (PID=5984) to work on /Users/vybhavswaroop/Desktop/untitled folder 3/ecommerce_platform/venv/lib/python3.11/site-packages/airflow/example_dags/example_xcomargs.py
[2026-03-18T07:38:19.176+0530] {processor.py:830} INFO - Processing file /Users/vybhavswaroop/Desktop/untitled folder 3/ecommerce_platform/venv/lib/python3.11/site-packages/airflow/example_dags/example_xcomargs.py for tasks to queue
[2026-03-18T07:38:19.176+0530] {logging_mixin.py:188} INFO - [2026-03-18T07:38:19.176+0530] {dagbag.py:540} INFO - Filling up the DagBag from /Users/vybhavswaroop/Desktop/untitled folder 3/ecommerce_platform/venv/lib/python3.11/site-packages/airflow/example_dags/example_xcomargs.py
[2026-03-18T07:38:19.189+0530] {processor.py:840} INFO - DAG(s) 'example_xcom_args_with_operators', 'example_xcom_args' retrieved from /Users/vybhavswaroop/Desktop/untitled folder 3/ecommerce_platform/venv/lib/python3.11/site-packages/airflow/example_dags/example_xcomargs.py
[2026-03-18T07:38:19.224+0530] {logging_mixin.py:188} INFO - [2026-03-18T07:38:19.223+0530] {dag.py:3047} INFO - Sync 2 DAGs
[2026-03-18T07:38:19.226+0530] {logging_mixin.py:188} INFO - [2026-03-18T07:38:19.226+0530] {dag.py:3834} INFO - Setting next_dagrun for example_xcom_args to None, run_after=None
[2026-03-18T07:38:19.227+0530] {logging_mixin.py:188} INFO - [2026-03-18T07:38:19.227+0530] {dag.py:3834} INFO - Setting next_dagrun for example_xcom_args_with_operators to None, run_after=None
[2026-03-18T07:38:19.233+0530] {processor.py:183} INFO - Processing /Users/vybhavswaroop/Desktop/untitled folder 3/ecommerce_platform/venv/lib/python3.11/site-packages/airflow/example_dags/example_xcomargs.py took 0.059 seconds
[2026-03-18T07:39:45.917+0530] {processor.py:161} INFO - Started process (PID=6261) to work on /Users/vybhavswaroop/Desktop/untitled folder 3/ecommerce_platform/venv/lib/python3.11/site-packages/airflow/example_dags/example_xcomargs.py
[2026-03-18T07:39:45.918+0530] {processor.py:830} INFO - Processing file /Users/vybhavswaroop/Desktop/untitled folder 3/ecommerce_platform/venv/lib/python3.11/site-packages/airflow/example_dags/example_xcomargs.py for tasks to queue
[2026-03-18T07:39:45.918+0530] {logging_mixin.py:188} INFO - [2026-03-18T07:39:45.918+0530] {dagbag.py:540} INFO - Filling up the DagBag from /Users/vybhavswaroop/Desktop/untitled folder 3/ecommerce_platform/venv/lib/python3.11/site-packages/airflow/example_dags/example_xcomargs.py
[2026-03-18T07:39:45.931+0530] {processor.py:840} INFO - DAG(s) 'example_xcom_args', 'example_xcom_args_with_operators' retrieved from /Users/vybhavswaroop/Desktop/untitled folder 3/ecommerce_platform/venv/lib/python3.11/site-packages/airflow/example_dags/example_xcomargs.py
[2026-03-18T07:39:45.966+0530] {logging_mixin.py:188} INFO - [2026-03-18T07:39:45.966+0530] {dag.py:3047} INFO - Sync 2 DAGs
[2026-03-18T07:39:45.969+0530] {logging_mixin.py:188} INFO - [2026-03-18T07:39:45.969+0530] {dag.py:3834} INFO - Setting next_dagrun for example_xcom_args to None, run_after=None
[2026-03-18T07:39:45.970+0530] {logging_mixin.py:188} INFO - [2026-03-18T07:39:45.970+0530] {dag.py:3834} INFO - Setting next_dagrun for example_xcom_args_with_operators to None, run_after=None
[2026-03-18T07:39:45.975+0530] {processor.py:183} INFO - Processing /Users/vybhavswaroop/Desktop/untitled folder 3/ecommerce_platform/venv/lib/python3.11/site-packages/airflow/example_dags/example_xcomargs.py took 0.058 seconds
[2026-03-18T07:41:19.820+0530] {processor.py:161} INFO - Started process (PID=6611) to work on /Users/vybhavswaroop/Desktop/untitled folder 3/ecommerce_platform/venv/lib/python3.11/site-packages/airflow/example_dags/example_xcomargs.py
[2026-03-18T07:41:19.822+0530] {processor.py:830} INFO - Processing file /Users/vybhavswaroop/Desktop/untitled folder 3/ecommerce_platform/venv/lib/python3.11/site-packages/airflow/example_dags/example_xcomargs.py for tasks to queue
[2026-03-18T07:41:19.822+0530] {logging_mixin.py:188} INFO - [2026-03-18T07:41:19.822+0530] {dagbag.py:540} INFO - Filling up the DagBag from /Users/vybhavswaroop/Desktop/untitled folder 3/ecommerce_platform/venv/lib/python3.11/site-packages/airflow/example_dags/example_xcomargs.py
[2026-03-18T07:41:19.835+0530] {processor.py:840} INFO - DAG(s) 'example_xcom_args', 'example_xcom_args_with_operators' retrieved from /Users/vybhavswaroop/Desktop/untitled folder 3/ecommerce_platform/venv/lib/python3.11/site-packages/airflow/example_dags/example_xcomargs.py
[2026-03-18T07:41:19.871+0530] {logging_mixin.py:188} INFO - [2026-03-18T07:41:19.871+0530] {dag.py:3047} INFO - Sync 2 DAGs
[2026-03-18T07:41:19.874+0530] {logging_mixin.py:188} INFO - [2026-03-18T07:41:19.874+0530] {dag.py:3834} INFO - Setting next_dagrun for example_xcom_args to None, run_after=None
[2026-03-18T07:41:19.875+0530] {logging_mixin.py:188} INFO - [2026-03-18T07:41:19.875+0530] {dag.py:3834} INFO - Setting next_dagrun for example_xcom_args_with_operators to None, run_after=None
[2026-03-18T07:41:19.881+0530] {processor.py:183} INFO - Processing /Users/vybhavswaroop/Desktop/untitled folder 3/ecommerce_platform/venv/lib/python3.11/site-packages/airflow/example_dags/example_xcomargs.py took 0.062 seconds
[2026-03-18T07:42:58.952+0530] {processor.py:161} INFO - Started process (PID=6976) to work on /Users/vybhavswaroop/Desktop/untitled folder 3/ecommerce_platform/venv/lib/python3.11/site-packages/airflow/example_dags/example_xcomargs.py
[2026-03-18T07:42:58.954+0530] {processor.py:830} INFO - Processing file /Users/vybhavswaroop/Desktop/untitled folder 3/ecommerce_platform/venv/lib/python3.11/site-packages/airflow/example_dags/example_xcomargs.py for tasks to queue
[2026-03-18T07:42:58.954+0530] {logging_mixin.py:188} INFO - [2026-03-18T07:42:58.954+0530] {dagbag.py:540} INFO - Filling up the DagBag from /Users/vybhavswaroop/Desktop/untitled folder 3/ecommerce_platform/venv/lib/python3.11/site-packages/airflow/example_dags/example_xcomargs.py
[2026-03-18T07:42:58.967+0530] {processor.py:840} INFO - DAG(s) 'example_xcom_args', 'example_xcom_args_with_operators' retrieved from /Users/vybhavswaroop/Desktop/untitled folder 3/ecommerce_platform/venv/lib/python3.11/site-packages/airflow/example_dags/example_xcomargs.py
[2026-03-18T07:42:59.002+0530] {logging_mixin.py:188} INFO - [2026-03-18T07:42:59.002+0530] {dag.py:3047} INFO - Sync 2 DAGs
[2026-03-18T07:42:59.005+0530] {logging_mixin.py:188} INFO - [2026-03-18T07:42:59.005+0530] {dag.py:3834} INFO - Setting next_dagrun for example_xcom_args to None, run_after=None
[2026-03-18T07:42:59.006+0530] {logging_mixin.py:188} INFO - [2026-03-18T07:42:59.006+0530] {dag.py:3834} INFO - Setting next_dagrun for example_xcom_args_with_operators to None, run_after=None
[2026-03-18T07:42:59.017+0530] {processor.py:183} INFO - Processing /Users/vybhavswaroop/Desktop/untitled folder 3/ecommerce_platform/venv/lib/python3.11/site-packages/airflow/example_dags/example_xcomargs.py took 0.065 seconds
[2026-03-18T07:44:31.090+0530] {processor.py:161} INFO - Started process (PID=7318) to work on /Users/vybhavswaroop/Desktop/untitled folder 3/ecommerce_platform/venv/lib/python3.11/site-packages/airflow/example_dags/example_xcomargs.py
[2026-03-18T07:44:31.092+0530] {processor.py:830} INFO - Processing file /Users/vybhavswaroop/Desktop/untitled folder 3/ecommerce_platform/venv/lib/python3.11/site-packages/airflow/example_dags/example_xcomargs.py for tasks to queue
[2026-03-18T07:44:31.092+0530] {logging_mixin.py:188} INFO - [2026-03-18T07:44:31.092+0530] {dagbag.py:540} INFO - Filling up the DagBag from /Users/vybhavswaroop/Desktop/untitled folder 3/ecommerce_platform/venv/lib/python3.11/site-packages/airflow/example_dags/example_xcomargs.py
[2026-03-18T07:44:31.105+0530] {processor.py:840} INFO - DAG(s) 'example_xcom_args_with_operators', 'example_xcom_args' retrieved from /Users/vybhavswaroop/Desktop/untitled folder 3/ecommerce_platform/venv/lib/python3.11/site-packages/airflow/example_dags/example_xcomargs.py
[2026-03-18T07:44:31.141+0530] {logging_mixin.py:188} INFO - [2026-03-18T07:44:31.141+0530] {dag.py:3047} INFO - Sync 2 DAGs
[2026-03-18T07:44:31.144+0530] {logging_mixin.py:188} INFO - [2026-03-18T07:44:31.144+0530] {dag.py:3834} INFO - Setting next_dagrun for example_xcom_args to None, run_after=None
[2026-03-18T07:44:31.145+0530] {logging_mixin.py:188} INFO - [2026-03-18T07:44:31.144+0530] {dag.py:3834} INFO - Setting next_dagrun for example_xcom_args_with_operators to None, run_after=None
[2026-03-18T07:44:31.150+0530] {processor.py:183} INFO - Processing /Users/vybhavswaroop/Desktop/untitled folder 3/ecommerce_platform/venv/lib/python3.11/site-packages/airflow/example_dags/example_xcomargs.py took 0.060 seconds
[2026-03-18T07:45:54.940+0530] {processor.py:161} INFO - Started process (PID=7599) to work on /Users/vybhavswaroop/Desktop/untitled folder 3/ecommerce_platform/venv/lib/python3.11/site-packages/airflow/example_dags/example_xcomargs.py
[2026-03-18T07:45:54.942+0530] {processor.py:830} INFO - Processing file /Users/vybhavswaroop/Desktop/untitled folder 3/ecommerce_platform/venv/lib/python3.11/site-packages/airflow/example_dags/example_xcomargs.py for tasks to queue
[2026-03-18T07:45:54.942+0530] {logging_mixin.py:188} INFO - [2026-03-18T07:45:54.942+0530] {dagbag.py:540} INFO - Filling up the DagBag from /Users/vybhavswaroop/Desktop/untitled folder 3/ecommerce_platform/venv/lib/python3.11/site-packages/airflow/example_dags/example_xcomargs.py
[2026-03-18T07:45:54.956+0530] {processor.py:840} INFO - DAG(s) 'example_xcom_args', 'example_xcom_args_with_operators' retrieved from /Users/vybhavswaroop/Desktop/untitled folder 3/ecommerce_platform/venv/lib/python3.11/site-packages/airflow/example_dags/example_xcomargs.py
[2026-03-18T07:45:54.994+0530] {logging_mixin.py:188} INFO - [2026-03-18T07:45:54.994+0530] {dag.py:3047} INFO - Sync 2 DAGs
[2026-03-18T07:45:54.997+0530] {logging_mixin.py:188} INFO - [2026-03-18T07:45:54.997+0530] {dag.py:3834} INFO - Setting next_dagrun for example_xcom_args to None, run_after=None
[2026-03-18T07:45:54.998+0530] {logging_mixin.py:188} INFO - [2026-03-18T07:45:54.998+0530] {dag.py:3834} INFO - Setting next_dagrun for example_xcom_args_with_operators to None, run_after=None
[2026-03-18T07:45:55.003+0530] {processor.py:183} INFO - Processing /Users/vybhavswaroop/Desktop/untitled folder 3/ecommerce_platform/venv/lib/python3.11/site-packages/airflow/example_dags/example_xcomargs.py took 0.063 seconds
[2026-03-18T07:47:16.671+0530] {processor.py:161} INFO - Started process (PID=7843) to work on /Users/vybhavswaroop/Desktop/untitled folder 3/ecommerce_platform/venv/lib/python3.11/site-packages/airflow/example_dags/example_xcomargs.py
[2026-03-18T07:47:16.672+0530] {processor.py:830} INFO - Processing file /Users/vybhavswaroop/Desktop/untitled folder 3/ecommerce_platform/venv/lib/python3.11/site-packages/airflow/example_dags/example_xcomargs.py for tasks to queue
[2026-03-18T07:47:16.672+0530] {logging_mixin.py:188} INFO - [2026-03-18T07:47:16.672+0530] {dagbag.py:540} INFO - Filling up the DagBag from /Users/vybhavswaroop/Desktop/untitled folder 3/ecommerce_platform/venv/lib/python3.11/site-packages/airflow/example_dags/example_xcomargs.py
[2026-03-18T07:47:16.685+0530] {processor.py:840} INFO - DAG(s) 'example_xcom_args_with_operators', 'example_xcom_args' retrieved from /Users/vybhavswaroop/Desktop/untitled folder 3/ecommerce_platform/venv/lib/python3.11/site-packages/airflow/example_dags/example_xcomargs.py
[2026-03-18T07:47:16.721+0530] {logging_mixin.py:188} INFO - [2026-03-18T07:47:16.721+0530] {dag.py:3047} INFO - Sync 2 DAGs
[2026-03-18T07:47:16.724+0530] {logging_mixin.py:188} INFO - [2026-03-18T07:47:16.724+0530] {dag.py:3834} INFO - Setting next_dagrun for example_xcom_args to None, run_after=None
[2026-03-18T07:47:16.725+0530] {logging_mixin.py:188} INFO - [2026-03-18T07:47:16.725+0530] {dag.py:3834} INFO - Setting next_dagrun for example_xcom_args_with_operators to None, run_after=None
[2026-03-18T07:47:16.730+0530] {processor.py:183} INFO - Processing /Users/vybhavswaroop/Desktop/untitled folder 3/ecommerce_platform/venv/lib/python3.11/site-packages/airflow/example_dags/example_xcomargs.py took 0.059 seconds
[2026-03-18T07:48:40.752+0530] {processor.py:161} INFO - Started process (PID=8203) to work on /Users/vybhavswaroop/Desktop/untitled folder 3/ecommerce_platform/venv/lib/python3.11/site-packages/airflow/example_dags/example_xcomargs.py
[2026-03-18T07:48:40.753+0530] {processor.py:830} INFO - Processing file /Users/vybhavswaroop/Desktop/untitled folder 3/ecommerce_platform/venv/lib/python3.11/site-packages/airflow/example_dags/example_xcomargs.py for tasks to queue
[2026-03-18T07:48:40.753+0530] {logging_mixin.py:188} INFO - [2026-03-18T07:48:40.753+0530] {dagbag.py:540} INFO - Filling up the DagBag from /Users/vybhavswaroop/Desktop/untitled folder 3/ecommerce_platform/venv/lib/python3.11/site-packages/airflow/example_dags/example_xcomargs.py
[2026-03-18T07:48:40.765+0530] {processor.py:840} INFO - DAG(s) 'example_xcom_args', 'example_xcom_args_with_operators' retrieved from /Users/vybhavswaroop/Desktop/untitled folder 3/ecommerce_platform/venv/lib/python3.11/site-packages/airflow/example_dags/example_xcomargs.py
[2026-03-18T07:48:40.799+0530] {logging_mixin.py:188} INFO - [2026-03-18T07:48:40.799+0530] {dag.py:3047} INFO - Sync 2 DAGs
[2026-03-18T07:48:40.802+0530] {logging_mixin.py:188} INFO - [2026-03-18T07:48:40.802+0530] {dag.py:3834} INFO - Setting next_dagrun for example_xcom_args to None, run_after=None
[2026-03-18T07:48:40.803+0530] {logging_mixin.py:188} INFO - [2026-03-18T07:48:40.803+0530] {dag.py:3834} INFO - Setting next_dagrun for example_xcom_args_with_operators to None, run_after=None
[2026-03-18T07:48:40.808+0530] {processor.py:183} INFO - Processing /Users/vybhavswaroop/Desktop/untitled folder 3/ecommerce_platform/venv/lib/python3.11/site-packages/airflow/example_dags/example_xcomargs.py took 0.056 seconds
[2026-03-18T07:50:06.155+0530] {processor.py:161} INFO - Started process (PID=8794) to work on /Users/vybhavswaroop/Desktop/untitled folder 3/ecommerce_platform/venv/lib/python3.11/site-packages/airflow/example_dags/example_xcomargs.py
[2026-03-18T07:50:06.156+0530] {processor.py:830} INFO - Processing file /Users/vybhavswaroop/Desktop/untitled folder 3/ecommerce_platform/venv/lib/python3.11/site-packages/airflow/example_dags/example_xcomargs.py for tasks to queue
[2026-03-18T07:50:06.156+0530] {logging_mixin.py:188} INFO - [2026-03-18T07:50:06.156+0530] {dagbag.py:540} INFO - Filling up the DagBag from /Users/vybhavswaroop/Desktop/untitled folder 3/ecommerce_platform/venv/lib/python3.11/site-packages/airflow/example_dags/example_xcomargs.py
[2026-03-18T07:50:06.170+0530] {processor.py:840} INFO - DAG(s) 'example_xcom_args_with_operators', 'example_xcom_args' retrieved from /Users/vybhavswaroop/Desktop/untitled folder 3/ecommerce_platform/venv/lib/python3.11/site-packages/airflow/example_dags/example_xcomargs.py
[2026-03-18T07:50:06.208+0530] {logging_mixin.py:188} INFO - [2026-03-18T07:50:06.208+0530] {dag.py:3047} INFO - Sync 2 DAGs
[2026-03-18T07:50:06.212+0530] {logging_mixin.py:188} INFO - [2026-03-18T07:50:06.211+0530] {dag.py:3834} INFO - Setting next_dagrun for example_xcom_args to None, run_after=None
[2026-03-18T07:50:06.214+0530] {logging_mixin.py:188} INFO - [2026-03-18T07:50:06.214+0530] {dag.py:3834} INFO - Setting next_dagrun for example_xcom_args_with_operators to None, run_after=None
[2026-03-18T07:50:06.219+0530] {processor.py:183} INFO - Processing /Users/vybhavswaroop/Desktop/untitled folder 3/ecommerce_platform/venv/lib/python3.11/site-packages/airflow/example_dags/example_xcomargs.py took 0.065 seconds
[2026-03-18T07:51:33.351+0530] {processor.py:161} INFO - Started process (PID=9382) to work on /Users/vybhavswaroop/Desktop/untitled folder 3/ecommerce_platform/venv/lib/python3.11/site-packages/airflow/example_dags/example_xcomargs.py
[2026-03-18T07:51:33.352+0530] {processor.py:830} INFO - Processing file /Users/vybhavswaroop/Desktop/untitled folder 3/ecommerce_platform/venv/lib/python3.11/site-packages/airflow/example_dags/example_xcomargs.py for tasks to queue
[2026-03-18T07:51:33.352+0530] {logging_mixin.py:188} INFO - [2026-03-18T07:51:33.352+0530] {dagbag.py:540} INFO - Filling up the DagBag from /Users/vybhavswaroop/Desktop/untitled folder 3/ecommerce_platform/venv/lib/python3.11/site-packages/airflow/example_dags/example_xcomargs.py
[2026-03-18T07:51:33.365+0530] {processor.py:840} INFO - DAG(s) 'example_xcom_args', 'example_xcom_args_with_operators' retrieved from /Users/vybhavswaroop/Desktop/untitled folder 3/ecommerce_platform/venv/lib/python3.11/site-packages/airflow/example_dags/example_xcomargs.py
[2026-03-18T07:51:33.400+0530] {logging_mixin.py:188} INFO - [2026-03-18T07:51:33.400+0530] {dag.py:3047} INFO - Sync 2 DAGs
[2026-03-18T07:51:33.403+0530] {logging_mixin.py:188} INFO - [2026-03-18T07:51:33.403+0530] {dag.py:3834} INFO - Setting next_dagrun for example_xcom_args to None, run_after=None
[2026-03-18T07:51:33.404+0530] {logging_mixin.py:188} INFO - [2026-03-18T07:51:33.404+0530] {dag.py:3834} INFO - Setting next_dagrun for example_xcom_args_with_operators to None, run_after=None
[2026-03-18T07:51:33.408+0530] {processor.py:183} INFO - Processing /Users/vybhavswaroop/Desktop/untitled folder 3/ecommerce_platform/venv/lib/python3.11/site-packages/airflow/example_dags/example_xcomargs.py took 0.058 seconds
[2026-03-18T07:53:02.136+0530] {processor.py:161} INFO - Started process (PID=10750) to work on /Users/vybhavswaroop/Desktop/untitled folder 3/ecommerce_platform/venv/lib/python3.11/site-packages/airflow/example_dags/example_xcomargs.py
[2026-03-18T07:53:02.137+0530] {processor.py:830} INFO - Processing file /Users/vybhavswaroop/Desktop/untitled folder 3/ecommerce_platform/venv/lib/python3.11/site-packages/airflow/example_dags/example_xcomargs.py for tasks to queue
[2026-03-18T07:53:02.137+0530] {logging_mixin.py:188} INFO - [2026-03-18T07:53:02.137+0530] {dagbag.py:540} INFO - Filling up the DagBag from /Users/vybhavswaroop/Desktop/untitled folder 3/ecommerce_platform/venv/lib/python3.11/site-packages/airflow/example_dags/example_xcomargs.py
[2026-03-18T07:53:02.150+0530] {processor.py:840} INFO - DAG(s) 'example_xcom_args', 'example_xcom_args_with_operators' retrieved from /Users/vybhavswaroop/Desktop/untitled folder 3/ecommerce_platform/venv/lib/python3.11/site-packages/airflow/example_dags/example_xcomargs.py
[2026-03-18T07:53:02.237+0530] {logging_mixin.py:188} INFO - [2026-03-18T07:53:02.237+0530] {dag.py:3047} INFO - Sync 2 DAGs
[2026-03-18T07:53:02.239+0530] {logging_mixin.py:188} INFO - [2026-03-18T07:53:02.239+0530] {dag.py:3834} INFO - Setting next_dagrun for example_xcom_args to None, run_after=None
[2026-03-18T07:53:02.240+0530] {logging_mixin.py:188} INFO - [2026-03-18T07:53:02.240+0530] {dag.py:3834} INFO - Setting next_dagrun for example_xcom_args_with_operators to None, run_after=None
[2026-03-18T07:53:02.245+0530] {processor.py:183} INFO - Processing /Users/vybhavswaroop/Desktop/untitled folder 3/ecommerce_platform/venv/lib/python3.11/site-packages/airflow/example_dags/example_xcomargs.py took 0.109 seconds
[2026-03-18T07:55:07.165+0530] {processor.py:161} INFO - Started process (PID=11117) to work on /Users/vybhavswaroop/Desktop/untitled folder 3/ecommerce_platform/venv/lib/python3.11/site-packages/airflow/example_dags/example_xcomargs.py
[2026-03-18T07:55:07.166+0530] {processor.py:830} INFO - Processing file /Users/vybhavswaroop/Desktop/untitled folder 3/ecommerce_platform/venv/lib/python3.11/site-packages/airflow/example_dags/example_xcomargs.py for tasks to queue
[2026-03-18T07:55:07.166+0530] {logging_mixin.py:188} INFO - [2026-03-18T07:55:07.166+0530] {dagbag.py:540} INFO - Filling up the DagBag from /Users/vybhavswaroop/Desktop/untitled folder 3/ecommerce_platform/venv/lib/python3.11/site-packages/airflow/example_dags/example_xcomargs.py
[2026-03-18T07:55:07.180+0530] {processor.py:840} INFO - DAG(s) 'example_xcom_args_with_operators', 'example_xcom_args' retrieved from /Users/vybhavswaroop/Desktop/untitled folder 3/ecommerce_platform/venv/lib/python3.11/site-packages/airflow/example_dags/example_xcomargs.py
[2026-03-18T07:55:07.216+0530] {logging_mixin.py:188} INFO - [2026-03-18T07:55:07.216+0530] {dag.py:3047} INFO - Sync 2 DAGs
[2026-03-18T07:55:07.219+0530] {logging_mixin.py:188} INFO - [2026-03-18T07:55:07.219+0530] {dag.py:3834} INFO - Setting next_dagrun for example_xcom_args to None, run_after=None
[2026-03-18T07:55:07.220+0530] {logging_mixin.py:188} INFO - [2026-03-18T07:55:07.220+0530] {dag.py:3834} INFO - Setting next_dagrun for example_xcom_args_with_operators to None, run_after=None
[2026-03-18T07:55:07.225+0530] {processor.py:183} INFO - Processing /Users/vybhavswaroop/Desktop/untitled folder 3/ecommerce_platform/venv/lib/python3.11/site-packages/airflow/example_dags/example_xcomargs.py took 0.061 seconds
[2026-03-18T07:56:40.210+0530] {processor.py:161} INFO - Started process (PID=11386) to work on /Users/vybhavswaroop/Desktop/untitled folder 3/ecommerce_platform/venv/lib/python3.11/site-packages/airflow/example_dags/example_xcomargs.py
[2026-03-18T07:56:40.211+0530] {processor.py:830} INFO - Processing file /Users/vybhavswaroop/Desktop/untitled folder 3/ecommerce_platform/venv/lib/python3.11/site-packages/airflow/example_dags/example_xcomargs.py for tasks to queue
[2026-03-18T07:56:40.211+0530] {logging_mixin.py:188} INFO - [2026-03-18T07:56:40.211+0530] {dagbag.py:540} INFO - Filling up the DagBag from /Users/vybhavswaroop/Desktop/untitled folder 3/ecommerce_platform/venv/lib/python3.11/site-packages/airflow/example_dags/example_xcomargs.py
[2026-03-18T07:56:40.224+0530] {processor.py:840} INFO - DAG(s) 'example_xcom_args', 'example_xcom_args_with_operators' retrieved from /Users/vybhavswaroop/Desktop/untitled folder 3/ecommerce_platform/venv/lib/python3.11/site-packages/airflow/example_dags/example_xcomargs.py
[2026-03-18T07:56:40.261+0530] {logging_mixin.py:188} INFO - [2026-03-18T07:56:40.261+0530] {dag.py:3047} INFO - Sync 2 DAGs
[2026-03-18T07:56:40.264+0530] {logging_mixin.py:188} INFO - [2026-03-18T07:56:40.264+0530] {dag.py:3834} INFO - Setting next_dagrun for example_xcom_args to None, run_after=None
[2026-03-18T07:56:40.265+0530] {logging_mixin.py:188} INFO - [2026-03-18T07:56:40.265+0530] {dag.py:3834} INFO - Setting next_dagrun for example_xcom_args_with_operators to None, run_after=None
[2026-03-18T07:56:40.270+0530] {processor.py:183} INFO - Processing /Users/vybhavswaroop/Desktop/untitled folder 3/ecommerce_platform/venv/lib/python3.11/site-packages/airflow/example_dags/example_xcomargs.py took 0.060 seconds
[2026-03-18T07:58:05.357+0530] {processor.py:161} INFO - Started process (PID=11631) to work on /Users/vybhavswaroop/Desktop/untitled folder 3/ecommerce_platform/venv/lib/python3.11/site-packages/airflow/example_dags/example_xcomargs.py
[2026-03-18T07:58:05.358+0530] {processor.py:830} INFO - Processing file /Users/vybhavswaroop/Desktop/untitled folder 3/ecommerce_platform/venv/lib/python3.11/site-packages/airflow/example_dags/example_xcomargs.py for tasks to queue
[2026-03-18T07:58:05.358+0530] {logging_mixin.py:188} INFO - [2026-03-18T07:58:05.358+0530] {dagbag.py:540} INFO - Filling up the DagBag from /Users/vybhavswaroop/Desktop/untitled folder 3/ecommerce_platform/venv/lib/python3.11/site-packages/airflow/example_dags/example_xcomargs.py
[2026-03-18T07:58:05.371+0530] {processor.py:840} INFO - DAG(s) 'example_xcom_args', 'example_xcom_args_with_operators' retrieved from /Users/vybhavswaroop/Desktop/untitled folder 3/ecommerce_platform/venv/lib/python3.11/site-packages/airflow/example_dags/example_xcomargs.py
[2026-03-18T07:58:05.404+0530] {logging_mixin.py:188} INFO - [2026-03-18T07:58:05.404+0530] {dag.py:3047} INFO - Sync 2 DAGs
[2026-03-18T07:58:05.407+0530] {logging_mixin.py:188} INFO - [2026-03-18T07:58:05.407+0530] {dag.py:3834} INFO - Setting next_dagrun for example_xcom_args to None, run_after=None
[2026-03-18T07:58:05.408+0530] {logging_mixin.py:188} INFO - [2026-03-18T07:58:05.408+0530] {dag.py:3834} INFO - Setting next_dagrun for example_xcom_args_with_operators to None, run_after=None
[2026-03-18T07:58:05.413+0530] {processor.py:183} INFO - Processing /Users/vybhavswaroop/Desktop/untitled folder 3/ecommerce_platform/venv/lib/python3.11/site-packages/airflow/example_dags/example_xcomargs.py took 0.056 seconds
