[2026-03-18T07:18:33.784+0530] {processor.py:161} INFO - Started process (PID=97939) to work on /Users/vybhavswaroop/Desktop/untitled folder 3/ecommerce_platform/venv/lib/python3.11/site-packages/airflow/example_dags/example_python_operator.py
[2026-03-18T07:18:33.785+0530] {processor.py:830} INFO - Processing file /Users/vybhavswaroop/Desktop/untitled folder 3/ecommerce_platform/venv/lib/python3.11/site-packages/airflow/example_dags/example_python_operator.py for tasks to queue
[2026-03-18T07:18:33.785+0530] {logging_mixin.py:188} INFO - [2026-03-18T07:18:33.785+0530] {dagbag.py:540} INFO - Filling up the DagBag from /Users/vybhavswaroop/Desktop/untitled folder 3/ecommerce_platform/venv/lib/python3.11/site-packages/airflow/example_dags/example_python_operator.py
[2026-03-18T07:18:33.797+0530] {logging_mixin.py:188} INFO - [2026-03-18T07:18:33.797+0530] {example_python_operator.py:88} WARNING - The virtalenv_python example task requires virtualenv, please install it.
[2026-03-18T07:18:33.798+0530] {processor.py:840} INFO - DAG(s) 'example_python_operator' retrieved from /Users/vybhavswaroop/Desktop/untitled folder 3/ecommerce_platform/venv/lib/python3.11/site-packages/airflow/example_dags/example_python_operator.py
[2026-03-18T07:18:33.835+0530] {logging_mixin.py:188} INFO - [2026-03-18T07:18:33.835+0530] {dag.py:3047} INFO - Sync 1 DAGs
[2026-03-18T07:18:33.838+0530] {logging_mixin.py:188} INFO - [2026-03-18T07:18:33.838+0530] {dag.py:3834} INFO - Setting next_dagrun for example_python_operator to None, run_after=None
[2026-03-18T07:18:33.845+0530] {processor.py:183} INFO - Processing /Users/vybhavswaroop/Desktop/untitled folder 3/ecommerce_platform/venv/lib/python3.11/site-packages/airflow/example_dags/example_python_operator.py took 0.061 seconds
[2026-03-18T07:22:39.197+0530] {processor.py:161} INFO - Started process (PID=3096) to work on /Users/vybhavswaroop/Desktop/untitled folder 3/ecommerce_platform/venv/lib/python3.11/site-packages/airflow/example_dags/example_python_operator.py
[2026-03-18T07:22:39.197+0530] {processor.py:830} INFO - Processing file /Users/vybhavswaroop/Desktop/untitled folder 3/ecommerce_platform/venv/lib/python3.11/site-packages/airflow/example_dags/example_python_operator.py for tasks to queue
[2026-03-18T07:22:39.197+0530] {logging_mixin.py:188} INFO - [2026-03-18T07:22:39.197+0530] {dagbag.py:540} INFO - Filling up the DagBag from /Users/vybhavswaroop/Desktop/untitled folder 3/ecommerce_platform/venv/lib/python3.11/site-packages/airflow/example_dags/example_python_operator.py
[2026-03-18T07:22:39.206+0530] {logging_mixin.py:188} INFO - [2026-03-18T07:22:39.206+0530] {example_python_operator.py:88} WARNING - The virtalenv_python example task requires virtualenv, please install it.
[2026-03-18T07:22:39.207+0530] {processor.py:840} INFO - DAG(s) 'example_python_operator' retrieved from /Users/vybhavswaroop/Desktop/untitled folder 3/ecommerce_platform/venv/lib/python3.11/site-packages/airflow/example_dags/example_python_operator.py
[2026-03-18T07:22:39.267+0530] {logging_mixin.py:188} INFO - [2026-03-18T07:22:39.267+0530] {dag.py:3047} INFO - Sync 1 DAGs
[2026-03-18T07:22:39.270+0530] {logging_mixin.py:188} INFO - [2026-03-18T07:22:39.270+0530] {dag.py:3834} INFO - Setting next_dagrun for example_python_operator to None, run_after=None
[2026-03-18T07:22:39.277+0530] {processor.py:183} INFO - Processing /Users/vybhavswaroop/Desktop/untitled folder 3/ecommerce_platform/venv/lib/python3.11/site-packages/airflow/example_dags/example_python_operator.py took 0.081 seconds
[2026-03-18T07:24:36.576+0530] {processor.py:161} INFO - Started process (PID=3457) to work on /Users/vybhavswaroop/Desktop/untitled folder 3/ecommerce_platform/venv/lib/python3.11/site-packages/airflow/example_dags/example_python_operator.py
[2026-03-18T07:24:36.577+0530] {processor.py:830} INFO - Processing file /Users/vybhavswaroop/Desktop/untitled folder 3/ecommerce_platform/venv/lib/python3.11/site-packages/airflow/example_dags/example_python_operator.py for tasks to queue
[2026-03-18T07:24:36.578+0530] {logging_mixin.py:188} INFO - [2026-03-18T07:24:36.578+0530] {dagbag.py:540} INFO - Filling up the DagBag from /Users/vybhavswaroop/Desktop/untitled folder 3/ecommerce_platform/venv/lib/python3.11/site-packages/airflow/example_dags/example_python_operator.py
[2026-03-18T07:24:36.587+0530] {logging_mixin.py:188} INFO - [2026-03-18T07:24:36.586+0530] {example_python_operator.py:88} WARNING - The virtalenv_python example task requires virtualenv, please install it.
[2026-03-18T07:24:36.588+0530] {processor.py:840} INFO - DAG(s) 'example_python_operator' retrieved from /Users/vybhavswaroop/Desktop/untitled folder 3/ecommerce_platform/venv/lib/python3.11/site-packages/airflow/example_dags/example_python_operator.py
[2026-03-18T07:24:36.622+0530] {logging_mixin.py:188} INFO - [2026-03-18T07:24:36.622+0530] {dag.py:3047} INFO - Sync 1 DAGs
[2026-03-18T07:24:36.625+0530] {logging_mixin.py:188} INFO - [2026-03-18T07:24:36.625+0530] {dag.py:3834} INFO - Setting next_dagrun for example_python_operator to None, run_after=None
[2026-03-18T07:24:36.631+0530] {processor.py:183} INFO - Processing /Users/vybhavswaroop/Desktop/untitled folder 3/ecommerce_platform/venv/lib/python3.11/site-packages/airflow/example_dags/example_python_operator.py took 0.055 seconds
[2026-03-18T07:27:24.855+0530] {processor.py:161} INFO - Started process (PID=3953) to work on /Users/vybhavswaroop/Desktop/untitled folder 3/ecommerce_platform/venv/lib/python3.11/site-packages/airflow/example_dags/example_python_operator.py
[2026-03-18T07:27:24.855+0530] {processor.py:830} INFO - Processing file /Users/vybhavswaroop/Desktop/untitled folder 3/ecommerce_platform/venv/lib/python3.11/site-packages/airflow/example_dags/example_python_operator.py for tasks to queue
[2026-03-18T07:27:24.856+0530] {logging_mixin.py:188} INFO - [2026-03-18T07:27:24.856+0530] {dagbag.py:540} INFO - Filling up the DagBag from /Users/vybhavswaroop/Desktop/untitled folder 3/ecommerce_platform/venv/lib/python3.11/site-packages/airflow/example_dags/example_python_operator.py
[2026-03-18T07:27:24.864+0530] {logging_mixin.py:188} INFO - [2026-03-18T07:27:24.864+0530] {example_python_operator.py:88} WARNING - The virtalenv_python example task requires virtualenv, please install it.
[2026-03-18T07:27:24.865+0530] {processor.py:840} INFO - DAG(s) 'example_python_operator' retrieved from /Users/vybhavswaroop/Desktop/untitled folder 3/ecommerce_platform/venv/lib/python3.11/site-packages/airflow/example_dags/example_python_operator.py
[2026-03-18T07:27:24.899+0530] {logging_mixin.py:188} INFO - [2026-03-18T07:27:24.899+0530] {dag.py:3047} INFO - Sync 1 DAGs
[2026-03-18T07:27:24.902+0530] {logging_mixin.py:188} INFO - [2026-03-18T07:27:24.902+0530] {dag.py:3834} INFO - Setting next_dagrun for example_python_operator to None, run_after=None
[2026-03-18T07:27:24.908+0530] {processor.py:183} INFO - Processing /Users/vybhavswaroop/Desktop/untitled folder 3/ecommerce_platform/venv/lib/python3.11/site-packages/airflow/example_dags/example_python_operator.py took 0.054 seconds
[2026-03-18T07:30:07.054+0530] {processor.py:161} INFO - Started process (PID=4437) to work on /Users/vybhavswaroop/Desktop/untitled folder 3/ecommerce_platform/venv/lib/python3.11/site-packages/airflow/example_dags/example_python_operator.py
[2026-03-18T07:30:07.055+0530] {processor.py:830} INFO - Processing file /Users/vybhavswaroop/Desktop/untitled folder 3/ecommerce_platform/venv/lib/python3.11/site-packages/airflow/example_dags/example_python_operator.py for tasks to queue
[2026-03-18T07:30:07.055+0530] {logging_mixin.py:188} INFO - [2026-03-18T07:30:07.055+0530] {dagbag.py:540} INFO - Filling up the DagBag from /Users/vybhavswaroop/Desktop/untitled folder 3/ecommerce_platform/venv/lib/python3.11/site-packages/airflow/example_dags/example_python_operator.py
[2026-03-18T07:30:07.063+0530] {logging_mixin.py:188} INFO - [2026-03-18T07:30:07.063+0530] {example_python_operator.py:88} WARNING - The virtalenv_python example task requires virtualenv, please install it.
[2026-03-18T07:30:07.064+0530] {processor.py:840} INFO - DAG(s) 'example_python_operator' retrieved from /Users/vybhavswaroop/Desktop/untitled folder 3/ecommerce_platform/venv/lib/python3.11/site-packages/airflow/example_dags/example_python_operator.py
[2026-03-18T07:30:07.100+0530] {logging_mixin.py:188} INFO - [2026-03-18T07:30:07.100+0530] {dag.py:3047} INFO - Sync 1 DAGs
[2026-03-18T07:30:07.102+0530] {logging_mixin.py:188} INFO - [2026-03-18T07:30:07.102+0530] {dag.py:3834} INFO - Setting next_dagrun for example_python_operator to None, run_after=None
[2026-03-18T07:30:07.109+0530] {processor.py:183} INFO - Processing /Users/vybhavswaroop/Desktop/untitled folder 3/ecommerce_platform/venv/lib/python3.11/site-packages/airflow/example_dags/example_python_operator.py took 0.055 seconds
[2026-03-18T07:32:54.725+0530] {processor.py:161} INFO - Started process (PID=4931) to work on /Users/vybhavswaroop/Desktop/untitled folder 3/ecommerce_platform/venv/lib/python3.11/site-packages/airflow/example_dags/example_python_operator.py
[2026-03-18T07:32:54.726+0530] {processor.py:830} INFO - Processing file /Users/vybhavswaroop/Desktop/untitled folder 3/ecommerce_platform/venv/lib/python3.11/site-packages/airflow/example_dags/example_python_operator.py for tasks to queue
[2026-03-18T07:32:54.726+0530] {logging_mixin.py:188} INFO - [2026-03-18T07:32:54.726+0530] {dagbag.py:540} INFO - Filling up the DagBag from /Users/vybhavswaroop/Desktop/untitled folder 3/ecommerce_platform/venv/lib/python3.11/site-packages/airflow/example_dags/example_python_operator.py
[2026-03-18T07:32:54.735+0530] {logging_mixin.py:188} INFO - [2026-03-18T07:32:54.735+0530] {example_python_operator.py:88} WARNING - The virtalenv_python example task requires virtualenv, please install it.
[2026-03-18T07:32:54.736+0530] {processor.py:840} INFO - DAG(s) 'example_python_operator' retrieved from /Users/vybhavswaroop/Desktop/untitled folder 3/ecommerce_platform/venv/lib/python3.11/site-packages/airflow/example_dags/example_python_operator.py
[2026-03-18T07:32:54.770+0530] {logging_mixin.py:188} INFO - [2026-03-18T07:32:54.770+0530] {dag.py:3047} INFO - Sync 1 DAGs
[2026-03-18T07:32:54.773+0530] {logging_mixin.py:188} INFO - [2026-03-18T07:32:54.773+0530] {dag.py:3834} INFO - Setting next_dagrun for example_python_operator to None, run_after=None
[2026-03-18T07:32:54.779+0530] {processor.py:183} INFO - Processing /Users/vybhavswaroop/Desktop/untitled folder 3/ecommerce_platform/venv/lib/python3.11/site-packages/airflow/example_dags/example_python_operator.py took 0.054 seconds
[2026-03-18T07:35:55.443+0530] {processor.py:161} INFO - Started process (PID=5512) to work on /Users/vybhavswaroop/Desktop/untitled folder 3/ecommerce_platform/venv/lib/python3.11/site-packages/airflow/example_dags/example_python_operator.py
[2026-03-18T07:35:55.444+0530] {processor.py:830} INFO - Processing file /Users/vybhavswaroop/Desktop/untitled folder 3/ecommerce_platform/venv/lib/python3.11/site-packages/airflow/example_dags/example_python_operator.py for tasks to queue
[2026-03-18T07:35:55.444+0530] {logging_mixin.py:188} INFO - [2026-03-18T07:35:55.444+0530] {dagbag.py:540} INFO - Filling up the DagBag from /Users/vybhavswaroop/Desktop/untitled folder 3/ecommerce_platform/venv/lib/python3.11/site-packages/airflow/example_dags/example_python_operator.py
[2026-03-18T07:35:55.453+0530] {logging_mixin.py:188} INFO - [2026-03-18T07:35:55.453+0530] {example_python_operator.py:88} WARNING - The virtalenv_python example task requires virtualenv, please install it.
[2026-03-18T07:35:55.455+0530] {processor.py:840} INFO - DAG(s) 'example_python_operator' retrieved from /Users/vybhavswaroop/Desktop/untitled folder 3/ecommerce_platform/venv/lib/python3.11/site-packages/airflow/example_dags/example_python_operator.py
[2026-03-18T07:35:55.489+0530] {logging_mixin.py:188} INFO - [2026-03-18T07:35:55.489+0530] {dag.py:3047} INFO - Sync 1 DAGs
[2026-03-18T07:35:55.491+0530] {logging_mixin.py:188} INFO - [2026-03-18T07:35:55.491+0530] {dag.py:3834} INFO - Setting next_dagrun for example_python_operator to None, run_after=None
[2026-03-18T07:35:55.497+0530] {processor.py:183} INFO - Processing /Users/vybhavswaroop/Desktop/untitled folder 3/ecommerce_platform/venv/lib/python3.11/site-packages/airflow/example_dags/example_python_operator.py took 0.054 seconds
[2026-03-18T07:38:53.781+0530] {processor.py:161} INFO - Started process (PID=6086) to work on /Users/vybhavswaroop/Desktop/untitled folder 3/ecommerce_platform/venv/lib/python3.11/site-packages/airflow/example_dags/example_python_operator.py
[2026-03-18T07:38:53.782+0530] {processor.py:830} INFO - Processing file /Users/vybhavswaroop/Desktop/untitled folder 3/ecommerce_platform/venv/lib/python3.11/site-packages/airflow/example_dags/example_python_operator.py for tasks to queue
[2026-03-18T07:38:53.782+0530] {logging_mixin.py:188} INFO - [2026-03-18T07:38:53.782+0530] {dagbag.py:540} INFO - Filling up the DagBag from /Users/vybhavswaroop/Desktop/untitled folder 3/ecommerce_platform/venv/lib/python3.11/site-packages/airflow/example_dags/example_python_operator.py
[2026-03-18T07:38:53.791+0530] {logging_mixin.py:188} INFO - [2026-03-18T07:38:53.791+0530] {example_python_operator.py:88} WARNING - The virtalenv_python example task requires virtualenv, please install it.
[2026-03-18T07:38:53.793+0530] {processor.py:840} INFO - DAG(s) 'example_python_operator' retrieved from /Users/vybhavswaroop/Desktop/untitled folder 3/ecommerce_platform/venv/lib/python3.11/site-packages/airflow/example_dags/example_python_operator.py
[2026-03-18T07:38:53.828+0530] {logging_mixin.py:188} INFO - [2026-03-18T07:38:53.828+0530] {dag.py:3047} INFO - Sync 1 DAGs
[2026-03-18T07:38:53.831+0530] {logging_mixin.py:188} INFO - [2026-03-18T07:38:53.831+0530] {dag.py:3834} INFO - Setting next_dagrun for example_python_operator to None, run_after=None
[2026-03-18T07:38:53.837+0530] {processor.py:183} INFO - Processing /Users/vybhavswaroop/Desktop/untitled folder 3/ecommerce_platform/venv/lib/python3.11/site-packages/airflow/example_dags/example_python_operator.py took 0.057 seconds
[2026-03-18T07:42:02.749+0530] {processor.py:161} INFO - Started process (PID=6784) to work on /Users/vybhavswaroop/Desktop/untitled folder 3/ecommerce_platform/venv/lib/python3.11/site-packages/airflow/example_dags/example_python_operator.py
[2026-03-18T07:42:02.750+0530] {processor.py:830} INFO - Processing file /Users/vybhavswaroop/Desktop/untitled folder 3/ecommerce_platform/venv/lib/python3.11/site-packages/airflow/example_dags/example_python_operator.py for tasks to queue
[2026-03-18T07:42:02.750+0530] {logging_mixin.py:188} INFO - [2026-03-18T07:42:02.750+0530] {dagbag.py:540} INFO - Filling up the DagBag from /Users/vybhavswaroop/Desktop/untitled folder 3/ecommerce_platform/venv/lib/python3.11/site-packages/airflow/example_dags/example_python_operator.py
[2026-03-18T07:42:02.760+0530] {logging_mixin.py:188} INFO - [2026-03-18T07:42:02.760+0530] {example_python_operator.py:88} WARNING - The virtalenv_python example task requires virtualenv, please install it.
[2026-03-18T07:42:02.761+0530] {processor.py:840} INFO - DAG(s) 'example_python_operator' retrieved from /Users/vybhavswaroop/Desktop/untitled folder 3/ecommerce_platform/venv/lib/python3.11/site-packages/airflow/example_dags/example_python_operator.py
[2026-03-18T07:42:02.798+0530] {logging_mixin.py:188} INFO - [2026-03-18T07:42:02.798+0530] {dag.py:3047} INFO - Sync 1 DAGs
[2026-03-18T07:42:02.801+0530] {logging_mixin.py:188} INFO - [2026-03-18T07:42:02.800+0530] {dag.py:3834} INFO - Setting next_dagrun for example_python_operator to None, run_after=None
[2026-03-18T07:42:02.808+0530] {processor.py:183} INFO - Processing /Users/vybhavswaroop/Desktop/untitled folder 3/ecommerce_platform/venv/lib/python3.11/site-packages/airflow/example_dags/example_python_operator.py took 0.059 seconds
[2026-03-18T07:43:37.360+0530] {processor.py:161} INFO - Started process (PID=7100) to work on /Users/vybhavswaroop/Desktop/untitled folder 3/ecommerce_platform/venv/lib/python3.11/site-packages/airflow/example_dags/example_python_operator.py
[2026-03-18T07:43:37.361+0530] {processor.py:830} INFO - Processing file /Users/vybhavswaroop/Desktop/untitled folder 3/ecommerce_platform/venv/lib/python3.11/site-packages/airflow/example_dags/example_python_operator.py for tasks to queue
[2026-03-18T07:43:37.361+0530] {logging_mixin.py:188} INFO - [2026-03-18T07:43:37.361+0530] {dagbag.py:540} INFO - Filling up the DagBag from /Users/vybhavswaroop/Desktop/untitled folder 3/ecommerce_platform/venv/lib/python3.11/site-packages/airflow/example_dags/example_python_operator.py
[2026-03-18T07:43:37.370+0530] {logging_mixin.py:188} INFO - [2026-03-18T07:43:37.370+0530] {example_python_operator.py:88} WARNING - The virtalenv_python example task requires virtualenv, please install it.
[2026-03-18T07:43:37.371+0530] {processor.py:840} INFO - DAG(s) 'example_python_operator' retrieved from /Users/vybhavswaroop/Desktop/untitled folder 3/ecommerce_platform/venv/lib/python3.11/site-packages/airflow/example_dags/example_python_operator.py
[2026-03-18T07:43:37.406+0530] {logging_mixin.py:188} INFO - [2026-03-18T07:43:37.405+0530] {dag.py:3047} INFO - Sync 1 DAGs
[2026-03-18T07:43:37.408+0530] {logging_mixin.py:188} INFO - [2026-03-18T07:43:37.408+0530] {dag.py:3834} INFO - Setting next_dagrun for example_python_operator to None, run_after=None
[2026-03-18T07:43:37.414+0530] {processor.py:183} INFO - Processing /Users/vybhavswaroop/Desktop/untitled folder 3/ecommerce_platform/venv/lib/python3.11/site-packages/airflow/example_dags/example_python_operator.py took 0.054 seconds
[2026-03-18T07:46:28.025+0530] {processor.py:161} INFO - Started process (PID=7695) to work on /Users/vybhavswaroop/Desktop/untitled folder 3/ecommerce_platform/venv/lib/python3.11/site-packages/airflow/example_dags/example_python_operator.py
[2026-03-18T07:46:28.027+0530] {processor.py:830} INFO - Processing file /Users/vybhavswaroop/Desktop/untitled folder 3/ecommerce_platform/venv/lib/python3.11/site-packages/airflow/example_dags/example_python_operator.py for tasks to queue
[2026-03-18T07:46:28.027+0530] {logging_mixin.py:188} INFO - [2026-03-18T07:46:28.027+0530] {dagbag.py:540} INFO - Filling up the DagBag from /Users/vybhavswaroop/Desktop/untitled folder 3/ecommerce_platform/venv/lib/python3.11/site-packages/airflow/example_dags/example_python_operator.py
[2026-03-18T07:46:28.036+0530] {logging_mixin.py:188} INFO - [2026-03-18T07:46:28.036+0530] {example_python_operator.py:88} WARNING - The virtalenv_python example task requires virtualenv, please install it.
[2026-03-18T07:46:28.037+0530] {processor.py:840} INFO - DAG(s) 'example_python_operator' retrieved from /Users/vybhavswaroop/Desktop/untitled folder 3/ecommerce_platform/venv/lib/python3.11/site-packages/airflow/example_dags/example_python_operator.py
[2026-03-18T07:46:28.074+0530] {logging_mixin.py:188} INFO - [2026-03-18T07:46:28.074+0530] {dag.py:3047} INFO - Sync 1 DAGs
[2026-03-18T07:46:28.077+0530] {logging_mixin.py:188} INFO - [2026-03-18T07:46:28.077+0530] {dag.py:3834} INFO - Setting next_dagrun for example_python_operator to None, run_after=None
[2026-03-18T07:46:28.082+0530] {processor.py:183} INFO - Processing /Users/vybhavswaroop/Desktop/untitled folder 3/ecommerce_platform/venv/lib/python3.11/site-packages/airflow/example_dags/example_python_operator.py took 0.057 seconds
[2026-03-18T07:49:11.890+0530] {processor.py:161} INFO - Started process (PID=8318) to work on /Users/vybhavswaroop/Desktop/untitled folder 3/ecommerce_platform/venv/lib/python3.11/site-packages/airflow/example_dags/example_python_operator.py
[2026-03-18T07:49:11.891+0530] {processor.py:830} INFO - Processing file /Users/vybhavswaroop/Desktop/untitled folder 3/ecommerce_platform/venv/lib/python3.11/site-packages/airflow/example_dags/example_python_operator.py for tasks to queue
[2026-03-18T07:49:11.891+0530] {logging_mixin.py:188} INFO - [2026-03-18T07:49:11.891+0530] {dagbag.py:540} INFO - Filling up the DagBag from /Users/vybhavswaroop/Desktop/untitled folder 3/ecommerce_platform/venv/lib/python3.11/site-packages/airflow/example_dags/example_python_operator.py
[2026-03-18T07:49:11.899+0530] {logging_mixin.py:188} INFO - [2026-03-18T07:49:11.899+0530] {example_python_operator.py:88} WARNING - The virtalenv_python example task requires virtualenv, please install it.
[2026-03-18T07:49:11.901+0530] {processor.py:840} INFO - DAG(s) 'example_python_operator' retrieved from /Users/vybhavswaroop/Desktop/untitled folder 3/ecommerce_platform/venv/lib/python3.11/site-packages/airflow/example_dags/example_python_operator.py
[2026-03-18T07:49:11.935+0530] {logging_mixin.py:188} INFO - [2026-03-18T07:49:11.935+0530] {dag.py:3047} INFO - Sync 1 DAGs
[2026-03-18T07:49:11.938+0530] {logging_mixin.py:188} INFO - [2026-03-18T07:49:11.938+0530] {dag.py:3834} INFO - Setting next_dagrun for example_python_operator to None, run_after=None
[2026-03-18T07:49:11.943+0530] {processor.py:183} INFO - Processing /Users/vybhavswaroop/Desktop/untitled folder 3/ecommerce_platform/venv/lib/python3.11/site-packages/airflow/example_dags/example_python_operator.py took 0.054 seconds
[2026-03-18T07:52:05.869+0530] {processor.py:161} INFO - Started process (PID=10066) to work on /Users/vybhavswaroop/Desktop/untitled folder 3/ecommerce_platform/venv/lib/python3.11/site-packages/airflow/example_dags/example_python_operator.py
[2026-03-18T07:52:05.870+0530] {processor.py:830} INFO - Processing file /Users/vybhavswaroop/Desktop/untitled folder 3/ecommerce_platform/venv/lib/python3.11/site-packages/airflow/example_dags/example_python_operator.py for tasks to queue
[2026-03-18T07:52:05.870+0530] {logging_mixin.py:188} INFO - [2026-03-18T07:52:05.870+0530] {dagbag.py:540} INFO - Filling up the DagBag from /Users/vybhavswaroop/Desktop/untitled folder 3/ecommerce_platform/venv/lib/python3.11/site-packages/airflow/example_dags/example_python_operator.py
[2026-03-18T07:52:05.879+0530] {logging_mixin.py:188} INFO - [2026-03-18T07:52:05.879+0530] {example_python_operator.py:88} WARNING - The virtalenv_python example task requires virtualenv, please install it.
[2026-03-18T07:52:05.881+0530] {processor.py:840} INFO - DAG(s) 'example_python_operator' retrieved from /Users/vybhavswaroop/Desktop/untitled folder 3/ecommerce_platform/venv/lib/python3.11/site-packages/airflow/example_dags/example_python_operator.py
[2026-03-18T07:52:05.915+0530] {logging_mixin.py:188} INFO - [2026-03-18T07:52:05.915+0530] {dag.py:3047} INFO - Sync 1 DAGs
[2026-03-18T07:52:05.918+0530] {logging_mixin.py:188} INFO - [2026-03-18T07:52:05.918+0530] {dag.py:3834} INFO - Setting next_dagrun for example_python_operator to None, run_after=None
[2026-03-18T07:52:05.925+0530] {processor.py:183} INFO - Processing /Users/vybhavswaroop/Desktop/untitled folder 3/ecommerce_platform/venv/lib/python3.11/site-packages/airflow/example_dags/example_python_operator.py took 0.056 seconds
[2026-03-18T07:53:43.415+0530] {processor.py:161} INFO - Started process (PID=10871) to work on /Users/vybhavswaroop/Desktop/untitled folder 3/ecommerce_platform/venv/lib/python3.11/site-packages/airflow/example_dags/example_python_operator.py
[2026-03-18T07:53:43.416+0530] {processor.py:830} INFO - Processing file /Users/vybhavswaroop/Desktop/untitled folder 3/ecommerce_platform/venv/lib/python3.11/site-packages/airflow/example_dags/example_python_operator.py for tasks to queue
[2026-03-18T07:53:43.416+0530] {logging_mixin.py:188} INFO - [2026-03-18T07:53:43.416+0530] {dagbag.py:540} INFO - Filling up the DagBag from /Users/vybhavswaroop/Desktop/untitled folder 3/ecommerce_platform/venv/lib/python3.11/site-packages/airflow/example_dags/example_python_operator.py
[2026-03-18T07:53:43.425+0530] {logging_mixin.py:188} INFO - [2026-03-18T07:53:43.425+0530] {example_python_operator.py:88} WARNING - The virtalenv_python example task requires virtualenv, please install it.
[2026-03-18T07:53:43.426+0530] {processor.py:840} INFO - DAG(s) 'example_python_operator' retrieved from /Users/vybhavswaroop/Desktop/untitled folder 3/ecommerce_platform/venv/lib/python3.11/site-packages/airflow/example_dags/example_python_operator.py
[2026-03-18T07:53:43.486+0530] {logging_mixin.py:188} INFO - [2026-03-18T07:53:43.486+0530] {dag.py:3047} INFO - Sync 1 DAGs
[2026-03-18T07:53:43.489+0530] {logging_mixin.py:188} INFO - [2026-03-18T07:53:43.489+0530] {dag.py:3834} INFO - Setting next_dagrun for example_python_operator to None, run_after=None
[2026-03-18T07:53:43.495+0530] {processor.py:183} INFO - Processing /Users/vybhavswaroop/Desktop/untitled folder 3/ecommerce_platform/venv/lib/python3.11/site-packages/airflow/example_dags/example_python_operator.py took 0.080 seconds
[2026-03-18T07:55:47.692+0530] {processor.py:161} INFO - Started process (PID=11236) to work on /Users/vybhavswaroop/Desktop/untitled folder 3/ecommerce_platform/venv/lib/python3.11/site-packages/airflow/example_dags/example_python_operator.py
[2026-03-18T07:55:47.693+0530] {processor.py:830} INFO - Processing file /Users/vybhavswaroop/Desktop/untitled folder 3/ecommerce_platform/venv/lib/python3.11/site-packages/airflow/example_dags/example_python_operator.py for tasks to queue
[2026-03-18T07:55:47.693+0530] {logging_mixin.py:188} INFO - [2026-03-18T07:55:47.693+0530] {dagbag.py:540} INFO - Filling up the DagBag from /Users/vybhavswaroop/Desktop/untitled folder 3/ecommerce_platform/venv/lib/python3.11/site-packages/airflow/example_dags/example_python_operator.py
[2026-03-18T07:55:47.702+0530] {logging_mixin.py:188} INFO - [2026-03-18T07:55:47.702+0530] {example_python_operator.py:88} WARNING - The virtalenv_python example task requires virtualenv, please install it.
[2026-03-18T07:55:47.703+0530] {processor.py:840} INFO - DAG(s) 'example_python_operator' retrieved from /Users/vybhavswaroop/Desktop/untitled folder 3/ecommerce_platform/venv/lib/python3.11/site-packages/airflow/example_dags/example_python_operator.py
[2026-03-18T07:55:47.738+0530] {logging_mixin.py:188} INFO - [2026-03-18T07:55:47.738+0530] {dag.py:3047} INFO - Sync 1 DAGs
[2026-03-18T07:55:47.740+0530] {logging_mixin.py:188} INFO - [2026-03-18T07:55:47.740+0530] {dag.py:3834} INFO - Setting next_dagrun for example_python_operator to None, run_after=None
[2026-03-18T07:55:47.746+0530] {processor.py:183} INFO - Processing /Users/vybhavswaroop/Desktop/untitled folder 3/ecommerce_platform/venv/lib/python3.11/site-packages/airflow/example_dags/example_python_operator.py took 0.055 seconds
[2026-03-18T07:58:40.352+0530] {processor.py:161} INFO - Started process (PID=11740) to work on /Users/vybhavswaroop/Desktop/untitled folder 3/ecommerce_platform/venv/lib/python3.11/site-packages/airflow/example_dags/example_python_operator.py
[2026-03-18T07:58:40.353+0530] {processor.py:830} INFO - Processing file /Users/vybhavswaroop/Desktop/untitled folder 3/ecommerce_platform/venv/lib/python3.11/site-packages/airflow/example_dags/example_python_operator.py for tasks to queue
[2026-03-18T07:58:40.353+0530] {logging_mixin.py:188} INFO - [2026-03-18T07:58:40.353+0530] {dagbag.py:540} INFO - Filling up the DagBag from /Users/vybhavswaroop/Desktop/untitled folder 3/ecommerce_platform/venv/lib/python3.11/site-packages/airflow/example_dags/example_python_operator.py
[2026-03-18T07:58:40.363+0530] {logging_mixin.py:188} INFO - [2026-03-18T07:58:40.362+0530] {example_python_operator.py:88} WARNING - The virtalenv_python example task requires virtualenv, please install it.
[2026-03-18T07:58:40.364+0530] {processor.py:840} INFO - DAG(s) 'example_python_operator' retrieved from /Users/vybhavswaroop/Desktop/untitled folder 3/ecommerce_platform/venv/lib/python3.11/site-packages/airflow/example_dags/example_python_operator.py
[2026-03-18T07:58:40.399+0530] {logging_mixin.py:188} INFO - [2026-03-18T07:58:40.399+0530] {dag.py:3047} INFO - Sync 1 DAGs
[2026-03-18T07:58:40.402+0530] {logging_mixin.py:188} INFO - [2026-03-18T07:58:40.402+0530] {dag.py:3834} INFO - Setting next_dagrun for example_python_operator to None, run_after=None
[2026-03-18T07:58:40.407+0530] {processor.py:183} INFO - Processing /Users/vybhavswaroop/Desktop/untitled folder 3/ecommerce_platform/venv/lib/python3.11/site-packages/airflow/example_dags/example_python_operator.py took 0.056 seconds
