[2026-03-18T07:19:29.162+0530] {processor.py:161} INFO - Started process (PID=98865) to work on /Users/vybhavswaroop/Desktop/untitled folder 3/ecommerce_platform/venv/lib/python3.11/site-packages/airflow/example_dags/example_branch_day_of_week_operator.py
[2026-03-18T07:19:29.163+0530] {processor.py:830} INFO - Processing file /Users/vybhavswaroop/Desktop/untitled folder 3/ecommerce_platform/venv/lib/python3.11/site-packages/airflow/example_dags/example_branch_day_of_week_operator.py for tasks to queue
[2026-03-18T07:19:29.163+0530] {logging_mixin.py:188} INFO - [2026-03-18T07:19:29.163+0530] {dagbag.py:540} INFO - Filling up the DagBag from /Users/vybhavswaroop/Desktop/untitled folder 3/ecommerce_platform/venv/lib/python3.11/site-packages/airflow/example_dags/example_branch_day_of_week_operator.py
[2026-03-18T07:19:29.169+0530] {processor.py:840} INFO - DAG(s) 'example_weekday_branch_operator' retrieved from /Users/vybhavswaroop/Desktop/untitled folder 3/ecommerce_platform/venv/lib/python3.11/site-packages/airflow/example_dags/example_branch_day_of_week_operator.py
[2026-03-18T07:19:29.206+0530] {logging_mixin.py:188} INFO - [2026-03-18T07:19:29.206+0530] {dag.py:3047} INFO - Sync 1 DAGs
[2026-03-18T07:19:29.213+0530] {logging_mixin.py:188} INFO - [2026-03-18T07:19:29.213+0530] {dag.py:3834} INFO - Setting next_dagrun for example_weekday_branch_operator to 2026-03-17 00:00:00+00:00, run_after=2026-03-18 00:00:00+00:00
[2026-03-18T07:19:29.219+0530] {processor.py:183} INFO - Processing /Users/vybhavswaroop/Desktop/untitled folder 3/ecommerce_platform/venv/lib/python3.11/site-packages/airflow/example_dags/example_branch_day_of_week_operator.py took 0.057 seconds
[2026-03-18T07:23:29.668+0530] {processor.py:161} INFO - Started process (PID=3248) to work on /Users/vybhavswaroop/Desktop/untitled folder 3/ecommerce_platform/venv/lib/python3.11/site-packages/airflow/example_dags/example_branch_day_of_week_operator.py
[2026-03-18T07:23:29.669+0530] {processor.py:830} INFO - Processing file /Users/vybhavswaroop/Desktop/untitled folder 3/ecommerce_platform/venv/lib/python3.11/site-packages/airflow/example_dags/example_branch_day_of_week_operator.py for tasks to queue
[2026-03-18T07:23:29.669+0530] {logging_mixin.py:188} INFO - [2026-03-18T07:23:29.669+0530] {dagbag.py:540} INFO - Filling up the DagBag from /Users/vybhavswaroop/Desktop/untitled folder 3/ecommerce_platform/venv/lib/python3.11/site-packages/airflow/example_dags/example_branch_day_of_week_operator.py
[2026-03-18T07:23:29.673+0530] {processor.py:840} INFO - DAG(s) 'example_weekday_branch_operator' retrieved from /Users/vybhavswaroop/Desktop/untitled folder 3/ecommerce_platform/venv/lib/python3.11/site-packages/airflow/example_dags/example_branch_day_of_week_operator.py
[2026-03-18T07:23:29.734+0530] {logging_mixin.py:188} INFO - [2026-03-18T07:23:29.734+0530] {dag.py:3047} INFO - Sync 1 DAGs
[2026-03-18T07:23:29.739+0530] {logging_mixin.py:188} INFO - [2026-03-18T07:23:29.739+0530] {dag.py:3834} INFO - Setting next_dagrun for example_weekday_branch_operator to 2026-03-17 00:00:00+00:00, run_after=2026-03-18 00:00:00+00:00
[2026-03-18T07:23:29.746+0530] {processor.py:183} INFO - Processing /Users/vybhavswaroop/Desktop/untitled folder 3/ecommerce_platform/venv/lib/python3.11/site-packages/airflow/example_dags/example_branch_day_of_week_operator.py took 0.078 seconds
[2026-03-18T07:26:18.621+0530] {processor.py:161} INFO - Started process (PID=3759) to work on /Users/vybhavswaroop/Desktop/untitled folder 3/ecommerce_platform/venv/lib/python3.11/site-packages/airflow/example_dags/example_branch_day_of_week_operator.py
[2026-03-18T07:26:18.622+0530] {processor.py:830} INFO - Processing file /Users/vybhavswaroop/Desktop/untitled folder 3/ecommerce_platform/venv/lib/python3.11/site-packages/airflow/example_dags/example_branch_day_of_week_operator.py for tasks to queue
[2026-03-18T07:26:18.622+0530] {logging_mixin.py:188} INFO - [2026-03-18T07:26:18.622+0530] {dagbag.py:540} INFO - Filling up the DagBag from /Users/vybhavswaroop/Desktop/untitled folder 3/ecommerce_platform/venv/lib/python3.11/site-packages/airflow/example_dags/example_branch_day_of_week_operator.py
[2026-03-18T07:26:18.626+0530] {processor.py:840} INFO - DAG(s) 'example_weekday_branch_operator' retrieved from /Users/vybhavswaroop/Desktop/untitled folder 3/ecommerce_platform/venv/lib/python3.11/site-packages/airflow/example_dags/example_branch_day_of_week_operator.py
[2026-03-18T07:26:18.662+0530] {logging_mixin.py:188} INFO - [2026-03-18T07:26:18.661+0530] {dag.py:3047} INFO - Sync 1 DAGs
[2026-03-18T07:26:18.667+0530] {logging_mixin.py:188} INFO - [2026-03-18T07:26:18.667+0530] {dag.py:3834} INFO - Setting next_dagrun for example_weekday_branch_operator to 2026-03-17 00:00:00+00:00, run_after=2026-03-18 00:00:00+00:00
[2026-03-18T07:26:18.673+0530] {processor.py:183} INFO - Processing /Users/vybhavswaroop/Desktop/untitled folder 3/ecommerce_platform/venv/lib/python3.11/site-packages/airflow/example_dags/example_branch_day_of_week_operator.py took 0.053 seconds
[2026-03-18T07:29:02.830+0530] {processor.py:161} INFO - Started process (PID=4249) to work on /Users/vybhavswaroop/Desktop/untitled folder 3/ecommerce_platform/venv/lib/python3.11/site-packages/airflow/example_dags/example_branch_day_of_week_operator.py
[2026-03-18T07:29:02.831+0530] {processor.py:830} INFO - Processing file /Users/vybhavswaroop/Desktop/untitled folder 3/ecommerce_platform/venv/lib/python3.11/site-packages/airflow/example_dags/example_branch_day_of_week_operator.py for tasks to queue
[2026-03-18T07:29:02.831+0530] {logging_mixin.py:188} INFO - [2026-03-18T07:29:02.831+0530] {dagbag.py:540} INFO - Filling up the DagBag from /Users/vybhavswaroop/Desktop/untitled folder 3/ecommerce_platform/venv/lib/python3.11/site-packages/airflow/example_dags/example_branch_day_of_week_operator.py
[2026-03-18T07:29:02.835+0530] {processor.py:840} INFO - DAG(s) 'example_weekday_branch_operator' retrieved from /Users/vybhavswaroop/Desktop/untitled folder 3/ecommerce_platform/venv/lib/python3.11/site-packages/airflow/example_dags/example_branch_day_of_week_operator.py
[2026-03-18T07:29:02.870+0530] {logging_mixin.py:188} INFO - [2026-03-18T07:29:02.870+0530] {dag.py:3047} INFO - Sync 1 DAGs
[2026-03-18T07:29:02.876+0530] {logging_mixin.py:188} INFO - [2026-03-18T07:29:02.876+0530] {dag.py:3834} INFO - Setting next_dagrun for example_weekday_branch_operator to 2026-03-17 00:00:00+00:00, run_after=2026-03-18 00:00:00+00:00
[2026-03-18T07:29:02.883+0530] {processor.py:183} INFO - Processing /Users/vybhavswaroop/Desktop/untitled folder 3/ecommerce_platform/venv/lib/python3.11/site-packages/airflow/example_dags/example_branch_day_of_week_operator.py took 0.053 seconds
[2026-03-18T07:31:47.676+0530] {processor.py:161} INFO - Started process (PID=4739) to work on /Users/vybhavswaroop/Desktop/untitled folder 3/ecommerce_platform/venv/lib/python3.11/site-packages/airflow/example_dags/example_branch_day_of_week_operator.py
[2026-03-18T07:31:47.677+0530] {processor.py:830} INFO - Processing file /Users/vybhavswaroop/Desktop/untitled folder 3/ecommerce_platform/venv/lib/python3.11/site-packages/airflow/example_dags/example_branch_day_of_week_operator.py for tasks to queue
[2026-03-18T07:31:47.677+0530] {logging_mixin.py:188} INFO - [2026-03-18T07:31:47.677+0530] {dagbag.py:540} INFO - Filling up the DagBag from /Users/vybhavswaroop/Desktop/untitled folder 3/ecommerce_platform/venv/lib/python3.11/site-packages/airflow/example_dags/example_branch_day_of_week_operator.py
[2026-03-18T07:31:47.680+0530] {processor.py:840} INFO - DAG(s) 'example_weekday_branch_operator' retrieved from /Users/vybhavswaroop/Desktop/untitled folder 3/ecommerce_platform/venv/lib/python3.11/site-packages/airflow/example_dags/example_branch_day_of_week_operator.py
[2026-03-18T07:31:47.715+0530] {logging_mixin.py:188} INFO - [2026-03-18T07:31:47.715+0530] {dag.py:3047} INFO - Sync 1 DAGs
[2026-03-18T07:31:47.721+0530] {logging_mixin.py:188} INFO - [2026-03-18T07:31:47.721+0530] {dag.py:3834} INFO - Setting next_dagrun for example_weekday_branch_operator to 2026-03-17 00:00:00+00:00, run_after=2026-03-18 00:00:00+00:00
[2026-03-18T07:31:47.727+0530] {processor.py:183} INFO - Processing /Users/vybhavswaroop/Desktop/untitled folder 3/ecommerce_platform/venv/lib/python3.11/site-packages/airflow/example_dags/example_branch_day_of_week_operator.py took 0.051 seconds
[2026-03-18T07:34:42.163+0530] {processor.py:161} INFO - Started process (PID=5286) to work on /Users/vybhavswaroop/Desktop/untitled folder 3/ecommerce_platform/venv/lib/python3.11/site-packages/airflow/example_dags/example_branch_day_of_week_operator.py
[2026-03-18T07:34:42.164+0530] {processor.py:830} INFO - Processing file /Users/vybhavswaroop/Desktop/untitled folder 3/ecommerce_platform/venv/lib/python3.11/site-packages/airflow/example_dags/example_branch_day_of_week_operator.py for tasks to queue
[2026-03-18T07:34:42.164+0530] {logging_mixin.py:188} INFO - [2026-03-18T07:34:42.164+0530] {dagbag.py:540} INFO - Filling up the DagBag from /Users/vybhavswaroop/Desktop/untitled folder 3/ecommerce_platform/venv/lib/python3.11/site-packages/airflow/example_dags/example_branch_day_of_week_operator.py
[2026-03-18T07:34:42.171+0530] {processor.py:840} INFO - DAG(s) 'example_weekday_branch_operator' retrieved from /Users/vybhavswaroop/Desktop/untitled folder 3/ecommerce_platform/venv/lib/python3.11/site-packages/airflow/example_dags/example_branch_day_of_week_operator.py
[2026-03-18T07:34:42.207+0530] {logging_mixin.py:188} INFO - [2026-03-18T07:34:42.207+0530] {dag.py:3047} INFO - Sync 1 DAGs
[2026-03-18T07:34:42.212+0530] {logging_mixin.py:188} INFO - [2026-03-18T07:34:42.212+0530] {dag.py:3834} INFO - Setting next_dagrun for example_weekday_branch_operator to 2026-03-17 00:00:00+00:00, run_after=2026-03-18 00:00:00+00:00
[2026-03-18T07:34:42.218+0530] {processor.py:183} INFO - Processing /Users/vybhavswaroop/Desktop/untitled folder 3/ecommerce_platform/venv/lib/python3.11/site-packages/airflow/example_dags/example_branch_day_of_week_operator.py took 0.055 seconds
[2026-03-18T07:37:44.901+0530] {processor.py:161} INFO - Started process (PID=5840) to work on /Users/vybhavswaroop/Desktop/untitled folder 3/ecommerce_platform/venv/lib/python3.11/site-packages/airflow/example_dags/example_branch_day_of_week_operator.py
[2026-03-18T07:37:44.903+0530] {processor.py:830} INFO - Processing file /Users/vybhavswaroop/Desktop/untitled folder 3/ecommerce_platform/venv/lib/python3.11/site-packages/airflow/example_dags/example_branch_day_of_week_operator.py for tasks to queue
[2026-03-18T07:37:44.903+0530] {logging_mixin.py:188} INFO - [2026-03-18T07:37:44.903+0530] {dagbag.py:540} INFO - Filling up the DagBag from /Users/vybhavswaroop/Desktop/untitled folder 3/ecommerce_platform/venv/lib/python3.11/site-packages/airflow/example_dags/example_branch_day_of_week_operator.py
[2026-03-18T07:37:44.907+0530] {processor.py:840} INFO - DAG(s) 'example_weekday_branch_operator' retrieved from /Users/vybhavswaroop/Desktop/untitled folder 3/ecommerce_platform/venv/lib/python3.11/site-packages/airflow/example_dags/example_branch_day_of_week_operator.py
[2026-03-18T07:37:44.943+0530] {logging_mixin.py:188} INFO - [2026-03-18T07:37:44.943+0530] {dag.py:3047} INFO - Sync 1 DAGs
[2026-03-18T07:37:44.949+0530] {logging_mixin.py:188} INFO - [2026-03-18T07:37:44.948+0530] {dag.py:3834} INFO - Setting next_dagrun for example_weekday_branch_operator to 2026-03-17 00:00:00+00:00, run_after=2026-03-18 00:00:00+00:00
[2026-03-18T07:37:44.955+0530] {processor.py:183} INFO - Processing /Users/vybhavswaroop/Desktop/untitled folder 3/ecommerce_platform/venv/lib/python3.11/site-packages/airflow/example_dags/example_branch_day_of_week_operator.py took 0.054 seconds
[2026-03-18T07:40:46.224+0530] {processor.py:161} INFO - Started process (PID=6500) to work on /Users/vybhavswaroop/Desktop/untitled folder 3/ecommerce_platform/venv/lib/python3.11/site-packages/airflow/example_dags/example_branch_day_of_week_operator.py
[2026-03-18T07:40:46.225+0530] {processor.py:830} INFO - Processing file /Users/vybhavswaroop/Desktop/untitled folder 3/ecommerce_platform/venv/lib/python3.11/site-packages/airflow/example_dags/example_branch_day_of_week_operator.py for tasks to queue
[2026-03-18T07:40:46.226+0530] {logging_mixin.py:188} INFO - [2026-03-18T07:40:46.225+0530] {dagbag.py:540} INFO - Filling up the DagBag from /Users/vybhavswaroop/Desktop/untitled folder 3/ecommerce_platform/venv/lib/python3.11/site-packages/airflow/example_dags/example_branch_day_of_week_operator.py
[2026-03-18T07:40:46.229+0530] {processor.py:840} INFO - DAG(s) 'example_weekday_branch_operator' retrieved from /Users/vybhavswaroop/Desktop/untitled folder 3/ecommerce_platform/venv/lib/python3.11/site-packages/airflow/example_dags/example_branch_day_of_week_operator.py
[2026-03-18T07:40:46.265+0530] {logging_mixin.py:188} INFO - [2026-03-18T07:40:46.265+0530] {dag.py:3047} INFO - Sync 1 DAGs
[2026-03-18T07:40:46.271+0530] {logging_mixin.py:188} INFO - [2026-03-18T07:40:46.271+0530] {dag.py:3834} INFO - Setting next_dagrun for example_weekday_branch_operator to 2026-03-17 00:00:00+00:00, run_after=2026-03-18 00:00:00+00:00
[2026-03-18T07:40:46.278+0530] {processor.py:183} INFO - Processing /Users/vybhavswaroop/Desktop/untitled folder 3/ecommerce_platform/venv/lib/python3.11/site-packages/airflow/example_dags/example_branch_day_of_week_operator.py took 0.055 seconds
[2026-03-18T07:43:59.081+0530] {processor.py:161} INFO - Started process (PID=7188) to work on /Users/vybhavswaroop/Desktop/untitled folder 3/ecommerce_platform/venv/lib/python3.11/site-packages/airflow/example_dags/example_branch_day_of_week_operator.py
[2026-03-18T07:43:59.083+0530] {processor.py:830} INFO - Processing file /Users/vybhavswaroop/Desktop/untitled folder 3/ecommerce_platform/venv/lib/python3.11/site-packages/airflow/example_dags/example_branch_day_of_week_operator.py for tasks to queue
[2026-03-18T07:43:59.083+0530] {logging_mixin.py:188} INFO - [2026-03-18T07:43:59.083+0530] {dagbag.py:540} INFO - Filling up the DagBag from /Users/vybhavswaroop/Desktop/untitled folder 3/ecommerce_platform/venv/lib/python3.11/site-packages/airflow/example_dags/example_branch_day_of_week_operator.py
[2026-03-18T07:43:59.087+0530] {processor.py:840} INFO - DAG(s) 'example_weekday_branch_operator' retrieved from /Users/vybhavswaroop/Desktop/untitled folder 3/ecommerce_platform/venv/lib/python3.11/site-packages/airflow/example_dags/example_branch_day_of_week_operator.py
[2026-03-18T07:43:59.123+0530] {logging_mixin.py:188} INFO - [2026-03-18T07:43:59.123+0530] {dag.py:3047} INFO - Sync 1 DAGs
[2026-03-18T07:43:59.129+0530] {logging_mixin.py:188} INFO - [2026-03-18T07:43:59.129+0530] {dag.py:3834} INFO - Setting next_dagrun for example_weekday_branch_operator to 2026-03-17 00:00:00+00:00, run_after=2026-03-18 00:00:00+00:00
[2026-03-18T07:43:59.134+0530] {processor.py:183} INFO - Processing /Users/vybhavswaroop/Desktop/untitled folder 3/ecommerce_platform/venv/lib/python3.11/site-packages/airflow/example_dags/example_branch_day_of_week_operator.py took 0.054 seconds
[2026-03-18T07:46:47.051+0530] {processor.py:161} INFO - Started process (PID=7752) to work on /Users/vybhavswaroop/Desktop/untitled folder 3/ecommerce_platform/venv/lib/python3.11/site-packages/airflow/example_dags/example_branch_day_of_week_operator.py
[2026-03-18T07:46:47.052+0530] {processor.py:830} INFO - Processing file /Users/vybhavswaroop/Desktop/untitled folder 3/ecommerce_platform/venv/lib/python3.11/site-packages/airflow/example_dags/example_branch_day_of_week_operator.py for tasks to queue
[2026-03-18T07:46:47.052+0530] {logging_mixin.py:188} INFO - [2026-03-18T07:46:47.052+0530] {dagbag.py:540} INFO - Filling up the DagBag from /Users/vybhavswaroop/Desktop/untitled folder 3/ecommerce_platform/venv/lib/python3.11/site-packages/airflow/example_dags/example_branch_day_of_week_operator.py
[2026-03-18T07:46:47.056+0530] {processor.py:840} INFO - DAG(s) 'example_weekday_branch_operator' retrieved from /Users/vybhavswaroop/Desktop/untitled folder 3/ecommerce_platform/venv/lib/python3.11/site-packages/airflow/example_dags/example_branch_day_of_week_operator.py
[2026-03-18T07:46:47.092+0530] {logging_mixin.py:188} INFO - [2026-03-18T07:46:47.092+0530] {dag.py:3047} INFO - Sync 1 DAGs
[2026-03-18T07:46:47.098+0530] {logging_mixin.py:188} INFO - [2026-03-18T07:46:47.098+0530] {dag.py:3834} INFO - Setting next_dagrun for example_weekday_branch_operator to 2026-03-17 00:00:00+00:00, run_after=2026-03-18 00:00:00+00:00
[2026-03-18T07:46:47.104+0530] {processor.py:183} INFO - Processing /Users/vybhavswaroop/Desktop/untitled folder 3/ecommerce_platform/venv/lib/python3.11/site-packages/airflow/example_dags/example_branch_day_of_week_operator.py took 0.053 seconds
[2026-03-18T07:49:34.822+0530] {processor.py:161} INFO - Started process (PID=8701) to work on /Users/vybhavswaroop/Desktop/untitled folder 3/ecommerce_platform/venv/lib/python3.11/site-packages/airflow/example_dags/example_branch_day_of_week_operator.py
[2026-03-18T07:49:34.823+0530] {processor.py:830} INFO - Processing file /Users/vybhavswaroop/Desktop/untitled folder 3/ecommerce_platform/venv/lib/python3.11/site-packages/airflow/example_dags/example_branch_day_of_week_operator.py for tasks to queue
[2026-03-18T07:49:34.823+0530] {logging_mixin.py:188} INFO - [2026-03-18T07:49:34.823+0530] {dagbag.py:540} INFO - Filling up the DagBag from /Users/vybhavswaroop/Desktop/untitled folder 3/ecommerce_platform/venv/lib/python3.11/site-packages/airflow/example_dags/example_branch_day_of_week_operator.py
[2026-03-18T07:49:34.827+0530] {processor.py:840} INFO - DAG(s) 'example_weekday_branch_operator' retrieved from /Users/vybhavswaroop/Desktop/untitled folder 3/ecommerce_platform/venv/lib/python3.11/site-packages/airflow/example_dags/example_branch_day_of_week_operator.py
[2026-03-18T07:49:34.863+0530] {logging_mixin.py:188} INFO - [2026-03-18T07:49:34.863+0530] {dag.py:3047} INFO - Sync 1 DAGs
[2026-03-18T07:49:34.869+0530] {logging_mixin.py:188} INFO - [2026-03-18T07:49:34.869+0530] {dag.py:3834} INFO - Setting next_dagrun for example_weekday_branch_operator to 2026-03-17 00:00:00+00:00, run_after=2026-03-18 00:00:00+00:00
[2026-03-18T07:49:34.874+0530] {processor.py:183} INFO - Processing /Users/vybhavswaroop/Desktop/untitled folder 3/ecommerce_platform/venv/lib/python3.11/site-packages/airflow/example_dags/example_branch_day_of_week_operator.py took 0.053 seconds
[2026-03-18T07:52:26.944+0530] {processor.py:161} INFO - Started process (PID=10132) to work on /Users/vybhavswaroop/Desktop/untitled folder 3/ecommerce_platform/venv/lib/python3.11/site-packages/airflow/example_dags/example_branch_day_of_week_operator.py
[2026-03-18T07:52:26.945+0530] {processor.py:830} INFO - Processing file /Users/vybhavswaroop/Desktop/untitled folder 3/ecommerce_platform/venv/lib/python3.11/site-packages/airflow/example_dags/example_branch_day_of_week_operator.py for tasks to queue
[2026-03-18T07:52:26.945+0530] {logging_mixin.py:188} INFO - [2026-03-18T07:52:26.945+0530] {dagbag.py:540} INFO - Filling up the DagBag from /Users/vybhavswaroop/Desktop/untitled folder 3/ecommerce_platform/venv/lib/python3.11/site-packages/airflow/example_dags/example_branch_day_of_week_operator.py
[2026-03-18T07:52:26.949+0530] {processor.py:840} INFO - DAG(s) 'example_weekday_branch_operator' retrieved from /Users/vybhavswaroop/Desktop/untitled folder 3/ecommerce_platform/venv/lib/python3.11/site-packages/airflow/example_dags/example_branch_day_of_week_operator.py
[2026-03-18T07:52:26.986+0530] {logging_mixin.py:188} INFO - [2026-03-18T07:52:26.986+0530] {dag.py:3047} INFO - Sync 1 DAGs
[2026-03-18T07:52:26.991+0530] {logging_mixin.py:188} INFO - [2026-03-18T07:52:26.991+0530] {dag.py:3834} INFO - Setting next_dagrun for example_weekday_branch_operator to 2026-03-17 00:00:00+00:00, run_after=2026-03-18 00:00:00+00:00
[2026-03-18T07:52:26.996+0530] {processor.py:183} INFO - Processing /Users/vybhavswaroop/Desktop/untitled folder 3/ecommerce_platform/venv/lib/python3.11/site-packages/airflow/example_dags/example_branch_day_of_week_operator.py took 0.053 seconds
[2026-03-18T07:54:34.141+0530] {processor.py:161} INFO - Started process (PID=11022) to work on /Users/vybhavswaroop/Desktop/untitled folder 3/ecommerce_platform/venv/lib/python3.11/site-packages/airflow/example_dags/example_branch_day_of_week_operator.py
[2026-03-18T07:54:34.142+0530] {processor.py:830} INFO - Processing file /Users/vybhavswaroop/Desktop/untitled folder 3/ecommerce_platform/venv/lib/python3.11/site-packages/airflow/example_dags/example_branch_day_of_week_operator.py for tasks to queue
[2026-03-18T07:54:34.142+0530] {logging_mixin.py:188} INFO - [2026-03-18T07:54:34.142+0530] {dagbag.py:540} INFO - Filling up the DagBag from /Users/vybhavswaroop/Desktop/untitled folder 3/ecommerce_platform/venv/lib/python3.11/site-packages/airflow/example_dags/example_branch_day_of_week_operator.py
[2026-03-18T07:54:34.146+0530] {processor.py:840} INFO - DAG(s) 'example_weekday_branch_operator' retrieved from /Users/vybhavswaroop/Desktop/untitled folder 3/ecommerce_platform/venv/lib/python3.11/site-packages/airflow/example_dags/example_branch_day_of_week_operator.py
[2026-03-18T07:54:34.207+0530] {logging_mixin.py:188} INFO - [2026-03-18T07:54:34.207+0530] {dag.py:3047} INFO - Sync 1 DAGs
[2026-03-18T07:54:34.212+0530] {logging_mixin.py:188} INFO - [2026-03-18T07:54:34.212+0530] {dag.py:3834} INFO - Setting next_dagrun for example_weekday_branch_operator to 2026-03-17 00:00:00+00:00, run_after=2026-03-18 00:00:00+00:00
[2026-03-18T07:54:34.219+0530] {processor.py:183} INFO - Processing /Users/vybhavswaroop/Desktop/untitled folder 3/ecommerce_platform/venv/lib/python3.11/site-packages/airflow/example_dags/example_branch_day_of_week_operator.py took 0.078 seconds
[2026-03-18T07:57:35.575+0530] {processor.py:161} INFO - Started process (PID=11544) to work on /Users/vybhavswaroop/Desktop/untitled folder 3/ecommerce_platform/venv/lib/python3.11/site-packages/airflow/example_dags/example_branch_day_of_week_operator.py
[2026-03-18T07:57:35.576+0530] {processor.py:830} INFO - Processing file /Users/vybhavswaroop/Desktop/untitled folder 3/ecommerce_platform/venv/lib/python3.11/site-packages/airflow/example_dags/example_branch_day_of_week_operator.py for tasks to queue
[2026-03-18T07:57:35.576+0530] {logging_mixin.py:188} INFO - [2026-03-18T07:57:35.576+0530] {dagbag.py:540} INFO - Filling up the DagBag from /Users/vybhavswaroop/Desktop/untitled folder 3/ecommerce_platform/venv/lib/python3.11/site-packages/airflow/example_dags/example_branch_day_of_week_operator.py
[2026-03-18T07:57:35.580+0530] {processor.py:840} INFO - DAG(s) 'example_weekday_branch_operator' retrieved from /Users/vybhavswaroop/Desktop/untitled folder 3/ecommerce_platform/venv/lib/python3.11/site-packages/airflow/example_dags/example_branch_day_of_week_operator.py
[2026-03-18T07:57:35.615+0530] {logging_mixin.py:188} INFO - [2026-03-18T07:57:35.614+0530] {dag.py:3047} INFO - Sync 1 DAGs
[2026-03-18T07:57:35.620+0530] {logging_mixin.py:188} INFO - [2026-03-18T07:57:35.620+0530] {dag.py:3834} INFO - Setting next_dagrun for example_weekday_branch_operator to 2026-03-17 00:00:00+00:00, run_after=2026-03-18 00:00:00+00:00
[2026-03-18T07:57:35.625+0530] {processor.py:183} INFO - Processing /Users/vybhavswaroop/Desktop/untitled folder 3/ecommerce_platform/venv/lib/python3.11/site-packages/airflow/example_dags/example_branch_day_of_week_operator.py took 0.051 seconds
