[2026-03-18T07:19:01.258+0530] {processor.py:161} INFO - Started process (PID=98405) to work on /Users/vybhavswaroop/Desktop/untitled folder 3/ecommerce_platform/venv/lib/python3.11/site-packages/airflow/example_dags/example_external_task_marker_dag.py
[2026-03-18T07:19:01.259+0530] {processor.py:830} INFO - Processing file /Users/vybhavswaroop/Desktop/untitled folder 3/ecommerce_platform/venv/lib/python3.11/site-packages/airflow/example_dags/example_external_task_marker_dag.py for tasks to queue
[2026-03-18T07:19:01.259+0530] {logging_mixin.py:188} INFO - [2026-03-18T07:19:01.259+0530] {dagbag.py:540} INFO - Filling up the DagBag from /Users/vybhavswaroop/Desktop/untitled folder 3/ecommerce_platform/venv/lib/python3.11/site-packages/airflow/example_dags/example_external_task_marker_dag.py
[2026-03-18T07:19:01.264+0530] {processor.py:840} INFO - DAG(s) 'example_external_task_marker_parent', 'example_external_task_marker_child' retrieved from /Users/vybhavswaroop/Desktop/untitled folder 3/ecommerce_platform/venv/lib/python3.11/site-packages/airflow/example_dags/example_external_task_marker_dag.py
[2026-03-18T07:19:01.307+0530] {logging_mixin.py:188} INFO - [2026-03-18T07:19:01.307+0530] {dag.py:3047} INFO - Sync 2 DAGs
[2026-03-18T07:19:01.311+0530] {logging_mixin.py:188} INFO - [2026-03-18T07:19:01.311+0530] {dag.py:3834} INFO - Setting next_dagrun for example_external_task_marker_child to None, run_after=None
[2026-03-18T07:19:01.312+0530] {logging_mixin.py:188} INFO - [2026-03-18T07:19:01.312+0530] {dag.py:3834} INFO - Setting next_dagrun for example_external_task_marker_parent to None, run_after=None
[2026-03-18T07:19:01.319+0530] {processor.py:183} INFO - Processing /Users/vybhavswaroop/Desktop/untitled folder 3/ecommerce_platform/venv/lib/python3.11/site-packages/airflow/example_dags/example_external_task_marker_dag.py took 0.061 seconds
[2026-03-18T07:23:04.780+0530] {processor.py:161} INFO - Started process (PID=3177) to work on /Users/vybhavswaroop/Desktop/untitled folder 3/ecommerce_platform/venv/lib/python3.11/site-packages/airflow/example_dags/example_external_task_marker_dag.py
[2026-03-18T07:23:04.781+0530] {processor.py:830} INFO - Processing file /Users/vybhavswaroop/Desktop/untitled folder 3/ecommerce_platform/venv/lib/python3.11/site-packages/airflow/example_dags/example_external_task_marker_dag.py for tasks to queue
[2026-03-18T07:23:04.781+0530] {logging_mixin.py:188} INFO - [2026-03-18T07:23:04.781+0530] {dagbag.py:540} INFO - Filling up the DagBag from /Users/vybhavswaroop/Desktop/untitled folder 3/ecommerce_platform/venv/lib/python3.11/site-packages/airflow/example_dags/example_external_task_marker_dag.py
[2026-03-18T07:23:04.785+0530] {processor.py:840} INFO - DAG(s) 'example_external_task_marker_child', 'example_external_task_marker_parent' retrieved from /Users/vybhavswaroop/Desktop/untitled folder 3/ecommerce_platform/venv/lib/python3.11/site-packages/airflow/example_dags/example_external_task_marker_dag.py
[2026-03-18T07:23:04.851+0530] {logging_mixin.py:188} INFO - [2026-03-18T07:23:04.851+0530] {dag.py:3047} INFO - Sync 2 DAGs
[2026-03-18T07:23:04.854+0530] {logging_mixin.py:188} INFO - [2026-03-18T07:23:04.854+0530] {dag.py:3834} INFO - Setting next_dagrun for example_external_task_marker_child to None, run_after=None
[2026-03-18T07:23:04.854+0530] {logging_mixin.py:188} INFO - [2026-03-18T07:23:04.854+0530] {dag.py:3834} INFO - Setting next_dagrun for example_external_task_marker_parent to None, run_after=None
[2026-03-18T07:23:04.861+0530] {processor.py:183} INFO - Processing /Users/vybhavswaroop/Desktop/untitled folder 3/ecommerce_platform/venv/lib/python3.11/site-packages/airflow/example_dags/example_external_task_marker_dag.py took 0.082 seconds
[2026-03-18T07:24:59.848+0530] {processor.py:161} INFO - Started process (PID=3528) to work on /Users/vybhavswaroop/Desktop/untitled folder 3/ecommerce_platform/venv/lib/python3.11/site-packages/airflow/example_dags/example_external_task_marker_dag.py
[2026-03-18T07:24:59.848+0530] {processor.py:830} INFO - Processing file /Users/vybhavswaroop/Desktop/untitled folder 3/ecommerce_platform/venv/lib/python3.11/site-packages/airflow/example_dags/example_external_task_marker_dag.py for tasks to queue
[2026-03-18T07:24:59.848+0530] {logging_mixin.py:188} INFO - [2026-03-18T07:24:59.848+0530] {dagbag.py:540} INFO - Filling up the DagBag from /Users/vybhavswaroop/Desktop/untitled folder 3/ecommerce_platform/venv/lib/python3.11/site-packages/airflow/example_dags/example_external_task_marker_dag.py
[2026-03-18T07:24:59.853+0530] {processor.py:840} INFO - DAG(s) 'example_external_task_marker_parent', 'example_external_task_marker_child' retrieved from /Users/vybhavswaroop/Desktop/untitled folder 3/ecommerce_platform/venv/lib/python3.11/site-packages/airflow/example_dags/example_external_task_marker_dag.py
[2026-03-18T07:24:59.893+0530] {logging_mixin.py:188} INFO - [2026-03-18T07:24:59.893+0530] {dag.py:3047} INFO - Sync 2 DAGs
[2026-03-18T07:24:59.896+0530] {logging_mixin.py:188} INFO - [2026-03-18T07:24:59.896+0530] {dag.py:3834} INFO - Setting next_dagrun for example_external_task_marker_child to None, run_after=None
[2026-03-18T07:24:59.897+0530] {logging_mixin.py:188} INFO - [2026-03-18T07:24:59.897+0530] {dag.py:3834} INFO - Setting next_dagrun for example_external_task_marker_parent to None, run_after=None
[2026-03-18T07:24:59.903+0530] {processor.py:183} INFO - Processing /Users/vybhavswaroop/Desktop/untitled folder 3/ecommerce_platform/venv/lib/python3.11/site-packages/airflow/example_dags/example_external_task_marker_dag.py took 0.055 seconds
[2026-03-18T07:27:47.956+0530] {processor.py:161} INFO - Started process (PID=4020) to work on /Users/vybhavswaroop/Desktop/untitled folder 3/ecommerce_platform/venv/lib/python3.11/site-packages/airflow/example_dags/example_external_task_marker_dag.py
[2026-03-18T07:27:47.957+0530] {processor.py:830} INFO - Processing file /Users/vybhavswaroop/Desktop/untitled folder 3/ecommerce_platform/venv/lib/python3.11/site-packages/airflow/example_dags/example_external_task_marker_dag.py for tasks to queue
[2026-03-18T07:27:47.957+0530] {logging_mixin.py:188} INFO - [2026-03-18T07:27:47.957+0530] {dagbag.py:540} INFO - Filling up the DagBag from /Users/vybhavswaroop/Desktop/untitled folder 3/ecommerce_platform/venv/lib/python3.11/site-packages/airflow/example_dags/example_external_task_marker_dag.py
[2026-03-18T07:27:47.961+0530] {processor.py:840} INFO - DAG(s) 'example_external_task_marker_child', 'example_external_task_marker_parent' retrieved from /Users/vybhavswaroop/Desktop/untitled folder 3/ecommerce_platform/venv/lib/python3.11/site-packages/airflow/example_dags/example_external_task_marker_dag.py
[2026-03-18T07:27:47.999+0530] {logging_mixin.py:188} INFO - [2026-03-18T07:27:47.999+0530] {dag.py:3047} INFO - Sync 2 DAGs
[2026-03-18T07:27:48.002+0530] {logging_mixin.py:188} INFO - [2026-03-18T07:27:48.002+0530] {dag.py:3834} INFO - Setting next_dagrun for example_external_task_marker_child to None, run_after=None
[2026-03-18T07:27:48.003+0530] {logging_mixin.py:188} INFO - [2026-03-18T07:27:48.003+0530] {dag.py:3834} INFO - Setting next_dagrun for example_external_task_marker_parent to None, run_after=None
[2026-03-18T07:27:48.009+0530] {processor.py:183} INFO - Processing /Users/vybhavswaroop/Desktop/untitled folder 3/ecommerce_platform/venv/lib/python3.11/site-packages/airflow/example_dags/example_external_task_marker_dag.py took 0.053 seconds
[2026-03-18T07:30:30.088+0530] {processor.py:161} INFO - Started process (PID=4504) to work on /Users/vybhavswaroop/Desktop/untitled folder 3/ecommerce_platform/venv/lib/python3.11/site-packages/airflow/example_dags/example_external_task_marker_dag.py
[2026-03-18T07:30:30.089+0530] {processor.py:830} INFO - Processing file /Users/vybhavswaroop/Desktop/untitled folder 3/ecommerce_platform/venv/lib/python3.11/site-packages/airflow/example_dags/example_external_task_marker_dag.py for tasks to queue
[2026-03-18T07:30:30.089+0530] {logging_mixin.py:188} INFO - [2026-03-18T07:30:30.089+0530] {dagbag.py:540} INFO - Filling up the DagBag from /Users/vybhavswaroop/Desktop/untitled folder 3/ecommerce_platform/venv/lib/python3.11/site-packages/airflow/example_dags/example_external_task_marker_dag.py
[2026-03-18T07:30:30.093+0530] {processor.py:840} INFO - DAG(s) 'example_external_task_marker_parent', 'example_external_task_marker_child' retrieved from /Users/vybhavswaroop/Desktop/untitled folder 3/ecommerce_platform/venv/lib/python3.11/site-packages/airflow/example_dags/example_external_task_marker_dag.py
[2026-03-18T07:30:30.132+0530] {logging_mixin.py:188} INFO - [2026-03-18T07:30:30.132+0530] {dag.py:3047} INFO - Sync 2 DAGs
[2026-03-18T07:30:30.135+0530] {logging_mixin.py:188} INFO - [2026-03-18T07:30:30.135+0530] {dag.py:3834} INFO - Setting next_dagrun for example_external_task_marker_child to None, run_after=None
[2026-03-18T07:30:30.136+0530] {logging_mixin.py:188} INFO - [2026-03-18T07:30:30.136+0530] {dag.py:3834} INFO - Setting next_dagrun for example_external_task_marker_parent to None, run_after=None
[2026-03-18T07:30:30.142+0530] {processor.py:183} INFO - Processing /Users/vybhavswaroop/Desktop/untitled folder 3/ecommerce_platform/venv/lib/python3.11/site-packages/airflow/example_dags/example_external_task_marker_dag.py took 0.055 seconds
[2026-03-18T07:33:17.810+0530] {processor.py:161} INFO - Started process (PID=4998) to work on /Users/vybhavswaroop/Desktop/untitled folder 3/ecommerce_platform/venv/lib/python3.11/site-packages/airflow/example_dags/example_external_task_marker_dag.py
[2026-03-18T07:33:17.811+0530] {processor.py:830} INFO - Processing file /Users/vybhavswaroop/Desktop/untitled folder 3/ecommerce_platform/venv/lib/python3.11/site-packages/airflow/example_dags/example_external_task_marker_dag.py for tasks to queue
[2026-03-18T07:33:17.811+0530] {logging_mixin.py:188} INFO - [2026-03-18T07:33:17.811+0530] {dagbag.py:540} INFO - Filling up the DagBag from /Users/vybhavswaroop/Desktop/untitled folder 3/ecommerce_platform/venv/lib/python3.11/site-packages/airflow/example_dags/example_external_task_marker_dag.py
[2026-03-18T07:33:17.815+0530] {processor.py:840} INFO - DAG(s) 'example_external_task_marker_child', 'example_external_task_marker_parent' retrieved from /Users/vybhavswaroop/Desktop/untitled folder 3/ecommerce_platform/venv/lib/python3.11/site-packages/airflow/example_dags/example_external_task_marker_dag.py
[2026-03-18T07:33:17.853+0530] {logging_mixin.py:188} INFO - [2026-03-18T07:33:17.853+0530] {dag.py:3047} INFO - Sync 2 DAGs
[2026-03-18T07:33:17.856+0530] {logging_mixin.py:188} INFO - [2026-03-18T07:33:17.856+0530] {dag.py:3834} INFO - Setting next_dagrun for example_external_task_marker_child to None, run_after=None
[2026-03-18T07:33:17.857+0530] {logging_mixin.py:188} INFO - [2026-03-18T07:33:17.857+0530] {dag.py:3834} INFO - Setting next_dagrun for example_external_task_marker_parent to None, run_after=None
[2026-03-18T07:33:17.863+0530] {processor.py:183} INFO - Processing /Users/vybhavswaroop/Desktop/untitled folder 3/ecommerce_platform/venv/lib/python3.11/site-packages/airflow/example_dags/example_external_task_marker_dag.py took 0.053 seconds
[2026-03-18T07:36:20.030+0530] {processor.py:161} INFO - Started process (PID=5584) to work on /Users/vybhavswaroop/Desktop/untitled folder 3/ecommerce_platform/venv/lib/python3.11/site-packages/airflow/example_dags/example_external_task_marker_dag.py
[2026-03-18T07:36:20.032+0530] {processor.py:830} INFO - Processing file /Users/vybhavswaroop/Desktop/untitled folder 3/ecommerce_platform/venv/lib/python3.11/site-packages/airflow/example_dags/example_external_task_marker_dag.py for tasks to queue
[2026-03-18T07:36:20.032+0530] {logging_mixin.py:188} INFO - [2026-03-18T07:36:20.032+0530] {dagbag.py:540} INFO - Filling up the DagBag from /Users/vybhavswaroop/Desktop/untitled folder 3/ecommerce_platform/venv/lib/python3.11/site-packages/airflow/example_dags/example_external_task_marker_dag.py
[2026-03-18T07:36:20.037+0530] {processor.py:840} INFO - DAG(s) 'example_external_task_marker_parent', 'example_external_task_marker_child' retrieved from /Users/vybhavswaroop/Desktop/untitled folder 3/ecommerce_platform/venv/lib/python3.11/site-packages/airflow/example_dags/example_external_task_marker_dag.py
[2026-03-18T07:36:20.075+0530] {logging_mixin.py:188} INFO - [2026-03-18T07:36:20.075+0530] {dag.py:3047} INFO - Sync 2 DAGs
[2026-03-18T07:36:20.078+0530] {logging_mixin.py:188} INFO - [2026-03-18T07:36:20.078+0530] {dag.py:3834} INFO - Setting next_dagrun for example_external_task_marker_child to None, run_after=None
[2026-03-18T07:36:20.079+0530] {logging_mixin.py:188} INFO - [2026-03-18T07:36:20.079+0530] {dag.py:3834} INFO - Setting next_dagrun for example_external_task_marker_parent to None, run_after=None
[2026-03-18T07:36:20.085+0530] {processor.py:183} INFO - Processing /Users/vybhavswaroop/Desktop/untitled folder 3/ecommerce_platform/venv/lib/python3.11/site-packages/airflow/example_dags/example_external_task_marker_dag.py took 0.055 seconds
[2026-03-18T07:39:19.379+0530] {processor.py:161} INFO - Started process (PID=6162) to work on /Users/vybhavswaroop/Desktop/untitled folder 3/ecommerce_platform/venv/lib/python3.11/site-packages/airflow/example_dags/example_external_task_marker_dag.py
[2026-03-18T07:39:19.381+0530] {processor.py:830} INFO - Processing file /Users/vybhavswaroop/Desktop/untitled folder 3/ecommerce_platform/venv/lib/python3.11/site-packages/airflow/example_dags/example_external_task_marker_dag.py for tasks to queue
[2026-03-18T07:39:19.381+0530] {logging_mixin.py:188} INFO - [2026-03-18T07:39:19.381+0530] {dagbag.py:540} INFO - Filling up the DagBag from /Users/vybhavswaroop/Desktop/untitled folder 3/ecommerce_platform/venv/lib/python3.11/site-packages/airflow/example_dags/example_external_task_marker_dag.py
[2026-03-18T07:39:19.386+0530] {processor.py:840} INFO - DAG(s) 'example_external_task_marker_parent', 'example_external_task_marker_child' retrieved from /Users/vybhavswaroop/Desktop/untitled folder 3/ecommerce_platform/venv/lib/python3.11/site-packages/airflow/example_dags/example_external_task_marker_dag.py
[2026-03-18T07:39:19.425+0530] {logging_mixin.py:188} INFO - [2026-03-18T07:39:19.425+0530] {dag.py:3047} INFO - Sync 2 DAGs
[2026-03-18T07:39:19.429+0530] {logging_mixin.py:188} INFO - [2026-03-18T07:39:19.429+0530] {dag.py:3834} INFO - Setting next_dagrun for example_external_task_marker_child to None, run_after=None
[2026-03-18T07:39:19.430+0530] {logging_mixin.py:188} INFO - [2026-03-18T07:39:19.429+0530] {dag.py:3834} INFO - Setting next_dagrun for example_external_task_marker_parent to None, run_after=None
[2026-03-18T07:39:19.435+0530] {processor.py:183} INFO - Processing /Users/vybhavswaroop/Desktop/untitled folder 3/ecommerce_platform/venv/lib/python3.11/site-packages/airflow/example_dags/example_external_task_marker_dag.py took 0.056 seconds
[2026-03-18T07:42:30.163+0530] {processor.py:161} INFO - Started process (PID=6883) to work on /Users/vybhavswaroop/Desktop/untitled folder 3/ecommerce_platform/venv/lib/python3.11/site-packages/airflow/example_dags/example_external_task_marker_dag.py
[2026-03-18T07:42:30.164+0530] {processor.py:830} INFO - Processing file /Users/vybhavswaroop/Desktop/untitled folder 3/ecommerce_platform/venv/lib/python3.11/site-packages/airflow/example_dags/example_external_task_marker_dag.py for tasks to queue
[2026-03-18T07:42:30.165+0530] {logging_mixin.py:188} INFO - [2026-03-18T07:42:30.165+0530] {dagbag.py:540} INFO - Filling up the DagBag from /Users/vybhavswaroop/Desktop/untitled folder 3/ecommerce_platform/venv/lib/python3.11/site-packages/airflow/example_dags/example_external_task_marker_dag.py
[2026-03-18T07:42:30.170+0530] {processor.py:840} INFO - DAG(s) 'example_external_task_marker_child', 'example_external_task_marker_parent' retrieved from /Users/vybhavswaroop/Desktop/untitled folder 3/ecommerce_platform/venv/lib/python3.11/site-packages/airflow/example_dags/example_external_task_marker_dag.py
[2026-03-18T07:42:30.208+0530] {logging_mixin.py:188} INFO - [2026-03-18T07:42:30.208+0530] {dag.py:3047} INFO - Sync 2 DAGs
[2026-03-18T07:42:30.211+0530] {logging_mixin.py:188} INFO - [2026-03-18T07:42:30.211+0530] {dag.py:3834} INFO - Setting next_dagrun for example_external_task_marker_child to None, run_after=None
[2026-03-18T07:42:30.213+0530] {logging_mixin.py:188} INFO - [2026-03-18T07:42:30.213+0530] {dag.py:3834} INFO - Setting next_dagrun for example_external_task_marker_parent to None, run_after=None
[2026-03-18T07:42:30.219+0530] {processor.py:183} INFO - Processing /Users/vybhavswaroop/Desktop/untitled folder 3/ecommerce_platform/venv/lib/python3.11/site-packages/airflow/example_dags/example_external_task_marker_dag.py took 0.056 seconds
[2026-03-18T07:45:27.745+0530] {processor.py:161} INFO - Started process (PID=7495) to work on /Users/vybhavswaroop/Desktop/untitled folder 3/ecommerce_platform/venv/lib/python3.11/site-packages/airflow/example_dags/example_external_task_marker_dag.py
[2026-03-18T07:45:27.746+0530] {processor.py:830} INFO - Processing file /Users/vybhavswaroop/Desktop/untitled folder 3/ecommerce_platform/venv/lib/python3.11/site-packages/airflow/example_dags/example_external_task_marker_dag.py for tasks to queue
[2026-03-18T07:45:27.746+0530] {logging_mixin.py:188} INFO - [2026-03-18T07:45:27.746+0530] {dagbag.py:540} INFO - Filling up the DagBag from /Users/vybhavswaroop/Desktop/untitled folder 3/ecommerce_platform/venv/lib/python3.11/site-packages/airflow/example_dags/example_external_task_marker_dag.py
[2026-03-18T07:45:27.751+0530] {processor.py:840} INFO - DAG(s) 'example_external_task_marker_child', 'example_external_task_marker_parent' retrieved from /Users/vybhavswaroop/Desktop/untitled folder 3/ecommerce_platform/venv/lib/python3.11/site-packages/airflow/example_dags/example_external_task_marker_dag.py
[2026-03-18T07:45:27.790+0530] {logging_mixin.py:188} INFO - [2026-03-18T07:45:27.790+0530] {dag.py:3047} INFO - Sync 2 DAGs
[2026-03-18T07:45:27.793+0530] {logging_mixin.py:188} INFO - [2026-03-18T07:45:27.793+0530] {dag.py:3834} INFO - Setting next_dagrun for example_external_task_marker_child to None, run_after=None
[2026-03-18T07:45:27.794+0530] {logging_mixin.py:188} INFO - [2026-03-18T07:45:27.794+0530] {dag.py:3834} INFO - Setting next_dagrun for example_external_task_marker_parent to None, run_after=None
[2026-03-18T07:45:27.799+0530] {processor.py:183} INFO - Processing /Users/vybhavswaroop/Desktop/untitled folder 3/ecommerce_platform/venv/lib/python3.11/site-packages/airflow/example_dags/example_external_task_marker_dag.py took 0.054 seconds
[2026-03-18T07:48:11.445+0530] {processor.py:161} INFO - Started process (PID=8108) to work on /Users/vybhavswaroop/Desktop/untitled folder 3/ecommerce_platform/venv/lib/python3.11/site-packages/airflow/example_dags/example_external_task_marker_dag.py
[2026-03-18T07:48:11.446+0530] {processor.py:830} INFO - Processing file /Users/vybhavswaroop/Desktop/untitled folder 3/ecommerce_platform/venv/lib/python3.11/site-packages/airflow/example_dags/example_external_task_marker_dag.py for tasks to queue
[2026-03-18T07:48:11.446+0530] {logging_mixin.py:188} INFO - [2026-03-18T07:48:11.446+0530] {dagbag.py:540} INFO - Filling up the DagBag from /Users/vybhavswaroop/Desktop/untitled folder 3/ecommerce_platform/venv/lib/python3.11/site-packages/airflow/example_dags/example_external_task_marker_dag.py
[2026-03-18T07:48:11.451+0530] {processor.py:840} INFO - DAG(s) 'example_external_task_marker_child', 'example_external_task_marker_parent' retrieved from /Users/vybhavswaroop/Desktop/untitled folder 3/ecommerce_platform/venv/lib/python3.11/site-packages/airflow/example_dags/example_external_task_marker_dag.py
[2026-03-18T07:48:11.490+0530] {logging_mixin.py:188} INFO - [2026-03-18T07:48:11.490+0530] {dag.py:3047} INFO - Sync 2 DAGs
[2026-03-18T07:48:11.493+0530] {logging_mixin.py:188} INFO - [2026-03-18T07:48:11.493+0530] {dag.py:3834} INFO - Setting next_dagrun for example_external_task_marker_child to None, run_after=None
[2026-03-18T07:48:11.494+0530] {logging_mixin.py:188} INFO - [2026-03-18T07:48:11.494+0530] {dag.py:3834} INFO - Setting next_dagrun for example_external_task_marker_parent to None, run_after=None
[2026-03-18T07:48:11.499+0530] {processor.py:183} INFO - Processing /Users/vybhavswaroop/Desktop/untitled folder 3/ecommerce_platform/venv/lib/python3.11/site-packages/airflow/example_dags/example_external_task_marker_dag.py took 0.054 seconds
[2026-03-18T07:51:04.968+0530] {processor.py:161} INFO - Started process (PID=8995) to work on /Users/vybhavswaroop/Desktop/untitled folder 3/ecommerce_platform/venv/lib/python3.11/site-packages/airflow/example_dags/example_external_task_marker_dag.py
[2026-03-18T07:51:04.969+0530] {processor.py:830} INFO - Processing file /Users/vybhavswaroop/Desktop/untitled folder 3/ecommerce_platform/venv/lib/python3.11/site-packages/airflow/example_dags/example_external_task_marker_dag.py for tasks to queue
[2026-03-18T07:51:04.969+0530] {logging_mixin.py:188} INFO - [2026-03-18T07:51:04.969+0530] {dagbag.py:540} INFO - Filling up the DagBag from /Users/vybhavswaroop/Desktop/untitled folder 3/ecommerce_platform/venv/lib/python3.11/site-packages/airflow/example_dags/example_external_task_marker_dag.py
[2026-03-18T07:51:04.974+0530] {processor.py:840} INFO - DAG(s) 'example_external_task_marker_parent', 'example_external_task_marker_child' retrieved from /Users/vybhavswaroop/Desktop/untitled folder 3/ecommerce_platform/venv/lib/python3.11/site-packages/airflow/example_dags/example_external_task_marker_dag.py
[2026-03-18T07:51:05.014+0530] {logging_mixin.py:188} INFO - [2026-03-18T07:51:05.014+0530] {dag.py:3047} INFO - Sync 2 DAGs
[2026-03-18T07:51:05.018+0530] {logging_mixin.py:188} INFO - [2026-03-18T07:51:05.017+0530] {dag.py:3834} INFO - Setting next_dagrun for example_external_task_marker_child to None, run_after=None
[2026-03-18T07:51:05.018+0530] {logging_mixin.py:188} INFO - [2026-03-18T07:51:05.018+0530] {dag.py:3834} INFO - Setting next_dagrun for example_external_task_marker_parent to None, run_after=None
[2026-03-18T07:51:05.023+0530] {processor.py:183} INFO - Processing /Users/vybhavswaroop/Desktop/untitled folder 3/ecommerce_platform/venv/lib/python3.11/site-packages/airflow/example_dags/example_external_task_marker_dag.py took 0.056 seconds
[2026-03-18T07:54:09.510+0530] {processor.py:161} INFO - Started process (PID=10949) to work on /Users/vybhavswaroop/Desktop/untitled folder 3/ecommerce_platform/venv/lib/python3.11/site-packages/airflow/example_dags/example_external_task_marker_dag.py
[2026-03-18T07:54:09.511+0530] {processor.py:830} INFO - Processing file /Users/vybhavswaroop/Desktop/untitled folder 3/ecommerce_platform/venv/lib/python3.11/site-packages/airflow/example_dags/example_external_task_marker_dag.py for tasks to queue
[2026-03-18T07:54:09.511+0530] {logging_mixin.py:188} INFO - [2026-03-18T07:54:09.511+0530] {dagbag.py:540} INFO - Filling up the DagBag from /Users/vybhavswaroop/Desktop/untitled folder 3/ecommerce_platform/venv/lib/python3.11/site-packages/airflow/example_dags/example_external_task_marker_dag.py
[2026-03-18T07:54:09.515+0530] {processor.py:840} INFO - DAG(s) 'example_external_task_marker_parent', 'example_external_task_marker_child' retrieved from /Users/vybhavswaroop/Desktop/untitled folder 3/ecommerce_platform/venv/lib/python3.11/site-packages/airflow/example_dags/example_external_task_marker_dag.py
[2026-03-18T07:54:09.581+0530] {logging_mixin.py:188} INFO - [2026-03-18T07:54:09.581+0530] {dag.py:3047} INFO - Sync 2 DAGs
[2026-03-18T07:54:09.584+0530] {logging_mixin.py:188} INFO - [2026-03-18T07:54:09.584+0530] {dag.py:3834} INFO - Setting next_dagrun for example_external_task_marker_child to None, run_after=None
[2026-03-18T07:54:09.585+0530] {logging_mixin.py:188} INFO - [2026-03-18T07:54:09.585+0530] {dag.py:3834} INFO - Setting next_dagrun for example_external_task_marker_parent to None, run_after=None
[2026-03-18T07:54:09.590+0530] {processor.py:183} INFO - Processing /Users/vybhavswaroop/Desktop/untitled folder 3/ecommerce_platform/venv/lib/python3.11/site-packages/airflow/example_dags/example_external_task_marker_dag.py took 0.080 seconds
[2026-03-18T07:56:13.152+0530] {processor.py:161} INFO - Started process (PID=11307) to work on /Users/vybhavswaroop/Desktop/untitled folder 3/ecommerce_platform/venv/lib/python3.11/site-packages/airflow/example_dags/example_external_task_marker_dag.py
[2026-03-18T07:56:13.153+0530] {processor.py:830} INFO - Processing file /Users/vybhavswaroop/Desktop/untitled folder 3/ecommerce_platform/venv/lib/python3.11/site-packages/airflow/example_dags/example_external_task_marker_dag.py for tasks to queue
[2026-03-18T07:56:13.153+0530] {logging_mixin.py:188} INFO - [2026-03-18T07:56:13.153+0530] {dagbag.py:540} INFO - Filling up the DagBag from /Users/vybhavswaroop/Desktop/untitled folder 3/ecommerce_platform/venv/lib/python3.11/site-packages/airflow/example_dags/example_external_task_marker_dag.py
[2026-03-18T07:56:13.157+0530] {processor.py:840} INFO - DAG(s) 'example_external_task_marker_child', 'example_external_task_marker_parent' retrieved from /Users/vybhavswaroop/Desktop/untitled folder 3/ecommerce_platform/venv/lib/python3.11/site-packages/airflow/example_dags/example_external_task_marker_dag.py
[2026-03-18T07:56:13.197+0530] {logging_mixin.py:188} INFO - [2026-03-18T07:56:13.197+0530] {dag.py:3047} INFO - Sync 2 DAGs
[2026-03-18T07:56:13.201+0530] {logging_mixin.py:188} INFO - [2026-03-18T07:56:13.201+0530] {dag.py:3834} INFO - Setting next_dagrun for example_external_task_marker_child to None, run_after=None
[2026-03-18T07:56:13.201+0530] {logging_mixin.py:188} INFO - [2026-03-18T07:56:13.201+0530] {dag.py:3834} INFO - Setting next_dagrun for example_external_task_marker_parent to None, run_after=None
[2026-03-18T07:56:13.206+0530] {processor.py:183} INFO - Processing /Users/vybhavswaroop/Desktop/untitled folder 3/ecommerce_platform/venv/lib/python3.11/site-packages/airflow/example_dags/example_external_task_marker_dag.py took 0.055 seconds
[2026-03-18T07:59:04.933+0530] {processor.py:161} INFO - Started process (PID=11810) to work on /Users/vybhavswaroop/Desktop/untitled folder 3/ecommerce_platform/venv/lib/python3.11/site-packages/airflow/example_dags/example_external_task_marker_dag.py
[2026-03-18T07:59:04.934+0530] {processor.py:830} INFO - Processing file /Users/vybhavswaroop/Desktop/untitled folder 3/ecommerce_platform/venv/lib/python3.11/site-packages/airflow/example_dags/example_external_task_marker_dag.py for tasks to queue
[2026-03-18T07:59:04.934+0530] {logging_mixin.py:188} INFO - [2026-03-18T07:59:04.934+0530] {dagbag.py:540} INFO - Filling up the DagBag from /Users/vybhavswaroop/Desktop/untitled folder 3/ecommerce_platform/venv/lib/python3.11/site-packages/airflow/example_dags/example_external_task_marker_dag.py
[2026-03-18T07:59:04.939+0530] {processor.py:840} INFO - DAG(s) 'example_external_task_marker_child', 'example_external_task_marker_parent' retrieved from /Users/vybhavswaroop/Desktop/untitled folder 3/ecommerce_platform/venv/lib/python3.11/site-packages/airflow/example_dags/example_external_task_marker_dag.py
[2026-03-18T07:59:04.978+0530] {logging_mixin.py:188} INFO - [2026-03-18T07:59:04.978+0530] {dag.py:3047} INFO - Sync 2 DAGs
[2026-03-18T07:59:04.981+0530] {logging_mixin.py:188} INFO - [2026-03-18T07:59:04.981+0530] {dag.py:3834} INFO - Setting next_dagrun for example_external_task_marker_child to None, run_after=None
[2026-03-18T07:59:04.982+0530] {logging_mixin.py:188} INFO - [2026-03-18T07:59:04.982+0530] {dag.py:3834} INFO - Setting next_dagrun for example_external_task_marker_parent to None, run_after=None
[2026-03-18T07:59:04.987+0530] {processor.py:183} INFO - Processing /Users/vybhavswaroop/Desktop/untitled folder 3/ecommerce_platform/venv/lib/python3.11/site-packages/airflow/example_dags/example_external_task_marker_dag.py took 0.054 seconds
