[2026-03-18T06:34:59.581+0530] {processor.py:161} INFO - Started process (PID=97605) to work on /Users/vybhavswaroop/Desktop/untitled folder 3/ecommerce_platform/venv/lib/python3.11/site-packages/airflow/example_dags/example_sla_dag.py
[2026-03-18T06:34:59.581+0530] {processor.py:830} INFO - Processing file /Users/vybhavswaroop/Desktop/untitled folder 3/ecommerce_platform/venv/lib/python3.11/site-packages/airflow/example_dags/example_sla_dag.py for tasks to queue
[2026-03-18T06:34:59.581+0530] {logging_mixin.py:188} INFO - [2026-03-18T06:34:59.581+0530] {dagbag.py:540} INFO - Filling up the DagBag from /Users/vybhavswaroop/Desktop/untitled folder 3/ecommerce_platform/venv/lib/python3.11/site-packages/airflow/example_dags/example_sla_dag.py
[2026-03-18T06:34:59.596+0530] {processor.py:840} INFO - DAG(s) 'example_sla_dag' retrieved from /Users/vybhavswaroop/Desktop/untitled folder 3/ecommerce_platform/venv/lib/python3.11/site-packages/airflow/example_dags/example_sla_dag.py
[2026-03-18T06:34:59.633+0530] {logging_mixin.py:188} INFO - [2026-03-18T06:34:59.632+0530] {dag.py:3047} INFO - Sync 1 DAGs
[2026-03-18T06:34:59.656+0530] {logging_mixin.py:188} INFO - [2026-03-18T06:34:59.656+0530] {dag.py:3834} INFO - Setting next_dagrun for example_sla_dag to 2026-03-18 01:02:00+00:00, run_after=2026-03-18 01:04:00+00:00
[2026-03-18T06:34:59.662+0530] {processor.py:183} INFO - Processing /Users/vybhavswaroop/Desktop/untitled folder 3/ecommerce_platform/venv/lib/python3.11/site-packages/airflow/example_dags/example_sla_dag.py took 0.081 seconds
[2026-03-18T07:20:24.439+0530] {processor.py:161} INFO - Started process (PID=147) to work on /Users/vybhavswaroop/Desktop/untitled folder 3/ecommerce_platform/venv/lib/python3.11/site-packages/airflow/example_dags/example_sla_dag.py
[2026-03-18T07:20:24.440+0530] {processor.py:830} INFO - Processing file /Users/vybhavswaroop/Desktop/untitled folder 3/ecommerce_platform/venv/lib/python3.11/site-packages/airflow/example_dags/example_sla_dag.py for tasks to queue
[2026-03-18T07:20:24.440+0530] {logging_mixin.py:188} INFO - [2026-03-18T07:20:24.440+0530] {dagbag.py:540} INFO - Filling up the DagBag from /Users/vybhavswaroop/Desktop/untitled folder 3/ecommerce_platform/venv/lib/python3.11/site-packages/airflow/example_dags/example_sla_dag.py
[2026-03-18T07:20:24.454+0530] {processor.py:840} INFO - DAG(s) 'example_sla_dag' retrieved from /Users/vybhavswaroop/Desktop/untitled folder 3/ecommerce_platform/venv/lib/python3.11/site-packages/airflow/example_dags/example_sla_dag.py
[2026-03-18T07:20:24.494+0530] {logging_mixin.py:188} INFO - [2026-03-18T07:20:24.493+0530] {dag.py:3047} INFO - Sync 1 DAGs
[2026-03-18T07:20:24.500+0530] {logging_mixin.py:188} INFO - [2026-03-18T07:20:24.500+0530] {dag.py:3834} INFO - Setting next_dagrun for example_sla_dag to 2026-03-18 01:48:00+00:00, run_after=2026-03-18 01:50:00+00:00
[2026-03-18T07:20:24.508+0530] {processor.py:183} INFO - Processing /Users/vybhavswaroop/Desktop/untitled folder 3/ecommerce_platform/venv/lib/python3.11/site-packages/airflow/example_dags/example_sla_dag.py took 0.069 seconds
[2026-03-18T07:21:18.917+0530] {processor.py:161} INFO - Started process (PID=2008) to work on /Users/vybhavswaroop/Desktop/untitled folder 3/ecommerce_platform/venv/lib/python3.11/site-packages/airflow/example_dags/example_sla_dag.py
[2026-03-18T07:21:18.918+0530] {processor.py:830} INFO - Processing file /Users/vybhavswaroop/Desktop/untitled folder 3/ecommerce_platform/venv/lib/python3.11/site-packages/airflow/example_dags/example_sla_dag.py for tasks to queue
[2026-03-18T07:21:18.919+0530] {logging_mixin.py:188} INFO - [2026-03-18T07:21:18.919+0530] {dagbag.py:540} INFO - Filling up the DagBag from /Users/vybhavswaroop/Desktop/untitled folder 3/ecommerce_platform/venv/lib/python3.11/site-packages/airflow/example_dags/example_sla_dag.py
[2026-03-18T07:21:18.933+0530] {processor.py:840} INFO - DAG(s) 'example_sla_dag' retrieved from /Users/vybhavswaroop/Desktop/untitled folder 3/ecommerce_platform/venv/lib/python3.11/site-packages/airflow/example_dags/example_sla_dag.py
[2026-03-18T07:21:18.971+0530] {logging_mixin.py:188} INFO - [2026-03-18T07:21:18.971+0530] {dag.py:3047} INFO - Sync 1 DAGs
[2026-03-18T07:21:18.979+0530] {logging_mixin.py:188} INFO - [2026-03-18T07:21:18.979+0530] {dag.py:3834} INFO - Setting next_dagrun for example_sla_dag to 2026-03-18 01:48:00+00:00, run_after=2026-03-18 01:50:00+00:00
[2026-03-18T07:21:18.985+0530] {processor.py:183} INFO - Processing /Users/vybhavswaroop/Desktop/untitled folder 3/ecommerce_platform/venv/lib/python3.11/site-packages/airflow/example_dags/example_sla_dag.py took 0.068 seconds
[2026-03-18T07:22:18.518+0530] {processor.py:161} INFO - Started process (PID=3010) to work on /Users/vybhavswaroop/Desktop/untitled folder 3/ecommerce_platform/venv/lib/python3.11/site-packages/airflow/example_dags/example_sla_dag.py
[2026-03-18T07:22:18.519+0530] {processor.py:830} INFO - Processing file /Users/vybhavswaroop/Desktop/untitled folder 3/ecommerce_platform/venv/lib/python3.11/site-packages/airflow/example_dags/example_sla_dag.py for tasks to queue
[2026-03-18T07:22:18.519+0530] {logging_mixin.py:188} INFO - [2026-03-18T07:22:18.519+0530] {dagbag.py:540} INFO - Filling up the DagBag from /Users/vybhavswaroop/Desktop/untitled folder 3/ecommerce_platform/venv/lib/python3.11/site-packages/airflow/example_dags/example_sla_dag.py
[2026-03-18T07:22:18.532+0530] {processor.py:840} INFO - DAG(s) 'example_sla_dag' retrieved from /Users/vybhavswaroop/Desktop/untitled folder 3/ecommerce_platform/venv/lib/python3.11/site-packages/airflow/example_dags/example_sla_dag.py
[2026-03-18T07:22:18.595+0530] {logging_mixin.py:188} INFO - [2026-03-18T07:22:18.595+0530] {dag.py:3047} INFO - Sync 1 DAGs
[2026-03-18T07:22:18.601+0530] {logging_mixin.py:188} INFO - [2026-03-18T07:22:18.601+0530] {dag.py:3834} INFO - Setting next_dagrun for example_sla_dag to 2026-03-18 01:50:00+00:00, run_after=2026-03-18 01:52:00+00:00
[2026-03-18T07:22:18.608+0530] {processor.py:183} INFO - Processing /Users/vybhavswaroop/Desktop/untitled folder 3/ecommerce_platform/venv/lib/python3.11/site-packages/airflow/example_dags/example_sla_dag.py took 0.091 seconds
[2026-03-18T07:24:18.461+0530] {processor.py:161} INFO - Started process (PID=3403) to work on /Users/vybhavswaroop/Desktop/untitled folder 3/ecommerce_platform/venv/lib/python3.11/site-packages/airflow/example_dags/example_sla_dag.py
[2026-03-18T07:24:18.462+0530] {processor.py:830} INFO - Processing file /Users/vybhavswaroop/Desktop/untitled folder 3/ecommerce_platform/venv/lib/python3.11/site-packages/airflow/example_dags/example_sla_dag.py for tasks to queue
[2026-03-18T07:24:18.462+0530] {logging_mixin.py:188} INFO - [2026-03-18T07:24:18.462+0530] {dagbag.py:540} INFO - Filling up the DagBag from /Users/vybhavswaroop/Desktop/untitled folder 3/ecommerce_platform/venv/lib/python3.11/site-packages/airflow/example_dags/example_sla_dag.py
[2026-03-18T07:24:18.475+0530] {processor.py:840} INFO - DAG(s) 'example_sla_dag' retrieved from /Users/vybhavswaroop/Desktop/untitled folder 3/ecommerce_platform/venv/lib/python3.11/site-packages/airflow/example_dags/example_sla_dag.py
[2026-03-18T07:24:18.508+0530] {logging_mixin.py:188} INFO - [2026-03-18T07:24:18.508+0530] {dag.py:3047} INFO - Sync 1 DAGs
[2026-03-18T07:24:18.514+0530] {logging_mixin.py:188} INFO - [2026-03-18T07:24:18.514+0530] {dag.py:3834} INFO - Setting next_dagrun for example_sla_dag to 2026-03-18 01:52:00+00:00, run_after=2026-03-18 01:54:00+00:00
[2026-03-18T07:24:18.521+0530] {processor.py:183} INFO - Processing /Users/vybhavswaroop/Desktop/untitled folder 3/ecommerce_platform/venv/lib/python3.11/site-packages/airflow/example_dags/example_sla_dag.py took 0.060 seconds
[2026-03-18T07:25:43.789+0530] {processor.py:161} INFO - Started process (PID=3656) to work on /Users/vybhavswaroop/Desktop/untitled folder 3/ecommerce_platform/venv/lib/python3.11/site-packages/airflow/example_dags/example_sla_dag.py
[2026-03-18T07:25:43.789+0530] {processor.py:830} INFO - Processing file /Users/vybhavswaroop/Desktop/untitled folder 3/ecommerce_platform/venv/lib/python3.11/site-packages/airflow/example_dags/example_sla_dag.py for tasks to queue
[2026-03-18T07:25:43.790+0530] {logging_mixin.py:188} INFO - [2026-03-18T07:25:43.789+0530] {dagbag.py:540} INFO - Filling up the DagBag from /Users/vybhavswaroop/Desktop/untitled folder 3/ecommerce_platform/venv/lib/python3.11/site-packages/airflow/example_dags/example_sla_dag.py
[2026-03-18T07:25:43.802+0530] {processor.py:840} INFO - DAG(s) 'example_sla_dag' retrieved from /Users/vybhavswaroop/Desktop/untitled folder 3/ecommerce_platform/venv/lib/python3.11/site-packages/airflow/example_dags/example_sla_dag.py
[2026-03-18T07:25:43.836+0530] {logging_mixin.py:188} INFO - [2026-03-18T07:25:43.836+0530] {dag.py:3047} INFO - Sync 1 DAGs
[2026-03-18T07:25:43.842+0530] {logging_mixin.py:188} INFO - [2026-03-18T07:25:43.841+0530] {dag.py:3834} INFO - Setting next_dagrun for example_sla_dag to 2026-03-18 01:52:00+00:00, run_after=2026-03-18 01:54:00+00:00
[2026-03-18T07:25:43.847+0530] {processor.py:183} INFO - Processing /Users/vybhavswaroop/Desktop/untitled folder 3/ecommerce_platform/venv/lib/python3.11/site-packages/airflow/example_dags/example_sla_dag.py took 0.059 seconds
[2026-03-18T07:27:08.275+0530] {processor.py:161} INFO - Started process (PID=3905) to work on /Users/vybhavswaroop/Desktop/untitled folder 3/ecommerce_platform/venv/lib/python3.11/site-packages/airflow/example_dags/example_sla_dag.py
[2026-03-18T07:27:08.276+0530] {processor.py:830} INFO - Processing file /Users/vybhavswaroop/Desktop/untitled folder 3/ecommerce_platform/venv/lib/python3.11/site-packages/airflow/example_dags/example_sla_dag.py for tasks to queue
[2026-03-18T07:27:08.276+0530] {logging_mixin.py:188} INFO - [2026-03-18T07:27:08.276+0530] {dagbag.py:540} INFO - Filling up the DagBag from /Users/vybhavswaroop/Desktop/untitled folder 3/ecommerce_platform/venv/lib/python3.11/site-packages/airflow/example_dags/example_sla_dag.py
[2026-03-18T07:27:08.288+0530] {processor.py:840} INFO - DAG(s) 'example_sla_dag' retrieved from /Users/vybhavswaroop/Desktop/untitled folder 3/ecommerce_platform/venv/lib/python3.11/site-packages/airflow/example_dags/example_sla_dag.py
[2026-03-18T07:27:08.322+0530] {logging_mixin.py:188} INFO - [2026-03-18T07:27:08.322+0530] {dag.py:3047} INFO - Sync 1 DAGs
[2026-03-18T07:27:08.328+0530] {logging_mixin.py:188} INFO - [2026-03-18T07:27:08.328+0530] {dag.py:3834} INFO - Setting next_dagrun for example_sla_dag to 2026-03-18 01:54:00+00:00, run_after=2026-03-18 01:56:00+00:00
[2026-03-18T07:27:08.334+0530] {processor.py:183} INFO - Processing /Users/vybhavswaroop/Desktop/untitled folder 3/ecommerce_platform/venv/lib/python3.11/site-packages/airflow/example_dags/example_sla_dag.py took 0.059 seconds
[2026-03-18T07:28:30.659+0530] {processor.py:161} INFO - Started process (PID=4152) to work on /Users/vybhavswaroop/Desktop/untitled folder 3/ecommerce_platform/venv/lib/python3.11/site-packages/airflow/example_dags/example_sla_dag.py
[2026-03-18T07:28:30.659+0530] {processor.py:830} INFO - Processing file /Users/vybhavswaroop/Desktop/untitled folder 3/ecommerce_platform/venv/lib/python3.11/site-packages/airflow/example_dags/example_sla_dag.py for tasks to queue
[2026-03-18T07:28:30.659+0530] {logging_mixin.py:188} INFO - [2026-03-18T07:28:30.659+0530] {dagbag.py:540} INFO - Filling up the DagBag from /Users/vybhavswaroop/Desktop/untitled folder 3/ecommerce_platform/venv/lib/python3.11/site-packages/airflow/example_dags/example_sla_dag.py
[2026-03-18T07:28:30.673+0530] {processor.py:840} INFO - DAG(s) 'example_sla_dag' retrieved from /Users/vybhavswaroop/Desktop/untitled folder 3/ecommerce_platform/venv/lib/python3.11/site-packages/airflow/example_dags/example_sla_dag.py
[2026-03-18T07:28:30.708+0530] {logging_mixin.py:188} INFO - [2026-03-18T07:28:30.708+0530] {dag.py:3047} INFO - Sync 1 DAGs
[2026-03-18T07:28:30.714+0530] {logging_mixin.py:188} INFO - [2026-03-18T07:28:30.714+0530] {dag.py:3834} INFO - Setting next_dagrun for example_sla_dag to 2026-03-18 01:56:00+00:00, run_after=2026-03-18 01:58:00+00:00
[2026-03-18T07:28:30.721+0530] {processor.py:183} INFO - Processing /Users/vybhavswaroop/Desktop/untitled folder 3/ecommerce_platform/venv/lib/python3.11/site-packages/airflow/example_dags/example_sla_dag.py took 0.062 seconds
[2026-03-18T07:29:51.433+0530] {processor.py:161} INFO - Started process (PID=4389) to work on /Users/vybhavswaroop/Desktop/untitled folder 3/ecommerce_platform/venv/lib/python3.11/site-packages/airflow/example_dags/example_sla_dag.py
[2026-03-18T07:29:51.433+0530] {processor.py:830} INFO - Processing file /Users/vybhavswaroop/Desktop/untitled folder 3/ecommerce_platform/venv/lib/python3.11/site-packages/airflow/example_dags/example_sla_dag.py for tasks to queue
[2026-03-18T07:29:51.434+0530] {logging_mixin.py:188} INFO - [2026-03-18T07:29:51.433+0530] {dagbag.py:540} INFO - Filling up the DagBag from /Users/vybhavswaroop/Desktop/untitled folder 3/ecommerce_platform/venv/lib/python3.11/site-packages/airflow/example_dags/example_sla_dag.py
[2026-03-18T07:29:51.446+0530] {processor.py:840} INFO - DAG(s) 'example_sla_dag' retrieved from /Users/vybhavswaroop/Desktop/untitled folder 3/ecommerce_platform/venv/lib/python3.11/site-packages/airflow/example_dags/example_sla_dag.py
[2026-03-18T07:29:51.480+0530] {logging_mixin.py:188} INFO - [2026-03-18T07:29:51.480+0530] {dag.py:3047} INFO - Sync 1 DAGs
[2026-03-18T07:29:51.485+0530] {logging_mixin.py:188} INFO - [2026-03-18T07:29:51.485+0530] {dag.py:3834} INFO - Setting next_dagrun for example_sla_dag to 2026-03-18 01:56:00+00:00, run_after=2026-03-18 01:58:00+00:00
[2026-03-18T07:29:51.492+0530] {processor.py:183} INFO - Processing /Users/vybhavswaroop/Desktop/untitled folder 3/ecommerce_platform/venv/lib/python3.11/site-packages/airflow/example_dags/example_sla_dag.py took 0.059 seconds
[2026-03-18T07:31:13.100+0530] {processor.py:161} INFO - Started process (PID=4634) to work on /Users/vybhavswaroop/Desktop/untitled folder 3/ecommerce_platform/venv/lib/python3.11/site-packages/airflow/example_dags/example_sla_dag.py
[2026-03-18T07:31:13.101+0530] {processor.py:830} INFO - Processing file /Users/vybhavswaroop/Desktop/untitled folder 3/ecommerce_platform/venv/lib/python3.11/site-packages/airflow/example_dags/example_sla_dag.py for tasks to queue
[2026-03-18T07:31:13.101+0530] {logging_mixin.py:188} INFO - [2026-03-18T07:31:13.101+0530] {dagbag.py:540} INFO - Filling up the DagBag from /Users/vybhavswaroop/Desktop/untitled folder 3/ecommerce_platform/venv/lib/python3.11/site-packages/airflow/example_dags/example_sla_dag.py
[2026-03-18T07:31:13.114+0530] {processor.py:840} INFO - DAG(s) 'example_sla_dag' retrieved from /Users/vybhavswaroop/Desktop/untitled folder 3/ecommerce_platform/venv/lib/python3.11/site-packages/airflow/example_dags/example_sla_dag.py
[2026-03-18T07:31:13.147+0530] {logging_mixin.py:188} INFO - [2026-03-18T07:31:13.147+0530] {dag.py:3047} INFO - Sync 1 DAGs
[2026-03-18T07:31:13.153+0530] {logging_mixin.py:188} INFO - [2026-03-18T07:31:13.153+0530] {dag.py:3834} INFO - Setting next_dagrun for example_sla_dag to 2026-03-18 01:58:00+00:00, run_after=2026-03-18 02:00:00+00:00
[2026-03-18T07:31:13.159+0530] {processor.py:183} INFO - Processing /Users/vybhavswaroop/Desktop/untitled folder 3/ecommerce_platform/venv/lib/python3.11/site-packages/airflow/example_dags/example_sla_dag.py took 0.059 seconds
[2026-03-18T07:32:38.305+0530] {processor.py:161} INFO - Started process (PID=4883) to work on /Users/vybhavswaroop/Desktop/untitled folder 3/ecommerce_platform/venv/lib/python3.11/site-packages/airflow/example_dags/example_sla_dag.py
[2026-03-18T07:32:38.306+0530] {processor.py:830} INFO - Processing file /Users/vybhavswaroop/Desktop/untitled folder 3/ecommerce_platform/venv/lib/python3.11/site-packages/airflow/example_dags/example_sla_dag.py for tasks to queue
[2026-03-18T07:32:38.306+0530] {logging_mixin.py:188} INFO - [2026-03-18T07:32:38.306+0530] {dagbag.py:540} INFO - Filling up the DagBag from /Users/vybhavswaroop/Desktop/untitled folder 3/ecommerce_platform/venv/lib/python3.11/site-packages/airflow/example_dags/example_sla_dag.py
[2026-03-18T07:32:38.318+0530] {processor.py:840} INFO - DAG(s) 'example_sla_dag' retrieved from /Users/vybhavswaroop/Desktop/untitled folder 3/ecommerce_platform/venv/lib/python3.11/site-packages/airflow/example_dags/example_sla_dag.py
[2026-03-18T07:32:38.352+0530] {logging_mixin.py:188} INFO - [2026-03-18T07:32:38.352+0530] {dag.py:3047} INFO - Sync 1 DAGs
[2026-03-18T07:32:38.358+0530] {logging_mixin.py:188} INFO - [2026-03-18T07:32:38.357+0530] {dag.py:3834} INFO - Setting next_dagrun for example_sla_dag to 2026-03-18 02:00:00+00:00, run_after=2026-03-18 02:02:00+00:00
[2026-03-18T07:32:38.364+0530] {processor.py:183} INFO - Processing /Users/vybhavswaroop/Desktop/untitled folder 3/ecommerce_platform/venv/lib/python3.11/site-packages/airflow/example_dags/example_sla_dag.py took 0.059 seconds
[2026-03-18T07:34:01.093+0530] {processor.py:161} INFO - Started process (PID=5126) to work on /Users/vybhavswaroop/Desktop/untitled folder 3/ecommerce_platform/venv/lib/python3.11/site-packages/airflow/example_dags/example_sla_dag.py
[2026-03-18T07:34:01.094+0530] {processor.py:830} INFO - Processing file /Users/vybhavswaroop/Desktop/untitled folder 3/ecommerce_platform/venv/lib/python3.11/site-packages/airflow/example_dags/example_sla_dag.py for tasks to queue
[2026-03-18T07:34:01.094+0530] {logging_mixin.py:188} INFO - [2026-03-18T07:34:01.094+0530] {dagbag.py:540} INFO - Filling up the DagBag from /Users/vybhavswaroop/Desktop/untitled folder 3/ecommerce_platform/venv/lib/python3.11/site-packages/airflow/example_dags/example_sla_dag.py
[2026-03-18T07:34:01.107+0530] {processor.py:840} INFO - DAG(s) 'example_sla_dag' retrieved from /Users/vybhavswaroop/Desktop/untitled folder 3/ecommerce_platform/venv/lib/python3.11/site-packages/airflow/example_dags/example_sla_dag.py
[2026-03-18T07:34:01.143+0530] {logging_mixin.py:188} INFO - [2026-03-18T07:34:01.143+0530] {dag.py:3047} INFO - Sync 1 DAGs
[2026-03-18T07:34:01.150+0530] {logging_mixin.py:188} INFO - [2026-03-18T07:34:01.149+0530] {dag.py:3834} INFO - Setting next_dagrun for example_sla_dag to 2026-03-18 02:02:00+00:00, run_after=2026-03-18 02:04:00+00:00
[2026-03-18T07:34:01.156+0530] {processor.py:183} INFO - Processing /Users/vybhavswaroop/Desktop/untitled folder 3/ecommerce_platform/venv/lib/python3.11/site-packages/airflow/example_dags/example_sla_dag.py took 0.064 seconds
[2026-03-18T07:35:36.299+0530] {processor.py:161} INFO - Started process (PID=5455) to work on /Users/vybhavswaroop/Desktop/untitled folder 3/ecommerce_platform/venv/lib/python3.11/site-packages/airflow/example_dags/example_sla_dag.py
[2026-03-18T07:35:36.300+0530] {processor.py:830} INFO - Processing file /Users/vybhavswaroop/Desktop/untitled folder 3/ecommerce_platform/venv/lib/python3.11/site-packages/airflow/example_dags/example_sla_dag.py for tasks to queue
[2026-03-18T07:35:36.300+0530] {logging_mixin.py:188} INFO - [2026-03-18T07:35:36.300+0530] {dagbag.py:540} INFO - Filling up the DagBag from /Users/vybhavswaroop/Desktop/untitled folder 3/ecommerce_platform/venv/lib/python3.11/site-packages/airflow/example_dags/example_sla_dag.py
[2026-03-18T07:35:36.313+0530] {processor.py:840} INFO - DAG(s) 'example_sla_dag' retrieved from /Users/vybhavswaroop/Desktop/untitled folder 3/ecommerce_platform/venv/lib/python3.11/site-packages/airflow/example_dags/example_sla_dag.py
[2026-03-18T07:35:36.347+0530] {logging_mixin.py:188} INFO - [2026-03-18T07:35:36.347+0530] {dag.py:3047} INFO - Sync 1 DAGs
[2026-03-18T07:35:36.353+0530] {logging_mixin.py:188} INFO - [2026-03-18T07:35:36.353+0530] {dag.py:3834} INFO - Setting next_dagrun for example_sla_dag to 2026-03-18 02:02:00+00:00, run_after=2026-03-18 02:04:00+00:00
[2026-03-18T07:35:36.359+0530] {processor.py:183} INFO - Processing /Users/vybhavswaroop/Desktop/untitled folder 3/ecommerce_platform/venv/lib/python3.11/site-packages/airflow/example_dags/example_sla_dag.py took 0.060 seconds
[2026-03-18T07:37:08.384+0530] {processor.py:161} INFO - Started process (PID=5725) to work on /Users/vybhavswaroop/Desktop/untitled folder 3/ecommerce_platform/venv/lib/python3.11/site-packages/airflow/example_dags/example_sla_dag.py
[2026-03-18T07:37:08.385+0530] {processor.py:830} INFO - Processing file /Users/vybhavswaroop/Desktop/untitled folder 3/ecommerce_platform/venv/lib/python3.11/site-packages/airflow/example_dags/example_sla_dag.py for tasks to queue
[2026-03-18T07:37:08.385+0530] {logging_mixin.py:188} INFO - [2026-03-18T07:37:08.385+0530] {dagbag.py:540} INFO - Filling up the DagBag from /Users/vybhavswaroop/Desktop/untitled folder 3/ecommerce_platform/venv/lib/python3.11/site-packages/airflow/example_dags/example_sla_dag.py
[2026-03-18T07:37:08.401+0530] {processor.py:840} INFO - DAG(s) 'example_sla_dag' retrieved from /Users/vybhavswaroop/Desktop/untitled folder 3/ecommerce_platform/venv/lib/python3.11/site-packages/airflow/example_dags/example_sla_dag.py
[2026-03-18T07:37:08.438+0530] {logging_mixin.py:188} INFO - [2026-03-18T07:37:08.438+0530] {dag.py:3047} INFO - Sync 1 DAGs
[2026-03-18T07:37:08.444+0530] {logging_mixin.py:188} INFO - [2026-03-18T07:37:08.444+0530] {dag.py:3834} INFO - Setting next_dagrun for example_sla_dag to 2026-03-18 02:04:00+00:00, run_after=2026-03-18 02:06:00+00:00
[2026-03-18T07:37:08.450+0530] {processor.py:183} INFO - Processing /Users/vybhavswaroop/Desktop/untitled folder 3/ecommerce_platform/venv/lib/python3.11/site-packages/airflow/example_dags/example_sla_dag.py took 0.067 seconds
[2026-03-18T07:38:39.748+0530] {processor.py:161} INFO - Started process (PID=6046) to work on /Users/vybhavswaroop/Desktop/untitled folder 3/ecommerce_platform/venv/lib/python3.11/site-packages/airflow/example_dags/example_sla_dag.py
[2026-03-18T07:38:39.749+0530] {processor.py:830} INFO - Processing file /Users/vybhavswaroop/Desktop/untitled folder 3/ecommerce_platform/venv/lib/python3.11/site-packages/airflow/example_dags/example_sla_dag.py for tasks to queue
[2026-03-18T07:38:39.750+0530] {logging_mixin.py:188} INFO - [2026-03-18T07:38:39.749+0530] {dagbag.py:540} INFO - Filling up the DagBag from /Users/vybhavswaroop/Desktop/untitled folder 3/ecommerce_platform/venv/lib/python3.11/site-packages/airflow/example_dags/example_sla_dag.py
[2026-03-18T07:38:39.763+0530] {processor.py:840} INFO - DAG(s) 'example_sla_dag' retrieved from /Users/vybhavswaroop/Desktop/untitled folder 3/ecommerce_platform/venv/lib/python3.11/site-packages/airflow/example_dags/example_sla_dag.py
[2026-03-18T07:38:39.798+0530] {logging_mixin.py:188} INFO - [2026-03-18T07:38:39.797+0530] {dag.py:3047} INFO - Sync 1 DAGs
[2026-03-18T07:38:39.804+0530] {logging_mixin.py:188} INFO - [2026-03-18T07:38:39.804+0530] {dag.py:3834} INFO - Setting next_dagrun for example_sla_dag to 2026-03-18 02:06:00+00:00, run_after=2026-03-18 02:08:00+00:00
[2026-03-18T07:38:39.810+0530] {processor.py:183} INFO - Processing /Users/vybhavswaroop/Desktop/untitled folder 3/ecommerce_platform/venv/lib/python3.11/site-packages/airflow/example_dags/example_sla_dag.py took 0.062 seconds
[2026-03-18T07:40:04.538+0530] {processor.py:161} INFO - Started process (PID=6343) to work on /Users/vybhavswaroop/Desktop/untitled folder 3/ecommerce_platform/venv/lib/python3.11/site-packages/airflow/example_dags/example_sla_dag.py
[2026-03-18T07:40:04.539+0530] {processor.py:830} INFO - Processing file /Users/vybhavswaroop/Desktop/untitled folder 3/ecommerce_platform/venv/lib/python3.11/site-packages/airflow/example_dags/example_sla_dag.py for tasks to queue
[2026-03-18T07:40:04.539+0530] {logging_mixin.py:188} INFO - [2026-03-18T07:40:04.539+0530] {dagbag.py:540} INFO - Filling up the DagBag from /Users/vybhavswaroop/Desktop/untitled folder 3/ecommerce_platform/venv/lib/python3.11/site-packages/airflow/example_dags/example_sla_dag.py
[2026-03-18T07:40:04.552+0530] {processor.py:840} INFO - DAG(s) 'example_sla_dag' retrieved from /Users/vybhavswaroop/Desktop/untitled folder 3/ecommerce_platform/venv/lib/python3.11/site-packages/airflow/example_dags/example_sla_dag.py
[2026-03-18T07:40:04.586+0530] {logging_mixin.py:188} INFO - [2026-03-18T07:40:04.586+0530] {dag.py:3047} INFO - Sync 1 DAGs
[2026-03-18T07:40:04.592+0530] {logging_mixin.py:188} INFO - [2026-03-18T07:40:04.592+0530] {dag.py:3834} INFO - Setting next_dagrun for example_sla_dag to 2026-03-18 02:08:00+00:00, run_after=2026-03-18 02:10:00+00:00
[2026-03-18T07:40:04.598+0530] {processor.py:183} INFO - Processing /Users/vybhavswaroop/Desktop/untitled folder 3/ecommerce_platform/venv/lib/python3.11/site-packages/airflow/example_dags/example_sla_dag.py took 0.060 seconds
[2026-03-18T07:41:40.986+0530] {processor.py:161} INFO - Started process (PID=6692) to work on /Users/vybhavswaroop/Desktop/untitled folder 3/ecommerce_platform/venv/lib/python3.11/site-packages/airflow/example_dags/example_sla_dag.py
[2026-03-18T07:41:40.987+0530] {processor.py:830} INFO - Processing file /Users/vybhavswaroop/Desktop/untitled folder 3/ecommerce_platform/venv/lib/python3.11/site-packages/airflow/example_dags/example_sla_dag.py for tasks to queue
[2026-03-18T07:41:40.987+0530] {logging_mixin.py:188} INFO - [2026-03-18T07:41:40.987+0530] {dagbag.py:540} INFO - Filling up the DagBag from /Users/vybhavswaroop/Desktop/untitled folder 3/ecommerce_platform/venv/lib/python3.11/site-packages/airflow/example_dags/example_sla_dag.py
[2026-03-18T07:41:41.001+0530] {processor.py:840} INFO - DAG(s) 'example_sla_dag' retrieved from /Users/vybhavswaroop/Desktop/untitled folder 3/ecommerce_platform/venv/lib/python3.11/site-packages/airflow/example_dags/example_sla_dag.py
[2026-03-18T07:41:41.036+0530] {logging_mixin.py:188} INFO - [2026-03-18T07:41:41.036+0530] {dag.py:3047} INFO - Sync 1 DAGs
[2026-03-18T07:41:41.042+0530] {logging_mixin.py:188} INFO - [2026-03-18T07:41:41.042+0530] {dag.py:3834} INFO - Setting next_dagrun for example_sla_dag to 2026-03-18 02:08:00+00:00, run_after=2026-03-18 02:10:00+00:00
[2026-03-18T07:41:41.049+0530] {processor.py:183} INFO - Processing /Users/vybhavswaroop/Desktop/untitled folder 3/ecommerce_platform/venv/lib/python3.11/site-packages/airflow/example_dags/example_sla_dag.py took 0.063 seconds
[2026-03-18T07:43:17.353+0530] {processor.py:161} INFO - Started process (PID=7035) to work on /Users/vybhavswaroop/Desktop/untitled folder 3/ecommerce_platform/venv/lib/python3.11/site-packages/airflow/example_dags/example_sla_dag.py
[2026-03-18T07:43:17.355+0530] {processor.py:830} INFO - Processing file /Users/vybhavswaroop/Desktop/untitled folder 3/ecommerce_platform/venv/lib/python3.11/site-packages/airflow/example_dags/example_sla_dag.py for tasks to queue
[2026-03-18T07:43:17.355+0530] {logging_mixin.py:188} INFO - [2026-03-18T07:43:17.355+0530] {dagbag.py:540} INFO - Filling up the DagBag from /Users/vybhavswaroop/Desktop/untitled folder 3/ecommerce_platform/venv/lib/python3.11/site-packages/airflow/example_dags/example_sla_dag.py
[2026-03-18T07:43:17.367+0530] {processor.py:840} INFO - DAG(s) 'example_sla_dag' retrieved from /Users/vybhavswaroop/Desktop/untitled folder 3/ecommerce_platform/venv/lib/python3.11/site-packages/airflow/example_dags/example_sla_dag.py
[2026-03-18T07:43:17.402+0530] {logging_mixin.py:188} INFO - [2026-03-18T07:43:17.402+0530] {dag.py:3047} INFO - Sync 1 DAGs
[2026-03-18T07:43:17.408+0530] {logging_mixin.py:188} INFO - [2026-03-18T07:43:17.407+0530] {dag.py:3834} INFO - Setting next_dagrun for example_sla_dag to 2026-03-18 02:10:00+00:00, run_after=2026-03-18 02:12:00+00:00
[2026-03-18T07:43:17.414+0530] {processor.py:183} INFO - Processing /Users/vybhavswaroop/Desktop/untitled folder 3/ecommerce_platform/venv/lib/python3.11/site-packages/airflow/example_dags/example_sla_dag.py took 0.061 seconds
[2026-03-18T07:44:50.354+0530] {processor.py:161} INFO - Started process (PID=7373) to work on /Users/vybhavswaroop/Desktop/untitled folder 3/ecommerce_platform/venv/lib/python3.11/site-packages/airflow/example_dags/example_sla_dag.py
[2026-03-18T07:44:50.355+0530] {processor.py:830} INFO - Processing file /Users/vybhavswaroop/Desktop/untitled folder 3/ecommerce_platform/venv/lib/python3.11/site-packages/airflow/example_dags/example_sla_dag.py for tasks to queue
[2026-03-18T07:44:50.355+0530] {logging_mixin.py:188} INFO - [2026-03-18T07:44:50.355+0530] {dagbag.py:540} INFO - Filling up the DagBag from /Users/vybhavswaroop/Desktop/untitled folder 3/ecommerce_platform/venv/lib/python3.11/site-packages/airflow/example_dags/example_sla_dag.py
[2026-03-18T07:44:50.369+0530] {processor.py:840} INFO - DAG(s) 'example_sla_dag' retrieved from /Users/vybhavswaroop/Desktop/untitled folder 3/ecommerce_platform/venv/lib/python3.11/site-packages/airflow/example_dags/example_sla_dag.py
[2026-03-18T07:44:50.404+0530] {logging_mixin.py:188} INFO - [2026-03-18T07:44:50.404+0530] {dag.py:3047} INFO - Sync 1 DAGs
[2026-03-18T07:44:50.410+0530] {logging_mixin.py:188} INFO - [2026-03-18T07:44:50.410+0530] {dag.py:3834} INFO - Setting next_dagrun for example_sla_dag to 2026-03-18 02:12:00+00:00, run_after=2026-03-18 02:14:00+00:00
[2026-03-18T07:44:50.416+0530] {processor.py:183} INFO - Processing /Users/vybhavswaroop/Desktop/untitled folder 3/ecommerce_platform/venv/lib/python3.11/site-packages/airflow/example_dags/example_sla_dag.py took 0.061 seconds
[2026-03-18T07:46:13.989+0530] {processor.py:161} INFO - Started process (PID=7655) to work on /Users/vybhavswaroop/Desktop/untitled folder 3/ecommerce_platform/venv/lib/python3.11/site-packages/airflow/example_dags/example_sla_dag.py
[2026-03-18T07:46:13.990+0530] {processor.py:830} INFO - Processing file /Users/vybhavswaroop/Desktop/untitled folder 3/ecommerce_platform/venv/lib/python3.11/site-packages/airflow/example_dags/example_sla_dag.py for tasks to queue
[2026-03-18T07:46:13.990+0530] {logging_mixin.py:188} INFO - [2026-03-18T07:46:13.990+0530] {dagbag.py:540} INFO - Filling up the DagBag from /Users/vybhavswaroop/Desktop/untitled folder 3/ecommerce_platform/venv/lib/python3.11/site-packages/airflow/example_dags/example_sla_dag.py
[2026-03-18T07:46:14.003+0530] {processor.py:840} INFO - DAG(s) 'example_sla_dag' retrieved from /Users/vybhavswaroop/Desktop/untitled folder 3/ecommerce_platform/venv/lib/python3.11/site-packages/airflow/example_dags/example_sla_dag.py
[2026-03-18T07:46:14.038+0530] {logging_mixin.py:188} INFO - [2026-03-18T07:46:14.037+0530] {dag.py:3047} INFO - Sync 1 DAGs
[2026-03-18T07:46:14.043+0530] {logging_mixin.py:188} INFO - [2026-03-18T07:46:14.043+0530] {dag.py:3834} INFO - Setting next_dagrun for example_sla_dag to 2026-03-18 02:14:00+00:00, run_after=2026-03-18 02:16:00+00:00
[2026-03-18T07:46:14.049+0530] {processor.py:183} INFO - Processing /Users/vybhavswaroop/Desktop/untitled folder 3/ecommerce_platform/venv/lib/python3.11/site-packages/airflow/example_dags/example_sla_dag.py took 0.060 seconds
[2026-03-18T07:47:36.331+0530] {processor.py:161} INFO - Started process (PID=7953) to work on /Users/vybhavswaroop/Desktop/untitled folder 3/ecommerce_platform/venv/lib/python3.11/site-packages/airflow/example_dags/example_sla_dag.py
[2026-03-18T07:47:36.332+0530] {processor.py:830} INFO - Processing file /Users/vybhavswaroop/Desktop/untitled folder 3/ecommerce_platform/venv/lib/python3.11/site-packages/airflow/example_dags/example_sla_dag.py for tasks to queue
[2026-03-18T07:47:36.333+0530] {logging_mixin.py:188} INFO - [2026-03-18T07:47:36.333+0530] {dagbag.py:540} INFO - Filling up the DagBag from /Users/vybhavswaroop/Desktop/untitled folder 3/ecommerce_platform/venv/lib/python3.11/site-packages/airflow/example_dags/example_sla_dag.py
[2026-03-18T07:47:36.347+0530] {processor.py:840} INFO - DAG(s) 'example_sla_dag' retrieved from /Users/vybhavswaroop/Desktop/untitled folder 3/ecommerce_platform/venv/lib/python3.11/site-packages/airflow/example_dags/example_sla_dag.py
[2026-03-18T07:47:36.382+0530] {logging_mixin.py:188} INFO - [2026-03-18T07:47:36.381+0530] {dag.py:3047} INFO - Sync 1 DAGs
[2026-03-18T07:47:36.387+0530] {logging_mixin.py:188} INFO - [2026-03-18T07:47:36.387+0530] {dag.py:3834} INFO - Setting next_dagrun for example_sla_dag to 2026-03-18 02:14:00+00:00, run_after=2026-03-18 02:16:00+00:00
[2026-03-18T07:47:36.393+0530] {processor.py:183} INFO - Processing /Users/vybhavswaroop/Desktop/untitled folder 3/ecommerce_platform/venv/lib/python3.11/site-packages/airflow/example_dags/example_sla_dag.py took 0.062 seconds
[2026-03-18T07:48:58.961+0530] {processor.py:161} INFO - Started process (PID=8277) to work on /Users/vybhavswaroop/Desktop/untitled folder 3/ecommerce_platform/venv/lib/python3.11/site-packages/airflow/example_dags/example_sla_dag.py
[2026-03-18T07:48:58.963+0530] {processor.py:830} INFO - Processing file /Users/vybhavswaroop/Desktop/untitled folder 3/ecommerce_platform/venv/lib/python3.11/site-packages/airflow/example_dags/example_sla_dag.py for tasks to queue
[2026-03-18T07:48:58.964+0530] {logging_mixin.py:188} INFO - [2026-03-18T07:48:58.963+0530] {dagbag.py:540} INFO - Filling up the DagBag from /Users/vybhavswaroop/Desktop/untitled folder 3/ecommerce_platform/venv/lib/python3.11/site-packages/airflow/example_dags/example_sla_dag.py
[2026-03-18T07:48:58.976+0530] {processor.py:840} INFO - DAG(s) 'example_sla_dag' retrieved from /Users/vybhavswaroop/Desktop/untitled folder 3/ecommerce_platform/venv/lib/python3.11/site-packages/airflow/example_dags/example_sla_dag.py
[2026-03-18T07:48:59.011+0530] {logging_mixin.py:188} INFO - [2026-03-18T07:48:59.011+0530] {dag.py:3047} INFO - Sync 1 DAGs
[2026-03-18T07:48:59.017+0530] {logging_mixin.py:188} INFO - [2026-03-18T07:48:59.017+0530] {dag.py:3834} INFO - Setting next_dagrun for example_sla_dag to 2026-03-18 02:16:00+00:00, run_after=2026-03-18 02:18:00+00:00
[2026-03-18T07:48:59.023+0530] {processor.py:183} INFO - Processing /Users/vybhavswaroop/Desktop/untitled folder 3/ecommerce_platform/venv/lib/python3.11/site-packages/airflow/example_dags/example_sla_dag.py took 0.062 seconds
[2026-03-18T07:50:25.583+0530] {processor.py:161} INFO - Started process (PID=8852) to work on /Users/vybhavswaroop/Desktop/untitled folder 3/ecommerce_platform/venv/lib/python3.11/site-packages/airflow/example_dags/example_sla_dag.py
[2026-03-18T07:50:25.584+0530] {processor.py:830} INFO - Processing file /Users/vybhavswaroop/Desktop/untitled folder 3/ecommerce_platform/venv/lib/python3.11/site-packages/airflow/example_dags/example_sla_dag.py for tasks to queue
[2026-03-18T07:50:25.584+0530] {logging_mixin.py:188} INFO - [2026-03-18T07:50:25.584+0530] {dagbag.py:540} INFO - Filling up the DagBag from /Users/vybhavswaroop/Desktop/untitled folder 3/ecommerce_platform/venv/lib/python3.11/site-packages/airflow/example_dags/example_sla_dag.py
[2026-03-18T07:50:25.596+0530] {processor.py:840} INFO - DAG(s) 'example_sla_dag' retrieved from /Users/vybhavswaroop/Desktop/untitled folder 3/ecommerce_platform/venv/lib/python3.11/site-packages/airflow/example_dags/example_sla_dag.py
[2026-03-18T07:50:25.631+0530] {logging_mixin.py:188} INFO - [2026-03-18T07:50:25.631+0530] {dag.py:3047} INFO - Sync 1 DAGs
[2026-03-18T07:50:25.637+0530] {logging_mixin.py:188} INFO - [2026-03-18T07:50:25.637+0530] {dag.py:3834} INFO - Setting next_dagrun for example_sla_dag to 2026-03-18 02:18:00+00:00, run_after=2026-03-18 02:20:00+00:00
[2026-03-18T07:50:25.642+0530] {processor.py:183} INFO - Processing /Users/vybhavswaroop/Desktop/untitled folder 3/ecommerce_platform/venv/lib/python3.11/site-packages/airflow/example_dags/example_sla_dag.py took 0.060 seconds
[2026-03-18T07:51:51.512+0530] {processor.py:161} INFO - Started process (PID=9709) to work on /Users/vybhavswaroop/Desktop/untitled folder 3/ecommerce_platform/venv/lib/python3.11/site-packages/airflow/example_dags/example_sla_dag.py
[2026-03-18T07:51:51.513+0530] {processor.py:830} INFO - Processing file /Users/vybhavswaroop/Desktop/untitled folder 3/ecommerce_platform/venv/lib/python3.11/site-packages/airflow/example_dags/example_sla_dag.py for tasks to queue
[2026-03-18T07:51:51.514+0530] {logging_mixin.py:188} INFO - [2026-03-18T07:51:51.514+0530] {dagbag.py:540} INFO - Filling up the DagBag from /Users/vybhavswaroop/Desktop/untitled folder 3/ecommerce_platform/venv/lib/python3.11/site-packages/airflow/example_dags/example_sla_dag.py
[2026-03-18T07:51:51.526+0530] {processor.py:840} INFO - DAG(s) 'example_sla_dag' retrieved from /Users/vybhavswaroop/Desktop/untitled folder 3/ecommerce_platform/venv/lib/python3.11/site-packages/airflow/example_dags/example_sla_dag.py
[2026-03-18T07:51:51.561+0530] {logging_mixin.py:188} INFO - [2026-03-18T07:51:51.561+0530] {dag.py:3047} INFO - Sync 1 DAGs
[2026-03-18T07:51:51.568+0530] {logging_mixin.py:188} INFO - [2026-03-18T07:51:51.568+0530] {dag.py:3834} INFO - Setting next_dagrun for example_sla_dag to 2026-03-18 02:18:00+00:00, run_after=2026-03-18 02:20:00+00:00
[2026-03-18T07:51:51.573+0530] {processor.py:183} INFO - Processing /Users/vybhavswaroop/Desktop/untitled folder 3/ecommerce_platform/venv/lib/python3.11/site-packages/airflow/example_dags/example_sla_dag.py took 0.061 seconds
[2026-03-18T07:53:22.853+0530] {processor.py:161} INFO - Started process (PID=10812) to work on /Users/vybhavswaroop/Desktop/untitled folder 3/ecommerce_platform/venv/lib/python3.11/site-packages/airflow/example_dags/example_sla_dag.py
[2026-03-18T07:53:22.854+0530] {processor.py:830} INFO - Processing file /Users/vybhavswaroop/Desktop/untitled folder 3/ecommerce_platform/venv/lib/python3.11/site-packages/airflow/example_dags/example_sla_dag.py for tasks to queue
[2026-03-18T07:53:22.854+0530] {logging_mixin.py:188} INFO - [2026-03-18T07:53:22.854+0530] {dagbag.py:540} INFO - Filling up the DagBag from /Users/vybhavswaroop/Desktop/untitled folder 3/ecommerce_platform/venv/lib/python3.11/site-packages/airflow/example_dags/example_sla_dag.py
[2026-03-18T07:53:22.867+0530] {processor.py:840} INFO - DAG(s) 'example_sla_dag' retrieved from /Users/vybhavswaroop/Desktop/untitled folder 3/ecommerce_platform/venv/lib/python3.11/site-packages/airflow/example_dags/example_sla_dag.py
[2026-03-18T07:53:22.925+0530] {logging_mixin.py:188} INFO - [2026-03-18T07:53:22.925+0530] {dag.py:3047} INFO - Sync 1 DAGs
[2026-03-18T07:53:22.931+0530] {logging_mixin.py:188} INFO - [2026-03-18T07:53:22.931+0530] {dag.py:3834} INFO - Setting next_dagrun for example_sla_dag to 2026-03-18 02:20:00+00:00, run_after=2026-03-18 02:22:00+00:00
[2026-03-18T07:53:22.936+0530] {processor.py:183} INFO - Processing /Users/vybhavswaroop/Desktop/untitled folder 3/ecommerce_platform/venv/lib/python3.11/site-packages/airflow/example_dags/example_sla_dag.py took 0.084 seconds
[2026-03-18T07:55:27.543+0530] {processor.py:161} INFO - Started process (PID=11177) to work on /Users/vybhavswaroop/Desktop/untitled folder 3/ecommerce_platform/venv/lib/python3.11/site-packages/airflow/example_dags/example_sla_dag.py
[2026-03-18T07:55:27.545+0530] {processor.py:830} INFO - Processing file /Users/vybhavswaroop/Desktop/untitled folder 3/ecommerce_platform/venv/lib/python3.11/site-packages/airflow/example_dags/example_sla_dag.py for tasks to queue
[2026-03-18T07:55:27.545+0530] {logging_mixin.py:188} INFO - [2026-03-18T07:55:27.545+0530] {dagbag.py:540} INFO - Filling up the DagBag from /Users/vybhavswaroop/Desktop/untitled folder 3/ecommerce_platform/venv/lib/python3.11/site-packages/airflow/example_dags/example_sla_dag.py
[2026-03-18T07:55:27.558+0530] {processor.py:840} INFO - DAG(s) 'example_sla_dag' retrieved from /Users/vybhavswaroop/Desktop/untitled folder 3/ecommerce_platform/venv/lib/python3.11/site-packages/airflow/example_dags/example_sla_dag.py
[2026-03-18T07:55:27.592+0530] {logging_mixin.py:188} INFO - [2026-03-18T07:55:27.592+0530] {dag.py:3047} INFO - Sync 1 DAGs
[2026-03-18T07:55:27.598+0530] {logging_mixin.py:188} INFO - [2026-03-18T07:55:27.598+0530] {dag.py:3834} INFO - Setting next_dagrun for example_sla_dag to 2026-03-18 02:22:00+00:00, run_after=2026-03-18 02:24:00+00:00
[2026-03-18T07:55:27.603+0530] {processor.py:183} INFO - Processing /Users/vybhavswaroop/Desktop/untitled folder 3/ecommerce_platform/venv/lib/python3.11/site-packages/airflow/example_dags/example_sla_dag.py took 0.060 seconds
[2026-03-18T07:56:58.942+0530] {processor.py:161} INFO - Started process (PID=11440) to work on /Users/vybhavswaroop/Desktop/untitled folder 3/ecommerce_platform/venv/lib/python3.11/site-packages/airflow/example_dags/example_sla_dag.py
[2026-03-18T07:56:58.943+0530] {processor.py:830} INFO - Processing file /Users/vybhavswaroop/Desktop/untitled folder 3/ecommerce_platform/venv/lib/python3.11/site-packages/airflow/example_dags/example_sla_dag.py for tasks to queue
[2026-03-18T07:56:58.943+0530] {logging_mixin.py:188} INFO - [2026-03-18T07:56:58.943+0530] {dagbag.py:540} INFO - Filling up the DagBag from /Users/vybhavswaroop/Desktop/untitled folder 3/ecommerce_platform/venv/lib/python3.11/site-packages/airflow/example_dags/example_sla_dag.py
[2026-03-18T07:56:58.956+0530] {processor.py:840} INFO - DAG(s) 'example_sla_dag' retrieved from /Users/vybhavswaroop/Desktop/untitled folder 3/ecommerce_platform/venv/lib/python3.11/site-packages/airflow/example_dags/example_sla_dag.py
[2026-03-18T07:56:58.989+0530] {logging_mixin.py:188} INFO - [2026-03-18T07:56:58.989+0530] {dag.py:3047} INFO - Sync 1 DAGs
[2026-03-18T07:56:58.995+0530] {logging_mixin.py:188} INFO - [2026-03-18T07:56:58.994+0530] {dag.py:3834} INFO - Setting next_dagrun for example_sla_dag to 2026-03-18 02:24:00+00:00, run_after=2026-03-18 02:26:00+00:00
[2026-03-18T07:56:59.000+0530] {processor.py:183} INFO - Processing /Users/vybhavswaroop/Desktop/untitled folder 3/ecommerce_platform/venv/lib/python3.11/site-packages/airflow/example_dags/example_sla_dag.py took 0.057 seconds
[2026-03-18T07:58:24.602+0530] {processor.py:161} INFO - Started process (PID=11686) to work on /Users/vybhavswaroop/Desktop/untitled folder 3/ecommerce_platform/venv/lib/python3.11/site-packages/airflow/example_dags/example_sla_dag.py
[2026-03-18T07:58:24.602+0530] {processor.py:830} INFO - Processing file /Users/vybhavswaroop/Desktop/untitled folder 3/ecommerce_platform/venv/lib/python3.11/site-packages/airflow/example_dags/example_sla_dag.py for tasks to queue
[2026-03-18T07:58:24.603+0530] {logging_mixin.py:188} INFO - [2026-03-18T07:58:24.603+0530] {dagbag.py:540} INFO - Filling up the DagBag from /Users/vybhavswaroop/Desktop/untitled folder 3/ecommerce_platform/venv/lib/python3.11/site-packages/airflow/example_dags/example_sla_dag.py
[2026-03-18T07:58:24.615+0530] {processor.py:840} INFO - DAG(s) 'example_sla_dag' retrieved from /Users/vybhavswaroop/Desktop/untitled folder 3/ecommerce_platform/venv/lib/python3.11/site-packages/airflow/example_dags/example_sla_dag.py
[2026-03-18T07:58:24.650+0530] {logging_mixin.py:188} INFO - [2026-03-18T07:58:24.649+0530] {dag.py:3047} INFO - Sync 1 DAGs
[2026-03-18T07:58:24.655+0530] {logging_mixin.py:188} INFO - [2026-03-18T07:58:24.655+0530] {dag.py:3834} INFO - Setting next_dagrun for example_sla_dag to 2026-03-18 02:26:00+00:00, run_after=2026-03-18 02:28:00+00:00
[2026-03-18T07:58:24.660+0530] {processor.py:183} INFO - Processing /Users/vybhavswaroop/Desktop/untitled folder 3/ecommerce_platform/venv/lib/python3.11/site-packages/airflow/example_dags/example_sla_dag.py took 0.059 seconds
