[2026-03-18T06:59:49.249+0530] {processor.py:161} INFO - Started process (PID=97779) to work on /Users/vybhavswaroop/Desktop/untitled folder 3/ecommerce_platform/venv/lib/python3.11/site-packages/airflow/example_dags/example_setup_teardown_taskflow.py
[2026-03-18T06:59:49.251+0530] {processor.py:830} INFO - Processing file /Users/vybhavswaroop/Desktop/untitled folder 3/ecommerce_platform/venv/lib/python3.11/site-packages/airflow/example_dags/example_setup_teardown_taskflow.py for tasks to queue
[2026-03-18T06:59:49.251+0530] {logging_mixin.py:188} INFO - [2026-03-18T06:59:49.251+0530] {dagbag.py:540} INFO - Filling up the DagBag from /Users/vybhavswaroop/Desktop/untitled folder 3/ecommerce_platform/venv/lib/python3.11/site-packages/airflow/example_dags/example_setup_teardown_taskflow.py
[2026-03-18T06:59:49.285+0530] {processor.py:840} INFO - DAG(s) 'example_setup_teardown_taskflow' retrieved from /Users/vybhavswaroop/Desktop/untitled folder 3/ecommerce_platform/venv/lib/python3.11/site-packages/airflow/example_dags/example_setup_teardown_taskflow.py
[2026-03-18T06:59:49.378+0530] {logging_mixin.py:188} INFO - [2026-03-18T06:59:49.377+0530] {dag.py:3047} INFO - Sync 1 DAGs
[2026-03-18T06:59:49.389+0530] {logging_mixin.py:188} INFO - [2026-03-18T06:59:49.389+0530] {dag.py:3834} INFO - Setting next_dagrun for example_setup_teardown_taskflow to 2026-03-17 00:00:00+00:00, run_after=2026-03-18 00:00:00+00:00
[2026-03-18T06:59:49.405+0530] {processor.py:183} INFO - Processing /Users/vybhavswaroop/Desktop/untitled folder 3/ecommerce_platform/venv/lib/python3.11/site-packages/airflow/example_dags/example_setup_teardown_taskflow.py took 0.156 seconds
[2026-03-18T07:22:28.859+0530] {processor.py:161} INFO - Started process (PID=3058) to work on /Users/vybhavswaroop/Desktop/untitled folder 3/ecommerce_platform/venv/lib/python3.11/site-packages/airflow/example_dags/example_setup_teardown_taskflow.py
[2026-03-18T07:22:28.860+0530] {processor.py:830} INFO - Processing file /Users/vybhavswaroop/Desktop/untitled folder 3/ecommerce_platform/venv/lib/python3.11/site-packages/airflow/example_dags/example_setup_teardown_taskflow.py for tasks to queue
[2026-03-18T07:22:28.860+0530] {logging_mixin.py:188} INFO - [2026-03-18T07:22:28.860+0530] {dagbag.py:540} INFO - Filling up the DagBag from /Users/vybhavswaroop/Desktop/untitled folder 3/ecommerce_platform/venv/lib/python3.11/site-packages/airflow/example_dags/example_setup_teardown_taskflow.py
[2026-03-18T07:22:28.874+0530] {processor.py:840} INFO - DAG(s) 'example_setup_teardown_taskflow' retrieved from /Users/vybhavswaroop/Desktop/untitled folder 3/ecommerce_platform/venv/lib/python3.11/site-packages/airflow/example_dags/example_setup_teardown_taskflow.py
[2026-03-18T07:22:28.936+0530] {logging_mixin.py:188} INFO - [2026-03-18T07:22:28.936+0530] {dag.py:3047} INFO - Sync 1 DAGs
[2026-03-18T07:22:28.941+0530] {logging_mixin.py:188} INFO - [2026-03-18T07:22:28.941+0530] {dag.py:3834} INFO - Setting next_dagrun for example_setup_teardown_taskflow to 2026-03-17 00:00:00+00:00, run_after=2026-03-18 00:00:00+00:00
[2026-03-18T07:22:28.947+0530] {processor.py:183} INFO - Processing /Users/vybhavswaroop/Desktop/untitled folder 3/ecommerce_platform/venv/lib/python3.11/site-packages/airflow/example_dags/example_setup_teardown_taskflow.py took 0.089 seconds
[2026-03-18T07:24:27.517+0530] {processor.py:161} INFO - Started process (PID=3429) to work on /Users/vybhavswaroop/Desktop/untitled folder 3/ecommerce_platform/venv/lib/python3.11/site-packages/airflow/example_dags/example_setup_teardown_taskflow.py
[2026-03-18T07:24:27.518+0530] {processor.py:830} INFO - Processing file /Users/vybhavswaroop/Desktop/untitled folder 3/ecommerce_platform/venv/lib/python3.11/site-packages/airflow/example_dags/example_setup_teardown_taskflow.py for tasks to queue
[2026-03-18T07:24:27.518+0530] {logging_mixin.py:188} INFO - [2026-03-18T07:24:27.518+0530] {dagbag.py:540} INFO - Filling up the DagBag from /Users/vybhavswaroop/Desktop/untitled folder 3/ecommerce_platform/venv/lib/python3.11/site-packages/airflow/example_dags/example_setup_teardown_taskflow.py
[2026-03-18T07:24:27.531+0530] {processor.py:840} INFO - DAG(s) 'example_setup_teardown_taskflow' retrieved from /Users/vybhavswaroop/Desktop/untitled folder 3/ecommerce_platform/venv/lib/python3.11/site-packages/airflow/example_dags/example_setup_teardown_taskflow.py
[2026-03-18T07:24:27.565+0530] {logging_mixin.py:188} INFO - [2026-03-18T07:24:27.565+0530] {dag.py:3047} INFO - Sync 1 DAGs
[2026-03-18T07:24:27.570+0530] {logging_mixin.py:188} INFO - [2026-03-18T07:24:27.570+0530] {dag.py:3834} INFO - Setting next_dagrun for example_setup_teardown_taskflow to 2026-03-17 00:00:00+00:00, run_after=2026-03-18 00:00:00+00:00
[2026-03-18T07:24:27.577+0530] {processor.py:183} INFO - Processing /Users/vybhavswaroop/Desktop/untitled folder 3/ecommerce_platform/venv/lib/python3.11/site-packages/airflow/example_dags/example_setup_teardown_taskflow.py took 0.060 seconds
[2026-03-18T07:25:53.355+0530] {processor.py:161} INFO - Started process (PID=3685) to work on /Users/vybhavswaroop/Desktop/untitled folder 3/ecommerce_platform/venv/lib/python3.11/site-packages/airflow/example_dags/example_setup_teardown_taskflow.py
[2026-03-18T07:25:53.355+0530] {processor.py:830} INFO - Processing file /Users/vybhavswaroop/Desktop/untitled folder 3/ecommerce_platform/venv/lib/python3.11/site-packages/airflow/example_dags/example_setup_teardown_taskflow.py for tasks to queue
[2026-03-18T07:25:53.356+0530] {logging_mixin.py:188} INFO - [2026-03-18T07:25:53.356+0530] {dagbag.py:540} INFO - Filling up the DagBag from /Users/vybhavswaroop/Desktop/untitled folder 3/ecommerce_platform/venv/lib/python3.11/site-packages/airflow/example_dags/example_setup_teardown_taskflow.py
[2026-03-18T07:25:53.369+0530] {processor.py:840} INFO - DAG(s) 'example_setup_teardown_taskflow' retrieved from /Users/vybhavswaroop/Desktop/untitled folder 3/ecommerce_platform/venv/lib/python3.11/site-packages/airflow/example_dags/example_setup_teardown_taskflow.py
[2026-03-18T07:25:53.405+0530] {logging_mixin.py:188} INFO - [2026-03-18T07:25:53.405+0530] {dag.py:3047} INFO - Sync 1 DAGs
[2026-03-18T07:25:53.410+0530] {logging_mixin.py:188} INFO - [2026-03-18T07:25:53.410+0530] {dag.py:3834} INFO - Setting next_dagrun for example_setup_teardown_taskflow to 2026-03-17 00:00:00+00:00, run_after=2026-03-18 00:00:00+00:00
[2026-03-18T07:25:53.416+0530] {processor.py:183} INFO - Processing /Users/vybhavswaroop/Desktop/untitled folder 3/ecommerce_platform/venv/lib/python3.11/site-packages/airflow/example_dags/example_setup_teardown_taskflow.py took 0.061 seconds
[2026-03-18T07:27:18.347+0530] {processor.py:161} INFO - Started process (PID=3933) to work on /Users/vybhavswaroop/Desktop/untitled folder 3/ecommerce_platform/venv/lib/python3.11/site-packages/airflow/example_dags/example_setup_teardown_taskflow.py
[2026-03-18T07:27:18.347+0530] {processor.py:830} INFO - Processing file /Users/vybhavswaroop/Desktop/untitled folder 3/ecommerce_platform/venv/lib/python3.11/site-packages/airflow/example_dags/example_setup_teardown_taskflow.py for tasks to queue
[2026-03-18T07:27:18.347+0530] {logging_mixin.py:188} INFO - [2026-03-18T07:27:18.347+0530] {dagbag.py:540} INFO - Filling up the DagBag from /Users/vybhavswaroop/Desktop/untitled folder 3/ecommerce_platform/venv/lib/python3.11/site-packages/airflow/example_dags/example_setup_teardown_taskflow.py
[2026-03-18T07:27:18.360+0530] {processor.py:840} INFO - DAG(s) 'example_setup_teardown_taskflow' retrieved from /Users/vybhavswaroop/Desktop/untitled folder 3/ecommerce_platform/venv/lib/python3.11/site-packages/airflow/example_dags/example_setup_teardown_taskflow.py
[2026-03-18T07:27:18.394+0530] {logging_mixin.py:188} INFO - [2026-03-18T07:27:18.394+0530] {dag.py:3047} INFO - Sync 1 DAGs
[2026-03-18T07:27:18.399+0530] {logging_mixin.py:188} INFO - [2026-03-18T07:27:18.399+0530] {dag.py:3834} INFO - Setting next_dagrun for example_setup_teardown_taskflow to 2026-03-17 00:00:00+00:00, run_after=2026-03-18 00:00:00+00:00
[2026-03-18T07:27:18.405+0530] {processor.py:183} INFO - Processing /Users/vybhavswaroop/Desktop/untitled folder 3/ecommerce_platform/venv/lib/python3.11/site-packages/airflow/example_dags/example_setup_teardown_taskflow.py took 0.059 seconds
[2026-03-18T07:30:00.463+0530] {processor.py:161} INFO - Started process (PID=4415) to work on /Users/vybhavswaroop/Desktop/untitled folder 3/ecommerce_platform/venv/lib/python3.11/site-packages/airflow/example_dags/example_setup_teardown_taskflow.py
[2026-03-18T07:30:00.464+0530] {processor.py:830} INFO - Processing file /Users/vybhavswaroop/Desktop/untitled folder 3/ecommerce_platform/venv/lib/python3.11/site-packages/airflow/example_dags/example_setup_teardown_taskflow.py for tasks to queue
[2026-03-18T07:30:00.464+0530] {logging_mixin.py:188} INFO - [2026-03-18T07:30:00.464+0530] {dagbag.py:540} INFO - Filling up the DagBag from /Users/vybhavswaroop/Desktop/untitled folder 3/ecommerce_platform/venv/lib/python3.11/site-packages/airflow/example_dags/example_setup_teardown_taskflow.py
[2026-03-18T07:30:00.477+0530] {processor.py:840} INFO - DAG(s) 'example_setup_teardown_taskflow' retrieved from /Users/vybhavswaroop/Desktop/untitled folder 3/ecommerce_platform/venv/lib/python3.11/site-packages/airflow/example_dags/example_setup_teardown_taskflow.py
[2026-03-18T07:30:00.512+0530] {logging_mixin.py:188} INFO - [2026-03-18T07:30:00.512+0530] {dag.py:3047} INFO - Sync 1 DAGs
[2026-03-18T07:30:00.517+0530] {logging_mixin.py:188} INFO - [2026-03-18T07:30:00.516+0530] {dag.py:3834} INFO - Setting next_dagrun for example_setup_teardown_taskflow to 2026-03-17 00:00:00+00:00, run_after=2026-03-18 00:00:00+00:00
[2026-03-18T07:30:00.523+0530] {processor.py:183} INFO - Processing /Users/vybhavswaroop/Desktop/untitled folder 3/ecommerce_platform/venv/lib/python3.11/site-packages/airflow/example_dags/example_setup_teardown_taskflow.py took 0.060 seconds
[2026-03-18T07:31:22.676+0530] {processor.py:161} INFO - Started process (PID=4662) to work on /Users/vybhavswaroop/Desktop/untitled folder 3/ecommerce_platform/venv/lib/python3.11/site-packages/airflow/example_dags/example_setup_teardown_taskflow.py
[2026-03-18T07:31:22.676+0530] {processor.py:830} INFO - Processing file /Users/vybhavswaroop/Desktop/untitled folder 3/ecommerce_platform/venv/lib/python3.11/site-packages/airflow/example_dags/example_setup_teardown_taskflow.py for tasks to queue
[2026-03-18T07:31:22.676+0530] {logging_mixin.py:188} INFO - [2026-03-18T07:31:22.676+0530] {dagbag.py:540} INFO - Filling up the DagBag from /Users/vybhavswaroop/Desktop/untitled folder 3/ecommerce_platform/venv/lib/python3.11/site-packages/airflow/example_dags/example_setup_teardown_taskflow.py
[2026-03-18T07:31:22.689+0530] {processor.py:840} INFO - DAG(s) 'example_setup_teardown_taskflow' retrieved from /Users/vybhavswaroop/Desktop/untitled folder 3/ecommerce_platform/venv/lib/python3.11/site-packages/airflow/example_dags/example_setup_teardown_taskflow.py
[2026-03-18T07:31:22.724+0530] {logging_mixin.py:188} INFO - [2026-03-18T07:31:22.723+0530] {dag.py:3047} INFO - Sync 1 DAGs
[2026-03-18T07:31:22.728+0530] {logging_mixin.py:188} INFO - [2026-03-18T07:31:22.728+0530] {dag.py:3834} INFO - Setting next_dagrun for example_setup_teardown_taskflow to 2026-03-17 00:00:00+00:00, run_after=2026-03-18 00:00:00+00:00
[2026-03-18T07:31:22.735+0530] {processor.py:183} INFO - Processing /Users/vybhavswaroop/Desktop/untitled folder 3/ecommerce_platform/venv/lib/python3.11/site-packages/airflow/example_dags/example_setup_teardown_taskflow.py took 0.059 seconds
[2026-03-18T07:32:47.270+0530] {processor.py:161} INFO - Started process (PID=4909) to work on /Users/vybhavswaroop/Desktop/untitled folder 3/ecommerce_platform/venv/lib/python3.11/site-packages/airflow/example_dags/example_setup_teardown_taskflow.py
[2026-03-18T07:32:47.270+0530] {processor.py:830} INFO - Processing file /Users/vybhavswaroop/Desktop/untitled folder 3/ecommerce_platform/venv/lib/python3.11/site-packages/airflow/example_dags/example_setup_teardown_taskflow.py for tasks to queue
[2026-03-18T07:32:47.271+0530] {logging_mixin.py:188} INFO - [2026-03-18T07:32:47.270+0530] {dagbag.py:540} INFO - Filling up the DagBag from /Users/vybhavswaroop/Desktop/untitled folder 3/ecommerce_platform/venv/lib/python3.11/site-packages/airflow/example_dags/example_setup_teardown_taskflow.py
[2026-03-18T07:32:47.284+0530] {processor.py:840} INFO - DAG(s) 'example_setup_teardown_taskflow' retrieved from /Users/vybhavswaroop/Desktop/untitled folder 3/ecommerce_platform/venv/lib/python3.11/site-packages/airflow/example_dags/example_setup_teardown_taskflow.py
[2026-03-18T07:32:47.319+0530] {logging_mixin.py:188} INFO - [2026-03-18T07:32:47.319+0530] {dag.py:3047} INFO - Sync 1 DAGs
[2026-03-18T07:32:47.324+0530] {logging_mixin.py:188} INFO - [2026-03-18T07:32:47.324+0530] {dag.py:3834} INFO - Setting next_dagrun for example_setup_teardown_taskflow to 2026-03-17 00:00:00+00:00, run_after=2026-03-18 00:00:00+00:00
[2026-03-18T07:32:47.330+0530] {processor.py:183} INFO - Processing /Users/vybhavswaroop/Desktop/untitled folder 3/ecommerce_platform/venv/lib/python3.11/site-packages/airflow/example_dags/example_setup_teardown_taskflow.py took 0.060 seconds
[2026-03-18T07:34:11.935+0530] {processor.py:161} INFO - Started process (PID=5163) to work on /Users/vybhavswaroop/Desktop/untitled folder 3/ecommerce_platform/venv/lib/python3.11/site-packages/airflow/example_dags/example_setup_teardown_taskflow.py
[2026-03-18T07:34:11.936+0530] {processor.py:830} INFO - Processing file /Users/vybhavswaroop/Desktop/untitled folder 3/ecommerce_platform/venv/lib/python3.11/site-packages/airflow/example_dags/example_setup_teardown_taskflow.py for tasks to queue
[2026-03-18T07:34:11.937+0530] {logging_mixin.py:188} INFO - [2026-03-18T07:34:11.936+0530] {dagbag.py:540} INFO - Filling up the DagBag from /Users/vybhavswaroop/Desktop/untitled folder 3/ecommerce_platform/venv/lib/python3.11/site-packages/airflow/example_dags/example_setup_teardown_taskflow.py
[2026-03-18T07:34:11.951+0530] {processor.py:840} INFO - DAG(s) 'example_setup_teardown_taskflow' retrieved from /Users/vybhavswaroop/Desktop/untitled folder 3/ecommerce_platform/venv/lib/python3.11/site-packages/airflow/example_dags/example_setup_teardown_taskflow.py
[2026-03-18T07:34:11.990+0530] {logging_mixin.py:188} INFO - [2026-03-18T07:34:11.990+0530] {dag.py:3047} INFO - Sync 1 DAGs
[2026-03-18T07:34:11.995+0530] {logging_mixin.py:188} INFO - [2026-03-18T07:34:11.995+0530] {dag.py:3834} INFO - Setting next_dagrun for example_setup_teardown_taskflow to 2026-03-17 00:00:00+00:00, run_after=2026-03-18 00:00:00+00:00
[2026-03-18T07:34:12.002+0530] {processor.py:183} INFO - Processing /Users/vybhavswaroop/Desktop/untitled folder 3/ecommerce_platform/venv/lib/python3.11/site-packages/airflow/example_dags/example_setup_teardown_taskflow.py took 0.067 seconds
[2026-03-18T07:35:44.933+0530] {processor.py:161} INFO - Started process (PID=5481) to work on /Users/vybhavswaroop/Desktop/untitled folder 3/ecommerce_platform/venv/lib/python3.11/site-packages/airflow/example_dags/example_setup_teardown_taskflow.py
[2026-03-18T07:35:44.935+0530] {processor.py:830} INFO - Processing file /Users/vybhavswaroop/Desktop/untitled folder 3/ecommerce_platform/venv/lib/python3.11/site-packages/airflow/example_dags/example_setup_teardown_taskflow.py for tasks to queue
[2026-03-18T07:35:44.935+0530] {logging_mixin.py:188} INFO - [2026-03-18T07:35:44.935+0530] {dagbag.py:540} INFO - Filling up the DagBag from /Users/vybhavswaroop/Desktop/untitled folder 3/ecommerce_platform/venv/lib/python3.11/site-packages/airflow/example_dags/example_setup_teardown_taskflow.py
[2026-03-18T07:35:44.949+0530] {processor.py:840} INFO - DAG(s) 'example_setup_teardown_taskflow' retrieved from /Users/vybhavswaroop/Desktop/untitled folder 3/ecommerce_platform/venv/lib/python3.11/site-packages/airflow/example_dags/example_setup_teardown_taskflow.py
[2026-03-18T07:35:44.984+0530] {logging_mixin.py:188} INFO - [2026-03-18T07:35:44.984+0530] {dag.py:3047} INFO - Sync 1 DAGs
[2026-03-18T07:35:44.990+0530] {logging_mixin.py:188} INFO - [2026-03-18T07:35:44.989+0530] {dag.py:3834} INFO - Setting next_dagrun for example_setup_teardown_taskflow to 2026-03-17 00:00:00+00:00, run_after=2026-03-18 00:00:00+00:00
[2026-03-18T07:35:44.996+0530] {processor.py:183} INFO - Processing /Users/vybhavswaroop/Desktop/untitled folder 3/ecommerce_platform/venv/lib/python3.11/site-packages/airflow/example_dags/example_setup_teardown_taskflow.py took 0.064 seconds
[2026-03-18T07:37:16.997+0530] {processor.py:161} INFO - Started process (PID=5752) to work on /Users/vybhavswaroop/Desktop/untitled folder 3/ecommerce_platform/venv/lib/python3.11/site-packages/airflow/example_dags/example_setup_teardown_taskflow.py
[2026-03-18T07:37:16.998+0530] {processor.py:830} INFO - Processing file /Users/vybhavswaroop/Desktop/untitled folder 3/ecommerce_platform/venv/lib/python3.11/site-packages/airflow/example_dags/example_setup_teardown_taskflow.py for tasks to queue
[2026-03-18T07:37:16.998+0530] {logging_mixin.py:188} INFO - [2026-03-18T07:37:16.998+0530] {dagbag.py:540} INFO - Filling up the DagBag from /Users/vybhavswaroop/Desktop/untitled folder 3/ecommerce_platform/venv/lib/python3.11/site-packages/airflow/example_dags/example_setup_teardown_taskflow.py
[2026-03-18T07:37:17.012+0530] {processor.py:840} INFO - DAG(s) 'example_setup_teardown_taskflow' retrieved from /Users/vybhavswaroop/Desktop/untitled folder 3/ecommerce_platform/venv/lib/python3.11/site-packages/airflow/example_dags/example_setup_teardown_taskflow.py
[2026-03-18T07:37:17.047+0530] {logging_mixin.py:188} INFO - [2026-03-18T07:37:17.047+0530] {dag.py:3047} INFO - Sync 1 DAGs
[2026-03-18T07:37:17.052+0530] {logging_mixin.py:188} INFO - [2026-03-18T07:37:17.052+0530] {dag.py:3834} INFO - Setting next_dagrun for example_setup_teardown_taskflow to 2026-03-17 00:00:00+00:00, run_after=2026-03-18 00:00:00+00:00
[2026-03-18T07:37:17.058+0530] {processor.py:183} INFO - Processing /Users/vybhavswaroop/Desktop/untitled folder 3/ecommerce_platform/venv/lib/python3.11/site-packages/airflow/example_dags/example_setup_teardown_taskflow.py took 0.062 seconds
[2026-03-18T07:38:48.710+0530] {processor.py:161} INFO - Started process (PID=6072) to work on /Users/vybhavswaroop/Desktop/untitled folder 3/ecommerce_platform/venv/lib/python3.11/site-packages/airflow/example_dags/example_setup_teardown_taskflow.py
[2026-03-18T07:38:48.711+0530] {processor.py:830} INFO - Processing file /Users/vybhavswaroop/Desktop/untitled folder 3/ecommerce_platform/venv/lib/python3.11/site-packages/airflow/example_dags/example_setup_teardown_taskflow.py for tasks to queue
[2026-03-18T07:38:48.711+0530] {logging_mixin.py:188} INFO - [2026-03-18T07:38:48.711+0530] {dagbag.py:540} INFO - Filling up the DagBag from /Users/vybhavswaroop/Desktop/untitled folder 3/ecommerce_platform/venv/lib/python3.11/site-packages/airflow/example_dags/example_setup_teardown_taskflow.py
[2026-03-18T07:38:48.725+0530] {processor.py:840} INFO - DAG(s) 'example_setup_teardown_taskflow' retrieved from /Users/vybhavswaroop/Desktop/untitled folder 3/ecommerce_platform/venv/lib/python3.11/site-packages/airflow/example_dags/example_setup_teardown_taskflow.py
[2026-03-18T07:38:48.760+0530] {logging_mixin.py:188} INFO - [2026-03-18T07:38:48.760+0530] {dag.py:3047} INFO - Sync 1 DAGs
[2026-03-18T07:38:48.765+0530] {logging_mixin.py:188} INFO - [2026-03-18T07:38:48.765+0530] {dag.py:3834} INFO - Setting next_dagrun for example_setup_teardown_taskflow to 2026-03-17 00:00:00+00:00, run_after=2026-03-18 00:00:00+00:00
[2026-03-18T07:38:48.772+0530] {processor.py:183} INFO - Processing /Users/vybhavswaroop/Desktop/untitled folder 3/ecommerce_platform/venv/lib/python3.11/site-packages/airflow/example_dags/example_setup_teardown_taskflow.py took 0.062 seconds
[2026-03-18T07:40:14.722+0530] {processor.py:161} INFO - Started process (PID=6374) to work on /Users/vybhavswaroop/Desktop/untitled folder 3/ecommerce_platform/venv/lib/python3.11/site-packages/airflow/example_dags/example_setup_teardown_taskflow.py
[2026-03-18T07:40:14.723+0530] {processor.py:830} INFO - Processing file /Users/vybhavswaroop/Desktop/untitled folder 3/ecommerce_platform/venv/lib/python3.11/site-packages/airflow/example_dags/example_setup_teardown_taskflow.py for tasks to queue
[2026-03-18T07:40:14.723+0530] {logging_mixin.py:188} INFO - [2026-03-18T07:40:14.723+0530] {dagbag.py:540} INFO - Filling up the DagBag from /Users/vybhavswaroop/Desktop/untitled folder 3/ecommerce_platform/venv/lib/python3.11/site-packages/airflow/example_dags/example_setup_teardown_taskflow.py
[2026-03-18T07:40:14.736+0530] {processor.py:840} INFO - DAG(s) 'example_setup_teardown_taskflow' retrieved from /Users/vybhavswaroop/Desktop/untitled folder 3/ecommerce_platform/venv/lib/python3.11/site-packages/airflow/example_dags/example_setup_teardown_taskflow.py
[2026-03-18T07:40:14.772+0530] {logging_mixin.py:188} INFO - [2026-03-18T07:40:14.772+0530] {dag.py:3047} INFO - Sync 1 DAGs
[2026-03-18T07:40:14.777+0530] {logging_mixin.py:188} INFO - [2026-03-18T07:40:14.777+0530] {dag.py:3834} INFO - Setting next_dagrun for example_setup_teardown_taskflow to 2026-03-17 00:00:00+00:00, run_after=2026-03-18 00:00:00+00:00
[2026-03-18T07:40:14.783+0530] {processor.py:183} INFO - Processing /Users/vybhavswaroop/Desktop/untitled folder 3/ecommerce_platform/venv/lib/python3.11/site-packages/airflow/example_dags/example_setup_teardown_taskflow.py took 0.062 seconds
[2026-03-18T07:41:52.053+0530] {processor.py:161} INFO - Started process (PID=6748) to work on /Users/vybhavswaroop/Desktop/untitled folder 3/ecommerce_platform/venv/lib/python3.11/site-packages/airflow/example_dags/example_setup_teardown_taskflow.py
[2026-03-18T07:41:52.054+0530] {processor.py:830} INFO - Processing file /Users/vybhavswaroop/Desktop/untitled folder 3/ecommerce_platform/venv/lib/python3.11/site-packages/airflow/example_dags/example_setup_teardown_taskflow.py for tasks to queue
[2026-03-18T07:41:52.054+0530] {logging_mixin.py:188} INFO - [2026-03-18T07:41:52.054+0530] {dagbag.py:540} INFO - Filling up the DagBag from /Users/vybhavswaroop/Desktop/untitled folder 3/ecommerce_platform/venv/lib/python3.11/site-packages/airflow/example_dags/example_setup_teardown_taskflow.py
[2026-03-18T07:41:52.068+0530] {processor.py:840} INFO - DAG(s) 'example_setup_teardown_taskflow' retrieved from /Users/vybhavswaroop/Desktop/untitled folder 3/ecommerce_platform/venv/lib/python3.11/site-packages/airflow/example_dags/example_setup_teardown_taskflow.py
[2026-03-18T07:41:52.104+0530] {logging_mixin.py:188} INFO - [2026-03-18T07:41:52.103+0530] {dag.py:3047} INFO - Sync 1 DAGs
[2026-03-18T07:41:52.108+0530] {logging_mixin.py:188} INFO - [2026-03-18T07:41:52.108+0530] {dag.py:3834} INFO - Setting next_dagrun for example_setup_teardown_taskflow to 2026-03-17 00:00:00+00:00, run_after=2026-03-18 00:00:00+00:00
[2026-03-18T07:41:52.116+0530] {processor.py:183} INFO - Processing /Users/vybhavswaroop/Desktop/untitled folder 3/ecommerce_platform/venv/lib/python3.11/site-packages/airflow/example_dags/example_setup_teardown_taskflow.py took 0.063 seconds
[2026-03-18T07:43:26.469+0530] {processor.py:161} INFO - Started process (PID=7065) to work on /Users/vybhavswaroop/Desktop/untitled folder 3/ecommerce_platform/venv/lib/python3.11/site-packages/airflow/example_dags/example_setup_teardown_taskflow.py
[2026-03-18T07:43:26.470+0530] {processor.py:830} INFO - Processing file /Users/vybhavswaroop/Desktop/untitled folder 3/ecommerce_platform/venv/lib/python3.11/site-packages/airflow/example_dags/example_setup_teardown_taskflow.py for tasks to queue
[2026-03-18T07:43:26.471+0530] {logging_mixin.py:188} INFO - [2026-03-18T07:43:26.470+0530] {dagbag.py:540} INFO - Filling up the DagBag from /Users/vybhavswaroop/Desktop/untitled folder 3/ecommerce_platform/venv/lib/python3.11/site-packages/airflow/example_dags/example_setup_teardown_taskflow.py
[2026-03-18T07:43:26.484+0530] {processor.py:840} INFO - DAG(s) 'example_setup_teardown_taskflow' retrieved from /Users/vybhavswaroop/Desktop/untitled folder 3/ecommerce_platform/venv/lib/python3.11/site-packages/airflow/example_dags/example_setup_teardown_taskflow.py
[2026-03-18T07:43:26.518+0530] {logging_mixin.py:188} INFO - [2026-03-18T07:43:26.518+0530] {dag.py:3047} INFO - Sync 1 DAGs
[2026-03-18T07:43:26.523+0530] {logging_mixin.py:188} INFO - [2026-03-18T07:43:26.523+0530] {dag.py:3834} INFO - Setting next_dagrun for example_setup_teardown_taskflow to 2026-03-17 00:00:00+00:00, run_after=2026-03-18 00:00:00+00:00
[2026-03-18T07:43:26.528+0530] {processor.py:183} INFO - Processing /Users/vybhavswaroop/Desktop/untitled folder 3/ecommerce_platform/venv/lib/python3.11/site-packages/airflow/example_dags/example_setup_teardown_taskflow.py took 0.059 seconds
[2026-03-18T07:45:00.313+0530] {processor.py:161} INFO - Started process (PID=7403) to work on /Users/vybhavswaroop/Desktop/untitled folder 3/ecommerce_platform/venv/lib/python3.11/site-packages/airflow/example_dags/example_setup_teardown_taskflow.py
[2026-03-18T07:45:00.314+0530] {processor.py:830} INFO - Processing file /Users/vybhavswaroop/Desktop/untitled folder 3/ecommerce_platform/venv/lib/python3.11/site-packages/airflow/example_dags/example_setup_teardown_taskflow.py for tasks to queue
[2026-03-18T07:45:00.314+0530] {logging_mixin.py:188} INFO - [2026-03-18T07:45:00.314+0530] {dagbag.py:540} INFO - Filling up the DagBag from /Users/vybhavswaroop/Desktop/untitled folder 3/ecommerce_platform/venv/lib/python3.11/site-packages/airflow/example_dags/example_setup_teardown_taskflow.py
[2026-03-18T07:45:00.327+0530] {processor.py:840} INFO - DAG(s) 'example_setup_teardown_taskflow' retrieved from /Users/vybhavswaroop/Desktop/untitled folder 3/ecommerce_platform/venv/lib/python3.11/site-packages/airflow/example_dags/example_setup_teardown_taskflow.py
[2026-03-18T07:45:00.362+0530] {logging_mixin.py:188} INFO - [2026-03-18T07:45:00.361+0530] {dag.py:3047} INFO - Sync 1 DAGs
[2026-03-18T07:45:00.366+0530] {logging_mixin.py:188} INFO - [2026-03-18T07:45:00.366+0530] {dag.py:3834} INFO - Setting next_dagrun for example_setup_teardown_taskflow to 2026-03-17 00:00:00+00:00, run_after=2026-03-18 00:00:00+00:00
[2026-03-18T07:45:00.372+0530] {processor.py:183} INFO - Processing /Users/vybhavswaroop/Desktop/untitled folder 3/ecommerce_platform/venv/lib/python3.11/site-packages/airflow/example_dags/example_setup_teardown_taskflow.py took 0.059 seconds
[2026-03-18T07:46:23.020+0530] {processor.py:161} INFO - Started process (PID=7681) to work on /Users/vybhavswaroop/Desktop/untitled folder 3/ecommerce_platform/venv/lib/python3.11/site-packages/airflow/example_dags/example_setup_teardown_taskflow.py
[2026-03-18T07:46:23.020+0530] {processor.py:830} INFO - Processing file /Users/vybhavswaroop/Desktop/untitled folder 3/ecommerce_platform/venv/lib/python3.11/site-packages/airflow/example_dags/example_setup_teardown_taskflow.py for tasks to queue
[2026-03-18T07:46:23.021+0530] {logging_mixin.py:188} INFO - [2026-03-18T07:46:23.021+0530] {dagbag.py:540} INFO - Filling up the DagBag from /Users/vybhavswaroop/Desktop/untitled folder 3/ecommerce_platform/venv/lib/python3.11/site-packages/airflow/example_dags/example_setup_teardown_taskflow.py
[2026-03-18T07:46:23.034+0530] {processor.py:840} INFO - DAG(s) 'example_setup_teardown_taskflow' retrieved from /Users/vybhavswaroop/Desktop/untitled folder 3/ecommerce_platform/venv/lib/python3.11/site-packages/airflow/example_dags/example_setup_teardown_taskflow.py
[2026-03-18T07:46:23.070+0530] {logging_mixin.py:188} INFO - [2026-03-18T07:46:23.070+0530] {dag.py:3047} INFO - Sync 1 DAGs
[2026-03-18T07:46:23.075+0530] {logging_mixin.py:188} INFO - [2026-03-18T07:46:23.075+0530] {dag.py:3834} INFO - Setting next_dagrun for example_setup_teardown_taskflow to 2026-03-17 00:00:00+00:00, run_after=2026-03-18 00:00:00+00:00
[2026-03-18T07:46:23.080+0530] {processor.py:183} INFO - Processing /Users/vybhavswaroop/Desktop/untitled folder 3/ecommerce_platform/venv/lib/python3.11/site-packages/airflow/example_dags/example_setup_teardown_taskflow.py took 0.061 seconds
[2026-03-18T07:49:07.922+0530] {processor.py:161} INFO - Started process (PID=8306) to work on /Users/vybhavswaroop/Desktop/untitled folder 3/ecommerce_platform/venv/lib/python3.11/site-packages/airflow/example_dags/example_setup_teardown_taskflow.py
[2026-03-18T07:49:07.923+0530] {processor.py:830} INFO - Processing file /Users/vybhavswaroop/Desktop/untitled folder 3/ecommerce_platform/venv/lib/python3.11/site-packages/airflow/example_dags/example_setup_teardown_taskflow.py for tasks to queue
[2026-03-18T07:49:07.923+0530] {logging_mixin.py:188} INFO - [2026-03-18T07:49:07.923+0530] {dagbag.py:540} INFO - Filling up the DagBag from /Users/vybhavswaroop/Desktop/untitled folder 3/ecommerce_platform/venv/lib/python3.11/site-packages/airflow/example_dags/example_setup_teardown_taskflow.py
[2026-03-18T07:49:07.936+0530] {processor.py:840} INFO - DAG(s) 'example_setup_teardown_taskflow' retrieved from /Users/vybhavswaroop/Desktop/untitled folder 3/ecommerce_platform/venv/lib/python3.11/site-packages/airflow/example_dags/example_setup_teardown_taskflow.py
[2026-03-18T07:49:07.972+0530] {logging_mixin.py:188} INFO - [2026-03-18T07:49:07.971+0530] {dag.py:3047} INFO - Sync 1 DAGs
[2026-03-18T07:49:07.977+0530] {logging_mixin.py:188} INFO - [2026-03-18T07:49:07.976+0530] {dag.py:3834} INFO - Setting next_dagrun for example_setup_teardown_taskflow to 2026-03-17 00:00:00+00:00, run_after=2026-03-18 00:00:00+00:00
[2026-03-18T07:49:07.982+0530] {processor.py:183} INFO - Processing /Users/vybhavswaroop/Desktop/untitled folder 3/ecommerce_platform/venv/lib/python3.11/site-packages/airflow/example_dags/example_setup_teardown_taskflow.py took 0.061 seconds
[2026-03-18T07:50:34.826+0530] {processor.py:161} INFO - Started process (PID=8897) to work on /Users/vybhavswaroop/Desktop/untitled folder 3/ecommerce_platform/venv/lib/python3.11/site-packages/airflow/example_dags/example_setup_teardown_taskflow.py
[2026-03-18T07:50:34.827+0530] {processor.py:830} INFO - Processing file /Users/vybhavswaroop/Desktop/untitled folder 3/ecommerce_platform/venv/lib/python3.11/site-packages/airflow/example_dags/example_setup_teardown_taskflow.py for tasks to queue
[2026-03-18T07:50:34.827+0530] {logging_mixin.py:188} INFO - [2026-03-18T07:50:34.827+0530] {dagbag.py:540} INFO - Filling up the DagBag from /Users/vybhavswaroop/Desktop/untitled folder 3/ecommerce_platform/venv/lib/python3.11/site-packages/airflow/example_dags/example_setup_teardown_taskflow.py
[2026-03-18T07:50:34.840+0530] {processor.py:840} INFO - DAG(s) 'example_setup_teardown_taskflow' retrieved from /Users/vybhavswaroop/Desktop/untitled folder 3/ecommerce_platform/venv/lib/python3.11/site-packages/airflow/example_dags/example_setup_teardown_taskflow.py
[2026-03-18T07:50:34.876+0530] {logging_mixin.py:188} INFO - [2026-03-18T07:50:34.876+0530] {dag.py:3047} INFO - Sync 1 DAGs
[2026-03-18T07:50:34.881+0530] {logging_mixin.py:188} INFO - [2026-03-18T07:50:34.881+0530] {dag.py:3834} INFO - Setting next_dagrun for example_setup_teardown_taskflow to 2026-03-17 00:00:00+00:00, run_after=2026-03-18 00:00:00+00:00
[2026-03-18T07:50:34.886+0530] {processor.py:183} INFO - Processing /Users/vybhavswaroop/Desktop/untitled folder 3/ecommerce_platform/venv/lib/python3.11/site-packages/airflow/example_dags/example_setup_teardown_taskflow.py took 0.060 seconds
[2026-03-18T07:52:01.670+0530] {processor.py:161} INFO - Started process (PID=9853) to work on /Users/vybhavswaroop/Desktop/untitled folder 3/ecommerce_platform/venv/lib/python3.11/site-packages/airflow/example_dags/example_setup_teardown_taskflow.py
[2026-03-18T07:52:01.672+0530] {processor.py:830} INFO - Processing file /Users/vybhavswaroop/Desktop/untitled folder 3/ecommerce_platform/venv/lib/python3.11/site-packages/airflow/example_dags/example_setup_teardown_taskflow.py for tasks to queue
[2026-03-18T07:52:01.673+0530] {logging_mixin.py:188} INFO - [2026-03-18T07:52:01.673+0530] {dagbag.py:540} INFO - Filling up the DagBag from /Users/vybhavswaroop/Desktop/untitled folder 3/ecommerce_platform/venv/lib/python3.11/site-packages/airflow/example_dags/example_setup_teardown_taskflow.py
[2026-03-18T07:52:01.686+0530] {processor.py:840} INFO - DAG(s) 'example_setup_teardown_taskflow' retrieved from /Users/vybhavswaroop/Desktop/untitled folder 3/ecommerce_platform/venv/lib/python3.11/site-packages/airflow/example_dags/example_setup_teardown_taskflow.py
[2026-03-18T07:52:01.720+0530] {logging_mixin.py:188} INFO - [2026-03-18T07:52:01.720+0530] {dag.py:3047} INFO - Sync 1 DAGs
[2026-03-18T07:52:01.725+0530] {logging_mixin.py:188} INFO - [2026-03-18T07:52:01.725+0530] {dag.py:3834} INFO - Setting next_dagrun for example_setup_teardown_taskflow to 2026-03-17 00:00:00+00:00, run_after=2026-03-18 00:00:00+00:00
[2026-03-18T07:52:01.730+0530] {processor.py:183} INFO - Processing /Users/vybhavswaroop/Desktop/untitled folder 3/ecommerce_platform/venv/lib/python3.11/site-packages/airflow/example_dags/example_setup_teardown_taskflow.py took 0.061 seconds
[2026-03-18T07:53:33.245+0530] {processor.py:161} INFO - Started process (PID=10842) to work on /Users/vybhavswaroop/Desktop/untitled folder 3/ecommerce_platform/venv/lib/python3.11/site-packages/airflow/example_dags/example_setup_teardown_taskflow.py
[2026-03-18T07:53:33.246+0530] {processor.py:830} INFO - Processing file /Users/vybhavswaroop/Desktop/untitled folder 3/ecommerce_platform/venv/lib/python3.11/site-packages/airflow/example_dags/example_setup_teardown_taskflow.py for tasks to queue
[2026-03-18T07:53:33.246+0530] {logging_mixin.py:188} INFO - [2026-03-18T07:53:33.246+0530] {dagbag.py:540} INFO - Filling up the DagBag from /Users/vybhavswaroop/Desktop/untitled folder 3/ecommerce_platform/venv/lib/python3.11/site-packages/airflow/example_dags/example_setup_teardown_taskflow.py
[2026-03-18T07:53:33.260+0530] {processor.py:840} INFO - DAG(s) 'example_setup_teardown_taskflow' retrieved from /Users/vybhavswaroop/Desktop/untitled folder 3/ecommerce_platform/venv/lib/python3.11/site-packages/airflow/example_dags/example_setup_teardown_taskflow.py
[2026-03-18T07:53:33.318+0530] {logging_mixin.py:188} INFO - [2026-03-18T07:53:33.318+0530] {dag.py:3047} INFO - Sync 1 DAGs
[2026-03-18T07:53:33.322+0530] {logging_mixin.py:188} INFO - [2026-03-18T07:53:33.322+0530] {dag.py:3834} INFO - Setting next_dagrun for example_setup_teardown_taskflow to 2026-03-17 00:00:00+00:00, run_after=2026-03-18 00:00:00+00:00
[2026-03-18T07:53:33.328+0530] {processor.py:183} INFO - Processing /Users/vybhavswaroop/Desktop/untitled folder 3/ecommerce_platform/venv/lib/python3.11/site-packages/airflow/example_dags/example_setup_teardown_taskflow.py took 0.083 seconds
[2026-03-18T07:55:37.616+0530] {processor.py:161} INFO - Started process (PID=11206) to work on /Users/vybhavswaroop/Desktop/untitled folder 3/ecommerce_platform/venv/lib/python3.11/site-packages/airflow/example_dags/example_setup_teardown_taskflow.py
[2026-03-18T07:55:37.618+0530] {processor.py:830} INFO - Processing file /Users/vybhavswaroop/Desktop/untitled folder 3/ecommerce_platform/venv/lib/python3.11/site-packages/airflow/example_dags/example_setup_teardown_taskflow.py for tasks to queue
[2026-03-18T07:55:37.618+0530] {logging_mixin.py:188} INFO - [2026-03-18T07:55:37.618+0530] {dagbag.py:540} INFO - Filling up the DagBag from /Users/vybhavswaroop/Desktop/untitled folder 3/ecommerce_platform/venv/lib/python3.11/site-packages/airflow/example_dags/example_setup_teardown_taskflow.py
[2026-03-18T07:55:37.631+0530] {processor.py:840} INFO - DAG(s) 'example_setup_teardown_taskflow' retrieved from /Users/vybhavswaroop/Desktop/untitled folder 3/ecommerce_platform/venv/lib/python3.11/site-packages/airflow/example_dags/example_setup_teardown_taskflow.py
[2026-03-18T07:55:37.664+0530] {logging_mixin.py:188} INFO - [2026-03-18T07:55:37.664+0530] {dag.py:3047} INFO - Sync 1 DAGs
[2026-03-18T07:55:37.669+0530] {logging_mixin.py:188} INFO - [2026-03-18T07:55:37.668+0530] {dag.py:3834} INFO - Setting next_dagrun for example_setup_teardown_taskflow to 2026-03-17 00:00:00+00:00, run_after=2026-03-18 00:00:00+00:00
[2026-03-18T07:55:37.674+0530] {processor.py:183} INFO - Processing /Users/vybhavswaroop/Desktop/untitled folder 3/ecommerce_platform/venv/lib/python3.11/site-packages/airflow/example_dags/example_setup_teardown_taskflow.py took 0.057 seconds
[2026-03-18T07:57:07.303+0530] {processor.py:161} INFO - Started process (PID=11464) to work on /Users/vybhavswaroop/Desktop/untitled folder 3/ecommerce_platform/venv/lib/python3.11/site-packages/airflow/example_dags/example_setup_teardown_taskflow.py
[2026-03-18T07:57:07.304+0530] {processor.py:830} INFO - Processing file /Users/vybhavswaroop/Desktop/untitled folder 3/ecommerce_platform/venv/lib/python3.11/site-packages/airflow/example_dags/example_setup_teardown_taskflow.py for tasks to queue
[2026-03-18T07:57:07.304+0530] {logging_mixin.py:188} INFO - [2026-03-18T07:57:07.304+0530] {dagbag.py:540} INFO - Filling up the DagBag from /Users/vybhavswaroop/Desktop/untitled folder 3/ecommerce_platform/venv/lib/python3.11/site-packages/airflow/example_dags/example_setup_teardown_taskflow.py
[2026-03-18T07:57:07.317+0530] {processor.py:840} INFO - DAG(s) 'example_setup_teardown_taskflow' retrieved from /Users/vybhavswaroop/Desktop/untitled folder 3/ecommerce_platform/venv/lib/python3.11/site-packages/airflow/example_dags/example_setup_teardown_taskflow.py
[2026-03-18T07:57:07.352+0530] {logging_mixin.py:188} INFO - [2026-03-18T07:57:07.352+0530] {dag.py:3047} INFO - Sync 1 DAGs
[2026-03-18T07:57:07.356+0530] {logging_mixin.py:188} INFO - [2026-03-18T07:57:07.356+0530] {dag.py:3834} INFO - Setting next_dagrun for example_setup_teardown_taskflow to 2026-03-17 00:00:00+00:00, run_after=2026-03-18 00:00:00+00:00
[2026-03-18T07:57:07.362+0530] {processor.py:183} INFO - Processing /Users/vybhavswaroop/Desktop/untitled folder 3/ecommerce_platform/venv/lib/python3.11/site-packages/airflow/example_dags/example_setup_teardown_taskflow.py took 0.059 seconds
[2026-03-18T07:58:33.756+0530] {processor.py:161} INFO - Started process (PID=11721) to work on /Users/vybhavswaroop/Desktop/untitled folder 3/ecommerce_platform/venv/lib/python3.11/site-packages/airflow/example_dags/example_setup_teardown_taskflow.py
[2026-03-18T07:58:33.757+0530] {processor.py:830} INFO - Processing file /Users/vybhavswaroop/Desktop/untitled folder 3/ecommerce_platform/venv/lib/python3.11/site-packages/airflow/example_dags/example_setup_teardown_taskflow.py for tasks to queue
[2026-03-18T07:58:33.758+0530] {logging_mixin.py:188} INFO - [2026-03-18T07:58:33.758+0530] {dagbag.py:540} INFO - Filling up the DagBag from /Users/vybhavswaroop/Desktop/untitled folder 3/ecommerce_platform/venv/lib/python3.11/site-packages/airflow/example_dags/example_setup_teardown_taskflow.py
[2026-03-18T07:58:33.772+0530] {processor.py:840} INFO - DAG(s) 'example_setup_teardown_taskflow' retrieved from /Users/vybhavswaroop/Desktop/untitled folder 3/ecommerce_platform/venv/lib/python3.11/site-packages/airflow/example_dags/example_setup_teardown_taskflow.py
[2026-03-18T07:58:33.809+0530] {logging_mixin.py:188} INFO - [2026-03-18T07:58:33.809+0530] {dag.py:3047} INFO - Sync 1 DAGs
[2026-03-18T07:58:33.814+0530] {logging_mixin.py:188} INFO - [2026-03-18T07:58:33.814+0530] {dag.py:3834} INFO - Setting next_dagrun for example_setup_teardown_taskflow to 2026-03-17 00:00:00+00:00, run_after=2026-03-18 00:00:00+00:00
[2026-03-18T07:58:33.820+0530] {processor.py:183} INFO - Processing /Users/vybhavswaroop/Desktop/untitled folder 3/ecommerce_platform/venv/lib/python3.11/site-packages/airflow/example_dags/example_setup_teardown_taskflow.py took 0.064 seconds
