[2026-03-18T05:59:12.005+0530] {processor.py:161} INFO - Started process (PID=97354) to work on /Users/vybhavswaroop/Desktop/untitled folder 3/ecommerce_platform/venv/lib/python3.11/site-packages/airflow/example_dags/example_trigger_target_dag.py
[2026-03-18T05:59:12.006+0530] {processor.py:830} INFO - Processing file /Users/vybhavswaroop/Desktop/untitled folder 3/ecommerce_platform/venv/lib/python3.11/site-packages/airflow/example_dags/example_trigger_target_dag.py for tasks to queue
[2026-03-18T05:59:12.007+0530] {logging_mixin.py:188} INFO - [2026-03-18T05:59:12.007+0530] {dagbag.py:540} INFO - Filling up the DagBag from /Users/vybhavswaroop/Desktop/untitled folder 3/ecommerce_platform/venv/lib/python3.11/site-packages/airflow/example_dags/example_trigger_target_dag.py
[2026-03-18T05:59:12.037+0530] {processor.py:840} INFO - DAG(s) 'example_trigger_target_dag' retrieved from /Users/vybhavswaroop/Desktop/untitled folder 3/ecommerce_platform/venv/lib/python3.11/site-packages/airflow/example_dags/example_trigger_target_dag.py
[2026-03-18T05:59:12.127+0530] {logging_mixin.py:188} INFO - [2026-03-18T05:59:12.126+0530] {dag.py:3047} INFO - Sync 1 DAGs
[2026-03-18T05:59:12.134+0530] {logging_mixin.py:188} INFO - [2026-03-18T05:59:12.134+0530] {dag.py:3834} INFO - Setting next_dagrun for example_trigger_target_dag to None, run_after=None
[2026-03-18T05:59:12.151+0530] {processor.py:183} INFO - Processing /Users/vybhavswaroop/Desktop/untitled folder 3/ecommerce_platform/venv/lib/python3.11/site-packages/airflow/example_dags/example_trigger_target_dag.py took 0.147 seconds
[2026-03-18T07:20:07.979+0530] {processor.py:161} INFO - Started process (PID=99492) to work on /Users/vybhavswaroop/Desktop/untitled folder 3/ecommerce_platform/venv/lib/python3.11/site-packages/airflow/example_dags/example_trigger_target_dag.py
[2026-03-18T07:20:07.979+0530] {processor.py:830} INFO - Processing file /Users/vybhavswaroop/Desktop/untitled folder 3/ecommerce_platform/venv/lib/python3.11/site-packages/airflow/example_dags/example_trigger_target_dag.py for tasks to queue
[2026-03-18T07:20:07.980+0530] {logging_mixin.py:188} INFO - [2026-03-18T07:20:07.980+0530] {dagbag.py:540} INFO - Filling up the DagBag from /Users/vybhavswaroop/Desktop/untitled folder 3/ecommerce_platform/venv/lib/python3.11/site-packages/airflow/example_dags/example_trigger_target_dag.py
[2026-03-18T07:20:07.993+0530] {processor.py:840} INFO - DAG(s) 'example_trigger_target_dag' retrieved from /Users/vybhavswaroop/Desktop/untitled folder 3/ecommerce_platform/venv/lib/python3.11/site-packages/airflow/example_dags/example_trigger_target_dag.py
[2026-03-18T07:20:08.031+0530] {logging_mixin.py:188} INFO - [2026-03-18T07:20:08.031+0530] {dag.py:3047} INFO - Sync 1 DAGs
[2026-03-18T07:20:08.034+0530] {logging_mixin.py:188} INFO - [2026-03-18T07:20:08.034+0530] {dag.py:3834} INFO - Setting next_dagrun for example_trigger_target_dag to None, run_after=None
[2026-03-18T07:20:08.041+0530] {processor.py:183} INFO - Processing /Users/vybhavswaroop/Desktop/untitled folder 3/ecommerce_platform/venv/lib/python3.11/site-packages/airflow/example_dags/example_trigger_target_dag.py took 0.063 seconds
[2026-03-18T07:21:05.712+0530] {processor.py:161} INFO - Started process (PID=1661) to work on /Users/vybhavswaroop/Desktop/untitled folder 3/ecommerce_platform/venv/lib/python3.11/site-packages/airflow/example_dags/example_trigger_target_dag.py
[2026-03-18T07:21:05.714+0530] {processor.py:830} INFO - Processing file /Users/vybhavswaroop/Desktop/untitled folder 3/ecommerce_platform/venv/lib/python3.11/site-packages/airflow/example_dags/example_trigger_target_dag.py for tasks to queue
[2026-03-18T07:21:05.714+0530] {logging_mixin.py:188} INFO - [2026-03-18T07:21:05.714+0530] {dagbag.py:540} INFO - Filling up the DagBag from /Users/vybhavswaroop/Desktop/untitled folder 3/ecommerce_platform/venv/lib/python3.11/site-packages/airflow/example_dags/example_trigger_target_dag.py
[2026-03-18T07:21:05.726+0530] {processor.py:840} INFO - DAG(s) 'example_trigger_target_dag' retrieved from /Users/vybhavswaroop/Desktop/untitled folder 3/ecommerce_platform/venv/lib/python3.11/site-packages/airflow/example_dags/example_trigger_target_dag.py
[2026-03-18T07:21:05.760+0530] {logging_mixin.py:188} INFO - [2026-03-18T07:21:05.759+0530] {dag.py:3047} INFO - Sync 1 DAGs
[2026-03-18T07:21:05.762+0530] {logging_mixin.py:188} INFO - [2026-03-18T07:21:05.762+0530] {dag.py:3834} INFO - Setting next_dagrun for example_trigger_target_dag to None, run_after=None
[2026-03-18T07:21:05.769+0530] {processor.py:183} INFO - Processing /Users/vybhavswaroop/Desktop/untitled folder 3/ecommerce_platform/venv/lib/python3.11/site-packages/airflow/example_dags/example_trigger_target_dag.py took 0.057 seconds
[2026-03-18T07:22:03.051+0530] {processor.py:161} INFO - Started process (PID=2940) to work on /Users/vybhavswaroop/Desktop/untitled folder 3/ecommerce_platform/venv/lib/python3.11/site-packages/airflow/example_dags/example_trigger_target_dag.py
[2026-03-18T07:22:03.052+0530] {processor.py:830} INFO - Processing file /Users/vybhavswaroop/Desktop/untitled folder 3/ecommerce_platform/venv/lib/python3.11/site-packages/airflow/example_dags/example_trigger_target_dag.py for tasks to queue
[2026-03-18T07:22:03.052+0530] {logging_mixin.py:188} INFO - [2026-03-18T07:22:03.052+0530] {dagbag.py:540} INFO - Filling up the DagBag from /Users/vybhavswaroop/Desktop/untitled folder 3/ecommerce_platform/venv/lib/python3.11/site-packages/airflow/example_dags/example_trigger_target_dag.py
[2026-03-18T07:22:03.065+0530] {processor.py:840} INFO - DAG(s) 'example_trigger_target_dag' retrieved from /Users/vybhavswaroop/Desktop/untitled folder 3/ecommerce_platform/venv/lib/python3.11/site-packages/airflow/example_dags/example_trigger_target_dag.py
[2026-03-18T07:22:03.125+0530] {logging_mixin.py:188} INFO - [2026-03-18T07:22:03.125+0530] {dag.py:3047} INFO - Sync 1 DAGs
[2026-03-18T07:22:03.127+0530] {logging_mixin.py:188} INFO - [2026-03-18T07:22:03.127+0530] {dag.py:3834} INFO - Setting next_dagrun for example_trigger_target_dag to None, run_after=None
[2026-03-18T07:22:03.134+0530] {processor.py:183} INFO - Processing /Users/vybhavswaroop/Desktop/untitled folder 3/ecommerce_platform/venv/lib/python3.11/site-packages/airflow/example_dags/example_trigger_target_dag.py took 0.083 seconds
[2026-03-18T07:24:04.293+0530] {processor.py:161} INFO - Started process (PID=3363) to work on /Users/vybhavswaroop/Desktop/untitled folder 3/ecommerce_platform/venv/lib/python3.11/site-packages/airflow/example_dags/example_trigger_target_dag.py
[2026-03-18T07:24:04.293+0530] {processor.py:830} INFO - Processing file /Users/vybhavswaroop/Desktop/untitled folder 3/ecommerce_platform/venv/lib/python3.11/site-packages/airflow/example_dags/example_trigger_target_dag.py for tasks to queue
[2026-03-18T07:24:04.294+0530] {logging_mixin.py:188} INFO - [2026-03-18T07:24:04.294+0530] {dagbag.py:540} INFO - Filling up the DagBag from /Users/vybhavswaroop/Desktop/untitled folder 3/ecommerce_platform/venv/lib/python3.11/site-packages/airflow/example_dags/example_trigger_target_dag.py
[2026-03-18T07:24:04.306+0530] {processor.py:840} INFO - DAG(s) 'example_trigger_target_dag' retrieved from /Users/vybhavswaroop/Desktop/untitled folder 3/ecommerce_platform/venv/lib/python3.11/site-packages/airflow/example_dags/example_trigger_target_dag.py
[2026-03-18T07:24:04.341+0530] {logging_mixin.py:188} INFO - [2026-03-18T07:24:04.341+0530] {dag.py:3047} INFO - Sync 1 DAGs
[2026-03-18T07:24:04.344+0530] {logging_mixin.py:188} INFO - [2026-03-18T07:24:04.344+0530] {dag.py:3834} INFO - Setting next_dagrun for example_trigger_target_dag to None, run_after=None
[2026-03-18T07:24:04.350+0530] {processor.py:183} INFO - Processing /Users/vybhavswaroop/Desktop/untitled folder 3/ecommerce_platform/venv/lib/python3.11/site-packages/airflow/example_dags/example_trigger_target_dag.py took 0.058 seconds
[2026-03-18T07:25:30.328+0530] {processor.py:161} INFO - Started process (PID=3615) to work on /Users/vybhavswaroop/Desktop/untitled folder 3/ecommerce_platform/venv/lib/python3.11/site-packages/airflow/example_dags/example_trigger_target_dag.py
[2026-03-18T07:25:30.329+0530] {processor.py:830} INFO - Processing file /Users/vybhavswaroop/Desktop/untitled folder 3/ecommerce_platform/venv/lib/python3.11/site-packages/airflow/example_dags/example_trigger_target_dag.py for tasks to queue
[2026-03-18T07:25:30.329+0530] {logging_mixin.py:188} INFO - [2026-03-18T07:25:30.329+0530] {dagbag.py:540} INFO - Filling up the DagBag from /Users/vybhavswaroop/Desktop/untitled folder 3/ecommerce_platform/venv/lib/python3.11/site-packages/airflow/example_dags/example_trigger_target_dag.py
[2026-03-18T07:25:30.342+0530] {processor.py:840} INFO - DAG(s) 'example_trigger_target_dag' retrieved from /Users/vybhavswaroop/Desktop/untitled folder 3/ecommerce_platform/venv/lib/python3.11/site-packages/airflow/example_dags/example_trigger_target_dag.py
[2026-03-18T07:25:30.378+0530] {logging_mixin.py:188} INFO - [2026-03-18T07:25:30.377+0530] {dag.py:3047} INFO - Sync 1 DAGs
[2026-03-18T07:25:30.380+0530] {logging_mixin.py:188} INFO - [2026-03-18T07:25:30.380+0530] {dag.py:3834} INFO - Setting next_dagrun for example_trigger_target_dag to None, run_after=None
[2026-03-18T07:25:30.387+0530] {processor.py:183} INFO - Processing /Users/vybhavswaroop/Desktop/untitled folder 3/ecommerce_platform/venv/lib/python3.11/site-packages/airflow/example_dags/example_trigger_target_dag.py took 0.058 seconds
[2026-03-18T07:26:54.281+0530] {processor.py:161} INFO - Started process (PID=3865) to work on /Users/vybhavswaroop/Desktop/untitled folder 3/ecommerce_platform/venv/lib/python3.11/site-packages/airflow/example_dags/example_trigger_target_dag.py
[2026-03-18T07:26:54.281+0530] {processor.py:830} INFO - Processing file /Users/vybhavswaroop/Desktop/untitled folder 3/ecommerce_platform/venv/lib/python3.11/site-packages/airflow/example_dags/example_trigger_target_dag.py for tasks to queue
[2026-03-18T07:26:54.281+0530] {logging_mixin.py:188} INFO - [2026-03-18T07:26:54.281+0530] {dagbag.py:540} INFO - Filling up the DagBag from /Users/vybhavswaroop/Desktop/untitled folder 3/ecommerce_platform/venv/lib/python3.11/site-packages/airflow/example_dags/example_trigger_target_dag.py
[2026-03-18T07:26:54.294+0530] {processor.py:840} INFO - DAG(s) 'example_trigger_target_dag' retrieved from /Users/vybhavswaroop/Desktop/untitled folder 3/ecommerce_platform/venv/lib/python3.11/site-packages/airflow/example_dags/example_trigger_target_dag.py
[2026-03-18T07:26:54.328+0530] {logging_mixin.py:188} INFO - [2026-03-18T07:26:54.328+0530] {dag.py:3047} INFO - Sync 1 DAGs
[2026-03-18T07:26:54.331+0530] {logging_mixin.py:188} INFO - [2026-03-18T07:26:54.331+0530] {dag.py:3834} INFO - Setting next_dagrun for example_trigger_target_dag to None, run_after=None
[2026-03-18T07:26:54.337+0530] {processor.py:183} INFO - Processing /Users/vybhavswaroop/Desktop/untitled folder 3/ecommerce_platform/venv/lib/python3.11/site-packages/airflow/example_dags/example_trigger_target_dag.py took 0.057 seconds
[2026-03-18T07:28:17.507+0530] {processor.py:161} INFO - Started process (PID=4112) to work on /Users/vybhavswaroop/Desktop/untitled folder 3/ecommerce_platform/venv/lib/python3.11/site-packages/airflow/example_dags/example_trigger_target_dag.py
[2026-03-18T07:28:17.507+0530] {processor.py:830} INFO - Processing file /Users/vybhavswaroop/Desktop/untitled folder 3/ecommerce_platform/venv/lib/python3.11/site-packages/airflow/example_dags/example_trigger_target_dag.py for tasks to queue
[2026-03-18T07:28:17.507+0530] {logging_mixin.py:188} INFO - [2026-03-18T07:28:17.507+0530] {dagbag.py:540} INFO - Filling up the DagBag from /Users/vybhavswaroop/Desktop/untitled folder 3/ecommerce_platform/venv/lib/python3.11/site-packages/airflow/example_dags/example_trigger_target_dag.py
[2026-03-18T07:28:17.519+0530] {processor.py:840} INFO - DAG(s) 'example_trigger_target_dag' retrieved from /Users/vybhavswaroop/Desktop/untitled folder 3/ecommerce_platform/venv/lib/python3.11/site-packages/airflow/example_dags/example_trigger_target_dag.py
[2026-03-18T07:28:17.553+0530] {logging_mixin.py:188} INFO - [2026-03-18T07:28:17.553+0530] {dag.py:3047} INFO - Sync 1 DAGs
[2026-03-18T07:28:17.556+0530] {logging_mixin.py:188} INFO - [2026-03-18T07:28:17.556+0530] {dag.py:3834} INFO - Setting next_dagrun for example_trigger_target_dag to None, run_after=None
[2026-03-18T07:28:17.562+0530] {processor.py:183} INFO - Processing /Users/vybhavswaroop/Desktop/untitled folder 3/ecommerce_platform/venv/lib/python3.11/site-packages/airflow/example_dags/example_trigger_target_dag.py took 0.055 seconds
[2026-03-18T07:29:37.378+0530] {processor.py:161} INFO - Started process (PID=4349) to work on /Users/vybhavswaroop/Desktop/untitled folder 3/ecommerce_platform/venv/lib/python3.11/site-packages/airflow/example_dags/example_trigger_target_dag.py
[2026-03-18T07:29:37.379+0530] {processor.py:830} INFO - Processing file /Users/vybhavswaroop/Desktop/untitled folder 3/ecommerce_platform/venv/lib/python3.11/site-packages/airflow/example_dags/example_trigger_target_dag.py for tasks to queue
[2026-03-18T07:29:37.379+0530] {logging_mixin.py:188} INFO - [2026-03-18T07:29:37.379+0530] {dagbag.py:540} INFO - Filling up the DagBag from /Users/vybhavswaroop/Desktop/untitled folder 3/ecommerce_platform/venv/lib/python3.11/site-packages/airflow/example_dags/example_trigger_target_dag.py
[2026-03-18T07:29:37.391+0530] {processor.py:840} INFO - DAG(s) 'example_trigger_target_dag' retrieved from /Users/vybhavswaroop/Desktop/untitled folder 3/ecommerce_platform/venv/lib/python3.11/site-packages/airflow/example_dags/example_trigger_target_dag.py
[2026-03-18T07:29:37.425+0530] {logging_mixin.py:188} INFO - [2026-03-18T07:29:37.425+0530] {dag.py:3047} INFO - Sync 1 DAGs
[2026-03-18T07:29:37.427+0530] {logging_mixin.py:188} INFO - [2026-03-18T07:29:37.427+0530] {dag.py:3834} INFO - Setting next_dagrun for example_trigger_target_dag to None, run_after=None
[2026-03-18T07:29:37.433+0530] {processor.py:183} INFO - Processing /Users/vybhavswaroop/Desktop/untitled folder 3/ecommerce_platform/venv/lib/python3.11/site-packages/airflow/example_dags/example_trigger_target_dag.py took 0.055 seconds
[2026-03-18T07:30:59.622+0530] {processor.py:161} INFO - Started process (PID=4592) to work on /Users/vybhavswaroop/Desktop/untitled folder 3/ecommerce_platform/venv/lib/python3.11/site-packages/airflow/example_dags/example_trigger_target_dag.py
[2026-03-18T07:30:59.623+0530] {processor.py:830} INFO - Processing file /Users/vybhavswaroop/Desktop/untitled folder 3/ecommerce_platform/venv/lib/python3.11/site-packages/airflow/example_dags/example_trigger_target_dag.py for tasks to queue
[2026-03-18T07:30:59.623+0530] {logging_mixin.py:188} INFO - [2026-03-18T07:30:59.623+0530] {dagbag.py:540} INFO - Filling up the DagBag from /Users/vybhavswaroop/Desktop/untitled folder 3/ecommerce_platform/venv/lib/python3.11/site-packages/airflow/example_dags/example_trigger_target_dag.py
[2026-03-18T07:30:59.635+0530] {processor.py:840} INFO - DAG(s) 'example_trigger_target_dag' retrieved from /Users/vybhavswaroop/Desktop/untitled folder 3/ecommerce_platform/venv/lib/python3.11/site-packages/airflow/example_dags/example_trigger_target_dag.py
[2026-03-18T07:30:59.670+0530] {logging_mixin.py:188} INFO - [2026-03-18T07:30:59.670+0530] {dag.py:3047} INFO - Sync 1 DAGs
[2026-03-18T07:30:59.672+0530] {logging_mixin.py:188} INFO - [2026-03-18T07:30:59.672+0530] {dag.py:3834} INFO - Setting next_dagrun for example_trigger_target_dag to None, run_after=None
[2026-03-18T07:30:59.678+0530] {processor.py:183} INFO - Processing /Users/vybhavswaroop/Desktop/untitled folder 3/ecommerce_platform/venv/lib/python3.11/site-packages/airflow/example_dags/example_trigger_target_dag.py took 0.057 seconds
[2026-03-18T07:32:23.113+0530] {processor.py:161} INFO - Started process (PID=4840) to work on /Users/vybhavswaroop/Desktop/untitled folder 3/ecommerce_platform/venv/lib/python3.11/site-packages/airflow/example_dags/example_trigger_target_dag.py
[2026-03-18T07:32:23.113+0530] {processor.py:830} INFO - Processing file /Users/vybhavswaroop/Desktop/untitled folder 3/ecommerce_platform/venv/lib/python3.11/site-packages/airflow/example_dags/example_trigger_target_dag.py for tasks to queue
[2026-03-18T07:32:23.114+0530] {logging_mixin.py:188} INFO - [2026-03-18T07:32:23.114+0530] {dagbag.py:540} INFO - Filling up the DagBag from /Users/vybhavswaroop/Desktop/untitled folder 3/ecommerce_platform/venv/lib/python3.11/site-packages/airflow/example_dags/example_trigger_target_dag.py
[2026-03-18T07:32:23.126+0530] {processor.py:840} INFO - DAG(s) 'example_trigger_target_dag' retrieved from /Users/vybhavswaroop/Desktop/untitled folder 3/ecommerce_platform/venv/lib/python3.11/site-packages/airflow/example_dags/example_trigger_target_dag.py
[2026-03-18T07:32:23.160+0530] {logging_mixin.py:188} INFO - [2026-03-18T07:32:23.160+0530] {dag.py:3047} INFO - Sync 1 DAGs
[2026-03-18T07:32:23.162+0530] {logging_mixin.py:188} INFO - [2026-03-18T07:32:23.162+0530] {dag.py:3834} INFO - Setting next_dagrun for example_trigger_target_dag to None, run_after=None
[2026-03-18T07:32:23.169+0530] {processor.py:183} INFO - Processing /Users/vybhavswaroop/Desktop/untitled folder 3/ecommerce_platform/venv/lib/python3.11/site-packages/airflow/example_dags/example_trigger_target_dag.py took 0.056 seconds
[2026-03-18T07:33:47.674+0530] {processor.py:161} INFO - Started process (PID=5085) to work on /Users/vybhavswaroop/Desktop/untitled folder 3/ecommerce_platform/venv/lib/python3.11/site-packages/airflow/example_dags/example_trigger_target_dag.py
[2026-03-18T07:33:47.675+0530] {processor.py:830} INFO - Processing file /Users/vybhavswaroop/Desktop/untitled folder 3/ecommerce_platform/venv/lib/python3.11/site-packages/airflow/example_dags/example_trigger_target_dag.py for tasks to queue
[2026-03-18T07:33:47.675+0530] {logging_mixin.py:188} INFO - [2026-03-18T07:33:47.675+0530] {dagbag.py:540} INFO - Filling up the DagBag from /Users/vybhavswaroop/Desktop/untitled folder 3/ecommerce_platform/venv/lib/python3.11/site-packages/airflow/example_dags/example_trigger_target_dag.py
[2026-03-18T07:33:47.687+0530] {processor.py:840} INFO - DAG(s) 'example_trigger_target_dag' retrieved from /Users/vybhavswaroop/Desktop/untitled folder 3/ecommerce_platform/venv/lib/python3.11/site-packages/airflow/example_dags/example_trigger_target_dag.py
[2026-03-18T07:33:47.722+0530] {logging_mixin.py:188} INFO - [2026-03-18T07:33:47.722+0530] {dag.py:3047} INFO - Sync 1 DAGs
[2026-03-18T07:33:47.725+0530] {logging_mixin.py:188} INFO - [2026-03-18T07:33:47.724+0530] {dag.py:3834} INFO - Setting next_dagrun for example_trigger_target_dag to None, run_after=None
[2026-03-18T07:33:47.731+0530] {processor.py:183} INFO - Processing /Users/vybhavswaroop/Desktop/untitled folder 3/ecommerce_platform/venv/lib/python3.11/site-packages/airflow/example_dags/example_trigger_target_dag.py took 0.057 seconds
[2026-03-18T07:35:20.945+0530] {processor.py:161} INFO - Started process (PID=5410) to work on /Users/vybhavswaroop/Desktop/untitled folder 3/ecommerce_platform/venv/lib/python3.11/site-packages/airflow/example_dags/example_trigger_target_dag.py
[2026-03-18T07:35:20.945+0530] {processor.py:830} INFO - Processing file /Users/vybhavswaroop/Desktop/untitled folder 3/ecommerce_platform/venv/lib/python3.11/site-packages/airflow/example_dags/example_trigger_target_dag.py for tasks to queue
[2026-03-18T07:35:20.945+0530] {logging_mixin.py:188} INFO - [2026-03-18T07:35:20.945+0530] {dagbag.py:540} INFO - Filling up the DagBag from /Users/vybhavswaroop/Desktop/untitled folder 3/ecommerce_platform/venv/lib/python3.11/site-packages/airflow/example_dags/example_trigger_target_dag.py
[2026-03-18T07:35:20.958+0530] {processor.py:840} INFO - DAG(s) 'example_trigger_target_dag' retrieved from /Users/vybhavswaroop/Desktop/untitled folder 3/ecommerce_platform/venv/lib/python3.11/site-packages/airflow/example_dags/example_trigger_target_dag.py
[2026-03-18T07:35:20.993+0530] {logging_mixin.py:188} INFO - [2026-03-18T07:35:20.993+0530] {dag.py:3047} INFO - Sync 1 DAGs
[2026-03-18T07:35:20.996+0530] {logging_mixin.py:188} INFO - [2026-03-18T07:35:20.996+0530] {dag.py:3834} INFO - Setting next_dagrun for example_trigger_target_dag to None, run_after=None
[2026-03-18T07:35:21.002+0530] {processor.py:183} INFO - Processing /Users/vybhavswaroop/Desktop/untitled folder 3/ecommerce_platform/venv/lib/python3.11/site-packages/airflow/example_dags/example_trigger_target_dag.py took 0.058 seconds
[2026-03-18T07:36:53.666+0530] {processor.py:161} INFO - Started process (PID=5682) to work on /Users/vybhavswaroop/Desktop/untitled folder 3/ecommerce_platform/venv/lib/python3.11/site-packages/airflow/example_dags/example_trigger_target_dag.py
[2026-03-18T07:36:53.667+0530] {processor.py:830} INFO - Processing file /Users/vybhavswaroop/Desktop/untitled folder 3/ecommerce_platform/venv/lib/python3.11/site-packages/airflow/example_dags/example_trigger_target_dag.py for tasks to queue
[2026-03-18T07:36:53.667+0530] {logging_mixin.py:188} INFO - [2026-03-18T07:36:53.667+0530] {dagbag.py:540} INFO - Filling up the DagBag from /Users/vybhavswaroop/Desktop/untitled folder 3/ecommerce_platform/venv/lib/python3.11/site-packages/airflow/example_dags/example_trigger_target_dag.py
[2026-03-18T07:36:53.680+0530] {processor.py:840} INFO - DAG(s) 'example_trigger_target_dag' retrieved from /Users/vybhavswaroop/Desktop/untitled folder 3/ecommerce_platform/venv/lib/python3.11/site-packages/airflow/example_dags/example_trigger_target_dag.py
[2026-03-18T07:36:53.715+0530] {logging_mixin.py:188} INFO - [2026-03-18T07:36:53.715+0530] {dag.py:3047} INFO - Sync 1 DAGs
[2026-03-18T07:36:53.717+0530] {logging_mixin.py:188} INFO - [2026-03-18T07:36:53.717+0530] {dag.py:3834} INFO - Setting next_dagrun for example_trigger_target_dag to None, run_after=None
[2026-03-18T07:36:53.724+0530] {processor.py:183} INFO - Processing /Users/vybhavswaroop/Desktop/untitled folder 3/ecommerce_platform/venv/lib/python3.11/site-packages/airflow/example_dags/example_trigger_target_dag.py took 0.059 seconds
[2026-03-18T07:38:24.358+0530] {processor.py:161} INFO - Started process (PID=5998) to work on /Users/vybhavswaroop/Desktop/untitled folder 3/ecommerce_platform/venv/lib/python3.11/site-packages/airflow/example_dags/example_trigger_target_dag.py
[2026-03-18T07:38:24.359+0530] {processor.py:830} INFO - Processing file /Users/vybhavswaroop/Desktop/untitled folder 3/ecommerce_platform/venv/lib/python3.11/site-packages/airflow/example_dags/example_trigger_target_dag.py for tasks to queue
[2026-03-18T07:38:24.359+0530] {logging_mixin.py:188} INFO - [2026-03-18T07:38:24.359+0530] {dagbag.py:540} INFO - Filling up the DagBag from /Users/vybhavswaroop/Desktop/untitled folder 3/ecommerce_platform/venv/lib/python3.11/site-packages/airflow/example_dags/example_trigger_target_dag.py
[2026-03-18T07:38:24.372+0530] {processor.py:840} INFO - DAG(s) 'example_trigger_target_dag' retrieved from /Users/vybhavswaroop/Desktop/untitled folder 3/ecommerce_platform/venv/lib/python3.11/site-packages/airflow/example_dags/example_trigger_target_dag.py
[2026-03-18T07:38:24.407+0530] {logging_mixin.py:188} INFO - [2026-03-18T07:38:24.407+0530] {dag.py:3047} INFO - Sync 1 DAGs
[2026-03-18T07:38:24.409+0530] {logging_mixin.py:188} INFO - [2026-03-18T07:38:24.409+0530] {dag.py:3834} INFO - Setting next_dagrun for example_trigger_target_dag to None, run_after=None
[2026-03-18T07:38:24.416+0530] {processor.py:183} INFO - Processing /Users/vybhavswaroop/Desktop/untitled folder 3/ecommerce_platform/venv/lib/python3.11/site-packages/airflow/example_dags/example_trigger_target_dag.py took 0.059 seconds
[2026-03-18T07:39:49.065+0530] {processor.py:161} INFO - Started process (PID=6275) to work on /Users/vybhavswaroop/Desktop/untitled folder 3/ecommerce_platform/venv/lib/python3.11/site-packages/airflow/example_dags/example_trigger_target_dag.py
[2026-03-18T07:39:49.066+0530] {processor.py:830} INFO - Processing file /Users/vybhavswaroop/Desktop/untitled folder 3/ecommerce_platform/venv/lib/python3.11/site-packages/airflow/example_dags/example_trigger_target_dag.py for tasks to queue
[2026-03-18T07:39:49.066+0530] {logging_mixin.py:188} INFO - [2026-03-18T07:39:49.066+0530] {dagbag.py:540} INFO - Filling up the DagBag from /Users/vybhavswaroop/Desktop/untitled folder 3/ecommerce_platform/venv/lib/python3.11/site-packages/airflow/example_dags/example_trigger_target_dag.py
[2026-03-18T07:39:49.078+0530] {processor.py:840} INFO - DAG(s) 'example_trigger_target_dag' retrieved from /Users/vybhavswaroop/Desktop/untitled folder 3/ecommerce_platform/venv/lib/python3.11/site-packages/airflow/example_dags/example_trigger_target_dag.py
[2026-03-18T07:39:49.114+0530] {logging_mixin.py:188} INFO - [2026-03-18T07:39:49.114+0530] {dag.py:3047} INFO - Sync 1 DAGs
[2026-03-18T07:39:49.117+0530] {logging_mixin.py:188} INFO - [2026-03-18T07:39:49.117+0530] {dag.py:3834} INFO - Setting next_dagrun for example_trigger_target_dag to None, run_after=None
[2026-03-18T07:39:49.126+0530] {processor.py:183} INFO - Processing /Users/vybhavswaroop/Desktop/untitled folder 3/ecommerce_platform/venv/lib/python3.11/site-packages/airflow/example_dags/example_trigger_target_dag.py took 0.061 seconds
[2026-03-18T07:41:25.108+0530] {processor.py:161} INFO - Started process (PID=6626) to work on /Users/vybhavswaroop/Desktop/untitled folder 3/ecommerce_platform/venv/lib/python3.11/site-packages/airflow/example_dags/example_trigger_target_dag.py
[2026-03-18T07:41:25.109+0530] {processor.py:830} INFO - Processing file /Users/vybhavswaroop/Desktop/untitled folder 3/ecommerce_platform/venv/lib/python3.11/site-packages/airflow/example_dags/example_trigger_target_dag.py for tasks to queue
[2026-03-18T07:41:25.110+0530] {logging_mixin.py:188} INFO - [2026-03-18T07:41:25.109+0530] {dagbag.py:540} INFO - Filling up the DagBag from /Users/vybhavswaroop/Desktop/untitled folder 3/ecommerce_platform/venv/lib/python3.11/site-packages/airflow/example_dags/example_trigger_target_dag.py
[2026-03-18T07:41:25.122+0530] {processor.py:840} INFO - DAG(s) 'example_trigger_target_dag' retrieved from /Users/vybhavswaroop/Desktop/untitled folder 3/ecommerce_platform/venv/lib/python3.11/site-packages/airflow/example_dags/example_trigger_target_dag.py
[2026-03-18T07:41:25.158+0530] {logging_mixin.py:188} INFO - [2026-03-18T07:41:25.158+0530] {dag.py:3047} INFO - Sync 1 DAGs
[2026-03-18T07:41:25.160+0530] {logging_mixin.py:188} INFO - [2026-03-18T07:41:25.160+0530] {dag.py:3834} INFO - Setting next_dagrun for example_trigger_target_dag to None, run_after=None
[2026-03-18T07:41:25.167+0530] {processor.py:183} INFO - Processing /Users/vybhavswaroop/Desktop/untitled folder 3/ecommerce_platform/venv/lib/python3.11/site-packages/airflow/example_dags/example_trigger_target_dag.py took 0.060 seconds
[2026-03-18T07:43:02.904+0530] {processor.py:161} INFO - Started process (PID=6989) to work on /Users/vybhavswaroop/Desktop/untitled folder 3/ecommerce_platform/venv/lib/python3.11/site-packages/airflow/example_dags/example_trigger_target_dag.py
[2026-03-18T07:43:02.905+0530] {processor.py:830} INFO - Processing file /Users/vybhavswaroop/Desktop/untitled folder 3/ecommerce_platform/venv/lib/python3.11/site-packages/airflow/example_dags/example_trigger_target_dag.py for tasks to queue
[2026-03-18T07:43:02.905+0530] {logging_mixin.py:188} INFO - [2026-03-18T07:43:02.905+0530] {dagbag.py:540} INFO - Filling up the DagBag from /Users/vybhavswaroop/Desktop/untitled folder 3/ecommerce_platform/venv/lib/python3.11/site-packages/airflow/example_dags/example_trigger_target_dag.py
[2026-03-18T07:43:02.918+0530] {processor.py:840} INFO - DAG(s) 'example_trigger_target_dag' retrieved from /Users/vybhavswaroop/Desktop/untitled folder 3/ecommerce_platform/venv/lib/python3.11/site-packages/airflow/example_dags/example_trigger_target_dag.py
[2026-03-18T07:43:02.951+0530] {logging_mixin.py:188} INFO - [2026-03-18T07:43:02.951+0530] {dag.py:3047} INFO - Sync 1 DAGs
[2026-03-18T07:43:02.953+0530] {logging_mixin.py:188} INFO - [2026-03-18T07:43:02.953+0530] {dag.py:3834} INFO - Setting next_dagrun for example_trigger_target_dag to None, run_after=None
[2026-03-18T07:43:02.960+0530] {processor.py:183} INFO - Processing /Users/vybhavswaroop/Desktop/untitled folder 3/ecommerce_platform/venv/lib/python3.11/site-packages/airflow/example_dags/example_trigger_target_dag.py took 0.056 seconds
[2026-03-18T07:44:36.166+0530] {processor.py:161} INFO - Started process (PID=7333) to work on /Users/vybhavswaroop/Desktop/untitled folder 3/ecommerce_platform/venv/lib/python3.11/site-packages/airflow/example_dags/example_trigger_target_dag.py
[2026-03-18T07:44:36.168+0530] {processor.py:830} INFO - Processing file /Users/vybhavswaroop/Desktop/untitled folder 3/ecommerce_platform/venv/lib/python3.11/site-packages/airflow/example_dags/example_trigger_target_dag.py for tasks to queue
[2026-03-18T07:44:36.168+0530] {logging_mixin.py:188} INFO - [2026-03-18T07:44:36.168+0530] {dagbag.py:540} INFO - Filling up the DagBag from /Users/vybhavswaroop/Desktop/untitled folder 3/ecommerce_platform/venv/lib/python3.11/site-packages/airflow/example_dags/example_trigger_target_dag.py
[2026-03-18T07:44:36.180+0530] {processor.py:840} INFO - DAG(s) 'example_trigger_target_dag' retrieved from /Users/vybhavswaroop/Desktop/untitled folder 3/ecommerce_platform/venv/lib/python3.11/site-packages/airflow/example_dags/example_trigger_target_dag.py
[2026-03-18T07:44:36.214+0530] {logging_mixin.py:188} INFO - [2026-03-18T07:44:36.214+0530] {dag.py:3047} INFO - Sync 1 DAGs
[2026-03-18T07:44:36.217+0530] {logging_mixin.py:188} INFO - [2026-03-18T07:44:36.217+0530] {dag.py:3834} INFO - Setting next_dagrun for example_trigger_target_dag to None, run_after=None
[2026-03-18T07:44:36.222+0530] {processor.py:183} INFO - Processing /Users/vybhavswaroop/Desktop/untitled folder 3/ecommerce_platform/venv/lib/python3.11/site-packages/airflow/example_dags/example_trigger_target_dag.py took 0.056 seconds
[2026-03-18T07:46:00.047+0530] {processor.py:161} INFO - Started process (PID=7614) to work on /Users/vybhavswaroop/Desktop/untitled folder 3/ecommerce_platform/venv/lib/python3.11/site-packages/airflow/example_dags/example_trigger_target_dag.py
[2026-03-18T07:46:00.049+0530] {processor.py:830} INFO - Processing file /Users/vybhavswaroop/Desktop/untitled folder 3/ecommerce_platform/venv/lib/python3.11/site-packages/airflow/example_dags/example_trigger_target_dag.py for tasks to queue
[2026-03-18T07:46:00.049+0530] {logging_mixin.py:188} INFO - [2026-03-18T07:46:00.049+0530] {dagbag.py:540} INFO - Filling up the DagBag from /Users/vybhavswaroop/Desktop/untitled folder 3/ecommerce_platform/venv/lib/python3.11/site-packages/airflow/example_dags/example_trigger_target_dag.py
[2026-03-18T07:46:00.062+0530] {processor.py:840} INFO - DAG(s) 'example_trigger_target_dag' retrieved from /Users/vybhavswaroop/Desktop/untitled folder 3/ecommerce_platform/venv/lib/python3.11/site-packages/airflow/example_dags/example_trigger_target_dag.py
[2026-03-18T07:46:00.097+0530] {logging_mixin.py:188} INFO - [2026-03-18T07:46:00.097+0530] {dag.py:3047} INFO - Sync 1 DAGs
[2026-03-18T07:46:00.100+0530] {logging_mixin.py:188} INFO - [2026-03-18T07:46:00.100+0530] {dag.py:3834} INFO - Setting next_dagrun for example_trigger_target_dag to None, run_after=None
[2026-03-18T07:46:00.105+0530] {processor.py:183} INFO - Processing /Users/vybhavswaroop/Desktop/untitled folder 3/ecommerce_platform/venv/lib/python3.11/site-packages/airflow/example_dags/example_trigger_target_dag.py took 0.058 seconds
[2026-03-18T07:47:20.694+0530] {processor.py:161} INFO - Started process (PID=7856) to work on /Users/vybhavswaroop/Desktop/untitled folder 3/ecommerce_platform/venv/lib/python3.11/site-packages/airflow/example_dags/example_trigger_target_dag.py
[2026-03-18T07:47:20.695+0530] {processor.py:830} INFO - Processing file /Users/vybhavswaroop/Desktop/untitled folder 3/ecommerce_platform/venv/lib/python3.11/site-packages/airflow/example_dags/example_trigger_target_dag.py for tasks to queue
[2026-03-18T07:47:20.696+0530] {logging_mixin.py:188} INFO - [2026-03-18T07:47:20.696+0530] {dagbag.py:540} INFO - Filling up the DagBag from /Users/vybhavswaroop/Desktop/untitled folder 3/ecommerce_platform/venv/lib/python3.11/site-packages/airflow/example_dags/example_trigger_target_dag.py
[2026-03-18T07:47:20.708+0530] {processor.py:840} INFO - DAG(s) 'example_trigger_target_dag' retrieved from /Users/vybhavswaroop/Desktop/untitled folder 3/ecommerce_platform/venv/lib/python3.11/site-packages/airflow/example_dags/example_trigger_target_dag.py
[2026-03-18T07:47:20.744+0530] {logging_mixin.py:188} INFO - [2026-03-18T07:47:20.743+0530] {dag.py:3047} INFO - Sync 1 DAGs
[2026-03-18T07:47:20.746+0530] {logging_mixin.py:188} INFO - [2026-03-18T07:47:20.746+0530] {dag.py:3834} INFO - Setting next_dagrun for example_trigger_target_dag to None, run_after=None
[2026-03-18T07:47:20.752+0530] {processor.py:183} INFO - Processing /Users/vybhavswaroop/Desktop/untitled folder 3/ecommerce_platform/venv/lib/python3.11/site-packages/airflow/example_dags/example_trigger_target_dag.py took 0.058 seconds
[2026-03-18T07:48:44.925+0530] {processor.py:161} INFO - Started process (PID=8220) to work on /Users/vybhavswaroop/Desktop/untitled folder 3/ecommerce_platform/venv/lib/python3.11/site-packages/airflow/example_dags/example_trigger_target_dag.py
[2026-03-18T07:48:44.926+0530] {processor.py:830} INFO - Processing file /Users/vybhavswaroop/Desktop/untitled folder 3/ecommerce_platform/venv/lib/python3.11/site-packages/airflow/example_dags/example_trigger_target_dag.py for tasks to queue
[2026-03-18T07:48:44.926+0530] {logging_mixin.py:188} INFO - [2026-03-18T07:48:44.926+0530] {dagbag.py:540} INFO - Filling up the DagBag from /Users/vybhavswaroop/Desktop/untitled folder 3/ecommerce_platform/venv/lib/python3.11/site-packages/airflow/example_dags/example_trigger_target_dag.py
[2026-03-18T07:48:44.938+0530] {processor.py:840} INFO - DAG(s) 'example_trigger_target_dag' retrieved from /Users/vybhavswaroop/Desktop/untitled folder 3/ecommerce_platform/venv/lib/python3.11/site-packages/airflow/example_dags/example_trigger_target_dag.py
[2026-03-18T07:48:44.972+0530] {logging_mixin.py:188} INFO - [2026-03-18T07:48:44.971+0530] {dag.py:3047} INFO - Sync 1 DAGs
[2026-03-18T07:48:44.974+0530] {logging_mixin.py:188} INFO - [2026-03-18T07:48:44.974+0530] {dag.py:3834} INFO - Setting next_dagrun for example_trigger_target_dag to None, run_after=None
[2026-03-18T07:48:44.980+0530] {processor.py:183} INFO - Processing /Users/vybhavswaroop/Desktop/untitled folder 3/ecommerce_platform/venv/lib/python3.11/site-packages/airflow/example_dags/example_trigger_target_dag.py took 0.055 seconds
[2026-03-18T07:50:11.387+0530] {processor.py:161} INFO - Started process (PID=8811) to work on /Users/vybhavswaroop/Desktop/untitled folder 3/ecommerce_platform/venv/lib/python3.11/site-packages/airflow/example_dags/example_trigger_target_dag.py
[2026-03-18T07:50:11.388+0530] {processor.py:830} INFO - Processing file /Users/vybhavswaroop/Desktop/untitled folder 3/ecommerce_platform/venv/lib/python3.11/site-packages/airflow/example_dags/example_trigger_target_dag.py for tasks to queue
[2026-03-18T07:50:11.388+0530] {logging_mixin.py:188} INFO - [2026-03-18T07:50:11.388+0530] {dagbag.py:540} INFO - Filling up the DagBag from /Users/vybhavswaroop/Desktop/untitled folder 3/ecommerce_platform/venv/lib/python3.11/site-packages/airflow/example_dags/example_trigger_target_dag.py
[2026-03-18T07:50:11.400+0530] {processor.py:840} INFO - DAG(s) 'example_trigger_target_dag' retrieved from /Users/vybhavswaroop/Desktop/untitled folder 3/ecommerce_platform/venv/lib/python3.11/site-packages/airflow/example_dags/example_trigger_target_dag.py
[2026-03-18T07:50:11.435+0530] {logging_mixin.py:188} INFO - [2026-03-18T07:50:11.434+0530] {dag.py:3047} INFO - Sync 1 DAGs
[2026-03-18T07:50:11.437+0530] {logging_mixin.py:188} INFO - [2026-03-18T07:50:11.437+0530] {dag.py:3834} INFO - Setting next_dagrun for example_trigger_target_dag to None, run_after=None
[2026-03-18T07:50:11.443+0530] {processor.py:183} INFO - Processing /Users/vybhavswaroop/Desktop/untitled folder 3/ecommerce_platform/venv/lib/python3.11/site-packages/airflow/example_dags/example_trigger_target_dag.py took 0.057 seconds
[2026-03-18T07:51:38.032+0530] {processor.py:161} INFO - Started process (PID=9397) to work on /Users/vybhavswaroop/Desktop/untitled folder 3/ecommerce_platform/venv/lib/python3.11/site-packages/airflow/example_dags/example_trigger_target_dag.py
[2026-03-18T07:51:38.033+0530] {processor.py:830} INFO - Processing file /Users/vybhavswaroop/Desktop/untitled folder 3/ecommerce_platform/venv/lib/python3.11/site-packages/airflow/example_dags/example_trigger_target_dag.py for tasks to queue
[2026-03-18T07:51:38.033+0530] {logging_mixin.py:188} INFO - [2026-03-18T07:51:38.033+0530] {dagbag.py:540} INFO - Filling up the DagBag from /Users/vybhavswaroop/Desktop/untitled folder 3/ecommerce_platform/venv/lib/python3.11/site-packages/airflow/example_dags/example_trigger_target_dag.py
[2026-03-18T07:51:38.045+0530] {processor.py:840} INFO - DAG(s) 'example_trigger_target_dag' retrieved from /Users/vybhavswaroop/Desktop/untitled folder 3/ecommerce_platform/venv/lib/python3.11/site-packages/airflow/example_dags/example_trigger_target_dag.py
[2026-03-18T07:51:38.080+0530] {logging_mixin.py:188} INFO - [2026-03-18T07:51:38.080+0530] {dag.py:3047} INFO - Sync 1 DAGs
[2026-03-18T07:51:38.083+0530] {logging_mixin.py:188} INFO - [2026-03-18T07:51:38.083+0530] {dag.py:3834} INFO - Setting next_dagrun for example_trigger_target_dag to None, run_after=None
[2026-03-18T07:51:38.088+0530] {processor.py:183} INFO - Processing /Users/vybhavswaroop/Desktop/untitled folder 3/ecommerce_platform/venv/lib/python3.11/site-packages/airflow/example_dags/example_trigger_target_dag.py took 0.057 seconds
[2026-03-18T07:53:07.436+0530] {processor.py:161} INFO - Started process (PID=10764) to work on /Users/vybhavswaroop/Desktop/untitled folder 3/ecommerce_platform/venv/lib/python3.11/site-packages/airflow/example_dags/example_trigger_target_dag.py
[2026-03-18T07:53:07.438+0530] {processor.py:830} INFO - Processing file /Users/vybhavswaroop/Desktop/untitled folder 3/ecommerce_platform/venv/lib/python3.11/site-packages/airflow/example_dags/example_trigger_target_dag.py for tasks to queue
[2026-03-18T07:53:07.438+0530] {logging_mixin.py:188} INFO - [2026-03-18T07:53:07.438+0530] {dagbag.py:540} INFO - Filling up the DagBag from /Users/vybhavswaroop/Desktop/untitled folder 3/ecommerce_platform/venv/lib/python3.11/site-packages/airflow/example_dags/example_trigger_target_dag.py
[2026-03-18T07:53:07.451+0530] {processor.py:840} INFO - DAG(s) 'example_trigger_target_dag' retrieved from /Users/vybhavswaroop/Desktop/untitled folder 3/ecommerce_platform/venv/lib/python3.11/site-packages/airflow/example_dags/example_trigger_target_dag.py
[2026-03-18T07:53:07.513+0530] {logging_mixin.py:188} INFO - [2026-03-18T07:53:07.513+0530] {dag.py:3047} INFO - Sync 1 DAGs
[2026-03-18T07:53:07.516+0530] {logging_mixin.py:188} INFO - [2026-03-18T07:53:07.516+0530] {dag.py:3834} INFO - Setting next_dagrun for example_trigger_target_dag to None, run_after=None
[2026-03-18T07:53:07.522+0530] {processor.py:183} INFO - Processing /Users/vybhavswaroop/Desktop/untitled folder 3/ecommerce_platform/venv/lib/python3.11/site-packages/airflow/example_dags/example_trigger_target_dag.py took 0.086 seconds
[2026-03-18T07:55:12.366+0530] {processor.py:161} INFO - Started process (PID=11133) to work on /Users/vybhavswaroop/Desktop/untitled folder 3/ecommerce_platform/venv/lib/python3.11/site-packages/airflow/example_dags/example_trigger_target_dag.py
[2026-03-18T07:55:12.367+0530] {processor.py:830} INFO - Processing file /Users/vybhavswaroop/Desktop/untitled folder 3/ecommerce_platform/venv/lib/python3.11/site-packages/airflow/example_dags/example_trigger_target_dag.py for tasks to queue
[2026-03-18T07:55:12.367+0530] {logging_mixin.py:188} INFO - [2026-03-18T07:55:12.367+0530] {dagbag.py:540} INFO - Filling up the DagBag from /Users/vybhavswaroop/Desktop/untitled folder 3/ecommerce_platform/venv/lib/python3.11/site-packages/airflow/example_dags/example_trigger_target_dag.py
[2026-03-18T07:55:12.380+0530] {processor.py:840} INFO - DAG(s) 'example_trigger_target_dag' retrieved from /Users/vybhavswaroop/Desktop/untitled folder 3/ecommerce_platform/venv/lib/python3.11/site-packages/airflow/example_dags/example_trigger_target_dag.py
[2026-03-18T07:55:12.414+0530] {logging_mixin.py:188} INFO - [2026-03-18T07:55:12.414+0530] {dag.py:3047} INFO - Sync 1 DAGs
[2026-03-18T07:55:12.417+0530] {logging_mixin.py:188} INFO - [2026-03-18T07:55:12.417+0530] {dag.py:3834} INFO - Setting next_dagrun for example_trigger_target_dag to None, run_after=None
[2026-03-18T07:55:12.423+0530] {processor.py:183} INFO - Processing /Users/vybhavswaroop/Desktop/untitled folder 3/ecommerce_platform/venv/lib/python3.11/site-packages/airflow/example_dags/example_trigger_target_dag.py took 0.057 seconds
[2026-03-18T07:56:44.164+0530] {processor.py:161} INFO - Started process (PID=11398) to work on /Users/vybhavswaroop/Desktop/untitled folder 3/ecommerce_platform/venv/lib/python3.11/site-packages/airflow/example_dags/example_trigger_target_dag.py
[2026-03-18T07:56:44.164+0530] {processor.py:830} INFO - Processing file /Users/vybhavswaroop/Desktop/untitled folder 3/ecommerce_platform/venv/lib/python3.11/site-packages/airflow/example_dags/example_trigger_target_dag.py for tasks to queue
[2026-03-18T07:56:44.165+0530] {logging_mixin.py:188} INFO - [2026-03-18T07:56:44.165+0530] {dagbag.py:540} INFO - Filling up the DagBag from /Users/vybhavswaroop/Desktop/untitled folder 3/ecommerce_platform/venv/lib/python3.11/site-packages/airflow/example_dags/example_trigger_target_dag.py
[2026-03-18T07:56:44.179+0530] {processor.py:840} INFO - DAG(s) 'example_trigger_target_dag' retrieved from /Users/vybhavswaroop/Desktop/untitled folder 3/ecommerce_platform/venv/lib/python3.11/site-packages/airflow/example_dags/example_trigger_target_dag.py
[2026-03-18T07:56:44.213+0530] {logging_mixin.py:188} INFO - [2026-03-18T07:56:44.213+0530] {dag.py:3047} INFO - Sync 1 DAGs
[2026-03-18T07:56:44.216+0530] {logging_mixin.py:188} INFO - [2026-03-18T07:56:44.216+0530] {dag.py:3834} INFO - Setting next_dagrun for example_trigger_target_dag to None, run_after=None
[2026-03-18T07:56:44.222+0530] {processor.py:183} INFO - Processing /Users/vybhavswaroop/Desktop/untitled folder 3/ecommerce_platform/venv/lib/python3.11/site-packages/airflow/example_dags/example_trigger_target_dag.py took 0.058 seconds
[2026-03-18T07:58:10.462+0530] {processor.py:161} INFO - Started process (PID=11645) to work on /Users/vybhavswaroop/Desktop/untitled folder 3/ecommerce_platform/venv/lib/python3.11/site-packages/airflow/example_dags/example_trigger_target_dag.py
[2026-03-18T07:58:10.463+0530] {processor.py:830} INFO - Processing file /Users/vybhavswaroop/Desktop/untitled folder 3/ecommerce_platform/venv/lib/python3.11/site-packages/airflow/example_dags/example_trigger_target_dag.py for tasks to queue
[2026-03-18T07:58:10.463+0530] {logging_mixin.py:188} INFO - [2026-03-18T07:58:10.463+0530] {dagbag.py:540} INFO - Filling up the DagBag from /Users/vybhavswaroop/Desktop/untitled folder 3/ecommerce_platform/venv/lib/python3.11/site-packages/airflow/example_dags/example_trigger_target_dag.py
[2026-03-18T07:58:10.475+0530] {processor.py:840} INFO - DAG(s) 'example_trigger_target_dag' retrieved from /Users/vybhavswaroop/Desktop/untitled folder 3/ecommerce_platform/venv/lib/python3.11/site-packages/airflow/example_dags/example_trigger_target_dag.py
[2026-03-18T07:58:10.509+0530] {logging_mixin.py:188} INFO - [2026-03-18T07:58:10.509+0530] {dag.py:3047} INFO - Sync 1 DAGs
[2026-03-18T07:58:10.512+0530] {logging_mixin.py:188} INFO - [2026-03-18T07:58:10.512+0530] {dag.py:3834} INFO - Setting next_dagrun for example_trigger_target_dag to None, run_after=None
[2026-03-18T07:58:10.517+0530] {processor.py:183} INFO - Processing /Users/vybhavswaroop/Desktop/untitled folder 3/ecommerce_platform/venv/lib/python3.11/site-packages/airflow/example_dags/example_trigger_target_dag.py took 0.056 seconds
