[2026-03-18T07:18:58.529+0530] {processor.py:161} INFO - Started process (PID=98362) to work on /Users/vybhavswaroop/Desktop/untitled folder 3/ecommerce_platform/venv/lib/python3.11/site-packages/airflow/example_dags/example_kubernetes_executor.py
[2026-03-18T07:18:58.530+0530] {processor.py:830} INFO - Processing file /Users/vybhavswaroop/Desktop/untitled folder 3/ecommerce_platform/venv/lib/python3.11/site-packages/airflow/example_dags/example_kubernetes_executor.py for tasks to queue
[2026-03-18T07:18:58.530+0530] {logging_mixin.py:188} INFO - [2026-03-18T07:18:58.530+0530] {dagbag.py:540} INFO - Filling up the DagBag from /Users/vybhavswaroop/Desktop/untitled folder 3/ecommerce_platform/venv/lib/python3.11/site-packages/airflow/example_dags/example_kubernetes_executor.py
[2026-03-18T07:18:58.543+0530] {logging_mixin.py:188} INFO - [2026-03-18T07:18:58.543+0530] {example_kubernetes_executor.py:38} WARNING - The example_kubernetes_executor example DAG requires the kubernetes provider. Please install it with: pip install apache-airflow[cncf.kubernetes]
[2026-03-18T07:18:58.543+0530] {processor.py:842} WARNING - No viable dags retrieved from /Users/vybhavswaroop/Desktop/untitled folder 3/ecommerce_platform/venv/lib/python3.11/site-packages/airflow/example_dags/example_kubernetes_executor.py
[2026-03-18T07:18:58.567+0530] {processor.py:183} INFO - Processing /Users/vybhavswaroop/Desktop/untitled folder 3/ecommerce_platform/venv/lib/python3.11/site-packages/airflow/example_dags/example_kubernetes_executor.py took 0.038 seconds
[2026-03-18T07:23:02.277+0530] {processor.py:161} INFO - Started process (PID=3168) to work on /Users/vybhavswaroop/Desktop/untitled folder 3/ecommerce_platform/venv/lib/python3.11/site-packages/airflow/example_dags/example_kubernetes_executor.py
[2026-03-18T07:23:02.278+0530] {processor.py:830} INFO - Processing file /Users/vybhavswaroop/Desktop/untitled folder 3/ecommerce_platform/venv/lib/python3.11/site-packages/airflow/example_dags/example_kubernetes_executor.py for tasks to queue
[2026-03-18T07:23:02.279+0530] {logging_mixin.py:188} INFO - [2026-03-18T07:23:02.279+0530] {dagbag.py:540} INFO - Filling up the DagBag from /Users/vybhavswaroop/Desktop/untitled folder 3/ecommerce_platform/venv/lib/python3.11/site-packages/airflow/example_dags/example_kubernetes_executor.py
[2026-03-18T07:23:02.290+0530] {logging_mixin.py:188} INFO - [2026-03-18T07:23:02.290+0530] {example_kubernetes_executor.py:38} WARNING - The example_kubernetes_executor example DAG requires the kubernetes provider. Please install it with: pip install apache-airflow[cncf.kubernetes]
[2026-03-18T07:23:02.291+0530] {processor.py:842} WARNING - No viable dags retrieved from /Users/vybhavswaroop/Desktop/untitled folder 3/ecommerce_platform/venv/lib/python3.11/site-packages/airflow/example_dags/example_kubernetes_executor.py
[2026-03-18T07:23:02.313+0530] {processor.py:183} INFO - Processing /Users/vybhavswaroop/Desktop/untitled folder 3/ecommerce_platform/venv/lib/python3.11/site-packages/airflow/example_dags/example_kubernetes_executor.py took 0.036 seconds
[2026-03-18T07:24:57.292+0530] {processor.py:161} INFO - Started process (PID=3520) to work on /Users/vybhavswaroop/Desktop/untitled folder 3/ecommerce_platform/venv/lib/python3.11/site-packages/airflow/example_dags/example_kubernetes_executor.py
[2026-03-18T07:24:57.293+0530] {processor.py:830} INFO - Processing file /Users/vybhavswaroop/Desktop/untitled folder 3/ecommerce_platform/venv/lib/python3.11/site-packages/airflow/example_dags/example_kubernetes_executor.py for tasks to queue
[2026-03-18T07:24:57.293+0530] {logging_mixin.py:188} INFO - [2026-03-18T07:24:57.293+0530] {dagbag.py:540} INFO - Filling up the DagBag from /Users/vybhavswaroop/Desktop/untitled folder 3/ecommerce_platform/venv/lib/python3.11/site-packages/airflow/example_dags/example_kubernetes_executor.py
[2026-03-18T07:24:57.305+0530] {logging_mixin.py:188} INFO - [2026-03-18T07:24:57.305+0530] {example_kubernetes_executor.py:38} WARNING - The example_kubernetes_executor example DAG requires the kubernetes provider. Please install it with: pip install apache-airflow[cncf.kubernetes]
[2026-03-18T07:24:57.305+0530] {processor.py:842} WARNING - No viable dags retrieved from /Users/vybhavswaroop/Desktop/untitled folder 3/ecommerce_platform/venv/lib/python3.11/site-packages/airflow/example_dags/example_kubernetes_executor.py
[2026-03-18T07:24:57.328+0530] {processor.py:183} INFO - Processing /Users/vybhavswaroop/Desktop/untitled folder 3/ecommerce_platform/venv/lib/python3.11/site-packages/airflow/example_dags/example_kubernetes_executor.py took 0.036 seconds
[2026-03-18T07:27:45.490+0530] {processor.py:161} INFO - Started process (PID=4012) to work on /Users/vybhavswaroop/Desktop/untitled folder 3/ecommerce_platform/venv/lib/python3.11/site-packages/airflow/example_dags/example_kubernetes_executor.py
[2026-03-18T07:27:45.490+0530] {processor.py:830} INFO - Processing file /Users/vybhavswaroop/Desktop/untitled folder 3/ecommerce_platform/venv/lib/python3.11/site-packages/airflow/example_dags/example_kubernetes_executor.py for tasks to queue
[2026-03-18T07:27:45.490+0530] {logging_mixin.py:188} INFO - [2026-03-18T07:27:45.490+0530] {dagbag.py:540} INFO - Filling up the DagBag from /Users/vybhavswaroop/Desktop/untitled folder 3/ecommerce_platform/venv/lib/python3.11/site-packages/airflow/example_dags/example_kubernetes_executor.py
[2026-03-18T07:27:45.502+0530] {logging_mixin.py:188} INFO - [2026-03-18T07:27:45.501+0530] {example_kubernetes_executor.py:38} WARNING - The example_kubernetes_executor example DAG requires the kubernetes provider. Please install it with: pip install apache-airflow[cncf.kubernetes]
[2026-03-18T07:27:45.502+0530] {processor.py:842} WARNING - No viable dags retrieved from /Users/vybhavswaroop/Desktop/untitled folder 3/ecommerce_platform/venv/lib/python3.11/site-packages/airflow/example_dags/example_kubernetes_executor.py
[2026-03-18T07:27:45.524+0530] {processor.py:183} INFO - Processing /Users/vybhavswaroop/Desktop/untitled folder 3/ecommerce_platform/venv/lib/python3.11/site-packages/airflow/example_dags/example_kubernetes_executor.py took 0.035 seconds
[2026-03-18T07:30:27.597+0530] {processor.py:161} INFO - Started process (PID=4497) to work on /Users/vybhavswaroop/Desktop/untitled folder 3/ecommerce_platform/venv/lib/python3.11/site-packages/airflow/example_dags/example_kubernetes_executor.py
[2026-03-18T07:30:27.597+0530] {processor.py:830} INFO - Processing file /Users/vybhavswaroop/Desktop/untitled folder 3/ecommerce_platform/venv/lib/python3.11/site-packages/airflow/example_dags/example_kubernetes_executor.py for tasks to queue
[2026-03-18T07:30:27.598+0530] {logging_mixin.py:188} INFO - [2026-03-18T07:30:27.598+0530] {dagbag.py:540} INFO - Filling up the DagBag from /Users/vybhavswaroop/Desktop/untitled folder 3/ecommerce_platform/venv/lib/python3.11/site-packages/airflow/example_dags/example_kubernetes_executor.py
[2026-03-18T07:30:27.609+0530] {logging_mixin.py:188} INFO - [2026-03-18T07:30:27.609+0530] {example_kubernetes_executor.py:38} WARNING - The example_kubernetes_executor example DAG requires the kubernetes provider. Please install it with: pip install apache-airflow[cncf.kubernetes]
[2026-03-18T07:30:27.609+0530] {processor.py:842} WARNING - No viable dags retrieved from /Users/vybhavswaroop/Desktop/untitled folder 3/ecommerce_platform/venv/lib/python3.11/site-packages/airflow/example_dags/example_kubernetes_executor.py
[2026-03-18T07:30:27.631+0530] {processor.py:183} INFO - Processing /Users/vybhavswaroop/Desktop/untitled folder 3/ecommerce_platform/venv/lib/python3.11/site-packages/airflow/example_dags/example_kubernetes_executor.py took 0.034 seconds
[2026-03-18T07:33:15.319+0530] {processor.py:161} INFO - Started process (PID=4990) to work on /Users/vybhavswaroop/Desktop/untitled folder 3/ecommerce_platform/venv/lib/python3.11/site-packages/airflow/example_dags/example_kubernetes_executor.py
[2026-03-18T07:33:15.320+0530] {processor.py:830} INFO - Processing file /Users/vybhavswaroop/Desktop/untitled folder 3/ecommerce_platform/venv/lib/python3.11/site-packages/airflow/example_dags/example_kubernetes_executor.py for tasks to queue
[2026-03-18T07:33:15.320+0530] {logging_mixin.py:188} INFO - [2026-03-18T07:33:15.320+0530] {dagbag.py:540} INFO - Filling up the DagBag from /Users/vybhavswaroop/Desktop/untitled folder 3/ecommerce_platform/venv/lib/python3.11/site-packages/airflow/example_dags/example_kubernetes_executor.py
[2026-03-18T07:33:15.332+0530] {logging_mixin.py:188} INFO - [2026-03-18T07:33:15.332+0530] {example_kubernetes_executor.py:38} WARNING - The example_kubernetes_executor example DAG requires the kubernetes provider. Please install it with: pip install apache-airflow[cncf.kubernetes]
[2026-03-18T07:33:15.332+0530] {processor.py:842} WARNING - No viable dags retrieved from /Users/vybhavswaroop/Desktop/untitled folder 3/ecommerce_platform/venv/lib/python3.11/site-packages/airflow/example_dags/example_kubernetes_executor.py
[2026-03-18T07:33:15.354+0530] {processor.py:183} INFO - Processing /Users/vybhavswaroop/Desktop/untitled folder 3/ecommerce_platform/venv/lib/python3.11/site-packages/airflow/example_dags/example_kubernetes_executor.py took 0.035 seconds
[2026-03-18T07:36:18.532+0530] {processor.py:161} INFO - Started process (PID=5578) to work on /Users/vybhavswaroop/Desktop/untitled folder 3/ecommerce_platform/venv/lib/python3.11/site-packages/airflow/example_dags/example_kubernetes_executor.py
[2026-03-18T07:36:18.534+0530] {processor.py:830} INFO - Processing file /Users/vybhavswaroop/Desktop/untitled folder 3/ecommerce_platform/venv/lib/python3.11/site-packages/airflow/example_dags/example_kubernetes_executor.py for tasks to queue
[2026-03-18T07:36:18.534+0530] {logging_mixin.py:188} INFO - [2026-03-18T07:36:18.534+0530] {dagbag.py:540} INFO - Filling up the DagBag from /Users/vybhavswaroop/Desktop/untitled folder 3/ecommerce_platform/venv/lib/python3.11/site-packages/airflow/example_dags/example_kubernetes_executor.py
[2026-03-18T07:36:18.546+0530] {logging_mixin.py:188} INFO - [2026-03-18T07:36:18.546+0530] {example_kubernetes_executor.py:38} WARNING - The example_kubernetes_executor example DAG requires the kubernetes provider. Please install it with: pip install apache-airflow[cncf.kubernetes]
[2026-03-18T07:36:18.546+0530] {processor.py:842} WARNING - No viable dags retrieved from /Users/vybhavswaroop/Desktop/untitled folder 3/ecommerce_platform/venv/lib/python3.11/site-packages/airflow/example_dags/example_kubernetes_executor.py
[2026-03-18T07:36:18.568+0530] {processor.py:183} INFO - Processing /Users/vybhavswaroop/Desktop/untitled folder 3/ecommerce_platform/venv/lib/python3.11/site-packages/airflow/example_dags/example_kubernetes_executor.py took 0.037 seconds
[2026-03-18T07:39:16.859+0530] {processor.py:161} INFO - Started process (PID=6154) to work on /Users/vybhavswaroop/Desktop/untitled folder 3/ecommerce_platform/venv/lib/python3.11/site-packages/airflow/example_dags/example_kubernetes_executor.py
[2026-03-18T07:39:16.860+0530] {processor.py:830} INFO - Processing file /Users/vybhavswaroop/Desktop/untitled folder 3/ecommerce_platform/venv/lib/python3.11/site-packages/airflow/example_dags/example_kubernetes_executor.py for tasks to queue
[2026-03-18T07:39:16.860+0530] {logging_mixin.py:188} INFO - [2026-03-18T07:39:16.860+0530] {dagbag.py:540} INFO - Filling up the DagBag from /Users/vybhavswaroop/Desktop/untitled folder 3/ecommerce_platform/venv/lib/python3.11/site-packages/airflow/example_dags/example_kubernetes_executor.py
[2026-03-18T07:39:16.872+0530] {logging_mixin.py:188} INFO - [2026-03-18T07:39:16.872+0530] {example_kubernetes_executor.py:38} WARNING - The example_kubernetes_executor example DAG requires the kubernetes provider. Please install it with: pip install apache-airflow[cncf.kubernetes]
[2026-03-18T07:39:16.872+0530] {processor.py:842} WARNING - No viable dags retrieved from /Users/vybhavswaroop/Desktop/untitled folder 3/ecommerce_platform/venv/lib/python3.11/site-packages/airflow/example_dags/example_kubernetes_executor.py
[2026-03-18T07:39:16.895+0530] {processor.py:183} INFO - Processing /Users/vybhavswaroop/Desktop/untitled folder 3/ecommerce_platform/venv/lib/python3.11/site-packages/airflow/example_dags/example_kubernetes_executor.py took 0.036 seconds
[2026-03-18T07:42:27.464+0530] {processor.py:161} INFO - Started process (PID=6875) to work on /Users/vybhavswaroop/Desktop/untitled folder 3/ecommerce_platform/venv/lib/python3.11/site-packages/airflow/example_dags/example_kubernetes_executor.py
[2026-03-18T07:42:27.465+0530] {processor.py:830} INFO - Processing file /Users/vybhavswaroop/Desktop/untitled folder 3/ecommerce_platform/venv/lib/python3.11/site-packages/airflow/example_dags/example_kubernetes_executor.py for tasks to queue
[2026-03-18T07:42:27.466+0530] {logging_mixin.py:188} INFO - [2026-03-18T07:42:27.465+0530] {dagbag.py:540} INFO - Filling up the DagBag from /Users/vybhavswaroop/Desktop/untitled folder 3/ecommerce_platform/venv/lib/python3.11/site-packages/airflow/example_dags/example_kubernetes_executor.py
[2026-03-18T07:42:27.480+0530] {logging_mixin.py:188} INFO - [2026-03-18T07:42:27.480+0530] {example_kubernetes_executor.py:38} WARNING - The example_kubernetes_executor example DAG requires the kubernetes provider. Please install it with: pip install apache-airflow[cncf.kubernetes]
[2026-03-18T07:42:27.481+0530] {processor.py:842} WARNING - No viable dags retrieved from /Users/vybhavswaroop/Desktop/untitled folder 3/ecommerce_platform/venv/lib/python3.11/site-packages/airflow/example_dags/example_kubernetes_executor.py
[2026-03-18T07:42:27.503+0530] {processor.py:183} INFO - Processing /Users/vybhavswaroop/Desktop/untitled folder 3/ecommerce_platform/venv/lib/python3.11/site-packages/airflow/example_dags/example_kubernetes_executor.py took 0.039 seconds
[2026-03-18T07:45:25.210+0530] {processor.py:161} INFO - Started process (PID=7487) to work on /Users/vybhavswaroop/Desktop/untitled folder 3/ecommerce_platform/venv/lib/python3.11/site-packages/airflow/example_dags/example_kubernetes_executor.py
[2026-03-18T07:45:25.211+0530] {processor.py:830} INFO - Processing file /Users/vybhavswaroop/Desktop/untitled folder 3/ecommerce_platform/venv/lib/python3.11/site-packages/airflow/example_dags/example_kubernetes_executor.py for tasks to queue
[2026-03-18T07:45:25.211+0530] {logging_mixin.py:188} INFO - [2026-03-18T07:45:25.211+0530] {dagbag.py:540} INFO - Filling up the DagBag from /Users/vybhavswaroop/Desktop/untitled folder 3/ecommerce_platform/venv/lib/python3.11/site-packages/airflow/example_dags/example_kubernetes_executor.py
[2026-03-18T07:45:25.223+0530] {logging_mixin.py:188} INFO - [2026-03-18T07:45:25.223+0530] {example_kubernetes_executor.py:38} WARNING - The example_kubernetes_executor example DAG requires the kubernetes provider. Please install it with: pip install apache-airflow[cncf.kubernetes]
[2026-03-18T07:45:25.223+0530] {processor.py:842} WARNING - No viable dags retrieved from /Users/vybhavswaroop/Desktop/untitled folder 3/ecommerce_platform/venv/lib/python3.11/site-packages/airflow/example_dags/example_kubernetes_executor.py
[2026-03-18T07:45:25.245+0530] {processor.py:183} INFO - Processing /Users/vybhavswaroop/Desktop/untitled folder 3/ecommerce_platform/venv/lib/python3.11/site-packages/airflow/example_dags/example_kubernetes_executor.py took 0.035 seconds
[2026-03-18T07:48:08.910+0530] {processor.py:161} INFO - Started process (PID=8102) to work on /Users/vybhavswaroop/Desktop/untitled folder 3/ecommerce_platform/venv/lib/python3.11/site-packages/airflow/example_dags/example_kubernetes_executor.py
[2026-03-18T07:48:08.912+0530] {processor.py:830} INFO - Processing file /Users/vybhavswaroop/Desktop/untitled folder 3/ecommerce_platform/venv/lib/python3.11/site-packages/airflow/example_dags/example_kubernetes_executor.py for tasks to queue
[2026-03-18T07:48:08.913+0530] {logging_mixin.py:188} INFO - [2026-03-18T07:48:08.913+0530] {dagbag.py:540} INFO - Filling up the DagBag from /Users/vybhavswaroop/Desktop/untitled folder 3/ecommerce_platform/venv/lib/python3.11/site-packages/airflow/example_dags/example_kubernetes_executor.py
[2026-03-18T07:48:08.925+0530] {logging_mixin.py:188} INFO - [2026-03-18T07:48:08.925+0530] {example_kubernetes_executor.py:38} WARNING - The example_kubernetes_executor example DAG requires the kubernetes provider. Please install it with: pip install apache-airflow[cncf.kubernetes]
[2026-03-18T07:48:08.925+0530] {processor.py:842} WARNING - No viable dags retrieved from /Users/vybhavswaroop/Desktop/untitled folder 3/ecommerce_platform/venv/lib/python3.11/site-packages/airflow/example_dags/example_kubernetes_executor.py
[2026-03-18T07:48:08.948+0530] {processor.py:183} INFO - Processing /Users/vybhavswaroop/Desktop/untitled folder 3/ecommerce_platform/venv/lib/python3.11/site-packages/airflow/example_dags/example_kubernetes_executor.py took 0.038 seconds
[2026-03-18T07:51:03.378+0530] {processor.py:161} INFO - Started process (PID=8989) to work on /Users/vybhavswaroop/Desktop/untitled folder 3/ecommerce_platform/venv/lib/python3.11/site-packages/airflow/example_dags/example_kubernetes_executor.py
[2026-03-18T07:51:03.380+0530] {processor.py:830} INFO - Processing file /Users/vybhavswaroop/Desktop/untitled folder 3/ecommerce_platform/venv/lib/python3.11/site-packages/airflow/example_dags/example_kubernetes_executor.py for tasks to queue
[2026-03-18T07:51:03.380+0530] {logging_mixin.py:188} INFO - [2026-03-18T07:51:03.380+0530] {dagbag.py:540} INFO - Filling up the DagBag from /Users/vybhavswaroop/Desktop/untitled folder 3/ecommerce_platform/venv/lib/python3.11/site-packages/airflow/example_dags/example_kubernetes_executor.py
[2026-03-18T07:51:03.391+0530] {logging_mixin.py:188} INFO - [2026-03-18T07:51:03.391+0530] {example_kubernetes_executor.py:38} WARNING - The example_kubernetes_executor example DAG requires the kubernetes provider. Please install it with: pip install apache-airflow[cncf.kubernetes]
[2026-03-18T07:51:03.391+0530] {processor.py:842} WARNING - No viable dags retrieved from /Users/vybhavswaroop/Desktop/untitled folder 3/ecommerce_platform/venv/lib/python3.11/site-packages/airflow/example_dags/example_kubernetes_executor.py
[2026-03-18T07:51:03.414+0530] {processor.py:183} INFO - Processing /Users/vybhavswaroop/Desktop/untitled folder 3/ecommerce_platform/venv/lib/python3.11/site-packages/airflow/example_dags/example_kubernetes_executor.py took 0.036 seconds
[2026-03-18T07:54:06.927+0530] {processor.py:161} INFO - Started process (PID=10941) to work on /Users/vybhavswaroop/Desktop/untitled folder 3/ecommerce_platform/venv/lib/python3.11/site-packages/airflow/example_dags/example_kubernetes_executor.py
[2026-03-18T07:54:06.928+0530] {processor.py:830} INFO - Processing file /Users/vybhavswaroop/Desktop/untitled folder 3/ecommerce_platform/venv/lib/python3.11/site-packages/airflow/example_dags/example_kubernetes_executor.py for tasks to queue
[2026-03-18T07:54:06.928+0530] {logging_mixin.py:188} INFO - [2026-03-18T07:54:06.928+0530] {dagbag.py:540} INFO - Filling up the DagBag from /Users/vybhavswaroop/Desktop/untitled folder 3/ecommerce_platform/venv/lib/python3.11/site-packages/airflow/example_dags/example_kubernetes_executor.py
[2026-03-18T07:54:06.940+0530] {logging_mixin.py:188} INFO - [2026-03-18T07:54:06.940+0530] {example_kubernetes_executor.py:38} WARNING - The example_kubernetes_executor example DAG requires the kubernetes provider. Please install it with: pip install apache-airflow[cncf.kubernetes]
[2026-03-18T07:54:06.940+0530] {processor.py:842} WARNING - No viable dags retrieved from /Users/vybhavswaroop/Desktop/untitled folder 3/ecommerce_platform/venv/lib/python3.11/site-packages/airflow/example_dags/example_kubernetes_executor.py
[2026-03-18T07:54:06.963+0530] {processor.py:183} INFO - Processing /Users/vybhavswaroop/Desktop/untitled folder 3/ecommerce_platform/venv/lib/python3.11/site-packages/airflow/example_dags/example_kubernetes_executor.py took 0.036 seconds
[2026-03-18T07:56:10.617+0530] {processor.py:161} INFO - Started process (PID=11299) to work on /Users/vybhavswaroop/Desktop/untitled folder 3/ecommerce_platform/venv/lib/python3.11/site-packages/airflow/example_dags/example_kubernetes_executor.py
[2026-03-18T07:56:10.617+0530] {processor.py:830} INFO - Processing file /Users/vybhavswaroop/Desktop/untitled folder 3/ecommerce_platform/venv/lib/python3.11/site-packages/airflow/example_dags/example_kubernetes_executor.py for tasks to queue
[2026-03-18T07:56:10.618+0530] {logging_mixin.py:188} INFO - [2026-03-18T07:56:10.617+0530] {dagbag.py:540} INFO - Filling up the DagBag from /Users/vybhavswaroop/Desktop/untitled folder 3/ecommerce_platform/venv/lib/python3.11/site-packages/airflow/example_dags/example_kubernetes_executor.py
[2026-03-18T07:56:10.630+0530] {logging_mixin.py:188} INFO - [2026-03-18T07:56:10.629+0530] {example_kubernetes_executor.py:38} WARNING - The example_kubernetes_executor example DAG requires the kubernetes provider. Please install it with: pip install apache-airflow[cncf.kubernetes]
[2026-03-18T07:56:10.630+0530] {processor.py:842} WARNING - No viable dags retrieved from /Users/vybhavswaroop/Desktop/untitled folder 3/ecommerce_platform/venv/lib/python3.11/site-packages/airflow/example_dags/example_kubernetes_executor.py
[2026-03-18T07:56:10.653+0530] {processor.py:183} INFO - Processing /Users/vybhavswaroop/Desktop/untitled folder 3/ecommerce_platform/venv/lib/python3.11/site-packages/airflow/example_dags/example_kubernetes_executor.py took 0.037 seconds
[2026-03-18T07:59:02.454+0530] {processor.py:161} INFO - Started process (PID=11802) to work on /Users/vybhavswaroop/Desktop/untitled folder 3/ecommerce_platform/venv/lib/python3.11/site-packages/airflow/example_dags/example_kubernetes_executor.py
[2026-03-18T07:59:02.455+0530] {processor.py:830} INFO - Processing file /Users/vybhavswaroop/Desktop/untitled folder 3/ecommerce_platform/venv/lib/python3.11/site-packages/airflow/example_dags/example_kubernetes_executor.py for tasks to queue
[2026-03-18T07:59:02.455+0530] {logging_mixin.py:188} INFO - [2026-03-18T07:59:02.455+0530] {dagbag.py:540} INFO - Filling up the DagBag from /Users/vybhavswaroop/Desktop/untitled folder 3/ecommerce_platform/venv/lib/python3.11/site-packages/airflow/example_dags/example_kubernetes_executor.py
[2026-03-18T07:59:02.467+0530] {logging_mixin.py:188} INFO - [2026-03-18T07:59:02.467+0530] {example_kubernetes_executor.py:38} WARNING - The example_kubernetes_executor example DAG requires the kubernetes provider. Please install it with: pip install apache-airflow[cncf.kubernetes]
[2026-03-18T07:59:02.467+0530] {processor.py:842} WARNING - No viable dags retrieved from /Users/vybhavswaroop/Desktop/untitled folder 3/ecommerce_platform/venv/lib/python3.11/site-packages/airflow/example_dags/example_kubernetes_executor.py
[2026-03-18T07:59:02.489+0530] {processor.py:183} INFO - Processing /Users/vybhavswaroop/Desktop/untitled folder 3/ecommerce_platform/venv/lib/python3.11/site-packages/airflow/example_dags/example_kubernetes_executor.py took 0.036 seconds
