[2026-03-18T07:18:55.774+0530] {processor.py:161} INFO - Started process (PID=98320) to work on /Users/vybhavswaroop/Desktop/untitled folder 3/ecommerce_platform/venv/lib/python3.11/site-packages/airflow/example_dags/example_latest_only.py
[2026-03-18T07:18:55.775+0530] {processor.py:830} INFO - Processing file /Users/vybhavswaroop/Desktop/untitled folder 3/ecommerce_platform/venv/lib/python3.11/site-packages/airflow/example_dags/example_latest_only.py for tasks to queue
[2026-03-18T07:18:55.775+0530] {logging_mixin.py:188} INFO - [2026-03-18T07:18:55.775+0530] {dagbag.py:540} INFO - Filling up the DagBag from /Users/vybhavswaroop/Desktop/untitled folder 3/ecommerce_platform/venv/lib/python3.11/site-packages/airflow/example_dags/example_latest_only.py
[2026-03-18T07:18:55.778+0530] {processor.py:840} INFO - DAG(s) 'latest_only' retrieved from /Users/vybhavswaroop/Desktop/untitled folder 3/ecommerce_platform/venv/lib/python3.11/site-packages/airflow/example_dags/example_latest_only.py
[2026-03-18T07:18:55.816+0530] {logging_mixin.py:188} INFO - [2026-03-18T07:18:55.816+0530] {dag.py:3047} INFO - Sync 1 DAGs
[2026-03-18T07:18:55.822+0530] {logging_mixin.py:188} INFO - [2026-03-18T07:18:55.822+0530] {dag.py:3834} INFO - Setting next_dagrun for latest_only to 2026-03-17 20:00:00+00:00, run_after=2026-03-18 00:00:00+00:00
[2026-03-18T07:18:55.829+0530] {processor.py:183} INFO - Processing /Users/vybhavswaroop/Desktop/untitled folder 3/ecommerce_platform/venv/lib/python3.11/site-packages/airflow/example_dags/example_latest_only.py took 0.055 seconds
[2026-03-18T07:22:59.740+0530] {processor.py:161} INFO - Started process (PID=3162) to work on /Users/vybhavswaroop/Desktop/untitled folder 3/ecommerce_platform/venv/lib/python3.11/site-packages/airflow/example_dags/example_latest_only.py
[2026-03-18T07:22:59.742+0530] {processor.py:830} INFO - Processing file /Users/vybhavswaroop/Desktop/untitled folder 3/ecommerce_platform/venv/lib/python3.11/site-packages/airflow/example_dags/example_latest_only.py for tasks to queue
[2026-03-18T07:22:59.742+0530] {logging_mixin.py:188} INFO - [2026-03-18T07:22:59.742+0530] {dagbag.py:540} INFO - Filling up the DagBag from /Users/vybhavswaroop/Desktop/untitled folder 3/ecommerce_platform/venv/lib/python3.11/site-packages/airflow/example_dags/example_latest_only.py
[2026-03-18T07:22:59.745+0530] {processor.py:840} INFO - DAG(s) 'latest_only' retrieved from /Users/vybhavswaroop/Desktop/untitled folder 3/ecommerce_platform/venv/lib/python3.11/site-packages/airflow/example_dags/example_latest_only.py
[2026-03-18T07:22:59.805+0530] {logging_mixin.py:188} INFO - [2026-03-18T07:22:59.805+0530] {dag.py:3047} INFO - Sync 1 DAGs
[2026-03-18T07:22:59.811+0530] {logging_mixin.py:188} INFO - [2026-03-18T07:22:59.811+0530] {dag.py:3834} INFO - Setting next_dagrun for latest_only to 2026-03-17 20:00:00+00:00, run_after=2026-03-18 00:00:00+00:00
[2026-03-18T07:22:59.818+0530] {processor.py:183} INFO - Processing /Users/vybhavswaroop/Desktop/untitled folder 3/ecommerce_platform/venv/lib/python3.11/site-packages/airflow/example_dags/example_latest_only.py took 0.078 seconds
[2026-03-18T07:24:55.577+0530] {processor.py:161} INFO - Started process (PID=3514) to work on /Users/vybhavswaroop/Desktop/untitled folder 3/ecommerce_platform/venv/lib/python3.11/site-packages/airflow/example_dags/example_latest_only.py
[2026-03-18T07:24:55.578+0530] {processor.py:830} INFO - Processing file /Users/vybhavswaroop/Desktop/untitled folder 3/ecommerce_platform/venv/lib/python3.11/site-packages/airflow/example_dags/example_latest_only.py for tasks to queue
[2026-03-18T07:24:55.578+0530] {logging_mixin.py:188} INFO - [2026-03-18T07:24:55.578+0530] {dagbag.py:540} INFO - Filling up the DagBag from /Users/vybhavswaroop/Desktop/untitled folder 3/ecommerce_platform/venv/lib/python3.11/site-packages/airflow/example_dags/example_latest_only.py
[2026-03-18T07:24:55.581+0530] {processor.py:840} INFO - DAG(s) 'latest_only' retrieved from /Users/vybhavswaroop/Desktop/untitled folder 3/ecommerce_platform/venv/lib/python3.11/site-packages/airflow/example_dags/example_latest_only.py
[2026-03-18T07:24:55.615+0530] {logging_mixin.py:188} INFO - [2026-03-18T07:24:55.615+0530] {dag.py:3047} INFO - Sync 1 DAGs
[2026-03-18T07:24:55.621+0530] {logging_mixin.py:188} INFO - [2026-03-18T07:24:55.620+0530] {dag.py:3834} INFO - Setting next_dagrun for latest_only to 2026-03-17 20:00:00+00:00, run_after=2026-03-18 00:00:00+00:00
[2026-03-18T07:24:55.627+0530] {processor.py:183} INFO - Processing /Users/vybhavswaroop/Desktop/untitled folder 3/ecommerce_platform/venv/lib/python3.11/site-packages/airflow/example_dags/example_latest_only.py took 0.050 seconds
[2026-03-18T07:27:42.971+0530] {processor.py:161} INFO - Started process (PID=4006) to work on /Users/vybhavswaroop/Desktop/untitled folder 3/ecommerce_platform/venv/lib/python3.11/site-packages/airflow/example_dags/example_latest_only.py
[2026-03-18T07:27:42.971+0530] {processor.py:830} INFO - Processing file /Users/vybhavswaroop/Desktop/untitled folder 3/ecommerce_platform/venv/lib/python3.11/site-packages/airflow/example_dags/example_latest_only.py for tasks to queue
[2026-03-18T07:27:42.971+0530] {logging_mixin.py:188} INFO - [2026-03-18T07:27:42.971+0530] {dagbag.py:540} INFO - Filling up the DagBag from /Users/vybhavswaroop/Desktop/untitled folder 3/ecommerce_platform/venv/lib/python3.11/site-packages/airflow/example_dags/example_latest_only.py
[2026-03-18T07:27:42.974+0530] {processor.py:840} INFO - DAG(s) 'latest_only' retrieved from /Users/vybhavswaroop/Desktop/untitled folder 3/ecommerce_platform/venv/lib/python3.11/site-packages/airflow/example_dags/example_latest_only.py
[2026-03-18T07:27:43.008+0530] {logging_mixin.py:188} INFO - [2026-03-18T07:27:43.008+0530] {dag.py:3047} INFO - Sync 1 DAGs
[2026-03-18T07:27:43.013+0530] {logging_mixin.py:188} INFO - [2026-03-18T07:27:43.013+0530] {dag.py:3834} INFO - Setting next_dagrun for latest_only to 2026-03-17 20:00:00+00:00, run_after=2026-03-18 00:00:00+00:00
[2026-03-18T07:27:43.019+0530] {processor.py:183} INFO - Processing /Users/vybhavswaroop/Desktop/untitled folder 3/ecommerce_platform/venv/lib/python3.11/site-packages/airflow/example_dags/example_latest_only.py took 0.049 seconds
[2026-03-18T07:30:26.132+0530] {processor.py:161} INFO - Started process (PID=4492) to work on /Users/vybhavswaroop/Desktop/untitled folder 3/ecommerce_platform/venv/lib/python3.11/site-packages/airflow/example_dags/example_latest_only.py
[2026-03-18T07:30:26.132+0530] {processor.py:830} INFO - Processing file /Users/vybhavswaroop/Desktop/untitled folder 3/ecommerce_platform/venv/lib/python3.11/site-packages/airflow/example_dags/example_latest_only.py for tasks to queue
[2026-03-18T07:30:26.132+0530] {logging_mixin.py:188} INFO - [2026-03-18T07:30:26.132+0530] {dagbag.py:540} INFO - Filling up the DagBag from /Users/vybhavswaroop/Desktop/untitled folder 3/ecommerce_platform/venv/lib/python3.11/site-packages/airflow/example_dags/example_latest_only.py
[2026-03-18T07:30:26.135+0530] {processor.py:840} INFO - DAG(s) 'latest_only' retrieved from /Users/vybhavswaroop/Desktop/untitled folder 3/ecommerce_platform/venv/lib/python3.11/site-packages/airflow/example_dags/example_latest_only.py
[2026-03-18T07:30:26.169+0530] {logging_mixin.py:188} INFO - [2026-03-18T07:30:26.168+0530] {dag.py:3047} INFO - Sync 1 DAGs
[2026-03-18T07:30:26.174+0530] {logging_mixin.py:188} INFO - [2026-03-18T07:30:26.174+0530] {dag.py:3834} INFO - Setting next_dagrun for latest_only to 2026-03-17 20:00:00+00:00, run_after=2026-03-18 00:00:00+00:00
[2026-03-18T07:30:26.180+0530] {processor.py:183} INFO - Processing /Users/vybhavswaroop/Desktop/untitled folder 3/ecommerce_platform/venv/lib/python3.11/site-packages/airflow/example_dags/example_latest_only.py took 0.049 seconds
[2026-03-18T07:33:12.870+0530] {processor.py:161} INFO - Started process (PID=4984) to work on /Users/vybhavswaroop/Desktop/untitled folder 3/ecommerce_platform/venv/lib/python3.11/site-packages/airflow/example_dags/example_latest_only.py
[2026-03-18T07:33:12.870+0530] {processor.py:830} INFO - Processing file /Users/vybhavswaroop/Desktop/untitled folder 3/ecommerce_platform/venv/lib/python3.11/site-packages/airflow/example_dags/example_latest_only.py for tasks to queue
[2026-03-18T07:33:12.871+0530] {logging_mixin.py:188} INFO - [2026-03-18T07:33:12.870+0530] {dagbag.py:540} INFO - Filling up the DagBag from /Users/vybhavswaroop/Desktop/untitled folder 3/ecommerce_platform/venv/lib/python3.11/site-packages/airflow/example_dags/example_latest_only.py
[2026-03-18T07:33:12.873+0530] {processor.py:840} INFO - DAG(s) 'latest_only' retrieved from /Users/vybhavswaroop/Desktop/untitled folder 3/ecommerce_platform/venv/lib/python3.11/site-packages/airflow/example_dags/example_latest_only.py
[2026-03-18T07:33:12.909+0530] {logging_mixin.py:188} INFO - [2026-03-18T07:33:12.908+0530] {dag.py:3047} INFO - Sync 1 DAGs
[2026-03-18T07:33:12.914+0530] {logging_mixin.py:188} INFO - [2026-03-18T07:33:12.914+0530] {dag.py:3834} INFO - Setting next_dagrun for latest_only to 2026-03-17 20:00:00+00:00, run_after=2026-03-18 00:00:00+00:00
[2026-03-18T07:33:12.920+0530] {processor.py:183} INFO - Processing /Users/vybhavswaroop/Desktop/untitled folder 3/ecommerce_platform/venv/lib/python3.11/site-packages/airflow/example_dags/example_latest_only.py took 0.051 seconds
[2026-03-18T07:36:16.045+0530] {processor.py:161} INFO - Started process (PID=5571) to work on /Users/vybhavswaroop/Desktop/untitled folder 3/ecommerce_platform/venv/lib/python3.11/site-packages/airflow/example_dags/example_latest_only.py
[2026-03-18T07:36:16.047+0530] {processor.py:830} INFO - Processing file /Users/vybhavswaroop/Desktop/untitled folder 3/ecommerce_platform/venv/lib/python3.11/site-packages/airflow/example_dags/example_latest_only.py for tasks to queue
[2026-03-18T07:36:16.047+0530] {logging_mixin.py:188} INFO - [2026-03-18T07:36:16.047+0530] {dagbag.py:540} INFO - Filling up the DagBag from /Users/vybhavswaroop/Desktop/untitled folder 3/ecommerce_platform/venv/lib/python3.11/site-packages/airflow/example_dags/example_latest_only.py
[2026-03-18T07:36:16.049+0530] {processor.py:840} INFO - DAG(s) 'latest_only' retrieved from /Users/vybhavswaroop/Desktop/untitled folder 3/ecommerce_platform/venv/lib/python3.11/site-packages/airflow/example_dags/example_latest_only.py
[2026-03-18T07:36:16.085+0530] {logging_mixin.py:188} INFO - [2026-03-18T07:36:16.085+0530] {dag.py:3047} INFO - Sync 1 DAGs
[2026-03-18T07:36:16.091+0530] {logging_mixin.py:188} INFO - [2026-03-18T07:36:16.091+0530] {dag.py:3834} INFO - Setting next_dagrun for latest_only to 2026-03-17 20:00:00+00:00, run_after=2026-03-18 00:00:00+00:00
[2026-03-18T07:36:16.097+0530] {processor.py:183} INFO - Processing /Users/vybhavswaroop/Desktop/untitled folder 3/ecommerce_platform/venv/lib/python3.11/site-packages/airflow/example_dags/example_latest_only.py took 0.052 seconds
[2026-03-18T07:39:14.337+0530] {processor.py:161} INFO - Started process (PID=6146) to work on /Users/vybhavswaroop/Desktop/untitled folder 3/ecommerce_platform/venv/lib/python3.11/site-packages/airflow/example_dags/example_latest_only.py
[2026-03-18T07:39:14.342+0530] {processor.py:830} INFO - Processing file /Users/vybhavswaroop/Desktop/untitled folder 3/ecommerce_platform/venv/lib/python3.11/site-packages/airflow/example_dags/example_latest_only.py for tasks to queue
[2026-03-18T07:39:14.343+0530] {logging_mixin.py:188} INFO - [2026-03-18T07:39:14.343+0530] {dagbag.py:540} INFO - Filling up the DagBag from /Users/vybhavswaroop/Desktop/untitled folder 3/ecommerce_platform/venv/lib/python3.11/site-packages/airflow/example_dags/example_latest_only.py
[2026-03-18T07:39:14.345+0530] {processor.py:840} INFO - DAG(s) 'latest_only' retrieved from /Users/vybhavswaroop/Desktop/untitled folder 3/ecommerce_platform/venv/lib/python3.11/site-packages/airflow/example_dags/example_latest_only.py
[2026-03-18T07:39:14.380+0530] {logging_mixin.py:188} INFO - [2026-03-18T07:39:14.380+0530] {dag.py:3047} INFO - Sync 1 DAGs
[2026-03-18T07:39:14.385+0530] {logging_mixin.py:188} INFO - [2026-03-18T07:39:14.385+0530] {dag.py:3834} INFO - Setting next_dagrun for latest_only to 2026-03-17 20:00:00+00:00, run_after=2026-03-18 00:00:00+00:00
[2026-03-18T07:39:14.392+0530] {processor.py:183} INFO - Processing /Users/vybhavswaroop/Desktop/untitled folder 3/ecommerce_platform/venv/lib/python3.11/site-packages/airflow/example_dags/example_latest_only.py took 0.055 seconds
[2026-03-18T07:42:24.780+0530] {processor.py:161} INFO - Started process (PID=6863) to work on /Users/vybhavswaroop/Desktop/untitled folder 3/ecommerce_platform/venv/lib/python3.11/site-packages/airflow/example_dags/example_latest_only.py
[2026-03-18T07:42:24.781+0530] {processor.py:830} INFO - Processing file /Users/vybhavswaroop/Desktop/untitled folder 3/ecommerce_platform/venv/lib/python3.11/site-packages/airflow/example_dags/example_latest_only.py for tasks to queue
[2026-03-18T07:42:24.781+0530] {logging_mixin.py:188} INFO - [2026-03-18T07:42:24.781+0530] {dagbag.py:540} INFO - Filling up the DagBag from /Users/vybhavswaroop/Desktop/untitled folder 3/ecommerce_platform/venv/lib/python3.11/site-packages/airflow/example_dags/example_latest_only.py
[2026-03-18T07:42:24.784+0530] {processor.py:840} INFO - DAG(s) 'latest_only' retrieved from /Users/vybhavswaroop/Desktop/untitled folder 3/ecommerce_platform/venv/lib/python3.11/site-packages/airflow/example_dags/example_latest_only.py
[2026-03-18T07:42:24.819+0530] {logging_mixin.py:188} INFO - [2026-03-18T07:42:24.819+0530] {dag.py:3047} INFO - Sync 1 DAGs
[2026-03-18T07:42:24.826+0530] {logging_mixin.py:188} INFO - [2026-03-18T07:42:24.826+0530] {dag.py:3834} INFO - Setting next_dagrun for latest_only to 2026-03-17 20:00:00+00:00, run_after=2026-03-18 00:00:00+00:00
[2026-03-18T07:42:24.832+0530] {processor.py:183} INFO - Processing /Users/vybhavswaroop/Desktop/untitled folder 3/ecommerce_platform/venv/lib/python3.11/site-packages/airflow/example_dags/example_latest_only.py took 0.052 seconds
[2026-03-18T07:45:22.678+0530] {processor.py:161} INFO - Started process (PID=7481) to work on /Users/vybhavswaroop/Desktop/untitled folder 3/ecommerce_platform/venv/lib/python3.11/site-packages/airflow/example_dags/example_latest_only.py
[2026-03-18T07:45:22.679+0530] {processor.py:830} INFO - Processing file /Users/vybhavswaroop/Desktop/untitled folder 3/ecommerce_platform/venv/lib/python3.11/site-packages/airflow/example_dags/example_latest_only.py for tasks to queue
[2026-03-18T07:45:22.680+0530] {logging_mixin.py:188} INFO - [2026-03-18T07:45:22.679+0530] {dagbag.py:540} INFO - Filling up the DagBag from /Users/vybhavswaroop/Desktop/untitled folder 3/ecommerce_platform/venv/lib/python3.11/site-packages/airflow/example_dags/example_latest_only.py
[2026-03-18T07:45:22.682+0530] {processor.py:840} INFO - DAG(s) 'latest_only' retrieved from /Users/vybhavswaroop/Desktop/untitled folder 3/ecommerce_platform/venv/lib/python3.11/site-packages/airflow/example_dags/example_latest_only.py
[2026-03-18T07:45:22.718+0530] {logging_mixin.py:188} INFO - [2026-03-18T07:45:22.717+0530] {dag.py:3047} INFO - Sync 1 DAGs
[2026-03-18T07:45:22.723+0530] {logging_mixin.py:188} INFO - [2026-03-18T07:45:22.723+0530] {dag.py:3834} INFO - Setting next_dagrun for latest_only to 2026-03-17 20:00:00+00:00, run_after=2026-03-18 00:00:00+00:00
[2026-03-18T07:45:22.728+0530] {processor.py:183} INFO - Processing /Users/vybhavswaroop/Desktop/untitled folder 3/ecommerce_platform/venv/lib/python3.11/site-packages/airflow/example_dags/example_latest_only.py took 0.051 seconds
[2026-03-18T07:48:07.343+0530] {processor.py:161} INFO - Started process (PID=8092) to work on /Users/vybhavswaroop/Desktop/untitled folder 3/ecommerce_platform/venv/lib/python3.11/site-packages/airflow/example_dags/example_latest_only.py
[2026-03-18T07:48:07.344+0530] {processor.py:830} INFO - Processing file /Users/vybhavswaroop/Desktop/untitled folder 3/ecommerce_platform/venv/lib/python3.11/site-packages/airflow/example_dags/example_latest_only.py for tasks to queue
[2026-03-18T07:48:07.344+0530] {logging_mixin.py:188} INFO - [2026-03-18T07:48:07.344+0530] {dagbag.py:540} INFO - Filling up the DagBag from /Users/vybhavswaroop/Desktop/untitled folder 3/ecommerce_platform/venv/lib/python3.11/site-packages/airflow/example_dags/example_latest_only.py
[2026-03-18T07:48:07.347+0530] {processor.py:840} INFO - DAG(s) 'latest_only' retrieved from /Users/vybhavswaroop/Desktop/untitled folder 3/ecommerce_platform/venv/lib/python3.11/site-packages/airflow/example_dags/example_latest_only.py
[2026-03-18T07:48:07.386+0530] {logging_mixin.py:188} INFO - [2026-03-18T07:48:07.386+0530] {dag.py:3047} INFO - Sync 1 DAGs
[2026-03-18T07:48:07.392+0530] {logging_mixin.py:188} INFO - [2026-03-18T07:48:07.391+0530] {dag.py:3834} INFO - Setting next_dagrun for latest_only to 2026-03-17 20:00:00+00:00, run_after=2026-03-18 00:00:00+00:00
[2026-03-18T07:48:07.397+0530] {processor.py:183} INFO - Processing /Users/vybhavswaroop/Desktop/untitled folder 3/ecommerce_platform/venv/lib/python3.11/site-packages/airflow/example_dags/example_latest_only.py took 0.054 seconds
[2026-03-18T07:51:00.857+0530] {processor.py:161} INFO - Started process (PID=8983) to work on /Users/vybhavswaroop/Desktop/untitled folder 3/ecommerce_platform/venv/lib/python3.11/site-packages/airflow/example_dags/example_latest_only.py
[2026-03-18T07:51:00.858+0530] {processor.py:830} INFO - Processing file /Users/vybhavswaroop/Desktop/untitled folder 3/ecommerce_platform/venv/lib/python3.11/site-packages/airflow/example_dags/example_latest_only.py for tasks to queue
[2026-03-18T07:51:00.858+0530] {logging_mixin.py:188} INFO - [2026-03-18T07:51:00.858+0530] {dagbag.py:540} INFO - Filling up the DagBag from /Users/vybhavswaroop/Desktop/untitled folder 3/ecommerce_platform/venv/lib/python3.11/site-packages/airflow/example_dags/example_latest_only.py
[2026-03-18T07:51:00.860+0530] {processor.py:840} INFO - DAG(s) 'latest_only' retrieved from /Users/vybhavswaroop/Desktop/untitled folder 3/ecommerce_platform/venv/lib/python3.11/site-packages/airflow/example_dags/example_latest_only.py
[2026-03-18T07:51:00.895+0530] {logging_mixin.py:188} INFO - [2026-03-18T07:51:00.895+0530] {dag.py:3047} INFO - Sync 1 DAGs
[2026-03-18T07:51:00.900+0530] {logging_mixin.py:188} INFO - [2026-03-18T07:51:00.900+0530] {dag.py:3834} INFO - Setting next_dagrun for latest_only to 2026-03-17 20:00:00+00:00, run_after=2026-03-18 00:00:00+00:00
[2026-03-18T07:51:00.905+0530] {processor.py:183} INFO - Processing /Users/vybhavswaroop/Desktop/untitled folder 3/ecommerce_platform/venv/lib/python3.11/site-packages/airflow/example_dags/example_latest_only.py took 0.049 seconds
[2026-03-18T07:54:04.314+0530] {processor.py:161} INFO - Started process (PID=10932) to work on /Users/vybhavswaroop/Desktop/untitled folder 3/ecommerce_platform/venv/lib/python3.11/site-packages/airflow/example_dags/example_latest_only.py
[2026-03-18T07:54:04.315+0530] {processor.py:830} INFO - Processing file /Users/vybhavswaroop/Desktop/untitled folder 3/ecommerce_platform/venv/lib/python3.11/site-packages/airflow/example_dags/example_latest_only.py for tasks to queue
[2026-03-18T07:54:04.316+0530] {logging_mixin.py:188} INFO - [2026-03-18T07:54:04.316+0530] {dagbag.py:540} INFO - Filling up the DagBag from /Users/vybhavswaroop/Desktop/untitled folder 3/ecommerce_platform/venv/lib/python3.11/site-packages/airflow/example_dags/example_latest_only.py
[2026-03-18T07:54:04.319+0530] {processor.py:840} INFO - DAG(s) 'latest_only' retrieved from /Users/vybhavswaroop/Desktop/untitled folder 3/ecommerce_platform/venv/lib/python3.11/site-packages/airflow/example_dags/example_latest_only.py
[2026-03-18T07:54:04.386+0530] {logging_mixin.py:188} INFO - [2026-03-18T07:54:04.385+0530] {dag.py:3047} INFO - Sync 1 DAGs
[2026-03-18T07:54:04.390+0530] {logging_mixin.py:188} INFO - [2026-03-18T07:54:04.390+0530] {dag.py:3834} INFO - Setting next_dagrun for latest_only to 2026-03-17 20:00:00+00:00, run_after=2026-03-18 00:00:00+00:00
[2026-03-18T07:54:04.396+0530] {processor.py:183} INFO - Processing /Users/vybhavswaroop/Desktop/untitled folder 3/ecommerce_platform/venv/lib/python3.11/site-packages/airflow/example_dags/example_latest_only.py took 0.083 seconds
[2026-03-18T07:56:08.048+0530] {processor.py:161} INFO - Started process (PID=11293) to work on /Users/vybhavswaroop/Desktop/untitled folder 3/ecommerce_platform/venv/lib/python3.11/site-packages/airflow/example_dags/example_latest_only.py
[2026-03-18T07:56:08.049+0530] {processor.py:830} INFO - Processing file /Users/vybhavswaroop/Desktop/untitled folder 3/ecommerce_platform/venv/lib/python3.11/site-packages/airflow/example_dags/example_latest_only.py for tasks to queue
[2026-03-18T07:56:08.049+0530] {logging_mixin.py:188} INFO - [2026-03-18T07:56:08.049+0530] {dagbag.py:540} INFO - Filling up the DagBag from /Users/vybhavswaroop/Desktop/untitled folder 3/ecommerce_platform/venv/lib/python3.11/site-packages/airflow/example_dags/example_latest_only.py
[2026-03-18T07:56:08.052+0530] {processor.py:840} INFO - DAG(s) 'latest_only' retrieved from /Users/vybhavswaroop/Desktop/untitled folder 3/ecommerce_platform/venv/lib/python3.11/site-packages/airflow/example_dags/example_latest_only.py
[2026-03-18T07:56:08.088+0530] {logging_mixin.py:188} INFO - [2026-03-18T07:56:08.088+0530] {dag.py:3047} INFO - Sync 1 DAGs
[2026-03-18T07:56:08.094+0530] {logging_mixin.py:188} INFO - [2026-03-18T07:56:08.094+0530] {dag.py:3834} INFO - Setting next_dagrun for latest_only to 2026-03-17 20:00:00+00:00, run_after=2026-03-18 00:00:00+00:00
[2026-03-18T07:56:08.100+0530] {processor.py:183} INFO - Processing /Users/vybhavswaroop/Desktop/untitled folder 3/ecommerce_platform/venv/lib/python3.11/site-packages/airflow/example_dags/example_latest_only.py took 0.052 seconds
[2026-03-18T07:58:59.852+0530] {processor.py:161} INFO - Started process (PID=11796) to work on /Users/vybhavswaroop/Desktop/untitled folder 3/ecommerce_platform/venv/lib/python3.11/site-packages/airflow/example_dags/example_latest_only.py
[2026-03-18T07:58:59.853+0530] {processor.py:830} INFO - Processing file /Users/vybhavswaroop/Desktop/untitled folder 3/ecommerce_platform/venv/lib/python3.11/site-packages/airflow/example_dags/example_latest_only.py for tasks to queue
[2026-03-18T07:58:59.853+0530] {logging_mixin.py:188} INFO - [2026-03-18T07:58:59.853+0530] {dagbag.py:540} INFO - Filling up the DagBag from /Users/vybhavswaroop/Desktop/untitled folder 3/ecommerce_platform/venv/lib/python3.11/site-packages/airflow/example_dags/example_latest_only.py
[2026-03-18T07:58:59.856+0530] {processor.py:840} INFO - DAG(s) 'latest_only' retrieved from /Users/vybhavswaroop/Desktop/untitled folder 3/ecommerce_platform/venv/lib/python3.11/site-packages/airflow/example_dags/example_latest_only.py
[2026-03-18T07:58:59.892+0530] {logging_mixin.py:188} INFO - [2026-03-18T07:58:59.891+0530] {dag.py:3047} INFO - Sync 1 DAGs
[2026-03-18T07:58:59.897+0530] {logging_mixin.py:188} INFO - [2026-03-18T07:58:59.897+0530] {dag.py:3834} INFO - Setting next_dagrun for latest_only to 2026-03-17 20:00:00+00:00, run_after=2026-03-18 00:00:00+00:00
[2026-03-18T07:58:59.903+0530] {processor.py:183} INFO - Processing /Users/vybhavswaroop/Desktop/untitled folder 3/ecommerce_platform/venv/lib/python3.11/site-packages/airflow/example_dags/example_latest_only.py took 0.051 seconds
