[2026-03-18T05:58:42.120+0530] {processor.py:161} INFO - Started process (PID=97126) to work on /Users/vybhavswaroop/Desktop/untitled folder 3/ecommerce_platform/venv/lib/python3.11/site-packages/airflow/example_dags/tutorial_taskflow_api.py
[2026-03-18T05:58:42.120+0530] {processor.py:830} INFO - Processing file /Users/vybhavswaroop/Desktop/untitled folder 3/ecommerce_platform/venv/lib/python3.11/site-packages/airflow/example_dags/tutorial_taskflow_api.py for tasks to queue
[2026-03-18T05:58:42.121+0530] {logging_mixin.py:188} INFO - [2026-03-18T05:58:42.121+0530] {dagbag.py:540} INFO - Filling up the DagBag from /Users/vybhavswaroop/Desktop/untitled folder 3/ecommerce_platform/venv/lib/python3.11/site-packages/airflow/example_dags/tutorial_taskflow_api.py
[2026-03-18T05:58:42.134+0530] {processor.py:840} INFO - DAG(s) 'tutorial_taskflow_api' retrieved from /Users/vybhavswaroop/Desktop/untitled folder 3/ecommerce_platform/venv/lib/python3.11/site-packages/airflow/example_dags/tutorial_taskflow_api.py
[2026-03-18T05:58:42.170+0530] {logging_mixin.py:188} INFO - [2026-03-18T05:58:42.170+0530] {dag.py:3047} INFO - Sync 1 DAGs
[2026-03-18T05:58:42.173+0530] {logging_mixin.py:188} INFO - [2026-03-18T05:58:42.173+0530] {dag.py:3834} INFO - Setting next_dagrun for tutorial_taskflow_api to None, run_after=None
[2026-03-18T05:58:42.180+0530] {processor.py:183} INFO - Processing /Users/vybhavswaroop/Desktop/untitled folder 3/ecommerce_platform/venv/lib/python3.11/site-packages/airflow/example_dags/tutorial_taskflow_api.py took 0.060 seconds
[2026-03-18T07:19:51.314+0530] {processor.py:161} INFO - Started process (PID=99204) to work on /Users/vybhavswaroop/Desktop/untitled folder 3/ecommerce_platform/venv/lib/python3.11/site-packages/airflow/example_dags/tutorial_taskflow_api.py
[2026-03-18T07:19:51.315+0530] {processor.py:830} INFO - Processing file /Users/vybhavswaroop/Desktop/untitled folder 3/ecommerce_platform/venv/lib/python3.11/site-packages/airflow/example_dags/tutorial_taskflow_api.py for tasks to queue
[2026-03-18T07:19:51.315+0530] {logging_mixin.py:188} INFO - [2026-03-18T07:19:51.315+0530] {dagbag.py:540} INFO - Filling up the DagBag from /Users/vybhavswaroop/Desktop/untitled folder 3/ecommerce_platform/venv/lib/python3.11/site-packages/airflow/example_dags/tutorial_taskflow_api.py
[2026-03-18T07:19:51.329+0530] {processor.py:840} INFO - DAG(s) 'tutorial_taskflow_api' retrieved from /Users/vybhavswaroop/Desktop/untitled folder 3/ecommerce_platform/venv/lib/python3.11/site-packages/airflow/example_dags/tutorial_taskflow_api.py
[2026-03-18T07:19:51.365+0530] {logging_mixin.py:188} INFO - [2026-03-18T07:19:51.365+0530] {dag.py:3047} INFO - Sync 1 DAGs
[2026-03-18T07:19:51.368+0530] {logging_mixin.py:188} INFO - [2026-03-18T07:19:51.368+0530] {dag.py:3834} INFO - Setting next_dagrun for tutorial_taskflow_api to None, run_after=None
[2026-03-18T07:19:51.375+0530] {processor.py:183} INFO - Processing /Users/vybhavswaroop/Desktop/untitled folder 3/ecommerce_platform/venv/lib/python3.11/site-packages/airflow/example_dags/tutorial_taskflow_api.py took 0.061 seconds
[2026-03-18T07:20:51.495+0530] {processor.py:161} INFO - Started process (PID=1541) to work on /Users/vybhavswaroop/Desktop/untitled folder 3/ecommerce_platform/venv/lib/python3.11/site-packages/airflow/example_dags/tutorial_taskflow_api.py
[2026-03-18T07:20:51.495+0530] {processor.py:830} INFO - Processing file /Users/vybhavswaroop/Desktop/untitled folder 3/ecommerce_platform/venv/lib/python3.11/site-packages/airflow/example_dags/tutorial_taskflow_api.py for tasks to queue
[2026-03-18T07:20:51.496+0530] {logging_mixin.py:188} INFO - [2026-03-18T07:20:51.496+0530] {dagbag.py:540} INFO - Filling up the DagBag from /Users/vybhavswaroop/Desktop/untitled folder 3/ecommerce_platform/venv/lib/python3.11/site-packages/airflow/example_dags/tutorial_taskflow_api.py
[2026-03-18T07:20:51.509+0530] {processor.py:840} INFO - DAG(s) 'tutorial_taskflow_api' retrieved from /Users/vybhavswaroop/Desktop/untitled folder 3/ecommerce_platform/venv/lib/python3.11/site-packages/airflow/example_dags/tutorial_taskflow_api.py
[2026-03-18T07:20:51.548+0530] {logging_mixin.py:188} INFO - [2026-03-18T07:20:51.548+0530] {dag.py:3047} INFO - Sync 1 DAGs
[2026-03-18T07:20:51.551+0530] {logging_mixin.py:188} INFO - [2026-03-18T07:20:51.551+0530] {dag.py:3834} INFO - Setting next_dagrun for tutorial_taskflow_api to None, run_after=None
[2026-03-18T07:20:51.558+0530] {processor.py:183} INFO - Processing /Users/vybhavswaroop/Desktop/untitled folder 3/ecommerce_platform/venv/lib/python3.11/site-packages/airflow/example_dags/tutorial_taskflow_api.py took 0.064 seconds
[2026-03-18T07:21:47.161+0530] {processor.py:161} INFO - Started process (PID=2847) to work on /Users/vybhavswaroop/Desktop/untitled folder 3/ecommerce_platform/venv/lib/python3.11/site-packages/airflow/example_dags/tutorial_taskflow_api.py
[2026-03-18T07:21:47.161+0530] {processor.py:830} INFO - Processing file /Users/vybhavswaroop/Desktop/untitled folder 3/ecommerce_platform/venv/lib/python3.11/site-packages/airflow/example_dags/tutorial_taskflow_api.py for tasks to queue
[2026-03-18T07:21:47.162+0530] {logging_mixin.py:188} INFO - [2026-03-18T07:21:47.162+0530] {dagbag.py:540} INFO - Filling up the DagBag from /Users/vybhavswaroop/Desktop/untitled folder 3/ecommerce_platform/venv/lib/python3.11/site-packages/airflow/example_dags/tutorial_taskflow_api.py
[2026-03-18T07:21:47.176+0530] {processor.py:840} INFO - DAG(s) 'tutorial_taskflow_api' retrieved from /Users/vybhavswaroop/Desktop/untitled folder 3/ecommerce_platform/venv/lib/python3.11/site-packages/airflow/example_dags/tutorial_taskflow_api.py
[2026-03-18T07:21:47.191+0530] {logging_mixin.py:188} INFO - [2026-03-18T07:21:47.191+0530] {dag.py:3047} INFO - Sync 1 DAGs
[2026-03-18T07:21:47.215+0530] {logging_mixin.py:188} INFO - [2026-03-18T07:21:47.215+0530] {dag.py:3834} INFO - Setting next_dagrun for tutorial_taskflow_api to None, run_after=None
[2026-03-18T07:21:47.222+0530] {processor.py:183} INFO - Processing /Users/vybhavswaroop/Desktop/untitled folder 3/ecommerce_platform/venv/lib/python3.11/site-packages/airflow/example_dags/tutorial_taskflow_api.py took 0.062 seconds
[2026-03-18T07:23:50.111+0530] {processor.py:161} INFO - Started process (PID=3323) to work on /Users/vybhavswaroop/Desktop/untitled folder 3/ecommerce_platform/venv/lib/python3.11/site-packages/airflow/example_dags/tutorial_taskflow_api.py
[2026-03-18T07:23:50.112+0530] {processor.py:830} INFO - Processing file /Users/vybhavswaroop/Desktop/untitled folder 3/ecommerce_platform/venv/lib/python3.11/site-packages/airflow/example_dags/tutorial_taskflow_api.py for tasks to queue
[2026-03-18T07:23:50.112+0530] {logging_mixin.py:188} INFO - [2026-03-18T07:23:50.112+0530] {dagbag.py:540} INFO - Filling up the DagBag from /Users/vybhavswaroop/Desktop/untitled folder 3/ecommerce_platform/venv/lib/python3.11/site-packages/airflow/example_dags/tutorial_taskflow_api.py
[2026-03-18T07:23:50.124+0530] {processor.py:840} INFO - DAG(s) 'tutorial_taskflow_api' retrieved from /Users/vybhavswaroop/Desktop/untitled folder 3/ecommerce_platform/venv/lib/python3.11/site-packages/airflow/example_dags/tutorial_taskflow_api.py
[2026-03-18T07:23:50.183+0530] {logging_mixin.py:188} INFO - [2026-03-18T07:23:50.183+0530] {dag.py:3047} INFO - Sync 1 DAGs
[2026-03-18T07:23:50.185+0530] {logging_mixin.py:188} INFO - [2026-03-18T07:23:50.185+0530] {dag.py:3834} INFO - Setting next_dagrun for tutorial_taskflow_api to None, run_after=None
[2026-03-18T07:23:50.192+0530] {processor.py:183} INFO - Processing /Users/vybhavswaroop/Desktop/untitled folder 3/ecommerce_platform/venv/lib/python3.11/site-packages/airflow/example_dags/tutorial_taskflow_api.py took 0.082 seconds
[2026-03-18T07:25:16.285+0530] {processor.py:161} INFO - Started process (PID=3575) to work on /Users/vybhavswaroop/Desktop/untitled folder 3/ecommerce_platform/venv/lib/python3.11/site-packages/airflow/example_dags/tutorial_taskflow_api.py
[2026-03-18T07:25:16.286+0530] {processor.py:830} INFO - Processing file /Users/vybhavswaroop/Desktop/untitled folder 3/ecommerce_platform/venv/lib/python3.11/site-packages/airflow/example_dags/tutorial_taskflow_api.py for tasks to queue
[2026-03-18T07:25:16.286+0530] {logging_mixin.py:188} INFO - [2026-03-18T07:25:16.286+0530] {dagbag.py:540} INFO - Filling up the DagBag from /Users/vybhavswaroop/Desktop/untitled folder 3/ecommerce_platform/venv/lib/python3.11/site-packages/airflow/example_dags/tutorial_taskflow_api.py
[2026-03-18T07:25:16.298+0530] {processor.py:840} INFO - DAG(s) 'tutorial_taskflow_api' retrieved from /Users/vybhavswaroop/Desktop/untitled folder 3/ecommerce_platform/venv/lib/python3.11/site-packages/airflow/example_dags/tutorial_taskflow_api.py
[2026-03-18T07:25:16.333+0530] {logging_mixin.py:188} INFO - [2026-03-18T07:25:16.332+0530] {dag.py:3047} INFO - Sync 1 DAGs
[2026-03-18T07:25:16.335+0530] {logging_mixin.py:188} INFO - [2026-03-18T07:25:16.335+0530] {dag.py:3834} INFO - Setting next_dagrun for tutorial_taskflow_api to None, run_after=None
[2026-03-18T07:25:16.342+0530] {processor.py:183} INFO - Processing /Users/vybhavswaroop/Desktop/untitled folder 3/ecommerce_platform/venv/lib/python3.11/site-packages/airflow/example_dags/tutorial_taskflow_api.py took 0.057 seconds
[2026-03-18T07:26:40.162+0530] {processor.py:161} INFO - Started process (PID=3822) to work on /Users/vybhavswaroop/Desktop/untitled folder 3/ecommerce_platform/venv/lib/python3.11/site-packages/airflow/example_dags/tutorial_taskflow_api.py
[2026-03-18T07:26:40.163+0530] {processor.py:830} INFO - Processing file /Users/vybhavswaroop/Desktop/untitled folder 3/ecommerce_platform/venv/lib/python3.11/site-packages/airflow/example_dags/tutorial_taskflow_api.py for tasks to queue
[2026-03-18T07:26:40.163+0530] {logging_mixin.py:188} INFO - [2026-03-18T07:26:40.163+0530] {dagbag.py:540} INFO - Filling up the DagBag from /Users/vybhavswaroop/Desktop/untitled folder 3/ecommerce_platform/venv/lib/python3.11/site-packages/airflow/example_dags/tutorial_taskflow_api.py
[2026-03-18T07:26:40.175+0530] {processor.py:840} INFO - DAG(s) 'tutorial_taskflow_api' retrieved from /Users/vybhavswaroop/Desktop/untitled folder 3/ecommerce_platform/venv/lib/python3.11/site-packages/airflow/example_dags/tutorial_taskflow_api.py
[2026-03-18T07:26:40.210+0530] {logging_mixin.py:188} INFO - [2026-03-18T07:26:40.210+0530] {dag.py:3047} INFO - Sync 1 DAGs
[2026-03-18T07:26:40.212+0530] {logging_mixin.py:188} INFO - [2026-03-18T07:26:40.212+0530] {dag.py:3834} INFO - Setting next_dagrun for tutorial_taskflow_api to None, run_after=None
[2026-03-18T07:26:40.219+0530] {processor.py:183} INFO - Processing /Users/vybhavswaroop/Desktop/untitled folder 3/ecommerce_platform/venv/lib/python3.11/site-packages/airflow/example_dags/tutorial_taskflow_api.py took 0.057 seconds
[2026-03-18T07:28:03.467+0530] {processor.py:161} INFO - Started process (PID=4071) to work on /Users/vybhavswaroop/Desktop/untitled folder 3/ecommerce_platform/venv/lib/python3.11/site-packages/airflow/example_dags/tutorial_taskflow_api.py
[2026-03-18T07:28:03.467+0530] {processor.py:830} INFO - Processing file /Users/vybhavswaroop/Desktop/untitled folder 3/ecommerce_platform/venv/lib/python3.11/site-packages/airflow/example_dags/tutorial_taskflow_api.py for tasks to queue
[2026-03-18T07:28:03.468+0530] {logging_mixin.py:188} INFO - [2026-03-18T07:28:03.467+0530] {dagbag.py:540} INFO - Filling up the DagBag from /Users/vybhavswaroop/Desktop/untitled folder 3/ecommerce_platform/venv/lib/python3.11/site-packages/airflow/example_dags/tutorial_taskflow_api.py
[2026-03-18T07:28:03.479+0530] {processor.py:840} INFO - DAG(s) 'tutorial_taskflow_api' retrieved from /Users/vybhavswaroop/Desktop/untitled folder 3/ecommerce_platform/venv/lib/python3.11/site-packages/airflow/example_dags/tutorial_taskflow_api.py
[2026-03-18T07:28:03.514+0530] {logging_mixin.py:188} INFO - [2026-03-18T07:28:03.514+0530] {dag.py:3047} INFO - Sync 1 DAGs
[2026-03-18T07:28:03.517+0530] {logging_mixin.py:188} INFO - [2026-03-18T07:28:03.516+0530] {dag.py:3834} INFO - Setting next_dagrun for tutorial_taskflow_api to None, run_after=None
[2026-03-18T07:28:03.523+0530] {processor.py:183} INFO - Processing /Users/vybhavswaroop/Desktop/untitled folder 3/ecommerce_platform/venv/lib/python3.11/site-packages/airflow/example_dags/tutorial_taskflow_api.py took 0.056 seconds
[2026-03-18T07:29:23.338+0530] {processor.py:161} INFO - Started process (PID=4308) to work on /Users/vybhavswaroop/Desktop/untitled folder 3/ecommerce_platform/venv/lib/python3.11/site-packages/airflow/example_dags/tutorial_taskflow_api.py
[2026-03-18T07:29:23.339+0530] {processor.py:830} INFO - Processing file /Users/vybhavswaroop/Desktop/untitled folder 3/ecommerce_platform/venv/lib/python3.11/site-packages/airflow/example_dags/tutorial_taskflow_api.py for tasks to queue
[2026-03-18T07:29:23.339+0530] {logging_mixin.py:188} INFO - [2026-03-18T07:29:23.339+0530] {dagbag.py:540} INFO - Filling up the DagBag from /Users/vybhavswaroop/Desktop/untitled folder 3/ecommerce_platform/venv/lib/python3.11/site-packages/airflow/example_dags/tutorial_taskflow_api.py
[2026-03-18T07:29:23.351+0530] {processor.py:840} INFO - DAG(s) 'tutorial_taskflow_api' retrieved from /Users/vybhavswaroop/Desktop/untitled folder 3/ecommerce_platform/venv/lib/python3.11/site-packages/airflow/example_dags/tutorial_taskflow_api.py
[2026-03-18T07:29:23.386+0530] {logging_mixin.py:188} INFO - [2026-03-18T07:29:23.386+0530] {dag.py:3047} INFO - Sync 1 DAGs
[2026-03-18T07:29:23.389+0530] {logging_mixin.py:188} INFO - [2026-03-18T07:29:23.389+0530] {dag.py:3834} INFO - Setting next_dagrun for tutorial_taskflow_api to None, run_after=None
[2026-03-18T07:29:23.395+0530] {processor.py:183} INFO - Processing /Users/vybhavswaroop/Desktop/untitled folder 3/ecommerce_platform/venv/lib/python3.11/site-packages/airflow/example_dags/tutorial_taskflow_api.py took 0.057 seconds
[2026-03-18T07:30:45.531+0530] {processor.py:161} INFO - Started process (PID=4552) to work on /Users/vybhavswaroop/Desktop/untitled folder 3/ecommerce_platform/venv/lib/python3.11/site-packages/airflow/example_dags/tutorial_taskflow_api.py
[2026-03-18T07:30:45.532+0530] {processor.py:830} INFO - Processing file /Users/vybhavswaroop/Desktop/untitled folder 3/ecommerce_platform/venv/lib/python3.11/site-packages/airflow/example_dags/tutorial_taskflow_api.py for tasks to queue
[2026-03-18T07:30:45.532+0530] {logging_mixin.py:188} INFO - [2026-03-18T07:30:45.532+0530] {dagbag.py:540} INFO - Filling up the DagBag from /Users/vybhavswaroop/Desktop/untitled folder 3/ecommerce_platform/venv/lib/python3.11/site-packages/airflow/example_dags/tutorial_taskflow_api.py
[2026-03-18T07:30:45.544+0530] {processor.py:840} INFO - DAG(s) 'tutorial_taskflow_api' retrieved from /Users/vybhavswaroop/Desktop/untitled folder 3/ecommerce_platform/venv/lib/python3.11/site-packages/airflow/example_dags/tutorial_taskflow_api.py
[2026-03-18T07:30:45.579+0530] {logging_mixin.py:188} INFO - [2026-03-18T07:30:45.579+0530] {dag.py:3047} INFO - Sync 1 DAGs
[2026-03-18T07:30:45.581+0530] {logging_mixin.py:188} INFO - [2026-03-18T07:30:45.581+0530] {dag.py:3834} INFO - Setting next_dagrun for tutorial_taskflow_api to None, run_after=None
[2026-03-18T07:30:45.588+0530] {processor.py:183} INFO - Processing /Users/vybhavswaroop/Desktop/untitled folder 3/ecommerce_platform/venv/lib/python3.11/site-packages/airflow/example_dags/tutorial_taskflow_api.py took 0.057 seconds
[2026-03-18T07:32:07.884+0530] {processor.py:161} INFO - Started process (PID=4797) to work on /Users/vybhavswaroop/Desktop/untitled folder 3/ecommerce_platform/venv/lib/python3.11/site-packages/airflow/example_dags/tutorial_taskflow_api.py
[2026-03-18T07:32:07.885+0530] {processor.py:830} INFO - Processing file /Users/vybhavswaroop/Desktop/untitled folder 3/ecommerce_platform/venv/lib/python3.11/site-packages/airflow/example_dags/tutorial_taskflow_api.py for tasks to queue
[2026-03-18T07:32:07.885+0530] {logging_mixin.py:188} INFO - [2026-03-18T07:32:07.885+0530] {dagbag.py:540} INFO - Filling up the DagBag from /Users/vybhavswaroop/Desktop/untitled folder 3/ecommerce_platform/venv/lib/python3.11/site-packages/airflow/example_dags/tutorial_taskflow_api.py
[2026-03-18T07:32:07.897+0530] {processor.py:840} INFO - DAG(s) 'tutorial_taskflow_api' retrieved from /Users/vybhavswaroop/Desktop/untitled folder 3/ecommerce_platform/venv/lib/python3.11/site-packages/airflow/example_dags/tutorial_taskflow_api.py
[2026-03-18T07:32:07.932+0530] {logging_mixin.py:188} INFO - [2026-03-18T07:32:07.932+0530] {dag.py:3047} INFO - Sync 1 DAGs
[2026-03-18T07:32:07.935+0530] {logging_mixin.py:188} INFO - [2026-03-18T07:32:07.935+0530] {dag.py:3834} INFO - Setting next_dagrun for tutorial_taskflow_api to None, run_after=None
[2026-03-18T07:32:07.941+0530] {processor.py:183} INFO - Processing /Users/vybhavswaroop/Desktop/untitled folder 3/ecommerce_platform/venv/lib/python3.11/site-packages/airflow/example_dags/tutorial_taskflow_api.py took 0.058 seconds
[2026-03-18T07:33:33.719+0530] {processor.py:161} INFO - Started process (PID=5044) to work on /Users/vybhavswaroop/Desktop/untitled folder 3/ecommerce_platform/venv/lib/python3.11/site-packages/airflow/example_dags/tutorial_taskflow_api.py
[2026-03-18T07:33:33.720+0530] {processor.py:830} INFO - Processing file /Users/vybhavswaroop/Desktop/untitled folder 3/ecommerce_platform/venv/lib/python3.11/site-packages/airflow/example_dags/tutorial_taskflow_api.py for tasks to queue
[2026-03-18T07:33:33.720+0530] {logging_mixin.py:188} INFO - [2026-03-18T07:33:33.720+0530] {dagbag.py:540} INFO - Filling up the DagBag from /Users/vybhavswaroop/Desktop/untitled folder 3/ecommerce_platform/venv/lib/python3.11/site-packages/airflow/example_dags/tutorial_taskflow_api.py
[2026-03-18T07:33:33.733+0530] {processor.py:840} INFO - DAG(s) 'tutorial_taskflow_api' retrieved from /Users/vybhavswaroop/Desktop/untitled folder 3/ecommerce_platform/venv/lib/python3.11/site-packages/airflow/example_dags/tutorial_taskflow_api.py
[2026-03-18T07:33:33.767+0530] {logging_mixin.py:188} INFO - [2026-03-18T07:33:33.767+0530] {dag.py:3047} INFO - Sync 1 DAGs
[2026-03-18T07:33:33.770+0530] {logging_mixin.py:188} INFO - [2026-03-18T07:33:33.769+0530] {dag.py:3834} INFO - Setting next_dagrun for tutorial_taskflow_api to None, run_after=None
[2026-03-18T07:33:33.776+0530] {processor.py:183} INFO - Processing /Users/vybhavswaroop/Desktop/untitled folder 3/ecommerce_platform/venv/lib/python3.11/site-packages/airflow/example_dags/tutorial_taskflow_api.py took 0.057 seconds
[2026-03-18T07:35:05.808+0530] {processor.py:161} INFO - Started process (PID=5365) to work on /Users/vybhavswaroop/Desktop/untitled folder 3/ecommerce_platform/venv/lib/python3.11/site-packages/airflow/example_dags/tutorial_taskflow_api.py
[2026-03-18T07:35:05.809+0530] {processor.py:830} INFO - Processing file /Users/vybhavswaroop/Desktop/untitled folder 3/ecommerce_platform/venv/lib/python3.11/site-packages/airflow/example_dags/tutorial_taskflow_api.py for tasks to queue
[2026-03-18T07:35:05.809+0530] {logging_mixin.py:188} INFO - [2026-03-18T07:35:05.809+0530] {dagbag.py:540} INFO - Filling up the DagBag from /Users/vybhavswaroop/Desktop/untitled folder 3/ecommerce_platform/venv/lib/python3.11/site-packages/airflow/example_dags/tutorial_taskflow_api.py
[2026-03-18T07:35:05.821+0530] {processor.py:840} INFO - DAG(s) 'tutorial_taskflow_api' retrieved from /Users/vybhavswaroop/Desktop/untitled folder 3/ecommerce_platform/venv/lib/python3.11/site-packages/airflow/example_dags/tutorial_taskflow_api.py
[2026-03-18T07:35:05.855+0530] {logging_mixin.py:188} INFO - [2026-03-18T07:35:05.855+0530] {dag.py:3047} INFO - Sync 1 DAGs
[2026-03-18T07:35:05.858+0530] {logging_mixin.py:188} INFO - [2026-03-18T07:35:05.858+0530] {dag.py:3834} INFO - Setting next_dagrun for tutorial_taskflow_api to None, run_after=None
[2026-03-18T07:35:05.864+0530] {processor.py:183} INFO - Processing /Users/vybhavswaroop/Desktop/untitled folder 3/ecommerce_platform/venv/lib/python3.11/site-packages/airflow/example_dags/tutorial_taskflow_api.py took 0.057 seconds
[2026-03-18T07:36:39.893+0530] {processor.py:161} INFO - Started process (PID=5642) to work on /Users/vybhavswaroop/Desktop/untitled folder 3/ecommerce_platform/venv/lib/python3.11/site-packages/airflow/example_dags/tutorial_taskflow_api.py
[2026-03-18T07:36:39.895+0530] {processor.py:830} INFO - Processing file /Users/vybhavswaroop/Desktop/untitled folder 3/ecommerce_platform/venv/lib/python3.11/site-packages/airflow/example_dags/tutorial_taskflow_api.py for tasks to queue
[2026-03-18T07:36:39.895+0530] {logging_mixin.py:188} INFO - [2026-03-18T07:36:39.895+0530] {dagbag.py:540} INFO - Filling up the DagBag from /Users/vybhavswaroop/Desktop/untitled folder 3/ecommerce_platform/venv/lib/python3.11/site-packages/airflow/example_dags/tutorial_taskflow_api.py
[2026-03-18T07:36:39.909+0530] {processor.py:840} INFO - DAG(s) 'tutorial_taskflow_api' retrieved from /Users/vybhavswaroop/Desktop/untitled folder 3/ecommerce_platform/venv/lib/python3.11/site-packages/airflow/example_dags/tutorial_taskflow_api.py
[2026-03-18T07:36:39.951+0530] {logging_mixin.py:188} INFO - [2026-03-18T07:36:39.951+0530] {dag.py:3047} INFO - Sync 1 DAGs
[2026-03-18T07:36:39.954+0530] {logging_mixin.py:188} INFO - [2026-03-18T07:36:39.954+0530] {dag.py:3834} INFO - Setting next_dagrun for tutorial_taskflow_api to None, run_after=None
[2026-03-18T07:36:39.961+0530] {processor.py:183} INFO - Processing /Users/vybhavswaroop/Desktop/untitled folder 3/ecommerce_platform/venv/lib/python3.11/site-packages/airflow/example_dags/tutorial_taskflow_api.py took 0.068 seconds
[2026-03-18T07:38:08.605+0530] {processor.py:161} INFO - Started process (PID=5951) to work on /Users/vybhavswaroop/Desktop/untitled folder 3/ecommerce_platform/venv/lib/python3.11/site-packages/airflow/example_dags/tutorial_taskflow_api.py
[2026-03-18T07:38:08.606+0530] {processor.py:830} INFO - Processing file /Users/vybhavswaroop/Desktop/untitled folder 3/ecommerce_platform/venv/lib/python3.11/site-packages/airflow/example_dags/tutorial_taskflow_api.py for tasks to queue
[2026-03-18T07:38:08.606+0530] {logging_mixin.py:188} INFO - [2026-03-18T07:38:08.606+0530] {dagbag.py:540} INFO - Filling up the DagBag from /Users/vybhavswaroop/Desktop/untitled folder 3/ecommerce_platform/venv/lib/python3.11/site-packages/airflow/example_dags/tutorial_taskflow_api.py
[2026-03-18T07:38:08.621+0530] {processor.py:840} INFO - DAG(s) 'tutorial_taskflow_api' retrieved from /Users/vybhavswaroop/Desktop/untitled folder 3/ecommerce_platform/venv/lib/python3.11/site-packages/airflow/example_dags/tutorial_taskflow_api.py
[2026-03-18T07:38:08.670+0530] {logging_mixin.py:188} INFO - [2026-03-18T07:38:08.670+0530] {dag.py:3047} INFO - Sync 1 DAGs
[2026-03-18T07:38:08.673+0530] {logging_mixin.py:188} INFO - [2026-03-18T07:38:08.673+0530] {dag.py:3834} INFO - Setting next_dagrun for tutorial_taskflow_api to None, run_after=None
[2026-03-18T07:38:08.680+0530] {processor.py:183} INFO - Processing /Users/vybhavswaroop/Desktop/untitled folder 3/ecommerce_platform/venv/lib/python3.11/site-packages/airflow/example_dags/tutorial_taskflow_api.py took 0.076 seconds
[2026-03-18T07:39:37.576+0530] {processor.py:161} INFO - Started process (PID=6230) to work on /Users/vybhavswaroop/Desktop/untitled folder 3/ecommerce_platform/venv/lib/python3.11/site-packages/airflow/example_dags/tutorial_taskflow_api.py
[2026-03-18T07:39:37.577+0530] {processor.py:830} INFO - Processing file /Users/vybhavswaroop/Desktop/untitled folder 3/ecommerce_platform/venv/lib/python3.11/site-packages/airflow/example_dags/tutorial_taskflow_api.py for tasks to queue
[2026-03-18T07:39:37.577+0530] {logging_mixin.py:188} INFO - [2026-03-18T07:39:37.577+0530] {dagbag.py:540} INFO - Filling up the DagBag from /Users/vybhavswaroop/Desktop/untitled folder 3/ecommerce_platform/venv/lib/python3.11/site-packages/airflow/example_dags/tutorial_taskflow_api.py
[2026-03-18T07:39:37.589+0530] {processor.py:840} INFO - DAG(s) 'tutorial_taskflow_api' retrieved from /Users/vybhavswaroop/Desktop/untitled folder 3/ecommerce_platform/venv/lib/python3.11/site-packages/airflow/example_dags/tutorial_taskflow_api.py
[2026-03-18T07:39:37.624+0530] {logging_mixin.py:188} INFO - [2026-03-18T07:39:37.623+0530] {dag.py:3047} INFO - Sync 1 DAGs
[2026-03-18T07:39:37.626+0530] {logging_mixin.py:188} INFO - [2026-03-18T07:39:37.626+0530] {dag.py:3834} INFO - Setting next_dagrun for tutorial_taskflow_api to None, run_after=None
[2026-03-18T07:39:37.633+0530] {processor.py:183} INFO - Processing /Users/vybhavswaroop/Desktop/untitled folder 3/ecommerce_platform/venv/lib/python3.11/site-packages/airflow/example_dags/tutorial_taskflow_api.py took 0.058 seconds
[2026-03-18T07:41:09.398+0530] {processor.py:161} INFO - Started process (PID=6573) to work on /Users/vybhavswaroop/Desktop/untitled folder 3/ecommerce_platform/venv/lib/python3.11/site-packages/airflow/example_dags/tutorial_taskflow_api.py
[2026-03-18T07:41:09.399+0530] {processor.py:830} INFO - Processing file /Users/vybhavswaroop/Desktop/untitled folder 3/ecommerce_platform/venv/lib/python3.11/site-packages/airflow/example_dags/tutorial_taskflow_api.py for tasks to queue
[2026-03-18T07:41:09.399+0530] {logging_mixin.py:188} INFO - [2026-03-18T07:41:09.399+0530] {dagbag.py:540} INFO - Filling up the DagBag from /Users/vybhavswaroop/Desktop/untitled folder 3/ecommerce_platform/venv/lib/python3.11/site-packages/airflow/example_dags/tutorial_taskflow_api.py
[2026-03-18T07:41:09.412+0530] {processor.py:840} INFO - DAG(s) 'tutorial_taskflow_api' retrieved from /Users/vybhavswaroop/Desktop/untitled folder 3/ecommerce_platform/venv/lib/python3.11/site-packages/airflow/example_dags/tutorial_taskflow_api.py
[2026-03-18T07:41:09.447+0530] {logging_mixin.py:188} INFO - [2026-03-18T07:41:09.447+0530] {dag.py:3047} INFO - Sync 1 DAGs
[2026-03-18T07:41:09.450+0530] {logging_mixin.py:188} INFO - [2026-03-18T07:41:09.450+0530] {dag.py:3834} INFO - Setting next_dagrun for tutorial_taskflow_api to None, run_after=None
[2026-03-18T07:41:09.456+0530] {processor.py:183} INFO - Processing /Users/vybhavswaroop/Desktop/untitled folder 3/ecommerce_platform/venv/lib/python3.11/site-packages/airflow/example_dags/tutorial_taskflow_api.py took 0.058 seconds
[2026-03-18T07:42:49.639+0530] {processor.py:161} INFO - Started process (PID=6941) to work on /Users/vybhavswaroop/Desktop/untitled folder 3/ecommerce_platform/venv/lib/python3.11/site-packages/airflow/example_dags/tutorial_taskflow_api.py
[2026-03-18T07:42:49.640+0530] {processor.py:830} INFO - Processing file /Users/vybhavswaroop/Desktop/untitled folder 3/ecommerce_platform/venv/lib/python3.11/site-packages/airflow/example_dags/tutorial_taskflow_api.py for tasks to queue
[2026-03-18T07:42:49.640+0530] {logging_mixin.py:188} INFO - [2026-03-18T07:42:49.640+0530] {dagbag.py:540} INFO - Filling up the DagBag from /Users/vybhavswaroop/Desktop/untitled folder 3/ecommerce_platform/venv/lib/python3.11/site-packages/airflow/example_dags/tutorial_taskflow_api.py
[2026-03-18T07:42:49.654+0530] {processor.py:840} INFO - DAG(s) 'tutorial_taskflow_api' retrieved from /Users/vybhavswaroop/Desktop/untitled folder 3/ecommerce_platform/venv/lib/python3.11/site-packages/airflow/example_dags/tutorial_taskflow_api.py
[2026-03-18T07:42:49.697+0530] {logging_mixin.py:188} INFO - [2026-03-18T07:42:49.697+0530] {dag.py:3047} INFO - Sync 1 DAGs
[2026-03-18T07:42:49.700+0530] {logging_mixin.py:188} INFO - [2026-03-18T07:42:49.699+0530] {dag.py:3834} INFO - Setting next_dagrun for tutorial_taskflow_api to None, run_after=None
[2026-03-18T07:42:49.707+0530] {processor.py:183} INFO - Processing /Users/vybhavswaroop/Desktop/untitled folder 3/ecommerce_platform/venv/lib/python3.11/site-packages/airflow/example_dags/tutorial_taskflow_api.py took 0.068 seconds
[2026-03-18T07:44:20.840+0530] {processor.py:161} INFO - Started process (PID=7290) to work on /Users/vybhavswaroop/Desktop/untitled folder 3/ecommerce_platform/venv/lib/python3.11/site-packages/airflow/example_dags/tutorial_taskflow_api.py
[2026-03-18T07:44:20.842+0530] {processor.py:830} INFO - Processing file /Users/vybhavswaroop/Desktop/untitled folder 3/ecommerce_platform/venv/lib/python3.11/site-packages/airflow/example_dags/tutorial_taskflow_api.py for tasks to queue
[2026-03-18T07:44:20.843+0530] {logging_mixin.py:188} INFO - [2026-03-18T07:44:20.842+0530] {dagbag.py:540} INFO - Filling up the DagBag from /Users/vybhavswaroop/Desktop/untitled folder 3/ecommerce_platform/venv/lib/python3.11/site-packages/airflow/example_dags/tutorial_taskflow_api.py
[2026-03-18T07:44:20.856+0530] {processor.py:840} INFO - DAG(s) 'tutorial_taskflow_api' retrieved from /Users/vybhavswaroop/Desktop/untitled folder 3/ecommerce_platform/venv/lib/python3.11/site-packages/airflow/example_dags/tutorial_taskflow_api.py
[2026-03-18T07:44:20.897+0530] {logging_mixin.py:188} INFO - [2026-03-18T07:44:20.896+0530] {dag.py:3047} INFO - Sync 1 DAGs
[2026-03-18T07:44:20.899+0530] {logging_mixin.py:188} INFO - [2026-03-18T07:44:20.899+0530] {dag.py:3834} INFO - Setting next_dagrun for tutorial_taskflow_api to None, run_after=None
[2026-03-18T07:44:20.905+0530] {processor.py:183} INFO - Processing /Users/vybhavswaroop/Desktop/untitled folder 3/ecommerce_platform/venv/lib/python3.11/site-packages/airflow/example_dags/tutorial_taskflow_api.py took 0.065 seconds
[2026-03-18T07:45:45.906+0530] {processor.py:161} INFO - Started process (PID=7552) to work on /Users/vybhavswaroop/Desktop/untitled folder 3/ecommerce_platform/venv/lib/python3.11/site-packages/airflow/example_dags/tutorial_taskflow_api.py
[2026-03-18T07:45:45.907+0530] {processor.py:830} INFO - Processing file /Users/vybhavswaroop/Desktop/untitled folder 3/ecommerce_platform/venv/lib/python3.11/site-packages/airflow/example_dags/tutorial_taskflow_api.py for tasks to queue
[2026-03-18T07:45:45.907+0530] {logging_mixin.py:188} INFO - [2026-03-18T07:45:45.907+0530] {dagbag.py:540} INFO - Filling up the DagBag from /Users/vybhavswaroop/Desktop/untitled folder 3/ecommerce_platform/venv/lib/python3.11/site-packages/airflow/example_dags/tutorial_taskflow_api.py
[2026-03-18T07:45:45.920+0530] {processor.py:840} INFO - DAG(s) 'tutorial_taskflow_api' retrieved from /Users/vybhavswaroop/Desktop/untitled folder 3/ecommerce_platform/venv/lib/python3.11/site-packages/airflow/example_dags/tutorial_taskflow_api.py
[2026-03-18T07:45:45.954+0530] {logging_mixin.py:188} INFO - [2026-03-18T07:45:45.954+0530] {dag.py:3047} INFO - Sync 1 DAGs
[2026-03-18T07:45:45.957+0530] {logging_mixin.py:188} INFO - [2026-03-18T07:45:45.957+0530] {dag.py:3834} INFO - Setting next_dagrun for tutorial_taskflow_api to None, run_after=None
[2026-03-18T07:45:45.963+0530] {processor.py:183} INFO - Processing /Users/vybhavswaroop/Desktop/untitled folder 3/ecommerce_platform/venv/lib/python3.11/site-packages/airflow/example_dags/tutorial_taskflow_api.py took 0.057 seconds
[2026-03-18T07:47:07.713+0530] {processor.py:161} INFO - Started process (PID=7817) to work on /Users/vybhavswaroop/Desktop/untitled folder 3/ecommerce_platform/venv/lib/python3.11/site-packages/airflow/example_dags/tutorial_taskflow_api.py
[2026-03-18T07:47:07.714+0530] {processor.py:830} INFO - Processing file /Users/vybhavswaroop/Desktop/untitled folder 3/ecommerce_platform/venv/lib/python3.11/site-packages/airflow/example_dags/tutorial_taskflow_api.py for tasks to queue
[2026-03-18T07:47:07.715+0530] {logging_mixin.py:188} INFO - [2026-03-18T07:47:07.715+0530] {dagbag.py:540} INFO - Filling up the DagBag from /Users/vybhavswaroop/Desktop/untitled folder 3/ecommerce_platform/venv/lib/python3.11/site-packages/airflow/example_dags/tutorial_taskflow_api.py
[2026-03-18T07:47:07.727+0530] {processor.py:840} INFO - DAG(s) 'tutorial_taskflow_api' retrieved from /Users/vybhavswaroop/Desktop/untitled folder 3/ecommerce_platform/venv/lib/python3.11/site-packages/airflow/example_dags/tutorial_taskflow_api.py
[2026-03-18T07:47:07.760+0530] {logging_mixin.py:188} INFO - [2026-03-18T07:47:07.760+0530] {dag.py:3047} INFO - Sync 1 DAGs
[2026-03-18T07:47:07.763+0530] {logging_mixin.py:188} INFO - [2026-03-18T07:47:07.763+0530] {dag.py:3834} INFO - Setting next_dagrun for tutorial_taskflow_api to None, run_after=None
[2026-03-18T07:47:07.768+0530] {processor.py:183} INFO - Processing /Users/vybhavswaroop/Desktop/untitled folder 3/ecommerce_platform/venv/lib/python3.11/site-packages/airflow/example_dags/tutorial_taskflow_api.py took 0.055 seconds
[2026-03-18T07:48:30.650+0530] {processor.py:161} INFO - Started process (PID=8175) to work on /Users/vybhavswaroop/Desktop/untitled folder 3/ecommerce_platform/venv/lib/python3.11/site-packages/airflow/example_dags/tutorial_taskflow_api.py
[2026-03-18T07:48:30.653+0530] {processor.py:830} INFO - Processing file /Users/vybhavswaroop/Desktop/untitled folder 3/ecommerce_platform/venv/lib/python3.11/site-packages/airflow/example_dags/tutorial_taskflow_api.py for tasks to queue
[2026-03-18T07:48:30.653+0530] {logging_mixin.py:188} INFO - [2026-03-18T07:48:30.653+0530] {dagbag.py:540} INFO - Filling up the DagBag from /Users/vybhavswaroop/Desktop/untitled folder 3/ecommerce_platform/venv/lib/python3.11/site-packages/airflow/example_dags/tutorial_taskflow_api.py
[2026-03-18T07:48:30.666+0530] {processor.py:840} INFO - DAG(s) 'tutorial_taskflow_api' retrieved from /Users/vybhavswaroop/Desktop/untitled folder 3/ecommerce_platform/venv/lib/python3.11/site-packages/airflow/example_dags/tutorial_taskflow_api.py
[2026-03-18T07:48:30.708+0530] {logging_mixin.py:188} INFO - [2026-03-18T07:48:30.708+0530] {dag.py:3047} INFO - Sync 1 DAGs
[2026-03-18T07:48:30.711+0530] {logging_mixin.py:188} INFO - [2026-03-18T07:48:30.711+0530] {dag.py:3834} INFO - Setting next_dagrun for tutorial_taskflow_api to None, run_after=None
[2026-03-18T07:48:30.717+0530] {processor.py:183} INFO - Processing /Users/vybhavswaroop/Desktop/untitled folder 3/ecommerce_platform/venv/lib/python3.11/site-packages/airflow/example_dags/tutorial_taskflow_api.py took 0.067 seconds
[2026-03-18T07:49:57.987+0530] {processor.py:161} INFO - Started process (PID=8768) to work on /Users/vybhavswaroop/Desktop/untitled folder 3/ecommerce_platform/venv/lib/python3.11/site-packages/airflow/example_dags/tutorial_taskflow_api.py
[2026-03-18T07:49:57.988+0530] {processor.py:830} INFO - Processing file /Users/vybhavswaroop/Desktop/untitled folder 3/ecommerce_platform/venv/lib/python3.11/site-packages/airflow/example_dags/tutorial_taskflow_api.py for tasks to queue
[2026-03-18T07:49:57.988+0530] {logging_mixin.py:188} INFO - [2026-03-18T07:49:57.988+0530] {dagbag.py:540} INFO - Filling up the DagBag from /Users/vybhavswaroop/Desktop/untitled folder 3/ecommerce_platform/venv/lib/python3.11/site-packages/airflow/example_dags/tutorial_taskflow_api.py
[2026-03-18T07:49:58.002+0530] {processor.py:840} INFO - DAG(s) 'tutorial_taskflow_api' retrieved from /Users/vybhavswaroop/Desktop/untitled folder 3/ecommerce_platform/venv/lib/python3.11/site-packages/airflow/example_dags/tutorial_taskflow_api.py
[2026-03-18T07:49:58.044+0530] {logging_mixin.py:188} INFO - [2026-03-18T07:49:58.044+0530] {dag.py:3047} INFO - Sync 1 DAGs
[2026-03-18T07:49:58.047+0530] {logging_mixin.py:188} INFO - [2026-03-18T07:49:58.047+0530] {dag.py:3834} INFO - Setting next_dagrun for tutorial_taskflow_api to None, run_after=None
[2026-03-18T07:49:58.053+0530] {processor.py:183} INFO - Processing /Users/vybhavswaroop/Desktop/untitled folder 3/ecommerce_platform/venv/lib/python3.11/site-packages/airflow/example_dags/tutorial_taskflow_api.py took 0.066 seconds
[2026-03-18T07:51:23.871+0530] {processor.py:161} INFO - Started process (PID=9049) to work on /Users/vybhavswaroop/Desktop/untitled folder 3/ecommerce_platform/venv/lib/python3.11/site-packages/airflow/example_dags/tutorial_taskflow_api.py
[2026-03-18T07:51:23.872+0530] {processor.py:830} INFO - Processing file /Users/vybhavswaroop/Desktop/untitled folder 3/ecommerce_platform/venv/lib/python3.11/site-packages/airflow/example_dags/tutorial_taskflow_api.py for tasks to queue
[2026-03-18T07:51:23.873+0530] {logging_mixin.py:188} INFO - [2026-03-18T07:51:23.872+0530] {dagbag.py:540} INFO - Filling up the DagBag from /Users/vybhavswaroop/Desktop/untitled folder 3/ecommerce_platform/venv/lib/python3.11/site-packages/airflow/example_dags/tutorial_taskflow_api.py
[2026-03-18T07:51:23.885+0530] {processor.py:840} INFO - DAG(s) 'tutorial_taskflow_api' retrieved from /Users/vybhavswaroop/Desktop/untitled folder 3/ecommerce_platform/venv/lib/python3.11/site-packages/airflow/example_dags/tutorial_taskflow_api.py
[2026-03-18T07:51:23.920+0530] {logging_mixin.py:188} INFO - [2026-03-18T07:51:23.920+0530] {dag.py:3047} INFO - Sync 1 DAGs
[2026-03-18T07:51:23.923+0530] {logging_mixin.py:188} INFO - [2026-03-18T07:51:23.923+0530] {dag.py:3834} INFO - Setting next_dagrun for tutorial_taskflow_api to None, run_after=None
[2026-03-18T07:51:23.929+0530] {processor.py:183} INFO - Processing /Users/vybhavswaroop/Desktop/untitled folder 3/ecommerce_platform/venv/lib/python3.11/site-packages/airflow/example_dags/tutorial_taskflow_api.py took 0.058 seconds
[2026-03-18T07:52:51.801+0530] {processor.py:161} INFO - Started process (PID=10716) to work on /Users/vybhavswaroop/Desktop/untitled folder 3/ecommerce_platform/venv/lib/python3.11/site-packages/airflow/example_dags/tutorial_taskflow_api.py
[2026-03-18T07:52:51.803+0530] {processor.py:830} INFO - Processing file /Users/vybhavswaroop/Desktop/untitled folder 3/ecommerce_platform/venv/lib/python3.11/site-packages/airflow/example_dags/tutorial_taskflow_api.py for tasks to queue
[2026-03-18T07:52:51.803+0530] {logging_mixin.py:188} INFO - [2026-03-18T07:52:51.803+0530] {dagbag.py:540} INFO - Filling up the DagBag from /Users/vybhavswaroop/Desktop/untitled folder 3/ecommerce_platform/venv/lib/python3.11/site-packages/airflow/example_dags/tutorial_taskflow_api.py
[2026-03-18T07:52:51.818+0530] {processor.py:840} INFO - DAG(s) 'tutorial_taskflow_api' retrieved from /Users/vybhavswaroop/Desktop/untitled folder 3/ecommerce_platform/venv/lib/python3.11/site-packages/airflow/example_dags/tutorial_taskflow_api.py
[2026-03-18T07:52:51.836+0530] {logging_mixin.py:188} INFO - [2026-03-18T07:52:51.836+0530] {dag.py:3047} INFO - Sync 1 DAGs
[2026-03-18T07:52:51.859+0530] {logging_mixin.py:188} INFO - [2026-03-18T07:52:51.859+0530] {dag.py:3834} INFO - Setting next_dagrun for tutorial_taskflow_api to None, run_after=None
[2026-03-18T07:52:51.865+0530] {processor.py:183} INFO - Processing /Users/vybhavswaroop/Desktop/untitled folder 3/ecommerce_platform/venv/lib/python3.11/site-packages/airflow/example_dags/tutorial_taskflow_api.py took 0.065 seconds
[2026-03-18T07:54:56.801+0530] {processor.py:161} INFO - Started process (PID=11087) to work on /Users/vybhavswaroop/Desktop/untitled folder 3/ecommerce_platform/venv/lib/python3.11/site-packages/airflow/example_dags/tutorial_taskflow_api.py
[2026-03-18T07:54:56.803+0530] {processor.py:830} INFO - Processing file /Users/vybhavswaroop/Desktop/untitled folder 3/ecommerce_platform/venv/lib/python3.11/site-packages/airflow/example_dags/tutorial_taskflow_api.py for tasks to queue
[2026-03-18T07:54:56.803+0530] {logging_mixin.py:188} INFO - [2026-03-18T07:54:56.803+0530] {dagbag.py:540} INFO - Filling up the DagBag from /Users/vybhavswaroop/Desktop/untitled folder 3/ecommerce_platform/venv/lib/python3.11/site-packages/airflow/example_dags/tutorial_taskflow_api.py
[2026-03-18T07:54:56.815+0530] {processor.py:840} INFO - DAG(s) 'tutorial_taskflow_api' retrieved from /Users/vybhavswaroop/Desktop/untitled folder 3/ecommerce_platform/venv/lib/python3.11/site-packages/airflow/example_dags/tutorial_taskflow_api.py
[2026-03-18T07:54:56.874+0530] {logging_mixin.py:188} INFO - [2026-03-18T07:54:56.873+0530] {dag.py:3047} INFO - Sync 1 DAGs
[2026-03-18T07:54:56.876+0530] {logging_mixin.py:188} INFO - [2026-03-18T07:54:56.876+0530] {dag.py:3834} INFO - Setting next_dagrun for tutorial_taskflow_api to None, run_after=None
[2026-03-18T07:54:56.881+0530] {processor.py:183} INFO - Processing /Users/vybhavswaroop/Desktop/untitled folder 3/ecommerce_platform/venv/lib/python3.11/site-packages/airflow/example_dags/tutorial_taskflow_api.py took 0.080 seconds
[2026-03-18T07:56:29.918+0530] {processor.py:161} INFO - Started process (PID=11356) to work on /Users/vybhavswaroop/Desktop/untitled folder 3/ecommerce_platform/venv/lib/python3.11/site-packages/airflow/example_dags/tutorial_taskflow_api.py
[2026-03-18T07:56:29.918+0530] {processor.py:830} INFO - Processing file /Users/vybhavswaroop/Desktop/untitled folder 3/ecommerce_platform/venv/lib/python3.11/site-packages/airflow/example_dags/tutorial_taskflow_api.py for tasks to queue
[2026-03-18T07:56:29.918+0530] {logging_mixin.py:188} INFO - [2026-03-18T07:56:29.918+0530] {dagbag.py:540} INFO - Filling up the DagBag from /Users/vybhavswaroop/Desktop/untitled folder 3/ecommerce_platform/venv/lib/python3.11/site-packages/airflow/example_dags/tutorial_taskflow_api.py
[2026-03-18T07:56:29.931+0530] {processor.py:840} INFO - DAG(s) 'tutorial_taskflow_api' retrieved from /Users/vybhavswaroop/Desktop/untitled folder 3/ecommerce_platform/venv/lib/python3.11/site-packages/airflow/example_dags/tutorial_taskflow_api.py
[2026-03-18T07:56:29.965+0530] {logging_mixin.py:188} INFO - [2026-03-18T07:56:29.965+0530] {dag.py:3047} INFO - Sync 1 DAGs
[2026-03-18T07:56:29.967+0530] {logging_mixin.py:188} INFO - [2026-03-18T07:56:29.967+0530] {dag.py:3834} INFO - Setting next_dagrun for tutorial_taskflow_api to None, run_after=None
[2026-03-18T07:56:29.973+0530] {processor.py:183} INFO - Processing /Users/vybhavswaroop/Desktop/untitled folder 3/ecommerce_platform/venv/lib/python3.11/site-packages/airflow/example_dags/tutorial_taskflow_api.py took 0.055 seconds
[2026-03-18T07:57:56.266+0530] {processor.py:161} INFO - Started process (PID=11605) to work on /Users/vybhavswaroop/Desktop/untitled folder 3/ecommerce_platform/venv/lib/python3.11/site-packages/airflow/example_dags/tutorial_taskflow_api.py
[2026-03-18T07:57:56.267+0530] {processor.py:830} INFO - Processing file /Users/vybhavswaroop/Desktop/untitled folder 3/ecommerce_platform/venv/lib/python3.11/site-packages/airflow/example_dags/tutorial_taskflow_api.py for tasks to queue
[2026-03-18T07:57:56.267+0530] {logging_mixin.py:188} INFO - [2026-03-18T07:57:56.267+0530] {dagbag.py:540} INFO - Filling up the DagBag from /Users/vybhavswaroop/Desktop/untitled folder 3/ecommerce_platform/venv/lib/python3.11/site-packages/airflow/example_dags/tutorial_taskflow_api.py
[2026-03-18T07:57:56.279+0530] {processor.py:840} INFO - DAG(s) 'tutorial_taskflow_api' retrieved from /Users/vybhavswaroop/Desktop/untitled folder 3/ecommerce_platform/venv/lib/python3.11/site-packages/airflow/example_dags/tutorial_taskflow_api.py
[2026-03-18T07:57:56.314+0530] {logging_mixin.py:188} INFO - [2026-03-18T07:57:56.313+0530] {dag.py:3047} INFO - Sync 1 DAGs
[2026-03-18T07:57:56.316+0530] {logging_mixin.py:188} INFO - [2026-03-18T07:57:56.316+0530] {dag.py:3834} INFO - Setting next_dagrun for tutorial_taskflow_api to None, run_after=None
[2026-03-18T07:57:56.322+0530] {processor.py:183} INFO - Processing /Users/vybhavswaroop/Desktop/untitled folder 3/ecommerce_platform/venv/lib/python3.11/site-packages/airflow/example_dags/tutorial_taskflow_api.py took 0.056 seconds
