[2026-03-18T05:58:48.622+0530] {processor.py:161} INFO - Started process (PID=97166) to work on /Users/vybhavswaroop/Desktop/untitled folder 3/ecommerce_platform/venv/lib/python3.11/site-packages/airflow/example_dags/tutorial_objectstorage.py
[2026-03-18T05:58:48.623+0530] {processor.py:830} INFO - Processing file /Users/vybhavswaroop/Desktop/untitled folder 3/ecommerce_platform/venv/lib/python3.11/site-packages/airflow/example_dags/tutorial_objectstorage.py for tasks to queue
[2026-03-18T05:58:48.624+0530] {logging_mixin.py:188} INFO - [2026-03-18T05:58:48.623+0530] {dagbag.py:540} INFO - Filling up the DagBag from /Users/vybhavswaroop/Desktop/untitled folder 3/ecommerce_platform/venv/lib/python3.11/site-packages/airflow/example_dags/tutorial_objectstorage.py
[2026-03-18T05:58:48.715+0530] {processor.py:840} INFO - DAG(s) 'tutorial_objectstorage' retrieved from /Users/vybhavswaroop/Desktop/untitled folder 3/ecommerce_platform/venv/lib/python3.11/site-packages/airflow/example_dags/tutorial_objectstorage.py
[2026-03-18T05:58:48.812+0530] {logging_mixin.py:188} INFO - [2026-03-18T05:58:48.811+0530] {dag.py:3047} INFO - Sync 1 DAGs
[2026-03-18T05:58:48.820+0530] {logging_mixin.py:188} INFO - [2026-03-18T05:58:48.820+0530] {dag.py:3834} INFO - Setting next_dagrun for tutorial_objectstorage to None, run_after=None
[2026-03-18T05:58:48.838+0530] {processor.py:183} INFO - Processing /Users/vybhavswaroop/Desktop/untitled folder 3/ecommerce_platform/venv/lib/python3.11/site-packages/airflow/example_dags/tutorial_objectstorage.py took 0.217 seconds
[2026-03-18T07:19:54.177+0530] {processor.py:161} INFO - Started process (PID=99250) to work on /Users/vybhavswaroop/Desktop/untitled folder 3/ecommerce_platform/venv/lib/python3.11/site-packages/airflow/example_dags/tutorial_objectstorage.py
[2026-03-18T07:19:54.178+0530] {processor.py:830} INFO - Processing file /Users/vybhavswaroop/Desktop/untitled folder 3/ecommerce_platform/venv/lib/python3.11/site-packages/airflow/example_dags/tutorial_objectstorage.py for tasks to queue
[2026-03-18T07:19:54.178+0530] {logging_mixin.py:188} INFO - [2026-03-18T07:19:54.178+0530] {dagbag.py:540} INFO - Filling up the DagBag from /Users/vybhavswaroop/Desktop/untitled folder 3/ecommerce_platform/venv/lib/python3.11/site-packages/airflow/example_dags/tutorial_objectstorage.py
[2026-03-18T07:19:54.213+0530] {processor.py:840} INFO - DAG(s) 'tutorial_objectstorage' retrieved from /Users/vybhavswaroop/Desktop/untitled folder 3/ecommerce_platform/venv/lib/python3.11/site-packages/airflow/example_dags/tutorial_objectstorage.py
[2026-03-18T07:19:54.252+0530] {logging_mixin.py:188} INFO - [2026-03-18T07:19:54.252+0530] {dag.py:3047} INFO - Sync 1 DAGs
[2026-03-18T07:19:54.256+0530] {logging_mixin.py:188} INFO - [2026-03-18T07:19:54.256+0530] {dag.py:3834} INFO - Setting next_dagrun for tutorial_objectstorage to None, run_after=None
[2026-03-18T07:19:54.263+0530] {processor.py:183} INFO - Processing /Users/vybhavswaroop/Desktop/untitled folder 3/ecommerce_platform/venv/lib/python3.11/site-packages/airflow/example_dags/tutorial_objectstorage.py took 0.087 seconds
[2026-03-18T07:20:54.092+0530] {processor.py:161} INFO - Started process (PID=1622) to work on /Users/vybhavswaroop/Desktop/untitled folder 3/ecommerce_platform/venv/lib/python3.11/site-packages/airflow/example_dags/tutorial_objectstorage.py
[2026-03-18T07:20:54.092+0530] {processor.py:830} INFO - Processing file /Users/vybhavswaroop/Desktop/untitled folder 3/ecommerce_platform/venv/lib/python3.11/site-packages/airflow/example_dags/tutorial_objectstorage.py for tasks to queue
[2026-03-18T07:20:54.093+0530] {logging_mixin.py:188} INFO - [2026-03-18T07:20:54.093+0530] {dagbag.py:540} INFO - Filling up the DagBag from /Users/vybhavswaroop/Desktop/untitled folder 3/ecommerce_platform/venv/lib/python3.11/site-packages/airflow/example_dags/tutorial_objectstorage.py
[2026-03-18T07:20:54.119+0530] {processor.py:840} INFO - DAG(s) 'tutorial_objectstorage' retrieved from /Users/vybhavswaroop/Desktop/untitled folder 3/ecommerce_platform/venv/lib/python3.11/site-packages/airflow/example_dags/tutorial_objectstorage.py
[2026-03-18T07:20:54.154+0530] {logging_mixin.py:188} INFO - [2026-03-18T07:20:54.154+0530] {dag.py:3047} INFO - Sync 1 DAGs
[2026-03-18T07:20:54.157+0530] {logging_mixin.py:188} INFO - [2026-03-18T07:20:54.157+0530] {dag.py:3834} INFO - Setting next_dagrun for tutorial_objectstorage to None, run_after=None
[2026-03-18T07:20:54.163+0530] {processor.py:183} INFO - Processing /Users/vybhavswaroop/Desktop/untitled folder 3/ecommerce_platform/venv/lib/python3.11/site-packages/airflow/example_dags/tutorial_objectstorage.py took 0.072 seconds
[2026-03-18T07:21:49.678+0530] {processor.py:161} INFO - Started process (PID=2857) to work on /Users/vybhavswaroop/Desktop/untitled folder 3/ecommerce_platform/venv/lib/python3.11/site-packages/airflow/example_dags/tutorial_objectstorage.py
[2026-03-18T07:21:49.678+0530] {processor.py:830} INFO - Processing file /Users/vybhavswaroop/Desktop/untitled folder 3/ecommerce_platform/venv/lib/python3.11/site-packages/airflow/example_dags/tutorial_objectstorage.py for tasks to queue
[2026-03-18T07:21:49.679+0530] {logging_mixin.py:188} INFO - [2026-03-18T07:21:49.679+0530] {dagbag.py:540} INFO - Filling up the DagBag from /Users/vybhavswaroop/Desktop/untitled folder 3/ecommerce_platform/venv/lib/python3.11/site-packages/airflow/example_dags/tutorial_objectstorage.py
[2026-03-18T07:21:49.707+0530] {processor.py:840} INFO - DAG(s) 'tutorial_objectstorage' retrieved from /Users/vybhavswaroop/Desktop/untitled folder 3/ecommerce_platform/venv/lib/python3.11/site-packages/airflow/example_dags/tutorial_objectstorage.py
[2026-03-18T07:21:49.717+0530] {logging_mixin.py:188} INFO - [2026-03-18T07:21:49.717+0530] {dag.py:3047} INFO - Sync 1 DAGs
[2026-03-18T07:21:49.741+0530] {logging_mixin.py:188} INFO - [2026-03-18T07:21:49.741+0530] {dag.py:3834} INFO - Setting next_dagrun for tutorial_objectstorage to None, run_after=None
[2026-03-18T07:21:49.748+0530] {processor.py:183} INFO - Processing /Users/vybhavswaroop/Desktop/untitled folder 3/ecommerce_platform/venv/lib/python3.11/site-packages/airflow/example_dags/tutorial_objectstorage.py took 0.070 seconds
[2026-03-18T07:23:52.664+0530] {processor.py:161} INFO - Started process (PID=3331) to work on /Users/vybhavswaroop/Desktop/untitled folder 3/ecommerce_platform/venv/lib/python3.11/site-packages/airflow/example_dags/tutorial_objectstorage.py
[2026-03-18T07:23:52.665+0530] {processor.py:830} INFO - Processing file /Users/vybhavswaroop/Desktop/untitled folder 3/ecommerce_platform/venv/lib/python3.11/site-packages/airflow/example_dags/tutorial_objectstorage.py for tasks to queue
[2026-03-18T07:23:52.665+0530] {logging_mixin.py:188} INFO - [2026-03-18T07:23:52.665+0530] {dagbag.py:540} INFO - Filling up the DagBag from /Users/vybhavswaroop/Desktop/untitled folder 3/ecommerce_platform/venv/lib/python3.11/site-packages/airflow/example_dags/tutorial_objectstorage.py
[2026-03-18T07:23:52.698+0530] {processor.py:840} INFO - DAG(s) 'tutorial_objectstorage' retrieved from /Users/vybhavswaroop/Desktop/untitled folder 3/ecommerce_platform/venv/lib/python3.11/site-packages/airflow/example_dags/tutorial_objectstorage.py
[2026-03-18T07:23:52.761+0530] {logging_mixin.py:188} INFO - [2026-03-18T07:23:52.760+0530] {dag.py:3047} INFO - Sync 1 DAGs
[2026-03-18T07:23:52.763+0530] {logging_mixin.py:188} INFO - [2026-03-18T07:23:52.763+0530] {dag.py:3834} INFO - Setting next_dagrun for tutorial_objectstorage to None, run_after=None
[2026-03-18T07:23:52.770+0530] {processor.py:183} INFO - Processing /Users/vybhavswaroop/Desktop/untitled folder 3/ecommerce_platform/venv/lib/python3.11/site-packages/airflow/example_dags/tutorial_objectstorage.py took 0.107 seconds
[2026-03-18T07:25:18.833+0530] {processor.py:161} INFO - Started process (PID=3583) to work on /Users/vybhavswaroop/Desktop/untitled folder 3/ecommerce_platform/venv/lib/python3.11/site-packages/airflow/example_dags/tutorial_objectstorage.py
[2026-03-18T07:25:18.834+0530] {processor.py:830} INFO - Processing file /Users/vybhavswaroop/Desktop/untitled folder 3/ecommerce_platform/venv/lib/python3.11/site-packages/airflow/example_dags/tutorial_objectstorage.py for tasks to queue
[2026-03-18T07:25:18.834+0530] {logging_mixin.py:188} INFO - [2026-03-18T07:25:18.834+0530] {dagbag.py:540} INFO - Filling up the DagBag from /Users/vybhavswaroop/Desktop/untitled folder 3/ecommerce_platform/venv/lib/python3.11/site-packages/airflow/example_dags/tutorial_objectstorage.py
[2026-03-18T07:25:18.867+0530] {processor.py:840} INFO - DAG(s) 'tutorial_objectstorage' retrieved from /Users/vybhavswaroop/Desktop/untitled folder 3/ecommerce_platform/venv/lib/python3.11/site-packages/airflow/example_dags/tutorial_objectstorage.py
[2026-03-18T07:25:18.902+0530] {logging_mixin.py:188} INFO - [2026-03-18T07:25:18.901+0530] {dag.py:3047} INFO - Sync 1 DAGs
[2026-03-18T07:25:18.905+0530] {logging_mixin.py:188} INFO - [2026-03-18T07:25:18.905+0530] {dag.py:3834} INFO - Setting next_dagrun for tutorial_objectstorage to None, run_after=None
[2026-03-18T07:25:18.911+0530] {processor.py:183} INFO - Processing /Users/vybhavswaroop/Desktop/untitled folder 3/ecommerce_platform/venv/lib/python3.11/site-packages/airflow/example_dags/tutorial_objectstorage.py took 0.078 seconds
[2026-03-18T07:26:42.710+0530] {processor.py:161} INFO - Started process (PID=3830) to work on /Users/vybhavswaroop/Desktop/untitled folder 3/ecommerce_platform/venv/lib/python3.11/site-packages/airflow/example_dags/tutorial_objectstorage.py
[2026-03-18T07:26:42.710+0530] {processor.py:830} INFO - Processing file /Users/vybhavswaroop/Desktop/untitled folder 3/ecommerce_platform/venv/lib/python3.11/site-packages/airflow/example_dags/tutorial_objectstorage.py for tasks to queue
[2026-03-18T07:26:42.711+0530] {logging_mixin.py:188} INFO - [2026-03-18T07:26:42.711+0530] {dagbag.py:540} INFO - Filling up the DagBag from /Users/vybhavswaroop/Desktop/untitled folder 3/ecommerce_platform/venv/lib/python3.11/site-packages/airflow/example_dags/tutorial_objectstorage.py
[2026-03-18T07:26:42.737+0530] {processor.py:840} INFO - DAG(s) 'tutorial_objectstorage' retrieved from /Users/vybhavswaroop/Desktop/untitled folder 3/ecommerce_platform/venv/lib/python3.11/site-packages/airflow/example_dags/tutorial_objectstorage.py
[2026-03-18T07:26:42.770+0530] {logging_mixin.py:188} INFO - [2026-03-18T07:26:42.770+0530] {dag.py:3047} INFO - Sync 1 DAGs
[2026-03-18T07:26:42.773+0530] {logging_mixin.py:188} INFO - [2026-03-18T07:26:42.773+0530] {dag.py:3834} INFO - Setting next_dagrun for tutorial_objectstorage to None, run_after=None
[2026-03-18T07:26:42.779+0530] {processor.py:183} INFO - Processing /Users/vybhavswaroop/Desktop/untitled folder 3/ecommerce_platform/venv/lib/python3.11/site-packages/airflow/example_dags/tutorial_objectstorage.py took 0.069 seconds
[2026-03-18T07:28:05.951+0530] {processor.py:161} INFO - Started process (PID=4079) to work on /Users/vybhavswaroop/Desktop/untitled folder 3/ecommerce_platform/venv/lib/python3.11/site-packages/airflow/example_dags/tutorial_objectstorage.py
[2026-03-18T07:28:05.951+0530] {processor.py:830} INFO - Processing file /Users/vybhavswaroop/Desktop/untitled folder 3/ecommerce_platform/venv/lib/python3.11/site-packages/airflow/example_dags/tutorial_objectstorage.py for tasks to queue
[2026-03-18T07:28:05.951+0530] {logging_mixin.py:188} INFO - [2026-03-18T07:28:05.951+0530] {dagbag.py:540} INFO - Filling up the DagBag from /Users/vybhavswaroop/Desktop/untitled folder 3/ecommerce_platform/venv/lib/python3.11/site-packages/airflow/example_dags/tutorial_objectstorage.py
[2026-03-18T07:28:05.977+0530] {processor.py:840} INFO - DAG(s) 'tutorial_objectstorage' retrieved from /Users/vybhavswaroop/Desktop/untitled folder 3/ecommerce_platform/venv/lib/python3.11/site-packages/airflow/example_dags/tutorial_objectstorage.py
[2026-03-18T07:28:06.011+0530] {logging_mixin.py:188} INFO - [2026-03-18T07:28:06.011+0530] {dag.py:3047} INFO - Sync 1 DAGs
[2026-03-18T07:28:06.014+0530] {logging_mixin.py:188} INFO - [2026-03-18T07:28:06.014+0530] {dag.py:3834} INFO - Setting next_dagrun for tutorial_objectstorage to None, run_after=None
[2026-03-18T07:28:06.021+0530] {processor.py:183} INFO - Processing /Users/vybhavswaroop/Desktop/untitled folder 3/ecommerce_platform/venv/lib/python3.11/site-packages/airflow/example_dags/tutorial_objectstorage.py took 0.070 seconds
[2026-03-18T07:29:25.871+0530] {processor.py:161} INFO - Started process (PID=4316) to work on /Users/vybhavswaroop/Desktop/untitled folder 3/ecommerce_platform/venv/lib/python3.11/site-packages/airflow/example_dags/tutorial_objectstorage.py
[2026-03-18T07:29:25.871+0530] {processor.py:830} INFO - Processing file /Users/vybhavswaroop/Desktop/untitled folder 3/ecommerce_platform/venv/lib/python3.11/site-packages/airflow/example_dags/tutorial_objectstorage.py for tasks to queue
[2026-03-18T07:29:25.872+0530] {logging_mixin.py:188} INFO - [2026-03-18T07:29:25.872+0530] {dagbag.py:540} INFO - Filling up the DagBag from /Users/vybhavswaroop/Desktop/untitled folder 3/ecommerce_platform/venv/lib/python3.11/site-packages/airflow/example_dags/tutorial_objectstorage.py
[2026-03-18T07:29:25.898+0530] {processor.py:840} INFO - DAG(s) 'tutorial_objectstorage' retrieved from /Users/vybhavswaroop/Desktop/untitled folder 3/ecommerce_platform/venv/lib/python3.11/site-packages/airflow/example_dags/tutorial_objectstorage.py
[2026-03-18T07:29:25.931+0530] {logging_mixin.py:188} INFO - [2026-03-18T07:29:25.931+0530] {dag.py:3047} INFO - Sync 1 DAGs
[2026-03-18T07:29:25.934+0530] {logging_mixin.py:188} INFO - [2026-03-18T07:29:25.934+0530] {dag.py:3834} INFO - Setting next_dagrun for tutorial_objectstorage to None, run_after=None
[2026-03-18T07:29:25.941+0530] {processor.py:183} INFO - Processing /Users/vybhavswaroop/Desktop/untitled folder 3/ecommerce_platform/venv/lib/python3.11/site-packages/airflow/example_dags/tutorial_objectstorage.py took 0.070 seconds
[2026-03-18T07:30:48.041+0530] {processor.py:161} INFO - Started process (PID=4560) to work on /Users/vybhavswaroop/Desktop/untitled folder 3/ecommerce_platform/venv/lib/python3.11/site-packages/airflow/example_dags/tutorial_objectstorage.py
[2026-03-18T07:30:48.042+0530] {processor.py:830} INFO - Processing file /Users/vybhavswaroop/Desktop/untitled folder 3/ecommerce_platform/venv/lib/python3.11/site-packages/airflow/example_dags/tutorial_objectstorage.py for tasks to queue
[2026-03-18T07:30:48.042+0530] {logging_mixin.py:188} INFO - [2026-03-18T07:30:48.042+0530] {dagbag.py:540} INFO - Filling up the DagBag from /Users/vybhavswaroop/Desktop/untitled folder 3/ecommerce_platform/venv/lib/python3.11/site-packages/airflow/example_dags/tutorial_objectstorage.py
[2026-03-18T07:30:48.068+0530] {processor.py:840} INFO - DAG(s) 'tutorial_objectstorage' retrieved from /Users/vybhavswaroop/Desktop/untitled folder 3/ecommerce_platform/venv/lib/python3.11/site-packages/airflow/example_dags/tutorial_objectstorage.py
[2026-03-18T07:30:48.102+0530] {logging_mixin.py:188} INFO - [2026-03-18T07:30:48.102+0530] {dag.py:3047} INFO - Sync 1 DAGs
[2026-03-18T07:30:48.105+0530] {logging_mixin.py:188} INFO - [2026-03-18T07:30:48.105+0530] {dag.py:3834} INFO - Setting next_dagrun for tutorial_objectstorage to None, run_after=None
[2026-03-18T07:30:48.112+0530] {processor.py:183} INFO - Processing /Users/vybhavswaroop/Desktop/untitled folder 3/ecommerce_platform/venv/lib/python3.11/site-packages/airflow/example_dags/tutorial_objectstorage.py took 0.071 seconds
[2026-03-18T07:32:10.447+0530] {processor.py:161} INFO - Started process (PID=4803) to work on /Users/vybhavswaroop/Desktop/untitled folder 3/ecommerce_platform/venv/lib/python3.11/site-packages/airflow/example_dags/tutorial_objectstorage.py
[2026-03-18T07:32:10.448+0530] {processor.py:830} INFO - Processing file /Users/vybhavswaroop/Desktop/untitled folder 3/ecommerce_platform/venv/lib/python3.11/site-packages/airflow/example_dags/tutorial_objectstorage.py for tasks to queue
[2026-03-18T07:32:10.448+0530] {logging_mixin.py:188} INFO - [2026-03-18T07:32:10.448+0530] {dagbag.py:540} INFO - Filling up the DagBag from /Users/vybhavswaroop/Desktop/untitled folder 3/ecommerce_platform/venv/lib/python3.11/site-packages/airflow/example_dags/tutorial_objectstorage.py
[2026-03-18T07:32:10.476+0530] {processor.py:840} INFO - DAG(s) 'tutorial_objectstorage' retrieved from /Users/vybhavswaroop/Desktop/untitled folder 3/ecommerce_platform/venv/lib/python3.11/site-packages/airflow/example_dags/tutorial_objectstorage.py
[2026-03-18T07:32:10.509+0530] {logging_mixin.py:188} INFO - [2026-03-18T07:32:10.509+0530] {dag.py:3047} INFO - Sync 1 DAGs
[2026-03-18T07:32:10.512+0530] {logging_mixin.py:188} INFO - [2026-03-18T07:32:10.512+0530] {dag.py:3834} INFO - Setting next_dagrun for tutorial_objectstorage to None, run_after=None
[2026-03-18T07:32:10.519+0530] {processor.py:183} INFO - Processing /Users/vybhavswaroop/Desktop/untitled folder 3/ecommerce_platform/venv/lib/python3.11/site-packages/airflow/example_dags/tutorial_objectstorage.py took 0.072 seconds
[2026-03-18T07:33:35.953+0530] {processor.py:161} INFO - Started process (PID=5051) to work on /Users/vybhavswaroop/Desktop/untitled folder 3/ecommerce_platform/venv/lib/python3.11/site-packages/airflow/example_dags/tutorial_objectstorage.py
[2026-03-18T07:33:35.954+0530] {processor.py:830} INFO - Processing file /Users/vybhavswaroop/Desktop/untitled folder 3/ecommerce_platform/venv/lib/python3.11/site-packages/airflow/example_dags/tutorial_objectstorage.py for tasks to queue
[2026-03-18T07:33:35.954+0530] {logging_mixin.py:188} INFO - [2026-03-18T07:33:35.954+0530] {dagbag.py:540} INFO - Filling up the DagBag from /Users/vybhavswaroop/Desktop/untitled folder 3/ecommerce_platform/venv/lib/python3.11/site-packages/airflow/example_dags/tutorial_objectstorage.py
[2026-03-18T07:33:35.981+0530] {processor.py:840} INFO - DAG(s) 'tutorial_objectstorage' retrieved from /Users/vybhavswaroop/Desktop/untitled folder 3/ecommerce_platform/venv/lib/python3.11/site-packages/airflow/example_dags/tutorial_objectstorage.py
[2026-03-18T07:33:36.015+0530] {logging_mixin.py:188} INFO - [2026-03-18T07:33:36.015+0530] {dag.py:3047} INFO - Sync 1 DAGs
[2026-03-18T07:33:36.018+0530] {logging_mixin.py:188} INFO - [2026-03-18T07:33:36.018+0530] {dag.py:3834} INFO - Setting next_dagrun for tutorial_objectstorage to None, run_after=None
[2026-03-18T07:33:36.025+0530] {processor.py:183} INFO - Processing /Users/vybhavswaroop/Desktop/untitled folder 3/ecommerce_platform/venv/lib/python3.11/site-packages/airflow/example_dags/tutorial_objectstorage.py took 0.072 seconds
[2026-03-18T07:35:08.355+0530] {processor.py:161} INFO - Started process (PID=5372) to work on /Users/vybhavswaroop/Desktop/untitled folder 3/ecommerce_platform/venv/lib/python3.11/site-packages/airflow/example_dags/tutorial_objectstorage.py
[2026-03-18T07:35:08.355+0530] {processor.py:830} INFO - Processing file /Users/vybhavswaroop/Desktop/untitled folder 3/ecommerce_platform/venv/lib/python3.11/site-packages/airflow/example_dags/tutorial_objectstorage.py for tasks to queue
[2026-03-18T07:35:08.356+0530] {logging_mixin.py:188} INFO - [2026-03-18T07:35:08.356+0530] {dagbag.py:540} INFO - Filling up the DagBag from /Users/vybhavswaroop/Desktop/untitled folder 3/ecommerce_platform/venv/lib/python3.11/site-packages/airflow/example_dags/tutorial_objectstorage.py
[2026-03-18T07:35:08.388+0530] {processor.py:840} INFO - DAG(s) 'tutorial_objectstorage' retrieved from /Users/vybhavswaroop/Desktop/untitled folder 3/ecommerce_platform/venv/lib/python3.11/site-packages/airflow/example_dags/tutorial_objectstorage.py
[2026-03-18T07:35:08.421+0530] {logging_mixin.py:188} INFO - [2026-03-18T07:35:08.421+0530] {dag.py:3047} INFO - Sync 1 DAGs
[2026-03-18T07:35:08.424+0530] {logging_mixin.py:188} INFO - [2026-03-18T07:35:08.424+0530] {dag.py:3834} INFO - Setting next_dagrun for tutorial_objectstorage to None, run_after=None
[2026-03-18T07:35:08.431+0530] {processor.py:183} INFO - Processing /Users/vybhavswaroop/Desktop/untitled folder 3/ecommerce_platform/venv/lib/python3.11/site-packages/airflow/example_dags/tutorial_objectstorage.py took 0.076 seconds
[2026-03-18T07:36:42.013+0530] {processor.py:161} INFO - Started process (PID=5648) to work on /Users/vybhavswaroop/Desktop/untitled folder 3/ecommerce_platform/venv/lib/python3.11/site-packages/airflow/example_dags/tutorial_objectstorage.py
[2026-03-18T07:36:42.014+0530] {processor.py:830} INFO - Processing file /Users/vybhavswaroop/Desktop/untitled folder 3/ecommerce_platform/venv/lib/python3.11/site-packages/airflow/example_dags/tutorial_objectstorage.py for tasks to queue
[2026-03-18T07:36:42.015+0530] {logging_mixin.py:188} INFO - [2026-03-18T07:36:42.014+0530] {dagbag.py:540} INFO - Filling up the DagBag from /Users/vybhavswaroop/Desktop/untitled folder 3/ecommerce_platform/venv/lib/python3.11/site-packages/airflow/example_dags/tutorial_objectstorage.py
[2026-03-18T07:36:42.047+0530] {processor.py:840} INFO - DAG(s) 'tutorial_objectstorage' retrieved from /Users/vybhavswaroop/Desktop/untitled folder 3/ecommerce_platform/venv/lib/python3.11/site-packages/airflow/example_dags/tutorial_objectstorage.py
[2026-03-18T07:36:42.081+0530] {logging_mixin.py:188} INFO - [2026-03-18T07:36:42.081+0530] {dag.py:3047} INFO - Sync 1 DAGs
[2026-03-18T07:36:42.084+0530] {logging_mixin.py:188} INFO - [2026-03-18T07:36:42.084+0530] {dag.py:3834} INFO - Setting next_dagrun for tutorial_objectstorage to None, run_after=None
[2026-03-18T07:36:42.091+0530] {processor.py:183} INFO - Processing /Users/vybhavswaroop/Desktop/untitled folder 3/ecommerce_platform/venv/lib/python3.11/site-packages/airflow/example_dags/tutorial_objectstorage.py took 0.078 seconds
[2026-03-18T07:38:11.250+0530] {processor.py:161} INFO - Started process (PID=5960) to work on /Users/vybhavswaroop/Desktop/untitled folder 3/ecommerce_platform/venv/lib/python3.11/site-packages/airflow/example_dags/tutorial_objectstorage.py
[2026-03-18T07:38:11.251+0530] {processor.py:830} INFO - Processing file /Users/vybhavswaroop/Desktop/untitled folder 3/ecommerce_platform/venv/lib/python3.11/site-packages/airflow/example_dags/tutorial_objectstorage.py for tasks to queue
[2026-03-18T07:38:11.251+0530] {logging_mixin.py:188} INFO - [2026-03-18T07:38:11.251+0530] {dagbag.py:540} INFO - Filling up the DagBag from /Users/vybhavswaroop/Desktop/untitled folder 3/ecommerce_platform/venv/lib/python3.11/site-packages/airflow/example_dags/tutorial_objectstorage.py
[2026-03-18T07:38:11.285+0530] {processor.py:840} INFO - DAG(s) 'tutorial_objectstorage' retrieved from /Users/vybhavswaroop/Desktop/untitled folder 3/ecommerce_platform/venv/lib/python3.11/site-packages/airflow/example_dags/tutorial_objectstorage.py
[2026-03-18T07:38:11.319+0530] {logging_mixin.py:188} INFO - [2026-03-18T07:38:11.319+0530] {dag.py:3047} INFO - Sync 1 DAGs
[2026-03-18T07:38:11.322+0530] {logging_mixin.py:188} INFO - [2026-03-18T07:38:11.322+0530] {dag.py:3834} INFO - Setting next_dagrun for tutorial_objectstorage to None, run_after=None
[2026-03-18T07:38:11.328+0530] {processor.py:183} INFO - Processing /Users/vybhavswaroop/Desktop/untitled folder 3/ecommerce_platform/venv/lib/python3.11/site-packages/airflow/example_dags/tutorial_objectstorage.py took 0.078 seconds
[2026-03-18T07:39:39.233+0530] {processor.py:161} INFO - Started process (PID=6236) to work on /Users/vybhavswaroop/Desktop/untitled folder 3/ecommerce_platform/venv/lib/python3.11/site-packages/airflow/example_dags/tutorial_objectstorage.py
[2026-03-18T07:39:39.234+0530] {processor.py:830} INFO - Processing file /Users/vybhavswaroop/Desktop/untitled folder 3/ecommerce_platform/venv/lib/python3.11/site-packages/airflow/example_dags/tutorial_objectstorage.py for tasks to queue
[2026-03-18T07:39:39.235+0530] {logging_mixin.py:188} INFO - [2026-03-18T07:39:39.235+0530] {dagbag.py:540} INFO - Filling up the DagBag from /Users/vybhavswaroop/Desktop/untitled folder 3/ecommerce_platform/venv/lib/python3.11/site-packages/airflow/example_dags/tutorial_objectstorage.py
[2026-03-18T07:39:39.268+0530] {processor.py:840} INFO - DAG(s) 'tutorial_objectstorage' retrieved from /Users/vybhavswaroop/Desktop/untitled folder 3/ecommerce_platform/venv/lib/python3.11/site-packages/airflow/example_dags/tutorial_objectstorage.py
[2026-03-18T07:39:39.301+0530] {logging_mixin.py:188} INFO - [2026-03-18T07:39:39.301+0530] {dag.py:3047} INFO - Sync 1 DAGs
[2026-03-18T07:39:39.305+0530] {logging_mixin.py:188} INFO - [2026-03-18T07:39:39.305+0530] {dag.py:3834} INFO - Setting next_dagrun for tutorial_objectstorage to None, run_after=None
[2026-03-18T07:39:39.311+0530] {processor.py:183} INFO - Processing /Users/vybhavswaroop/Desktop/untitled folder 3/ecommerce_platform/venv/lib/python3.11/site-packages/airflow/example_dags/tutorial_objectstorage.py took 0.078 seconds
[2026-03-18T07:41:11.935+0530] {processor.py:161} INFO - Started process (PID=6581) to work on /Users/vybhavswaroop/Desktop/untitled folder 3/ecommerce_platform/venv/lib/python3.11/site-packages/airflow/example_dags/tutorial_objectstorage.py
[2026-03-18T07:41:11.937+0530] {processor.py:830} INFO - Processing file /Users/vybhavswaroop/Desktop/untitled folder 3/ecommerce_platform/venv/lib/python3.11/site-packages/airflow/example_dags/tutorial_objectstorage.py for tasks to queue
[2026-03-18T07:41:11.937+0530] {logging_mixin.py:188} INFO - [2026-03-18T07:41:11.937+0530] {dagbag.py:540} INFO - Filling up the DagBag from /Users/vybhavswaroop/Desktop/untitled folder 3/ecommerce_platform/venv/lib/python3.11/site-packages/airflow/example_dags/tutorial_objectstorage.py
[2026-03-18T07:41:11.969+0530] {processor.py:840} INFO - DAG(s) 'tutorial_objectstorage' retrieved from /Users/vybhavswaroop/Desktop/untitled folder 3/ecommerce_platform/venv/lib/python3.11/site-packages/airflow/example_dags/tutorial_objectstorage.py
[2026-03-18T07:41:12.004+0530] {logging_mixin.py:188} INFO - [2026-03-18T07:41:12.004+0530] {dag.py:3047} INFO - Sync 1 DAGs
[2026-03-18T07:41:12.007+0530] {logging_mixin.py:188} INFO - [2026-03-18T07:41:12.007+0530] {dag.py:3834} INFO - Setting next_dagrun for tutorial_objectstorage to None, run_after=None
[2026-03-18T07:41:12.013+0530] {processor.py:183} INFO - Processing /Users/vybhavswaroop/Desktop/untitled folder 3/ecommerce_platform/venv/lib/python3.11/site-packages/airflow/example_dags/tutorial_objectstorage.py took 0.078 seconds
[2026-03-18T07:42:52.016+0530] {processor.py:161} INFO - Started process (PID=6949) to work on /Users/vybhavswaroop/Desktop/untitled folder 3/ecommerce_platform/venv/lib/python3.11/site-packages/airflow/example_dags/tutorial_objectstorage.py
[2026-03-18T07:42:52.016+0530] {processor.py:830} INFO - Processing file /Users/vybhavswaroop/Desktop/untitled folder 3/ecommerce_platform/venv/lib/python3.11/site-packages/airflow/example_dags/tutorial_objectstorage.py for tasks to queue
[2026-03-18T07:42:52.017+0530] {logging_mixin.py:188} INFO - [2026-03-18T07:42:52.017+0530] {dagbag.py:540} INFO - Filling up the DagBag from /Users/vybhavswaroop/Desktop/untitled folder 3/ecommerce_platform/venv/lib/python3.11/site-packages/airflow/example_dags/tutorial_objectstorage.py
[2026-03-18T07:42:52.049+0530] {processor.py:840} INFO - DAG(s) 'tutorial_objectstorage' retrieved from /Users/vybhavswaroop/Desktop/untitled folder 3/ecommerce_platform/venv/lib/python3.11/site-packages/airflow/example_dags/tutorial_objectstorage.py
[2026-03-18T07:42:52.083+0530] {logging_mixin.py:188} INFO - [2026-03-18T07:42:52.083+0530] {dag.py:3047} INFO - Sync 1 DAGs
[2026-03-18T07:42:52.087+0530] {logging_mixin.py:188} INFO - [2026-03-18T07:42:52.087+0530] {dag.py:3834} INFO - Setting next_dagrun for tutorial_objectstorage to None, run_after=None
[2026-03-18T07:42:52.094+0530] {processor.py:183} INFO - Processing /Users/vybhavswaroop/Desktop/untitled folder 3/ecommerce_platform/venv/lib/python3.11/site-packages/airflow/example_dags/tutorial_objectstorage.py took 0.078 seconds
[2026-03-18T07:44:23.380+0530] {processor.py:161} INFO - Started process (PID=7296) to work on /Users/vybhavswaroop/Desktop/untitled folder 3/ecommerce_platform/venv/lib/python3.11/site-packages/airflow/example_dags/tutorial_objectstorage.py
[2026-03-18T07:44:23.381+0530] {processor.py:830} INFO - Processing file /Users/vybhavswaroop/Desktop/untitled folder 3/ecommerce_platform/venv/lib/python3.11/site-packages/airflow/example_dags/tutorial_objectstorage.py for tasks to queue
[2026-03-18T07:44:23.381+0530] {logging_mixin.py:188} INFO - [2026-03-18T07:44:23.381+0530] {dagbag.py:540} INFO - Filling up the DagBag from /Users/vybhavswaroop/Desktop/untitled folder 3/ecommerce_platform/venv/lib/python3.11/site-packages/airflow/example_dags/tutorial_objectstorage.py
[2026-03-18T07:44:23.414+0530] {processor.py:840} INFO - DAG(s) 'tutorial_objectstorage' retrieved from /Users/vybhavswaroop/Desktop/untitled folder 3/ecommerce_platform/venv/lib/python3.11/site-packages/airflow/example_dags/tutorial_objectstorage.py
[2026-03-18T07:44:23.448+0530] {logging_mixin.py:188} INFO - [2026-03-18T07:44:23.448+0530] {dag.py:3047} INFO - Sync 1 DAGs
[2026-03-18T07:44:23.451+0530] {logging_mixin.py:188} INFO - [2026-03-18T07:44:23.451+0530] {dag.py:3834} INFO - Setting next_dagrun for tutorial_objectstorage to None, run_after=None
[2026-03-18T07:44:23.457+0530] {processor.py:183} INFO - Processing /Users/vybhavswaroop/Desktop/untitled folder 3/ecommerce_platform/venv/lib/python3.11/site-packages/airflow/example_dags/tutorial_objectstorage.py took 0.077 seconds
[2026-03-18T07:45:48.428+0530] {processor.py:161} INFO - Started process (PID=7560) to work on /Users/vybhavswaroop/Desktop/untitled folder 3/ecommerce_platform/venv/lib/python3.11/site-packages/airflow/example_dags/tutorial_objectstorage.py
[2026-03-18T07:45:48.429+0530] {processor.py:830} INFO - Processing file /Users/vybhavswaroop/Desktop/untitled folder 3/ecommerce_platform/venv/lib/python3.11/site-packages/airflow/example_dags/tutorial_objectstorage.py for tasks to queue
[2026-03-18T07:45:48.429+0530] {logging_mixin.py:188} INFO - [2026-03-18T07:45:48.429+0530] {dagbag.py:540} INFO - Filling up the DagBag from /Users/vybhavswaroop/Desktop/untitled folder 3/ecommerce_platform/venv/lib/python3.11/site-packages/airflow/example_dags/tutorial_objectstorage.py
[2026-03-18T07:45:48.462+0530] {processor.py:840} INFO - DAG(s) 'tutorial_objectstorage' retrieved from /Users/vybhavswaroop/Desktop/untitled folder 3/ecommerce_platform/venv/lib/python3.11/site-packages/airflow/example_dags/tutorial_objectstorage.py
[2026-03-18T07:45:48.499+0530] {logging_mixin.py:188} INFO - [2026-03-18T07:45:48.499+0530] {dag.py:3047} INFO - Sync 1 DAGs
[2026-03-18T07:45:48.503+0530] {logging_mixin.py:188} INFO - [2026-03-18T07:45:48.503+0530] {dag.py:3834} INFO - Setting next_dagrun for tutorial_objectstorage to None, run_after=None
[2026-03-18T07:45:48.508+0530] {processor.py:183} INFO - Processing /Users/vybhavswaroop/Desktop/untitled folder 3/ecommerce_platform/venv/lib/python3.11/site-packages/airflow/example_dags/tutorial_objectstorage.py took 0.080 seconds
[2026-03-18T07:47:10.038+0530] {processor.py:161} INFO - Started process (PID=7823) to work on /Users/vybhavswaroop/Desktop/untitled folder 3/ecommerce_platform/venv/lib/python3.11/site-packages/airflow/example_dags/tutorial_objectstorage.py
[2026-03-18T07:47:10.039+0530] {processor.py:830} INFO - Processing file /Users/vybhavswaroop/Desktop/untitled folder 3/ecommerce_platform/venv/lib/python3.11/site-packages/airflow/example_dags/tutorial_objectstorage.py for tasks to queue
[2026-03-18T07:47:10.040+0530] {logging_mixin.py:188} INFO - [2026-03-18T07:47:10.040+0530] {dagbag.py:540} INFO - Filling up the DagBag from /Users/vybhavswaroop/Desktop/untitled folder 3/ecommerce_platform/venv/lib/python3.11/site-packages/airflow/example_dags/tutorial_objectstorage.py
[2026-03-18T07:47:10.073+0530] {processor.py:840} INFO - DAG(s) 'tutorial_objectstorage' retrieved from /Users/vybhavswaroop/Desktop/untitled folder 3/ecommerce_platform/venv/lib/python3.11/site-packages/airflow/example_dags/tutorial_objectstorage.py
[2026-03-18T07:47:10.107+0530] {logging_mixin.py:188} INFO - [2026-03-18T07:47:10.107+0530] {dag.py:3047} INFO - Sync 1 DAGs
[2026-03-18T07:47:10.110+0530] {logging_mixin.py:188} INFO - [2026-03-18T07:47:10.110+0530] {dag.py:3834} INFO - Setting next_dagrun for tutorial_objectstorage to None, run_after=None
[2026-03-18T07:47:10.115+0530] {processor.py:183} INFO - Processing /Users/vybhavswaroop/Desktop/untitled folder 3/ecommerce_platform/venv/lib/python3.11/site-packages/airflow/example_dags/tutorial_objectstorage.py took 0.077 seconds
[2026-03-18T07:48:33.230+0530] {processor.py:161} INFO - Started process (PID=8181) to work on /Users/vybhavswaroop/Desktop/untitled folder 3/ecommerce_platform/venv/lib/python3.11/site-packages/airflow/example_dags/tutorial_objectstorage.py
[2026-03-18T07:48:33.231+0530] {processor.py:830} INFO - Processing file /Users/vybhavswaroop/Desktop/untitled folder 3/ecommerce_platform/venv/lib/python3.11/site-packages/airflow/example_dags/tutorial_objectstorage.py for tasks to queue
[2026-03-18T07:48:33.232+0530] {logging_mixin.py:188} INFO - [2026-03-18T07:48:33.232+0530] {dagbag.py:540} INFO - Filling up the DagBag from /Users/vybhavswaroop/Desktop/untitled folder 3/ecommerce_platform/venv/lib/python3.11/site-packages/airflow/example_dags/tutorial_objectstorage.py
[2026-03-18T07:48:33.266+0530] {processor.py:840} INFO - DAG(s) 'tutorial_objectstorage' retrieved from /Users/vybhavswaroop/Desktop/untitled folder 3/ecommerce_platform/venv/lib/python3.11/site-packages/airflow/example_dags/tutorial_objectstorage.py
[2026-03-18T07:48:33.299+0530] {logging_mixin.py:188} INFO - [2026-03-18T07:48:33.299+0530] {dag.py:3047} INFO - Sync 1 DAGs
[2026-03-18T07:48:33.302+0530] {logging_mixin.py:188} INFO - [2026-03-18T07:48:33.302+0530] {dag.py:3834} INFO - Setting next_dagrun for tutorial_objectstorage to None, run_after=None
[2026-03-18T07:48:33.307+0530] {processor.py:183} INFO - Processing /Users/vybhavswaroop/Desktop/untitled folder 3/ecommerce_platform/venv/lib/python3.11/site-packages/airflow/example_dags/tutorial_objectstorage.py took 0.077 seconds
[2026-03-18T07:49:59.567+0530] {processor.py:161} INFO - Started process (PID=8773) to work on /Users/vybhavswaroop/Desktop/untitled folder 3/ecommerce_platform/venv/lib/python3.11/site-packages/airflow/example_dags/tutorial_objectstorage.py
[2026-03-18T07:49:59.569+0530] {processor.py:830} INFO - Processing file /Users/vybhavswaroop/Desktop/untitled folder 3/ecommerce_platform/venv/lib/python3.11/site-packages/airflow/example_dags/tutorial_objectstorage.py for tasks to queue
[2026-03-18T07:49:59.569+0530] {logging_mixin.py:188} INFO - [2026-03-18T07:49:59.569+0530] {dagbag.py:540} INFO - Filling up the DagBag from /Users/vybhavswaroop/Desktop/untitled folder 3/ecommerce_platform/venv/lib/python3.11/site-packages/airflow/example_dags/tutorial_objectstorage.py
[2026-03-18T07:49:59.602+0530] {processor.py:840} INFO - DAG(s) 'tutorial_objectstorage' retrieved from /Users/vybhavswaroop/Desktop/untitled folder 3/ecommerce_platform/venv/lib/python3.11/site-packages/airflow/example_dags/tutorial_objectstorage.py
[2026-03-18T07:49:59.638+0530] {logging_mixin.py:188} INFO - [2026-03-18T07:49:59.638+0530] {dag.py:3047} INFO - Sync 1 DAGs
[2026-03-18T07:49:59.641+0530] {logging_mixin.py:188} INFO - [2026-03-18T07:49:59.641+0530] {dag.py:3834} INFO - Setting next_dagrun for tutorial_objectstorage to None, run_after=None
[2026-03-18T07:49:59.649+0530] {processor.py:183} INFO - Processing /Users/vybhavswaroop/Desktop/untitled folder 3/ecommerce_platform/venv/lib/python3.11/site-packages/airflow/example_dags/tutorial_objectstorage.py took 0.082 seconds
[2026-03-18T07:51:26.472+0530] {processor.py:161} INFO - Started process (PID=9055) to work on /Users/vybhavswaroop/Desktop/untitled folder 3/ecommerce_platform/venv/lib/python3.11/site-packages/airflow/example_dags/tutorial_objectstorage.py
[2026-03-18T07:51:26.473+0530] {processor.py:830} INFO - Processing file /Users/vybhavswaroop/Desktop/untitled folder 3/ecommerce_platform/venv/lib/python3.11/site-packages/airflow/example_dags/tutorial_objectstorage.py for tasks to queue
[2026-03-18T07:51:26.474+0530] {logging_mixin.py:188} INFO - [2026-03-18T07:51:26.473+0530] {dagbag.py:540} INFO - Filling up the DagBag from /Users/vybhavswaroop/Desktop/untitled folder 3/ecommerce_platform/venv/lib/python3.11/site-packages/airflow/example_dags/tutorial_objectstorage.py
[2026-03-18T07:51:26.511+0530] {processor.py:840} INFO - DAG(s) 'tutorial_objectstorage' retrieved from /Users/vybhavswaroop/Desktop/untitled folder 3/ecommerce_platform/venv/lib/python3.11/site-packages/airflow/example_dags/tutorial_objectstorage.py
[2026-03-18T07:51:26.552+0530] {logging_mixin.py:188} INFO - [2026-03-18T07:51:26.551+0530] {dag.py:3047} INFO - Sync 1 DAGs
[2026-03-18T07:51:26.555+0530] {logging_mixin.py:188} INFO - [2026-03-18T07:51:26.555+0530] {dag.py:3834} INFO - Setting next_dagrun for tutorial_objectstorage to None, run_after=None
[2026-03-18T07:51:26.561+0530] {processor.py:183} INFO - Processing /Users/vybhavswaroop/Desktop/untitled folder 3/ecommerce_platform/venv/lib/python3.11/site-packages/airflow/example_dags/tutorial_objectstorage.py took 0.089 seconds
[2026-03-18T07:52:54.422+0530] {processor.py:161} INFO - Started process (PID=10723) to work on /Users/vybhavswaroop/Desktop/untitled folder 3/ecommerce_platform/venv/lib/python3.11/site-packages/airflow/example_dags/tutorial_objectstorage.py
[2026-03-18T07:52:54.423+0530] {processor.py:830} INFO - Processing file /Users/vybhavswaroop/Desktop/untitled folder 3/ecommerce_platform/venv/lib/python3.11/site-packages/airflow/example_dags/tutorial_objectstorage.py for tasks to queue
[2026-03-18T07:52:54.423+0530] {logging_mixin.py:188} INFO - [2026-03-18T07:52:54.423+0530] {dagbag.py:540} INFO - Filling up the DagBag from /Users/vybhavswaroop/Desktop/untitled folder 3/ecommerce_platform/venv/lib/python3.11/site-packages/airflow/example_dags/tutorial_objectstorage.py
[2026-03-18T07:52:54.451+0530] {processor.py:840} INFO - DAG(s) 'tutorial_objectstorage' retrieved from /Users/vybhavswaroop/Desktop/untitled folder 3/ecommerce_platform/venv/lib/python3.11/site-packages/airflow/example_dags/tutorial_objectstorage.py
[2026-03-18T07:52:54.461+0530] {logging_mixin.py:188} INFO - [2026-03-18T07:52:54.461+0530] {dag.py:3047} INFO - Sync 1 DAGs
[2026-03-18T07:52:54.483+0530] {logging_mixin.py:188} INFO - [2026-03-18T07:52:54.483+0530] {dag.py:3834} INFO - Setting next_dagrun for tutorial_objectstorage to None, run_after=None
[2026-03-18T07:52:54.489+0530] {processor.py:183} INFO - Processing /Users/vybhavswaroop/Desktop/untitled folder 3/ecommerce_platform/venv/lib/python3.11/site-packages/airflow/example_dags/tutorial_objectstorage.py took 0.068 seconds
[2026-03-18T07:54:59.339+0530] {processor.py:161} INFO - Started process (PID=11093) to work on /Users/vybhavswaroop/Desktop/untitled folder 3/ecommerce_platform/venv/lib/python3.11/site-packages/airflow/example_dags/tutorial_objectstorage.py
[2026-03-18T07:54:59.340+0530] {processor.py:830} INFO - Processing file /Users/vybhavswaroop/Desktop/untitled folder 3/ecommerce_platform/venv/lib/python3.11/site-packages/airflow/example_dags/tutorial_objectstorage.py for tasks to queue
[2026-03-18T07:54:59.340+0530] {logging_mixin.py:188} INFO - [2026-03-18T07:54:59.340+0530] {dagbag.py:540} INFO - Filling up the DagBag from /Users/vybhavswaroop/Desktop/untitled folder 3/ecommerce_platform/venv/lib/python3.11/site-packages/airflow/example_dags/tutorial_objectstorage.py
[2026-03-18T07:54:59.372+0530] {processor.py:840} INFO - DAG(s) 'tutorial_objectstorage' retrieved from /Users/vybhavswaroop/Desktop/untitled folder 3/ecommerce_platform/venv/lib/python3.11/site-packages/airflow/example_dags/tutorial_objectstorage.py
[2026-03-18T07:54:59.431+0530] {logging_mixin.py:188} INFO - [2026-03-18T07:54:59.431+0530] {dag.py:3047} INFO - Sync 1 DAGs
[2026-03-18T07:54:59.434+0530] {logging_mixin.py:188} INFO - [2026-03-18T07:54:59.434+0530] {dag.py:3834} INFO - Setting next_dagrun for tutorial_objectstorage to None, run_after=None
[2026-03-18T07:54:59.439+0530] {processor.py:183} INFO - Processing /Users/vybhavswaroop/Desktop/untitled folder 3/ecommerce_platform/venv/lib/python3.11/site-packages/airflow/example_dags/tutorial_objectstorage.py took 0.101 seconds
[2026-03-18T07:56:32.568+0530] {processor.py:161} INFO - Started process (PID=11363) to work on /Users/vybhavswaroop/Desktop/untitled folder 3/ecommerce_platform/venv/lib/python3.11/site-packages/airflow/example_dags/tutorial_objectstorage.py
[2026-03-18T07:56:32.568+0530] {processor.py:830} INFO - Processing file /Users/vybhavswaroop/Desktop/untitled folder 3/ecommerce_platform/venv/lib/python3.11/site-packages/airflow/example_dags/tutorial_objectstorage.py for tasks to queue
[2026-03-18T07:56:32.568+0530] {logging_mixin.py:188} INFO - [2026-03-18T07:56:32.568+0530] {dagbag.py:540} INFO - Filling up the DagBag from /Users/vybhavswaroop/Desktop/untitled folder 3/ecommerce_platform/venv/lib/python3.11/site-packages/airflow/example_dags/tutorial_objectstorage.py
[2026-03-18T07:56:32.601+0530] {processor.py:840} INFO - DAG(s) 'tutorial_objectstorage' retrieved from /Users/vybhavswaroop/Desktop/untitled folder 3/ecommerce_platform/venv/lib/python3.11/site-packages/airflow/example_dags/tutorial_objectstorage.py
[2026-03-18T07:56:32.635+0530] {logging_mixin.py:188} INFO - [2026-03-18T07:56:32.635+0530] {dag.py:3047} INFO - Sync 1 DAGs
[2026-03-18T07:56:32.638+0530] {logging_mixin.py:188} INFO - [2026-03-18T07:56:32.638+0530] {dag.py:3834} INFO - Setting next_dagrun for tutorial_objectstorage to None, run_after=None
[2026-03-18T07:56:32.644+0530] {processor.py:183} INFO - Processing /Users/vybhavswaroop/Desktop/untitled folder 3/ecommerce_platform/venv/lib/python3.11/site-packages/airflow/example_dags/tutorial_objectstorage.py took 0.076 seconds
[2026-03-18T07:57:58.777+0530] {processor.py:161} INFO - Started process (PID=11613) to work on /Users/vybhavswaroop/Desktop/untitled folder 3/ecommerce_platform/venv/lib/python3.11/site-packages/airflow/example_dags/tutorial_objectstorage.py
[2026-03-18T07:57:58.777+0530] {processor.py:830} INFO - Processing file /Users/vybhavswaroop/Desktop/untitled folder 3/ecommerce_platform/venv/lib/python3.11/site-packages/airflow/example_dags/tutorial_objectstorage.py for tasks to queue
[2026-03-18T07:57:58.778+0530] {logging_mixin.py:188} INFO - [2026-03-18T07:57:58.777+0530] {dagbag.py:540} INFO - Filling up the DagBag from /Users/vybhavswaroop/Desktop/untitled folder 3/ecommerce_platform/venv/lib/python3.11/site-packages/airflow/example_dags/tutorial_objectstorage.py
[2026-03-18T07:57:58.813+0530] {processor.py:840} INFO - DAG(s) 'tutorial_objectstorage' retrieved from /Users/vybhavswaroop/Desktop/untitled folder 3/ecommerce_platform/venv/lib/python3.11/site-packages/airflow/example_dags/tutorial_objectstorage.py
[2026-03-18T07:57:58.847+0530] {logging_mixin.py:188} INFO - [2026-03-18T07:57:58.847+0530] {dag.py:3047} INFO - Sync 1 DAGs
[2026-03-18T07:57:58.851+0530] {logging_mixin.py:188} INFO - [2026-03-18T07:57:58.851+0530] {dag.py:3834} INFO - Setting next_dagrun for tutorial_objectstorage to None, run_after=None
[2026-03-18T07:57:58.857+0530] {processor.py:183} INFO - Processing /Users/vybhavswaroop/Desktop/untitled folder 3/ecommerce_platform/venv/lib/python3.11/site-packages/airflow/example_dags/tutorial_objectstorage.py took 0.080 seconds
