[2026-03-18T05:58:57.871+0530] {processor.py:161} INFO - Started process (PID=97248) to work on /Users/vybhavswaroop/Desktop/untitled folder 3/ecommerce_platform/venv/lib/python3.11/site-packages/airflow/example_dags/tutorial.py
[2026-03-18T05:58:57.872+0530] {processor.py:830} INFO - Processing file /Users/vybhavswaroop/Desktop/untitled folder 3/ecommerce_platform/venv/lib/python3.11/site-packages/airflow/example_dags/tutorial.py for tasks to queue
[2026-03-18T05:58:57.873+0530] {logging_mixin.py:188} INFO - [2026-03-18T05:58:57.873+0530] {dagbag.py:540} INFO - Filling up the DagBag from /Users/vybhavswaroop/Desktop/untitled folder 3/ecommerce_platform/venv/lib/python3.11/site-packages/airflow/example_dags/tutorial.py
[2026-03-18T05:58:57.879+0530] {processor.py:840} INFO - DAG(s) 'tutorial' retrieved from /Users/vybhavswaroop/Desktop/untitled folder 3/ecommerce_platform/venv/lib/python3.11/site-packages/airflow/example_dags/tutorial.py
[2026-03-18T05:58:57.973+0530] {logging_mixin.py:188} INFO - [2026-03-18T05:58:57.973+0530] {dag.py:3047} INFO - Sync 1 DAGs
[2026-03-18T05:58:57.987+0530] {logging_mixin.py:188} INFO - [2026-03-18T05:58:57.987+0530] {dag.py:3834} INFO - Setting next_dagrun for tutorial to 2026-03-17 00:00:00+00:00, run_after=2026-03-18 00:00:00+00:00
[2026-03-18T05:58:58.005+0530] {processor.py:183} INFO - Processing /Users/vybhavswaroop/Desktop/untitled folder 3/ecommerce_platform/venv/lib/python3.11/site-packages/airflow/example_dags/tutorial.py took 0.135 seconds
[2026-03-18T07:19:59.711+0530] {processor.py:161} INFO - Started process (PID=99347) to work on /Users/vybhavswaroop/Desktop/untitled folder 3/ecommerce_platform/venv/lib/python3.11/site-packages/airflow/example_dags/tutorial.py
[2026-03-18T07:19:59.711+0530] {processor.py:830} INFO - Processing file /Users/vybhavswaroop/Desktop/untitled folder 3/ecommerce_platform/venv/lib/python3.11/site-packages/airflow/example_dags/tutorial.py for tasks to queue
[2026-03-18T07:19:59.712+0530] {logging_mixin.py:188} INFO - [2026-03-18T07:19:59.712+0530] {dagbag.py:540} INFO - Filling up the DagBag from /Users/vybhavswaroop/Desktop/untitled folder 3/ecommerce_platform/venv/lib/python3.11/site-packages/airflow/example_dags/tutorial.py
[2026-03-18T07:19:59.715+0530] {processor.py:840} INFO - DAG(s) 'tutorial' retrieved from /Users/vybhavswaroop/Desktop/untitled folder 3/ecommerce_platform/venv/lib/python3.11/site-packages/airflow/example_dags/tutorial.py
[2026-03-18T07:19:59.752+0530] {logging_mixin.py:188} INFO - [2026-03-18T07:19:59.752+0530] {dag.py:3047} INFO - Sync 1 DAGs
[2026-03-18T07:19:59.759+0530] {logging_mixin.py:188} INFO - [2026-03-18T07:19:59.758+0530] {dag.py:3834} INFO - Setting next_dagrun for tutorial to 2026-03-17 00:00:00+00:00, run_after=2026-03-18 00:00:00+00:00
[2026-03-18T07:19:59.766+0530] {processor.py:183} INFO - Processing /Users/vybhavswaroop/Desktop/untitled folder 3/ecommerce_platform/venv/lib/python3.11/site-packages/airflow/example_dags/tutorial.py took 0.056 seconds
[2026-03-18T07:20:58.143+0530] {processor.py:161} INFO - Started process (PID=1636) to work on /Users/vybhavswaroop/Desktop/untitled folder 3/ecommerce_platform/venv/lib/python3.11/site-packages/airflow/example_dags/tutorial.py
[2026-03-18T07:20:58.144+0530] {processor.py:830} INFO - Processing file /Users/vybhavswaroop/Desktop/untitled folder 3/ecommerce_platform/venv/lib/python3.11/site-packages/airflow/example_dags/tutorial.py for tasks to queue
[2026-03-18T07:20:58.144+0530] {logging_mixin.py:188} INFO - [2026-03-18T07:20:58.144+0530] {dagbag.py:540} INFO - Filling up the DagBag from /Users/vybhavswaroop/Desktop/untitled folder 3/ecommerce_platform/venv/lib/python3.11/site-packages/airflow/example_dags/tutorial.py
[2026-03-18T07:20:58.147+0530] {processor.py:840} INFO - DAG(s) 'tutorial' retrieved from /Users/vybhavswaroop/Desktop/untitled folder 3/ecommerce_platform/venv/lib/python3.11/site-packages/airflow/example_dags/tutorial.py
[2026-03-18T07:20:58.182+0530] {logging_mixin.py:188} INFO - [2026-03-18T07:20:58.182+0530] {dag.py:3047} INFO - Sync 1 DAGs
[2026-03-18T07:20:58.188+0530] {logging_mixin.py:188} INFO - [2026-03-18T07:20:58.188+0530] {dag.py:3834} INFO - Setting next_dagrun for tutorial to 2026-03-17 00:00:00+00:00, run_after=2026-03-18 00:00:00+00:00
[2026-03-18T07:20:58.194+0530] {processor.py:183} INFO - Processing /Users/vybhavswaroop/Desktop/untitled folder 3/ecommerce_platform/venv/lib/python3.11/site-packages/airflow/example_dags/tutorial.py took 0.052 seconds
[2026-03-18T07:21:55.269+0530] {processor.py:161} INFO - Started process (PID=2903) to work on /Users/vybhavswaroop/Desktop/untitled folder 3/ecommerce_platform/venv/lib/python3.11/site-packages/airflow/example_dags/tutorial.py
[2026-03-18T07:21:55.270+0530] {processor.py:830} INFO - Processing file /Users/vybhavswaroop/Desktop/untitled folder 3/ecommerce_platform/venv/lib/python3.11/site-packages/airflow/example_dags/tutorial.py for tasks to queue
[2026-03-18T07:21:55.270+0530] {logging_mixin.py:188} INFO - [2026-03-18T07:21:55.270+0530] {dagbag.py:540} INFO - Filling up the DagBag from /Users/vybhavswaroop/Desktop/untitled folder 3/ecommerce_platform/venv/lib/python3.11/site-packages/airflow/example_dags/tutorial.py
[2026-03-18T07:21:55.275+0530] {processor.py:840} INFO - DAG(s) 'tutorial' retrieved from /Users/vybhavswaroop/Desktop/untitled folder 3/ecommerce_platform/venv/lib/python3.11/site-packages/airflow/example_dags/tutorial.py
[2026-03-18T07:21:55.287+0530] {logging_mixin.py:188} INFO - [2026-03-18T07:21:55.286+0530] {dag.py:3047} INFO - Sync 1 DAGs
[2026-03-18T07:21:55.313+0530] {logging_mixin.py:188} INFO - [2026-03-18T07:21:55.313+0530] {dag.py:3834} INFO - Setting next_dagrun for tutorial to 2026-03-17 00:00:00+00:00, run_after=2026-03-18 00:00:00+00:00
[2026-03-18T07:21:55.319+0530] {processor.py:183} INFO - Processing /Users/vybhavswaroop/Desktop/untitled folder 3/ecommerce_platform/venv/lib/python3.11/site-packages/airflow/example_dags/tutorial.py took 0.051 seconds
[2026-03-18T07:23:57.431+0530] {processor.py:161} INFO - Started process (PID=3343) to work on /Users/vybhavswaroop/Desktop/untitled folder 3/ecommerce_platform/venv/lib/python3.11/site-packages/airflow/example_dags/tutorial.py
[2026-03-18T07:23:57.432+0530] {processor.py:830} INFO - Processing file /Users/vybhavswaroop/Desktop/untitled folder 3/ecommerce_platform/venv/lib/python3.11/site-packages/airflow/example_dags/tutorial.py for tasks to queue
[2026-03-18T07:23:57.432+0530] {logging_mixin.py:188} INFO - [2026-03-18T07:23:57.432+0530] {dagbag.py:540} INFO - Filling up the DagBag from /Users/vybhavswaroop/Desktop/untitled folder 3/ecommerce_platform/venv/lib/python3.11/site-packages/airflow/example_dags/tutorial.py
[2026-03-18T07:23:57.435+0530] {processor.py:840} INFO - DAG(s) 'tutorial' retrieved from /Users/vybhavswaroop/Desktop/untitled folder 3/ecommerce_platform/venv/lib/python3.11/site-packages/airflow/example_dags/tutorial.py
[2026-03-18T07:23:57.496+0530] {logging_mixin.py:188} INFO - [2026-03-18T07:23:57.495+0530] {dag.py:3047} INFO - Sync 1 DAGs
[2026-03-18T07:23:57.500+0530] {logging_mixin.py:188} INFO - [2026-03-18T07:23:57.500+0530] {dag.py:3834} INFO - Setting next_dagrun for tutorial to 2026-03-17 00:00:00+00:00, run_after=2026-03-18 00:00:00+00:00
[2026-03-18T07:23:57.507+0530] {processor.py:183} INFO - Processing /Users/vybhavswaroop/Desktop/untitled folder 3/ecommerce_platform/venv/lib/python3.11/site-packages/airflow/example_dags/tutorial.py took 0.076 seconds
[2026-03-18T07:25:23.108+0530] {processor.py:161} INFO - Started process (PID=3595) to work on /Users/vybhavswaroop/Desktop/untitled folder 3/ecommerce_platform/venv/lib/python3.11/site-packages/airflow/example_dags/tutorial.py
[2026-03-18T07:25:23.109+0530] {processor.py:830} INFO - Processing file /Users/vybhavswaroop/Desktop/untitled folder 3/ecommerce_platform/venv/lib/python3.11/site-packages/airflow/example_dags/tutorial.py for tasks to queue
[2026-03-18T07:25:23.109+0530] {logging_mixin.py:188} INFO - [2026-03-18T07:25:23.109+0530] {dagbag.py:540} INFO - Filling up the DagBag from /Users/vybhavswaroop/Desktop/untitled folder 3/ecommerce_platform/venv/lib/python3.11/site-packages/airflow/example_dags/tutorial.py
[2026-03-18T07:25:23.112+0530] {processor.py:840} INFO - DAG(s) 'tutorial' retrieved from /Users/vybhavswaroop/Desktop/untitled folder 3/ecommerce_platform/venv/lib/python3.11/site-packages/airflow/example_dags/tutorial.py
[2026-03-18T07:25:23.147+0530] {logging_mixin.py:188} INFO - [2026-03-18T07:25:23.147+0530] {dag.py:3047} INFO - Sync 1 DAGs
[2026-03-18T07:25:23.153+0530] {logging_mixin.py:188} INFO - [2026-03-18T07:25:23.152+0530] {dag.py:3834} INFO - Setting next_dagrun for tutorial to 2026-03-17 00:00:00+00:00, run_after=2026-03-18 00:00:00+00:00
[2026-03-18T07:25:23.159+0530] {processor.py:183} INFO - Processing /Users/vybhavswaroop/Desktop/untitled folder 3/ecommerce_platform/venv/lib/python3.11/site-packages/airflow/example_dags/tutorial.py took 0.052 seconds
[2026-03-18T07:26:47.775+0530] {processor.py:161} INFO - Started process (PID=3844) to work on /Users/vybhavswaroop/Desktop/untitled folder 3/ecommerce_platform/venv/lib/python3.11/site-packages/airflow/example_dags/tutorial.py
[2026-03-18T07:26:47.775+0530] {processor.py:830} INFO - Processing file /Users/vybhavswaroop/Desktop/untitled folder 3/ecommerce_platform/venv/lib/python3.11/site-packages/airflow/example_dags/tutorial.py for tasks to queue
[2026-03-18T07:26:47.776+0530] {logging_mixin.py:188} INFO - [2026-03-18T07:26:47.776+0530] {dagbag.py:540} INFO - Filling up the DagBag from /Users/vybhavswaroop/Desktop/untitled folder 3/ecommerce_platform/venv/lib/python3.11/site-packages/airflow/example_dags/tutorial.py
[2026-03-18T07:26:47.778+0530] {processor.py:840} INFO - DAG(s) 'tutorial' retrieved from /Users/vybhavswaroop/Desktop/untitled folder 3/ecommerce_platform/venv/lib/python3.11/site-packages/airflow/example_dags/tutorial.py
[2026-03-18T07:26:47.816+0530] {logging_mixin.py:188} INFO - [2026-03-18T07:26:47.816+0530] {dag.py:3047} INFO - Sync 1 DAGs
[2026-03-18T07:26:47.822+0530] {logging_mixin.py:188} INFO - [2026-03-18T07:26:47.822+0530] {dag.py:3834} INFO - Setting next_dagrun for tutorial to 2026-03-17 00:00:00+00:00, run_after=2026-03-18 00:00:00+00:00
[2026-03-18T07:26:47.828+0530] {processor.py:183} INFO - Processing /Users/vybhavswaroop/Desktop/untitled folder 3/ecommerce_platform/venv/lib/python3.11/site-packages/airflow/example_dags/tutorial.py took 0.054 seconds
[2026-03-18T07:28:10.076+0530] {processor.py:161} INFO - Started process (PID=4091) to work on /Users/vybhavswaroop/Desktop/untitled folder 3/ecommerce_platform/venv/lib/python3.11/site-packages/airflow/example_dags/tutorial.py
[2026-03-18T07:28:10.076+0530] {processor.py:830} INFO - Processing file /Users/vybhavswaroop/Desktop/untitled folder 3/ecommerce_platform/venv/lib/python3.11/site-packages/airflow/example_dags/tutorial.py for tasks to queue
[2026-03-18T07:28:10.076+0530] {logging_mixin.py:188} INFO - [2026-03-18T07:28:10.076+0530] {dagbag.py:540} INFO - Filling up the DagBag from /Users/vybhavswaroop/Desktop/untitled folder 3/ecommerce_platform/venv/lib/python3.11/site-packages/airflow/example_dags/tutorial.py
[2026-03-18T07:28:10.079+0530] {processor.py:840} INFO - DAG(s) 'tutorial' retrieved from /Users/vybhavswaroop/Desktop/untitled folder 3/ecommerce_platform/venv/lib/python3.11/site-packages/airflow/example_dags/tutorial.py
[2026-03-18T07:28:10.114+0530] {logging_mixin.py:188} INFO - [2026-03-18T07:28:10.114+0530] {dag.py:3047} INFO - Sync 1 DAGs
[2026-03-18T07:28:10.119+0530] {logging_mixin.py:188} INFO - [2026-03-18T07:28:10.119+0530] {dag.py:3834} INFO - Setting next_dagrun for tutorial to 2026-03-17 00:00:00+00:00, run_after=2026-03-18 00:00:00+00:00
[2026-03-18T07:28:10.125+0530] {processor.py:183} INFO - Processing /Users/vybhavswaroop/Desktop/untitled folder 3/ecommerce_platform/venv/lib/python3.11/site-packages/airflow/example_dags/tutorial.py took 0.050 seconds
[2026-03-18T07:29:30.885+0530] {processor.py:161} INFO - Started process (PID=4330) to work on /Users/vybhavswaroop/Desktop/untitled folder 3/ecommerce_platform/venv/lib/python3.11/site-packages/airflow/example_dags/tutorial.py
[2026-03-18T07:29:30.886+0530] {processor.py:830} INFO - Processing file /Users/vybhavswaroop/Desktop/untitled folder 3/ecommerce_platform/venv/lib/python3.11/site-packages/airflow/example_dags/tutorial.py for tasks to queue
[2026-03-18T07:29:30.886+0530] {logging_mixin.py:188} INFO - [2026-03-18T07:29:30.886+0530] {dagbag.py:540} INFO - Filling up the DagBag from /Users/vybhavswaroop/Desktop/untitled folder 3/ecommerce_platform/venv/lib/python3.11/site-packages/airflow/example_dags/tutorial.py
[2026-03-18T07:29:30.889+0530] {processor.py:840} INFO - DAG(s) 'tutorial' retrieved from /Users/vybhavswaroop/Desktop/untitled folder 3/ecommerce_platform/venv/lib/python3.11/site-packages/airflow/example_dags/tutorial.py
[2026-03-18T07:29:30.924+0530] {logging_mixin.py:188} INFO - [2026-03-18T07:29:30.924+0530] {dag.py:3047} INFO - Sync 1 DAGs
[2026-03-18T07:29:30.930+0530] {logging_mixin.py:188} INFO - [2026-03-18T07:29:30.930+0530] {dag.py:3834} INFO - Setting next_dagrun for tutorial to 2026-03-17 00:00:00+00:00, run_after=2026-03-18 00:00:00+00:00
[2026-03-18T07:29:30.937+0530] {processor.py:183} INFO - Processing /Users/vybhavswaroop/Desktop/untitled folder 3/ecommerce_platform/venv/lib/python3.11/site-packages/airflow/example_dags/tutorial.py took 0.052 seconds
[2026-03-18T07:30:52.066+0530] {processor.py:161} INFO - Started process (PID=4572) to work on /Users/vybhavswaroop/Desktop/untitled folder 3/ecommerce_platform/venv/lib/python3.11/site-packages/airflow/example_dags/tutorial.py
[2026-03-18T07:30:52.066+0530] {processor.py:830} INFO - Processing file /Users/vybhavswaroop/Desktop/untitled folder 3/ecommerce_platform/venv/lib/python3.11/site-packages/airflow/example_dags/tutorial.py for tasks to queue
[2026-03-18T07:30:52.067+0530] {logging_mixin.py:188} INFO - [2026-03-18T07:30:52.067+0530] {dagbag.py:540} INFO - Filling up the DagBag from /Users/vybhavswaroop/Desktop/untitled folder 3/ecommerce_platform/venv/lib/python3.11/site-packages/airflow/example_dags/tutorial.py
[2026-03-18T07:30:52.069+0530] {processor.py:840} INFO - DAG(s) 'tutorial' retrieved from /Users/vybhavswaroop/Desktop/untitled folder 3/ecommerce_platform/venv/lib/python3.11/site-packages/airflow/example_dags/tutorial.py
[2026-03-18T07:30:52.105+0530] {logging_mixin.py:188} INFO - [2026-03-18T07:30:52.105+0530] {dag.py:3047} INFO - Sync 1 DAGs
[2026-03-18T07:30:52.110+0530] {logging_mixin.py:188} INFO - [2026-03-18T07:30:52.110+0530] {dag.py:3834} INFO - Setting next_dagrun for tutorial to 2026-03-17 00:00:00+00:00, run_after=2026-03-18 00:00:00+00:00
[2026-03-18T07:30:52.117+0530] {processor.py:183} INFO - Processing /Users/vybhavswaroop/Desktop/untitled folder 3/ecommerce_platform/venv/lib/python3.11/site-packages/airflow/example_dags/tutorial.py took 0.051 seconds
[2026-03-18T07:32:15.498+0530] {processor.py:161} INFO - Started process (PID=4817) to work on /Users/vybhavswaroop/Desktop/untitled folder 3/ecommerce_platform/venv/lib/python3.11/site-packages/airflow/example_dags/tutorial.py
[2026-03-18T07:32:15.499+0530] {processor.py:830} INFO - Processing file /Users/vybhavswaroop/Desktop/untitled folder 3/ecommerce_platform/venv/lib/python3.11/site-packages/airflow/example_dags/tutorial.py for tasks to queue
[2026-03-18T07:32:15.499+0530] {logging_mixin.py:188} INFO - [2026-03-18T07:32:15.499+0530] {dagbag.py:540} INFO - Filling up the DagBag from /Users/vybhavswaroop/Desktop/untitled folder 3/ecommerce_platform/venv/lib/python3.11/site-packages/airflow/example_dags/tutorial.py
[2026-03-18T07:32:15.502+0530] {processor.py:840} INFO - DAG(s) 'tutorial' retrieved from /Users/vybhavswaroop/Desktop/untitled folder 3/ecommerce_platform/venv/lib/python3.11/site-packages/airflow/example_dags/tutorial.py
[2026-03-18T07:32:15.537+0530] {logging_mixin.py:188} INFO - [2026-03-18T07:32:15.537+0530] {dag.py:3047} INFO - Sync 1 DAGs
[2026-03-18T07:32:15.542+0530] {logging_mixin.py:188} INFO - [2026-03-18T07:32:15.542+0530] {dag.py:3834} INFO - Setting next_dagrun for tutorial to 2026-03-17 00:00:00+00:00, run_after=2026-03-18 00:00:00+00:00
[2026-03-18T07:32:15.548+0530] {processor.py:183} INFO - Processing /Users/vybhavswaroop/Desktop/untitled folder 3/ecommerce_platform/venv/lib/python3.11/site-packages/airflow/example_dags/tutorial.py took 0.050 seconds
[2026-03-18T07:33:40.212+0530] {processor.py:161} INFO - Started process (PID=5063) to work on /Users/vybhavswaroop/Desktop/untitled folder 3/ecommerce_platform/venv/lib/python3.11/site-packages/airflow/example_dags/tutorial.py
[2026-03-18T07:33:40.213+0530] {processor.py:830} INFO - Processing file /Users/vybhavswaroop/Desktop/untitled folder 3/ecommerce_platform/venv/lib/python3.11/site-packages/airflow/example_dags/tutorial.py for tasks to queue
[2026-03-18T07:33:40.213+0530] {logging_mixin.py:188} INFO - [2026-03-18T07:33:40.213+0530] {dagbag.py:540} INFO - Filling up the DagBag from /Users/vybhavswaroop/Desktop/untitled folder 3/ecommerce_platform/venv/lib/python3.11/site-packages/airflow/example_dags/tutorial.py
[2026-03-18T07:33:40.216+0530] {processor.py:840} INFO - DAG(s) 'tutorial' retrieved from /Users/vybhavswaroop/Desktop/untitled folder 3/ecommerce_platform/venv/lib/python3.11/site-packages/airflow/example_dags/tutorial.py
[2026-03-18T07:33:40.251+0530] {logging_mixin.py:188} INFO - [2026-03-18T07:33:40.251+0530] {dag.py:3047} INFO - Sync 1 DAGs
[2026-03-18T07:33:40.257+0530] {logging_mixin.py:188} INFO - [2026-03-18T07:33:40.256+0530] {dag.py:3834} INFO - Setting next_dagrun for tutorial to 2026-03-17 00:00:00+00:00, run_after=2026-03-18 00:00:00+00:00
[2026-03-18T07:33:40.264+0530] {processor.py:183} INFO - Processing /Users/vybhavswaroop/Desktop/untitled folder 3/ecommerce_platform/venv/lib/python3.11/site-packages/airflow/example_dags/tutorial.py took 0.052 seconds
[2026-03-18T07:35:13.377+0530] {processor.py:161} INFO - Started process (PID=5388) to work on /Users/vybhavswaroop/Desktop/untitled folder 3/ecommerce_platform/venv/lib/python3.11/site-packages/airflow/example_dags/tutorial.py
[2026-03-18T07:35:13.378+0530] {processor.py:830} INFO - Processing file /Users/vybhavswaroop/Desktop/untitled folder 3/ecommerce_platform/venv/lib/python3.11/site-packages/airflow/example_dags/tutorial.py for tasks to queue
[2026-03-18T07:35:13.378+0530] {logging_mixin.py:188} INFO - [2026-03-18T07:35:13.378+0530] {dagbag.py:540} INFO - Filling up the DagBag from /Users/vybhavswaroop/Desktop/untitled folder 3/ecommerce_platform/venv/lib/python3.11/site-packages/airflow/example_dags/tutorial.py
[2026-03-18T07:35:13.381+0530] {processor.py:840} INFO - DAG(s) 'tutorial' retrieved from /Users/vybhavswaroop/Desktop/untitled folder 3/ecommerce_platform/venv/lib/python3.11/site-packages/airflow/example_dags/tutorial.py
[2026-03-18T07:35:13.417+0530] {logging_mixin.py:188} INFO - [2026-03-18T07:35:13.417+0530] {dag.py:3047} INFO - Sync 1 DAGs
[2026-03-18T07:35:13.423+0530] {logging_mixin.py:188} INFO - [2026-03-18T07:35:13.422+0530] {dag.py:3834} INFO - Setting next_dagrun for tutorial to 2026-03-17 00:00:00+00:00, run_after=2026-03-18 00:00:00+00:00
[2026-03-18T07:35:13.429+0530] {processor.py:183} INFO - Processing /Users/vybhavswaroop/Desktop/untitled folder 3/ecommerce_platform/venv/lib/python3.11/site-packages/airflow/example_dags/tutorial.py took 0.052 seconds
[2026-03-18T07:36:46.480+0530] {processor.py:161} INFO - Started process (PID=5660) to work on /Users/vybhavswaroop/Desktop/untitled folder 3/ecommerce_platform/venv/lib/python3.11/site-packages/airflow/example_dags/tutorial.py
[2026-03-18T07:36:46.481+0530] {processor.py:830} INFO - Processing file /Users/vybhavswaroop/Desktop/untitled folder 3/ecommerce_platform/venv/lib/python3.11/site-packages/airflow/example_dags/tutorial.py for tasks to queue
[2026-03-18T07:36:46.481+0530] {logging_mixin.py:188} INFO - [2026-03-18T07:36:46.481+0530] {dagbag.py:540} INFO - Filling up the DagBag from /Users/vybhavswaroop/Desktop/untitled folder 3/ecommerce_platform/venv/lib/python3.11/site-packages/airflow/example_dags/tutorial.py
[2026-03-18T07:36:46.484+0530] {processor.py:840} INFO - DAG(s) 'tutorial' retrieved from /Users/vybhavswaroop/Desktop/untitled folder 3/ecommerce_platform/venv/lib/python3.11/site-packages/airflow/example_dags/tutorial.py
[2026-03-18T07:36:46.519+0530] {logging_mixin.py:188} INFO - [2026-03-18T07:36:46.519+0530] {dag.py:3047} INFO - Sync 1 DAGs
[2026-03-18T07:36:46.525+0530] {logging_mixin.py:188} INFO - [2026-03-18T07:36:46.525+0530] {dag.py:3834} INFO - Setting next_dagrun for tutorial to 2026-03-17 00:00:00+00:00, run_after=2026-03-18 00:00:00+00:00
[2026-03-18T07:36:46.532+0530] {processor.py:183} INFO - Processing /Users/vybhavswaroop/Desktop/untitled folder 3/ecommerce_platform/venv/lib/python3.11/site-packages/airflow/example_dags/tutorial.py took 0.052 seconds
[2026-03-18T07:38:16.580+0530] {processor.py:161} INFO - Started process (PID=5975) to work on /Users/vybhavswaroop/Desktop/untitled folder 3/ecommerce_platform/venv/lib/python3.11/site-packages/airflow/example_dags/tutorial.py
[2026-03-18T07:38:16.581+0530] {processor.py:830} INFO - Processing file /Users/vybhavswaroop/Desktop/untitled folder 3/ecommerce_platform/venv/lib/python3.11/site-packages/airflow/example_dags/tutorial.py for tasks to queue
[2026-03-18T07:38:16.581+0530] {logging_mixin.py:188} INFO - [2026-03-18T07:38:16.581+0530] {dagbag.py:540} INFO - Filling up the DagBag from /Users/vybhavswaroop/Desktop/untitled folder 3/ecommerce_platform/venv/lib/python3.11/site-packages/airflow/example_dags/tutorial.py
[2026-03-18T07:38:16.585+0530] {processor.py:840} INFO - DAG(s) 'tutorial' retrieved from /Users/vybhavswaroop/Desktop/untitled folder 3/ecommerce_platform/venv/lib/python3.11/site-packages/airflow/example_dags/tutorial.py
[2026-03-18T07:38:16.621+0530] {logging_mixin.py:188} INFO - [2026-03-18T07:38:16.621+0530] {dag.py:3047} INFO - Sync 1 DAGs
[2026-03-18T07:38:16.627+0530] {logging_mixin.py:188} INFO - [2026-03-18T07:38:16.627+0530] {dag.py:3834} INFO - Setting next_dagrun for tutorial to 2026-03-17 00:00:00+00:00, run_after=2026-03-18 00:00:00+00:00
[2026-03-18T07:38:16.633+0530] {processor.py:183} INFO - Processing /Users/vybhavswaroop/Desktop/untitled folder 3/ecommerce_platform/venv/lib/python3.11/site-packages/airflow/example_dags/tutorial.py took 0.054 seconds
[2026-03-18T07:39:43.387+0530] {processor.py:161} INFO - Started process (PID=6251) to work on /Users/vybhavswaroop/Desktop/untitled folder 3/ecommerce_platform/venv/lib/python3.11/site-packages/airflow/example_dags/tutorial.py
[2026-03-18T07:39:43.388+0530] {processor.py:830} INFO - Processing file /Users/vybhavswaroop/Desktop/untitled folder 3/ecommerce_platform/venv/lib/python3.11/site-packages/airflow/example_dags/tutorial.py for tasks to queue
[2026-03-18T07:39:43.388+0530] {logging_mixin.py:188} INFO - [2026-03-18T07:39:43.388+0530] {dagbag.py:540} INFO - Filling up the DagBag from /Users/vybhavswaroop/Desktop/untitled folder 3/ecommerce_platform/venv/lib/python3.11/site-packages/airflow/example_dags/tutorial.py
[2026-03-18T07:39:43.391+0530] {processor.py:840} INFO - DAG(s) 'tutorial' retrieved from /Users/vybhavswaroop/Desktop/untitled folder 3/ecommerce_platform/venv/lib/python3.11/site-packages/airflow/example_dags/tutorial.py
[2026-03-18T07:39:43.427+0530] {logging_mixin.py:188} INFO - [2026-03-18T07:39:43.427+0530] {dag.py:3047} INFO - Sync 1 DAGs
[2026-03-18T07:39:43.433+0530] {logging_mixin.py:188} INFO - [2026-03-18T07:39:43.433+0530] {dag.py:3834} INFO - Setting next_dagrun for tutorial to 2026-03-17 00:00:00+00:00, run_after=2026-03-18 00:00:00+00:00
[2026-03-18T07:39:43.439+0530] {processor.py:183} INFO - Processing /Users/vybhavswaroop/Desktop/untitled folder 3/ecommerce_platform/venv/lib/python3.11/site-packages/airflow/example_dags/tutorial.py took 0.052 seconds
[2026-03-18T07:41:17.214+0530] {processor.py:161} INFO - Started process (PID=6600) to work on /Users/vybhavswaroop/Desktop/untitled folder 3/ecommerce_platform/venv/lib/python3.11/site-packages/airflow/example_dags/tutorial.py
[2026-03-18T07:41:17.215+0530] {processor.py:830} INFO - Processing file /Users/vybhavswaroop/Desktop/untitled folder 3/ecommerce_platform/venv/lib/python3.11/site-packages/airflow/example_dags/tutorial.py for tasks to queue
[2026-03-18T07:41:17.215+0530] {logging_mixin.py:188} INFO - [2026-03-18T07:41:17.215+0530] {dagbag.py:540} INFO - Filling up the DagBag from /Users/vybhavswaroop/Desktop/untitled folder 3/ecommerce_platform/venv/lib/python3.11/site-packages/airflow/example_dags/tutorial.py
[2026-03-18T07:41:17.218+0530] {processor.py:840} INFO - DAG(s) 'tutorial' retrieved from /Users/vybhavswaroop/Desktop/untitled folder 3/ecommerce_platform/venv/lib/python3.11/site-packages/airflow/example_dags/tutorial.py
[2026-03-18T07:41:17.254+0530] {logging_mixin.py:188} INFO - [2026-03-18T07:41:17.254+0530] {dag.py:3047} INFO - Sync 1 DAGs
[2026-03-18T07:41:17.259+0530] {logging_mixin.py:188} INFO - [2026-03-18T07:41:17.259+0530] {dag.py:3834} INFO - Setting next_dagrun for tutorial to 2026-03-17 00:00:00+00:00, run_after=2026-03-18 00:00:00+00:00
[2026-03-18T07:41:17.266+0530] {processor.py:183} INFO - Processing /Users/vybhavswaroop/Desktop/untitled folder 3/ecommerce_platform/venv/lib/python3.11/site-packages/airflow/example_dags/tutorial.py took 0.053 seconds
[2026-03-18T07:42:56.309+0530] {processor.py:161} INFO - Started process (PID=6964) to work on /Users/vybhavswaroop/Desktop/untitled folder 3/ecommerce_platform/venv/lib/python3.11/site-packages/airflow/example_dags/tutorial.py
[2026-03-18T07:42:56.310+0530] {processor.py:830} INFO - Processing file /Users/vybhavswaroop/Desktop/untitled folder 3/ecommerce_platform/venv/lib/python3.11/site-packages/airflow/example_dags/tutorial.py for tasks to queue
[2026-03-18T07:42:56.310+0530] {logging_mixin.py:188} INFO - [2026-03-18T07:42:56.310+0530] {dagbag.py:540} INFO - Filling up the DagBag from /Users/vybhavswaroop/Desktop/untitled folder 3/ecommerce_platform/venv/lib/python3.11/site-packages/airflow/example_dags/tutorial.py
[2026-03-18T07:42:56.313+0530] {processor.py:840} INFO - DAG(s) 'tutorial' retrieved from /Users/vybhavswaroop/Desktop/untitled folder 3/ecommerce_platform/venv/lib/python3.11/site-packages/airflow/example_dags/tutorial.py
[2026-03-18T07:42:56.351+0530] {logging_mixin.py:188} INFO - [2026-03-18T07:42:56.351+0530] {dag.py:3047} INFO - Sync 1 DAGs
[2026-03-18T07:42:56.358+0530] {logging_mixin.py:188} INFO - [2026-03-18T07:42:56.358+0530] {dag.py:3834} INFO - Setting next_dagrun for tutorial to 2026-03-17 00:00:00+00:00, run_after=2026-03-18 00:00:00+00:00
[2026-03-18T07:42:56.365+0530] {processor.py:183} INFO - Processing /Users/vybhavswaroop/Desktop/untitled folder 3/ecommerce_platform/venv/lib/python3.11/site-packages/airflow/example_dags/tutorial.py took 0.057 seconds
[2026-03-18T07:44:28.490+0530] {processor.py:161} INFO - Started process (PID=7310) to work on /Users/vybhavswaroop/Desktop/untitled folder 3/ecommerce_platform/venv/lib/python3.11/site-packages/airflow/example_dags/tutorial.py
[2026-03-18T07:44:28.492+0530] {processor.py:830} INFO - Processing file /Users/vybhavswaroop/Desktop/untitled folder 3/ecommerce_platform/venv/lib/python3.11/site-packages/airflow/example_dags/tutorial.py for tasks to queue
[2026-03-18T07:44:28.492+0530] {logging_mixin.py:188} INFO - [2026-03-18T07:44:28.492+0530] {dagbag.py:540} INFO - Filling up the DagBag from /Users/vybhavswaroop/Desktop/untitled folder 3/ecommerce_platform/venv/lib/python3.11/site-packages/airflow/example_dags/tutorial.py
[2026-03-18T07:44:28.495+0530] {processor.py:840} INFO - DAG(s) 'tutorial' retrieved from /Users/vybhavswaroop/Desktop/untitled folder 3/ecommerce_platform/venv/lib/python3.11/site-packages/airflow/example_dags/tutorial.py
[2026-03-18T07:44:28.530+0530] {logging_mixin.py:188} INFO - [2026-03-18T07:44:28.530+0530] {dag.py:3047} INFO - Sync 1 DAGs
[2026-03-18T07:44:28.535+0530] {logging_mixin.py:188} INFO - [2026-03-18T07:44:28.535+0530] {dag.py:3834} INFO - Setting next_dagrun for tutorial to 2026-03-17 00:00:00+00:00, run_after=2026-03-18 00:00:00+00:00
[2026-03-18T07:44:28.541+0530] {processor.py:183} INFO - Processing /Users/vybhavswaroop/Desktop/untitled folder 3/ecommerce_platform/venv/lib/python3.11/site-packages/airflow/example_dags/tutorial.py took 0.051 seconds
[2026-03-18T07:45:52.993+0530] {processor.py:161} INFO - Started process (PID=7591) to work on /Users/vybhavswaroop/Desktop/untitled folder 3/ecommerce_platform/venv/lib/python3.11/site-packages/airflow/example_dags/tutorial.py
[2026-03-18T07:45:52.994+0530] {processor.py:830} INFO - Processing file /Users/vybhavswaroop/Desktop/untitled folder 3/ecommerce_platform/venv/lib/python3.11/site-packages/airflow/example_dags/tutorial.py for tasks to queue
[2026-03-18T07:45:52.994+0530] {logging_mixin.py:188} INFO - [2026-03-18T07:45:52.994+0530] {dagbag.py:540} INFO - Filling up the DagBag from /Users/vybhavswaroop/Desktop/untitled folder 3/ecommerce_platform/venv/lib/python3.11/site-packages/airflow/example_dags/tutorial.py
[2026-03-18T07:45:52.997+0530] {processor.py:840} INFO - DAG(s) 'tutorial' retrieved from /Users/vybhavswaroop/Desktop/untitled folder 3/ecommerce_platform/venv/lib/python3.11/site-packages/airflow/example_dags/tutorial.py
[2026-03-18T07:45:53.033+0530] {logging_mixin.py:188} INFO - [2026-03-18T07:45:53.033+0530] {dag.py:3047} INFO - Sync 1 DAGs
[2026-03-18T07:45:53.038+0530] {logging_mixin.py:188} INFO - [2026-03-18T07:45:53.038+0530] {dag.py:3834} INFO - Setting next_dagrun for tutorial to 2026-03-17 00:00:00+00:00, run_after=2026-03-18 00:00:00+00:00
[2026-03-18T07:45:53.044+0530] {processor.py:183} INFO - Processing /Users/vybhavswaroop/Desktop/untitled folder 3/ecommerce_platform/venv/lib/python3.11/site-packages/airflow/example_dags/tutorial.py took 0.051 seconds
[2026-03-18T07:47:14.209+0530] {processor.py:161} INFO - Started process (PID=7835) to work on /Users/vybhavswaroop/Desktop/untitled folder 3/ecommerce_platform/venv/lib/python3.11/site-packages/airflow/example_dags/tutorial.py
[2026-03-18T07:47:14.210+0530] {processor.py:830} INFO - Processing file /Users/vybhavswaroop/Desktop/untitled folder 3/ecommerce_platform/venv/lib/python3.11/site-packages/airflow/example_dags/tutorial.py for tasks to queue
[2026-03-18T07:47:14.210+0530] {logging_mixin.py:188} INFO - [2026-03-18T07:47:14.210+0530] {dagbag.py:540} INFO - Filling up the DagBag from /Users/vybhavswaroop/Desktop/untitled folder 3/ecommerce_platform/venv/lib/python3.11/site-packages/airflow/example_dags/tutorial.py
[2026-03-18T07:47:14.213+0530] {processor.py:840} INFO - DAG(s) 'tutorial' retrieved from /Users/vybhavswaroop/Desktop/untitled folder 3/ecommerce_platform/venv/lib/python3.11/site-packages/airflow/example_dags/tutorial.py
[2026-03-18T07:47:14.248+0530] {logging_mixin.py:188} INFO - [2026-03-18T07:47:14.248+0530] {dag.py:3047} INFO - Sync 1 DAGs
[2026-03-18T07:47:14.254+0530] {logging_mixin.py:188} INFO - [2026-03-18T07:47:14.254+0530] {dag.py:3834} INFO - Setting next_dagrun for tutorial to 2026-03-17 00:00:00+00:00, run_after=2026-03-18 00:00:00+00:00
[2026-03-18T07:47:14.260+0530] {processor.py:183} INFO - Processing /Users/vybhavswaroop/Desktop/untitled folder 3/ecommerce_platform/venv/lib/python3.11/site-packages/airflow/example_dags/tutorial.py took 0.051 seconds
[2026-03-18T07:48:38.451+0530] {processor.py:161} INFO - Started process (PID=8197) to work on /Users/vybhavswaroop/Desktop/untitled folder 3/ecommerce_platform/venv/lib/python3.11/site-packages/airflow/example_dags/tutorial.py
[2026-03-18T07:48:38.451+0530] {processor.py:830} INFO - Processing file /Users/vybhavswaroop/Desktop/untitled folder 3/ecommerce_platform/venv/lib/python3.11/site-packages/airflow/example_dags/tutorial.py for tasks to queue
[2026-03-18T07:48:38.452+0530] {logging_mixin.py:188} INFO - [2026-03-18T07:48:38.452+0530] {dagbag.py:540} INFO - Filling up the DagBag from /Users/vybhavswaroop/Desktop/untitled folder 3/ecommerce_platform/venv/lib/python3.11/site-packages/airflow/example_dags/tutorial.py
[2026-03-18T07:48:38.454+0530] {processor.py:840} INFO - DAG(s) 'tutorial' retrieved from /Users/vybhavswaroop/Desktop/untitled folder 3/ecommerce_platform/venv/lib/python3.11/site-packages/airflow/example_dags/tutorial.py
[2026-03-18T07:48:38.489+0530] {logging_mixin.py:188} INFO - [2026-03-18T07:48:38.489+0530] {dag.py:3047} INFO - Sync 1 DAGs
[2026-03-18T07:48:38.495+0530] {logging_mixin.py:188} INFO - [2026-03-18T07:48:38.495+0530] {dag.py:3834} INFO - Setting next_dagrun for tutorial to 2026-03-17 00:00:00+00:00, run_after=2026-03-18 00:00:00+00:00
[2026-03-18T07:48:38.500+0530] {processor.py:183} INFO - Processing /Users/vybhavswaroop/Desktop/untitled folder 3/ecommerce_platform/venv/lib/python3.11/site-packages/airflow/example_dags/tutorial.py took 0.050 seconds
[2026-03-18T07:50:04.421+0530] {processor.py:161} INFO - Started process (PID=8788) to work on /Users/vybhavswaroop/Desktop/untitled folder 3/ecommerce_platform/venv/lib/python3.11/site-packages/airflow/example_dags/tutorial.py
[2026-03-18T07:50:04.422+0530] {processor.py:830} INFO - Processing file /Users/vybhavswaroop/Desktop/untitled folder 3/ecommerce_platform/venv/lib/python3.11/site-packages/airflow/example_dags/tutorial.py for tasks to queue
[2026-03-18T07:50:04.422+0530] {logging_mixin.py:188} INFO - [2026-03-18T07:50:04.422+0530] {dagbag.py:540} INFO - Filling up the DagBag from /Users/vybhavswaroop/Desktop/untitled folder 3/ecommerce_platform/venv/lib/python3.11/site-packages/airflow/example_dags/tutorial.py
[2026-03-18T07:50:04.425+0530] {processor.py:840} INFO - DAG(s) 'tutorial' retrieved from /Users/vybhavswaroop/Desktop/untitled folder 3/ecommerce_platform/venv/lib/python3.11/site-packages/airflow/example_dags/tutorial.py
[2026-03-18T07:50:04.462+0530] {logging_mixin.py:188} INFO - [2026-03-18T07:50:04.462+0530] {dag.py:3047} INFO - Sync 1 DAGs
[2026-03-18T07:50:04.468+0530] {logging_mixin.py:188} INFO - [2026-03-18T07:50:04.468+0530] {dag.py:3834} INFO - Setting next_dagrun for tutorial to 2026-03-17 00:00:00+00:00, run_after=2026-03-18 00:00:00+00:00
[2026-03-18T07:50:04.473+0530] {processor.py:183} INFO - Processing /Users/vybhavswaroop/Desktop/untitled folder 3/ecommerce_platform/venv/lib/python3.11/site-packages/airflow/example_dags/tutorial.py took 0.053 seconds
[2026-03-18T07:51:30.797+0530] {processor.py:161} INFO - Started process (PID=9374) to work on /Users/vybhavswaroop/Desktop/untitled folder 3/ecommerce_platform/venv/lib/python3.11/site-packages/airflow/example_dags/tutorial.py
[2026-03-18T07:51:30.798+0530] {processor.py:830} INFO - Processing file /Users/vybhavswaroop/Desktop/untitled folder 3/ecommerce_platform/venv/lib/python3.11/site-packages/airflow/example_dags/tutorial.py for tasks to queue
[2026-03-18T07:51:30.799+0530] {logging_mixin.py:188} INFO - [2026-03-18T07:51:30.799+0530] {dagbag.py:540} INFO - Filling up the DagBag from /Users/vybhavswaroop/Desktop/untitled folder 3/ecommerce_platform/venv/lib/python3.11/site-packages/airflow/example_dags/tutorial.py
[2026-03-18T07:51:30.801+0530] {processor.py:840} INFO - DAG(s) 'tutorial' retrieved from /Users/vybhavswaroop/Desktop/untitled folder 3/ecommerce_platform/venv/lib/python3.11/site-packages/airflow/example_dags/tutorial.py
[2026-03-18T07:51:30.836+0530] {logging_mixin.py:188} INFO - [2026-03-18T07:51:30.836+0530] {dag.py:3047} INFO - Sync 1 DAGs
[2026-03-18T07:51:30.842+0530] {logging_mixin.py:188} INFO - [2026-03-18T07:51:30.842+0530] {dag.py:3834} INFO - Setting next_dagrun for tutorial to 2026-03-17 00:00:00+00:00, run_after=2026-03-18 00:00:00+00:00
[2026-03-18T07:51:30.847+0530] {processor.py:183} INFO - Processing /Users/vybhavswaroop/Desktop/untitled folder 3/ecommerce_platform/venv/lib/python3.11/site-packages/airflow/example_dags/tutorial.py took 0.050 seconds
[2026-03-18T07:52:59.577+0530] {processor.py:161} INFO - Started process (PID=10739) to work on /Users/vybhavswaroop/Desktop/untitled folder 3/ecommerce_platform/venv/lib/python3.11/site-packages/airflow/example_dags/tutorial.py
[2026-03-18T07:52:59.578+0530] {processor.py:830} INFO - Processing file /Users/vybhavswaroop/Desktop/untitled folder 3/ecommerce_platform/venv/lib/python3.11/site-packages/airflow/example_dags/tutorial.py for tasks to queue
[2026-03-18T07:52:59.578+0530] {logging_mixin.py:188} INFO - [2026-03-18T07:52:59.578+0530] {dagbag.py:540} INFO - Filling up the DagBag from /Users/vybhavswaroop/Desktop/untitled folder 3/ecommerce_platform/venv/lib/python3.11/site-packages/airflow/example_dags/tutorial.py
[2026-03-18T07:52:59.581+0530] {processor.py:840} INFO - DAG(s) 'tutorial' retrieved from /Users/vybhavswaroop/Desktop/untitled folder 3/ecommerce_platform/venv/lib/python3.11/site-packages/airflow/example_dags/tutorial.py
[2026-03-18T07:52:59.592+0530] {logging_mixin.py:188} INFO - [2026-03-18T07:52:59.592+0530] {dag.py:3047} INFO - Sync 1 DAGs
[2026-03-18T07:52:59.618+0530] {logging_mixin.py:188} INFO - [2026-03-18T07:52:59.618+0530] {dag.py:3834} INFO - Setting next_dagrun for tutorial to 2026-03-17 00:00:00+00:00, run_after=2026-03-18 00:00:00+00:00
[2026-03-18T07:52:59.624+0530] {processor.py:183} INFO - Processing /Users/vybhavswaroop/Desktop/untitled folder 3/ecommerce_platform/venv/lib/python3.11/site-packages/airflow/example_dags/tutorial.py took 0.047 seconds
[2026-03-18T07:55:04.551+0530] {processor.py:161} INFO - Started process (PID=11109) to work on /Users/vybhavswaroop/Desktop/untitled folder 3/ecommerce_platform/venv/lib/python3.11/site-packages/airflow/example_dags/tutorial.py
[2026-03-18T07:55:04.552+0530] {processor.py:830} INFO - Processing file /Users/vybhavswaroop/Desktop/untitled folder 3/ecommerce_platform/venv/lib/python3.11/site-packages/airflow/example_dags/tutorial.py for tasks to queue
[2026-03-18T07:55:04.552+0530] {logging_mixin.py:188} INFO - [2026-03-18T07:55:04.552+0530] {dagbag.py:540} INFO - Filling up the DagBag from /Users/vybhavswaroop/Desktop/untitled folder 3/ecommerce_platform/venv/lib/python3.11/site-packages/airflow/example_dags/tutorial.py
[2026-03-18T07:55:04.555+0530] {processor.py:840} INFO - DAG(s) 'tutorial' retrieved from /Users/vybhavswaroop/Desktop/untitled folder 3/ecommerce_platform/venv/lib/python3.11/site-packages/airflow/example_dags/tutorial.py
[2026-03-18T07:55:04.619+0530] {logging_mixin.py:188} INFO - [2026-03-18T07:55:04.619+0530] {dag.py:3047} INFO - Sync 1 DAGs
[2026-03-18T07:55:04.625+0530] {logging_mixin.py:188} INFO - [2026-03-18T07:55:04.625+0530] {dag.py:3834} INFO - Setting next_dagrun for tutorial to 2026-03-17 00:00:00+00:00, run_after=2026-03-18 00:00:00+00:00
[2026-03-18T07:55:04.632+0530] {processor.py:183} INFO - Processing /Users/vybhavswaroop/Desktop/untitled folder 3/ecommerce_platform/venv/lib/python3.11/site-packages/airflow/example_dags/tutorial.py took 0.081 seconds
[2026-03-18T07:56:37.685+0530] {processor.py:161} INFO - Started process (PID=11380) to work on /Users/vybhavswaroop/Desktop/untitled folder 3/ecommerce_platform/venv/lib/python3.11/site-packages/airflow/example_dags/tutorial.py
[2026-03-18T07:56:37.685+0530] {processor.py:830} INFO - Processing file /Users/vybhavswaroop/Desktop/untitled folder 3/ecommerce_platform/venv/lib/python3.11/site-packages/airflow/example_dags/tutorial.py for tasks to queue
[2026-03-18T07:56:37.685+0530] {logging_mixin.py:188} INFO - [2026-03-18T07:56:37.685+0530] {dagbag.py:540} INFO - Filling up the DagBag from /Users/vybhavswaroop/Desktop/untitled folder 3/ecommerce_platform/venv/lib/python3.11/site-packages/airflow/example_dags/tutorial.py
[2026-03-18T07:56:37.688+0530] {processor.py:840} INFO - DAG(s) 'tutorial' retrieved from /Users/vybhavswaroop/Desktop/untitled folder 3/ecommerce_platform/venv/lib/python3.11/site-packages/airflow/example_dags/tutorial.py
[2026-03-18T07:56:37.722+0530] {logging_mixin.py:188} INFO - [2026-03-18T07:56:37.722+0530] {dag.py:3047} INFO - Sync 1 DAGs
[2026-03-18T07:56:37.728+0530] {logging_mixin.py:188} INFO - [2026-03-18T07:56:37.728+0530] {dag.py:3834} INFO - Setting next_dagrun for tutorial to 2026-03-17 00:00:00+00:00, run_after=2026-03-18 00:00:00+00:00
[2026-03-18T07:56:37.733+0530] {processor.py:183} INFO - Processing /Users/vybhavswaroop/Desktop/untitled folder 3/ecommerce_platform/venv/lib/python3.11/site-packages/airflow/example_dags/tutorial.py took 0.049 seconds
[2026-03-18T07:58:03.367+0530] {processor.py:161} INFO - Started process (PID=11625) to work on /Users/vybhavswaroop/Desktop/untitled folder 3/ecommerce_platform/venv/lib/python3.11/site-packages/airflow/example_dags/tutorial.py
[2026-03-18T07:58:03.367+0530] {processor.py:830} INFO - Processing file /Users/vybhavswaroop/Desktop/untitled folder 3/ecommerce_platform/venv/lib/python3.11/site-packages/airflow/example_dags/tutorial.py for tasks to queue
[2026-03-18T07:58:03.368+0530] {logging_mixin.py:188} INFO - [2026-03-18T07:58:03.368+0530] {dagbag.py:540} INFO - Filling up the DagBag from /Users/vybhavswaroop/Desktop/untitled folder 3/ecommerce_platform/venv/lib/python3.11/site-packages/airflow/example_dags/tutorial.py
[2026-03-18T07:58:03.370+0530] {processor.py:840} INFO - DAG(s) 'tutorial' retrieved from /Users/vybhavswaroop/Desktop/untitled folder 3/ecommerce_platform/venv/lib/python3.11/site-packages/airflow/example_dags/tutorial.py
[2026-03-18T07:58:03.406+0530] {logging_mixin.py:188} INFO - [2026-03-18T07:58:03.406+0530] {dag.py:3047} INFO - Sync 1 DAGs
[2026-03-18T07:58:03.411+0530] {logging_mixin.py:188} INFO - [2026-03-18T07:58:03.411+0530] {dag.py:3834} INFO - Setting next_dagrun for tutorial to 2026-03-17 00:00:00+00:00, run_after=2026-03-18 00:00:00+00:00
[2026-03-18T07:58:03.418+0530] {processor.py:183} INFO - Processing /Users/vybhavswaroop/Desktop/untitled folder 3/ecommerce_platform/venv/lib/python3.11/site-packages/airflow/example_dags/tutorial.py took 0.051 seconds
