[2026-03-18T05:58:53.269+0530] {processor.py:161} INFO - Started process (PID=97215) to work on /Users/vybhavswaroop/Desktop/untitled folder 3/ecommerce_platform/venv/lib/python3.11/site-packages/airflow/example_dags/tutorial_dag.py
[2026-03-18T05:58:53.270+0530] {processor.py:830} INFO - Processing file /Users/vybhavswaroop/Desktop/untitled folder 3/ecommerce_platform/venv/lib/python3.11/site-packages/airflow/example_dags/tutorial_dag.py for tasks to queue
[2026-03-18T05:58:53.271+0530] {logging_mixin.py:188} INFO - [2026-03-18T05:58:53.271+0530] {dagbag.py:540} INFO - Filling up the DagBag from /Users/vybhavswaroop/Desktop/untitled folder 3/ecommerce_platform/venv/lib/python3.11/site-packages/airflow/example_dags/tutorial_dag.py
[2026-03-18T05:58:53.296+0530] {processor.py:840} INFO - DAG(s) 'tutorial_dag' retrieved from /Users/vybhavswaroop/Desktop/untitled folder 3/ecommerce_platform/venv/lib/python3.11/site-packages/airflow/example_dags/tutorial_dag.py
[2026-03-18T05:58:53.391+0530] {logging_mixin.py:188} INFO - [2026-03-18T05:58:53.391+0530] {dag.py:3047} INFO - Sync 1 DAGs
[2026-03-18T05:58:53.398+0530] {logging_mixin.py:188} INFO - [2026-03-18T05:58:53.398+0530] {dag.py:3834} INFO - Setting next_dagrun for tutorial_dag to None, run_after=None
[2026-03-18T05:58:53.416+0530] {processor.py:183} INFO - Processing /Users/vybhavswaroop/Desktop/untitled folder 3/ecommerce_platform/venv/lib/python3.11/site-packages/airflow/example_dags/tutorial_dag.py took 0.148 seconds
[2026-03-18T07:19:57.001+0530] {processor.py:161} INFO - Started process (PID=99302) to work on /Users/vybhavswaroop/Desktop/untitled folder 3/ecommerce_platform/venv/lib/python3.11/site-packages/airflow/example_dags/tutorial_dag.py
[2026-03-18T07:19:57.002+0530] {processor.py:830} INFO - Processing file /Users/vybhavswaroop/Desktop/untitled folder 3/ecommerce_platform/venv/lib/python3.11/site-packages/airflow/example_dags/tutorial_dag.py for tasks to queue
[2026-03-18T07:19:57.002+0530] {logging_mixin.py:188} INFO - [2026-03-18T07:19:57.002+0530] {dagbag.py:540} INFO - Filling up the DagBag from /Users/vybhavswaroop/Desktop/untitled folder 3/ecommerce_platform/venv/lib/python3.11/site-packages/airflow/example_dags/tutorial_dag.py
[2026-03-18T07:19:57.012+0530] {processor.py:840} INFO - DAG(s) 'tutorial_dag' retrieved from /Users/vybhavswaroop/Desktop/untitled folder 3/ecommerce_platform/venv/lib/python3.11/site-packages/airflow/example_dags/tutorial_dag.py
[2026-03-18T07:19:57.049+0530] {logging_mixin.py:188} INFO - [2026-03-18T07:19:57.049+0530] {dag.py:3047} INFO - Sync 1 DAGs
[2026-03-18T07:19:57.052+0530] {logging_mixin.py:188} INFO - [2026-03-18T07:19:57.052+0530] {dag.py:3834} INFO - Setting next_dagrun for tutorial_dag to None, run_after=None
[2026-03-18T07:19:57.060+0530] {processor.py:183} INFO - Processing /Users/vybhavswaroop/Desktop/untitled folder 3/ecommerce_platform/venv/lib/python3.11/site-packages/airflow/example_dags/tutorial_dag.py took 0.059 seconds
[2026-03-18T07:20:56.150+0530] {processor.py:161} INFO - Started process (PID=1628) to work on /Users/vybhavswaroop/Desktop/untitled folder 3/ecommerce_platform/venv/lib/python3.11/site-packages/airflow/example_dags/tutorial_dag.py
[2026-03-18T07:20:56.151+0530] {processor.py:830} INFO - Processing file /Users/vybhavswaroop/Desktop/untitled folder 3/ecommerce_platform/venv/lib/python3.11/site-packages/airflow/example_dags/tutorial_dag.py for tasks to queue
[2026-03-18T07:20:56.151+0530] {logging_mixin.py:188} INFO - [2026-03-18T07:20:56.151+0530] {dagbag.py:540} INFO - Filling up the DagBag from /Users/vybhavswaroop/Desktop/untitled folder 3/ecommerce_platform/venv/lib/python3.11/site-packages/airflow/example_dags/tutorial_dag.py
[2026-03-18T07:20:56.160+0530] {processor.py:840} INFO - DAG(s) 'tutorial_dag' retrieved from /Users/vybhavswaroop/Desktop/untitled folder 3/ecommerce_platform/venv/lib/python3.11/site-packages/airflow/example_dags/tutorial_dag.py
[2026-03-18T07:20:56.194+0530] {logging_mixin.py:188} INFO - [2026-03-18T07:20:56.194+0530] {dag.py:3047} INFO - Sync 1 DAGs
[2026-03-18T07:20:56.197+0530] {logging_mixin.py:188} INFO - [2026-03-18T07:20:56.197+0530] {dag.py:3834} INFO - Setting next_dagrun for tutorial_dag to None, run_after=None
[2026-03-18T07:20:56.203+0530] {processor.py:183} INFO - Processing /Users/vybhavswaroop/Desktop/untitled folder 3/ecommerce_platform/venv/lib/python3.11/site-packages/airflow/example_dags/tutorial_dag.py took 0.053 seconds
[2026-03-18T07:21:52.173+0530] {processor.py:161} INFO - Started process (PID=2863) to work on /Users/vybhavswaroop/Desktop/untitled folder 3/ecommerce_platform/venv/lib/python3.11/site-packages/airflow/example_dags/tutorial_dag.py
[2026-03-18T07:21:52.174+0530] {processor.py:830} INFO - Processing file /Users/vybhavswaroop/Desktop/untitled folder 3/ecommerce_platform/venv/lib/python3.11/site-packages/airflow/example_dags/tutorial_dag.py for tasks to queue
[2026-03-18T07:21:52.174+0530] {logging_mixin.py:188} INFO - [2026-03-18T07:21:52.174+0530] {dagbag.py:540} INFO - Filling up the DagBag from /Users/vybhavswaroop/Desktop/untitled folder 3/ecommerce_platform/venv/lib/python3.11/site-packages/airflow/example_dags/tutorial_dag.py
[2026-03-18T07:21:52.184+0530] {processor.py:840} INFO - DAG(s) 'tutorial_dag' retrieved from /Users/vybhavswaroop/Desktop/untitled folder 3/ecommerce_platform/venv/lib/python3.11/site-packages/airflow/example_dags/tutorial_dag.py
[2026-03-18T07:21:52.194+0530] {logging_mixin.py:188} INFO - [2026-03-18T07:21:52.194+0530] {dag.py:3047} INFO - Sync 1 DAGs
[2026-03-18T07:21:52.217+0530] {logging_mixin.py:188} INFO - [2026-03-18T07:21:52.217+0530] {dag.py:3834} INFO - Setting next_dagrun for tutorial_dag to None, run_after=None
[2026-03-18T07:21:52.224+0530] {processor.py:183} INFO - Processing /Users/vybhavswaroop/Desktop/untitled folder 3/ecommerce_platform/venv/lib/python3.11/site-packages/airflow/example_dags/tutorial_dag.py took 0.051 seconds
[2026-03-18T07:23:55.248+0530] {processor.py:161} INFO - Started process (PID=3337) to work on /Users/vybhavswaroop/Desktop/untitled folder 3/ecommerce_platform/venv/lib/python3.11/site-packages/airflow/example_dags/tutorial_dag.py
[2026-03-18T07:23:55.249+0530] {processor.py:830} INFO - Processing file /Users/vybhavswaroop/Desktop/untitled folder 3/ecommerce_platform/venv/lib/python3.11/site-packages/airflow/example_dags/tutorial_dag.py for tasks to queue
[2026-03-18T07:23:55.249+0530] {logging_mixin.py:188} INFO - [2026-03-18T07:23:55.249+0530] {dagbag.py:540} INFO - Filling up the DagBag from /Users/vybhavswaroop/Desktop/untitled folder 3/ecommerce_platform/venv/lib/python3.11/site-packages/airflow/example_dags/tutorial_dag.py
[2026-03-18T07:23:55.259+0530] {processor.py:840} INFO - DAG(s) 'tutorial_dag' retrieved from /Users/vybhavswaroop/Desktop/untitled folder 3/ecommerce_platform/venv/lib/python3.11/site-packages/airflow/example_dags/tutorial_dag.py
[2026-03-18T07:23:55.318+0530] {logging_mixin.py:188} INFO - [2026-03-18T07:23:55.318+0530] {dag.py:3047} INFO - Sync 1 DAGs
[2026-03-18T07:23:55.321+0530] {logging_mixin.py:188} INFO - [2026-03-18T07:23:55.321+0530] {dag.py:3834} INFO - Setting next_dagrun for tutorial_dag to None, run_after=None
[2026-03-18T07:23:55.327+0530] {processor.py:183} INFO - Processing /Users/vybhavswaroop/Desktop/untitled folder 3/ecommerce_platform/venv/lib/python3.11/site-packages/airflow/example_dags/tutorial_dag.py took 0.080 seconds
[2026-03-18T07:25:20.603+0530] {processor.py:161} INFO - Started process (PID=3587) to work on /Users/vybhavswaroop/Desktop/untitled folder 3/ecommerce_platform/venv/lib/python3.11/site-packages/airflow/example_dags/tutorial_dag.py
[2026-03-18T07:25:20.603+0530] {processor.py:830} INFO - Processing file /Users/vybhavswaroop/Desktop/untitled folder 3/ecommerce_platform/venv/lib/python3.11/site-packages/airflow/example_dags/tutorial_dag.py for tasks to queue
[2026-03-18T07:25:20.603+0530] {logging_mixin.py:188} INFO - [2026-03-18T07:25:20.603+0530] {dagbag.py:540} INFO - Filling up the DagBag from /Users/vybhavswaroop/Desktop/untitled folder 3/ecommerce_platform/venv/lib/python3.11/site-packages/airflow/example_dags/tutorial_dag.py
[2026-03-18T07:25:20.613+0530] {processor.py:840} INFO - DAG(s) 'tutorial_dag' retrieved from /Users/vybhavswaroop/Desktop/untitled folder 3/ecommerce_platform/venv/lib/python3.11/site-packages/airflow/example_dags/tutorial_dag.py
[2026-03-18T07:25:20.647+0530] {logging_mixin.py:188} INFO - [2026-03-18T07:25:20.647+0530] {dag.py:3047} INFO - Sync 1 DAGs
[2026-03-18T07:25:20.650+0530] {logging_mixin.py:188} INFO - [2026-03-18T07:25:20.650+0530] {dag.py:3834} INFO - Setting next_dagrun for tutorial_dag to None, run_after=None
[2026-03-18T07:25:20.656+0530] {processor.py:183} INFO - Processing /Users/vybhavswaroop/Desktop/untitled folder 3/ecommerce_platform/venv/lib/python3.11/site-packages/airflow/example_dags/tutorial_dag.py took 0.054 seconds
[2026-03-18T07:26:45.233+0530] {processor.py:161} INFO - Started process (PID=3836) to work on /Users/vybhavswaroop/Desktop/untitled folder 3/ecommerce_platform/venv/lib/python3.11/site-packages/airflow/example_dags/tutorial_dag.py
[2026-03-18T07:26:45.234+0530] {processor.py:830} INFO - Processing file /Users/vybhavswaroop/Desktop/untitled folder 3/ecommerce_platform/venv/lib/python3.11/site-packages/airflow/example_dags/tutorial_dag.py for tasks to queue
[2026-03-18T07:26:45.234+0530] {logging_mixin.py:188} INFO - [2026-03-18T07:26:45.234+0530] {dagbag.py:540} INFO - Filling up the DagBag from /Users/vybhavswaroop/Desktop/untitled folder 3/ecommerce_platform/venv/lib/python3.11/site-packages/airflow/example_dags/tutorial_dag.py
[2026-03-18T07:26:45.243+0530] {processor.py:840} INFO - DAG(s) 'tutorial_dag' retrieved from /Users/vybhavswaroop/Desktop/untitled folder 3/ecommerce_platform/venv/lib/python3.11/site-packages/airflow/example_dags/tutorial_dag.py
[2026-03-18T07:26:45.278+0530] {logging_mixin.py:188} INFO - [2026-03-18T07:26:45.277+0530] {dag.py:3047} INFO - Sync 1 DAGs
[2026-03-18T07:26:45.280+0530] {logging_mixin.py:188} INFO - [2026-03-18T07:26:45.280+0530] {dag.py:3834} INFO - Setting next_dagrun for tutorial_dag to None, run_after=None
[2026-03-18T07:26:45.287+0530] {processor.py:183} INFO - Processing /Users/vybhavswaroop/Desktop/untitled folder 3/ecommerce_platform/venv/lib/python3.11/site-packages/airflow/example_dags/tutorial_dag.py took 0.054 seconds
[2026-03-18T07:28:07.575+0530] {processor.py:161} INFO - Started process (PID=4083) to work on /Users/vybhavswaroop/Desktop/untitled folder 3/ecommerce_platform/venv/lib/python3.11/site-packages/airflow/example_dags/tutorial_dag.py
[2026-03-18T07:28:07.576+0530] {processor.py:830} INFO - Processing file /Users/vybhavswaroop/Desktop/untitled folder 3/ecommerce_platform/venv/lib/python3.11/site-packages/airflow/example_dags/tutorial_dag.py for tasks to queue
[2026-03-18T07:28:07.576+0530] {logging_mixin.py:188} INFO - [2026-03-18T07:28:07.576+0530] {dagbag.py:540} INFO - Filling up the DagBag from /Users/vybhavswaroop/Desktop/untitled folder 3/ecommerce_platform/venv/lib/python3.11/site-packages/airflow/example_dags/tutorial_dag.py
[2026-03-18T07:28:07.585+0530] {processor.py:840} INFO - DAG(s) 'tutorial_dag' retrieved from /Users/vybhavswaroop/Desktop/untitled folder 3/ecommerce_platform/venv/lib/python3.11/site-packages/airflow/example_dags/tutorial_dag.py
[2026-03-18T07:28:07.620+0530] {logging_mixin.py:188} INFO - [2026-03-18T07:28:07.619+0530] {dag.py:3047} INFO - Sync 1 DAGs
[2026-03-18T07:28:07.622+0530] {logging_mixin.py:188} INFO - [2026-03-18T07:28:07.622+0530] {dag.py:3834} INFO - Setting next_dagrun for tutorial_dag to None, run_after=None
[2026-03-18T07:28:07.629+0530] {processor.py:183} INFO - Processing /Users/vybhavswaroop/Desktop/untitled folder 3/ecommerce_platform/venv/lib/python3.11/site-packages/airflow/example_dags/tutorial_dag.py took 0.054 seconds
[2026-03-18T07:29:28.378+0530] {processor.py:161} INFO - Started process (PID=4322) to work on /Users/vybhavswaroop/Desktop/untitled folder 3/ecommerce_platform/venv/lib/python3.11/site-packages/airflow/example_dags/tutorial_dag.py
[2026-03-18T07:29:28.379+0530] {processor.py:830} INFO - Processing file /Users/vybhavswaroop/Desktop/untitled folder 3/ecommerce_platform/venv/lib/python3.11/site-packages/airflow/example_dags/tutorial_dag.py for tasks to queue
[2026-03-18T07:29:28.379+0530] {logging_mixin.py:188} INFO - [2026-03-18T07:29:28.379+0530] {dagbag.py:540} INFO - Filling up the DagBag from /Users/vybhavswaroop/Desktop/untitled folder 3/ecommerce_platform/venv/lib/python3.11/site-packages/airflow/example_dags/tutorial_dag.py
[2026-03-18T07:29:28.388+0530] {processor.py:840} INFO - DAG(s) 'tutorial_dag' retrieved from /Users/vybhavswaroop/Desktop/untitled folder 3/ecommerce_platform/venv/lib/python3.11/site-packages/airflow/example_dags/tutorial_dag.py
[2026-03-18T07:29:28.422+0530] {logging_mixin.py:188} INFO - [2026-03-18T07:29:28.422+0530] {dag.py:3047} INFO - Sync 1 DAGs
[2026-03-18T07:29:28.425+0530] {logging_mixin.py:188} INFO - [2026-03-18T07:29:28.425+0530] {dag.py:3834} INFO - Setting next_dagrun for tutorial_dag to None, run_after=None
[2026-03-18T07:29:28.431+0530] {processor.py:183} INFO - Processing /Users/vybhavswaroop/Desktop/untitled folder 3/ecommerce_platform/venv/lib/python3.11/site-packages/airflow/example_dags/tutorial_dag.py took 0.053 seconds
[2026-03-18T07:30:50.069+0530] {processor.py:161} INFO - Started process (PID=4566) to work on /Users/vybhavswaroop/Desktop/untitled folder 3/ecommerce_platform/venv/lib/python3.11/site-packages/airflow/example_dags/tutorial_dag.py
[2026-03-18T07:30:50.069+0530] {processor.py:830} INFO - Processing file /Users/vybhavswaroop/Desktop/untitled folder 3/ecommerce_platform/venv/lib/python3.11/site-packages/airflow/example_dags/tutorial_dag.py for tasks to queue
[2026-03-18T07:30:50.069+0530] {logging_mixin.py:188} INFO - [2026-03-18T07:30:50.069+0530] {dagbag.py:540} INFO - Filling up the DagBag from /Users/vybhavswaroop/Desktop/untitled folder 3/ecommerce_platform/venv/lib/python3.11/site-packages/airflow/example_dags/tutorial_dag.py
[2026-03-18T07:30:50.078+0530] {processor.py:840} INFO - DAG(s) 'tutorial_dag' retrieved from /Users/vybhavswaroop/Desktop/untitled folder 3/ecommerce_platform/venv/lib/python3.11/site-packages/airflow/example_dags/tutorial_dag.py
[2026-03-18T07:30:50.113+0530] {logging_mixin.py:188} INFO - [2026-03-18T07:30:50.113+0530] {dag.py:3047} INFO - Sync 1 DAGs
[2026-03-18T07:30:50.116+0530] {logging_mixin.py:188} INFO - [2026-03-18T07:30:50.116+0530] {dag.py:3834} INFO - Setting next_dagrun for tutorial_dag to None, run_after=None
[2026-03-18T07:30:50.122+0530] {processor.py:183} INFO - Processing /Users/vybhavswaroop/Desktop/untitled folder 3/ecommerce_platform/venv/lib/python3.11/site-packages/airflow/example_dags/tutorial_dag.py took 0.054 seconds
[2026-03-18T07:32:12.961+0530] {processor.py:161} INFO - Started process (PID=4811) to work on /Users/vybhavswaroop/Desktop/untitled folder 3/ecommerce_platform/venv/lib/python3.11/site-packages/airflow/example_dags/tutorial_dag.py
[2026-03-18T07:32:12.962+0530] {processor.py:830} INFO - Processing file /Users/vybhavswaroop/Desktop/untitled folder 3/ecommerce_platform/venv/lib/python3.11/site-packages/airflow/example_dags/tutorial_dag.py for tasks to queue
[2026-03-18T07:32:12.962+0530] {logging_mixin.py:188} INFO - [2026-03-18T07:32:12.962+0530] {dagbag.py:540} INFO - Filling up the DagBag from /Users/vybhavswaroop/Desktop/untitled folder 3/ecommerce_platform/venv/lib/python3.11/site-packages/airflow/example_dags/tutorial_dag.py
[2026-03-18T07:32:12.971+0530] {processor.py:840} INFO - DAG(s) 'tutorial_dag' retrieved from /Users/vybhavswaroop/Desktop/untitled folder 3/ecommerce_platform/venv/lib/python3.11/site-packages/airflow/example_dags/tutorial_dag.py
[2026-03-18T07:32:13.005+0530] {logging_mixin.py:188} INFO - [2026-03-18T07:32:13.005+0530] {dag.py:3047} INFO - Sync 1 DAGs
[2026-03-18T07:32:13.008+0530] {logging_mixin.py:188} INFO - [2026-03-18T07:32:13.008+0530] {dag.py:3834} INFO - Setting next_dagrun for tutorial_dag to None, run_after=None
[2026-03-18T07:32:13.014+0530] {processor.py:183} INFO - Processing /Users/vybhavswaroop/Desktop/untitled folder 3/ecommerce_platform/venv/lib/python3.11/site-packages/airflow/example_dags/tutorial_dag.py took 0.053 seconds
[2026-03-18T07:33:37.668+0530] {processor.py:161} INFO - Started process (PID=5057) to work on /Users/vybhavswaroop/Desktop/untitled folder 3/ecommerce_platform/venv/lib/python3.11/site-packages/airflow/example_dags/tutorial_dag.py
[2026-03-18T07:33:37.669+0530] {processor.py:830} INFO - Processing file /Users/vybhavswaroop/Desktop/untitled folder 3/ecommerce_platform/venv/lib/python3.11/site-packages/airflow/example_dags/tutorial_dag.py for tasks to queue
[2026-03-18T07:33:37.669+0530] {logging_mixin.py:188} INFO - [2026-03-18T07:33:37.669+0530] {dagbag.py:540} INFO - Filling up the DagBag from /Users/vybhavswaroop/Desktop/untitled folder 3/ecommerce_platform/venv/lib/python3.11/site-packages/airflow/example_dags/tutorial_dag.py
[2026-03-18T07:33:37.678+0530] {processor.py:840} INFO - DAG(s) 'tutorial_dag' retrieved from /Users/vybhavswaroop/Desktop/untitled folder 3/ecommerce_platform/venv/lib/python3.11/site-packages/airflow/example_dags/tutorial_dag.py
[2026-03-18T07:33:37.712+0530] {logging_mixin.py:188} INFO - [2026-03-18T07:33:37.712+0530] {dag.py:3047} INFO - Sync 1 DAGs
[2026-03-18T07:33:37.715+0530] {logging_mixin.py:188} INFO - [2026-03-18T07:33:37.715+0530] {dag.py:3834} INFO - Setting next_dagrun for tutorial_dag to None, run_after=None
[2026-03-18T07:33:37.721+0530] {processor.py:183} INFO - Processing /Users/vybhavswaroop/Desktop/untitled folder 3/ecommerce_platform/venv/lib/python3.11/site-packages/airflow/example_dags/tutorial_dag.py took 0.053 seconds
[2026-03-18T07:35:10.871+0530] {processor.py:161} INFO - Started process (PID=5382) to work on /Users/vybhavswaroop/Desktop/untitled folder 3/ecommerce_platform/venv/lib/python3.11/site-packages/airflow/example_dags/tutorial_dag.py
[2026-03-18T07:35:10.872+0530] {processor.py:830} INFO - Processing file /Users/vybhavswaroop/Desktop/untitled folder 3/ecommerce_platform/venv/lib/python3.11/site-packages/airflow/example_dags/tutorial_dag.py for tasks to queue
[2026-03-18T07:35:10.872+0530] {logging_mixin.py:188} INFO - [2026-03-18T07:35:10.872+0530] {dagbag.py:540} INFO - Filling up the DagBag from /Users/vybhavswaroop/Desktop/untitled folder 3/ecommerce_platform/venv/lib/python3.11/site-packages/airflow/example_dags/tutorial_dag.py
[2026-03-18T07:35:10.882+0530] {processor.py:840} INFO - DAG(s) 'tutorial_dag' retrieved from /Users/vybhavswaroop/Desktop/untitled folder 3/ecommerce_platform/venv/lib/python3.11/site-packages/airflow/example_dags/tutorial_dag.py
[2026-03-18T07:35:10.916+0530] {logging_mixin.py:188} INFO - [2026-03-18T07:35:10.916+0530] {dag.py:3047} INFO - Sync 1 DAGs
[2026-03-18T07:35:10.919+0530] {logging_mixin.py:188} INFO - [2026-03-18T07:35:10.919+0530] {dag.py:3834} INFO - Setting next_dagrun for tutorial_dag to None, run_after=None
[2026-03-18T07:35:10.926+0530] {processor.py:183} INFO - Processing /Users/vybhavswaroop/Desktop/untitled folder 3/ecommerce_platform/venv/lib/python3.11/site-packages/airflow/example_dags/tutorial_dag.py took 0.055 seconds
[2026-03-18T07:36:43.990+0530] {processor.py:161} INFO - Started process (PID=5654) to work on /Users/vybhavswaroop/Desktop/untitled folder 3/ecommerce_platform/venv/lib/python3.11/site-packages/airflow/example_dags/tutorial_dag.py
[2026-03-18T07:36:43.990+0530] {processor.py:830} INFO - Processing file /Users/vybhavswaroop/Desktop/untitled folder 3/ecommerce_platform/venv/lib/python3.11/site-packages/airflow/example_dags/tutorial_dag.py for tasks to queue
[2026-03-18T07:36:43.991+0530] {logging_mixin.py:188} INFO - [2026-03-18T07:36:43.990+0530] {dagbag.py:540} INFO - Filling up the DagBag from /Users/vybhavswaroop/Desktop/untitled folder 3/ecommerce_platform/venv/lib/python3.11/site-packages/airflow/example_dags/tutorial_dag.py
[2026-03-18T07:36:44.000+0530] {processor.py:840} INFO - DAG(s) 'tutorial_dag' retrieved from /Users/vybhavswaroop/Desktop/untitled folder 3/ecommerce_platform/venv/lib/python3.11/site-packages/airflow/example_dags/tutorial_dag.py
[2026-03-18T07:36:44.034+0530] {logging_mixin.py:188} INFO - [2026-03-18T07:36:44.034+0530] {dag.py:3047} INFO - Sync 1 DAGs
[2026-03-18T07:36:44.037+0530] {logging_mixin.py:188} INFO - [2026-03-18T07:36:44.037+0530] {dag.py:3834} INFO - Setting next_dagrun for tutorial_dag to None, run_after=None
[2026-03-18T07:36:44.043+0530] {processor.py:183} INFO - Processing /Users/vybhavswaroop/Desktop/untitled folder 3/ecommerce_platform/venv/lib/python3.11/site-packages/airflow/example_dags/tutorial_dag.py took 0.054 seconds
[2026-03-18T07:38:13.919+0530] {processor.py:161} INFO - Started process (PID=5969) to work on /Users/vybhavswaroop/Desktop/untitled folder 3/ecommerce_platform/venv/lib/python3.11/site-packages/airflow/example_dags/tutorial_dag.py
[2026-03-18T07:38:13.921+0530] {processor.py:830} INFO - Processing file /Users/vybhavswaroop/Desktop/untitled folder 3/ecommerce_platform/venv/lib/python3.11/site-packages/airflow/example_dags/tutorial_dag.py for tasks to queue
[2026-03-18T07:38:13.921+0530] {logging_mixin.py:188} INFO - [2026-03-18T07:38:13.921+0530] {dagbag.py:540} INFO - Filling up the DagBag from /Users/vybhavswaroop/Desktop/untitled folder 3/ecommerce_platform/venv/lib/python3.11/site-packages/airflow/example_dags/tutorial_dag.py
[2026-03-18T07:38:13.931+0530] {processor.py:840} INFO - DAG(s) 'tutorial_dag' retrieved from /Users/vybhavswaroop/Desktop/untitled folder 3/ecommerce_platform/venv/lib/python3.11/site-packages/airflow/example_dags/tutorial_dag.py
[2026-03-18T07:38:13.968+0530] {logging_mixin.py:188} INFO - [2026-03-18T07:38:13.967+0530] {dag.py:3047} INFO - Sync 1 DAGs
[2026-03-18T07:38:13.970+0530] {logging_mixin.py:188} INFO - [2026-03-18T07:38:13.970+0530] {dag.py:3834} INFO - Setting next_dagrun for tutorial_dag to None, run_after=None
[2026-03-18T07:38:13.977+0530] {processor.py:183} INFO - Processing /Users/vybhavswaroop/Desktop/untitled folder 3/ecommerce_platform/venv/lib/python3.11/site-packages/airflow/example_dags/tutorial_dag.py took 0.057 seconds
[2026-03-18T07:39:40.963+0530] {processor.py:161} INFO - Started process (PID=6242) to work on /Users/vybhavswaroop/Desktop/untitled folder 3/ecommerce_platform/venv/lib/python3.11/site-packages/airflow/example_dags/tutorial_dag.py
[2026-03-18T07:39:40.964+0530] {processor.py:830} INFO - Processing file /Users/vybhavswaroop/Desktop/untitled folder 3/ecommerce_platform/venv/lib/python3.11/site-packages/airflow/example_dags/tutorial_dag.py for tasks to queue
[2026-03-18T07:39:40.964+0530] {logging_mixin.py:188} INFO - [2026-03-18T07:39:40.964+0530] {dagbag.py:540} INFO - Filling up the DagBag from /Users/vybhavswaroop/Desktop/untitled folder 3/ecommerce_platform/venv/lib/python3.11/site-packages/airflow/example_dags/tutorial_dag.py
[2026-03-18T07:39:40.973+0530] {processor.py:840} INFO - DAG(s) 'tutorial_dag' retrieved from /Users/vybhavswaroop/Desktop/untitled folder 3/ecommerce_platform/venv/lib/python3.11/site-packages/airflow/example_dags/tutorial_dag.py
[2026-03-18T07:39:41.009+0530] {logging_mixin.py:188} INFO - [2026-03-18T07:39:41.008+0530] {dag.py:3047} INFO - Sync 1 DAGs
[2026-03-18T07:39:41.011+0530] {logging_mixin.py:188} INFO - [2026-03-18T07:39:41.011+0530] {dag.py:3834} INFO - Setting next_dagrun for tutorial_dag to None, run_after=None
[2026-03-18T07:39:41.017+0530] {processor.py:183} INFO - Processing /Users/vybhavswaroop/Desktop/untitled folder 3/ecommerce_platform/venv/lib/python3.11/site-packages/airflow/example_dags/tutorial_dag.py took 0.055 seconds
[2026-03-18T07:41:14.547+0530] {processor.py:161} INFO - Started process (PID=6587) to work on /Users/vybhavswaroop/Desktop/untitled folder 3/ecommerce_platform/venv/lib/python3.11/site-packages/airflow/example_dags/tutorial_dag.py
[2026-03-18T07:41:14.548+0530] {processor.py:830} INFO - Processing file /Users/vybhavswaroop/Desktop/untitled folder 3/ecommerce_platform/venv/lib/python3.11/site-packages/airflow/example_dags/tutorial_dag.py for tasks to queue
[2026-03-18T07:41:14.548+0530] {logging_mixin.py:188} INFO - [2026-03-18T07:41:14.548+0530] {dagbag.py:540} INFO - Filling up the DagBag from /Users/vybhavswaroop/Desktop/untitled folder 3/ecommerce_platform/venv/lib/python3.11/site-packages/airflow/example_dags/tutorial_dag.py
[2026-03-18T07:41:14.557+0530] {processor.py:840} INFO - DAG(s) 'tutorial_dag' retrieved from /Users/vybhavswaroop/Desktop/untitled folder 3/ecommerce_platform/venv/lib/python3.11/site-packages/airflow/example_dags/tutorial_dag.py
[2026-03-18T07:41:14.595+0530] {logging_mixin.py:188} INFO - [2026-03-18T07:41:14.595+0530] {dag.py:3047} INFO - Sync 1 DAGs
[2026-03-18T07:41:14.598+0530] {logging_mixin.py:188} INFO - [2026-03-18T07:41:14.598+0530] {dag.py:3834} INFO - Setting next_dagrun for tutorial_dag to None, run_after=None
[2026-03-18T07:41:14.606+0530] {processor.py:183} INFO - Processing /Users/vybhavswaroop/Desktop/untitled folder 3/ecommerce_platform/venv/lib/python3.11/site-packages/airflow/example_dags/tutorial_dag.py took 0.060 seconds
[2026-03-18T07:42:54.635+0530] {processor.py:161} INFO - Started process (PID=6957) to work on /Users/vybhavswaroop/Desktop/untitled folder 3/ecommerce_platform/venv/lib/python3.11/site-packages/airflow/example_dags/tutorial_dag.py
[2026-03-18T07:42:54.636+0530] {processor.py:830} INFO - Processing file /Users/vybhavswaroop/Desktop/untitled folder 3/ecommerce_platform/venv/lib/python3.11/site-packages/airflow/example_dags/tutorial_dag.py for tasks to queue
[2026-03-18T07:42:54.636+0530] {logging_mixin.py:188} INFO - [2026-03-18T07:42:54.636+0530] {dagbag.py:540} INFO - Filling up the DagBag from /Users/vybhavswaroop/Desktop/untitled folder 3/ecommerce_platform/venv/lib/python3.11/site-packages/airflow/example_dags/tutorial_dag.py
[2026-03-18T07:42:54.646+0530] {processor.py:840} INFO - DAG(s) 'tutorial_dag' retrieved from /Users/vybhavswaroop/Desktop/untitled folder 3/ecommerce_platform/venv/lib/python3.11/site-packages/airflow/example_dags/tutorial_dag.py
[2026-03-18T07:42:54.680+0530] {logging_mixin.py:188} INFO - [2026-03-18T07:42:54.680+0530] {dag.py:3047} INFO - Sync 1 DAGs
[2026-03-18T07:42:54.683+0530] {logging_mixin.py:188} INFO - [2026-03-18T07:42:54.682+0530] {dag.py:3834} INFO - Setting next_dagrun for tutorial_dag to None, run_after=None
[2026-03-18T07:42:54.689+0530] {processor.py:183} INFO - Processing /Users/vybhavswaroop/Desktop/untitled folder 3/ecommerce_platform/venv/lib/python3.11/site-packages/airflow/example_dags/tutorial_dag.py took 0.054 seconds
[2026-03-18T07:44:25.964+0530] {processor.py:161} INFO - Started process (PID=7304) to work on /Users/vybhavswaroop/Desktop/untitled folder 3/ecommerce_platform/venv/lib/python3.11/site-packages/airflow/example_dags/tutorial_dag.py
[2026-03-18T07:44:25.965+0530] {processor.py:830} INFO - Processing file /Users/vybhavswaroop/Desktop/untitled folder 3/ecommerce_platform/venv/lib/python3.11/site-packages/airflow/example_dags/tutorial_dag.py for tasks to queue
[2026-03-18T07:44:25.965+0530] {logging_mixin.py:188} INFO - [2026-03-18T07:44:25.965+0530] {dagbag.py:540} INFO - Filling up the DagBag from /Users/vybhavswaroop/Desktop/untitled folder 3/ecommerce_platform/venv/lib/python3.11/site-packages/airflow/example_dags/tutorial_dag.py
[2026-03-18T07:44:25.974+0530] {processor.py:840} INFO - DAG(s) 'tutorial_dag' retrieved from /Users/vybhavswaroop/Desktop/untitled folder 3/ecommerce_platform/venv/lib/python3.11/site-packages/airflow/example_dags/tutorial_dag.py
[2026-03-18T07:44:26.008+0530] {logging_mixin.py:188} INFO - [2026-03-18T07:44:26.008+0530] {dag.py:3047} INFO - Sync 1 DAGs
[2026-03-18T07:44:26.011+0530] {logging_mixin.py:188} INFO - [2026-03-18T07:44:26.011+0530] {dag.py:3834} INFO - Setting next_dagrun for tutorial_dag to None, run_after=None
[2026-03-18T07:44:26.017+0530] {processor.py:183} INFO - Processing /Users/vybhavswaroop/Desktop/untitled folder 3/ecommerce_platform/venv/lib/python3.11/site-packages/airflow/example_dags/tutorial_dag.py took 0.053 seconds
[2026-03-18T07:45:50.329+0530] {processor.py:161} INFO - Started process (PID=7567) to work on /Users/vybhavswaroop/Desktop/untitled folder 3/ecommerce_platform/venv/lib/python3.11/site-packages/airflow/example_dags/tutorial_dag.py
[2026-03-18T07:45:50.330+0530] {processor.py:830} INFO - Processing file /Users/vybhavswaroop/Desktop/untitled folder 3/ecommerce_platform/venv/lib/python3.11/site-packages/airflow/example_dags/tutorial_dag.py for tasks to queue
[2026-03-18T07:45:50.330+0530] {logging_mixin.py:188} INFO - [2026-03-18T07:45:50.330+0530] {dagbag.py:540} INFO - Filling up the DagBag from /Users/vybhavswaroop/Desktop/untitled folder 3/ecommerce_platform/venv/lib/python3.11/site-packages/airflow/example_dags/tutorial_dag.py
[2026-03-18T07:45:50.339+0530] {processor.py:840} INFO - DAG(s) 'tutorial_dag' retrieved from /Users/vybhavswaroop/Desktop/untitled folder 3/ecommerce_platform/venv/lib/python3.11/site-packages/airflow/example_dags/tutorial_dag.py
[2026-03-18T07:45:50.374+0530] {logging_mixin.py:188} INFO - [2026-03-18T07:45:50.373+0530] {dag.py:3047} INFO - Sync 1 DAGs
[2026-03-18T07:45:50.376+0530] {logging_mixin.py:188} INFO - [2026-03-18T07:45:50.376+0530] {dag.py:3834} INFO - Setting next_dagrun for tutorial_dag to None, run_after=None
[2026-03-18T07:45:50.425+0530] {processor.py:183} INFO - Processing /Users/vybhavswaroop/Desktop/untitled folder 3/ecommerce_platform/venv/lib/python3.11/site-packages/airflow/example_dags/tutorial_dag.py took 0.096 seconds
[2026-03-18T07:47:11.724+0530] {processor.py:161} INFO - Started process (PID=7829) to work on /Users/vybhavswaroop/Desktop/untitled folder 3/ecommerce_platform/venv/lib/python3.11/site-packages/airflow/example_dags/tutorial_dag.py
[2026-03-18T07:47:11.725+0530] {processor.py:830} INFO - Processing file /Users/vybhavswaroop/Desktop/untitled folder 3/ecommerce_platform/venv/lib/python3.11/site-packages/airflow/example_dags/tutorial_dag.py for tasks to queue
[2026-03-18T07:47:11.725+0530] {logging_mixin.py:188} INFO - [2026-03-18T07:47:11.725+0530] {dagbag.py:540} INFO - Filling up the DagBag from /Users/vybhavswaroop/Desktop/untitled folder 3/ecommerce_platform/venv/lib/python3.11/site-packages/airflow/example_dags/tutorial_dag.py
[2026-03-18T07:47:11.734+0530] {processor.py:840} INFO - DAG(s) 'tutorial_dag' retrieved from /Users/vybhavswaroop/Desktop/untitled folder 3/ecommerce_platform/venv/lib/python3.11/site-packages/airflow/example_dags/tutorial_dag.py
[2026-03-18T07:47:11.769+0530] {logging_mixin.py:188} INFO - [2026-03-18T07:47:11.768+0530] {dag.py:3047} INFO - Sync 1 DAGs
[2026-03-18T07:47:11.772+0530] {logging_mixin.py:188} INFO - [2026-03-18T07:47:11.771+0530] {dag.py:3834} INFO - Setting next_dagrun for tutorial_dag to None, run_after=None
[2026-03-18T07:47:11.777+0530] {processor.py:183} INFO - Processing /Users/vybhavswaroop/Desktop/untitled folder 3/ecommerce_platform/venv/lib/python3.11/site-packages/airflow/example_dags/tutorial_dag.py took 0.054 seconds
[2026-03-18T07:48:35.941+0530] {processor.py:161} INFO - Started process (PID=8189) to work on /Users/vybhavswaroop/Desktop/untitled folder 3/ecommerce_platform/venv/lib/python3.11/site-packages/airflow/example_dags/tutorial_dag.py
[2026-03-18T07:48:35.942+0530] {processor.py:830} INFO - Processing file /Users/vybhavswaroop/Desktop/untitled folder 3/ecommerce_platform/venv/lib/python3.11/site-packages/airflow/example_dags/tutorial_dag.py for tasks to queue
[2026-03-18T07:48:35.943+0530] {logging_mixin.py:188} INFO - [2026-03-18T07:48:35.943+0530] {dagbag.py:540} INFO - Filling up the DagBag from /Users/vybhavswaroop/Desktop/untitled folder 3/ecommerce_platform/venv/lib/python3.11/site-packages/airflow/example_dags/tutorial_dag.py
[2026-03-18T07:48:35.952+0530] {processor.py:840} INFO - DAG(s) 'tutorial_dag' retrieved from /Users/vybhavswaroop/Desktop/untitled folder 3/ecommerce_platform/venv/lib/python3.11/site-packages/airflow/example_dags/tutorial_dag.py
[2026-03-18T07:48:35.988+0530] {logging_mixin.py:188} INFO - [2026-03-18T07:48:35.988+0530] {dag.py:3047} INFO - Sync 1 DAGs
[2026-03-18T07:48:35.991+0530] {logging_mixin.py:188} INFO - [2026-03-18T07:48:35.991+0530] {dag.py:3834} INFO - Setting next_dagrun for tutorial_dag to None, run_after=None
[2026-03-18T07:48:35.997+0530] {processor.py:183} INFO - Processing /Users/vybhavswaroop/Desktop/untitled folder 3/ecommerce_platform/venv/lib/python3.11/site-packages/airflow/example_dags/tutorial_dag.py took 0.056 seconds
[2026-03-18T07:50:02.283+0530] {processor.py:161} INFO - Started process (PID=8782) to work on /Users/vybhavswaroop/Desktop/untitled folder 3/ecommerce_platform/venv/lib/python3.11/site-packages/airflow/example_dags/tutorial_dag.py
[2026-03-18T07:50:02.283+0530] {processor.py:830} INFO - Processing file /Users/vybhavswaroop/Desktop/untitled folder 3/ecommerce_platform/venv/lib/python3.11/site-packages/airflow/example_dags/tutorial_dag.py for tasks to queue
[2026-03-18T07:50:02.284+0530] {logging_mixin.py:188} INFO - [2026-03-18T07:50:02.284+0530] {dagbag.py:540} INFO - Filling up the DagBag from /Users/vybhavswaroop/Desktop/untitled folder 3/ecommerce_platform/venv/lib/python3.11/site-packages/airflow/example_dags/tutorial_dag.py
[2026-03-18T07:50:02.293+0530] {processor.py:840} INFO - DAG(s) 'tutorial_dag' retrieved from /Users/vybhavswaroop/Desktop/untitled folder 3/ecommerce_platform/venv/lib/python3.11/site-packages/airflow/example_dags/tutorial_dag.py
[2026-03-18T07:50:02.329+0530] {logging_mixin.py:188} INFO - [2026-03-18T07:50:02.328+0530] {dag.py:3047} INFO - Sync 1 DAGs
[2026-03-18T07:50:02.331+0530] {logging_mixin.py:188} INFO - [2026-03-18T07:50:02.331+0530] {dag.py:3834} INFO - Setting next_dagrun for tutorial_dag to None, run_after=None
[2026-03-18T07:50:02.337+0530] {processor.py:183} INFO - Processing /Users/vybhavswaroop/Desktop/untitled folder 3/ecommerce_platform/venv/lib/python3.11/site-packages/airflow/example_dags/tutorial_dag.py took 0.055 seconds
[2026-03-18T07:51:28.286+0530] {processor.py:161} INFO - Started process (PID=9364) to work on /Users/vybhavswaroop/Desktop/untitled folder 3/ecommerce_platform/venv/lib/python3.11/site-packages/airflow/example_dags/tutorial_dag.py
[2026-03-18T07:51:28.286+0530] {processor.py:830} INFO - Processing file /Users/vybhavswaroop/Desktop/untitled folder 3/ecommerce_platform/venv/lib/python3.11/site-packages/airflow/example_dags/tutorial_dag.py for tasks to queue
[2026-03-18T07:51:28.287+0530] {logging_mixin.py:188} INFO - [2026-03-18T07:51:28.287+0530] {dagbag.py:540} INFO - Filling up the DagBag from /Users/vybhavswaroop/Desktop/untitled folder 3/ecommerce_platform/venv/lib/python3.11/site-packages/airflow/example_dags/tutorial_dag.py
[2026-03-18T07:51:28.296+0530] {processor.py:840} INFO - DAG(s) 'tutorial_dag' retrieved from /Users/vybhavswaroop/Desktop/untitled folder 3/ecommerce_platform/venv/lib/python3.11/site-packages/airflow/example_dags/tutorial_dag.py
[2026-03-18T07:51:28.331+0530] {logging_mixin.py:188} INFO - [2026-03-18T07:51:28.331+0530] {dag.py:3047} INFO - Sync 1 DAGs
[2026-03-18T07:51:28.334+0530] {logging_mixin.py:188} INFO - [2026-03-18T07:51:28.334+0530] {dag.py:3834} INFO - Setting next_dagrun for tutorial_dag to None, run_after=None
[2026-03-18T07:51:28.339+0530] {processor.py:183} INFO - Processing /Users/vybhavswaroop/Desktop/untitled folder 3/ecommerce_platform/venv/lib/python3.11/site-packages/airflow/example_dags/tutorial_dag.py took 0.054 seconds
[2026-03-18T07:52:57.061+0530] {processor.py:161} INFO - Started process (PID=10732) to work on /Users/vybhavswaroop/Desktop/untitled folder 3/ecommerce_platform/venv/lib/python3.11/site-packages/airflow/example_dags/tutorial_dag.py
[2026-03-18T07:52:57.063+0530] {processor.py:830} INFO - Processing file /Users/vybhavswaroop/Desktop/untitled folder 3/ecommerce_platform/venv/lib/python3.11/site-packages/airflow/example_dags/tutorial_dag.py for tasks to queue
[2026-03-18T07:52:57.063+0530] {logging_mixin.py:188} INFO - [2026-03-18T07:52:57.063+0530] {dagbag.py:540} INFO - Filling up the DagBag from /Users/vybhavswaroop/Desktop/untitled folder 3/ecommerce_platform/venv/lib/python3.11/site-packages/airflow/example_dags/tutorial_dag.py
[2026-03-18T07:52:57.074+0530] {processor.py:840} INFO - DAG(s) 'tutorial_dag' retrieved from /Users/vybhavswaroop/Desktop/untitled folder 3/ecommerce_platform/venv/lib/python3.11/site-packages/airflow/example_dags/tutorial_dag.py
[2026-03-18T07:52:57.086+0530] {logging_mixin.py:188} INFO - [2026-03-18T07:52:57.086+0530] {dag.py:3047} INFO - Sync 1 DAGs
[2026-03-18T07:52:57.111+0530] {logging_mixin.py:188} INFO - [2026-03-18T07:52:57.111+0530] {dag.py:3834} INFO - Setting next_dagrun for tutorial_dag to None, run_after=None
[2026-03-18T07:52:57.117+0530] {processor.py:183} INFO - Processing /Users/vybhavswaroop/Desktop/untitled folder 3/ecommerce_platform/venv/lib/python3.11/site-packages/airflow/example_dags/tutorial_dag.py took 0.057 seconds
[2026-03-18T07:55:01.862+0530] {processor.py:161} INFO - Started process (PID=11102) to work on /Users/vybhavswaroop/Desktop/untitled folder 3/ecommerce_platform/venv/lib/python3.11/site-packages/airflow/example_dags/tutorial_dag.py
[2026-03-18T07:55:01.864+0530] {processor.py:830} INFO - Processing file /Users/vybhavswaroop/Desktop/untitled folder 3/ecommerce_platform/venv/lib/python3.11/site-packages/airflow/example_dags/tutorial_dag.py for tasks to queue
[2026-03-18T07:55:01.864+0530] {logging_mixin.py:188} INFO - [2026-03-18T07:55:01.864+0530] {dagbag.py:540} INFO - Filling up the DagBag from /Users/vybhavswaroop/Desktop/untitled folder 3/ecommerce_platform/venv/lib/python3.11/site-packages/airflow/example_dags/tutorial_dag.py
[2026-03-18T07:55:01.873+0530] {processor.py:840} INFO - DAG(s) 'tutorial_dag' retrieved from /Users/vybhavswaroop/Desktop/untitled folder 3/ecommerce_platform/venv/lib/python3.11/site-packages/airflow/example_dags/tutorial_dag.py
[2026-03-18T07:55:01.933+0530] {logging_mixin.py:188} INFO - [2026-03-18T07:55:01.932+0530] {dag.py:3047} INFO - Sync 1 DAGs
[2026-03-18T07:55:01.936+0530] {logging_mixin.py:188} INFO - [2026-03-18T07:55:01.936+0530] {dag.py:3834} INFO - Setting next_dagrun for tutorial_dag to None, run_after=None
[2026-03-18T07:55:01.941+0530] {processor.py:183} INFO - Processing /Users/vybhavswaroop/Desktop/untitled folder 3/ecommerce_platform/venv/lib/python3.11/site-packages/airflow/example_dags/tutorial_dag.py took 0.079 seconds
[2026-03-18T07:56:35.155+0530] {processor.py:161} INFO - Started process (PID=11371) to work on /Users/vybhavswaroop/Desktop/untitled folder 3/ecommerce_platform/venv/lib/python3.11/site-packages/airflow/example_dags/tutorial_dag.py
[2026-03-18T07:56:35.156+0530] {processor.py:830} INFO - Processing file /Users/vybhavswaroop/Desktop/untitled folder 3/ecommerce_platform/venv/lib/python3.11/site-packages/airflow/example_dags/tutorial_dag.py for tasks to queue
[2026-03-18T07:56:35.156+0530] {logging_mixin.py:188} INFO - [2026-03-18T07:56:35.156+0530] {dagbag.py:540} INFO - Filling up the DagBag from /Users/vybhavswaroop/Desktop/untitled folder 3/ecommerce_platform/venv/lib/python3.11/site-packages/airflow/example_dags/tutorial_dag.py
[2026-03-18T07:56:35.166+0530] {processor.py:840} INFO - DAG(s) 'tutorial_dag' retrieved from /Users/vybhavswaroop/Desktop/untitled folder 3/ecommerce_platform/venv/lib/python3.11/site-packages/airflow/example_dags/tutorial_dag.py
[2026-03-18T07:56:35.200+0530] {logging_mixin.py:188} INFO - [2026-03-18T07:56:35.200+0530] {dag.py:3047} INFO - Sync 1 DAGs
[2026-03-18T07:56:35.203+0530] {logging_mixin.py:188} INFO - [2026-03-18T07:56:35.203+0530] {dag.py:3834} INFO - Setting next_dagrun for tutorial_dag to None, run_after=None
[2026-03-18T07:56:35.209+0530] {processor.py:183} INFO - Processing /Users/vybhavswaroop/Desktop/untitled folder 3/ecommerce_platform/venv/lib/python3.11/site-packages/airflow/example_dags/tutorial_dag.py took 0.054 seconds
[2026-03-18T07:58:01.338+0530] {processor.py:161} INFO - Started process (PID=11619) to work on /Users/vybhavswaroop/Desktop/untitled folder 3/ecommerce_platform/venv/lib/python3.11/site-packages/airflow/example_dags/tutorial_dag.py
[2026-03-18T07:58:01.338+0530] {processor.py:830} INFO - Processing file /Users/vybhavswaroop/Desktop/untitled folder 3/ecommerce_platform/venv/lib/python3.11/site-packages/airflow/example_dags/tutorial_dag.py for tasks to queue
[2026-03-18T07:58:01.338+0530] {logging_mixin.py:188} INFO - [2026-03-18T07:58:01.338+0530] {dagbag.py:540} INFO - Filling up the DagBag from /Users/vybhavswaroop/Desktop/untitled folder 3/ecommerce_platform/venv/lib/python3.11/site-packages/airflow/example_dags/tutorial_dag.py
[2026-03-18T07:58:01.348+0530] {processor.py:840} INFO - DAG(s) 'tutorial_dag' retrieved from /Users/vybhavswaroop/Desktop/untitled folder 3/ecommerce_platform/venv/lib/python3.11/site-packages/airflow/example_dags/tutorial_dag.py
[2026-03-18T07:58:01.382+0530] {logging_mixin.py:188} INFO - [2026-03-18T07:58:01.381+0530] {dag.py:3047} INFO - Sync 1 DAGs
[2026-03-18T07:58:01.384+0530] {logging_mixin.py:188} INFO - [2026-03-18T07:58:01.384+0530] {dag.py:3834} INFO - Setting next_dagrun for tutorial_dag to None, run_after=None
[2026-03-18T07:58:01.390+0530] {processor.py:183} INFO - Processing /Users/vybhavswaroop/Desktop/untitled folder 3/ecommerce_platform/venv/lib/python3.11/site-packages/airflow/example_dags/tutorial_dag.py took 0.052 seconds
