[2026-03-18T05:38:31.558+0530] {processor.py:161} INFO - Started process (PID=97000) to work on /Users/vybhavswaroop/Desktop/untitled folder 3/ecommerce_platform/venv/lib/python3.11/site-packages/airflow/example_dags/plugins/listener_plugin.py
[2026-03-18T05:38:31.558+0530] {processor.py:830} INFO - Processing file /Users/vybhavswaroop/Desktop/untitled folder 3/ecommerce_platform/venv/lib/python3.11/site-packages/airflow/example_dags/plugins/listener_plugin.py for tasks to queue
[2026-03-18T05:38:31.558+0530] {logging_mixin.py:188} INFO - [2026-03-18T05:38:31.558+0530] {dagbag.py:540} INFO - Filling up the DagBag from /Users/vybhavswaroop/Desktop/untitled folder 3/ecommerce_platform/venv/lib/python3.11/site-packages/airflow/example_dags/plugins/listener_plugin.py
[2026-03-18T05:38:31.559+0530] {processor.py:842} WARNING - No viable dags retrieved from /Users/vybhavswaroop/Desktop/untitled folder 3/ecommerce_platform/venv/lib/python3.11/site-packages/airflow/example_dags/plugins/listener_plugin.py
[2026-03-18T05:38:31.584+0530] {processor.py:183} INFO - Processing /Users/vybhavswaroop/Desktop/untitled folder 3/ecommerce_platform/venv/lib/python3.11/site-packages/airflow/example_dags/plugins/listener_plugin.py took 0.027 seconds
[2026-03-18T07:19:43.229+0530] {processor.py:161} INFO - Started process (PID=99079) to work on /Users/vybhavswaroop/Desktop/untitled folder 3/ecommerce_platform/venv/lib/python3.11/site-packages/airflow/example_dags/plugins/listener_plugin.py
[2026-03-18T07:19:43.230+0530] {processor.py:830} INFO - Processing file /Users/vybhavswaroop/Desktop/untitled folder 3/ecommerce_platform/venv/lib/python3.11/site-packages/airflow/example_dags/plugins/listener_plugin.py for tasks to queue
[2026-03-18T07:19:43.230+0530] {logging_mixin.py:188} INFO - [2026-03-18T07:19:43.230+0530] {dagbag.py:540} INFO - Filling up the DagBag from /Users/vybhavswaroop/Desktop/untitled folder 3/ecommerce_platform/venv/lib/python3.11/site-packages/airflow/example_dags/plugins/listener_plugin.py
[2026-03-18T07:19:43.232+0530] {processor.py:842} WARNING - No viable dags retrieved from /Users/vybhavswaroop/Desktop/untitled folder 3/ecommerce_platform/venv/lib/python3.11/site-packages/airflow/example_dags/plugins/listener_plugin.py
[2026-03-18T07:19:43.257+0530] {processor.py:183} INFO - Processing /Users/vybhavswaroop/Desktop/untitled folder 3/ecommerce_platform/venv/lib/python3.11/site-packages/airflow/example_dags/plugins/listener_plugin.py took 0.028 seconds
[2026-03-18T07:20:44.698+0530] {processor.py:161} INFO - Started process (PID=1268) to work on /Users/vybhavswaroop/Desktop/untitled folder 3/ecommerce_platform/venv/lib/python3.11/site-packages/airflow/example_dags/plugins/listener_plugin.py
[2026-03-18T07:20:44.699+0530] {processor.py:830} INFO - Processing file /Users/vybhavswaroop/Desktop/untitled folder 3/ecommerce_platform/venv/lib/python3.11/site-packages/airflow/example_dags/plugins/listener_plugin.py for tasks to queue
[2026-03-18T07:20:44.700+0530] {logging_mixin.py:188} INFO - [2026-03-18T07:20:44.700+0530] {dagbag.py:540} INFO - Filling up the DagBag from /Users/vybhavswaroop/Desktop/untitled folder 3/ecommerce_platform/venv/lib/python3.11/site-packages/airflow/example_dags/plugins/listener_plugin.py
[2026-03-18T07:20:44.700+0530] {processor.py:842} WARNING - No viable dags retrieved from /Users/vybhavswaroop/Desktop/untitled folder 3/ecommerce_platform/venv/lib/python3.11/site-packages/airflow/example_dags/plugins/listener_plugin.py
[2026-03-18T07:20:44.724+0530] {processor.py:183} INFO - Processing /Users/vybhavswaroop/Desktop/untitled folder 3/ecommerce_platform/venv/lib/python3.11/site-packages/airflow/example_dags/plugins/listener_plugin.py took 0.026 seconds
[2026-03-18T07:21:39.568+0530] {processor.py:161} INFO - Started process (PID=2807) to work on /Users/vybhavswaroop/Desktop/untitled folder 3/ecommerce_platform/venv/lib/python3.11/site-packages/airflow/example_dags/plugins/listener_plugin.py
[2026-03-18T07:21:39.569+0530] {processor.py:830} INFO - Processing file /Users/vybhavswaroop/Desktop/untitled folder 3/ecommerce_platform/venv/lib/python3.11/site-packages/airflow/example_dags/plugins/listener_plugin.py for tasks to queue
[2026-03-18T07:21:39.569+0530] {logging_mixin.py:188} INFO - [2026-03-18T07:21:39.569+0530] {dagbag.py:540} INFO - Filling up the DagBag from /Users/vybhavswaroop/Desktop/untitled folder 3/ecommerce_platform/venv/lib/python3.11/site-packages/airflow/example_dags/plugins/listener_plugin.py
[2026-03-18T07:21:39.570+0530] {processor.py:842} WARNING - No viable dags retrieved from /Users/vybhavswaroop/Desktop/untitled folder 3/ecommerce_platform/venv/lib/python3.11/site-packages/airflow/example_dags/plugins/listener_plugin.py
[2026-03-18T07:21:39.595+0530] {processor.py:183} INFO - Processing /Users/vybhavswaroop/Desktop/untitled folder 3/ecommerce_platform/venv/lib/python3.11/site-packages/airflow/example_dags/plugins/listener_plugin.py took 0.026 seconds
[2026-03-18T07:23:43.567+0530] {processor.py:161} INFO - Started process (PID=3302) to work on /Users/vybhavswaroop/Desktop/untitled folder 3/ecommerce_platform/venv/lib/python3.11/site-packages/airflow/example_dags/plugins/listener_plugin.py
[2026-03-18T07:23:43.568+0530] {processor.py:830} INFO - Processing file /Users/vybhavswaroop/Desktop/untitled folder 3/ecommerce_platform/venv/lib/python3.11/site-packages/airflow/example_dags/plugins/listener_plugin.py for tasks to queue
[2026-03-18T07:23:43.568+0530] {logging_mixin.py:188} INFO - [2026-03-18T07:23:43.568+0530] {dagbag.py:540} INFO - Filling up the DagBag from /Users/vybhavswaroop/Desktop/untitled folder 3/ecommerce_platform/venv/lib/python3.11/site-packages/airflow/example_dags/plugins/listener_plugin.py
[2026-03-18T07:23:43.570+0530] {processor.py:842} WARNING - No viable dags retrieved from /Users/vybhavswaroop/Desktop/untitled folder 3/ecommerce_platform/venv/lib/python3.11/site-packages/airflow/example_dags/plugins/listener_plugin.py
[2026-03-18T07:23:43.594+0530] {processor.py:183} INFO - Processing /Users/vybhavswaroop/Desktop/untitled folder 3/ecommerce_platform/venv/lib/python3.11/site-packages/airflow/example_dags/plugins/listener_plugin.py took 0.027 seconds
[2026-03-18T07:25:10.093+0530] {processor.py:161} INFO - Started process (PID=3557) to work on /Users/vybhavswaroop/Desktop/untitled folder 3/ecommerce_platform/venv/lib/python3.11/site-packages/airflow/example_dags/plugins/listener_plugin.py
[2026-03-18T07:25:10.093+0530] {processor.py:830} INFO - Processing file /Users/vybhavswaroop/Desktop/untitled folder 3/ecommerce_platform/venv/lib/python3.11/site-packages/airflow/example_dags/plugins/listener_plugin.py for tasks to queue
[2026-03-18T07:25:10.094+0530] {logging_mixin.py:188} INFO - [2026-03-18T07:25:10.094+0530] {dagbag.py:540} INFO - Filling up the DagBag from /Users/vybhavswaroop/Desktop/untitled folder 3/ecommerce_platform/venv/lib/python3.11/site-packages/airflow/example_dags/plugins/listener_plugin.py
[2026-03-18T07:25:10.095+0530] {processor.py:842} WARNING - No viable dags retrieved from /Users/vybhavswaroop/Desktop/untitled folder 3/ecommerce_platform/venv/lib/python3.11/site-packages/airflow/example_dags/plugins/listener_plugin.py
[2026-03-18T07:25:10.121+0530] {processor.py:183} INFO - Processing /Users/vybhavswaroop/Desktop/untitled folder 3/ecommerce_platform/venv/lib/python3.11/site-packages/airflow/example_dags/plugins/listener_plugin.py took 0.028 seconds
[2026-03-18T07:26:33.352+0530] {processor.py:161} INFO - Started process (PID=3801) to work on /Users/vybhavswaroop/Desktop/untitled folder 3/ecommerce_platform/venv/lib/python3.11/site-packages/airflow/example_dags/plugins/listener_plugin.py
[2026-03-18T07:26:33.352+0530] {processor.py:830} INFO - Processing file /Users/vybhavswaroop/Desktop/untitled folder 3/ecommerce_platform/venv/lib/python3.11/site-packages/airflow/example_dags/plugins/listener_plugin.py for tasks to queue
[2026-03-18T07:26:33.353+0530] {logging_mixin.py:188} INFO - [2026-03-18T07:26:33.352+0530] {dagbag.py:540} INFO - Filling up the DagBag from /Users/vybhavswaroop/Desktop/untitled folder 3/ecommerce_platform/venv/lib/python3.11/site-packages/airflow/example_dags/plugins/listener_plugin.py
[2026-03-18T07:26:33.353+0530] {processor.py:842} WARNING - No viable dags retrieved from /Users/vybhavswaroop/Desktop/untitled folder 3/ecommerce_platform/venv/lib/python3.11/site-packages/airflow/example_dags/plugins/listener_plugin.py
[2026-03-18T07:26:33.378+0530] {processor.py:183} INFO - Processing /Users/vybhavswaroop/Desktop/untitled folder 3/ecommerce_platform/venv/lib/python3.11/site-packages/airflow/example_dags/plugins/listener_plugin.py took 0.026 seconds
[2026-03-18T07:27:57.123+0530] {processor.py:161} INFO - Started process (PID=4046) to work on /Users/vybhavswaroop/Desktop/untitled folder 3/ecommerce_platform/venv/lib/python3.11/site-packages/airflow/example_dags/plugins/listener_plugin.py
[2026-03-18T07:27:57.124+0530] {processor.py:830} INFO - Processing file /Users/vybhavswaroop/Desktop/untitled folder 3/ecommerce_platform/venv/lib/python3.11/site-packages/airflow/example_dags/plugins/listener_plugin.py for tasks to queue
[2026-03-18T07:27:57.124+0530] {logging_mixin.py:188} INFO - [2026-03-18T07:27:57.124+0530] {dagbag.py:540} INFO - Filling up the DagBag from /Users/vybhavswaroop/Desktop/untitled folder 3/ecommerce_platform/venv/lib/python3.11/site-packages/airflow/example_dags/plugins/listener_plugin.py
[2026-03-18T07:27:57.125+0530] {processor.py:842} WARNING - No viable dags retrieved from /Users/vybhavswaroop/Desktop/untitled folder 3/ecommerce_platform/venv/lib/python3.11/site-packages/airflow/example_dags/plugins/listener_plugin.py
[2026-03-18T07:27:57.149+0530] {processor.py:183} INFO - Processing /Users/vybhavswaroop/Desktop/untitled folder 3/ecommerce_platform/venv/lib/python3.11/site-packages/airflow/example_dags/plugins/listener_plugin.py took 0.026 seconds
[2026-03-18T07:29:16.924+0530] {processor.py:161} INFO - Started process (PID=4290) to work on /Users/vybhavswaroop/Desktop/untitled folder 3/ecommerce_platform/venv/lib/python3.11/site-packages/airflow/example_dags/plugins/listener_plugin.py
[2026-03-18T07:29:16.925+0530] {processor.py:830} INFO - Processing file /Users/vybhavswaroop/Desktop/untitled folder 3/ecommerce_platform/venv/lib/python3.11/site-packages/airflow/example_dags/plugins/listener_plugin.py for tasks to queue
[2026-03-18T07:29:16.925+0530] {logging_mixin.py:188} INFO - [2026-03-18T07:29:16.925+0530] {dagbag.py:540} INFO - Filling up the DagBag from /Users/vybhavswaroop/Desktop/untitled folder 3/ecommerce_platform/venv/lib/python3.11/site-packages/airflow/example_dags/plugins/listener_plugin.py
[2026-03-18T07:29:16.925+0530] {processor.py:842} WARNING - No viable dags retrieved from /Users/vybhavswaroop/Desktop/untitled folder 3/ecommerce_platform/venv/lib/python3.11/site-packages/airflow/example_dags/plugins/listener_plugin.py
[2026-03-18T07:29:16.950+0530] {processor.py:183} INFO - Processing /Users/vybhavswaroop/Desktop/untitled folder 3/ecommerce_platform/venv/lib/python3.11/site-packages/airflow/example_dags/plugins/listener_plugin.py took 0.026 seconds
[2026-03-18T07:30:38.593+0530] {processor.py:161} INFO - Started process (PID=4532) to work on /Users/vybhavswaroop/Desktop/untitled folder 3/ecommerce_platform/venv/lib/python3.11/site-packages/airflow/example_dags/plugins/listener_plugin.py
[2026-03-18T07:30:38.593+0530] {processor.py:830} INFO - Processing file /Users/vybhavswaroop/Desktop/untitled folder 3/ecommerce_platform/venv/lib/python3.11/site-packages/airflow/example_dags/plugins/listener_plugin.py for tasks to queue
[2026-03-18T07:30:38.594+0530] {logging_mixin.py:188} INFO - [2026-03-18T07:30:38.594+0530] {dagbag.py:540} INFO - Filling up the DagBag from /Users/vybhavswaroop/Desktop/untitled folder 3/ecommerce_platform/venv/lib/python3.11/site-packages/airflow/example_dags/plugins/listener_plugin.py
[2026-03-18T07:30:38.594+0530] {processor.py:842} WARNING - No viable dags retrieved from /Users/vybhavswaroop/Desktop/untitled folder 3/ecommerce_platform/venv/lib/python3.11/site-packages/airflow/example_dags/plugins/listener_plugin.py
[2026-03-18T07:30:38.620+0530] {processor.py:183} INFO - Processing /Users/vybhavswaroop/Desktop/untitled folder 3/ecommerce_platform/venv/lib/python3.11/site-packages/airflow/example_dags/plugins/listener_plugin.py took 0.028 seconds
[2026-03-18T07:32:01.408+0530] {processor.py:161} INFO - Started process (PID=4777) to work on /Users/vybhavswaroop/Desktop/untitled folder 3/ecommerce_platform/venv/lib/python3.11/site-packages/airflow/example_dags/plugins/listener_plugin.py
[2026-03-18T07:32:01.409+0530] {processor.py:830} INFO - Processing file /Users/vybhavswaroop/Desktop/untitled folder 3/ecommerce_platform/venv/lib/python3.11/site-packages/airflow/example_dags/plugins/listener_plugin.py for tasks to queue
[2026-03-18T07:32:01.409+0530] {logging_mixin.py:188} INFO - [2026-03-18T07:32:01.409+0530] {dagbag.py:540} INFO - Filling up the DagBag from /Users/vybhavswaroop/Desktop/untitled folder 3/ecommerce_platform/venv/lib/python3.11/site-packages/airflow/example_dags/plugins/listener_plugin.py
[2026-03-18T07:32:01.410+0530] {processor.py:842} WARNING - No viable dags retrieved from /Users/vybhavswaroop/Desktop/untitled folder 3/ecommerce_platform/venv/lib/python3.11/site-packages/airflow/example_dags/plugins/listener_plugin.py
[2026-03-18T07:32:01.434+0530] {processor.py:183} INFO - Processing /Users/vybhavswaroop/Desktop/untitled folder 3/ecommerce_platform/venv/lib/python3.11/site-packages/airflow/example_dags/plugins/listener_plugin.py took 0.026 seconds
[2026-03-18T07:33:26.807+0530] {processor.py:161} INFO - Started process (PID=5024) to work on /Users/vybhavswaroop/Desktop/untitled folder 3/ecommerce_platform/venv/lib/python3.11/site-packages/airflow/example_dags/plugins/listener_plugin.py
[2026-03-18T07:33:26.807+0530] {processor.py:830} INFO - Processing file /Users/vybhavswaroop/Desktop/untitled folder 3/ecommerce_platform/venv/lib/python3.11/site-packages/airflow/example_dags/plugins/listener_plugin.py for tasks to queue
[2026-03-18T07:33:26.808+0530] {logging_mixin.py:188} INFO - [2026-03-18T07:33:26.808+0530] {dagbag.py:540} INFO - Filling up the DagBag from /Users/vybhavswaroop/Desktop/untitled folder 3/ecommerce_platform/venv/lib/python3.11/site-packages/airflow/example_dags/plugins/listener_plugin.py
[2026-03-18T07:33:26.808+0530] {processor.py:842} WARNING - No viable dags retrieved from /Users/vybhavswaroop/Desktop/untitled folder 3/ecommerce_platform/venv/lib/python3.11/site-packages/airflow/example_dags/plugins/listener_plugin.py
[2026-03-18T07:33:26.832+0530] {processor.py:183} INFO - Processing /Users/vybhavswaroop/Desktop/untitled folder 3/ecommerce_platform/venv/lib/python3.11/site-packages/airflow/example_dags/plugins/listener_plugin.py took 0.026 seconds
[2026-03-18T07:34:58.177+0530] {processor.py:161} INFO - Started process (PID=5343) to work on /Users/vybhavswaroop/Desktop/untitled folder 3/ecommerce_platform/venv/lib/python3.11/site-packages/airflow/example_dags/plugins/listener_plugin.py
[2026-03-18T07:34:58.179+0530] {processor.py:830} INFO - Processing file /Users/vybhavswaroop/Desktop/untitled folder 3/ecommerce_platform/venv/lib/python3.11/site-packages/airflow/example_dags/plugins/listener_plugin.py for tasks to queue
[2026-03-18T07:34:58.179+0530] {logging_mixin.py:188} INFO - [2026-03-18T07:34:58.179+0530] {dagbag.py:540} INFO - Filling up the DagBag from /Users/vybhavswaroop/Desktop/untitled folder 3/ecommerce_platform/venv/lib/python3.11/site-packages/airflow/example_dags/plugins/listener_plugin.py
[2026-03-18T07:34:58.181+0530] {processor.py:842} WARNING - No viable dags retrieved from /Users/vybhavswaroop/Desktop/untitled folder 3/ecommerce_platform/venv/lib/python3.11/site-packages/airflow/example_dags/plugins/listener_plugin.py
[2026-03-18T07:34:58.204+0530] {processor.py:183} INFO - Processing /Users/vybhavswaroop/Desktop/untitled folder 3/ecommerce_platform/venv/lib/python3.11/site-packages/airflow/example_dags/plugins/listener_plugin.py took 0.027 seconds
[2026-03-18T07:36:32.866+0530] {processor.py:161} INFO - Started process (PID=5621) to work on /Users/vybhavswaroop/Desktop/untitled folder 3/ecommerce_platform/venv/lib/python3.11/site-packages/airflow/example_dags/plugins/listener_plugin.py
[2026-03-18T07:36:32.867+0530] {processor.py:830} INFO - Processing file /Users/vybhavswaroop/Desktop/untitled folder 3/ecommerce_platform/venv/lib/python3.11/site-packages/airflow/example_dags/plugins/listener_plugin.py for tasks to queue
[2026-03-18T07:36:32.867+0530] {logging_mixin.py:188} INFO - [2026-03-18T07:36:32.867+0530] {dagbag.py:540} INFO - Filling up the DagBag from /Users/vybhavswaroop/Desktop/untitled folder 3/ecommerce_platform/venv/lib/python3.11/site-packages/airflow/example_dags/plugins/listener_plugin.py
[2026-03-18T07:36:32.869+0530] {processor.py:842} WARNING - No viable dags retrieved from /Users/vybhavswaroop/Desktop/untitled folder 3/ecommerce_platform/venv/lib/python3.11/site-packages/airflow/example_dags/plugins/listener_plugin.py
[2026-03-18T07:36:32.893+0530] {processor.py:183} INFO - Processing /Users/vybhavswaroop/Desktop/untitled folder 3/ecommerce_platform/venv/lib/python3.11/site-packages/airflow/example_dags/plugins/listener_plugin.py took 0.027 seconds
[2026-03-18T07:38:00.785+0530] {processor.py:161} INFO - Started process (PID=5921) to work on /Users/vybhavswaroop/Desktop/untitled folder 3/ecommerce_platform/venv/lib/python3.11/site-packages/airflow/example_dags/plugins/listener_plugin.py
[2026-03-18T07:38:00.785+0530] {processor.py:830} INFO - Processing file /Users/vybhavswaroop/Desktop/untitled folder 3/ecommerce_platform/venv/lib/python3.11/site-packages/airflow/example_dags/plugins/listener_plugin.py for tasks to queue
[2026-03-18T07:38:00.785+0530] {logging_mixin.py:188} INFO - [2026-03-18T07:38:00.785+0530] {dagbag.py:540} INFO - Filling up the DagBag from /Users/vybhavswaroop/Desktop/untitled folder 3/ecommerce_platform/venv/lib/python3.11/site-packages/airflow/example_dags/plugins/listener_plugin.py
[2026-03-18T07:38:00.787+0530] {processor.py:842} WARNING - No viable dags retrieved from /Users/vybhavswaroop/Desktop/untitled folder 3/ecommerce_platform/venv/lib/python3.11/site-packages/airflow/example_dags/plugins/listener_plugin.py
[2026-03-18T07:38:00.811+0530] {processor.py:183} INFO - Processing /Users/vybhavswaroop/Desktop/untitled folder 3/ecommerce_platform/venv/lib/python3.11/site-packages/airflow/example_dags/plugins/listener_plugin.py took 0.027 seconds
[2026-03-18T07:39:31.149+0530] {processor.py:161} INFO - Started process (PID=6209) to work on /Users/vybhavswaroop/Desktop/untitled folder 3/ecommerce_platform/venv/lib/python3.11/site-packages/airflow/example_dags/plugins/listener_plugin.py
[2026-03-18T07:39:31.150+0530] {processor.py:830} INFO - Processing file /Users/vybhavswaroop/Desktop/untitled folder 3/ecommerce_platform/venv/lib/python3.11/site-packages/airflow/example_dags/plugins/listener_plugin.py for tasks to queue
[2026-03-18T07:39:31.151+0530] {logging_mixin.py:188} INFO - [2026-03-18T07:39:31.150+0530] {dagbag.py:540} INFO - Filling up the DagBag from /Users/vybhavswaroop/Desktop/untitled folder 3/ecommerce_platform/venv/lib/python3.11/site-packages/airflow/example_dags/plugins/listener_plugin.py
[2026-03-18T07:39:31.152+0530] {processor.py:842} WARNING - No viable dags retrieved from /Users/vybhavswaroop/Desktop/untitled folder 3/ecommerce_platform/venv/lib/python3.11/site-packages/airflow/example_dags/plugins/listener_plugin.py
[2026-03-18T07:39:31.176+0530] {processor.py:183} INFO - Processing /Users/vybhavswaroop/Desktop/untitled folder 3/ecommerce_platform/venv/lib/python3.11/site-packages/airflow/example_dags/plugins/listener_plugin.py took 0.028 seconds
[2026-03-18T07:41:01.758+0530] {processor.py:161} INFO - Started process (PID=6548) to work on /Users/vybhavswaroop/Desktop/untitled folder 3/ecommerce_platform/venv/lib/python3.11/site-packages/airflow/example_dags/plugins/listener_plugin.py
[2026-03-18T07:41:01.759+0530] {processor.py:830} INFO - Processing file /Users/vybhavswaroop/Desktop/untitled folder 3/ecommerce_platform/venv/lib/python3.11/site-packages/airflow/example_dags/plugins/listener_plugin.py for tasks to queue
[2026-03-18T07:41:01.759+0530] {logging_mixin.py:188} INFO - [2026-03-18T07:41:01.759+0530] {dagbag.py:540} INFO - Filling up the DagBag from /Users/vybhavswaroop/Desktop/untitled folder 3/ecommerce_platform/venv/lib/python3.11/site-packages/airflow/example_dags/plugins/listener_plugin.py
[2026-03-18T07:41:01.760+0530] {processor.py:842} WARNING - No viable dags retrieved from /Users/vybhavswaroop/Desktop/untitled folder 3/ecommerce_platform/venv/lib/python3.11/site-packages/airflow/example_dags/plugins/listener_plugin.py
[2026-03-18T07:41:01.785+0530] {processor.py:183} INFO - Processing /Users/vybhavswaroop/Desktop/untitled folder 3/ecommerce_platform/venv/lib/python3.11/site-packages/airflow/example_dags/plugins/listener_plugin.py took 0.027 seconds
[2026-03-18T07:42:43.511+0530] {processor.py:161} INFO - Started process (PID=6923) to work on /Users/vybhavswaroop/Desktop/untitled folder 3/ecommerce_platform/venv/lib/python3.11/site-packages/airflow/example_dags/plugins/listener_plugin.py
[2026-03-18T07:42:43.512+0530] {processor.py:830} INFO - Processing file /Users/vybhavswaroop/Desktop/untitled folder 3/ecommerce_platform/venv/lib/python3.11/site-packages/airflow/example_dags/plugins/listener_plugin.py for tasks to queue
[2026-03-18T07:42:43.512+0530] {logging_mixin.py:188} INFO - [2026-03-18T07:42:43.512+0530] {dagbag.py:540} INFO - Filling up the DagBag from /Users/vybhavswaroop/Desktop/untitled folder 3/ecommerce_platform/venv/lib/python3.11/site-packages/airflow/example_dags/plugins/listener_plugin.py
[2026-03-18T07:42:43.514+0530] {processor.py:842} WARNING - No viable dags retrieved from /Users/vybhavswaroop/Desktop/untitled folder 3/ecommerce_platform/venv/lib/python3.11/site-packages/airflow/example_dags/plugins/listener_plugin.py
[2026-03-18T07:42:43.538+0530] {processor.py:183} INFO - Processing /Users/vybhavswaroop/Desktop/untitled folder 3/ecommerce_platform/venv/lib/python3.11/site-packages/airflow/example_dags/plugins/listener_plugin.py took 0.027 seconds
[2026-03-18T07:44:13.206+0530] {processor.py:161} INFO - Started process (PID=7236) to work on /Users/vybhavswaroop/Desktop/untitled folder 3/ecommerce_platform/venv/lib/python3.11/site-packages/airflow/example_dags/plugins/listener_plugin.py
[2026-03-18T07:44:13.207+0530] {processor.py:830} INFO - Processing file /Users/vybhavswaroop/Desktop/untitled folder 3/ecommerce_platform/venv/lib/python3.11/site-packages/airflow/example_dags/plugins/listener_plugin.py for tasks to queue
[2026-03-18T07:44:13.207+0530] {logging_mixin.py:188} INFO - [2026-03-18T07:44:13.207+0530] {dagbag.py:540} INFO - Filling up the DagBag from /Users/vybhavswaroop/Desktop/untitled folder 3/ecommerce_platform/venv/lib/python3.11/site-packages/airflow/example_dags/plugins/listener_plugin.py
[2026-03-18T07:44:13.209+0530] {processor.py:842} WARNING - No viable dags retrieved from /Users/vybhavswaroop/Desktop/untitled folder 3/ecommerce_platform/venv/lib/python3.11/site-packages/airflow/example_dags/plugins/listener_plugin.py
[2026-03-18T07:44:13.235+0530] {processor.py:183} INFO - Processing /Users/vybhavswaroop/Desktop/untitled folder 3/ecommerce_platform/venv/lib/python3.11/site-packages/airflow/example_dags/plugins/listener_plugin.py took 0.029 seconds
[2026-03-18T07:45:39.479+0530] {processor.py:161} INFO - Started process (PID=7528) to work on /Users/vybhavswaroop/Desktop/untitled folder 3/ecommerce_platform/venv/lib/python3.11/site-packages/airflow/example_dags/plugins/listener_plugin.py
[2026-03-18T07:45:39.479+0530] {processor.py:830} INFO - Processing file /Users/vybhavswaroop/Desktop/untitled folder 3/ecommerce_platform/venv/lib/python3.11/site-packages/airflow/example_dags/plugins/listener_plugin.py for tasks to queue
[2026-03-18T07:45:39.480+0530] {logging_mixin.py:188} INFO - [2026-03-18T07:45:39.479+0530] {dagbag.py:540} INFO - Filling up the DagBag from /Users/vybhavswaroop/Desktop/untitled folder 3/ecommerce_platform/venv/lib/python3.11/site-packages/airflow/example_dags/plugins/listener_plugin.py
[2026-03-18T07:45:39.481+0530] {processor.py:842} WARNING - No viable dags retrieved from /Users/vybhavswaroop/Desktop/untitled folder 3/ecommerce_platform/venv/lib/python3.11/site-packages/airflow/example_dags/plugins/listener_plugin.py
[2026-03-18T07:45:39.505+0530] {processor.py:183} INFO - Processing /Users/vybhavswaroop/Desktop/untitled folder 3/ecommerce_platform/venv/lib/python3.11/site-packages/airflow/example_dags/plugins/listener_plugin.py took 0.027 seconds
[2026-03-18T07:47:01.056+0530] {processor.py:161} INFO - Started process (PID=7797) to work on /Users/vybhavswaroop/Desktop/untitled folder 3/ecommerce_platform/venv/lib/python3.11/site-packages/airflow/example_dags/plugins/listener_plugin.py
[2026-03-18T07:47:01.058+0530] {processor.py:830} INFO - Processing file /Users/vybhavswaroop/Desktop/untitled folder 3/ecommerce_platform/venv/lib/python3.11/site-packages/airflow/example_dags/plugins/listener_plugin.py for tasks to queue
[2026-03-18T07:47:01.058+0530] {logging_mixin.py:188} INFO - [2026-03-18T07:47:01.058+0530] {dagbag.py:540} INFO - Filling up the DagBag from /Users/vybhavswaroop/Desktop/untitled folder 3/ecommerce_platform/venv/lib/python3.11/site-packages/airflow/example_dags/plugins/listener_plugin.py
[2026-03-18T07:47:01.061+0530] {processor.py:842} WARNING - No viable dags retrieved from /Users/vybhavswaroop/Desktop/untitled folder 3/ecommerce_platform/venv/lib/python3.11/site-packages/airflow/example_dags/plugins/listener_plugin.py
[2026-03-18T07:47:01.085+0530] {processor.py:183} INFO - Processing /Users/vybhavswaroop/Desktop/untitled folder 3/ecommerce_platform/venv/lib/python3.11/site-packages/airflow/example_dags/plugins/listener_plugin.py took 0.028 seconds
[2026-03-18T07:48:24.211+0530] {processor.py:161} INFO - Started process (PID=8155) to work on /Users/vybhavswaroop/Desktop/untitled folder 3/ecommerce_platform/venv/lib/python3.11/site-packages/airflow/example_dags/plugins/listener_plugin.py
[2026-03-18T07:48:24.213+0530] {processor.py:830} INFO - Processing file /Users/vybhavswaroop/Desktop/untitled folder 3/ecommerce_platform/venv/lib/python3.11/site-packages/airflow/example_dags/plugins/listener_plugin.py for tasks to queue
[2026-03-18T07:48:24.213+0530] {logging_mixin.py:188} INFO - [2026-03-18T07:48:24.213+0530] {dagbag.py:540} INFO - Filling up the DagBag from /Users/vybhavswaroop/Desktop/untitled folder 3/ecommerce_platform/venv/lib/python3.11/site-packages/airflow/example_dags/plugins/listener_plugin.py
[2026-03-18T07:48:24.216+0530] {processor.py:842} WARNING - No viable dags retrieved from /Users/vybhavswaroop/Desktop/untitled folder 3/ecommerce_platform/venv/lib/python3.11/site-packages/airflow/example_dags/plugins/listener_plugin.py
[2026-03-18T07:48:24.239+0530] {processor.py:183} INFO - Processing /Users/vybhavswaroop/Desktop/untitled folder 3/ecommerce_platform/venv/lib/python3.11/site-packages/airflow/example_dags/plugins/listener_plugin.py took 0.029 seconds
[2026-03-18T07:49:50.477+0530] {processor.py:161} INFO - Started process (PID=8745) to work on /Users/vybhavswaroop/Desktop/untitled folder 3/ecommerce_platform/venv/lib/python3.11/site-packages/airflow/example_dags/plugins/listener_plugin.py
[2026-03-18T07:49:50.478+0530] {processor.py:830} INFO - Processing file /Users/vybhavswaroop/Desktop/untitled folder 3/ecommerce_platform/venv/lib/python3.11/site-packages/airflow/example_dags/plugins/listener_plugin.py for tasks to queue
[2026-03-18T07:49:50.478+0530] {logging_mixin.py:188} INFO - [2026-03-18T07:49:50.478+0530] {dagbag.py:540} INFO - Filling up the DagBag from /Users/vybhavswaroop/Desktop/untitled folder 3/ecommerce_platform/venv/lib/python3.11/site-packages/airflow/example_dags/plugins/listener_plugin.py
[2026-03-18T07:49:50.480+0530] {processor.py:842} WARNING - No viable dags retrieved from /Users/vybhavswaroop/Desktop/untitled folder 3/ecommerce_platform/venv/lib/python3.11/site-packages/airflow/example_dags/plugins/listener_plugin.py
[2026-03-18T07:49:50.504+0530] {processor.py:183} INFO - Processing /Users/vybhavswaroop/Desktop/untitled folder 3/ecommerce_platform/venv/lib/python3.11/site-packages/airflow/example_dags/plugins/listener_plugin.py took 0.027 seconds
[2026-03-18T07:51:16.673+0530] {processor.py:161} INFO - Started process (PID=9029) to work on /Users/vybhavswaroop/Desktop/untitled folder 3/ecommerce_platform/venv/lib/python3.11/site-packages/airflow/example_dags/plugins/listener_plugin.py
[2026-03-18T07:51:16.674+0530] {processor.py:830} INFO - Processing file /Users/vybhavswaroop/Desktop/untitled folder 3/ecommerce_platform/venv/lib/python3.11/site-packages/airflow/example_dags/plugins/listener_plugin.py for tasks to queue
[2026-03-18T07:51:16.674+0530] {logging_mixin.py:188} INFO - [2026-03-18T07:51:16.674+0530] {dagbag.py:540} INFO - Filling up the DagBag from /Users/vybhavswaroop/Desktop/untitled folder 3/ecommerce_platform/venv/lib/python3.11/site-packages/airflow/example_dags/plugins/listener_plugin.py
[2026-03-18T07:51:16.676+0530] {processor.py:842} WARNING - No viable dags retrieved from /Users/vybhavswaroop/Desktop/untitled folder 3/ecommerce_platform/venv/lib/python3.11/site-packages/airflow/example_dags/plugins/listener_plugin.py
[2026-03-18T07:51:16.699+0530] {processor.py:183} INFO - Processing /Users/vybhavswaroop/Desktop/untitled folder 3/ecommerce_platform/venv/lib/python3.11/site-packages/airflow/example_dags/plugins/listener_plugin.py took 0.027 seconds
[2026-03-18T07:52:44.083+0530] {processor.py:161} INFO - Started process (PID=10690) to work on /Users/vybhavswaroop/Desktop/untitled folder 3/ecommerce_platform/venv/lib/python3.11/site-packages/airflow/example_dags/plugins/listener_plugin.py
[2026-03-18T07:52:44.084+0530] {processor.py:830} INFO - Processing file /Users/vybhavswaroop/Desktop/untitled folder 3/ecommerce_platform/venv/lib/python3.11/site-packages/airflow/example_dags/plugins/listener_plugin.py for tasks to queue
[2026-03-18T07:52:44.085+0530] {logging_mixin.py:188} INFO - [2026-03-18T07:52:44.085+0530] {dagbag.py:540} INFO - Filling up the DagBag from /Users/vybhavswaroop/Desktop/untitled folder 3/ecommerce_platform/venv/lib/python3.11/site-packages/airflow/example_dags/plugins/listener_plugin.py
[2026-03-18T07:52:44.085+0530] {processor.py:842} WARNING - No viable dags retrieved from /Users/vybhavswaroop/Desktop/untitled folder 3/ecommerce_platform/venv/lib/python3.11/site-packages/airflow/example_dags/plugins/listener_plugin.py
[2026-03-18T07:52:44.110+0530] {processor.py:183} INFO - Processing /Users/vybhavswaroop/Desktop/untitled folder 3/ecommerce_platform/venv/lib/python3.11/site-packages/airflow/example_dags/plugins/listener_plugin.py took 0.028 seconds
[2026-03-18T07:54:49.312+0530] {processor.py:161} INFO - Started process (PID=11065) to work on /Users/vybhavswaroop/Desktop/untitled folder 3/ecommerce_platform/venv/lib/python3.11/site-packages/airflow/example_dags/plugins/listener_plugin.py
[2026-03-18T07:54:49.314+0530] {processor.py:830} INFO - Processing file /Users/vybhavswaroop/Desktop/untitled folder 3/ecommerce_platform/venv/lib/python3.11/site-packages/airflow/example_dags/plugins/listener_plugin.py for tasks to queue
[2026-03-18T07:54:49.315+0530] {logging_mixin.py:188} INFO - [2026-03-18T07:54:49.314+0530] {dagbag.py:540} INFO - Filling up the DagBag from /Users/vybhavswaroop/Desktop/untitled folder 3/ecommerce_platform/venv/lib/python3.11/site-packages/airflow/example_dags/plugins/listener_plugin.py
[2026-03-18T07:54:49.316+0530] {processor.py:842} WARNING - No viable dags retrieved from /Users/vybhavswaroop/Desktop/untitled folder 3/ecommerce_platform/venv/lib/python3.11/site-packages/airflow/example_dags/plugins/listener_plugin.py
[2026-03-18T07:54:49.340+0530] {processor.py:183} INFO - Processing /Users/vybhavswaroop/Desktop/untitled folder 3/ecommerce_platform/venv/lib/python3.11/site-packages/airflow/example_dags/plugins/listener_plugin.py took 0.028 seconds
[2026-03-18T07:56:23.463+0530] {processor.py:161} INFO - Started process (PID=11336) to work on /Users/vybhavswaroop/Desktop/untitled folder 3/ecommerce_platform/venv/lib/python3.11/site-packages/airflow/example_dags/plugins/listener_plugin.py
[2026-03-18T07:56:23.465+0530] {processor.py:830} INFO - Processing file /Users/vybhavswaroop/Desktop/untitled folder 3/ecommerce_platform/venv/lib/python3.11/site-packages/airflow/example_dags/plugins/listener_plugin.py for tasks to queue
[2026-03-18T07:56:23.465+0530] {logging_mixin.py:188} INFO - [2026-03-18T07:56:23.465+0530] {dagbag.py:540} INFO - Filling up the DagBag from /Users/vybhavswaroop/Desktop/untitled folder 3/ecommerce_platform/venv/lib/python3.11/site-packages/airflow/example_dags/plugins/listener_plugin.py
[2026-03-18T07:56:23.468+0530] {processor.py:842} WARNING - No viable dags retrieved from /Users/vybhavswaroop/Desktop/untitled folder 3/ecommerce_platform/venv/lib/python3.11/site-packages/airflow/example_dags/plugins/listener_plugin.py
[2026-03-18T07:56:23.491+0530] {processor.py:183} INFO - Processing /Users/vybhavswaroop/Desktop/untitled folder 3/ecommerce_platform/venv/lib/python3.11/site-packages/airflow/example_dags/plugins/listener_plugin.py took 0.029 seconds
[2026-03-18T07:57:49.766+0530] {processor.py:161} INFO - Started process (PID=11587) to work on /Users/vybhavswaroop/Desktop/untitled folder 3/ecommerce_platform/venv/lib/python3.11/site-packages/airflow/example_dags/plugins/listener_plugin.py
[2026-03-18T07:57:49.767+0530] {processor.py:830} INFO - Processing file /Users/vybhavswaroop/Desktop/untitled folder 3/ecommerce_platform/venv/lib/python3.11/site-packages/airflow/example_dags/plugins/listener_plugin.py for tasks to queue
[2026-03-18T07:57:49.767+0530] {logging_mixin.py:188} INFO - [2026-03-18T07:57:49.767+0530] {dagbag.py:540} INFO - Filling up the DagBag from /Users/vybhavswaroop/Desktop/untitled folder 3/ecommerce_platform/venv/lib/python3.11/site-packages/airflow/example_dags/plugins/listener_plugin.py
[2026-03-18T07:57:49.768+0530] {processor.py:842} WARNING - No viable dags retrieved from /Users/vybhavswaroop/Desktop/untitled folder 3/ecommerce_platform/venv/lib/python3.11/site-packages/airflow/example_dags/plugins/listener_plugin.py
[2026-03-18T07:57:49.794+0530] {processor.py:183} INFO - Processing /Users/vybhavswaroop/Desktop/untitled folder 3/ecommerce_platform/venv/lib/python3.11/site-packages/airflow/example_dags/plugins/listener_plugin.py took 0.029 seconds
