[2026-03-18T05:38:28.615+0530] {processor.py:161} INFO - Started process (PID=96936) to work on /Users/vybhavswaroop/Desktop/untitled folder 3/ecommerce_platform/venv/lib/python3.11/site-packages/airflow/example_dags/plugins/workday.py
[2026-03-18T05:38:28.615+0530] {processor.py:830} INFO - Processing file /Users/vybhavswaroop/Desktop/untitled folder 3/ecommerce_platform/venv/lib/python3.11/site-packages/airflow/example_dags/plugins/workday.py for tasks to queue
[2026-03-18T05:38:28.615+0530] {logging_mixin.py:188} INFO - [2026-03-18T05:38:28.615+0530] {dagbag.py:540} INFO - Filling up the DagBag from /Users/vybhavswaroop/Desktop/untitled folder 3/ecommerce_platform/venv/lib/python3.11/site-packages/airflow/example_dags/plugins/workday.py
[2026-03-18T05:38:28.893+0530] {processor.py:842} WARNING - No viable dags retrieved from /Users/vybhavswaroop/Desktop/untitled folder 3/ecommerce_platform/venv/lib/python3.11/site-packages/airflow/example_dags/plugins/workday.py
[2026-03-18T05:38:28.919+0530] {processor.py:183} INFO - Processing /Users/vybhavswaroop/Desktop/untitled folder 3/ecommerce_platform/venv/lib/python3.11/site-packages/airflow/example_dags/plugins/workday.py took 0.304 seconds
[2026-03-18T07:19:40.162+0530] {processor.py:161} INFO - Started process (PID=99032) to work on /Users/vybhavswaroop/Desktop/untitled folder 3/ecommerce_platform/venv/lib/python3.11/site-packages/airflow/example_dags/plugins/workday.py
[2026-03-18T07:19:40.162+0530] {processor.py:830} INFO - Processing file /Users/vybhavswaroop/Desktop/untitled folder 3/ecommerce_platform/venv/lib/python3.11/site-packages/airflow/example_dags/plugins/workday.py for tasks to queue
[2026-03-18T07:19:40.163+0530] {logging_mixin.py:188} INFO - [2026-03-18T07:19:40.163+0530] {dagbag.py:540} INFO - Filling up the DagBag from /Users/vybhavswaroop/Desktop/untitled folder 3/ecommerce_platform/venv/lib/python3.11/site-packages/airflow/example_dags/plugins/workday.py
[2026-03-18T07:19:40.441+0530] {processor.py:842} WARNING - No viable dags retrieved from /Users/vybhavswaroop/Desktop/untitled folder 3/ecommerce_platform/venv/lib/python3.11/site-packages/airflow/example_dags/plugins/workday.py
[2026-03-18T07:19:40.467+0530] {processor.py:183} INFO - Processing /Users/vybhavswaroop/Desktop/untitled folder 3/ecommerce_platform/venv/lib/python3.11/site-packages/airflow/example_dags/plugins/workday.py took 0.305 seconds
[2026-03-18T07:20:41.986+0530] {processor.py:161} INFO - Started process (PID=1255) to work on /Users/vybhavswaroop/Desktop/untitled folder 3/ecommerce_platform/venv/lib/python3.11/site-packages/airflow/example_dags/plugins/workday.py
[2026-03-18T07:20:41.987+0530] {processor.py:830} INFO - Processing file /Users/vybhavswaroop/Desktop/untitled folder 3/ecommerce_platform/venv/lib/python3.11/site-packages/airflow/example_dags/plugins/workday.py for tasks to queue
[2026-03-18T07:20:41.987+0530] {logging_mixin.py:188} INFO - [2026-03-18T07:20:41.987+0530] {dagbag.py:540} INFO - Filling up the DagBag from /Users/vybhavswaroop/Desktop/untitled folder 3/ecommerce_platform/venv/lib/python3.11/site-packages/airflow/example_dags/plugins/workday.py
[2026-03-18T07:20:42.227+0530] {processor.py:842} WARNING - No viable dags retrieved from /Users/vybhavswaroop/Desktop/untitled folder 3/ecommerce_platform/venv/lib/python3.11/site-packages/airflow/example_dags/plugins/workday.py
[2026-03-18T07:20:42.250+0530] {processor.py:183} INFO - Processing /Users/vybhavswaroop/Desktop/untitled folder 3/ecommerce_platform/venv/lib/python3.11/site-packages/airflow/example_dags/plugins/workday.py took 0.265 seconds
[2026-03-18T07:21:36.821+0530] {processor.py:161} INFO - Started process (PID=2800) to work on /Users/vybhavswaroop/Desktop/untitled folder 3/ecommerce_platform/venv/lib/python3.11/site-packages/airflow/example_dags/plugins/workday.py
[2026-03-18T07:21:36.822+0530] {processor.py:830} INFO - Processing file /Users/vybhavswaroop/Desktop/untitled folder 3/ecommerce_platform/venv/lib/python3.11/site-packages/airflow/example_dags/plugins/workday.py for tasks to queue
[2026-03-18T07:21:36.822+0530] {logging_mixin.py:188} INFO - [2026-03-18T07:21:36.822+0530] {dagbag.py:540} INFO - Filling up the DagBag from /Users/vybhavswaroop/Desktop/untitled folder 3/ecommerce_platform/venv/lib/python3.11/site-packages/airflow/example_dags/plugins/workday.py
[2026-03-18T07:21:37.073+0530] {processor.py:842} WARNING - No viable dags retrieved from /Users/vybhavswaroop/Desktop/untitled folder 3/ecommerce_platform/venv/lib/python3.11/site-packages/airflow/example_dags/plugins/workday.py
[2026-03-18T07:21:37.097+0530] {processor.py:183} INFO - Processing /Users/vybhavswaroop/Desktop/untitled folder 3/ecommerce_platform/venv/lib/python3.11/site-packages/airflow/example_dags/plugins/workday.py took 0.276 seconds
[2026-03-18T07:23:40.869+0530] {processor.py:161} INFO - Started process (PID=3294) to work on /Users/vybhavswaroop/Desktop/untitled folder 3/ecommerce_platform/venv/lib/python3.11/site-packages/airflow/example_dags/plugins/workday.py
[2026-03-18T07:23:40.871+0530] {processor.py:830} INFO - Processing file /Users/vybhavswaroop/Desktop/untitled folder 3/ecommerce_platform/venv/lib/python3.11/site-packages/airflow/example_dags/plugins/workday.py for tasks to queue
[2026-03-18T07:23:40.871+0530] {logging_mixin.py:188} INFO - [2026-03-18T07:23:40.871+0530] {dagbag.py:540} INFO - Filling up the DagBag from /Users/vybhavswaroop/Desktop/untitled folder 3/ecommerce_platform/venv/lib/python3.11/site-packages/airflow/example_dags/plugins/workday.py
[2026-03-18T07:23:41.110+0530] {processor.py:842} WARNING - No viable dags retrieved from /Users/vybhavswaroop/Desktop/untitled folder 3/ecommerce_platform/venv/lib/python3.11/site-packages/airflow/example_dags/plugins/workday.py
[2026-03-18T07:23:41.134+0530] {processor.py:183} INFO - Processing /Users/vybhavswaroop/Desktop/untitled folder 3/ecommerce_platform/venv/lib/python3.11/site-packages/airflow/example_dags/plugins/workday.py took 0.265 seconds
[2026-03-18T07:25:07.321+0530] {processor.py:161} INFO - Started process (PID=3548) to work on /Users/vybhavswaroop/Desktop/untitled folder 3/ecommerce_platform/venv/lib/python3.11/site-packages/airflow/example_dags/plugins/workday.py
[2026-03-18T07:25:07.321+0530] {processor.py:830} INFO - Processing file /Users/vybhavswaroop/Desktop/untitled folder 3/ecommerce_platform/venv/lib/python3.11/site-packages/airflow/example_dags/plugins/workday.py for tasks to queue
[2026-03-18T07:25:07.321+0530] {logging_mixin.py:188} INFO - [2026-03-18T07:25:07.321+0530] {dagbag.py:540} INFO - Filling up the DagBag from /Users/vybhavswaroop/Desktop/untitled folder 3/ecommerce_platform/venv/lib/python3.11/site-packages/airflow/example_dags/plugins/workday.py
[2026-03-18T07:25:07.560+0530] {processor.py:842} WARNING - No viable dags retrieved from /Users/vybhavswaroop/Desktop/untitled folder 3/ecommerce_platform/venv/lib/python3.11/site-packages/airflow/example_dags/plugins/workday.py
[2026-03-18T07:25:07.584+0530] {processor.py:183} INFO - Processing /Users/vybhavswaroop/Desktop/untitled folder 3/ecommerce_platform/venv/lib/python3.11/site-packages/airflow/example_dags/plugins/workday.py took 0.264 seconds
[2026-03-18T07:26:31.200+0530] {processor.py:161} INFO - Started process (PID=3795) to work on /Users/vybhavswaroop/Desktop/untitled folder 3/ecommerce_platform/venv/lib/python3.11/site-packages/airflow/example_dags/plugins/workday.py
[2026-03-18T07:26:31.201+0530] {processor.py:830} INFO - Processing file /Users/vybhavswaroop/Desktop/untitled folder 3/ecommerce_platform/venv/lib/python3.11/site-packages/airflow/example_dags/plugins/workday.py for tasks to queue
[2026-03-18T07:26:31.201+0530] {logging_mixin.py:188} INFO - [2026-03-18T07:26:31.201+0530] {dagbag.py:540} INFO - Filling up the DagBag from /Users/vybhavswaroop/Desktop/untitled folder 3/ecommerce_platform/venv/lib/python3.11/site-packages/airflow/example_dags/plugins/workday.py
[2026-03-18T07:26:31.394+0530] {processor.py:842} WARNING - No viable dags retrieved from /Users/vybhavswaroop/Desktop/untitled folder 3/ecommerce_platform/venv/lib/python3.11/site-packages/airflow/example_dags/plugins/workday.py
[2026-03-18T07:26:31.418+0530] {processor.py:183} INFO - Processing /Users/vybhavswaroop/Desktop/untitled folder 3/ecommerce_platform/venv/lib/python3.11/site-packages/airflow/example_dags/plugins/workday.py took 0.218 seconds
[2026-03-18T07:27:54.429+0530] {processor.py:161} INFO - Started process (PID=4038) to work on /Users/vybhavswaroop/Desktop/untitled folder 3/ecommerce_platform/venv/lib/python3.11/site-packages/airflow/example_dags/plugins/workday.py
[2026-03-18T07:27:54.430+0530] {processor.py:830} INFO - Processing file /Users/vybhavswaroop/Desktop/untitled folder 3/ecommerce_platform/venv/lib/python3.11/site-packages/airflow/example_dags/plugins/workday.py for tasks to queue
[2026-03-18T07:27:54.430+0530] {logging_mixin.py:188} INFO - [2026-03-18T07:27:54.430+0530] {dagbag.py:540} INFO - Filling up the DagBag from /Users/vybhavswaroop/Desktop/untitled folder 3/ecommerce_platform/venv/lib/python3.11/site-packages/airflow/example_dags/plugins/workday.py
[2026-03-18T07:27:54.618+0530] {processor.py:842} WARNING - No viable dags retrieved from /Users/vybhavswaroop/Desktop/untitled folder 3/ecommerce_platform/venv/lib/python3.11/site-packages/airflow/example_dags/plugins/workday.py
[2026-03-18T07:27:54.641+0530] {processor.py:183} INFO - Processing /Users/vybhavswaroop/Desktop/untitled folder 3/ecommerce_platform/venv/lib/python3.11/site-packages/airflow/example_dags/plugins/workday.py took 0.212 seconds
[2026-03-18T07:29:15.229+0530] {processor.py:161} INFO - Started process (PID=4284) to work on /Users/vybhavswaroop/Desktop/untitled folder 3/ecommerce_platform/venv/lib/python3.11/site-packages/airflow/example_dags/plugins/workday.py
[2026-03-18T07:29:15.229+0530] {processor.py:830} INFO - Processing file /Users/vybhavswaroop/Desktop/untitled folder 3/ecommerce_platform/venv/lib/python3.11/site-packages/airflow/example_dags/plugins/workday.py for tasks to queue
[2026-03-18T07:29:15.229+0530] {logging_mixin.py:188} INFO - [2026-03-18T07:29:15.229+0530] {dagbag.py:540} INFO - Filling up the DagBag from /Users/vybhavswaroop/Desktop/untitled folder 3/ecommerce_platform/venv/lib/python3.11/site-packages/airflow/example_dags/plugins/workday.py
[2026-03-18T07:29:15.427+0530] {processor.py:842} WARNING - No viable dags retrieved from /Users/vybhavswaroop/Desktop/untitled folder 3/ecommerce_platform/venv/lib/python3.11/site-packages/airflow/example_dags/plugins/workday.py
[2026-03-18T07:29:15.451+0530] {processor.py:183} INFO - Processing /Users/vybhavswaroop/Desktop/untitled folder 3/ecommerce_platform/venv/lib/python3.11/site-packages/airflow/example_dags/plugins/workday.py took 0.223 seconds
[2026-03-18T07:30:35.912+0530] {processor.py:161} INFO - Started process (PID=4523) to work on /Users/vybhavswaroop/Desktop/untitled folder 3/ecommerce_platform/venv/lib/python3.11/site-packages/airflow/example_dags/plugins/workday.py
[2026-03-18T07:30:35.912+0530] {processor.py:830} INFO - Processing file /Users/vybhavswaroop/Desktop/untitled folder 3/ecommerce_platform/venv/lib/python3.11/site-packages/airflow/example_dags/plugins/workday.py for tasks to queue
[2026-03-18T07:30:35.913+0530] {logging_mixin.py:188} INFO - [2026-03-18T07:30:35.912+0530] {dagbag.py:540} INFO - Filling up the DagBag from /Users/vybhavswaroop/Desktop/untitled folder 3/ecommerce_platform/venv/lib/python3.11/site-packages/airflow/example_dags/plugins/workday.py
[2026-03-18T07:30:36.109+0530] {processor.py:842} WARNING - No viable dags retrieved from /Users/vybhavswaroop/Desktop/untitled folder 3/ecommerce_platform/venv/lib/python3.11/site-packages/airflow/example_dags/plugins/workday.py
[2026-03-18T07:30:36.132+0530] {processor.py:183} INFO - Processing /Users/vybhavswaroop/Desktop/untitled folder 3/ecommerce_platform/venv/lib/python3.11/site-packages/airflow/example_dags/plugins/workday.py took 0.221 seconds
[2026-03-18T07:31:59.205+0530] {processor.py:161} INFO - Started process (PID=4771) to work on /Users/vybhavswaroop/Desktop/untitled folder 3/ecommerce_platform/venv/lib/python3.11/site-packages/airflow/example_dags/plugins/workday.py
[2026-03-18T07:31:59.206+0530] {processor.py:830} INFO - Processing file /Users/vybhavswaroop/Desktop/untitled folder 3/ecommerce_platform/venv/lib/python3.11/site-packages/airflow/example_dags/plugins/workday.py for tasks to queue
[2026-03-18T07:31:59.206+0530] {logging_mixin.py:188} INFO - [2026-03-18T07:31:59.206+0530] {dagbag.py:540} INFO - Filling up the DagBag from /Users/vybhavswaroop/Desktop/untitled folder 3/ecommerce_platform/venv/lib/python3.11/site-packages/airflow/example_dags/plugins/workday.py
[2026-03-18T07:31:59.412+0530] {processor.py:842} WARNING - No viable dags retrieved from /Users/vybhavswaroop/Desktop/untitled folder 3/ecommerce_platform/venv/lib/python3.11/site-packages/airflow/example_dags/plugins/workday.py
[2026-03-18T07:31:59.436+0530] {processor.py:183} INFO - Processing /Users/vybhavswaroop/Desktop/untitled folder 3/ecommerce_platform/venv/lib/python3.11/site-packages/airflow/example_dags/plugins/workday.py took 0.231 seconds
[2026-03-18T07:33:24.451+0530] {processor.py:161} INFO - Started process (PID=5016) to work on /Users/vybhavswaroop/Desktop/untitled folder 3/ecommerce_platform/venv/lib/python3.11/site-packages/airflow/example_dags/plugins/workday.py
[2026-03-18T07:33:24.452+0530] {processor.py:830} INFO - Processing file /Users/vybhavswaroop/Desktop/untitled folder 3/ecommerce_platform/venv/lib/python3.11/site-packages/airflow/example_dags/plugins/workday.py for tasks to queue
[2026-03-18T07:33:24.452+0530] {logging_mixin.py:188} INFO - [2026-03-18T07:33:24.452+0530] {dagbag.py:540} INFO - Filling up the DagBag from /Users/vybhavswaroop/Desktop/untitled folder 3/ecommerce_platform/venv/lib/python3.11/site-packages/airflow/example_dags/plugins/workday.py
[2026-03-18T07:33:24.661+0530] {processor.py:842} WARNING - No viable dags retrieved from /Users/vybhavswaroop/Desktop/untitled folder 3/ecommerce_platform/venv/lib/python3.11/site-packages/airflow/example_dags/plugins/workday.py
[2026-03-18T07:33:24.685+0530] {processor.py:183} INFO - Processing /Users/vybhavswaroop/Desktop/untitled folder 3/ecommerce_platform/venv/lib/python3.11/site-packages/airflow/example_dags/plugins/workday.py took 0.234 seconds
[2026-03-18T07:34:55.394+0530] {processor.py:161} INFO - Started process (PID=5335) to work on /Users/vybhavswaroop/Desktop/untitled folder 3/ecommerce_platform/venv/lib/python3.11/site-packages/airflow/example_dags/plugins/workday.py
[2026-03-18T07:34:55.395+0530] {processor.py:830} INFO - Processing file /Users/vybhavswaroop/Desktop/untitled folder 3/ecommerce_platform/venv/lib/python3.11/site-packages/airflow/example_dags/plugins/workday.py for tasks to queue
[2026-03-18T07:34:55.396+0530] {logging_mixin.py:188} INFO - [2026-03-18T07:34:55.396+0530] {dagbag.py:540} INFO - Filling up the DagBag from /Users/vybhavswaroop/Desktop/untitled folder 3/ecommerce_platform/venv/lib/python3.11/site-packages/airflow/example_dags/plugins/workday.py
[2026-03-18T07:34:55.627+0530] {processor.py:842} WARNING - No viable dags retrieved from /Users/vybhavswaroop/Desktop/untitled folder 3/ecommerce_platform/venv/lib/python3.11/site-packages/airflow/example_dags/plugins/workday.py
[2026-03-18T07:34:55.649+0530] {processor.py:183} INFO - Processing /Users/vybhavswaroop/Desktop/untitled folder 3/ecommerce_platform/venv/lib/python3.11/site-packages/airflow/example_dags/plugins/workday.py took 0.255 seconds
[2026-03-18T07:36:29.968+0530] {processor.py:161} INFO - Started process (PID=5613) to work on /Users/vybhavswaroop/Desktop/untitled folder 3/ecommerce_platform/venv/lib/python3.11/site-packages/airflow/example_dags/plugins/workday.py
[2026-03-18T07:36:29.969+0530] {processor.py:830} INFO - Processing file /Users/vybhavswaroop/Desktop/untitled folder 3/ecommerce_platform/venv/lib/python3.11/site-packages/airflow/example_dags/plugins/workday.py for tasks to queue
[2026-03-18T07:36:29.969+0530] {logging_mixin.py:188} INFO - [2026-03-18T07:36:29.969+0530] {dagbag.py:540} INFO - Filling up the DagBag from /Users/vybhavswaroop/Desktop/untitled folder 3/ecommerce_platform/venv/lib/python3.11/site-packages/airflow/example_dags/plugins/workday.py
[2026-03-18T07:36:30.206+0530] {processor.py:842} WARNING - No viable dags retrieved from /Users/vybhavswaroop/Desktop/untitled folder 3/ecommerce_platform/venv/lib/python3.11/site-packages/airflow/example_dags/plugins/workday.py
[2026-03-18T07:36:30.230+0530] {processor.py:183} INFO - Processing /Users/vybhavswaroop/Desktop/untitled folder 3/ecommerce_platform/venv/lib/python3.11/site-packages/airflow/example_dags/plugins/workday.py took 0.263 seconds
[2026-03-18T07:37:57.928+0530] {processor.py:161} INFO - Started process (PID=5879) to work on /Users/vybhavswaroop/Desktop/untitled folder 3/ecommerce_platform/venv/lib/python3.11/site-packages/airflow/example_dags/plugins/workday.py
[2026-03-18T07:37:57.929+0530] {processor.py:830} INFO - Processing file /Users/vybhavswaroop/Desktop/untitled folder 3/ecommerce_platform/venv/lib/python3.11/site-packages/airflow/example_dags/plugins/workday.py for tasks to queue
[2026-03-18T07:37:57.929+0530] {logging_mixin.py:188} INFO - [2026-03-18T07:37:57.929+0530] {dagbag.py:540} INFO - Filling up the DagBag from /Users/vybhavswaroop/Desktop/untitled folder 3/ecommerce_platform/venv/lib/python3.11/site-packages/airflow/example_dags/plugins/workday.py
[2026-03-18T07:37:58.173+0530] {processor.py:842} WARNING - No viable dags retrieved from /Users/vybhavswaroop/Desktop/untitled folder 3/ecommerce_platform/venv/lib/python3.11/site-packages/airflow/example_dags/plugins/workday.py
[2026-03-18T07:37:58.197+0530] {processor.py:183} INFO - Processing /Users/vybhavswaroop/Desktop/untitled folder 3/ecommerce_platform/venv/lib/python3.11/site-packages/airflow/example_dags/plugins/workday.py took 0.269 seconds
[2026-03-18T07:39:28.414+0530] {processor.py:161} INFO - Started process (PID=6194) to work on /Users/vybhavswaroop/Desktop/untitled folder 3/ecommerce_platform/venv/lib/python3.11/site-packages/airflow/example_dags/plugins/workday.py
[2026-03-18T07:39:28.416+0530] {processor.py:830} INFO - Processing file /Users/vybhavswaroop/Desktop/untitled folder 3/ecommerce_platform/venv/lib/python3.11/site-packages/airflow/example_dags/plugins/workday.py for tasks to queue
[2026-03-18T07:39:28.416+0530] {logging_mixin.py:188} INFO - [2026-03-18T07:39:28.416+0530] {dagbag.py:540} INFO - Filling up the DagBag from /Users/vybhavswaroop/Desktop/untitled folder 3/ecommerce_platform/venv/lib/python3.11/site-packages/airflow/example_dags/plugins/workday.py
[2026-03-18T07:39:28.662+0530] {processor.py:842} WARNING - No viable dags retrieved from /Users/vybhavswaroop/Desktop/untitled folder 3/ecommerce_platform/venv/lib/python3.11/site-packages/airflow/example_dags/plugins/workday.py
[2026-03-18T07:39:28.685+0530] {processor.py:183} INFO - Processing /Users/vybhavswaroop/Desktop/untitled folder 3/ecommerce_platform/venv/lib/python3.11/site-packages/airflow/example_dags/plugins/workday.py took 0.271 seconds
[2026-03-18T07:40:58.997+0530] {processor.py:161} INFO - Started process (PID=6540) to work on /Users/vybhavswaroop/Desktop/untitled folder 3/ecommerce_platform/venv/lib/python3.11/site-packages/airflow/example_dags/plugins/workday.py
[2026-03-18T07:40:58.998+0530] {processor.py:830} INFO - Processing file /Users/vybhavswaroop/Desktop/untitled folder 3/ecommerce_platform/venv/lib/python3.11/site-packages/airflow/example_dags/plugins/workday.py for tasks to queue
[2026-03-18T07:40:58.999+0530] {logging_mixin.py:188} INFO - [2026-03-18T07:40:58.999+0530] {dagbag.py:540} INFO - Filling up the DagBag from /Users/vybhavswaroop/Desktop/untitled folder 3/ecommerce_platform/venv/lib/python3.11/site-packages/airflow/example_dags/plugins/workday.py
[2026-03-18T07:40:59.234+0530] {processor.py:842} WARNING - No viable dags retrieved from /Users/vybhavswaroop/Desktop/untitled folder 3/ecommerce_platform/venv/lib/python3.11/site-packages/airflow/example_dags/plugins/workday.py
[2026-03-18T07:40:59.257+0530] {processor.py:183} INFO - Processing /Users/vybhavswaroop/Desktop/untitled folder 3/ecommerce_platform/venv/lib/python3.11/site-packages/airflow/example_dags/plugins/workday.py took 0.260 seconds
[2026-03-18T07:42:40.696+0530] {processor.py:161} INFO - Started process (PID=6915) to work on /Users/vybhavswaroop/Desktop/untitled folder 3/ecommerce_platform/venv/lib/python3.11/site-packages/airflow/example_dags/plugins/workday.py
[2026-03-18T07:42:40.696+0530] {processor.py:830} INFO - Processing file /Users/vybhavswaroop/Desktop/untitled folder 3/ecommerce_platform/venv/lib/python3.11/site-packages/airflow/example_dags/plugins/workday.py for tasks to queue
[2026-03-18T07:42:40.697+0530] {logging_mixin.py:188} INFO - [2026-03-18T07:42:40.696+0530] {dagbag.py:540} INFO - Filling up the DagBag from /Users/vybhavswaroop/Desktop/untitled folder 3/ecommerce_platform/venv/lib/python3.11/site-packages/airflow/example_dags/plugins/workday.py
[2026-03-18T07:42:40.943+0530] {processor.py:842} WARNING - No viable dags retrieved from /Users/vybhavswaroop/Desktop/untitled folder 3/ecommerce_platform/venv/lib/python3.11/site-packages/airflow/example_dags/plugins/workday.py
[2026-03-18T07:42:40.966+0530] {processor.py:183} INFO - Processing /Users/vybhavswaroop/Desktop/untitled folder 3/ecommerce_platform/venv/lib/python3.11/site-packages/airflow/example_dags/plugins/workday.py took 0.270 seconds
[2026-03-18T07:44:10.669+0530] {processor.py:161} INFO - Started process (PID=7228) to work on /Users/vybhavswaroop/Desktop/untitled folder 3/ecommerce_platform/venv/lib/python3.11/site-packages/airflow/example_dags/plugins/workday.py
[2026-03-18T07:44:10.670+0530] {processor.py:830} INFO - Processing file /Users/vybhavswaroop/Desktop/untitled folder 3/ecommerce_platform/venv/lib/python3.11/site-packages/airflow/example_dags/plugins/workday.py for tasks to queue
[2026-03-18T07:44:10.671+0530] {logging_mixin.py:188} INFO - [2026-03-18T07:44:10.671+0530] {dagbag.py:540} INFO - Filling up the DagBag from /Users/vybhavswaroop/Desktop/untitled folder 3/ecommerce_platform/venv/lib/python3.11/site-packages/airflow/example_dags/plugins/workday.py
[2026-03-18T07:44:10.918+0530] {processor.py:842} WARNING - No viable dags retrieved from /Users/vybhavswaroop/Desktop/untitled folder 3/ecommerce_platform/venv/lib/python3.11/site-packages/airflow/example_dags/plugins/workday.py
[2026-03-18T07:44:10.941+0530] {processor.py:183} INFO - Processing /Users/vybhavswaroop/Desktop/untitled folder 3/ecommerce_platform/venv/lib/python3.11/site-packages/airflow/example_dags/plugins/workday.py took 0.273 seconds
[2026-03-18T07:45:36.720+0530] {processor.py:161} INFO - Started process (PID=7522) to work on /Users/vybhavswaroop/Desktop/untitled folder 3/ecommerce_platform/venv/lib/python3.11/site-packages/airflow/example_dags/plugins/workday.py
[2026-03-18T07:45:36.721+0530] {processor.py:830} INFO - Processing file /Users/vybhavswaroop/Desktop/untitled folder 3/ecommerce_platform/venv/lib/python3.11/site-packages/airflow/example_dags/plugins/workday.py for tasks to queue
[2026-03-18T07:45:36.721+0530] {logging_mixin.py:188} INFO - [2026-03-18T07:45:36.721+0530] {dagbag.py:540} INFO - Filling up the DagBag from /Users/vybhavswaroop/Desktop/untitled folder 3/ecommerce_platform/venv/lib/python3.11/site-packages/airflow/example_dags/plugins/workday.py
[2026-03-18T07:45:36.961+0530] {processor.py:842} WARNING - No viable dags retrieved from /Users/vybhavswaroop/Desktop/untitled folder 3/ecommerce_platform/venv/lib/python3.11/site-packages/airflow/example_dags/plugins/workday.py
[2026-03-18T07:45:36.984+0530] {processor.py:183} INFO - Processing /Users/vybhavswaroop/Desktop/untitled folder 3/ecommerce_platform/venv/lib/python3.11/site-packages/airflow/example_dags/plugins/workday.py took 0.264 seconds
[2026-03-18T07:46:58.494+0530] {processor.py:161} INFO - Started process (PID=7789) to work on /Users/vybhavswaroop/Desktop/untitled folder 3/ecommerce_platform/venv/lib/python3.11/site-packages/airflow/example_dags/plugins/workday.py
[2026-03-18T07:46:58.496+0530] {processor.py:830} INFO - Processing file /Users/vybhavswaroop/Desktop/untitled folder 3/ecommerce_platform/venv/lib/python3.11/site-packages/airflow/example_dags/plugins/workday.py for tasks to queue
[2026-03-18T07:46:58.496+0530] {logging_mixin.py:188} INFO - [2026-03-18T07:46:58.496+0530] {dagbag.py:540} INFO - Filling up the DagBag from /Users/vybhavswaroop/Desktop/untitled folder 3/ecommerce_platform/venv/lib/python3.11/site-packages/airflow/example_dags/plugins/workday.py
[2026-03-18T07:46:58.733+0530] {processor.py:842} WARNING - No viable dags retrieved from /Users/vybhavswaroop/Desktop/untitled folder 3/ecommerce_platform/venv/lib/python3.11/site-packages/airflow/example_dags/plugins/workday.py
[2026-03-18T07:46:58.757+0530] {processor.py:183} INFO - Processing /Users/vybhavswaroop/Desktop/untitled folder 3/ecommerce_platform/venv/lib/python3.11/site-packages/airflow/example_dags/plugins/workday.py took 0.263 seconds
[2026-03-18T07:48:21.495+0530] {processor.py:161} INFO - Started process (PID=8147) to work on /Users/vybhavswaroop/Desktop/untitled folder 3/ecommerce_platform/venv/lib/python3.11/site-packages/airflow/example_dags/plugins/workday.py
[2026-03-18T07:48:21.497+0530] {processor.py:830} INFO - Processing file /Users/vybhavswaroop/Desktop/untitled folder 3/ecommerce_platform/venv/lib/python3.11/site-packages/airflow/example_dags/plugins/workday.py for tasks to queue
[2026-03-18T07:48:21.497+0530] {logging_mixin.py:188} INFO - [2026-03-18T07:48:21.497+0530] {dagbag.py:540} INFO - Filling up the DagBag from /Users/vybhavswaroop/Desktop/untitled folder 3/ecommerce_platform/venv/lib/python3.11/site-packages/airflow/example_dags/plugins/workday.py
[2026-03-18T07:48:21.742+0530] {processor.py:842} WARNING - No viable dags retrieved from /Users/vybhavswaroop/Desktop/untitled folder 3/ecommerce_platform/venv/lib/python3.11/site-packages/airflow/example_dags/plugins/workday.py
[2026-03-18T07:48:21.765+0530] {processor.py:183} INFO - Processing /Users/vybhavswaroop/Desktop/untitled folder 3/ecommerce_platform/venv/lib/python3.11/site-packages/airflow/example_dags/plugins/workday.py took 0.270 seconds
[2026-03-18T07:49:47.602+0530] {processor.py:161} INFO - Started process (PID=8737) to work on /Users/vybhavswaroop/Desktop/untitled folder 3/ecommerce_platform/venv/lib/python3.11/site-packages/airflow/example_dags/plugins/workday.py
[2026-03-18T07:49:47.603+0530] {processor.py:830} INFO - Processing file /Users/vybhavswaroop/Desktop/untitled folder 3/ecommerce_platform/venv/lib/python3.11/site-packages/airflow/example_dags/plugins/workday.py for tasks to queue
[2026-03-18T07:49:47.603+0530] {logging_mixin.py:188} INFO - [2026-03-18T07:49:47.603+0530] {dagbag.py:540} INFO - Filling up the DagBag from /Users/vybhavswaroop/Desktop/untitled folder 3/ecommerce_platform/venv/lib/python3.11/site-packages/airflow/example_dags/plugins/workday.py
[2026-03-18T07:49:47.835+0530] {processor.py:842} WARNING - No viable dags retrieved from /Users/vybhavswaroop/Desktop/untitled folder 3/ecommerce_platform/venv/lib/python3.11/site-packages/airflow/example_dags/plugins/workday.py
[2026-03-18T07:49:47.858+0530] {processor.py:183} INFO - Processing /Users/vybhavswaroop/Desktop/untitled folder 3/ecommerce_platform/venv/lib/python3.11/site-packages/airflow/example_dags/plugins/workday.py took 0.256 seconds
[2026-03-18T07:51:14.879+0530] {processor.py:161} INFO - Started process (PID=9023) to work on /Users/vybhavswaroop/Desktop/untitled folder 3/ecommerce_platform/venv/lib/python3.11/site-packages/airflow/example_dags/plugins/workday.py
[2026-03-18T07:51:14.880+0530] {processor.py:830} INFO - Processing file /Users/vybhavswaroop/Desktop/untitled folder 3/ecommerce_platform/venv/lib/python3.11/site-packages/airflow/example_dags/plugins/workday.py for tasks to queue
[2026-03-18T07:51:14.880+0530] {logging_mixin.py:188} INFO - [2026-03-18T07:51:14.880+0530] {dagbag.py:540} INFO - Filling up the DagBag from /Users/vybhavswaroop/Desktop/untitled folder 3/ecommerce_platform/venv/lib/python3.11/site-packages/airflow/example_dags/plugins/workday.py
[2026-03-18T07:51:15.125+0530] {processor.py:842} WARNING - No viable dags retrieved from /Users/vybhavswaroop/Desktop/untitled folder 3/ecommerce_platform/venv/lib/python3.11/site-packages/airflow/example_dags/plugins/workday.py
[2026-03-18T07:51:15.149+0530] {processor.py:183} INFO - Processing /Users/vybhavswaroop/Desktop/untitled folder 3/ecommerce_platform/venv/lib/python3.11/site-packages/airflow/example_dags/plugins/workday.py took 0.270 seconds
[2026-03-18T07:52:41.284+0530] {processor.py:161} INFO - Started process (PID=10676) to work on /Users/vybhavswaroop/Desktop/untitled folder 3/ecommerce_platform/venv/lib/python3.11/site-packages/airflow/example_dags/plugins/workday.py
[2026-03-18T07:52:41.286+0530] {processor.py:830} INFO - Processing file /Users/vybhavswaroop/Desktop/untitled folder 3/ecommerce_platform/venv/lib/python3.11/site-packages/airflow/example_dags/plugins/workday.py for tasks to queue
[2026-03-18T07:52:41.286+0530] {logging_mixin.py:188} INFO - [2026-03-18T07:52:41.286+0530] {dagbag.py:540} INFO - Filling up the DagBag from /Users/vybhavswaroop/Desktop/untitled folder 3/ecommerce_platform/venv/lib/python3.11/site-packages/airflow/example_dags/plugins/workday.py
[2026-03-18T07:52:41.539+0530] {processor.py:842} WARNING - No viable dags retrieved from /Users/vybhavswaroop/Desktop/untitled folder 3/ecommerce_platform/venv/lib/python3.11/site-packages/airflow/example_dags/plugins/workday.py
[2026-03-18T07:52:41.564+0530] {processor.py:183} INFO - Processing /Users/vybhavswaroop/Desktop/untitled folder 3/ecommerce_platform/venv/lib/python3.11/site-packages/airflow/example_dags/plugins/workday.py took 0.280 seconds
[2026-03-18T07:54:46.526+0530] {processor.py:161} INFO - Started process (PID=11057) to work on /Users/vybhavswaroop/Desktop/untitled folder 3/ecommerce_platform/venv/lib/python3.11/site-packages/airflow/example_dags/plugins/workday.py
[2026-03-18T07:54:46.528+0530] {processor.py:830} INFO - Processing file /Users/vybhavswaroop/Desktop/untitled folder 3/ecommerce_platform/venv/lib/python3.11/site-packages/airflow/example_dags/plugins/workday.py for tasks to queue
[2026-03-18T07:54:46.528+0530] {logging_mixin.py:188} INFO - [2026-03-18T07:54:46.528+0530] {dagbag.py:540} INFO - Filling up the DagBag from /Users/vybhavswaroop/Desktop/untitled folder 3/ecommerce_platform/venv/lib/python3.11/site-packages/airflow/example_dags/plugins/workday.py
[2026-03-18T07:54:46.771+0530] {processor.py:842} WARNING - No viable dags retrieved from /Users/vybhavswaroop/Desktop/untitled folder 3/ecommerce_platform/venv/lib/python3.11/site-packages/airflow/example_dags/plugins/workday.py
[2026-03-18T07:54:46.794+0530] {processor.py:183} INFO - Processing /Users/vybhavswaroop/Desktop/untitled folder 3/ecommerce_platform/venv/lib/python3.11/site-packages/airflow/example_dags/plugins/workday.py took 0.268 seconds
[2026-03-18T07:56:20.701+0530] {processor.py:161} INFO - Started process (PID=11330) to work on /Users/vybhavswaroop/Desktop/untitled folder 3/ecommerce_platform/venv/lib/python3.11/site-packages/airflow/example_dags/plugins/workday.py
[2026-03-18T07:56:20.703+0530] {processor.py:830} INFO - Processing file /Users/vybhavswaroop/Desktop/untitled folder 3/ecommerce_platform/venv/lib/python3.11/site-packages/airflow/example_dags/plugins/workday.py for tasks to queue
[2026-03-18T07:56:20.703+0530] {logging_mixin.py:188} INFO - [2026-03-18T07:56:20.703+0530] {dagbag.py:540} INFO - Filling up the DagBag from /Users/vybhavswaroop/Desktop/untitled folder 3/ecommerce_platform/venv/lib/python3.11/site-packages/airflow/example_dags/plugins/workday.py
[2026-03-18T07:56:20.951+0530] {processor.py:842} WARNING - No viable dags retrieved from /Users/vybhavswaroop/Desktop/untitled folder 3/ecommerce_platform/venv/lib/python3.11/site-packages/airflow/example_dags/plugins/workday.py
[2026-03-18T07:56:20.973+0530] {processor.py:183} INFO - Processing /Users/vybhavswaroop/Desktop/untitled folder 3/ecommerce_platform/venv/lib/python3.11/site-packages/airflow/example_dags/plugins/workday.py took 0.273 seconds
[2026-03-18T07:57:46.974+0530] {processor.py:161} INFO - Started process (PID=11579) to work on /Users/vybhavswaroop/Desktop/untitled folder 3/ecommerce_platform/venv/lib/python3.11/site-packages/airflow/example_dags/plugins/workday.py
[2026-03-18T07:57:46.974+0530] {processor.py:830} INFO - Processing file /Users/vybhavswaroop/Desktop/untitled folder 3/ecommerce_platform/venv/lib/python3.11/site-packages/airflow/example_dags/plugins/workday.py for tasks to queue
[2026-03-18T07:57:46.975+0530] {logging_mixin.py:188} INFO - [2026-03-18T07:57:46.974+0530] {dagbag.py:540} INFO - Filling up the DagBag from /Users/vybhavswaroop/Desktop/untitled folder 3/ecommerce_platform/venv/lib/python3.11/site-packages/airflow/example_dags/plugins/workday.py
[2026-03-18T07:57:47.220+0530] {processor.py:842} WARNING - No viable dags retrieved from /Users/vybhavswaroop/Desktop/untitled folder 3/ecommerce_platform/venv/lib/python3.11/site-packages/airflow/example_dags/plugins/workday.py
[2026-03-18T07:57:47.244+0530] {processor.py:183} INFO - Processing /Users/vybhavswaroop/Desktop/untitled folder 3/ecommerce_platform/venv/lib/python3.11/site-packages/airflow/example_dags/plugins/workday.py took 0.270 seconds
