[2026-03-18T00:00:47.824+0530] {processor.py:161} INFO - Started process (PID=86660) to work on /Users/vybhavswaroop/Desktop/untitled folder 3/ecommerce_platform/airflow/dags/airflow_dag.py
[2026-03-18T00:00:47.824+0530] {processor.py:830} INFO - Processing file /Users/vybhavswaroop/Desktop/untitled folder 3/ecommerce_platform/airflow/dags/airflow_dag.py for tasks to queue
[2026-03-18T00:00:47.824+0530] {logging_mixin.py:188} INFO - [2026-03-18T00:00:47.824+0530] {dagbag.py:540} INFO - Filling up the DagBag from /Users/vybhavswaroop/Desktop/untitled folder 3/ecommerce_platform/airflow/dags/airflow_dag.py
[2026-03-18T00:00:47.836+0530] {processor.py:840} INFO - DAG(s) 'ecommerce_pipeline' retrieved from /Users/vybhavswaroop/Desktop/untitled folder 3/ecommerce_platform/airflow/dags/airflow_dag.py
[2026-03-18T00:00:47.905+0530] {logging_mixin.py:188} INFO - [2026-03-18T00:00:47.905+0530] {override.py:1769} INFO - Created Permission View: can delete on DAG:ecommerce_pipeline
[2026-03-18T00:00:47.907+0530] {logging_mixin.py:188} INFO - [2026-03-18T00:00:47.907+0530] {override.py:1769} INFO - Created Permission View: can read on DAG:ecommerce_pipeline
[2026-03-18T00:00:47.909+0530] {logging_mixin.py:188} INFO - [2026-03-18T00:00:47.909+0530] {override.py:1769} INFO - Created Permission View: can edit on DAG:ecommerce_pipeline
[2026-03-18T00:00:47.909+0530] {logging_mixin.py:188} INFO - [2026-03-18T00:00:47.909+0530] {dag.py:3047} INFO - Sync 1 DAGs
[2026-03-18T00:00:47.913+0530] {logging_mixin.py:188} INFO - [2026-03-18T00:00:47.913+0530] {dag.py:3069} INFO - Creating ORM DAG for ecommerce_pipeline
[2026-03-18T00:00:47.916+0530] {logging_mixin.py:188} INFO - [2026-03-18T00:00:47.916+0530] {dag.py:3834} INFO - Setting next_dagrun for ecommerce_pipeline to 2026-03-16 02:00:00+00:00, run_after=2026-03-17 02:00:00+00:00
[2026-03-18T00:00:47.922+0530] {processor.py:183} INFO - Processing /Users/vybhavswaroop/Desktop/untitled folder 3/ecommerce_platform/airflow/dags/airflow_dag.py took 0.099 seconds
[2026-03-18T00:03:04.615+0530] {processor.py:161} INFO - Started process (PID=88844) to work on /Users/vybhavswaroop/Desktop/untitled folder 3/ecommerce_platform/airflow/dags/airflow_dag.py
[2026-03-18T00:03:04.616+0530] {processor.py:830} INFO - Processing file /Users/vybhavswaroop/Desktop/untitled folder 3/ecommerce_platform/airflow/dags/airflow_dag.py for tasks to queue
[2026-03-18T00:03:04.616+0530] {logging_mixin.py:188} INFO - [2026-03-18T00:03:04.616+0530] {dagbag.py:540} INFO - Filling up the DagBag from /Users/vybhavswaroop/Desktop/untitled folder 3/ecommerce_platform/airflow/dags/airflow_dag.py
[2026-03-18T00:03:04.631+0530] {processor.py:840} INFO - DAG(s) 'ecommerce_pipeline' retrieved from /Users/vybhavswaroop/Desktop/untitled folder 3/ecommerce_platform/airflow/dags/airflow_dag.py
[2026-03-18T00:03:04.671+0530] {logging_mixin.py:188} INFO - [2026-03-18T00:03:04.671+0530] {dag.py:3047} INFO - Sync 1 DAGs
[2026-03-18T00:03:04.677+0530] {logging_mixin.py:188} INFO - [2026-03-18T00:03:04.677+0530] {dag.py:3834} INFO - Setting next_dagrun for ecommerce_pipeline to 2026-03-16 02:00:00+00:00, run_after=2026-03-17 02:00:00+00:00
[2026-03-18T00:03:04.684+0530] {processor.py:183} INFO - Processing /Users/vybhavswaroop/Desktop/untitled folder 3/ecommerce_platform/airflow/dags/airflow_dag.py took 0.069 seconds
[2026-03-18T00:04:48.857+0530] {processor.py:161} INFO - Started process (PID=90402) to work on /Users/vybhavswaroop/Desktop/untitled folder 3/ecommerce_platform/airflow/dags/airflow_dag.py
[2026-03-18T00:04:48.858+0530] {processor.py:830} INFO - Processing file /Users/vybhavswaroop/Desktop/untitled folder 3/ecommerce_platform/airflow/dags/airflow_dag.py for tasks to queue
[2026-03-18T00:04:48.858+0530] {logging_mixin.py:188} INFO - [2026-03-18T00:04:48.858+0530] {dagbag.py:540} INFO - Filling up the DagBag from /Users/vybhavswaroop/Desktop/untitled folder 3/ecommerce_platform/airflow/dags/airflow_dag.py
[2026-03-18T00:04:48.872+0530] {processor.py:840} INFO - DAG(s) 'ecommerce_pipeline' retrieved from /Users/vybhavswaroop/Desktop/untitled folder 3/ecommerce_platform/airflow/dags/airflow_dag.py
[2026-03-18T00:04:48.911+0530] {logging_mixin.py:188} INFO - [2026-03-18T00:04:48.911+0530] {dag.py:3047} INFO - Sync 1 DAGs
[2026-03-18T00:04:48.917+0530] {logging_mixin.py:188} INFO - [2026-03-18T00:04:48.917+0530] {dag.py:3834} INFO - Setting next_dagrun for ecommerce_pipeline to 2026-03-16 02:00:00+00:00, run_after=2026-03-17 02:00:00+00:00
[2026-03-18T00:04:48.924+0530] {processor.py:183} INFO - Processing /Users/vybhavswaroop/Desktop/untitled folder 3/ecommerce_platform/airflow/dags/airflow_dag.py took 0.068 seconds
[2026-03-18T00:06:36.081+0530] {processor.py:161} INFO - Started process (PID=92067) to work on /Users/vybhavswaroop/Desktop/untitled folder 3/ecommerce_platform/airflow/dags/airflow_dag.py
[2026-03-18T00:06:36.082+0530] {processor.py:830} INFO - Processing file /Users/vybhavswaroop/Desktop/untitled folder 3/ecommerce_platform/airflow/dags/airflow_dag.py for tasks to queue
[2026-03-18T00:06:36.083+0530] {logging_mixin.py:188} INFO - [2026-03-18T00:06:36.083+0530] {dagbag.py:540} INFO - Filling up the DagBag from /Users/vybhavswaroop/Desktop/untitled folder 3/ecommerce_platform/airflow/dags/airflow_dag.py
[2026-03-18T00:06:36.098+0530] {processor.py:840} INFO - DAG(s) 'ecommerce_pipeline' retrieved from /Users/vybhavswaroop/Desktop/untitled folder 3/ecommerce_platform/airflow/dags/airflow_dag.py
[2026-03-18T00:06:36.139+0530] {logging_mixin.py:188} INFO - [2026-03-18T00:06:36.139+0530] {dag.py:3047} INFO - Sync 1 DAGs
[2026-03-18T00:06:36.145+0530] {logging_mixin.py:188} INFO - [2026-03-18T00:06:36.145+0530] {dag.py:3834} INFO - Setting next_dagrun for ecommerce_pipeline to 2026-03-16 02:00:00+00:00, run_after=2026-03-17 02:00:00+00:00
[2026-03-18T00:06:36.152+0530] {processor.py:183} INFO - Processing /Users/vybhavswaroop/Desktop/untitled folder 3/ecommerce_platform/airflow/dags/airflow_dag.py took 0.071 seconds
[2026-03-18T00:08:35.924+0530] {processor.py:161} INFO - Started process (PID=93616) to work on /Users/vybhavswaroop/Desktop/untitled folder 3/ecommerce_platform/airflow/dags/airflow_dag.py
[2026-03-18T00:08:35.925+0530] {processor.py:830} INFO - Processing file /Users/vybhavswaroop/Desktop/untitled folder 3/ecommerce_platform/airflow/dags/airflow_dag.py for tasks to queue
[2026-03-18T00:08:35.925+0530] {logging_mixin.py:188} INFO - [2026-03-18T00:08:35.925+0530] {dagbag.py:540} INFO - Filling up the DagBag from /Users/vybhavswaroop/Desktop/untitled folder 3/ecommerce_platform/airflow/dags/airflow_dag.py
[2026-03-18T00:08:35.942+0530] {processor.py:840} INFO - DAG(s) 'ecommerce_pipeline' retrieved from /Users/vybhavswaroop/Desktop/untitled folder 3/ecommerce_platform/airflow/dags/airflow_dag.py
[2026-03-18T00:08:35.989+0530] {logging_mixin.py:188} INFO - [2026-03-18T00:08:35.989+0530] {dag.py:3047} INFO - Sync 1 DAGs
[2026-03-18T00:08:35.996+0530] {logging_mixin.py:188} INFO - [2026-03-18T00:08:35.996+0530] {dag.py:3834} INFO - Setting next_dagrun for ecommerce_pipeline to 2026-03-16 02:00:00+00:00, run_after=2026-03-17 02:00:00+00:00
[2026-03-18T00:08:36.004+0530] {processor.py:183} INFO - Processing /Users/vybhavswaroop/Desktop/untitled folder 3/ecommerce_platform/airflow/dags/airflow_dag.py took 0.081 seconds
[2026-03-18T00:10:56.877+0530] {processor.py:161} INFO - Started process (PID=95322) to work on /Users/vybhavswaroop/Desktop/untitled folder 3/ecommerce_platform/airflow/dags/airflow_dag.py
[2026-03-18T00:10:56.879+0530] {processor.py:830} INFO - Processing file /Users/vybhavswaroop/Desktop/untitled folder 3/ecommerce_platform/airflow/dags/airflow_dag.py for tasks to queue
[2026-03-18T00:10:56.880+0530] {logging_mixin.py:188} INFO - [2026-03-18T00:10:56.879+0530] {dagbag.py:540} INFO - Filling up the DagBag from /Users/vybhavswaroop/Desktop/untitled folder 3/ecommerce_platform/airflow/dags/airflow_dag.py
[2026-03-18T00:10:56.907+0530] {processor.py:840} INFO - DAG(s) 'ecommerce_pipeline' retrieved from /Users/vybhavswaroop/Desktop/untitled folder 3/ecommerce_platform/airflow/dags/airflow_dag.py
[2026-03-18T00:10:56.993+0530] {logging_mixin.py:188} INFO - [2026-03-18T00:10:56.993+0530] {dag.py:3047} INFO - Sync 1 DAGs
[2026-03-18T00:10:57.006+0530] {logging_mixin.py:188} INFO - [2026-03-18T00:10:57.006+0530] {dag.py:3834} INFO - Setting next_dagrun for ecommerce_pipeline to 2026-03-16 02:00:00+00:00, run_after=2026-03-17 02:00:00+00:00
[2026-03-18T00:10:57.021+0530] {processor.py:183} INFO - Processing /Users/vybhavswaroop/Desktop/untitled folder 3/ecommerce_platform/airflow/dags/airflow_dag.py took 0.145 seconds
[2026-03-18T00:13:47.134+0530] {processor.py:161} INFO - Started process (PID=96929) to work on /Users/vybhavswaroop/Desktop/untitled folder 3/ecommerce_platform/airflow/dags/airflow_dag.py
[2026-03-18T00:13:47.136+0530] {processor.py:830} INFO - Processing file /Users/vybhavswaroop/Desktop/untitled folder 3/ecommerce_platform/airflow/dags/airflow_dag.py for tasks to queue
[2026-03-18T00:13:47.136+0530] {logging_mixin.py:188} INFO - [2026-03-18T00:13:47.136+0530] {dagbag.py:540} INFO - Filling up the DagBag from /Users/vybhavswaroop/Desktop/untitled folder 3/ecommerce_platform/airflow/dags/airflow_dag.py
[2026-03-18T00:13:47.156+0530] {processor.py:840} INFO - DAG(s) 'ecommerce_pipeline' retrieved from /Users/vybhavswaroop/Desktop/untitled folder 3/ecommerce_platform/airflow/dags/airflow_dag.py
[2026-03-18T00:13:47.221+0530] {logging_mixin.py:188} INFO - [2026-03-18T00:13:47.221+0530] {dag.py:3047} INFO - Sync 1 DAGs
[2026-03-18T00:13:47.231+0530] {logging_mixin.py:188} INFO - [2026-03-18T00:13:47.231+0530] {dag.py:3834} INFO - Setting next_dagrun for ecommerce_pipeline to 2026-03-16 02:00:00+00:00, run_after=2026-03-17 02:00:00+00:00
[2026-03-18T00:13:47.244+0530] {processor.py:183} INFO - Processing /Users/vybhavswaroop/Desktop/untitled folder 3/ecommerce_platform/airflow/dags/airflow_dag.py took 0.110 seconds
[2026-03-18T00:16:25.397+0530] {processor.py:161} INFO - Started process (PID=98537) to work on /Users/vybhavswaroop/Desktop/untitled folder 3/ecommerce_platform/airflow/dags/airflow_dag.py
[2026-03-18T00:16:25.398+0530] {processor.py:830} INFO - Processing file /Users/vybhavswaroop/Desktop/untitled folder 3/ecommerce_platform/airflow/dags/airflow_dag.py for tasks to queue
[2026-03-18T00:16:25.398+0530] {logging_mixin.py:188} INFO - [2026-03-18T00:16:25.398+0530] {dagbag.py:540} INFO - Filling up the DagBag from /Users/vybhavswaroop/Desktop/untitled folder 3/ecommerce_platform/airflow/dags/airflow_dag.py
[2026-03-18T00:16:25.417+0530] {processor.py:840} INFO - DAG(s) 'ecommerce_pipeline' retrieved from /Users/vybhavswaroop/Desktop/untitled folder 3/ecommerce_platform/airflow/dags/airflow_dag.py
[2026-03-18T00:16:25.483+0530] {logging_mixin.py:188} INFO - [2026-03-18T00:16:25.482+0530] {dag.py:3047} INFO - Sync 1 DAGs
[2026-03-18T00:16:25.492+0530] {logging_mixin.py:188} INFO - [2026-03-18T00:16:25.492+0530] {dag.py:3834} INFO - Setting next_dagrun for ecommerce_pipeline to 2026-03-16 02:00:00+00:00, run_after=2026-03-17 02:00:00+00:00
[2026-03-18T00:16:25.505+0530] {processor.py:183} INFO - Processing /Users/vybhavswaroop/Desktop/untitled folder 3/ecommerce_platform/airflow/dags/airflow_dag.py took 0.109 seconds
[2026-03-18T00:19:00.886+0530] {processor.py:161} INFO - Started process (PID=280) to work on /Users/vybhavswaroop/Desktop/untitled folder 3/ecommerce_platform/airflow/dags/airflow_dag.py
[2026-03-18T00:19:00.888+0530] {processor.py:830} INFO - Processing file /Users/vybhavswaroop/Desktop/untitled folder 3/ecommerce_platform/airflow/dags/airflow_dag.py for tasks to queue
[2026-03-18T00:19:00.888+0530] {logging_mixin.py:188} INFO - [2026-03-18T00:19:00.888+0530] {dagbag.py:540} INFO - Filling up the DagBag from /Users/vybhavswaroop/Desktop/untitled folder 3/ecommerce_platform/airflow/dags/airflow_dag.py
[2026-03-18T00:19:00.908+0530] {processor.py:840} INFO - DAG(s) 'ecommerce_pipeline' retrieved from /Users/vybhavswaroop/Desktop/untitled folder 3/ecommerce_platform/airflow/dags/airflow_dag.py
[2026-03-18T00:19:00.974+0530] {logging_mixin.py:188} INFO - [2026-03-18T00:19:00.974+0530] {dag.py:3047} INFO - Sync 1 DAGs
[2026-03-18T00:19:00.984+0530] {logging_mixin.py:188} INFO - [2026-03-18T00:19:00.984+0530] {dag.py:3834} INFO - Setting next_dagrun for ecommerce_pipeline to 2026-03-16 02:00:00+00:00, run_after=2026-03-17 02:00:00+00:00
[2026-03-18T00:19:00.996+0530] {processor.py:183} INFO - Processing /Users/vybhavswaroop/Desktop/untitled folder 3/ecommerce_platform/airflow/dags/airflow_dag.py took 0.111 seconds
[2026-03-18T00:21:37.640+0530] {processor.py:161} INFO - Started process (PID=2405) to work on /Users/vybhavswaroop/Desktop/untitled folder 3/ecommerce_platform/airflow/dags/airflow_dag.py
[2026-03-18T00:21:37.641+0530] {processor.py:830} INFO - Processing file /Users/vybhavswaroop/Desktop/untitled folder 3/ecommerce_platform/airflow/dags/airflow_dag.py for tasks to queue
[2026-03-18T00:21:37.641+0530] {logging_mixin.py:188} INFO - [2026-03-18T00:21:37.641+0530] {dagbag.py:540} INFO - Filling up the DagBag from /Users/vybhavswaroop/Desktop/untitled folder 3/ecommerce_platform/airflow/dags/airflow_dag.py
[2026-03-18T00:21:37.664+0530] {processor.py:840} INFO - DAG(s) 'ecommerce_pipeline' retrieved from /Users/vybhavswaroop/Desktop/untitled folder 3/ecommerce_platform/airflow/dags/airflow_dag.py
[2026-03-18T00:21:37.740+0530] {logging_mixin.py:188} INFO - [2026-03-18T00:21:37.740+0530] {dag.py:3047} INFO - Sync 1 DAGs
[2026-03-18T00:21:37.752+0530] {logging_mixin.py:188} INFO - [2026-03-18T00:21:37.752+0530] {dag.py:3834} INFO - Setting next_dagrun for ecommerce_pipeline to 2026-03-16 02:00:00+00:00, run_after=2026-03-17 02:00:00+00:00
[2026-03-18T00:21:37.768+0530] {processor.py:183} INFO - Processing /Users/vybhavswaroop/Desktop/untitled folder 3/ecommerce_platform/airflow/dags/airflow_dag.py took 0.129 seconds
[2026-03-18T00:24:17.673+0530] {processor.py:161} INFO - Started process (PID=4045) to work on /Users/vybhavswaroop/Desktop/untitled folder 3/ecommerce_platform/airflow/dags/airflow_dag.py
[2026-03-18T00:24:17.674+0530] {processor.py:830} INFO - Processing file /Users/vybhavswaroop/Desktop/untitled folder 3/ecommerce_platform/airflow/dags/airflow_dag.py for tasks to queue
[2026-03-18T00:24:17.675+0530] {logging_mixin.py:188} INFO - [2026-03-18T00:24:17.675+0530] {dagbag.py:540} INFO - Filling up the DagBag from /Users/vybhavswaroop/Desktop/untitled folder 3/ecommerce_platform/airflow/dags/airflow_dag.py
[2026-03-18T00:24:17.694+0530] {processor.py:840} INFO - DAG(s) 'ecommerce_pipeline' retrieved from /Users/vybhavswaroop/Desktop/untitled folder 3/ecommerce_platform/airflow/dags/airflow_dag.py
[2026-03-18T00:24:17.756+0530] {logging_mixin.py:188} INFO - [2026-03-18T00:24:17.756+0530] {dag.py:3047} INFO - Sync 1 DAGs
[2026-03-18T00:24:17.766+0530] {logging_mixin.py:188} INFO - [2026-03-18T00:24:17.766+0530] {dag.py:3834} INFO - Setting next_dagrun for ecommerce_pipeline to 2026-03-16 02:00:00+00:00, run_after=2026-03-17 02:00:00+00:00
[2026-03-18T00:24:17.778+0530] {processor.py:183} INFO - Processing /Users/vybhavswaroop/Desktop/untitled folder 3/ecommerce_platform/airflow/dags/airflow_dag.py took 0.105 seconds
[2026-03-18T00:27:02.955+0530] {processor.py:161} INFO - Started process (PID=5621) to work on /Users/vybhavswaroop/Desktop/untitled folder 3/ecommerce_platform/airflow/dags/airflow_dag.py
[2026-03-18T00:27:02.957+0530] {processor.py:830} INFO - Processing file /Users/vybhavswaroop/Desktop/untitled folder 3/ecommerce_platform/airflow/dags/airflow_dag.py for tasks to queue
[2026-03-18T00:27:02.957+0530] {logging_mixin.py:188} INFO - [2026-03-18T00:27:02.957+0530] {dagbag.py:540} INFO - Filling up the DagBag from /Users/vybhavswaroop/Desktop/untitled folder 3/ecommerce_platform/airflow/dags/airflow_dag.py
[2026-03-18T00:27:02.977+0530] {processor.py:840} INFO - DAG(s) 'ecommerce_pipeline' retrieved from /Users/vybhavswaroop/Desktop/untitled folder 3/ecommerce_platform/airflow/dags/airflow_dag.py
[2026-03-18T00:27:03.038+0530] {logging_mixin.py:188} INFO - [2026-03-18T00:27:03.038+0530] {dag.py:3047} INFO - Sync 1 DAGs
[2026-03-18T00:27:03.047+0530] {logging_mixin.py:188} INFO - [2026-03-18T00:27:03.047+0530] {dag.py:3834} INFO - Setting next_dagrun for ecommerce_pipeline to 2026-03-16 02:00:00+00:00, run_after=2026-03-17 02:00:00+00:00
[2026-03-18T00:27:03.059+0530] {processor.py:183} INFO - Processing /Users/vybhavswaroop/Desktop/untitled folder 3/ecommerce_platform/airflow/dags/airflow_dag.py took 0.104 seconds
[2026-03-18T00:29:51.628+0530] {processor.py:161} INFO - Started process (PID=7125) to work on /Users/vybhavswaroop/Desktop/untitled folder 3/ecommerce_platform/airflow/dags/airflow_dag.py
[2026-03-18T00:29:51.629+0530] {processor.py:830} INFO - Processing file /Users/vybhavswaroop/Desktop/untitled folder 3/ecommerce_platform/airflow/dags/airflow_dag.py for tasks to queue
[2026-03-18T00:29:51.630+0530] {logging_mixin.py:188} INFO - [2026-03-18T00:29:51.630+0530] {dagbag.py:540} INFO - Filling up the DagBag from /Users/vybhavswaroop/Desktop/untitled folder 3/ecommerce_platform/airflow/dags/airflow_dag.py
[2026-03-18T00:29:51.649+0530] {processor.py:840} INFO - DAG(s) 'ecommerce_pipeline' retrieved from /Users/vybhavswaroop/Desktop/untitled folder 3/ecommerce_platform/airflow/dags/airflow_dag.py
[2026-03-18T00:29:51.713+0530] {logging_mixin.py:188} INFO - [2026-03-18T00:29:51.713+0530] {dag.py:3047} INFO - Sync 1 DAGs
[2026-03-18T00:29:51.723+0530] {logging_mixin.py:188} INFO - [2026-03-18T00:29:51.723+0530] {dag.py:3834} INFO - Setting next_dagrun for ecommerce_pipeline to 2026-03-16 02:00:00+00:00, run_after=2026-03-17 02:00:00+00:00
[2026-03-18T00:29:51.735+0530] {processor.py:183} INFO - Processing /Users/vybhavswaroop/Desktop/untitled folder 3/ecommerce_platform/airflow/dags/airflow_dag.py took 0.108 seconds
[2026-03-18T00:32:29.075+0530] {processor.py:161} INFO - Started process (PID=8699) to work on /Users/vybhavswaroop/Desktop/untitled folder 3/ecommerce_platform/airflow/dags/airflow_dag.py
[2026-03-18T00:32:29.076+0530] {processor.py:830} INFO - Processing file /Users/vybhavswaroop/Desktop/untitled folder 3/ecommerce_platform/airflow/dags/airflow_dag.py for tasks to queue
[2026-03-18T00:32:29.076+0530] {logging_mixin.py:188} INFO - [2026-03-18T00:32:29.076+0530] {dagbag.py:540} INFO - Filling up the DagBag from /Users/vybhavswaroop/Desktop/untitled folder 3/ecommerce_platform/airflow/dags/airflow_dag.py
[2026-03-18T00:32:29.097+0530] {processor.py:840} INFO - DAG(s) 'ecommerce_pipeline' retrieved from /Users/vybhavswaroop/Desktop/untitled folder 3/ecommerce_platform/airflow/dags/airflow_dag.py
[2026-03-18T00:32:29.158+0530] {logging_mixin.py:188} INFO - [2026-03-18T00:32:29.158+0530] {dag.py:3047} INFO - Sync 1 DAGs
[2026-03-18T00:32:29.168+0530] {logging_mixin.py:188} INFO - [2026-03-18T00:32:29.167+0530] {dag.py:3834} INFO - Setting next_dagrun for ecommerce_pipeline to 2026-03-16 02:00:00+00:00, run_after=2026-03-17 02:00:00+00:00
[2026-03-18T00:32:29.180+0530] {processor.py:183} INFO - Processing /Users/vybhavswaroop/Desktop/untitled folder 3/ecommerce_platform/airflow/dags/airflow_dag.py took 0.106 seconds
[2026-03-18T00:35:12.260+0530] {processor.py:161} INFO - Started process (PID=10294) to work on /Users/vybhavswaroop/Desktop/untitled folder 3/ecommerce_platform/airflow/dags/airflow_dag.py
[2026-03-18T00:35:12.262+0530] {processor.py:830} INFO - Processing file /Users/vybhavswaroop/Desktop/untitled folder 3/ecommerce_platform/airflow/dags/airflow_dag.py for tasks to queue
[2026-03-18T00:35:12.262+0530] {logging_mixin.py:188} INFO - [2026-03-18T00:35:12.262+0530] {dagbag.py:540} INFO - Filling up the DagBag from /Users/vybhavswaroop/Desktop/untitled folder 3/ecommerce_platform/airflow/dags/airflow_dag.py
[2026-03-18T00:35:12.281+0530] {processor.py:840} INFO - DAG(s) 'ecommerce_pipeline' retrieved from /Users/vybhavswaroop/Desktop/untitled folder 3/ecommerce_platform/airflow/dags/airflow_dag.py
[2026-03-18T00:35:12.345+0530] {logging_mixin.py:188} INFO - [2026-03-18T00:35:12.345+0530] {dag.py:3047} INFO - Sync 1 DAGs
[2026-03-18T00:35:12.355+0530] {logging_mixin.py:188} INFO - [2026-03-18T00:35:12.355+0530] {dag.py:3834} INFO - Setting next_dagrun for ecommerce_pipeline to 2026-03-16 02:00:00+00:00, run_after=2026-03-17 02:00:00+00:00
[2026-03-18T00:35:12.369+0530] {processor.py:183} INFO - Processing /Users/vybhavswaroop/Desktop/untitled folder 3/ecommerce_platform/airflow/dags/airflow_dag.py took 0.110 seconds
[2026-03-18T00:37:57.011+0530] {processor.py:161} INFO - Started process (PID=11934) to work on /Users/vybhavswaroop/Desktop/untitled folder 3/ecommerce_platform/airflow/dags/airflow_dag.py
[2026-03-18T00:37:57.013+0530] {processor.py:830} INFO - Processing file /Users/vybhavswaroop/Desktop/untitled folder 3/ecommerce_platform/airflow/dags/airflow_dag.py for tasks to queue
[2026-03-18T00:37:57.013+0530] {logging_mixin.py:188} INFO - [2026-03-18T00:37:57.013+0530] {dagbag.py:540} INFO - Filling up the DagBag from /Users/vybhavswaroop/Desktop/untitled folder 3/ecommerce_platform/airflow/dags/airflow_dag.py
[2026-03-18T00:37:57.042+0530] {processor.py:840} INFO - DAG(s) 'ecommerce_pipeline' retrieved from /Users/vybhavswaroop/Desktop/untitled folder 3/ecommerce_platform/airflow/dags/airflow_dag.py
[2026-03-18T00:37:57.128+0530] {logging_mixin.py:188} INFO - [2026-03-18T00:37:57.128+0530] {dag.py:3047} INFO - Sync 1 DAGs
[2026-03-18T00:37:57.139+0530] {logging_mixin.py:188} INFO - [2026-03-18T00:37:57.139+0530] {dag.py:3834} INFO - Setting next_dagrun for ecommerce_pipeline to 2026-03-16 02:00:00+00:00, run_after=2026-03-17 02:00:00+00:00
[2026-03-18T00:37:57.153+0530] {processor.py:183} INFO - Processing /Users/vybhavswaroop/Desktop/untitled folder 3/ecommerce_platform/airflow/dags/airflow_dag.py took 0.142 seconds
[2026-03-18T00:40:46.779+0530] {processor.py:161} INFO - Started process (PID=13589) to work on /Users/vybhavswaroop/Desktop/untitled folder 3/ecommerce_platform/airflow/dags/airflow_dag.py
[2026-03-18T00:40:46.780+0530] {processor.py:830} INFO - Processing file /Users/vybhavswaroop/Desktop/untitled folder 3/ecommerce_platform/airflow/dags/airflow_dag.py for tasks to queue
[2026-03-18T00:40:46.781+0530] {logging_mixin.py:188} INFO - [2026-03-18T00:40:46.781+0530] {dagbag.py:540} INFO - Filling up the DagBag from /Users/vybhavswaroop/Desktop/untitled folder 3/ecommerce_platform/airflow/dags/airflow_dag.py
[2026-03-18T00:40:46.802+0530] {processor.py:840} INFO - DAG(s) 'ecommerce_pipeline' retrieved from /Users/vybhavswaroop/Desktop/untitled folder 3/ecommerce_platform/airflow/dags/airflow_dag.py
[2026-03-18T00:40:46.881+0530] {logging_mixin.py:188} INFO - [2026-03-18T00:40:46.881+0530] {dag.py:3047} INFO - Sync 1 DAGs
[2026-03-18T00:40:46.898+0530] {logging_mixin.py:188} INFO - [2026-03-18T00:40:46.897+0530] {dag.py:3834} INFO - Setting next_dagrun for ecommerce_pipeline to 2026-03-16 02:00:00+00:00, run_after=2026-03-17 02:00:00+00:00
[2026-03-18T00:40:46.917+0530] {processor.py:183} INFO - Processing /Users/vybhavswaroop/Desktop/untitled folder 3/ecommerce_platform/airflow/dags/airflow_dag.py took 0.139 seconds
[2026-03-18T00:43:32.571+0530] {processor.py:161} INFO - Started process (PID=15233) to work on /Users/vybhavswaroop/Desktop/untitled folder 3/ecommerce_platform/airflow/dags/airflow_dag.py
[2026-03-18T00:43:32.572+0530] {processor.py:830} INFO - Processing file /Users/vybhavswaroop/Desktop/untitled folder 3/ecommerce_platform/airflow/dags/airflow_dag.py for tasks to queue
[2026-03-18T00:43:32.573+0530] {logging_mixin.py:188} INFO - [2026-03-18T00:43:32.573+0530] {dagbag.py:540} INFO - Filling up the DagBag from /Users/vybhavswaroop/Desktop/untitled folder 3/ecommerce_platform/airflow/dags/airflow_dag.py
[2026-03-18T00:43:32.592+0530] {processor.py:840} INFO - DAG(s) 'ecommerce_pipeline' retrieved from /Users/vybhavswaroop/Desktop/untitled folder 3/ecommerce_platform/airflow/dags/airflow_dag.py
[2026-03-18T00:43:32.655+0530] {logging_mixin.py:188} INFO - [2026-03-18T00:43:32.654+0530] {dag.py:3047} INFO - Sync 1 DAGs
[2026-03-18T00:43:32.664+0530] {logging_mixin.py:188} INFO - [2026-03-18T00:43:32.664+0530] {dag.py:3834} INFO - Setting next_dagrun for ecommerce_pipeline to 2026-03-16 02:00:00+00:00, run_after=2026-03-17 02:00:00+00:00
[2026-03-18T00:43:32.676+0530] {processor.py:183} INFO - Processing /Users/vybhavswaroop/Desktop/untitled folder 3/ecommerce_platform/airflow/dags/airflow_dag.py took 0.106 seconds
[2026-03-18T00:46:15.254+0530] {processor.py:161} INFO - Started process (PID=16879) to work on /Users/vybhavswaroop/Desktop/untitled folder 3/ecommerce_platform/airflow/dags/airflow_dag.py
[2026-03-18T00:46:15.257+0530] {processor.py:830} INFO - Processing file /Users/vybhavswaroop/Desktop/untitled folder 3/ecommerce_platform/airflow/dags/airflow_dag.py for tasks to queue
[2026-03-18T00:46:15.258+0530] {logging_mixin.py:188} INFO - [2026-03-18T00:46:15.258+0530] {dagbag.py:540} INFO - Filling up the DagBag from /Users/vybhavswaroop/Desktop/untitled folder 3/ecommerce_platform/airflow/dags/airflow_dag.py
[2026-03-18T00:46:15.278+0530] {processor.py:840} INFO - DAG(s) 'ecommerce_pipeline' retrieved from /Users/vybhavswaroop/Desktop/untitled folder 3/ecommerce_platform/airflow/dags/airflow_dag.py
[2026-03-18T00:46:15.341+0530] {logging_mixin.py:188} INFO - [2026-03-18T00:46:15.340+0530] {dag.py:3047} INFO - Sync 1 DAGs
[2026-03-18T00:46:15.350+0530] {logging_mixin.py:188} INFO - [2026-03-18T00:46:15.350+0530] {dag.py:3834} INFO - Setting next_dagrun for ecommerce_pipeline to 2026-03-16 02:00:00+00:00, run_after=2026-03-17 02:00:00+00:00
[2026-03-18T00:46:15.363+0530] {processor.py:183} INFO - Processing /Users/vybhavswaroop/Desktop/untitled folder 3/ecommerce_platform/airflow/dags/airflow_dag.py took 0.110 seconds
[2026-03-18T00:48:56.241+0530] {processor.py:161} INFO - Started process (PID=18496) to work on /Users/vybhavswaroop/Desktop/untitled folder 3/ecommerce_platform/airflow/dags/airflow_dag.py
[2026-03-18T00:48:56.243+0530] {processor.py:830} INFO - Processing file /Users/vybhavswaroop/Desktop/untitled folder 3/ecommerce_platform/airflow/dags/airflow_dag.py for tasks to queue
[2026-03-18T00:48:56.243+0530] {logging_mixin.py:188} INFO - [2026-03-18T00:48:56.243+0530] {dagbag.py:540} INFO - Filling up the DagBag from /Users/vybhavswaroop/Desktop/untitled folder 3/ecommerce_platform/airflow/dags/airflow_dag.py
[2026-03-18T00:48:56.268+0530] {processor.py:840} INFO - DAG(s) 'ecommerce_pipeline' retrieved from /Users/vybhavswaroop/Desktop/untitled folder 3/ecommerce_platform/airflow/dags/airflow_dag.py
[2026-03-18T00:48:56.341+0530] {logging_mixin.py:188} INFO - [2026-03-18T00:48:56.341+0530] {dag.py:3047} INFO - Sync 1 DAGs
[2026-03-18T00:48:56.352+0530] {logging_mixin.py:188} INFO - [2026-03-18T00:48:56.351+0530] {dag.py:3834} INFO - Setting next_dagrun for ecommerce_pipeline to 2026-03-16 02:00:00+00:00, run_after=2026-03-17 02:00:00+00:00
[2026-03-18T00:48:56.365+0530] {processor.py:183} INFO - Processing /Users/vybhavswaroop/Desktop/untitled folder 3/ecommerce_platform/airflow/dags/airflow_dag.py took 0.124 seconds
[2026-03-18T00:51:41.401+0530] {processor.py:161} INFO - Started process (PID=20156) to work on /Users/vybhavswaroop/Desktop/untitled folder 3/ecommerce_platform/airflow/dags/airflow_dag.py
[2026-03-18T00:51:41.403+0530] {processor.py:830} INFO - Processing file /Users/vybhavswaroop/Desktop/untitled folder 3/ecommerce_platform/airflow/dags/airflow_dag.py for tasks to queue
[2026-03-18T00:51:41.403+0530] {logging_mixin.py:188} INFO - [2026-03-18T00:51:41.403+0530] {dagbag.py:540} INFO - Filling up the DagBag from /Users/vybhavswaroop/Desktop/untitled folder 3/ecommerce_platform/airflow/dags/airflow_dag.py
[2026-03-18T00:51:41.426+0530] {processor.py:840} INFO - DAG(s) 'ecommerce_pipeline' retrieved from /Users/vybhavswaroop/Desktop/untitled folder 3/ecommerce_platform/airflow/dags/airflow_dag.py
[2026-03-18T00:51:41.512+0530] {logging_mixin.py:188} INFO - [2026-03-18T00:51:41.512+0530] {dag.py:3047} INFO - Sync 1 DAGs
[2026-03-18T00:51:41.525+0530] {logging_mixin.py:188} INFO - [2026-03-18T00:51:41.525+0530] {dag.py:3834} INFO - Setting next_dagrun for ecommerce_pipeline to 2026-03-16 02:00:00+00:00, run_after=2026-03-17 02:00:00+00:00
[2026-03-18T00:51:41.541+0530] {processor.py:183} INFO - Processing /Users/vybhavswaroop/Desktop/untitled folder 3/ecommerce_platform/airflow/dags/airflow_dag.py took 0.141 seconds
[2026-03-18T00:54:26.950+0530] {processor.py:161} INFO - Started process (PID=21778) to work on /Users/vybhavswaroop/Desktop/untitled folder 3/ecommerce_platform/airflow/dags/airflow_dag.py
[2026-03-18T00:54:26.952+0530] {processor.py:830} INFO - Processing file /Users/vybhavswaroop/Desktop/untitled folder 3/ecommerce_platform/airflow/dags/airflow_dag.py for tasks to queue
[2026-03-18T00:54:26.953+0530] {logging_mixin.py:188} INFO - [2026-03-18T00:54:26.953+0530] {dagbag.py:540} INFO - Filling up the DagBag from /Users/vybhavswaroop/Desktop/untitled folder 3/ecommerce_platform/airflow/dags/airflow_dag.py
[2026-03-18T00:54:26.973+0530] {processor.py:840} INFO - DAG(s) 'ecommerce_pipeline' retrieved from /Users/vybhavswaroop/Desktop/untitled folder 3/ecommerce_platform/airflow/dags/airflow_dag.py
[2026-03-18T00:54:27.040+0530] {logging_mixin.py:188} INFO - [2026-03-18T00:54:27.040+0530] {dag.py:3047} INFO - Sync 1 DAGs
[2026-03-18T00:54:27.050+0530] {logging_mixin.py:188} INFO - [2026-03-18T00:54:27.049+0530] {dag.py:3834} INFO - Setting next_dagrun for ecommerce_pipeline to 2026-03-16 02:00:00+00:00, run_after=2026-03-17 02:00:00+00:00
[2026-03-18T00:54:27.061+0530] {processor.py:183} INFO - Processing /Users/vybhavswaroop/Desktop/untitled folder 3/ecommerce_platform/airflow/dags/airflow_dag.py took 0.111 seconds
[2026-03-18T00:57:07.680+0530] {processor.py:161} INFO - Started process (PID=23389) to work on /Users/vybhavswaroop/Desktop/untitled folder 3/ecommerce_platform/airflow/dags/airflow_dag.py
[2026-03-18T00:57:07.681+0530] {processor.py:830} INFO - Processing file /Users/vybhavswaroop/Desktop/untitled folder 3/ecommerce_platform/airflow/dags/airflow_dag.py for tasks to queue
[2026-03-18T00:57:07.682+0530] {logging_mixin.py:188} INFO - [2026-03-18T00:57:07.682+0530] {dagbag.py:540} INFO - Filling up the DagBag from /Users/vybhavswaroop/Desktop/untitled folder 3/ecommerce_platform/airflow/dags/airflow_dag.py
[2026-03-18T00:57:07.703+0530] {processor.py:840} INFO - DAG(s) 'ecommerce_pipeline' retrieved from /Users/vybhavswaroop/Desktop/untitled folder 3/ecommerce_platform/airflow/dags/airflow_dag.py
[2026-03-18T00:57:07.773+0530] {logging_mixin.py:188} INFO - [2026-03-18T00:57:07.773+0530] {dag.py:3047} INFO - Sync 1 DAGs
[2026-03-18T00:57:07.785+0530] {logging_mixin.py:188} INFO - [2026-03-18T00:57:07.785+0530] {dag.py:3834} INFO - Setting next_dagrun for ecommerce_pipeline to 2026-03-16 02:00:00+00:00, run_after=2026-03-17 02:00:00+00:00
[2026-03-18T00:57:07.798+0530] {processor.py:183} INFO - Processing /Users/vybhavswaroop/Desktop/untitled folder 3/ecommerce_platform/airflow/dags/airflow_dag.py took 0.119 seconds
[2026-03-18T00:58:49.588+0530] {processor.py:161} INFO - Started process (PID=24941) to work on /Users/vybhavswaroop/Desktop/untitled folder 3/ecommerce_platform/airflow/dags/airflow_dag.py
[2026-03-18T00:58:49.590+0530] {processor.py:830} INFO - Processing file /Users/vybhavswaroop/Desktop/untitled folder 3/ecommerce_platform/airflow/dags/airflow_dag.py for tasks to queue
[2026-03-18T00:58:49.591+0530] {logging_mixin.py:188} INFO - [2026-03-18T00:58:49.591+0530] {dagbag.py:540} INFO - Filling up the DagBag from /Users/vybhavswaroop/Desktop/untitled folder 3/ecommerce_platform/airflow/dags/airflow_dag.py
[2026-03-18T00:58:49.612+0530] {processor.py:840} INFO - DAG(s) 'ecommerce_pipeline' retrieved from /Users/vybhavswaroop/Desktop/untitled folder 3/ecommerce_platform/airflow/dags/airflow_dag.py
[2026-03-18T00:58:49.682+0530] {logging_mixin.py:188} INFO - [2026-03-18T00:58:49.682+0530] {dag.py:3047} INFO - Sync 1 DAGs
[2026-03-18T00:58:49.695+0530] {logging_mixin.py:188} INFO - [2026-03-18T00:58:49.695+0530] {dag.py:3834} INFO - Setting next_dagrun for ecommerce_pipeline to 2026-03-16 02:00:00+00:00, run_after=2026-03-17 02:00:00+00:00
[2026-03-18T00:58:49.708+0530] {processor.py:183} INFO - Processing /Users/vybhavswaroop/Desktop/untitled folder 3/ecommerce_platform/airflow/dags/airflow_dag.py took 0.121 seconds
[2026-03-18T01:02:07.380+0530] {processor.py:161} INFO - Started process (PID=26901) to work on /Users/vybhavswaroop/Desktop/untitled folder 3/ecommerce_platform/airflow/dags/airflow_dag.py
[2026-03-18T01:02:07.382+0530] {processor.py:830} INFO - Processing file /Users/vybhavswaroop/Desktop/untitled folder 3/ecommerce_platform/airflow/dags/airflow_dag.py for tasks to queue
[2026-03-18T01:02:07.382+0530] {logging_mixin.py:188} INFO - [2026-03-18T01:02:07.382+0530] {dagbag.py:540} INFO - Filling up the DagBag from /Users/vybhavswaroop/Desktop/untitled folder 3/ecommerce_platform/airflow/dags/airflow_dag.py
[2026-03-18T01:02:07.404+0530] {processor.py:840} INFO - DAG(s) 'ecommerce_pipeline' retrieved from /Users/vybhavswaroop/Desktop/untitled folder 3/ecommerce_platform/airflow/dags/airflow_dag.py
[2026-03-18T01:02:07.474+0530] {logging_mixin.py:188} INFO - [2026-03-18T01:02:07.474+0530] {dag.py:3047} INFO - Sync 1 DAGs
[2026-03-18T01:02:07.485+0530] {logging_mixin.py:188} INFO - [2026-03-18T01:02:07.485+0530] {dag.py:3834} INFO - Setting next_dagrun for ecommerce_pipeline to 2026-03-16 02:00:00+00:00, run_after=2026-03-17 02:00:00+00:00
[2026-03-18T01:02:07.498+0530] {processor.py:183} INFO - Processing /Users/vybhavswaroop/Desktop/untitled folder 3/ecommerce_platform/airflow/dags/airflow_dag.py took 0.119 seconds
[2026-03-18T01:04:50.009+0530] {processor.py:161} INFO - Started process (PID=28509) to work on /Users/vybhavswaroop/Desktop/untitled folder 3/ecommerce_platform/airflow/dags/airflow_dag.py
[2026-03-18T01:04:50.012+0530] {processor.py:830} INFO - Processing file /Users/vybhavswaroop/Desktop/untitled folder 3/ecommerce_platform/airflow/dags/airflow_dag.py for tasks to queue
[2026-03-18T01:04:50.012+0530] {logging_mixin.py:188} INFO - [2026-03-18T01:04:50.012+0530] {dagbag.py:540} INFO - Filling up the DagBag from /Users/vybhavswaroop/Desktop/untitled folder 3/ecommerce_platform/airflow/dags/airflow_dag.py
[2026-03-18T01:04:50.034+0530] {processor.py:840} INFO - DAG(s) 'ecommerce_pipeline' retrieved from /Users/vybhavswaroop/Desktop/untitled folder 3/ecommerce_platform/airflow/dags/airflow_dag.py
[2026-03-18T01:04:50.107+0530] {logging_mixin.py:188} INFO - [2026-03-18T01:04:50.107+0530] {dag.py:3047} INFO - Sync 1 DAGs
[2026-03-18T01:04:50.118+0530] {logging_mixin.py:188} INFO - [2026-03-18T01:04:50.118+0530] {dag.py:3834} INFO - Setting next_dagrun for ecommerce_pipeline to 2026-03-16 02:00:00+00:00, run_after=2026-03-17 02:00:00+00:00
[2026-03-18T01:04:50.133+0530] {processor.py:183} INFO - Processing /Users/vybhavswaroop/Desktop/untitled folder 3/ecommerce_platform/airflow/dags/airflow_dag.py took 0.124 seconds
[2026-03-18T01:07:33.730+0530] {processor.py:161} INFO - Started process (PID=30193) to work on /Users/vybhavswaroop/Desktop/untitled folder 3/ecommerce_platform/airflow/dags/airflow_dag.py
[2026-03-18T01:07:33.732+0530] {processor.py:830} INFO - Processing file /Users/vybhavswaroop/Desktop/untitled folder 3/ecommerce_platform/airflow/dags/airflow_dag.py for tasks to queue
[2026-03-18T01:07:33.732+0530] {logging_mixin.py:188} INFO - [2026-03-18T01:07:33.732+0530] {dagbag.py:540} INFO - Filling up the DagBag from /Users/vybhavswaroop/Desktop/untitled folder 3/ecommerce_platform/airflow/dags/airflow_dag.py
[2026-03-18T01:07:33.750+0530] {processor.py:840} INFO - DAG(s) 'ecommerce_pipeline' retrieved from /Users/vybhavswaroop/Desktop/untitled folder 3/ecommerce_platform/airflow/dags/airflow_dag.py
[2026-03-18T01:07:33.810+0530] {logging_mixin.py:188} INFO - [2026-03-18T01:07:33.810+0530] {dag.py:3047} INFO - Sync 1 DAGs
[2026-03-18T01:07:33.820+0530] {logging_mixin.py:188} INFO - [2026-03-18T01:07:33.820+0530] {dag.py:3834} INFO - Setting next_dagrun for ecommerce_pipeline to 2026-03-16 02:00:00+00:00, run_after=2026-03-17 02:00:00+00:00
[2026-03-18T01:07:33.830+0530] {processor.py:183} INFO - Processing /Users/vybhavswaroop/Desktop/untitled folder 3/ecommerce_platform/airflow/dags/airflow_dag.py took 0.101 seconds
[2026-03-18T01:10:22.103+0530] {processor.py:161} INFO - Started process (PID=31805) to work on /Users/vybhavswaroop/Desktop/untitled folder 3/ecommerce_platform/airflow/dags/airflow_dag.py
[2026-03-18T01:10:22.105+0530] {processor.py:830} INFO - Processing file /Users/vybhavswaroop/Desktop/untitled folder 3/ecommerce_platform/airflow/dags/airflow_dag.py for tasks to queue
[2026-03-18T01:10:22.105+0530] {logging_mixin.py:188} INFO - [2026-03-18T01:10:22.105+0530] {dagbag.py:540} INFO - Filling up the DagBag from /Users/vybhavswaroop/Desktop/untitled folder 3/ecommerce_platform/airflow/dags/airflow_dag.py
[2026-03-18T01:10:22.125+0530] {processor.py:840} INFO - DAG(s) 'ecommerce_pipeline' retrieved from /Users/vybhavswaroop/Desktop/untitled folder 3/ecommerce_platform/airflow/dags/airflow_dag.py
[2026-03-18T01:10:22.187+0530] {logging_mixin.py:188} INFO - [2026-03-18T01:10:22.187+0530] {dag.py:3047} INFO - Sync 1 DAGs
[2026-03-18T01:10:22.196+0530] {logging_mixin.py:188} INFO - [2026-03-18T01:10:22.196+0530] {dag.py:3834} INFO - Setting next_dagrun for ecommerce_pipeline to 2026-03-16 02:00:00+00:00, run_after=2026-03-17 02:00:00+00:00
[2026-03-18T01:10:22.208+0530] {processor.py:183} INFO - Processing /Users/vybhavswaroop/Desktop/untitled folder 3/ecommerce_platform/airflow/dags/airflow_dag.py took 0.106 seconds
[2026-03-18T01:13:12.859+0530] {processor.py:161} INFO - Started process (PID=33456) to work on /Users/vybhavswaroop/Desktop/untitled folder 3/ecommerce_platform/airflow/dags/airflow_dag.py
[2026-03-18T01:13:12.861+0530] {processor.py:830} INFO - Processing file /Users/vybhavswaroop/Desktop/untitled folder 3/ecommerce_platform/airflow/dags/airflow_dag.py for tasks to queue
[2026-03-18T01:13:12.861+0530] {logging_mixin.py:188} INFO - [2026-03-18T01:13:12.861+0530] {dagbag.py:540} INFO - Filling up the DagBag from /Users/vybhavswaroop/Desktop/untitled folder 3/ecommerce_platform/airflow/dags/airflow_dag.py
[2026-03-18T01:13:12.887+0530] {processor.py:840} INFO - DAG(s) 'ecommerce_pipeline' retrieved from /Users/vybhavswaroop/Desktop/untitled folder 3/ecommerce_platform/airflow/dags/airflow_dag.py
[2026-03-18T01:13:12.965+0530] {logging_mixin.py:188} INFO - [2026-03-18T01:13:12.965+0530] {dag.py:3047} INFO - Sync 1 DAGs
[2026-03-18T01:13:12.976+0530] {logging_mixin.py:188} INFO - [2026-03-18T01:13:12.976+0530] {dag.py:3834} INFO - Setting next_dagrun for ecommerce_pipeline to 2026-03-16 02:00:00+00:00, run_after=2026-03-17 02:00:00+00:00
[2026-03-18T01:13:12.992+0530] {processor.py:183} INFO - Processing /Users/vybhavswaroop/Desktop/untitled folder 3/ecommerce_platform/airflow/dags/airflow_dag.py took 0.134 seconds
[2026-03-18T01:15:48.846+0530] {processor.py:161} INFO - Started process (PID=35060) to work on /Users/vybhavswaroop/Desktop/untitled folder 3/ecommerce_platform/airflow/dags/airflow_dag.py
[2026-03-18T01:15:48.847+0530] {processor.py:830} INFO - Processing file /Users/vybhavswaroop/Desktop/untitled folder 3/ecommerce_platform/airflow/dags/airflow_dag.py for tasks to queue
[2026-03-18T01:15:48.848+0530] {logging_mixin.py:188} INFO - [2026-03-18T01:15:48.848+0530] {dagbag.py:540} INFO - Filling up the DagBag from /Users/vybhavswaroop/Desktop/untitled folder 3/ecommerce_platform/airflow/dags/airflow_dag.py
[2026-03-18T01:15:48.870+0530] {processor.py:840} INFO - DAG(s) 'ecommerce_pipeline' retrieved from /Users/vybhavswaroop/Desktop/untitled folder 3/ecommerce_platform/airflow/dags/airflow_dag.py
[2026-03-18T01:15:48.944+0530] {logging_mixin.py:188} INFO - [2026-03-18T01:15:48.943+0530] {dag.py:3047} INFO - Sync 1 DAGs
[2026-03-18T01:15:48.955+0530] {logging_mixin.py:188} INFO - [2026-03-18T01:15:48.955+0530] {dag.py:3834} INFO - Setting next_dagrun for ecommerce_pipeline to 2026-03-16 02:00:00+00:00, run_after=2026-03-17 02:00:00+00:00
[2026-03-18T01:15:48.970+0530] {processor.py:183} INFO - Processing /Users/vybhavswaroop/Desktop/untitled folder 3/ecommerce_platform/airflow/dags/airflow_dag.py took 0.125 seconds
[2026-03-18T01:18:25.824+0530] {processor.py:161} INFO - Started process (PID=36686) to work on /Users/vybhavswaroop/Desktop/untitled folder 3/ecommerce_platform/airflow/dags/airflow_dag.py
[2026-03-18T01:18:25.826+0530] {processor.py:830} INFO - Processing file /Users/vybhavswaroop/Desktop/untitled folder 3/ecommerce_platform/airflow/dags/airflow_dag.py for tasks to queue
[2026-03-18T01:18:25.827+0530] {logging_mixin.py:188} INFO - [2026-03-18T01:18:25.826+0530] {dagbag.py:540} INFO - Filling up the DagBag from /Users/vybhavswaroop/Desktop/untitled folder 3/ecommerce_platform/airflow/dags/airflow_dag.py
[2026-03-18T01:18:25.845+0530] {processor.py:840} INFO - DAG(s) 'ecommerce_pipeline' retrieved from /Users/vybhavswaroop/Desktop/untitled folder 3/ecommerce_platform/airflow/dags/airflow_dag.py
[2026-03-18T01:18:25.906+0530] {logging_mixin.py:188} INFO - [2026-03-18T01:18:25.906+0530] {dag.py:3047} INFO - Sync 1 DAGs
[2026-03-18T01:18:25.916+0530] {logging_mixin.py:188} INFO - [2026-03-18T01:18:25.916+0530] {dag.py:3834} INFO - Setting next_dagrun for ecommerce_pipeline to 2026-03-16 02:00:00+00:00, run_after=2026-03-17 02:00:00+00:00
[2026-03-18T01:18:25.929+0530] {processor.py:183} INFO - Processing /Users/vybhavswaroop/Desktop/untitled folder 3/ecommerce_platform/airflow/dags/airflow_dag.py took 0.105 seconds
[2026-03-18T01:21:04.598+0530] {processor.py:161} INFO - Started process (PID=38302) to work on /Users/vybhavswaroop/Desktop/untitled folder 3/ecommerce_platform/airflow/dags/airflow_dag.py
[2026-03-18T01:21:04.599+0530] {processor.py:830} INFO - Processing file /Users/vybhavswaroop/Desktop/untitled folder 3/ecommerce_platform/airflow/dags/airflow_dag.py for tasks to queue
[2026-03-18T01:21:04.600+0530] {logging_mixin.py:188} INFO - [2026-03-18T01:21:04.600+0530] {dagbag.py:540} INFO - Filling up the DagBag from /Users/vybhavswaroop/Desktop/untitled folder 3/ecommerce_platform/airflow/dags/airflow_dag.py
[2026-03-18T01:21:04.619+0530] {processor.py:840} INFO - DAG(s) 'ecommerce_pipeline' retrieved from /Users/vybhavswaroop/Desktop/untitled folder 3/ecommerce_platform/airflow/dags/airflow_dag.py
[2026-03-18T01:21:04.679+0530] {logging_mixin.py:188} INFO - [2026-03-18T01:21:04.679+0530] {dag.py:3047} INFO - Sync 1 DAGs
[2026-03-18T01:21:04.688+0530] {logging_mixin.py:188} INFO - [2026-03-18T01:21:04.688+0530] {dag.py:3834} INFO - Setting next_dagrun for ecommerce_pipeline to 2026-03-16 02:00:00+00:00, run_after=2026-03-17 02:00:00+00:00
[2026-03-18T01:21:04.698+0530] {processor.py:183} INFO - Processing /Users/vybhavswaroop/Desktop/untitled folder 3/ecommerce_platform/airflow/dags/airflow_dag.py took 0.101 seconds
[2026-03-18T01:23:34.590+0530] {processor.py:161} INFO - Started process (PID=39890) to work on /Users/vybhavswaroop/Desktop/untitled folder 3/ecommerce_platform/airflow/dags/airflow_dag.py
[2026-03-18T01:23:34.591+0530] {processor.py:830} INFO - Processing file /Users/vybhavswaroop/Desktop/untitled folder 3/ecommerce_platform/airflow/dags/airflow_dag.py for tasks to queue
[2026-03-18T01:23:34.592+0530] {logging_mixin.py:188} INFO - [2026-03-18T01:23:34.592+0530] {dagbag.py:540} INFO - Filling up the DagBag from /Users/vybhavswaroop/Desktop/untitled folder 3/ecommerce_platform/airflow/dags/airflow_dag.py
[2026-03-18T01:23:34.611+0530] {processor.py:840} INFO - DAG(s) 'ecommerce_pipeline' retrieved from /Users/vybhavswaroop/Desktop/untitled folder 3/ecommerce_platform/airflow/dags/airflow_dag.py
[2026-03-18T01:23:34.674+0530] {logging_mixin.py:188} INFO - [2026-03-18T01:23:34.674+0530] {dag.py:3047} INFO - Sync 1 DAGs
[2026-03-18T01:23:34.683+0530] {logging_mixin.py:188} INFO - [2026-03-18T01:23:34.683+0530] {dag.py:3834} INFO - Setting next_dagrun for ecommerce_pipeline to 2026-03-16 02:00:00+00:00, run_after=2026-03-17 02:00:00+00:00
[2026-03-18T01:23:34.696+0530] {processor.py:183} INFO - Processing /Users/vybhavswaroop/Desktop/untitled folder 3/ecommerce_platform/airflow/dags/airflow_dag.py took 0.107 seconds
[2026-03-18T01:26:02.413+0530] {processor.py:161} INFO - Started process (PID=41473) to work on /Users/vybhavswaroop/Desktop/untitled folder 3/ecommerce_platform/airflow/dags/airflow_dag.py
[2026-03-18T01:26:02.414+0530] {processor.py:830} INFO - Processing file /Users/vybhavswaroop/Desktop/untitled folder 3/ecommerce_platform/airflow/dags/airflow_dag.py for tasks to queue
[2026-03-18T01:26:02.414+0530] {logging_mixin.py:188} INFO - [2026-03-18T01:26:02.414+0530] {dagbag.py:540} INFO - Filling up the DagBag from /Users/vybhavswaroop/Desktop/untitled folder 3/ecommerce_platform/airflow/dags/airflow_dag.py
[2026-03-18T01:26:02.433+0530] {processor.py:840} INFO - DAG(s) 'ecommerce_pipeline' retrieved from /Users/vybhavswaroop/Desktop/untitled folder 3/ecommerce_platform/airflow/dags/airflow_dag.py
[2026-03-18T01:26:02.495+0530] {logging_mixin.py:188} INFO - [2026-03-18T01:26:02.494+0530] {dag.py:3047} INFO - Sync 1 DAGs
[2026-03-18T01:26:02.504+0530] {logging_mixin.py:188} INFO - [2026-03-18T01:26:02.504+0530] {dag.py:3834} INFO - Setting next_dagrun for ecommerce_pipeline to 2026-03-16 02:00:00+00:00, run_after=2026-03-17 02:00:00+00:00
[2026-03-18T01:26:02.516+0530] {processor.py:183} INFO - Processing /Users/vybhavswaroop/Desktop/untitled folder 3/ecommerce_platform/airflow/dags/airflow_dag.py took 0.104 seconds
[2026-03-18T01:28:30.845+0530] {processor.py:161} INFO - Started process (PID=43073) to work on /Users/vybhavswaroop/Desktop/untitled folder 3/ecommerce_platform/airflow/dags/airflow_dag.py
[2026-03-18T01:28:30.847+0530] {processor.py:830} INFO - Processing file /Users/vybhavswaroop/Desktop/untitled folder 3/ecommerce_platform/airflow/dags/airflow_dag.py for tasks to queue
[2026-03-18T01:28:30.847+0530] {logging_mixin.py:188} INFO - [2026-03-18T01:28:30.847+0530] {dagbag.py:540} INFO - Filling up the DagBag from /Users/vybhavswaroop/Desktop/untitled folder 3/ecommerce_platform/airflow/dags/airflow_dag.py
[2026-03-18T01:28:30.866+0530] {processor.py:840} INFO - DAG(s) 'ecommerce_pipeline' retrieved from /Users/vybhavswaroop/Desktop/untitled folder 3/ecommerce_platform/airflow/dags/airflow_dag.py
[2026-03-18T01:28:30.927+0530] {logging_mixin.py:188} INFO - [2026-03-18T01:28:30.927+0530] {dag.py:3047} INFO - Sync 1 DAGs
[2026-03-18T01:28:30.937+0530] {logging_mixin.py:188} INFO - [2026-03-18T01:28:30.937+0530] {dag.py:3834} INFO - Setting next_dagrun for ecommerce_pipeline to 2026-03-16 02:00:00+00:00, run_after=2026-03-17 02:00:00+00:00
[2026-03-18T01:28:30.949+0530] {processor.py:183} INFO - Processing /Users/vybhavswaroop/Desktop/untitled folder 3/ecommerce_platform/airflow/dags/airflow_dag.py took 0.104 seconds
[2026-03-18T01:30:57.542+0530] {processor.py:161} INFO - Started process (PID=44658) to work on /Users/vybhavswaroop/Desktop/untitled folder 3/ecommerce_platform/airflow/dags/airflow_dag.py
[2026-03-18T01:30:57.544+0530] {processor.py:830} INFO - Processing file /Users/vybhavswaroop/Desktop/untitled folder 3/ecommerce_platform/airflow/dags/airflow_dag.py for tasks to queue
[2026-03-18T01:30:57.544+0530] {logging_mixin.py:188} INFO - [2026-03-18T01:30:57.544+0530] {dagbag.py:540} INFO - Filling up the DagBag from /Users/vybhavswaroop/Desktop/untitled folder 3/ecommerce_platform/airflow/dags/airflow_dag.py
[2026-03-18T01:30:57.562+0530] {processor.py:840} INFO - DAG(s) 'ecommerce_pipeline' retrieved from /Users/vybhavswaroop/Desktop/untitled folder 3/ecommerce_platform/airflow/dags/airflow_dag.py
[2026-03-18T01:30:57.621+0530] {logging_mixin.py:188} INFO - [2026-03-18T01:30:57.621+0530] {dag.py:3047} INFO - Sync 1 DAGs
[2026-03-18T01:30:57.629+0530] {logging_mixin.py:188} INFO - [2026-03-18T01:30:57.629+0530] {dag.py:3834} INFO - Setting next_dagrun for ecommerce_pipeline to 2026-03-16 02:00:00+00:00, run_after=2026-03-17 02:00:00+00:00
[2026-03-18T01:30:57.640+0530] {processor.py:183} INFO - Processing /Users/vybhavswaroop/Desktop/untitled folder 3/ecommerce_platform/airflow/dags/airflow_dag.py took 0.098 seconds
[2026-03-18T01:33:31.905+0530] {processor.py:161} INFO - Started process (PID=46239) to work on /Users/vybhavswaroop/Desktop/untitled folder 3/ecommerce_platform/airflow/dags/airflow_dag.py
[2026-03-18T01:33:31.907+0530] {processor.py:830} INFO - Processing file /Users/vybhavswaroop/Desktop/untitled folder 3/ecommerce_platform/airflow/dags/airflow_dag.py for tasks to queue
[2026-03-18T01:33:31.908+0530] {logging_mixin.py:188} INFO - [2026-03-18T01:33:31.907+0530] {dagbag.py:540} INFO - Filling up the DagBag from /Users/vybhavswaroop/Desktop/untitled folder 3/ecommerce_platform/airflow/dags/airflow_dag.py
[2026-03-18T01:33:31.926+0530] {processor.py:840} INFO - DAG(s) 'ecommerce_pipeline' retrieved from /Users/vybhavswaroop/Desktop/untitled folder 3/ecommerce_platform/airflow/dags/airflow_dag.py
[2026-03-18T01:33:31.989+0530] {logging_mixin.py:188} INFO - [2026-03-18T01:33:31.989+0530] {dag.py:3047} INFO - Sync 1 DAGs
[2026-03-18T01:33:31.998+0530] {logging_mixin.py:188} INFO - [2026-03-18T01:33:31.998+0530] {dag.py:3834} INFO - Setting next_dagrun for ecommerce_pipeline to 2026-03-16 02:00:00+00:00, run_after=2026-03-17 02:00:00+00:00
[2026-03-18T01:33:32.008+0530] {processor.py:183} INFO - Processing /Users/vybhavswaroop/Desktop/untitled folder 3/ecommerce_platform/airflow/dags/airflow_dag.py took 0.103 seconds
[2026-03-18T01:36:01.339+0530] {processor.py:161} INFO - Started process (PID=47803) to work on /Users/vybhavswaroop/Desktop/untitled folder 3/ecommerce_platform/airflow/dags/airflow_dag.py
[2026-03-18T01:36:01.340+0530] {processor.py:830} INFO - Processing file /Users/vybhavswaroop/Desktop/untitled folder 3/ecommerce_platform/airflow/dags/airflow_dag.py for tasks to queue
[2026-03-18T01:36:01.341+0530] {logging_mixin.py:188} INFO - [2026-03-18T01:36:01.341+0530] {dagbag.py:540} INFO - Filling up the DagBag from /Users/vybhavswaroop/Desktop/untitled folder 3/ecommerce_platform/airflow/dags/airflow_dag.py
[2026-03-18T01:36:01.360+0530] {processor.py:840} INFO - DAG(s) 'ecommerce_pipeline' retrieved from /Users/vybhavswaroop/Desktop/untitled folder 3/ecommerce_platform/airflow/dags/airflow_dag.py
[2026-03-18T01:36:01.421+0530] {logging_mixin.py:188} INFO - [2026-03-18T01:36:01.421+0530] {dag.py:3047} INFO - Sync 1 DAGs
[2026-03-18T01:36:01.431+0530] {logging_mixin.py:188} INFO - [2026-03-18T01:36:01.431+0530] {dag.py:3834} INFO - Setting next_dagrun for ecommerce_pipeline to 2026-03-16 02:00:00+00:00, run_after=2026-03-17 02:00:00+00:00
[2026-03-18T01:36:01.442+0530] {processor.py:183} INFO - Processing /Users/vybhavswaroop/Desktop/untitled folder 3/ecommerce_platform/airflow/dags/airflow_dag.py took 0.104 seconds
[2026-03-18T01:38:34.581+0530] {processor.py:161} INFO - Started process (PID=49380) to work on /Users/vybhavswaroop/Desktop/untitled folder 3/ecommerce_platform/airflow/dags/airflow_dag.py
[2026-03-18T01:38:34.583+0530] {processor.py:830} INFO - Processing file /Users/vybhavswaroop/Desktop/untitled folder 3/ecommerce_platform/airflow/dags/airflow_dag.py for tasks to queue
[2026-03-18T01:38:34.584+0530] {logging_mixin.py:188} INFO - [2026-03-18T01:38:34.583+0530] {dagbag.py:540} INFO - Filling up the DagBag from /Users/vybhavswaroop/Desktop/untitled folder 3/ecommerce_platform/airflow/dags/airflow_dag.py
[2026-03-18T01:38:34.609+0530] {processor.py:840} INFO - DAG(s) 'ecommerce_pipeline' retrieved from /Users/vybhavswaroop/Desktop/untitled folder 3/ecommerce_platform/airflow/dags/airflow_dag.py
[2026-03-18T01:38:34.685+0530] {logging_mixin.py:188} INFO - [2026-03-18T01:38:34.685+0530] {dag.py:3047} INFO - Sync 1 DAGs
[2026-03-18T01:38:34.698+0530] {logging_mixin.py:188} INFO - [2026-03-18T01:38:34.697+0530] {dag.py:3834} INFO - Setting next_dagrun for ecommerce_pipeline to 2026-03-16 02:00:00+00:00, run_after=2026-03-17 02:00:00+00:00
[2026-03-18T01:38:34.711+0530] {processor.py:183} INFO - Processing /Users/vybhavswaroop/Desktop/untitled folder 3/ecommerce_platform/airflow/dags/airflow_dag.py took 0.131 seconds
[2026-03-18T01:41:27.191+0530] {processor.py:161} INFO - Started process (PID=50960) to work on /Users/vybhavswaroop/Desktop/untitled folder 3/ecommerce_platform/airflow/dags/airflow_dag.py
[2026-03-18T01:41:27.192+0530] {processor.py:830} INFO - Processing file /Users/vybhavswaroop/Desktop/untitled folder 3/ecommerce_platform/airflow/dags/airflow_dag.py for tasks to queue
[2026-03-18T01:41:27.193+0530] {logging_mixin.py:188} INFO - [2026-03-18T01:41:27.193+0530] {dagbag.py:540} INFO - Filling up the DagBag from /Users/vybhavswaroop/Desktop/untitled folder 3/ecommerce_platform/airflow/dags/airflow_dag.py
[2026-03-18T01:41:27.218+0530] {processor.py:840} INFO - DAG(s) 'ecommerce_pipeline' retrieved from /Users/vybhavswaroop/Desktop/untitled folder 3/ecommerce_platform/airflow/dags/airflow_dag.py
[2026-03-18T01:41:27.290+0530] {logging_mixin.py:188} INFO - [2026-03-18T01:41:27.290+0530] {dag.py:3047} INFO - Sync 1 DAGs
[2026-03-18T01:41:27.302+0530] {logging_mixin.py:188} INFO - [2026-03-18T01:41:27.302+0530] {dag.py:3834} INFO - Setting next_dagrun for ecommerce_pipeline to 2026-03-16 02:00:00+00:00, run_after=2026-03-17 02:00:00+00:00
[2026-03-18T01:41:27.316+0530] {processor.py:183} INFO - Processing /Users/vybhavswaroop/Desktop/untitled folder 3/ecommerce_platform/airflow/dags/airflow_dag.py took 0.126 seconds
[2026-03-18T01:44:16.546+0530] {processor.py:161} INFO - Started process (PID=52491) to work on /Users/vybhavswaroop/Desktop/untitled folder 3/ecommerce_platform/airflow/dags/airflow_dag.py
[2026-03-18T01:44:16.548+0530] {processor.py:830} INFO - Processing file /Users/vybhavswaroop/Desktop/untitled folder 3/ecommerce_platform/airflow/dags/airflow_dag.py for tasks to queue
[2026-03-18T01:44:16.548+0530] {logging_mixin.py:188} INFO - [2026-03-18T01:44:16.548+0530] {dagbag.py:540} INFO - Filling up the DagBag from /Users/vybhavswaroop/Desktop/untitled folder 3/ecommerce_platform/airflow/dags/airflow_dag.py
[2026-03-18T01:44:16.571+0530] {processor.py:840} INFO - DAG(s) 'ecommerce_pipeline' retrieved from /Users/vybhavswaroop/Desktop/untitled folder 3/ecommerce_platform/airflow/dags/airflow_dag.py
[2026-03-18T01:44:16.643+0530] {logging_mixin.py:188} INFO - [2026-03-18T01:44:16.642+0530] {dag.py:3047} INFO - Sync 1 DAGs
[2026-03-18T01:44:16.653+0530] {logging_mixin.py:188} INFO - [2026-03-18T01:44:16.653+0530] {dag.py:3834} INFO - Setting next_dagrun for ecommerce_pipeline to 2026-03-16 02:00:00+00:00, run_after=2026-03-17 02:00:00+00:00
[2026-03-18T01:44:16.667+0530] {processor.py:183} INFO - Processing /Users/vybhavswaroop/Desktop/untitled folder 3/ecommerce_platform/airflow/dags/airflow_dag.py took 0.122 seconds
[2026-03-18T01:47:06.486+0530] {processor.py:161} INFO - Started process (PID=54024) to work on /Users/vybhavswaroop/Desktop/untitled folder 3/ecommerce_platform/airflow/dags/airflow_dag.py
[2026-03-18T01:47:06.487+0530] {processor.py:830} INFO - Processing file /Users/vybhavswaroop/Desktop/untitled folder 3/ecommerce_platform/airflow/dags/airflow_dag.py for tasks to queue
[2026-03-18T01:47:06.488+0530] {logging_mixin.py:188} INFO - [2026-03-18T01:47:06.488+0530] {dagbag.py:540} INFO - Filling up the DagBag from /Users/vybhavswaroop/Desktop/untitled folder 3/ecommerce_platform/airflow/dags/airflow_dag.py
[2026-03-18T01:47:06.513+0530] {processor.py:840} INFO - DAG(s) 'ecommerce_pipeline' retrieved from /Users/vybhavswaroop/Desktop/untitled folder 3/ecommerce_platform/airflow/dags/airflow_dag.py
[2026-03-18T01:47:06.597+0530] {logging_mixin.py:188} INFO - [2026-03-18T01:47:06.597+0530] {dag.py:3047} INFO - Sync 1 DAGs
[2026-03-18T01:47:06.610+0530] {logging_mixin.py:188} INFO - [2026-03-18T01:47:06.610+0530] {dag.py:3834} INFO - Setting next_dagrun for ecommerce_pipeline to 2026-03-16 02:00:00+00:00, run_after=2026-03-17 02:00:00+00:00
[2026-03-18T01:47:06.626+0530] {processor.py:183} INFO - Processing /Users/vybhavswaroop/Desktop/untitled folder 3/ecommerce_platform/airflow/dags/airflow_dag.py took 0.141 seconds
[2026-03-18T01:49:57.164+0530] {processor.py:161} INFO - Started process (PID=55551) to work on /Users/vybhavswaroop/Desktop/untitled folder 3/ecommerce_platform/airflow/dags/airflow_dag.py
[2026-03-18T01:49:57.166+0530] {processor.py:830} INFO - Processing file /Users/vybhavswaroop/Desktop/untitled folder 3/ecommerce_platform/airflow/dags/airflow_dag.py for tasks to queue
[2026-03-18T01:49:57.166+0530] {logging_mixin.py:188} INFO - [2026-03-18T01:49:57.166+0530] {dagbag.py:540} INFO - Filling up the DagBag from /Users/vybhavswaroop/Desktop/untitled folder 3/ecommerce_platform/airflow/dags/airflow_dag.py
[2026-03-18T01:49:57.190+0530] {processor.py:840} INFO - DAG(s) 'ecommerce_pipeline' retrieved from /Users/vybhavswaroop/Desktop/untitled folder 3/ecommerce_platform/airflow/dags/airflow_dag.py
[2026-03-18T01:49:57.270+0530] {logging_mixin.py:188} INFO - [2026-03-18T01:49:57.270+0530] {dag.py:3047} INFO - Sync 1 DAGs
[2026-03-18T01:49:57.282+0530] {logging_mixin.py:188} INFO - [2026-03-18T01:49:57.282+0530] {dag.py:3834} INFO - Setting next_dagrun for ecommerce_pipeline to 2026-03-16 02:00:00+00:00, run_after=2026-03-17 02:00:00+00:00
[2026-03-18T01:49:57.298+0530] {processor.py:183} INFO - Processing /Users/vybhavswaroop/Desktop/untitled folder 3/ecommerce_platform/airflow/dags/airflow_dag.py took 0.135 seconds
[2026-03-18T01:52:48.473+0530] {processor.py:161} INFO - Started process (PID=57111) to work on /Users/vybhavswaroop/Desktop/untitled folder 3/ecommerce_platform/airflow/dags/airflow_dag.py
[2026-03-18T01:52:48.475+0530] {processor.py:830} INFO - Processing file /Users/vybhavswaroop/Desktop/untitled folder 3/ecommerce_platform/airflow/dags/airflow_dag.py for tasks to queue
[2026-03-18T01:52:48.475+0530] {logging_mixin.py:188} INFO - [2026-03-18T01:52:48.475+0530] {dagbag.py:540} INFO - Filling up the DagBag from /Users/vybhavswaroop/Desktop/untitled folder 3/ecommerce_platform/airflow/dags/airflow_dag.py
[2026-03-18T01:52:48.500+0530] {processor.py:840} INFO - DAG(s) 'ecommerce_pipeline' retrieved from /Users/vybhavswaroop/Desktop/untitled folder 3/ecommerce_platform/airflow/dags/airflow_dag.py
[2026-03-18T01:52:48.583+0530] {logging_mixin.py:188} INFO - [2026-03-18T01:52:48.583+0530] {dag.py:3047} INFO - Sync 1 DAGs
[2026-03-18T01:52:48.596+0530] {logging_mixin.py:188} INFO - [2026-03-18T01:52:48.596+0530] {dag.py:3834} INFO - Setting next_dagrun for ecommerce_pipeline to 2026-03-16 02:00:00+00:00, run_after=2026-03-17 02:00:00+00:00
[2026-03-18T01:52:48.612+0530] {processor.py:183} INFO - Processing /Users/vybhavswaroop/Desktop/untitled folder 3/ecommerce_platform/airflow/dags/airflow_dag.py took 0.139 seconds
[2026-03-18T01:55:41.277+0530] {processor.py:161} INFO - Started process (PID=58685) to work on /Users/vybhavswaroop/Desktop/untitled folder 3/ecommerce_platform/airflow/dags/airflow_dag.py
[2026-03-18T01:55:41.278+0530] {processor.py:830} INFO - Processing file /Users/vybhavswaroop/Desktop/untitled folder 3/ecommerce_platform/airflow/dags/airflow_dag.py for tasks to queue
[2026-03-18T01:55:41.279+0530] {logging_mixin.py:188} INFO - [2026-03-18T01:55:41.279+0530] {dagbag.py:540} INFO - Filling up the DagBag from /Users/vybhavswaroop/Desktop/untitled folder 3/ecommerce_platform/airflow/dags/airflow_dag.py
[2026-03-18T01:55:41.303+0530] {processor.py:840} INFO - DAG(s) 'ecommerce_pipeline' retrieved from /Users/vybhavswaroop/Desktop/untitled folder 3/ecommerce_platform/airflow/dags/airflow_dag.py
[2026-03-18T01:55:41.380+0530] {logging_mixin.py:188} INFO - [2026-03-18T01:55:41.380+0530] {dag.py:3047} INFO - Sync 1 DAGs
[2026-03-18T01:55:41.391+0530] {logging_mixin.py:188} INFO - [2026-03-18T01:55:41.390+0530] {dag.py:3834} INFO - Setting next_dagrun for ecommerce_pipeline to 2026-03-16 02:00:00+00:00, run_after=2026-03-17 02:00:00+00:00
[2026-03-18T01:55:41.404+0530] {processor.py:183} INFO - Processing /Users/vybhavswaroop/Desktop/untitled folder 3/ecommerce_platform/airflow/dags/airflow_dag.py took 0.127 seconds
[2026-03-18T01:58:29.783+0530] {processor.py:161} INFO - Started process (PID=60219) to work on /Users/vybhavswaroop/Desktop/untitled folder 3/ecommerce_platform/airflow/dags/airflow_dag.py
[2026-03-18T01:58:29.785+0530] {processor.py:830} INFO - Processing file /Users/vybhavswaroop/Desktop/untitled folder 3/ecommerce_platform/airflow/dags/airflow_dag.py for tasks to queue
[2026-03-18T01:58:29.785+0530] {logging_mixin.py:188} INFO - [2026-03-18T01:58:29.785+0530] {dagbag.py:540} INFO - Filling up the DagBag from /Users/vybhavswaroop/Desktop/untitled folder 3/ecommerce_platform/airflow/dags/airflow_dag.py
[2026-03-18T01:58:29.810+0530] {processor.py:840} INFO - DAG(s) 'ecommerce_pipeline' retrieved from /Users/vybhavswaroop/Desktop/untitled folder 3/ecommerce_platform/airflow/dags/airflow_dag.py
[2026-03-18T01:58:29.890+0530] {logging_mixin.py:188} INFO - [2026-03-18T01:58:29.889+0530] {dag.py:3047} INFO - Sync 1 DAGs
[2026-03-18T01:58:29.902+0530] {logging_mixin.py:188} INFO - [2026-03-18T01:58:29.902+0530] {dag.py:3834} INFO - Setting next_dagrun for ecommerce_pipeline to 2026-03-16 02:00:00+00:00, run_after=2026-03-17 02:00:00+00:00
[2026-03-18T01:58:29.918+0530] {processor.py:183} INFO - Processing /Users/vybhavswaroop/Desktop/untitled folder 3/ecommerce_platform/airflow/dags/airflow_dag.py took 0.136 seconds
[2026-03-18T02:01:17.120+0530] {processor.py:161} INFO - Started process (PID=61776) to work on /Users/vybhavswaroop/Desktop/untitled folder 3/ecommerce_platform/airflow/dags/airflow_dag.py
[2026-03-18T02:01:17.122+0530] {processor.py:830} INFO - Processing file /Users/vybhavswaroop/Desktop/untitled folder 3/ecommerce_platform/airflow/dags/airflow_dag.py for tasks to queue
[2026-03-18T02:01:17.122+0530] {logging_mixin.py:188} INFO - [2026-03-18T02:01:17.122+0530] {dagbag.py:540} INFO - Filling up the DagBag from /Users/vybhavswaroop/Desktop/untitled folder 3/ecommerce_platform/airflow/dags/airflow_dag.py
[2026-03-18T02:01:17.144+0530] {processor.py:840} INFO - DAG(s) 'ecommerce_pipeline' retrieved from /Users/vybhavswaroop/Desktop/untitled folder 3/ecommerce_platform/airflow/dags/airflow_dag.py
[2026-03-18T02:01:17.218+0530] {logging_mixin.py:188} INFO - [2026-03-18T02:01:17.218+0530] {dag.py:3047} INFO - Sync 1 DAGs
[2026-03-18T02:01:17.231+0530] {logging_mixin.py:188} INFO - [2026-03-18T02:01:17.230+0530] {dag.py:3834} INFO - Setting next_dagrun for ecommerce_pipeline to 2026-03-16 02:00:00+00:00, run_after=2026-03-17 02:00:00+00:00
[2026-03-18T02:01:17.243+0530] {processor.py:183} INFO - Processing /Users/vybhavswaroop/Desktop/untitled folder 3/ecommerce_platform/airflow/dags/airflow_dag.py took 0.125 seconds
[2026-03-18T02:04:05.218+0530] {processor.py:161} INFO - Started process (PID=63341) to work on /Users/vybhavswaroop/Desktop/untitled folder 3/ecommerce_platform/airflow/dags/airflow_dag.py
[2026-03-18T02:04:05.221+0530] {processor.py:830} INFO - Processing file /Users/vybhavswaroop/Desktop/untitled folder 3/ecommerce_platform/airflow/dags/airflow_dag.py for tasks to queue
[2026-03-18T02:04:05.221+0530] {logging_mixin.py:188} INFO - [2026-03-18T02:04:05.221+0530] {dagbag.py:540} INFO - Filling up the DagBag from /Users/vybhavswaroop/Desktop/untitled folder 3/ecommerce_platform/airflow/dags/airflow_dag.py
[2026-03-18T02:04:05.246+0530] {processor.py:840} INFO - DAG(s) 'ecommerce_pipeline' retrieved from /Users/vybhavswaroop/Desktop/untitled folder 3/ecommerce_platform/airflow/dags/airflow_dag.py
[2026-03-18T02:04:05.328+0530] {logging_mixin.py:188} INFO - [2026-03-18T02:04:05.327+0530] {dag.py:3047} INFO - Sync 1 DAGs
[2026-03-18T02:04:05.341+0530] {logging_mixin.py:188} INFO - [2026-03-18T02:04:05.340+0530] {dag.py:3834} INFO - Setting next_dagrun for ecommerce_pipeline to 2026-03-16 02:00:00+00:00, run_after=2026-03-17 02:00:00+00:00
[2026-03-18T02:04:05.357+0530] {processor.py:183} INFO - Processing /Users/vybhavswaroop/Desktop/untitled folder 3/ecommerce_platform/airflow/dags/airflow_dag.py took 0.139 seconds
[2026-03-18T02:06:42.374+0530] {processor.py:161} INFO - Started process (PID=64966) to work on /Users/vybhavswaroop/Desktop/untitled folder 3/ecommerce_platform/airflow/dags/airflow_dag.py
[2026-03-18T02:06:42.377+0530] {processor.py:830} INFO - Processing file /Users/vybhavswaroop/Desktop/untitled folder 3/ecommerce_platform/airflow/dags/airflow_dag.py for tasks to queue
[2026-03-18T02:06:42.377+0530] {logging_mixin.py:188} INFO - [2026-03-18T02:06:42.377+0530] {dagbag.py:540} INFO - Filling up the DagBag from /Users/vybhavswaroop/Desktop/untitled folder 3/ecommerce_platform/airflow/dags/airflow_dag.py
[2026-03-18T02:06:42.396+0530] {processor.py:840} INFO - DAG(s) 'ecommerce_pipeline' retrieved from /Users/vybhavswaroop/Desktop/untitled folder 3/ecommerce_platform/airflow/dags/airflow_dag.py
[2026-03-18T02:06:42.452+0530] {logging_mixin.py:188} INFO - [2026-03-18T02:06:42.452+0530] {dag.py:3047} INFO - Sync 1 DAGs
[2026-03-18T02:06:42.460+0530] {logging_mixin.py:188} INFO - [2026-03-18T02:06:42.460+0530] {dag.py:3834} INFO - Setting next_dagrun for ecommerce_pipeline to 2026-03-16 02:00:00+00:00, run_after=2026-03-17 02:00:00+00:00
[2026-03-18T02:06:42.471+0530] {processor.py:183} INFO - Processing /Users/vybhavswaroop/Desktop/untitled folder 3/ecommerce_platform/airflow/dags/airflow_dag.py took 0.097 seconds
[2026-03-18T02:09:02.643+0530] {processor.py:161} INFO - Started process (PID=66611) to work on /Users/vybhavswaroop/Desktop/untitled folder 3/ecommerce_platform/airflow/dags/airflow_dag.py
[2026-03-18T02:09:02.646+0530] {processor.py:830} INFO - Processing file /Users/vybhavswaroop/Desktop/untitled folder 3/ecommerce_platform/airflow/dags/airflow_dag.py for tasks to queue
[2026-03-18T02:09:02.646+0530] {logging_mixin.py:188} INFO - [2026-03-18T02:09:02.646+0530] {dagbag.py:540} INFO - Filling up the DagBag from /Users/vybhavswaroop/Desktop/untitled folder 3/ecommerce_platform/airflow/dags/airflow_dag.py
[2026-03-18T02:09:02.663+0530] {processor.py:840} INFO - DAG(s) 'ecommerce_pipeline' retrieved from /Users/vybhavswaroop/Desktop/untitled folder 3/ecommerce_platform/airflow/dags/airflow_dag.py
[2026-03-18T02:09:02.718+0530] {logging_mixin.py:188} INFO - [2026-03-18T02:09:02.718+0530] {dag.py:3047} INFO - Sync 1 DAGs
[2026-03-18T02:09:02.726+0530] {logging_mixin.py:188} INFO - [2026-03-18T02:09:02.726+0530] {dag.py:3834} INFO - Setting next_dagrun for ecommerce_pipeline to 2026-03-16 02:00:00+00:00, run_after=2026-03-17 02:00:00+00:00
[2026-03-18T02:09:02.736+0530] {processor.py:183} INFO - Processing /Users/vybhavswaroop/Desktop/untitled folder 3/ecommerce_platform/airflow/dags/airflow_dag.py took 0.094 seconds
[2026-03-18T02:11:22.220+0530] {processor.py:161} INFO - Started process (PID=68221) to work on /Users/vybhavswaroop/Desktop/untitled folder 3/ecommerce_platform/airflow/dags/airflow_dag.py
[2026-03-18T02:11:22.222+0530] {processor.py:830} INFO - Processing file /Users/vybhavswaroop/Desktop/untitled folder 3/ecommerce_platform/airflow/dags/airflow_dag.py for tasks to queue
[2026-03-18T02:11:22.222+0530] {logging_mixin.py:188} INFO - [2026-03-18T02:11:22.222+0530] {dagbag.py:540} INFO - Filling up the DagBag from /Users/vybhavswaroop/Desktop/untitled folder 3/ecommerce_platform/airflow/dags/airflow_dag.py
[2026-03-18T02:11:22.242+0530] {processor.py:840} INFO - DAG(s) 'ecommerce_pipeline' retrieved from /Users/vybhavswaroop/Desktop/untitled folder 3/ecommerce_platform/airflow/dags/airflow_dag.py
[2026-03-18T02:11:22.304+0530] {logging_mixin.py:188} INFO - [2026-03-18T02:11:22.304+0530] {dag.py:3047} INFO - Sync 1 DAGs
[2026-03-18T02:11:22.314+0530] {logging_mixin.py:188} INFO - [2026-03-18T02:11:22.313+0530] {dag.py:3834} INFO - Setting next_dagrun for ecommerce_pipeline to 2026-03-16 02:00:00+00:00, run_after=2026-03-17 02:00:00+00:00
[2026-03-18T02:11:22.325+0530] {processor.py:183} INFO - Processing /Users/vybhavswaroop/Desktop/untitled folder 3/ecommerce_platform/airflow/dags/airflow_dag.py took 0.105 seconds
[2026-03-18T02:13:57.681+0530] {processor.py:161} INFO - Started process (PID=69762) to work on /Users/vybhavswaroop/Desktop/untitled folder 3/ecommerce_platform/airflow/dags/airflow_dag.py
[2026-03-18T02:13:57.683+0530] {processor.py:830} INFO - Processing file /Users/vybhavswaroop/Desktop/untitled folder 3/ecommerce_platform/airflow/dags/airflow_dag.py for tasks to queue
[2026-03-18T02:13:57.683+0530] {logging_mixin.py:188} INFO - [2026-03-18T02:13:57.683+0530] {dagbag.py:540} INFO - Filling up the DagBag from /Users/vybhavswaroop/Desktop/untitled folder 3/ecommerce_platform/airflow/dags/airflow_dag.py
[2026-03-18T02:13:57.706+0530] {processor.py:840} INFO - DAG(s) 'ecommerce_pipeline' retrieved from /Users/vybhavswaroop/Desktop/untitled folder 3/ecommerce_platform/airflow/dags/airflow_dag.py
[2026-03-18T02:13:57.778+0530] {logging_mixin.py:188} INFO - [2026-03-18T02:13:57.778+0530] {dag.py:3047} INFO - Sync 1 DAGs
[2026-03-18T02:13:57.789+0530] {logging_mixin.py:188} INFO - [2026-03-18T02:13:57.789+0530] {dag.py:3834} INFO - Setting next_dagrun for ecommerce_pipeline to 2026-03-16 02:00:00+00:00, run_after=2026-03-17 02:00:00+00:00
[2026-03-18T02:13:57.805+0530] {processor.py:183} INFO - Processing /Users/vybhavswaroop/Desktop/untitled folder 3/ecommerce_platform/airflow/dags/airflow_dag.py took 0.124 seconds
[2026-03-18T02:16:49.140+0530] {processor.py:161} INFO - Started process (PID=71355) to work on /Users/vybhavswaroop/Desktop/untitled folder 3/ecommerce_platform/airflow/dags/airflow_dag.py
[2026-03-18T02:16:49.141+0530] {processor.py:830} INFO - Processing file /Users/vybhavswaroop/Desktop/untitled folder 3/ecommerce_platform/airflow/dags/airflow_dag.py for tasks to queue
[2026-03-18T02:16:49.142+0530] {logging_mixin.py:188} INFO - [2026-03-18T02:16:49.142+0530] {dagbag.py:540} INFO - Filling up the DagBag from /Users/vybhavswaroop/Desktop/untitled folder 3/ecommerce_platform/airflow/dags/airflow_dag.py
[2026-03-18T02:16:49.163+0530] {processor.py:840} INFO - DAG(s) 'ecommerce_pipeline' retrieved from /Users/vybhavswaroop/Desktop/untitled folder 3/ecommerce_platform/airflow/dags/airflow_dag.py
[2026-03-18T02:16:49.233+0530] {logging_mixin.py:188} INFO - [2026-03-18T02:16:49.233+0530] {dag.py:3047} INFO - Sync 1 DAGs
[2026-03-18T02:16:49.244+0530] {logging_mixin.py:188} INFO - [2026-03-18T02:16:49.243+0530] {dag.py:3834} INFO - Setting next_dagrun for ecommerce_pipeline to 2026-03-16 02:00:00+00:00, run_after=2026-03-17 02:00:00+00:00
[2026-03-18T02:16:49.258+0530] {processor.py:183} INFO - Processing /Users/vybhavswaroop/Desktop/untitled folder 3/ecommerce_platform/airflow/dags/airflow_dag.py took 0.119 seconds
[2026-03-18T02:19:36.764+0530] {processor.py:161} INFO - Started process (PID=72916) to work on /Users/vybhavswaroop/Desktop/untitled folder 3/ecommerce_platform/airflow/dags/airflow_dag.py
[2026-03-18T02:19:36.765+0530] {processor.py:830} INFO - Processing file /Users/vybhavswaroop/Desktop/untitled folder 3/ecommerce_platform/airflow/dags/airflow_dag.py for tasks to queue
[2026-03-18T02:19:36.765+0530] {logging_mixin.py:188} INFO - [2026-03-18T02:19:36.765+0530] {dagbag.py:540} INFO - Filling up the DagBag from /Users/vybhavswaroop/Desktop/untitled folder 3/ecommerce_platform/airflow/dags/airflow_dag.py
[2026-03-18T02:19:36.786+0530] {processor.py:840} INFO - DAG(s) 'ecommerce_pipeline' retrieved from /Users/vybhavswaroop/Desktop/untitled folder 3/ecommerce_platform/airflow/dags/airflow_dag.py
[2026-03-18T02:19:36.858+0530] {logging_mixin.py:188} INFO - [2026-03-18T02:19:36.858+0530] {dag.py:3047} INFO - Sync 1 DAGs
[2026-03-18T02:19:36.869+0530] {logging_mixin.py:188} INFO - [2026-03-18T02:19:36.869+0530] {dag.py:3834} INFO - Setting next_dagrun for ecommerce_pipeline to 2026-03-16 02:00:00+00:00, run_after=2026-03-17 02:00:00+00:00
[2026-03-18T02:19:36.885+0530] {processor.py:183} INFO - Processing /Users/vybhavswaroop/Desktop/untitled folder 3/ecommerce_platform/airflow/dags/airflow_dag.py took 0.122 seconds
[2026-03-18T02:22:23.290+0530] {processor.py:161} INFO - Started process (PID=74467) to work on /Users/vybhavswaroop/Desktop/untitled folder 3/ecommerce_platform/airflow/dags/airflow_dag.py
[2026-03-18T02:22:23.291+0530] {processor.py:830} INFO - Processing file /Users/vybhavswaroop/Desktop/untitled folder 3/ecommerce_platform/airflow/dags/airflow_dag.py for tasks to queue
[2026-03-18T02:22:23.292+0530] {logging_mixin.py:188} INFO - [2026-03-18T02:22:23.291+0530] {dagbag.py:540} INFO - Filling up the DagBag from /Users/vybhavswaroop/Desktop/untitled folder 3/ecommerce_platform/airflow/dags/airflow_dag.py
[2026-03-18T02:22:23.313+0530] {processor.py:840} INFO - DAG(s) 'ecommerce_pipeline' retrieved from /Users/vybhavswaroop/Desktop/untitled folder 3/ecommerce_platform/airflow/dags/airflow_dag.py
[2026-03-18T02:22:23.387+0530] {logging_mixin.py:188} INFO - [2026-03-18T02:22:23.386+0530] {dag.py:3047} INFO - Sync 1 DAGs
[2026-03-18T02:22:23.397+0530] {logging_mixin.py:188} INFO - [2026-03-18T02:22:23.397+0530] {dag.py:3834} INFO - Setting next_dagrun for ecommerce_pipeline to 2026-03-16 02:00:00+00:00, run_after=2026-03-17 02:00:00+00:00
[2026-03-18T02:22:23.411+0530] {processor.py:183} INFO - Processing /Users/vybhavswaroop/Desktop/untitled folder 3/ecommerce_platform/airflow/dags/airflow_dag.py took 0.122 seconds
[2026-03-18T02:25:09.909+0530] {processor.py:161} INFO - Started process (PID=76035) to work on /Users/vybhavswaroop/Desktop/untitled folder 3/ecommerce_platform/airflow/dags/airflow_dag.py
[2026-03-18T02:25:09.911+0530] {processor.py:830} INFO - Processing file /Users/vybhavswaroop/Desktop/untitled folder 3/ecommerce_platform/airflow/dags/airflow_dag.py for tasks to queue
[2026-03-18T02:25:09.912+0530] {logging_mixin.py:188} INFO - [2026-03-18T02:25:09.911+0530] {dagbag.py:540} INFO - Filling up the DagBag from /Users/vybhavswaroop/Desktop/untitled folder 3/ecommerce_platform/airflow/dags/airflow_dag.py
[2026-03-18T02:25:09.934+0530] {processor.py:840} INFO - DAG(s) 'ecommerce_pipeline' retrieved from /Users/vybhavswaroop/Desktop/untitled folder 3/ecommerce_platform/airflow/dags/airflow_dag.py
[2026-03-18T02:25:10.008+0530] {logging_mixin.py:188} INFO - [2026-03-18T02:25:10.008+0530] {dag.py:3047} INFO - Sync 1 DAGs
[2026-03-18T02:25:10.019+0530] {logging_mixin.py:188} INFO - [2026-03-18T02:25:10.019+0530] {dag.py:3834} INFO - Setting next_dagrun for ecommerce_pipeline to 2026-03-16 02:00:00+00:00, run_after=2026-03-17 02:00:00+00:00
[2026-03-18T02:25:10.032+0530] {processor.py:183} INFO - Processing /Users/vybhavswaroop/Desktop/untitled folder 3/ecommerce_platform/airflow/dags/airflow_dag.py took 0.123 seconds
[2026-03-18T02:27:55.138+0530] {processor.py:161} INFO - Started process (PID=77595) to work on /Users/vybhavswaroop/Desktop/untitled folder 3/ecommerce_platform/airflow/dags/airflow_dag.py
[2026-03-18T02:27:55.140+0530] {processor.py:830} INFO - Processing file /Users/vybhavswaroop/Desktop/untitled folder 3/ecommerce_platform/airflow/dags/airflow_dag.py for tasks to queue
[2026-03-18T02:27:55.140+0530] {logging_mixin.py:188} INFO - [2026-03-18T02:27:55.140+0530] {dagbag.py:540} INFO - Filling up the DagBag from /Users/vybhavswaroop/Desktop/untitled folder 3/ecommerce_platform/airflow/dags/airflow_dag.py
[2026-03-18T02:27:55.162+0530] {processor.py:840} INFO - DAG(s) 'ecommerce_pipeline' retrieved from /Users/vybhavswaroop/Desktop/untitled folder 3/ecommerce_platform/airflow/dags/airflow_dag.py
[2026-03-18T02:27:55.237+0530] {logging_mixin.py:188} INFO - [2026-03-18T02:27:55.237+0530] {dag.py:3047} INFO - Sync 1 DAGs
[2026-03-18T02:27:55.249+0530] {logging_mixin.py:188} INFO - [2026-03-18T02:27:55.249+0530] {dag.py:3834} INFO - Setting next_dagrun for ecommerce_pipeline to 2026-03-16 02:00:00+00:00, run_after=2026-03-17 02:00:00+00:00
[2026-03-18T02:27:55.263+0530] {processor.py:183} INFO - Processing /Users/vybhavswaroop/Desktop/untitled folder 3/ecommerce_platform/airflow/dags/airflow_dag.py took 0.126 seconds
[2026-03-18T02:30:39.546+0530] {processor.py:161} INFO - Started process (PID=79176) to work on /Users/vybhavswaroop/Desktop/untitled folder 3/ecommerce_platform/airflow/dags/airflow_dag.py
[2026-03-18T02:30:39.548+0530] {processor.py:830} INFO - Processing file /Users/vybhavswaroop/Desktop/untitled folder 3/ecommerce_platform/airflow/dags/airflow_dag.py for tasks to queue
[2026-03-18T02:30:39.549+0530] {logging_mixin.py:188} INFO - [2026-03-18T02:30:39.549+0530] {dagbag.py:540} INFO - Filling up the DagBag from /Users/vybhavswaroop/Desktop/untitled folder 3/ecommerce_platform/airflow/dags/airflow_dag.py
[2026-03-18T02:30:39.572+0530] {processor.py:840} INFO - DAG(s) 'ecommerce_pipeline' retrieved from /Users/vybhavswaroop/Desktop/untitled folder 3/ecommerce_platform/airflow/dags/airflow_dag.py
[2026-03-18T02:30:39.656+0530] {logging_mixin.py:188} INFO - [2026-03-18T02:30:39.655+0530] {dag.py:3047} INFO - Sync 1 DAGs
[2026-03-18T02:30:39.668+0530] {logging_mixin.py:188} INFO - [2026-03-18T02:30:39.668+0530] {dag.py:3834} INFO - Setting next_dagrun for ecommerce_pipeline to 2026-03-16 02:00:00+00:00, run_after=2026-03-17 02:00:00+00:00
[2026-03-18T02:30:39.683+0530] {processor.py:183} INFO - Processing /Users/vybhavswaroop/Desktop/untitled folder 3/ecommerce_platform/airflow/dags/airflow_dag.py took 0.138 seconds
[2026-03-18T02:33:22.769+0530] {processor.py:161} INFO - Started process (PID=80760) to work on /Users/vybhavswaroop/Desktop/untitled folder 3/ecommerce_platform/airflow/dags/airflow_dag.py
[2026-03-18T02:33:22.771+0530] {processor.py:830} INFO - Processing file /Users/vybhavswaroop/Desktop/untitled folder 3/ecommerce_platform/airflow/dags/airflow_dag.py for tasks to queue
[2026-03-18T02:33:22.772+0530] {logging_mixin.py:188} INFO - [2026-03-18T02:33:22.771+0530] {dagbag.py:540} INFO - Filling up the DagBag from /Users/vybhavswaroop/Desktop/untitled folder 3/ecommerce_platform/airflow/dags/airflow_dag.py
[2026-03-18T02:33:22.793+0530] {processor.py:840} INFO - DAG(s) 'ecommerce_pipeline' retrieved from /Users/vybhavswaroop/Desktop/untitled folder 3/ecommerce_platform/airflow/dags/airflow_dag.py
[2026-03-18T02:33:22.861+0530] {logging_mixin.py:188} INFO - [2026-03-18T02:33:22.861+0530] {dag.py:3047} INFO - Sync 1 DAGs
[2026-03-18T02:33:22.871+0530] {logging_mixin.py:188} INFO - [2026-03-18T02:33:22.871+0530] {dag.py:3834} INFO - Setting next_dagrun for ecommerce_pipeline to 2026-03-16 02:00:00+00:00, run_after=2026-03-17 02:00:00+00:00
[2026-03-18T02:33:22.883+0530] {processor.py:183} INFO - Processing /Users/vybhavswaroop/Desktop/untitled folder 3/ecommerce_platform/airflow/dags/airflow_dag.py took 0.115 seconds
[2026-03-18T02:36:05.405+0530] {processor.py:161} INFO - Started process (PID=82315) to work on /Users/vybhavswaroop/Desktop/untitled folder 3/ecommerce_platform/airflow/dags/airflow_dag.py
[2026-03-18T02:36:05.407+0530] {processor.py:830} INFO - Processing file /Users/vybhavswaroop/Desktop/untitled folder 3/ecommerce_platform/airflow/dags/airflow_dag.py for tasks to queue
[2026-03-18T02:36:05.407+0530] {logging_mixin.py:188} INFO - [2026-03-18T02:36:05.407+0530] {dagbag.py:540} INFO - Filling up the DagBag from /Users/vybhavswaroop/Desktop/untitled folder 3/ecommerce_platform/airflow/dags/airflow_dag.py
[2026-03-18T02:36:05.427+0530] {processor.py:840} INFO - DAG(s) 'ecommerce_pipeline' retrieved from /Users/vybhavswaroop/Desktop/untitled folder 3/ecommerce_platform/airflow/dags/airflow_dag.py
[2026-03-18T02:36:05.495+0530] {logging_mixin.py:188} INFO - [2026-03-18T02:36:05.495+0530] {dag.py:3047} INFO - Sync 1 DAGs
[2026-03-18T02:36:05.507+0530] {logging_mixin.py:188} INFO - [2026-03-18T02:36:05.507+0530] {dag.py:3834} INFO - Setting next_dagrun for ecommerce_pipeline to 2026-03-16 02:00:00+00:00, run_after=2026-03-17 02:00:00+00:00
[2026-03-18T02:36:05.521+0530] {processor.py:183} INFO - Processing /Users/vybhavswaroop/Desktop/untitled folder 3/ecommerce_platform/airflow/dags/airflow_dag.py took 0.117 seconds
[2026-03-18T02:38:47.494+0530] {processor.py:161} INFO - Started process (PID=83874) to work on /Users/vybhavswaroop/Desktop/untitled folder 3/ecommerce_platform/airflow/dags/airflow_dag.py
[2026-03-18T02:38:47.497+0530] {processor.py:830} INFO - Processing file /Users/vybhavswaroop/Desktop/untitled folder 3/ecommerce_platform/airflow/dags/airflow_dag.py for tasks to queue
[2026-03-18T02:38:47.497+0530] {logging_mixin.py:188} INFO - [2026-03-18T02:38:47.497+0530] {dagbag.py:540} INFO - Filling up the DagBag from /Users/vybhavswaroop/Desktop/untitled folder 3/ecommerce_platform/airflow/dags/airflow_dag.py
[2026-03-18T02:38:47.517+0530] {processor.py:840} INFO - DAG(s) 'ecommerce_pipeline' retrieved from /Users/vybhavswaroop/Desktop/untitled folder 3/ecommerce_platform/airflow/dags/airflow_dag.py
[2026-03-18T02:38:47.587+0530] {logging_mixin.py:188} INFO - [2026-03-18T02:38:47.587+0530] {dag.py:3047} INFO - Sync 1 DAGs
[2026-03-18T02:38:47.598+0530] {logging_mixin.py:188} INFO - [2026-03-18T02:38:47.598+0530] {dag.py:3834} INFO - Setting next_dagrun for ecommerce_pipeline to 2026-03-16 02:00:00+00:00, run_after=2026-03-17 02:00:00+00:00
[2026-03-18T02:38:47.612+0530] {processor.py:183} INFO - Processing /Users/vybhavswaroop/Desktop/untitled folder 3/ecommerce_platform/airflow/dags/airflow_dag.py took 0.118 seconds
[2026-03-18T02:41:31.089+0530] {processor.py:161} INFO - Started process (PID=85473) to work on /Users/vybhavswaroop/Desktop/untitled folder 3/ecommerce_platform/airflow/dags/airflow_dag.py
[2026-03-18T02:41:31.092+0530] {processor.py:830} INFO - Processing file /Users/vybhavswaroop/Desktop/untitled folder 3/ecommerce_platform/airflow/dags/airflow_dag.py for tasks to queue
[2026-03-18T02:41:31.093+0530] {logging_mixin.py:188} INFO - [2026-03-18T02:41:31.093+0530] {dagbag.py:540} INFO - Filling up the DagBag from /Users/vybhavswaroop/Desktop/untitled folder 3/ecommerce_platform/airflow/dags/airflow_dag.py
[2026-03-18T02:41:31.115+0530] {processor.py:840} INFO - DAG(s) 'ecommerce_pipeline' retrieved from /Users/vybhavswaroop/Desktop/untitled folder 3/ecommerce_platform/airflow/dags/airflow_dag.py
[2026-03-18T02:41:31.186+0530] {logging_mixin.py:188} INFO - [2026-03-18T02:41:31.186+0530] {dag.py:3047} INFO - Sync 1 DAGs
[2026-03-18T02:41:31.197+0530] {logging_mixin.py:188} INFO - [2026-03-18T02:41:31.197+0530] {dag.py:3834} INFO - Setting next_dagrun for ecommerce_pipeline to 2026-03-16 02:00:00+00:00, run_after=2026-03-17 02:00:00+00:00
[2026-03-18T02:41:31.210+0530] {processor.py:183} INFO - Processing /Users/vybhavswaroop/Desktop/untitled folder 3/ecommerce_platform/airflow/dags/airflow_dag.py took 0.121 seconds
[2026-03-18T02:44:07.414+0530] {processor.py:161} INFO - Started process (PID=87045) to work on /Users/vybhavswaroop/Desktop/untitled folder 3/ecommerce_platform/airflow/dags/airflow_dag.py
[2026-03-18T02:44:07.416+0530] {processor.py:830} INFO - Processing file /Users/vybhavswaroop/Desktop/untitled folder 3/ecommerce_platform/airflow/dags/airflow_dag.py for tasks to queue
[2026-03-18T02:44:07.416+0530] {logging_mixin.py:188} INFO - [2026-03-18T02:44:07.416+0530] {dagbag.py:540} INFO - Filling up the DagBag from /Users/vybhavswaroop/Desktop/untitled folder 3/ecommerce_platform/airflow/dags/airflow_dag.py
[2026-03-18T02:44:07.435+0530] {processor.py:840} INFO - DAG(s) 'ecommerce_pipeline' retrieved from /Users/vybhavswaroop/Desktop/untitled folder 3/ecommerce_platform/airflow/dags/airflow_dag.py
[2026-03-18T02:44:07.492+0530] {logging_mixin.py:188} INFO - [2026-03-18T02:44:07.492+0530] {dag.py:3047} INFO - Sync 1 DAGs
[2026-03-18T02:44:07.501+0530] {logging_mixin.py:188} INFO - [2026-03-18T02:44:07.501+0530] {dag.py:3834} INFO - Setting next_dagrun for ecommerce_pipeline to 2026-03-16 02:00:00+00:00, run_after=2026-03-17 02:00:00+00:00
[2026-03-18T02:44:07.512+0530] {processor.py:183} INFO - Processing /Users/vybhavswaroop/Desktop/untitled folder 3/ecommerce_platform/airflow/dags/airflow_dag.py took 0.099 seconds
[2026-03-18T02:46:32.037+0530] {processor.py:161} INFO - Started process (PID=88613) to work on /Users/vybhavswaroop/Desktop/untitled folder 3/ecommerce_platform/airflow/dags/airflow_dag.py
[2026-03-18T02:46:32.041+0530] {processor.py:830} INFO - Processing file /Users/vybhavswaroop/Desktop/untitled folder 3/ecommerce_platform/airflow/dags/airflow_dag.py for tasks to queue
[2026-03-18T02:46:32.041+0530] {logging_mixin.py:188} INFO - [2026-03-18T02:46:32.041+0530] {dagbag.py:540} INFO - Filling up the DagBag from /Users/vybhavswaroop/Desktop/untitled folder 3/ecommerce_platform/airflow/dags/airflow_dag.py
[2026-03-18T02:46:32.062+0530] {processor.py:840} INFO - DAG(s) 'ecommerce_pipeline' retrieved from /Users/vybhavswaroop/Desktop/untitled folder 3/ecommerce_platform/airflow/dags/airflow_dag.py
[2026-03-18T02:46:32.126+0530] {logging_mixin.py:188} INFO - [2026-03-18T02:46:32.126+0530] {dag.py:3047} INFO - Sync 1 DAGs
[2026-03-18T02:46:32.136+0530] {logging_mixin.py:188} INFO - [2026-03-18T02:46:32.136+0530] {dag.py:3834} INFO - Setting next_dagrun for ecommerce_pipeline to 2026-03-16 02:00:00+00:00, run_after=2026-03-17 02:00:00+00:00
[2026-03-18T02:46:32.148+0530] {processor.py:183} INFO - Processing /Users/vybhavswaroop/Desktop/untitled folder 3/ecommerce_platform/airflow/dags/airflow_dag.py took 0.111 seconds
[2026-03-18T02:49:00.282+0530] {processor.py:161} INFO - Started process (PID=90298) to work on /Users/vybhavswaroop/Desktop/untitled folder 3/ecommerce_platform/airflow/dags/airflow_dag.py
[2026-03-18T02:49:00.284+0530] {processor.py:830} INFO - Processing file /Users/vybhavswaroop/Desktop/untitled folder 3/ecommerce_platform/airflow/dags/airflow_dag.py for tasks to queue
[2026-03-18T02:49:00.285+0530] {logging_mixin.py:188} INFO - [2026-03-18T02:49:00.285+0530] {dagbag.py:540} INFO - Filling up the DagBag from /Users/vybhavswaroop/Desktop/untitled folder 3/ecommerce_platform/airflow/dags/airflow_dag.py
[2026-03-18T02:49:00.302+0530] {processor.py:840} INFO - DAG(s) 'ecommerce_pipeline' retrieved from /Users/vybhavswaroop/Desktop/untitled folder 3/ecommerce_platform/airflow/dags/airflow_dag.py
[2026-03-18T02:49:00.357+0530] {logging_mixin.py:188} INFO - [2026-03-18T02:49:00.357+0530] {dag.py:3047} INFO - Sync 1 DAGs
[2026-03-18T02:49:00.365+0530] {logging_mixin.py:188} INFO - [2026-03-18T02:49:00.365+0530] {dag.py:3834} INFO - Setting next_dagrun for ecommerce_pipeline to 2026-03-16 02:00:00+00:00, run_after=2026-03-17 02:00:00+00:00
[2026-03-18T02:49:00.375+0530] {processor.py:183} INFO - Processing /Users/vybhavswaroop/Desktop/untitled folder 3/ecommerce_platform/airflow/dags/airflow_dag.py took 0.093 seconds
[2026-03-18T02:51:18.342+0530] {processor.py:161} INFO - Started process (PID=91947) to work on /Users/vybhavswaroop/Desktop/untitled folder 3/ecommerce_platform/airflow/dags/airflow_dag.py
[2026-03-18T02:51:18.345+0530] {processor.py:830} INFO - Processing file /Users/vybhavswaroop/Desktop/untitled folder 3/ecommerce_platform/airflow/dags/airflow_dag.py for tasks to queue
[2026-03-18T02:51:18.345+0530] {logging_mixin.py:188} INFO - [2026-03-18T02:51:18.345+0530] {dagbag.py:540} INFO - Filling up the DagBag from /Users/vybhavswaroop/Desktop/untitled folder 3/ecommerce_platform/airflow/dags/airflow_dag.py
[2026-03-18T02:51:18.362+0530] {processor.py:840} INFO - DAG(s) 'ecommerce_pipeline' retrieved from /Users/vybhavswaroop/Desktop/untitled folder 3/ecommerce_platform/airflow/dags/airflow_dag.py
[2026-03-18T02:51:18.417+0530] {logging_mixin.py:188} INFO - [2026-03-18T02:51:18.417+0530] {dag.py:3047} INFO - Sync 1 DAGs
[2026-03-18T02:51:18.426+0530] {logging_mixin.py:188} INFO - [2026-03-18T02:51:18.425+0530] {dag.py:3834} INFO - Setting next_dagrun for ecommerce_pipeline to 2026-03-16 02:00:00+00:00, run_after=2026-03-17 02:00:00+00:00
[2026-03-18T02:51:18.436+0530] {processor.py:183} INFO - Processing /Users/vybhavswaroop/Desktop/untitled folder 3/ecommerce_platform/airflow/dags/airflow_dag.py took 0.094 seconds
[2026-03-18T02:53:33.545+0530] {processor.py:161} INFO - Started process (PID=93621) to work on /Users/vybhavswaroop/Desktop/untitled folder 3/ecommerce_platform/airflow/dags/airflow_dag.py
[2026-03-18T02:53:33.548+0530] {processor.py:830} INFO - Processing file /Users/vybhavswaroop/Desktop/untitled folder 3/ecommerce_platform/airflow/dags/airflow_dag.py for tasks to queue
[2026-03-18T02:53:33.548+0530] {logging_mixin.py:188} INFO - [2026-03-18T02:53:33.548+0530] {dagbag.py:540} INFO - Filling up the DagBag from /Users/vybhavswaroop/Desktop/untitled folder 3/ecommerce_platform/airflow/dags/airflow_dag.py
[2026-03-18T02:53:33.564+0530] {processor.py:840} INFO - DAG(s) 'ecommerce_pipeline' retrieved from /Users/vybhavswaroop/Desktop/untitled folder 3/ecommerce_platform/airflow/dags/airflow_dag.py
[2026-03-18T02:53:33.623+0530] {logging_mixin.py:188} INFO - [2026-03-18T02:53:33.622+0530] {dag.py:3047} INFO - Sync 1 DAGs
[2026-03-18T02:53:33.632+0530] {logging_mixin.py:188} INFO - [2026-03-18T02:53:33.632+0530] {dag.py:3834} INFO - Setting next_dagrun for ecommerce_pipeline to 2026-03-16 02:00:00+00:00, run_after=2026-03-17 02:00:00+00:00
[2026-03-18T02:53:33.644+0530] {processor.py:183} INFO - Processing /Users/vybhavswaroop/Desktop/untitled folder 3/ecommerce_platform/airflow/dags/airflow_dag.py took 0.099 seconds
[2026-03-18T02:55:53.380+0530] {processor.py:161} INFO - Started process (PID=95211) to work on /Users/vybhavswaroop/Desktop/untitled folder 3/ecommerce_platform/airflow/dags/airflow_dag.py
[2026-03-18T02:55:53.383+0530] {processor.py:830} INFO - Processing file /Users/vybhavswaroop/Desktop/untitled folder 3/ecommerce_platform/airflow/dags/airflow_dag.py for tasks to queue
[2026-03-18T02:55:53.384+0530] {logging_mixin.py:188} INFO - [2026-03-18T02:55:53.383+0530] {dagbag.py:540} INFO - Filling up the DagBag from /Users/vybhavswaroop/Desktop/untitled folder 3/ecommerce_platform/airflow/dags/airflow_dag.py
[2026-03-18T02:55:53.399+0530] {processor.py:840} INFO - DAG(s) 'ecommerce_pipeline' retrieved from /Users/vybhavswaroop/Desktop/untitled folder 3/ecommerce_platform/airflow/dags/airflow_dag.py
[2026-03-18T02:55:53.447+0530] {logging_mixin.py:188} INFO - [2026-03-18T02:55:53.447+0530] {dag.py:3047} INFO - Sync 1 DAGs
[2026-03-18T02:55:53.455+0530] {logging_mixin.py:188} INFO - [2026-03-18T02:55:53.454+0530] {dag.py:3834} INFO - Setting next_dagrun for ecommerce_pipeline to 2026-03-16 02:00:00+00:00, run_after=2026-03-17 02:00:00+00:00
[2026-03-18T02:55:53.463+0530] {processor.py:183} INFO - Processing /Users/vybhavswaroop/Desktop/untitled folder 3/ecommerce_platform/airflow/dags/airflow_dag.py took 0.084 seconds
[2026-03-18T05:23:03.964+0530] {processor.py:161} INFO - Started process (PID=96845) to work on /Users/vybhavswaroop/Desktop/untitled folder 3/ecommerce_platform/airflow/dags/airflow_dag.py
[2026-03-18T05:23:03.967+0530] {processor.py:830} INFO - Processing file /Users/vybhavswaroop/Desktop/untitled folder 3/ecommerce_platform/airflow/dags/airflow_dag.py for tasks to queue
[2026-03-18T05:23:03.967+0530] {logging_mixin.py:188} INFO - [2026-03-18T05:23:03.967+0530] {dagbag.py:540} INFO - Filling up the DagBag from /Users/vybhavswaroop/Desktop/untitled folder 3/ecommerce_platform/airflow/dags/airflow_dag.py
[2026-03-18T05:23:03.979+0530] {processor.py:840} INFO - DAG(s) 'ecommerce_pipeline' retrieved from /Users/vybhavswaroop/Desktop/untitled folder 3/ecommerce_platform/airflow/dags/airflow_dag.py
[2026-03-18T05:23:04.020+0530] {logging_mixin.py:188} INFO - [2026-03-18T05:23:04.019+0530] {dag.py:3047} INFO - Sync 1 DAGs
[2026-03-18T05:23:04.026+0530] {logging_mixin.py:188} INFO - [2026-03-18T05:23:04.025+0530] {dag.py:3834} INFO - Setting next_dagrun for ecommerce_pipeline to 2026-03-16 02:00:00+00:00, run_after=2026-03-17 02:00:00+00:00
[2026-03-18T05:23:04.033+0530] {processor.py:183} INFO - Processing /Users/vybhavswaroop/Desktop/untitled folder 3/ecommerce_platform/airflow/dags/airflow_dag.py took 0.069 seconds
