[2026-03-18T00:02:14.924+0530] {processor.py:161} INFO - Started process (PID=88072) to work on /Users/vybhavswaroop/Desktop/untitled folder 3/ecommerce_platform/venv/lib/python3.11/site-packages/airflow/example_dags/example_nested_branch_dag.py
[2026-03-18T00:02:14.924+0530] {processor.py:830} INFO - Processing file /Users/vybhavswaroop/Desktop/untitled folder 3/ecommerce_platform/venv/lib/python3.11/site-packages/airflow/example_dags/example_nested_branch_dag.py for tasks to queue
[2026-03-18T00:02:14.925+0530] {logging_mixin.py:188} INFO - [2026-03-18T00:02:14.924+0530] {dagbag.py:540} INFO - Filling up the DagBag from /Users/vybhavswaroop/Desktop/untitled folder 3/ecommerce_platform/venv/lib/python3.11/site-packages/airflow/example_dags/example_nested_branch_dag.py
[2026-03-18T00:02:14.940+0530] {processor.py:840} INFO - DAG(s) 'example_nested_branch_dag' retrieved from /Users/vybhavswaroop/Desktop/untitled folder 3/ecommerce_platform/venv/lib/python3.11/site-packages/airflow/example_dags/example_nested_branch_dag.py
[2026-03-18T00:02:15.010+0530] {logging_mixin.py:188} INFO - [2026-03-18T00:02:15.010+0530] {override.py:1769} INFO - Created Permission View: can edit on DAG:example_nested_branch_dag
[2026-03-18T00:02:15.014+0530] {logging_mixin.py:188} INFO - [2026-03-18T00:02:15.014+0530] {override.py:1769} INFO - Created Permission View: can delete on DAG:example_nested_branch_dag
[2026-03-18T00:02:15.015+0530] {logging_mixin.py:188} INFO - [2026-03-18T00:02:15.015+0530] {override.py:1769} INFO - Created Permission View: can read on DAG:example_nested_branch_dag
[2026-03-18T00:02:15.016+0530] {logging_mixin.py:188} INFO - [2026-03-18T00:02:15.016+0530] {dag.py:3047} INFO - Sync 1 DAGs
[2026-03-18T00:02:15.019+0530] {logging_mixin.py:188} INFO - [2026-03-18T00:02:15.019+0530] {dag.py:3069} INFO - Creating ORM DAG for example_nested_branch_dag
[2026-03-18T00:02:15.022+0530] {logging_mixin.py:188} INFO - [2026-03-18T00:02:15.022+0530] {dag.py:3834} INFO - Setting next_dagrun for example_nested_branch_dag to 2026-03-16 00:00:00+00:00, run_after=2026-03-17 00:00:00+00:00
[2026-03-18T00:02:15.028+0530] {processor.py:183} INFO - Processing /Users/vybhavswaroop/Desktop/untitled folder 3/ecommerce_platform/venv/lib/python3.11/site-packages/airflow/example_dags/example_nested_branch_dag.py took 0.104 seconds
[2026-03-18T00:04:29.533+0530] {processor.py:161} INFO - Started process (PID=90113) to work on /Users/vybhavswaroop/Desktop/untitled folder 3/ecommerce_platform/venv/lib/python3.11/site-packages/airflow/example_dags/example_nested_branch_dag.py
[2026-03-18T00:04:29.534+0530] {processor.py:830} INFO - Processing file /Users/vybhavswaroop/Desktop/untitled folder 3/ecommerce_platform/venv/lib/python3.11/site-packages/airflow/example_dags/example_nested_branch_dag.py for tasks to queue
[2026-03-18T00:04:29.535+0530] {logging_mixin.py:188} INFO - [2026-03-18T00:04:29.534+0530] {dagbag.py:540} INFO - Filling up the DagBag from /Users/vybhavswaroop/Desktop/untitled folder 3/ecommerce_platform/venv/lib/python3.11/site-packages/airflow/example_dags/example_nested_branch_dag.py
[2026-03-18T00:04:29.549+0530] {processor.py:840} INFO - DAG(s) 'example_nested_branch_dag' retrieved from /Users/vybhavswaroop/Desktop/untitled folder 3/ecommerce_platform/venv/lib/python3.11/site-packages/airflow/example_dags/example_nested_branch_dag.py
[2026-03-18T00:04:29.590+0530] {logging_mixin.py:188} INFO - [2026-03-18T00:04:29.590+0530] {dag.py:3047} INFO - Sync 1 DAGs
[2026-03-18T00:04:29.596+0530] {logging_mixin.py:188} INFO - [2026-03-18T00:04:29.596+0530] {dag.py:3834} INFO - Setting next_dagrun for example_nested_branch_dag to 2026-03-16 00:00:00+00:00, run_after=2026-03-17 00:00:00+00:00
[2026-03-18T00:04:29.604+0530] {processor.py:183} INFO - Processing /Users/vybhavswaroop/Desktop/untitled folder 3/ecommerce_platform/venv/lib/python3.11/site-packages/airflow/example_dags/example_nested_branch_dag.py took 0.071 seconds
[2026-03-18T00:08:11.815+0530] {processor.py:161} INFO - Started process (PID=93320) to work on /Users/vybhavswaroop/Desktop/untitled folder 3/ecommerce_platform/venv/lib/python3.11/site-packages/airflow/example_dags/example_nested_branch_dag.py
[2026-03-18T00:08:11.816+0530] {processor.py:830} INFO - Processing file /Users/vybhavswaroop/Desktop/untitled folder 3/ecommerce_platform/venv/lib/python3.11/site-packages/airflow/example_dags/example_nested_branch_dag.py for tasks to queue
[2026-03-18T00:08:11.817+0530] {logging_mixin.py:188} INFO - [2026-03-18T00:08:11.816+0530] {dagbag.py:540} INFO - Filling up the DagBag from /Users/vybhavswaroop/Desktop/untitled folder 3/ecommerce_platform/venv/lib/python3.11/site-packages/airflow/example_dags/example_nested_branch_dag.py
[2026-03-18T00:08:11.837+0530] {processor.py:840} INFO - DAG(s) 'example_nested_branch_dag' retrieved from /Users/vybhavswaroop/Desktop/untitled folder 3/ecommerce_platform/venv/lib/python3.11/site-packages/airflow/example_dags/example_nested_branch_dag.py
[2026-03-18T00:08:11.890+0530] {logging_mixin.py:188} INFO - [2026-03-18T00:08:11.890+0530] {dag.py:3047} INFO - Sync 1 DAGs
[2026-03-18T00:08:11.898+0530] {logging_mixin.py:188} INFO - [2026-03-18T00:08:11.898+0530] {dag.py:3834} INFO - Setting next_dagrun for example_nested_branch_dag to 2026-03-16 00:00:00+00:00, run_after=2026-03-17 00:00:00+00:00
[2026-03-18T00:08:11.908+0530] {processor.py:183} INFO - Processing /Users/vybhavswaroop/Desktop/untitled folder 3/ecommerce_platform/venv/lib/python3.11/site-packages/airflow/example_dags/example_nested_branch_dag.py took 0.094 seconds
[2026-03-18T00:13:07.549+0530] {processor.py:161} INFO - Started process (PID=96536) to work on /Users/vybhavswaroop/Desktop/untitled folder 3/ecommerce_platform/venv/lib/python3.11/site-packages/airflow/example_dags/example_nested_branch_dag.py
[2026-03-18T00:13:07.550+0530] {processor.py:830} INFO - Processing file /Users/vybhavswaroop/Desktop/untitled folder 3/ecommerce_platform/venv/lib/python3.11/site-packages/airflow/example_dags/example_nested_branch_dag.py for tasks to queue
[2026-03-18T00:13:07.551+0530] {logging_mixin.py:188} INFO - [2026-03-18T00:13:07.550+0530] {dagbag.py:540} INFO - Filling up the DagBag from /Users/vybhavswaroop/Desktop/untitled folder 3/ecommerce_platform/venv/lib/python3.11/site-packages/airflow/example_dags/example_nested_branch_dag.py
[2026-03-18T00:13:07.576+0530] {processor.py:840} INFO - DAG(s) 'example_nested_branch_dag' retrieved from /Users/vybhavswaroop/Desktop/untitled folder 3/ecommerce_platform/venv/lib/python3.11/site-packages/airflow/example_dags/example_nested_branch_dag.py
[2026-03-18T00:13:07.640+0530] {logging_mixin.py:188} INFO - [2026-03-18T00:13:07.640+0530] {dag.py:3047} INFO - Sync 1 DAGs
[2026-03-18T00:13:07.651+0530] {logging_mixin.py:188} INFO - [2026-03-18T00:13:07.651+0530] {dag.py:3834} INFO - Setting next_dagrun for example_nested_branch_dag to 2026-03-16 00:00:00+00:00, run_after=2026-03-17 00:00:00+00:00
[2026-03-18T00:13:07.665+0530] {processor.py:183} INFO - Processing /Users/vybhavswaroop/Desktop/untitled folder 3/ecommerce_platform/venv/lib/python3.11/site-packages/airflow/example_dags/example_nested_branch_dag.py took 0.116 seconds
[2026-03-18T00:15:48.361+0530] {processor.py:161} INFO - Started process (PID=98142) to work on /Users/vybhavswaroop/Desktop/untitled folder 3/ecommerce_platform/venv/lib/python3.11/site-packages/airflow/example_dags/example_nested_branch_dag.py
[2026-03-18T00:15:48.362+0530] {processor.py:830} INFO - Processing file /Users/vybhavswaroop/Desktop/untitled folder 3/ecommerce_platform/venv/lib/python3.11/site-packages/airflow/example_dags/example_nested_branch_dag.py for tasks to queue
[2026-03-18T00:15:48.363+0530] {logging_mixin.py:188} INFO - [2026-03-18T00:15:48.363+0530] {dagbag.py:540} INFO - Filling up the DagBag from /Users/vybhavswaroop/Desktop/untitled folder 3/ecommerce_platform/venv/lib/python3.11/site-packages/airflow/example_dags/example_nested_branch_dag.py
[2026-03-18T00:15:48.387+0530] {processor.py:840} INFO - DAG(s) 'example_nested_branch_dag' retrieved from /Users/vybhavswaroop/Desktop/untitled folder 3/ecommerce_platform/venv/lib/python3.11/site-packages/airflow/example_dags/example_nested_branch_dag.py
[2026-03-18T00:15:48.450+0530] {logging_mixin.py:188} INFO - [2026-03-18T00:15:48.450+0530] {dag.py:3047} INFO - Sync 1 DAGs
[2026-03-18T00:15:48.460+0530] {logging_mixin.py:188} INFO - [2026-03-18T00:15:48.460+0530] {dag.py:3834} INFO - Setting next_dagrun for example_nested_branch_dag to 2026-03-16 00:00:00+00:00, run_after=2026-03-17 00:00:00+00:00
[2026-03-18T00:15:48.473+0530] {processor.py:183} INFO - Processing /Users/vybhavswaroop/Desktop/untitled folder 3/ecommerce_platform/venv/lib/python3.11/site-packages/airflow/example_dags/example_nested_branch_dag.py took 0.113 seconds
[2026-03-18T00:18:20.605+0530] {processor.py:161} INFO - Started process (PID=99783) to work on /Users/vybhavswaroop/Desktop/untitled folder 3/ecommerce_platform/venv/lib/python3.11/site-packages/airflow/example_dags/example_nested_branch_dag.py
[2026-03-18T00:18:20.608+0530] {processor.py:830} INFO - Processing file /Users/vybhavswaroop/Desktop/untitled folder 3/ecommerce_platform/venv/lib/python3.11/site-packages/airflow/example_dags/example_nested_branch_dag.py for tasks to queue
[2026-03-18T00:18:20.608+0530] {logging_mixin.py:188} INFO - [2026-03-18T00:18:20.608+0530] {dagbag.py:540} INFO - Filling up the DagBag from /Users/vybhavswaroop/Desktop/untitled folder 3/ecommerce_platform/venv/lib/python3.11/site-packages/airflow/example_dags/example_nested_branch_dag.py
[2026-03-18T00:18:20.637+0530] {processor.py:840} INFO - DAG(s) 'example_nested_branch_dag' retrieved from /Users/vybhavswaroop/Desktop/untitled folder 3/ecommerce_platform/venv/lib/python3.11/site-packages/airflow/example_dags/example_nested_branch_dag.py
[2026-03-18T00:18:20.715+0530] {logging_mixin.py:188} INFO - [2026-03-18T00:18:20.714+0530] {dag.py:3047} INFO - Sync 1 DAGs
[2026-03-18T00:18:20.726+0530] {logging_mixin.py:188} INFO - [2026-03-18T00:18:20.726+0530] {dag.py:3834} INFO - Setting next_dagrun for example_nested_branch_dag to 2026-03-16 00:00:00+00:00, run_after=2026-03-17 00:00:00+00:00
[2026-03-18T00:18:20.740+0530] {processor.py:183} INFO - Processing /Users/vybhavswaroop/Desktop/untitled folder 3/ecommerce_platform/venv/lib/python3.11/site-packages/airflow/example_dags/example_nested_branch_dag.py took 0.135 seconds
[2026-03-18T00:20:58.932+0530] {processor.py:161} INFO - Started process (PID=1999) to work on /Users/vybhavswaroop/Desktop/untitled folder 3/ecommerce_platform/venv/lib/python3.11/site-packages/airflow/example_dags/example_nested_branch_dag.py
[2026-03-18T00:20:58.934+0530] {processor.py:830} INFO - Processing file /Users/vybhavswaroop/Desktop/untitled folder 3/ecommerce_platform/venv/lib/python3.11/site-packages/airflow/example_dags/example_nested_branch_dag.py for tasks to queue
[2026-03-18T00:20:58.934+0530] {logging_mixin.py:188} INFO - [2026-03-18T00:20:58.934+0530] {dagbag.py:540} INFO - Filling up the DagBag from /Users/vybhavswaroop/Desktop/untitled folder 3/ecommerce_platform/venv/lib/python3.11/site-packages/airflow/example_dags/example_nested_branch_dag.py
[2026-03-18T00:20:58.960+0530] {processor.py:840} INFO - DAG(s) 'example_nested_branch_dag' retrieved from /Users/vybhavswaroop/Desktop/untitled folder 3/ecommerce_platform/venv/lib/python3.11/site-packages/airflow/example_dags/example_nested_branch_dag.py
[2026-03-18T00:20:59.023+0530] {logging_mixin.py:188} INFO - [2026-03-18T00:20:59.022+0530] {dag.py:3047} INFO - Sync 1 DAGs
[2026-03-18T00:20:59.032+0530] {logging_mixin.py:188} INFO - [2026-03-18T00:20:59.032+0530] {dag.py:3834} INFO - Setting next_dagrun for example_nested_branch_dag to 2026-03-16 00:00:00+00:00, run_after=2026-03-17 00:00:00+00:00
[2026-03-18T00:20:59.046+0530] {processor.py:183} INFO - Processing /Users/vybhavswaroop/Desktop/untitled folder 3/ecommerce_platform/venv/lib/python3.11/site-packages/airflow/example_dags/example_nested_branch_dag.py took 0.114 seconds
[2026-03-18T00:23:39.211+0530] {processor.py:161} INFO - Started process (PID=3648) to work on /Users/vybhavswaroop/Desktop/untitled folder 3/ecommerce_platform/venv/lib/python3.11/site-packages/airflow/example_dags/example_nested_branch_dag.py
[2026-03-18T00:23:39.213+0530] {processor.py:830} INFO - Processing file /Users/vybhavswaroop/Desktop/untitled folder 3/ecommerce_platform/venv/lib/python3.11/site-packages/airflow/example_dags/example_nested_branch_dag.py for tasks to queue
[2026-03-18T00:23:39.214+0530] {logging_mixin.py:188} INFO - [2026-03-18T00:23:39.213+0530] {dagbag.py:540} INFO - Filling up the DagBag from /Users/vybhavswaroop/Desktop/untitled folder 3/ecommerce_platform/venv/lib/python3.11/site-packages/airflow/example_dags/example_nested_branch_dag.py
[2026-03-18T00:23:39.237+0530] {processor.py:840} INFO - DAG(s) 'example_nested_branch_dag' retrieved from /Users/vybhavswaroop/Desktop/untitled folder 3/ecommerce_platform/venv/lib/python3.11/site-packages/airflow/example_dags/example_nested_branch_dag.py
[2026-03-18T00:23:39.298+0530] {logging_mixin.py:188} INFO - [2026-03-18T00:23:39.298+0530] {dag.py:3047} INFO - Sync 1 DAGs
[2026-03-18T00:23:39.307+0530] {logging_mixin.py:188} INFO - [2026-03-18T00:23:39.307+0530] {dag.py:3834} INFO - Setting next_dagrun for example_nested_branch_dag to 2026-03-16 00:00:00+00:00, run_after=2026-03-17 00:00:00+00:00
[2026-03-18T00:23:39.319+0530] {processor.py:183} INFO - Processing /Users/vybhavswaroop/Desktop/untitled folder 3/ecommerce_platform/venv/lib/python3.11/site-packages/airflow/example_dags/example_nested_branch_dag.py took 0.109 seconds
[2026-03-18T00:26:26.524+0530] {processor.py:161} INFO - Started process (PID=5225) to work on /Users/vybhavswaroop/Desktop/untitled folder 3/ecommerce_platform/venv/lib/python3.11/site-packages/airflow/example_dags/example_nested_branch_dag.py
[2026-03-18T00:26:26.526+0530] {processor.py:830} INFO - Processing file /Users/vybhavswaroop/Desktop/untitled folder 3/ecommerce_platform/venv/lib/python3.11/site-packages/airflow/example_dags/example_nested_branch_dag.py for tasks to queue
[2026-03-18T00:26:26.526+0530] {logging_mixin.py:188} INFO - [2026-03-18T00:26:26.526+0530] {dagbag.py:540} INFO - Filling up the DagBag from /Users/vybhavswaroop/Desktop/untitled folder 3/ecommerce_platform/venv/lib/python3.11/site-packages/airflow/example_dags/example_nested_branch_dag.py
[2026-03-18T00:26:26.551+0530] {processor.py:840} INFO - DAG(s) 'example_nested_branch_dag' retrieved from /Users/vybhavswaroop/Desktop/untitled folder 3/ecommerce_platform/venv/lib/python3.11/site-packages/airflow/example_dags/example_nested_branch_dag.py
[2026-03-18T00:26:26.615+0530] {logging_mixin.py:188} INFO - [2026-03-18T00:26:26.614+0530] {dag.py:3047} INFO - Sync 1 DAGs
[2026-03-18T00:26:26.624+0530] {logging_mixin.py:188} INFO - [2026-03-18T00:26:26.624+0530] {dag.py:3834} INFO - Setting next_dagrun for example_nested_branch_dag to 2026-03-16 00:00:00+00:00, run_after=2026-03-17 00:00:00+00:00
[2026-03-18T00:26:26.636+0530] {processor.py:183} INFO - Processing /Users/vybhavswaroop/Desktop/untitled folder 3/ecommerce_platform/venv/lib/python3.11/site-packages/airflow/example_dags/example_nested_branch_dag.py took 0.113 seconds
[2026-03-18T00:29:19.070+0530] {processor.py:161} INFO - Started process (PID=6767) to work on /Users/vybhavswaroop/Desktop/untitled folder 3/ecommerce_platform/venv/lib/python3.11/site-packages/airflow/example_dags/example_nested_branch_dag.py
[2026-03-18T00:29:19.073+0530] {processor.py:830} INFO - Processing file /Users/vybhavswaroop/Desktop/untitled folder 3/ecommerce_platform/venv/lib/python3.11/site-packages/airflow/example_dags/example_nested_branch_dag.py for tasks to queue
[2026-03-18T00:29:19.074+0530] {logging_mixin.py:188} INFO - [2026-03-18T00:29:19.073+0530] {dagbag.py:540} INFO - Filling up the DagBag from /Users/vybhavswaroop/Desktop/untitled folder 3/ecommerce_platform/venv/lib/python3.11/site-packages/airflow/example_dags/example_nested_branch_dag.py
[2026-03-18T00:29:19.108+0530] {processor.py:840} INFO - DAG(s) 'example_nested_branch_dag' retrieved from /Users/vybhavswaroop/Desktop/untitled folder 3/ecommerce_platform/venv/lib/python3.11/site-packages/airflow/example_dags/example_nested_branch_dag.py
[2026-03-18T00:29:19.206+0530] {logging_mixin.py:188} INFO - [2026-03-18T00:29:19.206+0530] {dag.py:3047} INFO - Sync 1 DAGs
[2026-03-18T00:29:19.221+0530] {logging_mixin.py:188} INFO - [2026-03-18T00:29:19.220+0530] {dag.py:3834} INFO - Setting next_dagrun for example_nested_branch_dag to 2026-03-16 00:00:00+00:00, run_after=2026-03-17 00:00:00+00:00
[2026-03-18T00:29:19.237+0530] {processor.py:183} INFO - Processing /Users/vybhavswaroop/Desktop/untitled folder 3/ecommerce_platform/venv/lib/python3.11/site-packages/airflow/example_dags/example_nested_branch_dag.py took 0.168 seconds
[2026-03-18T00:34:32.113+0530] {processor.py:161} INFO - Started process (PID=9907) to work on /Users/vybhavswaroop/Desktop/untitled folder 3/ecommerce_platform/venv/lib/python3.11/site-packages/airflow/example_dags/example_nested_branch_dag.py
[2026-03-18T00:34:32.114+0530] {processor.py:830} INFO - Processing file /Users/vybhavswaroop/Desktop/untitled folder 3/ecommerce_platform/venv/lib/python3.11/site-packages/airflow/example_dags/example_nested_branch_dag.py for tasks to queue
[2026-03-18T00:34:32.114+0530] {logging_mixin.py:188} INFO - [2026-03-18T00:34:32.114+0530] {dagbag.py:540} INFO - Filling up the DagBag from /Users/vybhavswaroop/Desktop/untitled folder 3/ecommerce_platform/venv/lib/python3.11/site-packages/airflow/example_dags/example_nested_branch_dag.py
[2026-03-18T00:34:32.143+0530] {processor.py:840} INFO - DAG(s) 'example_nested_branch_dag' retrieved from /Users/vybhavswaroop/Desktop/untitled folder 3/ecommerce_platform/venv/lib/python3.11/site-packages/airflow/example_dags/example_nested_branch_dag.py
[2026-03-18T00:34:32.212+0530] {logging_mixin.py:188} INFO - [2026-03-18T00:34:32.211+0530] {dag.py:3047} INFO - Sync 1 DAGs
[2026-03-18T00:34:32.223+0530] {logging_mixin.py:188} INFO - [2026-03-18T00:34:32.223+0530] {dag.py:3834} INFO - Setting next_dagrun for example_nested_branch_dag to 2026-03-16 00:00:00+00:00, run_after=2026-03-17 00:00:00+00:00
[2026-03-18T00:34:32.237+0530] {processor.py:183} INFO - Processing /Users/vybhavswaroop/Desktop/untitled folder 3/ecommerce_platform/venv/lib/python3.11/site-packages/airflow/example_dags/example_nested_branch_dag.py took 0.125 seconds
[2026-03-18T00:37:16.456+0530] {processor.py:161} INFO - Started process (PID=11548) to work on /Users/vybhavswaroop/Desktop/untitled folder 3/ecommerce_platform/venv/lib/python3.11/site-packages/airflow/example_dags/example_nested_branch_dag.py
[2026-03-18T00:37:16.458+0530] {processor.py:830} INFO - Processing file /Users/vybhavswaroop/Desktop/untitled folder 3/ecommerce_platform/venv/lib/python3.11/site-packages/airflow/example_dags/example_nested_branch_dag.py for tasks to queue
[2026-03-18T00:37:16.458+0530] {logging_mixin.py:188} INFO - [2026-03-18T00:37:16.458+0530] {dagbag.py:540} INFO - Filling up the DagBag from /Users/vybhavswaroop/Desktop/untitled folder 3/ecommerce_platform/venv/lib/python3.11/site-packages/airflow/example_dags/example_nested_branch_dag.py
[2026-03-18T00:37:16.485+0530] {processor.py:840} INFO - DAG(s) 'example_nested_branch_dag' retrieved from /Users/vybhavswaroop/Desktop/untitled folder 3/ecommerce_platform/venv/lib/python3.11/site-packages/airflow/example_dags/example_nested_branch_dag.py
[2026-03-18T00:37:16.557+0530] {logging_mixin.py:188} INFO - [2026-03-18T00:37:16.557+0530] {dag.py:3047} INFO - Sync 1 DAGs
[2026-03-18T00:37:16.568+0530] {logging_mixin.py:188} INFO - [2026-03-18T00:37:16.568+0530] {dag.py:3834} INFO - Setting next_dagrun for example_nested_branch_dag to 2026-03-16 00:00:00+00:00, run_after=2026-03-17 00:00:00+00:00
[2026-03-18T00:37:16.581+0530] {processor.py:183} INFO - Processing /Users/vybhavswaroop/Desktop/untitled folder 3/ecommerce_platform/venv/lib/python3.11/site-packages/airflow/example_dags/example_nested_branch_dag.py took 0.125 seconds
[2026-03-18T00:40:00.377+0530] {processor.py:161} INFO - Started process (PID=13144) to work on /Users/vybhavswaroop/Desktop/untitled folder 3/ecommerce_platform/venv/lib/python3.11/site-packages/airflow/example_dags/example_nested_branch_dag.py
[2026-03-18T00:40:00.378+0530] {processor.py:830} INFO - Processing file /Users/vybhavswaroop/Desktop/untitled folder 3/ecommerce_platform/venv/lib/python3.11/site-packages/airflow/example_dags/example_nested_branch_dag.py for tasks to queue
[2026-03-18T00:40:00.379+0530] {logging_mixin.py:188} INFO - [2026-03-18T00:40:00.378+0530] {dagbag.py:540} INFO - Filling up the DagBag from /Users/vybhavswaroop/Desktop/untitled folder 3/ecommerce_platform/venv/lib/python3.11/site-packages/airflow/example_dags/example_nested_branch_dag.py
[2026-03-18T00:40:00.407+0530] {processor.py:840} INFO - DAG(s) 'example_nested_branch_dag' retrieved from /Users/vybhavswaroop/Desktop/untitled folder 3/ecommerce_platform/venv/lib/python3.11/site-packages/airflow/example_dags/example_nested_branch_dag.py
[2026-03-18T00:40:00.479+0530] {logging_mixin.py:188} INFO - [2026-03-18T00:40:00.478+0530] {dag.py:3047} INFO - Sync 1 DAGs
[2026-03-18T00:40:00.490+0530] {logging_mixin.py:188} INFO - [2026-03-18T00:40:00.489+0530] {dag.py:3834} INFO - Setting next_dagrun for example_nested_branch_dag to 2026-03-16 00:00:00+00:00, run_after=2026-03-17 00:00:00+00:00
[2026-03-18T00:40:00.504+0530] {processor.py:183} INFO - Processing /Users/vybhavswaroop/Desktop/untitled folder 3/ecommerce_platform/venv/lib/python3.11/site-packages/airflow/example_dags/example_nested_branch_dag.py took 0.127 seconds
[2026-03-18T00:42:52.226+0530] {processor.py:161} INFO - Started process (PID=14819) to work on /Users/vybhavswaroop/Desktop/untitled folder 3/ecommerce_platform/venv/lib/python3.11/site-packages/airflow/example_dags/example_nested_branch_dag.py
[2026-03-18T00:42:52.230+0530] {processor.py:830} INFO - Processing file /Users/vybhavswaroop/Desktop/untitled folder 3/ecommerce_platform/venv/lib/python3.11/site-packages/airflow/example_dags/example_nested_branch_dag.py for tasks to queue
[2026-03-18T00:42:52.230+0530] {logging_mixin.py:188} INFO - [2026-03-18T00:42:52.230+0530] {dagbag.py:540} INFO - Filling up the DagBag from /Users/vybhavswaroop/Desktop/untitled folder 3/ecommerce_platform/venv/lib/python3.11/site-packages/airflow/example_dags/example_nested_branch_dag.py
[2026-03-18T00:42:52.254+0530] {processor.py:840} INFO - DAG(s) 'example_nested_branch_dag' retrieved from /Users/vybhavswaroop/Desktop/untitled folder 3/ecommerce_platform/venv/lib/python3.11/site-packages/airflow/example_dags/example_nested_branch_dag.py
[2026-03-18T00:42:52.316+0530] {logging_mixin.py:188} INFO - [2026-03-18T00:42:52.315+0530] {dag.py:3047} INFO - Sync 1 DAGs
[2026-03-18T00:42:52.325+0530] {logging_mixin.py:188} INFO - [2026-03-18T00:42:52.325+0530] {dag.py:3834} INFO - Setting next_dagrun for example_nested_branch_dag to 2026-03-16 00:00:00+00:00, run_after=2026-03-17 00:00:00+00:00
[2026-03-18T00:42:52.336+0530] {processor.py:183} INFO - Processing /Users/vybhavswaroop/Desktop/untitled folder 3/ecommerce_platform/venv/lib/python3.11/site-packages/airflow/example_dags/example_nested_branch_dag.py took 0.110 seconds
[2026-03-18T00:45:35.650+0530] {processor.py:161} INFO - Started process (PID=16468) to work on /Users/vybhavswaroop/Desktop/untitled folder 3/ecommerce_platform/venv/lib/python3.11/site-packages/airflow/example_dags/example_nested_branch_dag.py
[2026-03-18T00:45:35.651+0530] {processor.py:830} INFO - Processing file /Users/vybhavswaroop/Desktop/untitled folder 3/ecommerce_platform/venv/lib/python3.11/site-packages/airflow/example_dags/example_nested_branch_dag.py for tasks to queue
[2026-03-18T00:45:35.652+0530] {logging_mixin.py:188} INFO - [2026-03-18T00:45:35.652+0530] {dagbag.py:540} INFO - Filling up the DagBag from /Users/vybhavswaroop/Desktop/untitled folder 3/ecommerce_platform/venv/lib/python3.11/site-packages/airflow/example_dags/example_nested_branch_dag.py
[2026-03-18T00:45:35.677+0530] {processor.py:840} INFO - DAG(s) 'example_nested_branch_dag' retrieved from /Users/vybhavswaroop/Desktop/untitled folder 3/ecommerce_platform/venv/lib/python3.11/site-packages/airflow/example_dags/example_nested_branch_dag.py
[2026-03-18T00:45:35.738+0530] {logging_mixin.py:188} INFO - [2026-03-18T00:45:35.737+0530] {dag.py:3047} INFO - Sync 1 DAGs
[2026-03-18T00:45:35.747+0530] {logging_mixin.py:188} INFO - [2026-03-18T00:45:35.746+0530] {dag.py:3834} INFO - Setting next_dagrun for example_nested_branch_dag to 2026-03-16 00:00:00+00:00, run_after=2026-03-17 00:00:00+00:00
[2026-03-18T00:45:35.758+0530] {processor.py:183} INFO - Processing /Users/vybhavswaroop/Desktop/untitled folder 3/ecommerce_platform/venv/lib/python3.11/site-packages/airflow/example_dags/example_nested_branch_dag.py took 0.109 seconds
[2026-03-18T00:48:17.215+0530] {processor.py:161} INFO - Started process (PID=18109) to work on /Users/vybhavswaroop/Desktop/untitled folder 3/ecommerce_platform/venv/lib/python3.11/site-packages/airflow/example_dags/example_nested_branch_dag.py
[2026-03-18T00:48:17.216+0530] {processor.py:830} INFO - Processing file /Users/vybhavswaroop/Desktop/untitled folder 3/ecommerce_platform/venv/lib/python3.11/site-packages/airflow/example_dags/example_nested_branch_dag.py for tasks to queue
[2026-03-18T00:48:17.217+0530] {logging_mixin.py:188} INFO - [2026-03-18T00:48:17.216+0530] {dagbag.py:540} INFO - Filling up the DagBag from /Users/vybhavswaroop/Desktop/untitled folder 3/ecommerce_platform/venv/lib/python3.11/site-packages/airflow/example_dags/example_nested_branch_dag.py
[2026-03-18T00:48:17.241+0530] {processor.py:840} INFO - DAG(s) 'example_nested_branch_dag' retrieved from /Users/vybhavswaroop/Desktop/untitled folder 3/ecommerce_platform/venv/lib/python3.11/site-packages/airflow/example_dags/example_nested_branch_dag.py
[2026-03-18T00:48:17.305+0530] {logging_mixin.py:188} INFO - [2026-03-18T00:48:17.304+0530] {dag.py:3047} INFO - Sync 1 DAGs
[2026-03-18T00:48:17.315+0530] {logging_mixin.py:188} INFO - [2026-03-18T00:48:17.315+0530] {dag.py:3834} INFO - Setting next_dagrun for example_nested_branch_dag to 2026-03-16 00:00:00+00:00, run_after=2026-03-17 00:00:00+00:00
[2026-03-18T00:48:17.329+0530] {processor.py:183} INFO - Processing /Users/vybhavswaroop/Desktop/untitled folder 3/ecommerce_platform/venv/lib/python3.11/site-packages/airflow/example_dags/example_nested_branch_dag.py took 0.115 seconds
[2026-03-18T00:51:00.832+0530] {processor.py:161} INFO - Started process (PID=19768) to work on /Users/vybhavswaroop/Desktop/untitled folder 3/ecommerce_platform/venv/lib/python3.11/site-packages/airflow/example_dags/example_nested_branch_dag.py
[2026-03-18T00:51:00.833+0530] {processor.py:830} INFO - Processing file /Users/vybhavswaroop/Desktop/untitled folder 3/ecommerce_platform/venv/lib/python3.11/site-packages/airflow/example_dags/example_nested_branch_dag.py for tasks to queue
[2026-03-18T00:51:00.834+0530] {logging_mixin.py:188} INFO - [2026-03-18T00:51:00.833+0530] {dagbag.py:540} INFO - Filling up the DagBag from /Users/vybhavswaroop/Desktop/untitled folder 3/ecommerce_platform/venv/lib/python3.11/site-packages/airflow/example_dags/example_nested_branch_dag.py
[2026-03-18T00:51:00.862+0530] {processor.py:840} INFO - DAG(s) 'example_nested_branch_dag' retrieved from /Users/vybhavswaroop/Desktop/untitled folder 3/ecommerce_platform/venv/lib/python3.11/site-packages/airflow/example_dags/example_nested_branch_dag.py
[2026-03-18T00:51:00.935+0530] {logging_mixin.py:188} INFO - [2026-03-18T00:51:00.934+0530] {dag.py:3047} INFO - Sync 1 DAGs
[2026-03-18T00:51:00.945+0530] {logging_mixin.py:188} INFO - [2026-03-18T00:51:00.945+0530] {dag.py:3834} INFO - Setting next_dagrun for example_nested_branch_dag to 2026-03-16 00:00:00+00:00, run_after=2026-03-17 00:00:00+00:00
[2026-03-18T00:51:00.958+0530] {processor.py:183} INFO - Processing /Users/vybhavswaroop/Desktop/untitled folder 3/ecommerce_platform/venv/lib/python3.11/site-packages/airflow/example_dags/example_nested_branch_dag.py took 0.127 seconds
[2026-03-18T00:53:45.990+0530] {processor.py:161} INFO - Started process (PID=21386) to work on /Users/vybhavswaroop/Desktop/untitled folder 3/ecommerce_platform/venv/lib/python3.11/site-packages/airflow/example_dags/example_nested_branch_dag.py
[2026-03-18T00:53:45.992+0530] {processor.py:830} INFO - Processing file /Users/vybhavswaroop/Desktop/untitled folder 3/ecommerce_platform/venv/lib/python3.11/site-packages/airflow/example_dags/example_nested_branch_dag.py for tasks to queue
[2026-03-18T00:53:45.992+0530] {logging_mixin.py:188} INFO - [2026-03-18T00:53:45.992+0530] {dagbag.py:540} INFO - Filling up the DagBag from /Users/vybhavswaroop/Desktop/untitled folder 3/ecommerce_platform/venv/lib/python3.11/site-packages/airflow/example_dags/example_nested_branch_dag.py
[2026-03-18T00:53:46.021+0530] {processor.py:840} INFO - DAG(s) 'example_nested_branch_dag' retrieved from /Users/vybhavswaroop/Desktop/untitled folder 3/ecommerce_platform/venv/lib/python3.11/site-packages/airflow/example_dags/example_nested_branch_dag.py
[2026-03-18T00:53:46.098+0530] {logging_mixin.py:188} INFO - [2026-03-18T00:53:46.098+0530] {dag.py:3047} INFO - Sync 1 DAGs
[2026-03-18T00:53:46.110+0530] {logging_mixin.py:188} INFO - [2026-03-18T00:53:46.109+0530] {dag.py:3834} INFO - Setting next_dagrun for example_nested_branch_dag to 2026-03-16 00:00:00+00:00, run_after=2026-03-17 00:00:00+00:00
[2026-03-18T00:53:46.125+0530] {processor.py:183} INFO - Processing /Users/vybhavswaroop/Desktop/untitled folder 3/ecommerce_platform/venv/lib/python3.11/site-packages/airflow/example_dags/example_nested_branch_dag.py took 0.136 seconds
[2026-03-18T00:56:28.523+0530] {processor.py:161} INFO - Started process (PID=22996) to work on /Users/vybhavswaroop/Desktop/untitled folder 3/ecommerce_platform/venv/lib/python3.11/site-packages/airflow/example_dags/example_nested_branch_dag.py
[2026-03-18T00:56:28.525+0530] {processor.py:830} INFO - Processing file /Users/vybhavswaroop/Desktop/untitled folder 3/ecommerce_platform/venv/lib/python3.11/site-packages/airflow/example_dags/example_nested_branch_dag.py for tasks to queue
[2026-03-18T00:56:28.525+0530] {logging_mixin.py:188} INFO - [2026-03-18T00:56:28.525+0530] {dagbag.py:540} INFO - Filling up the DagBag from /Users/vybhavswaroop/Desktop/untitled folder 3/ecommerce_platform/venv/lib/python3.11/site-packages/airflow/example_dags/example_nested_branch_dag.py
[2026-03-18T00:56:28.549+0530] {processor.py:840} INFO - DAG(s) 'example_nested_branch_dag' retrieved from /Users/vybhavswaroop/Desktop/untitled folder 3/ecommerce_platform/venv/lib/python3.11/site-packages/airflow/example_dags/example_nested_branch_dag.py
[2026-03-18T00:56:28.616+0530] {logging_mixin.py:188} INFO - [2026-03-18T00:56:28.616+0530] {dag.py:3047} INFO - Sync 1 DAGs
[2026-03-18T00:56:28.627+0530] {logging_mixin.py:188} INFO - [2026-03-18T00:56:28.627+0530] {dag.py:3834} INFO - Setting next_dagrun for example_nested_branch_dag to 2026-03-16 00:00:00+00:00, run_after=2026-03-17 00:00:00+00:00
[2026-03-18T00:56:28.639+0530] {processor.py:183} INFO - Processing /Users/vybhavswaroop/Desktop/untitled folder 3/ecommerce_platform/venv/lib/python3.11/site-packages/airflow/example_dags/example_nested_branch_dag.py took 0.116 seconds
[2026-03-18T01:00:55.402+0530] {processor.py:161} INFO - Started process (PID=26177) to work on /Users/vybhavswaroop/Desktop/untitled folder 3/ecommerce_platform/venv/lib/python3.11/site-packages/airflow/example_dags/example_nested_branch_dag.py
[2026-03-18T01:00:55.404+0530] {processor.py:830} INFO - Processing file /Users/vybhavswaroop/Desktop/untitled folder 3/ecommerce_platform/venv/lib/python3.11/site-packages/airflow/example_dags/example_nested_branch_dag.py for tasks to queue
[2026-03-18T01:00:55.404+0530] {logging_mixin.py:188} INFO - [2026-03-18T01:00:55.404+0530] {dagbag.py:540} INFO - Filling up the DagBag from /Users/vybhavswaroop/Desktop/untitled folder 3/ecommerce_platform/venv/lib/python3.11/site-packages/airflow/example_dags/example_nested_branch_dag.py
[2026-03-18T01:00:55.432+0530] {processor.py:840} INFO - DAG(s) 'example_nested_branch_dag' retrieved from /Users/vybhavswaroop/Desktop/untitled folder 3/ecommerce_platform/venv/lib/python3.11/site-packages/airflow/example_dags/example_nested_branch_dag.py
[2026-03-18T01:00:55.499+0530] {logging_mixin.py:188} INFO - [2026-03-18T01:00:55.499+0530] {dag.py:3047} INFO - Sync 1 DAGs
[2026-03-18T01:00:55.508+0530] {logging_mixin.py:188} INFO - [2026-03-18T01:00:55.508+0530] {dag.py:3834} INFO - Setting next_dagrun for example_nested_branch_dag to 2026-03-16 00:00:00+00:00, run_after=2026-03-17 00:00:00+00:00
[2026-03-18T01:00:55.520+0530] {processor.py:183} INFO - Processing /Users/vybhavswaroop/Desktop/untitled folder 3/ecommerce_platform/venv/lib/python3.11/site-packages/airflow/example_dags/example_nested_branch_dag.py took 0.119 seconds
[2026-03-18T01:04:08.078+0530] {processor.py:161} INFO - Started process (PID=28128) to work on /Users/vybhavswaroop/Desktop/untitled folder 3/ecommerce_platform/venv/lib/python3.11/site-packages/airflow/example_dags/example_nested_branch_dag.py
[2026-03-18T01:04:08.080+0530] {processor.py:830} INFO - Processing file /Users/vybhavswaroop/Desktop/untitled folder 3/ecommerce_platform/venv/lib/python3.11/site-packages/airflow/example_dags/example_nested_branch_dag.py for tasks to queue
[2026-03-18T01:04:08.081+0530] {logging_mixin.py:188} INFO - [2026-03-18T01:04:08.080+0530] {dagbag.py:540} INFO - Filling up the DagBag from /Users/vybhavswaroop/Desktop/untitled folder 3/ecommerce_platform/venv/lib/python3.11/site-packages/airflow/example_dags/example_nested_branch_dag.py
[2026-03-18T01:04:08.108+0530] {processor.py:840} INFO - DAG(s) 'example_nested_branch_dag' retrieved from /Users/vybhavswaroop/Desktop/untitled folder 3/ecommerce_platform/venv/lib/python3.11/site-packages/airflow/example_dags/example_nested_branch_dag.py
[2026-03-18T01:04:08.180+0530] {logging_mixin.py:188} INFO - [2026-03-18T01:04:08.180+0530] {dag.py:3047} INFO - Sync 1 DAGs
[2026-03-18T01:04:08.192+0530] {logging_mixin.py:188} INFO - [2026-03-18T01:04:08.191+0530] {dag.py:3834} INFO - Setting next_dagrun for example_nested_branch_dag to 2026-03-16 00:00:00+00:00, run_after=2026-03-17 00:00:00+00:00
[2026-03-18T01:04:08.206+0530] {processor.py:183} INFO - Processing /Users/vybhavswaroop/Desktop/untitled folder 3/ecommerce_platform/venv/lib/python3.11/site-packages/airflow/example_dags/example_nested_branch_dag.py took 0.129 seconds
[2026-03-18T01:06:51.326+0530] {processor.py:161} INFO - Started process (PID=29738) to work on /Users/vybhavswaroop/Desktop/untitled folder 3/ecommerce_platform/venv/lib/python3.11/site-packages/airflow/example_dags/example_nested_branch_dag.py
[2026-03-18T01:06:51.328+0530] {processor.py:830} INFO - Processing file /Users/vybhavswaroop/Desktop/untitled folder 3/ecommerce_platform/venv/lib/python3.11/site-packages/airflow/example_dags/example_nested_branch_dag.py for tasks to queue
[2026-03-18T01:06:51.328+0530] {logging_mixin.py:188} INFO - [2026-03-18T01:06:51.328+0530] {dagbag.py:540} INFO - Filling up the DagBag from /Users/vybhavswaroop/Desktop/untitled folder 3/ecommerce_platform/venv/lib/python3.11/site-packages/airflow/example_dags/example_nested_branch_dag.py
[2026-03-18T01:06:51.353+0530] {processor.py:840} INFO - DAG(s) 'example_nested_branch_dag' retrieved from /Users/vybhavswaroop/Desktop/untitled folder 3/ecommerce_platform/venv/lib/python3.11/site-packages/airflow/example_dags/example_nested_branch_dag.py
[2026-03-18T01:06:51.418+0530] {logging_mixin.py:188} INFO - [2026-03-18T01:06:51.418+0530] {dag.py:3047} INFO - Sync 1 DAGs
[2026-03-18T01:06:51.428+0530] {logging_mixin.py:188} INFO - [2026-03-18T01:06:51.427+0530] {dag.py:3834} INFO - Setting next_dagrun for example_nested_branch_dag to 2026-03-16 00:00:00+00:00, run_after=2026-03-17 00:00:00+00:00
[2026-03-18T01:06:51.439+0530] {processor.py:183} INFO - Processing /Users/vybhavswaroop/Desktop/untitled folder 3/ecommerce_platform/venv/lib/python3.11/site-packages/airflow/example_dags/example_nested_branch_dag.py took 0.114 seconds
[2026-03-18T01:09:33.333+0530] {processor.py:161} INFO - Started process (PID=31407) to work on /Users/vybhavswaroop/Desktop/untitled folder 3/ecommerce_platform/venv/lib/python3.11/site-packages/airflow/example_dags/example_nested_branch_dag.py
[2026-03-18T01:09:33.335+0530] {processor.py:830} INFO - Processing file /Users/vybhavswaroop/Desktop/untitled folder 3/ecommerce_platform/venv/lib/python3.11/site-packages/airflow/example_dags/example_nested_branch_dag.py for tasks to queue
[2026-03-18T01:09:33.335+0530] {logging_mixin.py:188} INFO - [2026-03-18T01:09:33.335+0530] {dagbag.py:540} INFO - Filling up the DagBag from /Users/vybhavswaroop/Desktop/untitled folder 3/ecommerce_platform/venv/lib/python3.11/site-packages/airflow/example_dags/example_nested_branch_dag.py
[2026-03-18T01:09:33.370+0530] {processor.py:840} INFO - DAG(s) 'example_nested_branch_dag' retrieved from /Users/vybhavswaroop/Desktop/untitled folder 3/ecommerce_platform/venv/lib/python3.11/site-packages/airflow/example_dags/example_nested_branch_dag.py
[2026-03-18T01:09:33.465+0530] {logging_mixin.py:188} INFO - [2026-03-18T01:09:33.465+0530] {dag.py:3047} INFO - Sync 1 DAGs
[2026-03-18T01:09:33.480+0530] {logging_mixin.py:188} INFO - [2026-03-18T01:09:33.479+0530] {dag.py:3834} INFO - Setting next_dagrun for example_nested_branch_dag to 2026-03-16 00:00:00+00:00, run_after=2026-03-17 00:00:00+00:00
[2026-03-18T01:09:33.498+0530] {processor.py:183} INFO - Processing /Users/vybhavswaroop/Desktop/untitled folder 3/ecommerce_platform/venv/lib/python3.11/site-packages/airflow/example_dags/example_nested_branch_dag.py took 0.167 seconds
[2026-03-18T01:12:29.967+0530] {processor.py:161} INFO - Started process (PID=33015) to work on /Users/vybhavswaroop/Desktop/untitled folder 3/ecommerce_platform/venv/lib/python3.11/site-packages/airflow/example_dags/example_nested_branch_dag.py
[2026-03-18T01:12:29.969+0530] {processor.py:830} INFO - Processing file /Users/vybhavswaroop/Desktop/untitled folder 3/ecommerce_platform/venv/lib/python3.11/site-packages/airflow/example_dags/example_nested_branch_dag.py for tasks to queue
[2026-03-18T01:12:29.969+0530] {logging_mixin.py:188} INFO - [2026-03-18T01:12:29.969+0530] {dagbag.py:540} INFO - Filling up the DagBag from /Users/vybhavswaroop/Desktop/untitled folder 3/ecommerce_platform/venv/lib/python3.11/site-packages/airflow/example_dags/example_nested_branch_dag.py
[2026-03-18T01:12:29.992+0530] {processor.py:840} INFO - DAG(s) 'example_nested_branch_dag' retrieved from /Users/vybhavswaroop/Desktop/untitled folder 3/ecommerce_platform/venv/lib/python3.11/site-packages/airflow/example_dags/example_nested_branch_dag.py
[2026-03-18T01:12:30.051+0530] {logging_mixin.py:188} INFO - [2026-03-18T01:12:30.051+0530] {dag.py:3047} INFO - Sync 1 DAGs
[2026-03-18T01:12:30.059+0530] {logging_mixin.py:188} INFO - [2026-03-18T01:12:30.059+0530] {dag.py:3834} INFO - Setting next_dagrun for example_nested_branch_dag to 2026-03-16 00:00:00+00:00, run_after=2026-03-17 00:00:00+00:00
[2026-03-18T01:12:30.070+0530] {processor.py:183} INFO - Processing /Users/vybhavswaroop/Desktop/untitled folder 3/ecommerce_platform/venv/lib/python3.11/site-packages/airflow/example_dags/example_nested_branch_dag.py took 0.103 seconds
[2026-03-18T01:15:11.193+0530] {processor.py:161} INFO - Started process (PID=34677) to work on /Users/vybhavswaroop/Desktop/untitled folder 3/ecommerce_platform/venv/lib/python3.11/site-packages/airflow/example_dags/example_nested_branch_dag.py
[2026-03-18T01:15:11.194+0530] {processor.py:830} INFO - Processing file /Users/vybhavswaroop/Desktop/untitled folder 3/ecommerce_platform/venv/lib/python3.11/site-packages/airflow/example_dags/example_nested_branch_dag.py for tasks to queue
[2026-03-18T01:15:11.195+0530] {logging_mixin.py:188} INFO - [2026-03-18T01:15:11.194+0530] {dagbag.py:540} INFO - Filling up the DagBag from /Users/vybhavswaroop/Desktop/untitled folder 3/ecommerce_platform/venv/lib/python3.11/site-packages/airflow/example_dags/example_nested_branch_dag.py
[2026-03-18T01:15:11.221+0530] {processor.py:840} INFO - DAG(s) 'example_nested_branch_dag' retrieved from /Users/vybhavswaroop/Desktop/untitled folder 3/ecommerce_platform/venv/lib/python3.11/site-packages/airflow/example_dags/example_nested_branch_dag.py
[2026-03-18T01:15:11.284+0530] {logging_mixin.py:188} INFO - [2026-03-18T01:15:11.284+0530] {dag.py:3047} INFO - Sync 1 DAGs
[2026-03-18T01:15:11.294+0530] {logging_mixin.py:188} INFO - [2026-03-18T01:15:11.294+0530] {dag.py:3834} INFO - Setting next_dagrun for example_nested_branch_dag to 2026-03-16 00:00:00+00:00, run_after=2026-03-17 00:00:00+00:00
[2026-03-18T01:15:11.307+0530] {processor.py:183} INFO - Processing /Users/vybhavswaroop/Desktop/untitled folder 3/ecommerce_platform/venv/lib/python3.11/site-packages/airflow/example_dags/example_nested_branch_dag.py took 0.115 seconds
[2026-03-18T01:17:46.644+0530] {processor.py:161} INFO - Started process (PID=36288) to work on /Users/vybhavswaroop/Desktop/untitled folder 3/ecommerce_platform/venv/lib/python3.11/site-packages/airflow/example_dags/example_nested_branch_dag.py
[2026-03-18T01:17:46.646+0530] {processor.py:830} INFO - Processing file /Users/vybhavswaroop/Desktop/untitled folder 3/ecommerce_platform/venv/lib/python3.11/site-packages/airflow/example_dags/example_nested_branch_dag.py for tasks to queue
[2026-03-18T01:17:46.646+0530] {logging_mixin.py:188} INFO - [2026-03-18T01:17:46.646+0530] {dagbag.py:540} INFO - Filling up the DagBag from /Users/vybhavswaroop/Desktop/untitled folder 3/ecommerce_platform/venv/lib/python3.11/site-packages/airflow/example_dags/example_nested_branch_dag.py
[2026-03-18T01:17:46.674+0530] {processor.py:840} INFO - DAG(s) 'example_nested_branch_dag' retrieved from /Users/vybhavswaroop/Desktop/untitled folder 3/ecommerce_platform/venv/lib/python3.11/site-packages/airflow/example_dags/example_nested_branch_dag.py
[2026-03-18T01:17:46.739+0530] {logging_mixin.py:188} INFO - [2026-03-18T01:17:46.738+0530] {dag.py:3047} INFO - Sync 1 DAGs
[2026-03-18T01:17:46.749+0530] {logging_mixin.py:188} INFO - [2026-03-18T01:17:46.748+0530] {dag.py:3834} INFO - Setting next_dagrun for example_nested_branch_dag to 2026-03-16 00:00:00+00:00, run_after=2026-03-17 00:00:00+00:00
[2026-03-18T01:17:46.760+0530] {processor.py:183} INFO - Processing /Users/vybhavswaroop/Desktop/untitled folder 3/ecommerce_platform/venv/lib/python3.11/site-packages/airflow/example_dags/example_nested_branch_dag.py took 0.117 seconds
[2026-03-18T01:20:29.005+0530] {processor.py:161} INFO - Started process (PID=37914) to work on /Users/vybhavswaroop/Desktop/untitled folder 3/ecommerce_platform/venv/lib/python3.11/site-packages/airflow/example_dags/example_nested_branch_dag.py
[2026-03-18T01:20:29.007+0530] {processor.py:830} INFO - Processing file /Users/vybhavswaroop/Desktop/untitled folder 3/ecommerce_platform/venv/lib/python3.11/site-packages/airflow/example_dags/example_nested_branch_dag.py for tasks to queue
[2026-03-18T01:20:29.008+0530] {logging_mixin.py:188} INFO - [2026-03-18T01:20:29.008+0530] {dagbag.py:540} INFO - Filling up the DagBag from /Users/vybhavswaroop/Desktop/untitled folder 3/ecommerce_platform/venv/lib/python3.11/site-packages/airflow/example_dags/example_nested_branch_dag.py
[2026-03-18T01:20:29.033+0530] {processor.py:840} INFO - DAG(s) 'example_nested_branch_dag' retrieved from /Users/vybhavswaroop/Desktop/untitled folder 3/ecommerce_platform/venv/lib/python3.11/site-packages/airflow/example_dags/example_nested_branch_dag.py
[2026-03-18T01:20:29.098+0530] {logging_mixin.py:188} INFO - [2026-03-18T01:20:29.098+0530] {dag.py:3047} INFO - Sync 1 DAGs
[2026-03-18T01:20:29.107+0530] {logging_mixin.py:188} INFO - [2026-03-18T01:20:29.107+0530] {dag.py:3834} INFO - Setting next_dagrun for example_nested_branch_dag to 2026-03-16 00:00:00+00:00, run_after=2026-03-17 00:00:00+00:00
[2026-03-18T01:20:29.118+0530] {processor.py:183} INFO - Processing /Users/vybhavswaroop/Desktop/untitled folder 3/ecommerce_platform/venv/lib/python3.11/site-packages/airflow/example_dags/example_nested_branch_dag.py took 0.114 seconds
[2026-03-18T01:23:02.817+0530] {processor.py:161} INFO - Started process (PID=39546) to work on /Users/vybhavswaroop/Desktop/untitled folder 3/ecommerce_platform/venv/lib/python3.11/site-packages/airflow/example_dags/example_nested_branch_dag.py
[2026-03-18T01:23:02.818+0530] {processor.py:830} INFO - Processing file /Users/vybhavswaroop/Desktop/untitled folder 3/ecommerce_platform/venv/lib/python3.11/site-packages/airflow/example_dags/example_nested_branch_dag.py for tasks to queue
[2026-03-18T01:23:02.819+0530] {logging_mixin.py:188} INFO - [2026-03-18T01:23:02.819+0530] {dagbag.py:540} INFO - Filling up the DagBag from /Users/vybhavswaroop/Desktop/untitled folder 3/ecommerce_platform/venv/lib/python3.11/site-packages/airflow/example_dags/example_nested_branch_dag.py
[2026-03-18T01:23:02.842+0530] {processor.py:840} INFO - DAG(s) 'example_nested_branch_dag' retrieved from /Users/vybhavswaroop/Desktop/untitled folder 3/ecommerce_platform/venv/lib/python3.11/site-packages/airflow/example_dags/example_nested_branch_dag.py
[2026-03-18T01:23:02.905+0530] {logging_mixin.py:188} INFO - [2026-03-18T01:23:02.905+0530] {dag.py:3047} INFO - Sync 1 DAGs
[2026-03-18T01:23:02.913+0530] {logging_mixin.py:188} INFO - [2026-03-18T01:23:02.913+0530] {dag.py:3834} INFO - Setting next_dagrun for example_nested_branch_dag to 2026-03-16 00:00:00+00:00, run_after=2026-03-17 00:00:00+00:00
[2026-03-18T01:23:02.925+0530] {processor.py:183} INFO - Processing /Users/vybhavswaroop/Desktop/untitled folder 3/ecommerce_platform/venv/lib/python3.11/site-packages/airflow/example_dags/example_nested_branch_dag.py took 0.109 seconds
[2026-03-18T01:27:55.192+0530] {processor.py:161} INFO - Started process (PID=42686) to work on /Users/vybhavswaroop/Desktop/untitled folder 3/ecommerce_platform/venv/lib/python3.11/site-packages/airflow/example_dags/example_nested_branch_dag.py
[2026-03-18T01:27:55.193+0530] {processor.py:830} INFO - Processing file /Users/vybhavswaroop/Desktop/untitled folder 3/ecommerce_platform/venv/lib/python3.11/site-packages/airflow/example_dags/example_nested_branch_dag.py for tasks to queue
[2026-03-18T01:27:55.194+0530] {logging_mixin.py:188} INFO - [2026-03-18T01:27:55.194+0530] {dagbag.py:540} INFO - Filling up the DagBag from /Users/vybhavswaroop/Desktop/untitled folder 3/ecommerce_platform/venv/lib/python3.11/site-packages/airflow/example_dags/example_nested_branch_dag.py
[2026-03-18T01:27:55.216+0530] {processor.py:840} INFO - DAG(s) 'example_nested_branch_dag' retrieved from /Users/vybhavswaroop/Desktop/untitled folder 3/ecommerce_platform/venv/lib/python3.11/site-packages/airflow/example_dags/example_nested_branch_dag.py
[2026-03-18T01:27:55.273+0530] {logging_mixin.py:188} INFO - [2026-03-18T01:27:55.273+0530] {dag.py:3047} INFO - Sync 1 DAGs
[2026-03-18T01:27:55.281+0530] {logging_mixin.py:188} INFO - [2026-03-18T01:27:55.281+0530] {dag.py:3834} INFO - Setting next_dagrun for example_nested_branch_dag to 2026-03-16 00:00:00+00:00, run_after=2026-03-17 00:00:00+00:00
[2026-03-18T01:27:55.292+0530] {processor.py:183} INFO - Processing /Users/vybhavswaroop/Desktop/untitled folder 3/ecommerce_platform/venv/lib/python3.11/site-packages/airflow/example_dags/example_nested_branch_dag.py took 0.100 seconds
[2026-03-18T01:30:23.799+0530] {processor.py:161} INFO - Started process (PID=44294) to work on /Users/vybhavswaroop/Desktop/untitled folder 3/ecommerce_platform/venv/lib/python3.11/site-packages/airflow/example_dags/example_nested_branch_dag.py
[2026-03-18T01:30:23.800+0530] {processor.py:830} INFO - Processing file /Users/vybhavswaroop/Desktop/untitled folder 3/ecommerce_platform/venv/lib/python3.11/site-packages/airflow/example_dags/example_nested_branch_dag.py for tasks to queue
[2026-03-18T01:30:23.800+0530] {logging_mixin.py:188} INFO - [2026-03-18T01:30:23.800+0530] {dagbag.py:540} INFO - Filling up the DagBag from /Users/vybhavswaroop/Desktop/untitled folder 3/ecommerce_platform/venv/lib/python3.11/site-packages/airflow/example_dags/example_nested_branch_dag.py
[2026-03-18T01:30:23.825+0530] {processor.py:840} INFO - DAG(s) 'example_nested_branch_dag' retrieved from /Users/vybhavswaroop/Desktop/untitled folder 3/ecommerce_platform/venv/lib/python3.11/site-packages/airflow/example_dags/example_nested_branch_dag.py
[2026-03-18T01:30:23.888+0530] {logging_mixin.py:188} INFO - [2026-03-18T01:30:23.888+0530] {dag.py:3047} INFO - Sync 1 DAGs
[2026-03-18T01:30:23.898+0530] {logging_mixin.py:188} INFO - [2026-03-18T01:30:23.897+0530] {dag.py:3834} INFO - Setting next_dagrun for example_nested_branch_dag to 2026-03-16 00:00:00+00:00, run_after=2026-03-17 00:00:00+00:00
[2026-03-18T01:30:23.909+0530] {processor.py:183} INFO - Processing /Users/vybhavswaroop/Desktop/untitled folder 3/ecommerce_platform/venv/lib/python3.11/site-packages/airflow/example_dags/example_nested_branch_dag.py took 0.110 seconds
[2026-03-18T01:32:55.485+0530] {processor.py:161} INFO - Started process (PID=45848) to work on /Users/vybhavswaroop/Desktop/untitled folder 3/ecommerce_platform/venv/lib/python3.11/site-packages/airflow/example_dags/example_nested_branch_dag.py
[2026-03-18T01:32:55.487+0530] {processor.py:830} INFO - Processing file /Users/vybhavswaroop/Desktop/untitled folder 3/ecommerce_platform/venv/lib/python3.11/site-packages/airflow/example_dags/example_nested_branch_dag.py for tasks to queue
[2026-03-18T01:32:55.487+0530] {logging_mixin.py:188} INFO - [2026-03-18T01:32:55.487+0530] {dagbag.py:540} INFO - Filling up the DagBag from /Users/vybhavswaroop/Desktop/untitled folder 3/ecommerce_platform/venv/lib/python3.11/site-packages/airflow/example_dags/example_nested_branch_dag.py
[2026-03-18T01:32:55.518+0530] {processor.py:840} INFO - DAG(s) 'example_nested_branch_dag' retrieved from /Users/vybhavswaroop/Desktop/untitled folder 3/ecommerce_platform/venv/lib/python3.11/site-packages/airflow/example_dags/example_nested_branch_dag.py
[2026-03-18T01:32:55.603+0530] {logging_mixin.py:188} INFO - [2026-03-18T01:32:55.603+0530] {dag.py:3047} INFO - Sync 1 DAGs
[2026-03-18T01:32:55.616+0530] {logging_mixin.py:188} INFO - [2026-03-18T01:32:55.616+0530] {dag.py:3834} INFO - Setting next_dagrun for example_nested_branch_dag to 2026-03-16 00:00:00+00:00, run_after=2026-03-17 00:00:00+00:00
[2026-03-18T01:32:55.632+0530] {processor.py:183} INFO - Processing /Users/vybhavswaroop/Desktop/untitled folder 3/ecommerce_platform/venv/lib/python3.11/site-packages/airflow/example_dags/example_nested_branch_dag.py took 0.148 seconds
[2026-03-18T01:35:29.021+0530] {processor.py:161} INFO - Started process (PID=47458) to work on /Users/vybhavswaroop/Desktop/untitled folder 3/ecommerce_platform/venv/lib/python3.11/site-packages/airflow/example_dags/example_nested_branch_dag.py
[2026-03-18T01:35:29.023+0530] {processor.py:830} INFO - Processing file /Users/vybhavswaroop/Desktop/untitled folder 3/ecommerce_platform/venv/lib/python3.11/site-packages/airflow/example_dags/example_nested_branch_dag.py for tasks to queue
[2026-03-18T01:35:29.023+0530] {logging_mixin.py:188} INFO - [2026-03-18T01:35:29.023+0530] {dagbag.py:540} INFO - Filling up the DagBag from /Users/vybhavswaroop/Desktop/untitled folder 3/ecommerce_platform/venv/lib/python3.11/site-packages/airflow/example_dags/example_nested_branch_dag.py
[2026-03-18T01:35:29.051+0530] {processor.py:840} INFO - DAG(s) 'example_nested_branch_dag' retrieved from /Users/vybhavswaroop/Desktop/untitled folder 3/ecommerce_platform/venv/lib/python3.11/site-packages/airflow/example_dags/example_nested_branch_dag.py
[2026-03-18T01:35:29.120+0530] {logging_mixin.py:188} INFO - [2026-03-18T01:35:29.119+0530] {dag.py:3047} INFO - Sync 1 DAGs
[2026-03-18T01:35:29.130+0530] {logging_mixin.py:188} INFO - [2026-03-18T01:35:29.130+0530] {dag.py:3834} INFO - Setting next_dagrun for example_nested_branch_dag to 2026-03-16 00:00:00+00:00, run_after=2026-03-17 00:00:00+00:00
[2026-03-18T01:35:29.146+0530] {processor.py:183} INFO - Processing /Users/vybhavswaroop/Desktop/untitled folder 3/ecommerce_platform/venv/lib/python3.11/site-packages/airflow/example_dags/example_nested_branch_dag.py took 0.125 seconds
[2026-03-18T01:40:41.803+0530] {processor.py:161} INFO - Started process (PID=50549) to work on /Users/vybhavswaroop/Desktop/untitled folder 3/ecommerce_platform/venv/lib/python3.11/site-packages/airflow/example_dags/example_nested_branch_dag.py
[2026-03-18T01:40:41.805+0530] {processor.py:830} INFO - Processing file /Users/vybhavswaroop/Desktop/untitled folder 3/ecommerce_platform/venv/lib/python3.11/site-packages/airflow/example_dags/example_nested_branch_dag.py for tasks to queue
[2026-03-18T01:40:41.805+0530] {logging_mixin.py:188} INFO - [2026-03-18T01:40:41.805+0530] {dagbag.py:540} INFO - Filling up the DagBag from /Users/vybhavswaroop/Desktop/untitled folder 3/ecommerce_platform/venv/lib/python3.11/site-packages/airflow/example_dags/example_nested_branch_dag.py
[2026-03-18T01:40:41.838+0530] {processor.py:840} INFO - DAG(s) 'example_nested_branch_dag' retrieved from /Users/vybhavswaroop/Desktop/untitled folder 3/ecommerce_platform/venv/lib/python3.11/site-packages/airflow/example_dags/example_nested_branch_dag.py
[2026-03-18T01:40:41.915+0530] {logging_mixin.py:188} INFO - [2026-03-18T01:40:41.915+0530] {dag.py:3047} INFO - Sync 1 DAGs
[2026-03-18T01:40:41.926+0530] {logging_mixin.py:188} INFO - [2026-03-18T01:40:41.926+0530] {dag.py:3834} INFO - Setting next_dagrun for example_nested_branch_dag to 2026-03-16 00:00:00+00:00, run_after=2026-03-17 00:00:00+00:00
[2026-03-18T01:40:41.941+0530] {processor.py:183} INFO - Processing /Users/vybhavswaroop/Desktop/untitled folder 3/ecommerce_platform/venv/lib/python3.11/site-packages/airflow/example_dags/example_nested_branch_dag.py took 0.139 seconds
[2026-03-18T01:43:35.199+0530] {processor.py:161} INFO - Started process (PID=52117) to work on /Users/vybhavswaroop/Desktop/untitled folder 3/ecommerce_platform/venv/lib/python3.11/site-packages/airflow/example_dags/example_nested_branch_dag.py
[2026-03-18T01:43:35.200+0530] {processor.py:830} INFO - Processing file /Users/vybhavswaroop/Desktop/untitled folder 3/ecommerce_platform/venv/lib/python3.11/site-packages/airflow/example_dags/example_nested_branch_dag.py for tasks to queue
[2026-03-18T01:43:35.200+0530] {logging_mixin.py:188} INFO - [2026-03-18T01:43:35.200+0530] {dagbag.py:540} INFO - Filling up the DagBag from /Users/vybhavswaroop/Desktop/untitled folder 3/ecommerce_platform/venv/lib/python3.11/site-packages/airflow/example_dags/example_nested_branch_dag.py
[2026-03-18T01:43:35.230+0530] {processor.py:840} INFO - DAG(s) 'example_nested_branch_dag' retrieved from /Users/vybhavswaroop/Desktop/untitled folder 3/ecommerce_platform/venv/lib/python3.11/site-packages/airflow/example_dags/example_nested_branch_dag.py
[2026-03-18T01:43:35.302+0530] {logging_mixin.py:188} INFO - [2026-03-18T01:43:35.302+0530] {dag.py:3047} INFO - Sync 1 DAGs
[2026-03-18T01:43:35.315+0530] {logging_mixin.py:188} INFO - [2026-03-18T01:43:35.315+0530] {dag.py:3834} INFO - Setting next_dagrun for example_nested_branch_dag to 2026-03-16 00:00:00+00:00, run_after=2026-03-17 00:00:00+00:00
[2026-03-18T01:43:35.330+0530] {processor.py:183} INFO - Processing /Users/vybhavswaroop/Desktop/untitled folder 3/ecommerce_platform/venv/lib/python3.11/site-packages/airflow/example_dags/example_nested_branch_dag.py took 0.132 seconds
[2026-03-18T01:46:24.985+0530] {processor.py:161} INFO - Started process (PID=53639) to work on /Users/vybhavswaroop/Desktop/untitled folder 3/ecommerce_platform/venv/lib/python3.11/site-packages/airflow/example_dags/example_nested_branch_dag.py
[2026-03-18T01:46:24.986+0530] {processor.py:830} INFO - Processing file /Users/vybhavswaroop/Desktop/untitled folder 3/ecommerce_platform/venv/lib/python3.11/site-packages/airflow/example_dags/example_nested_branch_dag.py for tasks to queue
[2026-03-18T01:46:24.987+0530] {logging_mixin.py:188} INFO - [2026-03-18T01:46:24.987+0530] {dagbag.py:540} INFO - Filling up the DagBag from /Users/vybhavswaroop/Desktop/untitled folder 3/ecommerce_platform/venv/lib/python3.11/site-packages/airflow/example_dags/example_nested_branch_dag.py
[2026-03-18T01:46:25.020+0530] {processor.py:840} INFO - DAG(s) 'example_nested_branch_dag' retrieved from /Users/vybhavswaroop/Desktop/untitled folder 3/ecommerce_platform/venv/lib/python3.11/site-packages/airflow/example_dags/example_nested_branch_dag.py
[2026-03-18T01:46:25.106+0530] {logging_mixin.py:188} INFO - [2026-03-18T01:46:25.105+0530] {dag.py:3047} INFO - Sync 1 DAGs
[2026-03-18T01:46:25.119+0530] {logging_mixin.py:188} INFO - [2026-03-18T01:46:25.118+0530] {dag.py:3834} INFO - Setting next_dagrun for example_nested_branch_dag to 2026-03-16 00:00:00+00:00, run_after=2026-03-17 00:00:00+00:00
[2026-03-18T01:46:25.132+0530] {processor.py:183} INFO - Processing /Users/vybhavswaroop/Desktop/untitled folder 3/ecommerce_platform/venv/lib/python3.11/site-packages/airflow/example_dags/example_nested_branch_dag.py took 0.148 seconds
[2026-03-18T01:49:15.812+0530] {processor.py:161} INFO - Started process (PID=55181) to work on /Users/vybhavswaroop/Desktop/untitled folder 3/ecommerce_platform/venv/lib/python3.11/site-packages/airflow/example_dags/example_nested_branch_dag.py
[2026-03-18T01:49:15.813+0530] {processor.py:830} INFO - Processing file /Users/vybhavswaroop/Desktop/untitled folder 3/ecommerce_platform/venv/lib/python3.11/site-packages/airflow/example_dags/example_nested_branch_dag.py for tasks to queue
[2026-03-18T01:49:15.814+0530] {logging_mixin.py:188} INFO - [2026-03-18T01:49:15.813+0530] {dagbag.py:540} INFO - Filling up the DagBag from /Users/vybhavswaroop/Desktop/untitled folder 3/ecommerce_platform/venv/lib/python3.11/site-packages/airflow/example_dags/example_nested_branch_dag.py
[2026-03-18T01:49:15.847+0530] {processor.py:840} INFO - DAG(s) 'example_nested_branch_dag' retrieved from /Users/vybhavswaroop/Desktop/untitled folder 3/ecommerce_platform/venv/lib/python3.11/site-packages/airflow/example_dags/example_nested_branch_dag.py
[2026-03-18T01:49:15.930+0530] {logging_mixin.py:188} INFO - [2026-03-18T01:49:15.930+0530] {dag.py:3047} INFO - Sync 1 DAGs
[2026-03-18T01:49:15.943+0530] {logging_mixin.py:188} INFO - [2026-03-18T01:49:15.942+0530] {dag.py:3834} INFO - Setting next_dagrun for example_nested_branch_dag to 2026-03-16 00:00:00+00:00, run_after=2026-03-17 00:00:00+00:00
[2026-03-18T01:49:15.958+0530] {processor.py:183} INFO - Processing /Users/vybhavswaroop/Desktop/untitled folder 3/ecommerce_platform/venv/lib/python3.11/site-packages/airflow/example_dags/example_nested_branch_dag.py took 0.147 seconds
[2026-03-18T01:52:06.906+0530] {processor.py:161} INFO - Started process (PID=56733) to work on /Users/vybhavswaroop/Desktop/untitled folder 3/ecommerce_platform/venv/lib/python3.11/site-packages/airflow/example_dags/example_nested_branch_dag.py
[2026-03-18T01:52:06.908+0530] {processor.py:830} INFO - Processing file /Users/vybhavswaroop/Desktop/untitled folder 3/ecommerce_platform/venv/lib/python3.11/site-packages/airflow/example_dags/example_nested_branch_dag.py for tasks to queue
[2026-03-18T01:52:06.908+0530] {logging_mixin.py:188} INFO - [2026-03-18T01:52:06.908+0530] {dagbag.py:540} INFO - Filling up the DagBag from /Users/vybhavswaroop/Desktop/untitled folder 3/ecommerce_platform/venv/lib/python3.11/site-packages/airflow/example_dags/example_nested_branch_dag.py
[2026-03-18T01:52:06.937+0530] {processor.py:840} INFO - DAG(s) 'example_nested_branch_dag' retrieved from /Users/vybhavswaroop/Desktop/untitled folder 3/ecommerce_platform/venv/lib/python3.11/site-packages/airflow/example_dags/example_nested_branch_dag.py
[2026-03-18T01:52:07.013+0530] {logging_mixin.py:188} INFO - [2026-03-18T01:52:07.013+0530] {dag.py:3047} INFO - Sync 1 DAGs
[2026-03-18T01:52:07.024+0530] {logging_mixin.py:188} INFO - [2026-03-18T01:52:07.024+0530] {dag.py:3834} INFO - Setting next_dagrun for example_nested_branch_dag to 2026-03-16 00:00:00+00:00, run_after=2026-03-17 00:00:00+00:00
[2026-03-18T01:52:07.037+0530] {processor.py:183} INFO - Processing /Users/vybhavswaroop/Desktop/untitled folder 3/ecommerce_platform/venv/lib/python3.11/site-packages/airflow/example_dags/example_nested_branch_dag.py took 0.131 seconds
[2026-03-18T01:54:56.543+0530] {processor.py:161} INFO - Started process (PID=58281) to work on /Users/vybhavswaroop/Desktop/untitled folder 3/ecommerce_platform/venv/lib/python3.11/site-packages/airflow/example_dags/example_nested_branch_dag.py
[2026-03-18T01:54:56.545+0530] {processor.py:830} INFO - Processing file /Users/vybhavswaroop/Desktop/untitled folder 3/ecommerce_platform/venv/lib/python3.11/site-packages/airflow/example_dags/example_nested_branch_dag.py for tasks to queue
[2026-03-18T01:54:56.545+0530] {logging_mixin.py:188} INFO - [2026-03-18T01:54:56.545+0530] {dagbag.py:540} INFO - Filling up the DagBag from /Users/vybhavswaroop/Desktop/untitled folder 3/ecommerce_platform/venv/lib/python3.11/site-packages/airflow/example_dags/example_nested_branch_dag.py
[2026-03-18T01:54:56.576+0530] {processor.py:840} INFO - DAG(s) 'example_nested_branch_dag' retrieved from /Users/vybhavswaroop/Desktop/untitled folder 3/ecommerce_platform/venv/lib/python3.11/site-packages/airflow/example_dags/example_nested_branch_dag.py
[2026-03-18T01:54:56.653+0530] {logging_mixin.py:188} INFO - [2026-03-18T01:54:56.653+0530] {dag.py:3047} INFO - Sync 1 DAGs
[2026-03-18T01:54:56.664+0530] {logging_mixin.py:188} INFO - [2026-03-18T01:54:56.664+0530] {dag.py:3834} INFO - Setting next_dagrun for example_nested_branch_dag to 2026-03-16 00:00:00+00:00, run_after=2026-03-17 00:00:00+00:00
[2026-03-18T01:54:56.677+0530] {processor.py:183} INFO - Processing /Users/vybhavswaroop/Desktop/untitled folder 3/ecommerce_platform/venv/lib/python3.11/site-packages/airflow/example_dags/example_nested_branch_dag.py took 0.135 seconds
[2026-03-18T01:57:48.831+0530] {processor.py:161} INFO - Started process (PID=59847) to work on /Users/vybhavswaroop/Desktop/untitled folder 3/ecommerce_platform/venv/lib/python3.11/site-packages/airflow/example_dags/example_nested_branch_dag.py
[2026-03-18T01:57:48.833+0530] {processor.py:830} INFO - Processing file /Users/vybhavswaroop/Desktop/untitled folder 3/ecommerce_platform/venv/lib/python3.11/site-packages/airflow/example_dags/example_nested_branch_dag.py for tasks to queue
[2026-03-18T01:57:48.833+0530] {logging_mixin.py:188} INFO - [2026-03-18T01:57:48.833+0530] {dagbag.py:540} INFO - Filling up the DagBag from /Users/vybhavswaroop/Desktop/untitled folder 3/ecommerce_platform/venv/lib/python3.11/site-packages/airflow/example_dags/example_nested_branch_dag.py
[2026-03-18T01:57:48.865+0530] {processor.py:840} INFO - DAG(s) 'example_nested_branch_dag' retrieved from /Users/vybhavswaroop/Desktop/untitled folder 3/ecommerce_platform/venv/lib/python3.11/site-packages/airflow/example_dags/example_nested_branch_dag.py
[2026-03-18T01:57:48.947+0530] {logging_mixin.py:188} INFO - [2026-03-18T01:57:48.947+0530] {dag.py:3047} INFO - Sync 1 DAGs
[2026-03-18T01:57:48.958+0530] {logging_mixin.py:188} INFO - [2026-03-18T01:57:48.958+0530] {dag.py:3834} INFO - Setting next_dagrun for example_nested_branch_dag to 2026-03-16 00:00:00+00:00, run_after=2026-03-17 00:00:00+00:00
[2026-03-18T01:57:48.976+0530] {processor.py:183} INFO - Processing /Users/vybhavswaroop/Desktop/untitled folder 3/ecommerce_platform/venv/lib/python3.11/site-packages/airflow/example_dags/example_nested_branch_dag.py took 0.145 seconds
[2026-03-18T02:00:35.983+0530] {processor.py:161} INFO - Started process (PID=61399) to work on /Users/vybhavswaroop/Desktop/untitled folder 3/ecommerce_platform/venv/lib/python3.11/site-packages/airflow/example_dags/example_nested_branch_dag.py
[2026-03-18T02:00:35.985+0530] {processor.py:830} INFO - Processing file /Users/vybhavswaroop/Desktop/untitled folder 3/ecommerce_platform/venv/lib/python3.11/site-packages/airflow/example_dags/example_nested_branch_dag.py for tasks to queue
[2026-03-18T02:00:35.985+0530] {logging_mixin.py:188} INFO - [2026-03-18T02:00:35.985+0530] {dagbag.py:540} INFO - Filling up the DagBag from /Users/vybhavswaroop/Desktop/untitled folder 3/ecommerce_platform/venv/lib/python3.11/site-packages/airflow/example_dags/example_nested_branch_dag.py
[2026-03-18T02:00:36.016+0530] {processor.py:840} INFO - DAG(s) 'example_nested_branch_dag' retrieved from /Users/vybhavswaroop/Desktop/untitled folder 3/ecommerce_platform/venv/lib/python3.11/site-packages/airflow/example_dags/example_nested_branch_dag.py
[2026-03-18T02:00:36.098+0530] {logging_mixin.py:188} INFO - [2026-03-18T02:00:36.098+0530] {dag.py:3047} INFO - Sync 1 DAGs
[2026-03-18T02:00:36.111+0530] {logging_mixin.py:188} INFO - [2026-03-18T02:00:36.111+0530] {dag.py:3834} INFO - Setting next_dagrun for example_nested_branch_dag to 2026-03-16 00:00:00+00:00, run_after=2026-03-17 00:00:00+00:00
[2026-03-18T02:00:36.125+0530] {processor.py:183} INFO - Processing /Users/vybhavswaroop/Desktop/untitled folder 3/ecommerce_platform/venv/lib/python3.11/site-packages/airflow/example_dags/example_nested_branch_dag.py took 0.142 seconds
[2026-03-18T02:03:24.383+0530] {processor.py:161} INFO - Started process (PID=62955) to work on /Users/vybhavswaroop/Desktop/untitled folder 3/ecommerce_platform/venv/lib/python3.11/site-packages/airflow/example_dags/example_nested_branch_dag.py
[2026-03-18T02:03:24.385+0530] {processor.py:830} INFO - Processing file /Users/vybhavswaroop/Desktop/untitled folder 3/ecommerce_platform/venv/lib/python3.11/site-packages/airflow/example_dags/example_nested_branch_dag.py for tasks to queue
[2026-03-18T02:03:24.386+0530] {logging_mixin.py:188} INFO - [2026-03-18T02:03:24.385+0530] {dagbag.py:540} INFO - Filling up the DagBag from /Users/vybhavswaroop/Desktop/untitled folder 3/ecommerce_platform/venv/lib/python3.11/site-packages/airflow/example_dags/example_nested_branch_dag.py
[2026-03-18T02:03:24.412+0530] {processor.py:840} INFO - DAG(s) 'example_nested_branch_dag' retrieved from /Users/vybhavswaroop/Desktop/untitled folder 3/ecommerce_platform/venv/lib/python3.11/site-packages/airflow/example_dags/example_nested_branch_dag.py
[2026-03-18T02:03:24.490+0530] {logging_mixin.py:188} INFO - [2026-03-18T02:03:24.490+0530] {dag.py:3047} INFO - Sync 1 DAGs
[2026-03-18T02:03:24.502+0530] {logging_mixin.py:188} INFO - [2026-03-18T02:03:24.502+0530] {dag.py:3834} INFO - Setting next_dagrun for example_nested_branch_dag to 2026-03-16 00:00:00+00:00, run_after=2026-03-17 00:00:00+00:00
[2026-03-18T02:03:24.516+0530] {processor.py:183} INFO - Processing /Users/vybhavswaroop/Desktop/untitled folder 3/ecommerce_platform/venv/lib/python3.11/site-packages/airflow/example_dags/example_nested_branch_dag.py took 0.134 seconds
[2026-03-18T02:06:07.683+0530] {processor.py:161} INFO - Started process (PID=64542) to work on /Users/vybhavswaroop/Desktop/untitled folder 3/ecommerce_platform/venv/lib/python3.11/site-packages/airflow/example_dags/example_nested_branch_dag.py
[2026-03-18T02:06:07.685+0530] {processor.py:830} INFO - Processing file /Users/vybhavswaroop/Desktop/untitled folder 3/ecommerce_platform/venv/lib/python3.11/site-packages/airflow/example_dags/example_nested_branch_dag.py for tasks to queue
[2026-03-18T02:06:07.685+0530] {logging_mixin.py:188} INFO - [2026-03-18T02:06:07.685+0530] {dagbag.py:540} INFO - Filling up the DagBag from /Users/vybhavswaroop/Desktop/untitled folder 3/ecommerce_platform/venv/lib/python3.11/site-packages/airflow/example_dags/example_nested_branch_dag.py
[2026-03-18T02:06:07.706+0530] {processor.py:840} INFO - DAG(s) 'example_nested_branch_dag' retrieved from /Users/vybhavswaroop/Desktop/untitled folder 3/ecommerce_platform/venv/lib/python3.11/site-packages/airflow/example_dags/example_nested_branch_dag.py
[2026-03-18T02:06:07.760+0530] {logging_mixin.py:188} INFO - [2026-03-18T02:06:07.759+0530] {dag.py:3047} INFO - Sync 1 DAGs
[2026-03-18T02:06:07.767+0530] {logging_mixin.py:188} INFO - [2026-03-18T02:06:07.767+0530] {dag.py:3834} INFO - Setting next_dagrun for example_nested_branch_dag to 2026-03-16 00:00:00+00:00, run_after=2026-03-17 00:00:00+00:00
[2026-03-18T02:06:07.777+0530] {processor.py:183} INFO - Processing /Users/vybhavswaroop/Desktop/untitled folder 3/ecommerce_platform/venv/lib/python3.11/site-packages/airflow/example_dags/example_nested_branch_dag.py took 0.094 seconds
[2026-03-18T02:08:31.760+0530] {processor.py:161} INFO - Started process (PID=66254) to work on /Users/vybhavswaroop/Desktop/untitled folder 3/ecommerce_platform/venv/lib/python3.11/site-packages/airflow/example_dags/example_nested_branch_dag.py
[2026-03-18T02:08:31.763+0530] {processor.py:830} INFO - Processing file /Users/vybhavswaroop/Desktop/untitled folder 3/ecommerce_platform/venv/lib/python3.11/site-packages/airflow/example_dags/example_nested_branch_dag.py for tasks to queue
[2026-03-18T02:08:31.763+0530] {logging_mixin.py:188} INFO - [2026-03-18T02:08:31.763+0530] {dagbag.py:540} INFO - Filling up the DagBag from /Users/vybhavswaroop/Desktop/untitled folder 3/ecommerce_platform/venv/lib/python3.11/site-packages/airflow/example_dags/example_nested_branch_dag.py
[2026-03-18T02:08:31.784+0530] {processor.py:840} INFO - DAG(s) 'example_nested_branch_dag' retrieved from /Users/vybhavswaroop/Desktop/untitled folder 3/ecommerce_platform/venv/lib/python3.11/site-packages/airflow/example_dags/example_nested_branch_dag.py
[2026-03-18T02:08:31.838+0530] {logging_mixin.py:188} INFO - [2026-03-18T02:08:31.837+0530] {dag.py:3047} INFO - Sync 1 DAGs
[2026-03-18T02:08:31.846+0530] {logging_mixin.py:188} INFO - [2026-03-18T02:08:31.846+0530] {dag.py:3834} INFO - Setting next_dagrun for example_nested_branch_dag to 2026-03-16 00:00:00+00:00, run_after=2026-03-17 00:00:00+00:00
[2026-03-18T02:08:31.855+0530] {processor.py:183} INFO - Processing /Users/vybhavswaroop/Desktop/untitled folder 3/ecommerce_platform/venv/lib/python3.11/site-packages/airflow/example_dags/example_nested_branch_dag.py took 0.096 seconds
[2026-03-18T02:13:20.208+0530] {processor.py:161} INFO - Started process (PID=69420) to work on /Users/vybhavswaroop/Desktop/untitled folder 3/ecommerce_platform/venv/lib/python3.11/site-packages/airflow/example_dags/example_nested_branch_dag.py
[2026-03-18T02:13:20.211+0530] {processor.py:830} INFO - Processing file /Users/vybhavswaroop/Desktop/untitled folder 3/ecommerce_platform/venv/lib/python3.11/site-packages/airflow/example_dags/example_nested_branch_dag.py for tasks to queue
[2026-03-18T02:13:20.211+0530] {logging_mixin.py:188} INFO - [2026-03-18T02:13:20.211+0530] {dagbag.py:540} INFO - Filling up the DagBag from /Users/vybhavswaroop/Desktop/untitled folder 3/ecommerce_platform/venv/lib/python3.11/site-packages/airflow/example_dags/example_nested_branch_dag.py
[2026-03-18T02:13:20.244+0530] {processor.py:840} INFO - DAG(s) 'example_nested_branch_dag' retrieved from /Users/vybhavswaroop/Desktop/untitled folder 3/ecommerce_platform/venv/lib/python3.11/site-packages/airflow/example_dags/example_nested_branch_dag.py
[2026-03-18T02:13:20.329+0530] {logging_mixin.py:188} INFO - [2026-03-18T02:13:20.329+0530] {dag.py:3047} INFO - Sync 1 DAGs
[2026-03-18T02:13:20.340+0530] {logging_mixin.py:188} INFO - [2026-03-18T02:13:20.340+0530] {dag.py:3834} INFO - Setting next_dagrun for example_nested_branch_dag to 2026-03-16 00:00:00+00:00, run_after=2026-03-17 00:00:00+00:00
[2026-03-18T02:13:20.355+0530] {processor.py:183} INFO - Processing /Users/vybhavswaroop/Desktop/untitled folder 3/ecommerce_platform/venv/lib/python3.11/site-packages/airflow/example_dags/example_nested_branch_dag.py took 0.147 seconds
[2026-03-18T02:16:04.733+0530] {processor.py:161} INFO - Started process (PID=70938) to work on /Users/vybhavswaroop/Desktop/untitled folder 3/ecommerce_platform/venv/lib/python3.11/site-packages/airflow/example_dags/example_nested_branch_dag.py
[2026-03-18T02:16:04.734+0530] {processor.py:830} INFO - Processing file /Users/vybhavswaroop/Desktop/untitled folder 3/ecommerce_platform/venv/lib/python3.11/site-packages/airflow/example_dags/example_nested_branch_dag.py for tasks to queue
[2026-03-18T02:16:04.734+0530] {logging_mixin.py:188} INFO - [2026-03-18T02:16:04.734+0530] {dagbag.py:540} INFO - Filling up the DagBag from /Users/vybhavswaroop/Desktop/untitled folder 3/ecommerce_platform/venv/lib/python3.11/site-packages/airflow/example_dags/example_nested_branch_dag.py
[2026-03-18T02:16:04.763+0530] {processor.py:840} INFO - DAG(s) 'example_nested_branch_dag' retrieved from /Users/vybhavswaroop/Desktop/untitled folder 3/ecommerce_platform/venv/lib/python3.11/site-packages/airflow/example_dags/example_nested_branch_dag.py
[2026-03-18T02:16:04.847+0530] {logging_mixin.py:188} INFO - [2026-03-18T02:16:04.846+0530] {dag.py:3047} INFO - Sync 1 DAGs
[2026-03-18T02:16:04.860+0530] {logging_mixin.py:188} INFO - [2026-03-18T02:16:04.859+0530] {dag.py:3834} INFO - Setting next_dagrun for example_nested_branch_dag to 2026-03-16 00:00:00+00:00, run_after=2026-03-17 00:00:00+00:00
[2026-03-18T02:16:04.876+0530] {processor.py:183} INFO - Processing /Users/vybhavswaroop/Desktop/untitled folder 3/ecommerce_platform/venv/lib/python3.11/site-packages/airflow/example_dags/example_nested_branch_dag.py took 0.144 seconds
[2026-03-18T02:18:55.614+0530] {processor.py:161} INFO - Started process (PID=72539) to work on /Users/vybhavswaroop/Desktop/untitled folder 3/ecommerce_platform/venv/lib/python3.11/site-packages/airflow/example_dags/example_nested_branch_dag.py
[2026-03-18T02:18:55.615+0530] {processor.py:830} INFO - Processing file /Users/vybhavswaroop/Desktop/untitled folder 3/ecommerce_platform/venv/lib/python3.11/site-packages/airflow/example_dags/example_nested_branch_dag.py for tasks to queue
[2026-03-18T02:18:55.616+0530] {logging_mixin.py:188} INFO - [2026-03-18T02:18:55.616+0530] {dagbag.py:540} INFO - Filling up the DagBag from /Users/vybhavswaroop/Desktop/untitled folder 3/ecommerce_platform/venv/lib/python3.11/site-packages/airflow/example_dags/example_nested_branch_dag.py
[2026-03-18T02:18:55.646+0530] {processor.py:840} INFO - DAG(s) 'example_nested_branch_dag' retrieved from /Users/vybhavswaroop/Desktop/untitled folder 3/ecommerce_platform/venv/lib/python3.11/site-packages/airflow/example_dags/example_nested_branch_dag.py
[2026-03-18T02:18:55.732+0530] {logging_mixin.py:188} INFO - [2026-03-18T02:18:55.731+0530] {dag.py:3047} INFO - Sync 1 DAGs
[2026-03-18T02:18:55.744+0530] {logging_mixin.py:188} INFO - [2026-03-18T02:18:55.744+0530] {dag.py:3834} INFO - Setting next_dagrun for example_nested_branch_dag to 2026-03-16 00:00:00+00:00, run_after=2026-03-17 00:00:00+00:00
[2026-03-18T02:18:55.759+0530] {processor.py:183} INFO - Processing /Users/vybhavswaroop/Desktop/untitled folder 3/ecommerce_platform/venv/lib/python3.11/site-packages/airflow/example_dags/example_nested_branch_dag.py took 0.146 seconds
[2026-03-18T02:21:42.610+0530] {processor.py:161} INFO - Started process (PID=74090) to work on /Users/vybhavswaroop/Desktop/untitled folder 3/ecommerce_platform/venv/lib/python3.11/site-packages/airflow/example_dags/example_nested_branch_dag.py
[2026-03-18T02:21:42.612+0530] {processor.py:830} INFO - Processing file /Users/vybhavswaroop/Desktop/untitled folder 3/ecommerce_platform/venv/lib/python3.11/site-packages/airflow/example_dags/example_nested_branch_dag.py for tasks to queue
[2026-03-18T02:21:42.612+0530] {logging_mixin.py:188} INFO - [2026-03-18T02:21:42.612+0530] {dagbag.py:540} INFO - Filling up the DagBag from /Users/vybhavswaroop/Desktop/untitled folder 3/ecommerce_platform/venv/lib/python3.11/site-packages/airflow/example_dags/example_nested_branch_dag.py
[2026-03-18T02:21:42.639+0530] {processor.py:840} INFO - DAG(s) 'example_nested_branch_dag' retrieved from /Users/vybhavswaroop/Desktop/untitled folder 3/ecommerce_platform/venv/lib/python3.11/site-packages/airflow/example_dags/example_nested_branch_dag.py
[2026-03-18T02:21:42.710+0530] {logging_mixin.py:188} INFO - [2026-03-18T02:21:42.709+0530] {dag.py:3047} INFO - Sync 1 DAGs
[2026-03-18T02:21:42.720+0530] {logging_mixin.py:188} INFO - [2026-03-18T02:21:42.720+0530] {dag.py:3834} INFO - Setting next_dagrun for example_nested_branch_dag to 2026-03-16 00:00:00+00:00, run_after=2026-03-17 00:00:00+00:00
[2026-03-18T02:21:42.733+0530] {processor.py:183} INFO - Processing /Users/vybhavswaroop/Desktop/untitled folder 3/ecommerce_platform/venv/lib/python3.11/site-packages/airflow/example_dags/example_nested_branch_dag.py took 0.124 seconds
[2026-03-18T02:24:29.669+0530] {processor.py:161} INFO - Started process (PID=75661) to work on /Users/vybhavswaroop/Desktop/untitled folder 3/ecommerce_platform/venv/lib/python3.11/site-packages/airflow/example_dags/example_nested_branch_dag.py
[2026-03-18T02:24:29.672+0530] {processor.py:830} INFO - Processing file /Users/vybhavswaroop/Desktop/untitled folder 3/ecommerce_platform/venv/lib/python3.11/site-packages/airflow/example_dags/example_nested_branch_dag.py for tasks to queue
[2026-03-18T02:24:29.672+0530] {logging_mixin.py:188} INFO - [2026-03-18T02:24:29.672+0530] {dagbag.py:540} INFO - Filling up the DagBag from /Users/vybhavswaroop/Desktop/untitled folder 3/ecommerce_platform/venv/lib/python3.11/site-packages/airflow/example_dags/example_nested_branch_dag.py
[2026-03-18T02:24:29.703+0530] {processor.py:840} INFO - DAG(s) 'example_nested_branch_dag' retrieved from /Users/vybhavswaroop/Desktop/untitled folder 3/ecommerce_platform/venv/lib/python3.11/site-packages/airflow/example_dags/example_nested_branch_dag.py
[2026-03-18T02:24:29.786+0530] {logging_mixin.py:188} INFO - [2026-03-18T02:24:29.786+0530] {dag.py:3047} INFO - Sync 1 DAGs
[2026-03-18T02:24:29.799+0530] {logging_mixin.py:188} INFO - [2026-03-18T02:24:29.799+0530] {dag.py:3834} INFO - Setting next_dagrun for example_nested_branch_dag to 2026-03-16 00:00:00+00:00, run_after=2026-03-17 00:00:00+00:00
[2026-03-18T02:24:29.816+0530] {processor.py:183} INFO - Processing /Users/vybhavswaroop/Desktop/untitled folder 3/ecommerce_platform/venv/lib/python3.11/site-packages/airflow/example_dags/example_nested_branch_dag.py took 0.147 seconds
[2026-03-18T02:27:14.662+0530] {processor.py:161} INFO - Started process (PID=77215) to work on /Users/vybhavswaroop/Desktop/untitled folder 3/ecommerce_platform/venv/lib/python3.11/site-packages/airflow/example_dags/example_nested_branch_dag.py
[2026-03-18T02:27:14.664+0530] {processor.py:830} INFO - Processing file /Users/vybhavswaroop/Desktop/untitled folder 3/ecommerce_platform/venv/lib/python3.11/site-packages/airflow/example_dags/example_nested_branch_dag.py for tasks to queue
[2026-03-18T02:27:14.664+0530] {logging_mixin.py:188} INFO - [2026-03-18T02:27:14.664+0530] {dagbag.py:540} INFO - Filling up the DagBag from /Users/vybhavswaroop/Desktop/untitled folder 3/ecommerce_platform/venv/lib/python3.11/site-packages/airflow/example_dags/example_nested_branch_dag.py
[2026-03-18T02:27:14.693+0530] {processor.py:840} INFO - DAG(s) 'example_nested_branch_dag' retrieved from /Users/vybhavswaroop/Desktop/untitled folder 3/ecommerce_platform/venv/lib/python3.11/site-packages/airflow/example_dags/example_nested_branch_dag.py
[2026-03-18T02:27:14.764+0530] {logging_mixin.py:188} INFO - [2026-03-18T02:27:14.763+0530] {dag.py:3047} INFO - Sync 1 DAGs
[2026-03-18T02:27:14.775+0530] {logging_mixin.py:188} INFO - [2026-03-18T02:27:14.774+0530] {dag.py:3834} INFO - Setting next_dagrun for example_nested_branch_dag to 2026-03-16 00:00:00+00:00, run_after=2026-03-17 00:00:00+00:00
[2026-03-18T02:27:14.788+0530] {processor.py:183} INFO - Processing /Users/vybhavswaroop/Desktop/untitled folder 3/ecommerce_platform/venv/lib/python3.11/site-packages/airflow/example_dags/example_nested_branch_dag.py took 0.127 seconds
[2026-03-18T02:30:00.045+0530] {processor.py:161} INFO - Started process (PID=78798) to work on /Users/vybhavswaroop/Desktop/untitled folder 3/ecommerce_platform/venv/lib/python3.11/site-packages/airflow/example_dags/example_nested_branch_dag.py
[2026-03-18T02:30:00.047+0530] {processor.py:830} INFO - Processing file /Users/vybhavswaroop/Desktop/untitled folder 3/ecommerce_platform/venv/lib/python3.11/site-packages/airflow/example_dags/example_nested_branch_dag.py for tasks to queue
[2026-03-18T02:30:00.047+0530] {logging_mixin.py:188} INFO - [2026-03-18T02:30:00.047+0530] {dagbag.py:540} INFO - Filling up the DagBag from /Users/vybhavswaroop/Desktop/untitled folder 3/ecommerce_platform/venv/lib/python3.11/site-packages/airflow/example_dags/example_nested_branch_dag.py
[2026-03-18T02:30:00.080+0530] {processor.py:840} INFO - DAG(s) 'example_nested_branch_dag' retrieved from /Users/vybhavswaroop/Desktop/untitled folder 3/ecommerce_platform/venv/lib/python3.11/site-packages/airflow/example_dags/example_nested_branch_dag.py
[2026-03-18T02:30:00.154+0530] {logging_mixin.py:188} INFO - [2026-03-18T02:30:00.154+0530] {dag.py:3047} INFO - Sync 1 DAGs
[2026-03-18T02:30:00.166+0530] {logging_mixin.py:188} INFO - [2026-03-18T02:30:00.165+0530] {dag.py:3834} INFO - Setting next_dagrun for example_nested_branch_dag to 2026-03-16 00:00:00+00:00, run_after=2026-03-17 00:00:00+00:00
[2026-03-18T02:30:00.179+0530] {processor.py:183} INFO - Processing /Users/vybhavswaroop/Desktop/untitled folder 3/ecommerce_platform/venv/lib/python3.11/site-packages/airflow/example_dags/example_nested_branch_dag.py took 0.135 seconds
[2026-03-18T02:32:42.592+0530] {processor.py:161} INFO - Started process (PID=80379) to work on /Users/vybhavswaroop/Desktop/untitled folder 3/ecommerce_platform/venv/lib/python3.11/site-packages/airflow/example_dags/example_nested_branch_dag.py
[2026-03-18T02:32:42.594+0530] {processor.py:830} INFO - Processing file /Users/vybhavswaroop/Desktop/untitled folder 3/ecommerce_platform/venv/lib/python3.11/site-packages/airflow/example_dags/example_nested_branch_dag.py for tasks to queue
[2026-03-18T02:32:42.595+0530] {logging_mixin.py:188} INFO - [2026-03-18T02:32:42.595+0530] {dagbag.py:540} INFO - Filling up the DagBag from /Users/vybhavswaroop/Desktop/untitled folder 3/ecommerce_platform/venv/lib/python3.11/site-packages/airflow/example_dags/example_nested_branch_dag.py
[2026-03-18T02:32:42.626+0530] {processor.py:840} INFO - DAG(s) 'example_nested_branch_dag' retrieved from /Users/vybhavswaroop/Desktop/untitled folder 3/ecommerce_platform/venv/lib/python3.11/site-packages/airflow/example_dags/example_nested_branch_dag.py
[2026-03-18T02:32:42.698+0530] {logging_mixin.py:188} INFO - [2026-03-18T02:32:42.698+0530] {dag.py:3047} INFO - Sync 1 DAGs
[2026-03-18T02:32:42.709+0530] {logging_mixin.py:188} INFO - [2026-03-18T02:32:42.709+0530] {dag.py:3834} INFO - Setting next_dagrun for example_nested_branch_dag to 2026-03-16 00:00:00+00:00, run_after=2026-03-17 00:00:00+00:00
[2026-03-18T02:32:42.720+0530] {processor.py:183} INFO - Processing /Users/vybhavswaroop/Desktop/untitled folder 3/ecommerce_platform/venv/lib/python3.11/site-packages/airflow/example_dags/example_nested_branch_dag.py took 0.129 seconds
[2026-03-18T02:35:26.208+0530] {processor.py:161} INFO - Started process (PID=81940) to work on /Users/vybhavswaroop/Desktop/untitled folder 3/ecommerce_platform/venv/lib/python3.11/site-packages/airflow/example_dags/example_nested_branch_dag.py
[2026-03-18T02:35:26.210+0530] {processor.py:830} INFO - Processing file /Users/vybhavswaroop/Desktop/untitled folder 3/ecommerce_platform/venv/lib/python3.11/site-packages/airflow/example_dags/example_nested_branch_dag.py for tasks to queue
[2026-03-18T02:35:26.210+0530] {logging_mixin.py:188} INFO - [2026-03-18T02:35:26.210+0530] {dagbag.py:540} INFO - Filling up the DagBag from /Users/vybhavswaroop/Desktop/untitled folder 3/ecommerce_platform/venv/lib/python3.11/site-packages/airflow/example_dags/example_nested_branch_dag.py
[2026-03-18T02:35:26.238+0530] {processor.py:840} INFO - DAG(s) 'example_nested_branch_dag' retrieved from /Users/vybhavswaroop/Desktop/untitled folder 3/ecommerce_platform/venv/lib/python3.11/site-packages/airflow/example_dags/example_nested_branch_dag.py
[2026-03-18T02:35:26.304+0530] {logging_mixin.py:188} INFO - [2026-03-18T02:35:26.304+0530] {dag.py:3047} INFO - Sync 1 DAGs
[2026-03-18T02:35:26.315+0530] {logging_mixin.py:188} INFO - [2026-03-18T02:35:26.315+0530] {dag.py:3834} INFO - Setting next_dagrun for example_nested_branch_dag to 2026-03-16 00:00:00+00:00, run_after=2026-03-17 00:00:00+00:00
[2026-03-18T02:35:26.327+0530] {processor.py:183} INFO - Processing /Users/vybhavswaroop/Desktop/untitled folder 3/ecommerce_platform/venv/lib/python3.11/site-packages/airflow/example_dags/example_nested_branch_dag.py took 0.119 seconds
[2026-03-18T02:38:08.351+0530] {processor.py:161} INFO - Started process (PID=83499) to work on /Users/vybhavswaroop/Desktop/untitled folder 3/ecommerce_platform/venv/lib/python3.11/site-packages/airflow/example_dags/example_nested_branch_dag.py
[2026-03-18T02:38:08.354+0530] {processor.py:830} INFO - Processing file /Users/vybhavswaroop/Desktop/untitled folder 3/ecommerce_platform/venv/lib/python3.11/site-packages/airflow/example_dags/example_nested_branch_dag.py for tasks to queue
[2026-03-18T02:38:08.355+0530] {logging_mixin.py:188} INFO - [2026-03-18T02:38:08.355+0530] {dagbag.py:540} INFO - Filling up the DagBag from /Users/vybhavswaroop/Desktop/untitled folder 3/ecommerce_platform/venv/lib/python3.11/site-packages/airflow/example_dags/example_nested_branch_dag.py
[2026-03-18T02:38:08.381+0530] {processor.py:840} INFO - DAG(s) 'example_nested_branch_dag' retrieved from /Users/vybhavswaroop/Desktop/untitled folder 3/ecommerce_platform/venv/lib/python3.11/site-packages/airflow/example_dags/example_nested_branch_dag.py
[2026-03-18T02:38:08.447+0530] {logging_mixin.py:188} INFO - [2026-03-18T02:38:08.447+0530] {dag.py:3047} INFO - Sync 1 DAGs
[2026-03-18T02:38:08.458+0530] {logging_mixin.py:188} INFO - [2026-03-18T02:38:08.458+0530] {dag.py:3834} INFO - Setting next_dagrun for example_nested_branch_dag to 2026-03-16 00:00:00+00:00, run_after=2026-03-17 00:00:00+00:00
[2026-03-18T02:38:08.473+0530] {processor.py:183} INFO - Processing /Users/vybhavswaroop/Desktop/untitled folder 3/ecommerce_platform/venv/lib/python3.11/site-packages/airflow/example_dags/example_nested_branch_dag.py took 0.122 seconds
[2026-03-18T02:40:51.367+0530] {processor.py:161} INFO - Started process (PID=85079) to work on /Users/vybhavswaroop/Desktop/untitled folder 3/ecommerce_platform/venv/lib/python3.11/site-packages/airflow/example_dags/example_nested_branch_dag.py
[2026-03-18T02:40:51.370+0530] {processor.py:830} INFO - Processing file /Users/vybhavswaroop/Desktop/untitled folder 3/ecommerce_platform/venv/lib/python3.11/site-packages/airflow/example_dags/example_nested_branch_dag.py for tasks to queue
[2026-03-18T02:40:51.370+0530] {logging_mixin.py:188} INFO - [2026-03-18T02:40:51.370+0530] {dagbag.py:540} INFO - Filling up the DagBag from /Users/vybhavswaroop/Desktop/untitled folder 3/ecommerce_platform/venv/lib/python3.11/site-packages/airflow/example_dags/example_nested_branch_dag.py
[2026-03-18T02:40:51.397+0530] {processor.py:840} INFO - DAG(s) 'example_nested_branch_dag' retrieved from /Users/vybhavswaroop/Desktop/untitled folder 3/ecommerce_platform/venv/lib/python3.11/site-packages/airflow/example_dags/example_nested_branch_dag.py
[2026-03-18T02:40:51.465+0530] {logging_mixin.py:188} INFO - [2026-03-18T02:40:51.465+0530] {dag.py:3047} INFO - Sync 1 DAGs
[2026-03-18T02:40:51.476+0530] {logging_mixin.py:188} INFO - [2026-03-18T02:40:51.476+0530] {dag.py:3834} INFO - Setting next_dagrun for example_nested_branch_dag to 2026-03-16 00:00:00+00:00, run_after=2026-03-17 00:00:00+00:00
[2026-03-18T02:40:51.489+0530] {processor.py:183} INFO - Processing /Users/vybhavswaroop/Desktop/untitled folder 3/ecommerce_platform/venv/lib/python3.11/site-packages/airflow/example_dags/example_nested_branch_dag.py took 0.123 seconds
[2026-03-18T02:43:32.458+0530] {processor.py:161} INFO - Started process (PID=86654) to work on /Users/vybhavswaroop/Desktop/untitled folder 3/ecommerce_platform/venv/lib/python3.11/site-packages/airflow/example_dags/example_nested_branch_dag.py
[2026-03-18T02:43:32.460+0530] {processor.py:830} INFO - Processing file /Users/vybhavswaroop/Desktop/untitled folder 3/ecommerce_platform/venv/lib/python3.11/site-packages/airflow/example_dags/example_nested_branch_dag.py for tasks to queue
[2026-03-18T02:43:32.460+0530] {logging_mixin.py:188} INFO - [2026-03-18T02:43:32.460+0530] {dagbag.py:540} INFO - Filling up the DagBag from /Users/vybhavswaroop/Desktop/untitled folder 3/ecommerce_platform/venv/lib/python3.11/site-packages/airflow/example_dags/example_nested_branch_dag.py
[2026-03-18T02:43:32.485+0530] {processor.py:840} INFO - DAG(s) 'example_nested_branch_dag' retrieved from /Users/vybhavswaroop/Desktop/untitled folder 3/ecommerce_platform/venv/lib/python3.11/site-packages/airflow/example_dags/example_nested_branch_dag.py
[2026-03-18T02:43:32.542+0530] {logging_mixin.py:188} INFO - [2026-03-18T02:43:32.542+0530] {dag.py:3047} INFO - Sync 1 DAGs
[2026-03-18T02:43:32.551+0530] {logging_mixin.py:188} INFO - [2026-03-18T02:43:32.551+0530] {dag.py:3834} INFO - Setting next_dagrun for example_nested_branch_dag to 2026-03-16 00:00:00+00:00, run_after=2026-03-17 00:00:00+00:00
[2026-03-18T02:43:32.561+0530] {processor.py:183} INFO - Processing /Users/vybhavswaroop/Desktop/untitled folder 3/ecommerce_platform/venv/lib/python3.11/site-packages/airflow/example_dags/example_nested_branch_dag.py took 0.103 seconds
[2026-03-18T02:45:58.986+0530] {processor.py:161} INFO - Started process (PID=88273) to work on /Users/vybhavswaroop/Desktop/untitled folder 3/ecommerce_platform/venv/lib/python3.11/site-packages/airflow/example_dags/example_nested_branch_dag.py
[2026-03-18T02:45:58.990+0530] {processor.py:830} INFO - Processing file /Users/vybhavswaroop/Desktop/untitled folder 3/ecommerce_platform/venv/lib/python3.11/site-packages/airflow/example_dags/example_nested_branch_dag.py for tasks to queue
[2026-03-18T02:45:58.990+0530] {logging_mixin.py:188} INFO - [2026-03-18T02:45:58.990+0530] {dagbag.py:540} INFO - Filling up the DagBag from /Users/vybhavswaroop/Desktop/untitled folder 3/ecommerce_platform/venv/lib/python3.11/site-packages/airflow/example_dags/example_nested_branch_dag.py
[2026-03-18T02:45:59.017+0530] {processor.py:840} INFO - DAG(s) 'example_nested_branch_dag' retrieved from /Users/vybhavswaroop/Desktop/untitled folder 3/ecommerce_platform/venv/lib/python3.11/site-packages/airflow/example_dags/example_nested_branch_dag.py
[2026-03-18T02:45:59.082+0530] {logging_mixin.py:188} INFO - [2026-03-18T02:45:59.082+0530] {dag.py:3047} INFO - Sync 1 DAGs
[2026-03-18T02:45:59.092+0530] {logging_mixin.py:188} INFO - [2026-03-18T02:45:59.092+0530] {dag.py:3834} INFO - Setting next_dagrun for example_nested_branch_dag to 2026-03-16 00:00:00+00:00, run_after=2026-03-17 00:00:00+00:00
[2026-03-18T02:45:59.105+0530] {processor.py:183} INFO - Processing /Users/vybhavswaroop/Desktop/untitled folder 3/ecommerce_platform/venv/lib/python3.11/site-packages/airflow/example_dags/example_nested_branch_dag.py took 0.119 seconds
[2026-03-18T02:48:25.209+0530] {processor.py:161} INFO - Started process (PID=89891) to work on /Users/vybhavswaroop/Desktop/untitled folder 3/ecommerce_platform/venv/lib/python3.11/site-packages/airflow/example_dags/example_nested_branch_dag.py
[2026-03-18T02:48:25.214+0530] {processor.py:830} INFO - Processing file /Users/vybhavswaroop/Desktop/untitled folder 3/ecommerce_platform/venv/lib/python3.11/site-packages/airflow/example_dags/example_nested_branch_dag.py for tasks to queue
[2026-03-18T02:48:25.214+0530] {logging_mixin.py:188} INFO - [2026-03-18T02:48:25.214+0530] {dagbag.py:540} INFO - Filling up the DagBag from /Users/vybhavswaroop/Desktop/untitled folder 3/ecommerce_platform/venv/lib/python3.11/site-packages/airflow/example_dags/example_nested_branch_dag.py
[2026-03-18T02:48:25.236+0530] {processor.py:840} INFO - DAG(s) 'example_nested_branch_dag' retrieved from /Users/vybhavswaroop/Desktop/untitled folder 3/ecommerce_platform/venv/lib/python3.11/site-packages/airflow/example_dags/example_nested_branch_dag.py
[2026-03-18T02:48:25.291+0530] {logging_mixin.py:188} INFO - [2026-03-18T02:48:25.291+0530] {dag.py:3047} INFO - Sync 1 DAGs
[2026-03-18T02:48:25.300+0530] {logging_mixin.py:188} INFO - [2026-03-18T02:48:25.300+0530] {dag.py:3834} INFO - Setting next_dagrun for example_nested_branch_dag to 2026-03-16 00:00:00+00:00, run_after=2026-03-17 00:00:00+00:00
[2026-03-18T02:48:25.310+0530] {processor.py:183} INFO - Processing /Users/vybhavswaroop/Desktop/untitled folder 3/ecommerce_platform/venv/lib/python3.11/site-packages/airflow/example_dags/example_nested_branch_dag.py took 0.102 seconds
[2026-03-18T02:50:47.937+0530] {processor.py:161} INFO - Started process (PID=91574) to work on /Users/vybhavswaroop/Desktop/untitled folder 3/ecommerce_platform/venv/lib/python3.11/site-packages/airflow/example_dags/example_nested_branch_dag.py
[2026-03-18T02:50:47.946+0530] {processor.py:830} INFO - Processing file /Users/vybhavswaroop/Desktop/untitled folder 3/ecommerce_platform/venv/lib/python3.11/site-packages/airflow/example_dags/example_nested_branch_dag.py for tasks to queue
[2026-03-18T02:50:47.947+0530] {logging_mixin.py:188} INFO - [2026-03-18T02:50:47.947+0530] {dagbag.py:540} INFO - Filling up the DagBag from /Users/vybhavswaroop/Desktop/untitled folder 3/ecommerce_platform/venv/lib/python3.11/site-packages/airflow/example_dags/example_nested_branch_dag.py
[2026-03-18T02:50:47.970+0530] {processor.py:840} INFO - DAG(s) 'example_nested_branch_dag' retrieved from /Users/vybhavswaroop/Desktop/untitled folder 3/ecommerce_platform/venv/lib/python3.11/site-packages/airflow/example_dags/example_nested_branch_dag.py
[2026-03-18T02:50:48.028+0530] {logging_mixin.py:188} INFO - [2026-03-18T02:50:48.027+0530] {dag.py:3047} INFO - Sync 1 DAGs
[2026-03-18T02:50:48.036+0530] {logging_mixin.py:188} INFO - [2026-03-18T02:50:48.036+0530] {dag.py:3834} INFO - Setting next_dagrun for example_nested_branch_dag to 2026-03-16 00:00:00+00:00, run_after=2026-03-17 00:00:00+00:00
[2026-03-18T02:50:48.046+0530] {processor.py:183} INFO - Processing /Users/vybhavswaroop/Desktop/untitled folder 3/ecommerce_platform/venv/lib/python3.11/site-packages/airflow/example_dags/example_nested_branch_dag.py took 0.110 seconds
[2026-03-18T02:55:26.004+0530] {processor.py:161} INFO - Started process (PID=94828) to work on /Users/vybhavswaroop/Desktop/untitled folder 3/ecommerce_platform/venv/lib/python3.11/site-packages/airflow/example_dags/example_nested_branch_dag.py
[2026-03-18T02:55:26.007+0530] {processor.py:830} INFO - Processing file /Users/vybhavswaroop/Desktop/untitled folder 3/ecommerce_platform/venv/lib/python3.11/site-packages/airflow/example_dags/example_nested_branch_dag.py for tasks to queue
[2026-03-18T02:55:26.007+0530] {logging_mixin.py:188} INFO - [2026-03-18T02:55:26.007+0530] {dagbag.py:540} INFO - Filling up the DagBag from /Users/vybhavswaroop/Desktop/untitled folder 3/ecommerce_platform/venv/lib/python3.11/site-packages/airflow/example_dags/example_nested_branch_dag.py
[2026-03-18T02:55:26.027+0530] {processor.py:840} INFO - DAG(s) 'example_nested_branch_dag' retrieved from /Users/vybhavswaroop/Desktop/untitled folder 3/ecommerce_platform/venv/lib/python3.11/site-packages/airflow/example_dags/example_nested_branch_dag.py
[2026-03-18T02:55:26.079+0530] {logging_mixin.py:188} INFO - [2026-03-18T02:55:26.078+0530] {dag.py:3047} INFO - Sync 1 DAGs
[2026-03-18T02:55:26.086+0530] {logging_mixin.py:188} INFO - [2026-03-18T02:55:26.086+0530] {dag.py:3834} INFO - Setting next_dagrun for example_nested_branch_dag to 2026-03-16 00:00:00+00:00, run_after=2026-03-17 00:00:00+00:00
[2026-03-18T02:55:26.096+0530] {processor.py:183} INFO - Processing /Users/vybhavswaroop/Desktop/untitled folder 3/ecommerce_platform/venv/lib/python3.11/site-packages/airflow/example_dags/example_nested_branch_dag.py took 0.092 seconds
