[2026-03-18T00:02:40.088+0530] {processor.py:161} INFO - Started process (PID=88471) to work on /Users/vybhavswaroop/Desktop/untitled folder 3/ecommerce_platform/venv/lib/python3.11/site-packages/airflow/example_dags/example_dag_decorator.py
[2026-03-18T00:02:40.088+0530] {processor.py:830} INFO - Processing file /Users/vybhavswaroop/Desktop/untitled folder 3/ecommerce_platform/venv/lib/python3.11/site-packages/airflow/example_dags/example_dag_decorator.py for tasks to queue
[2026-03-18T00:02:40.088+0530] {logging_mixin.py:188} INFO - [2026-03-18T00:02:40.088+0530] {dagbag.py:540} INFO - Filling up the DagBag from /Users/vybhavswaroop/Desktop/untitled folder 3/ecommerce_platform/venv/lib/python3.11/site-packages/airflow/example_dags/example_dag_decorator.py
[2026-03-18T00:02:40.186+0530] {processor.py:840} INFO - DAG(s) 'example_dag_decorator' retrieved from /Users/vybhavswaroop/Desktop/untitled folder 3/ecommerce_platform/venv/lib/python3.11/site-packages/airflow/example_dags/example_dag_decorator.py
[2026-03-18T00:02:40.258+0530] {logging_mixin.py:188} INFO - [2026-03-18T00:02:40.257+0530] {override.py:1769} INFO - Created Permission View: can delete on DAG:example_dag_decorator
[2026-03-18T00:02:40.261+0530] {logging_mixin.py:188} INFO - [2026-03-18T00:02:40.261+0530] {override.py:1769} INFO - Created Permission View: can edit on DAG:example_dag_decorator
[2026-03-18T00:02:40.263+0530] {logging_mixin.py:188} INFO - [2026-03-18T00:02:40.263+0530] {override.py:1769} INFO - Created Permission View: can read on DAG:example_dag_decorator
[2026-03-18T00:02:40.263+0530] {logging_mixin.py:188} INFO - [2026-03-18T00:02:40.263+0530] {dag.py:3047} INFO - Sync 1 DAGs
[2026-03-18T00:02:40.267+0530] {logging_mixin.py:188} INFO - [2026-03-18T00:02:40.267+0530] {dag.py:3069} INFO - Creating ORM DAG for example_dag_decorator
[2026-03-18T00:02:40.267+0530] {logging_mixin.py:188} INFO - [2026-03-18T00:02:40.267+0530] {dag.py:3834} INFO - Setting next_dagrun for example_dag_decorator to None, run_after=None
[2026-03-18T00:02:40.274+0530] {processor.py:183} INFO - Processing /Users/vybhavswaroop/Desktop/untitled folder 3/ecommerce_platform/venv/lib/python3.11/site-packages/airflow/example_dags/example_dag_decorator.py took 0.187 seconds
[2026-03-18T00:06:10.113+0530] {processor.py:161} INFO - Started process (PID=91674) to work on /Users/vybhavswaroop/Desktop/untitled folder 3/ecommerce_platform/venv/lib/python3.11/site-packages/airflow/example_dags/example_dag_decorator.py
[2026-03-18T00:06:10.114+0530] {processor.py:830} INFO - Processing file /Users/vybhavswaroop/Desktop/untitled folder 3/ecommerce_platform/venv/lib/python3.11/site-packages/airflow/example_dags/example_dag_decorator.py for tasks to queue
[2026-03-18T00:06:10.114+0530] {logging_mixin.py:188} INFO - [2026-03-18T00:06:10.114+0530] {dagbag.py:540} INFO - Filling up the DagBag from /Users/vybhavswaroop/Desktop/untitled folder 3/ecommerce_platform/venv/lib/python3.11/site-packages/airflow/example_dags/example_dag_decorator.py
[2026-03-18T00:06:10.221+0530] {processor.py:840} INFO - DAG(s) 'example_dag_decorator' retrieved from /Users/vybhavswaroop/Desktop/untitled folder 3/ecommerce_platform/venv/lib/python3.11/site-packages/airflow/example_dags/example_dag_decorator.py
[2026-03-18T00:06:10.316+0530] {logging_mixin.py:188} INFO - [2026-03-18T00:06:10.316+0530] {dag.py:3047} INFO - Sync 1 DAGs
[2026-03-18T00:06:10.319+0530] {logging_mixin.py:188} INFO - [2026-03-18T00:06:10.319+0530] {dag.py:3834} INFO - Setting next_dagrun for example_dag_decorator to None, run_after=None
[2026-03-18T00:06:10.327+0530] {processor.py:183} INFO - Processing /Users/vybhavswaroop/Desktop/untitled folder 3/ecommerce_platform/venv/lib/python3.11/site-packages/airflow/example_dags/example_dag_decorator.py took 0.214 seconds
[2026-03-18T00:10:20.927+0530] {processor.py:161} INFO - Started process (PID=94917) to work on /Users/vybhavswaroop/Desktop/untitled folder 3/ecommerce_platform/venv/lib/python3.11/site-packages/airflow/example_dags/example_dag_decorator.py
[2026-03-18T00:10:20.928+0530] {processor.py:830} INFO - Processing file /Users/vybhavswaroop/Desktop/untitled folder 3/ecommerce_platform/venv/lib/python3.11/site-packages/airflow/example_dags/example_dag_decorator.py for tasks to queue
[2026-03-18T00:10:20.929+0530] {logging_mixin.py:188} INFO - [2026-03-18T00:10:20.929+0530] {dagbag.py:540} INFO - Filling up the DagBag from /Users/vybhavswaroop/Desktop/untitled folder 3/ecommerce_platform/venv/lib/python3.11/site-packages/airflow/example_dags/example_dag_decorator.py
[2026-03-18T00:10:21.070+0530] {processor.py:840} INFO - DAG(s) 'example_dag_decorator' retrieved from /Users/vybhavswaroop/Desktop/untitled folder 3/ecommerce_platform/venv/lib/python3.11/site-packages/airflow/example_dags/example_dag_decorator.py
[2026-03-18T00:10:21.206+0530] {logging_mixin.py:188} INFO - [2026-03-18T00:10:21.206+0530] {dag.py:3047} INFO - Sync 1 DAGs
[2026-03-18T00:10:21.211+0530] {logging_mixin.py:188} INFO - [2026-03-18T00:10:21.211+0530] {dag.py:3834} INFO - Setting next_dagrun for example_dag_decorator to None, run_after=None
[2026-03-18T00:10:21.223+0530] {processor.py:183} INFO - Processing /Users/vybhavswaroop/Desktop/untitled folder 3/ecommerce_platform/venv/lib/python3.11/site-packages/airflow/example_dags/example_dag_decorator.py took 0.297 seconds
[2026-03-18T00:13:43.111+0530] {processor.py:161} INFO - Started process (PID=96889) to work on /Users/vybhavswaroop/Desktop/untitled folder 3/ecommerce_platform/venv/lib/python3.11/site-packages/airflow/example_dags/example_dag_decorator.py
[2026-03-18T00:13:43.113+0530] {processor.py:830} INFO - Processing file /Users/vybhavswaroop/Desktop/untitled folder 3/ecommerce_platform/venv/lib/python3.11/site-packages/airflow/example_dags/example_dag_decorator.py for tasks to queue
[2026-03-18T00:13:43.113+0530] {logging_mixin.py:188} INFO - [2026-03-18T00:13:43.113+0530] {dagbag.py:540} INFO - Filling up the DagBag from /Users/vybhavswaroop/Desktop/untitled folder 3/ecommerce_platform/venv/lib/python3.11/site-packages/airflow/example_dags/example_dag_decorator.py
[2026-03-18T00:13:43.255+0530] {processor.py:840} INFO - DAG(s) 'example_dag_decorator' retrieved from /Users/vybhavswaroop/Desktop/untitled folder 3/ecommerce_platform/venv/lib/python3.11/site-packages/airflow/example_dags/example_dag_decorator.py
[2026-03-18T00:13:43.386+0530] {logging_mixin.py:188} INFO - [2026-03-18T00:13:43.385+0530] {dag.py:3047} INFO - Sync 1 DAGs
[2026-03-18T00:13:43.391+0530] {logging_mixin.py:188} INFO - [2026-03-18T00:13:43.390+0530] {dag.py:3834} INFO - Setting next_dagrun for example_dag_decorator to None, run_after=None
[2026-03-18T00:13:43.404+0530] {processor.py:183} INFO - Processing /Users/vybhavswaroop/Desktop/untitled folder 3/ecommerce_platform/venv/lib/python3.11/site-packages/airflow/example_dags/example_dag_decorator.py took 0.293 seconds
[2026-03-18T00:18:56.653+0530] {processor.py:161} INFO - Started process (PID=240) to work on /Users/vybhavswaroop/Desktop/untitled folder 3/ecommerce_platform/venv/lib/python3.11/site-packages/airflow/example_dags/example_dag_decorator.py
[2026-03-18T00:18:56.654+0530] {processor.py:830} INFO - Processing file /Users/vybhavswaroop/Desktop/untitled folder 3/ecommerce_platform/venv/lib/python3.11/site-packages/airflow/example_dags/example_dag_decorator.py for tasks to queue
[2026-03-18T00:18:56.655+0530] {logging_mixin.py:188} INFO - [2026-03-18T00:18:56.654+0530] {dagbag.py:540} INFO - Filling up the DagBag from /Users/vybhavswaroop/Desktop/untitled folder 3/ecommerce_platform/venv/lib/python3.11/site-packages/airflow/example_dags/example_dag_decorator.py
[2026-03-18T00:18:56.787+0530] {processor.py:840} INFO - DAG(s) 'example_dag_decorator' retrieved from /Users/vybhavswaroop/Desktop/untitled folder 3/ecommerce_platform/venv/lib/python3.11/site-packages/airflow/example_dags/example_dag_decorator.py
[2026-03-18T00:18:56.911+0530] {logging_mixin.py:188} INFO - [2026-03-18T00:18:56.911+0530] {dag.py:3047} INFO - Sync 1 DAGs
[2026-03-18T00:18:56.917+0530] {logging_mixin.py:188} INFO - [2026-03-18T00:18:56.917+0530] {dag.py:3834} INFO - Setting next_dagrun for example_dag_decorator to None, run_after=None
[2026-03-18T00:18:56.931+0530] {processor.py:183} INFO - Processing /Users/vybhavswaroop/Desktop/untitled folder 3/ecommerce_platform/venv/lib/python3.11/site-packages/airflow/example_dags/example_dag_decorator.py took 0.279 seconds
[2026-03-18T00:24:13.585+0530] {processor.py:161} INFO - Started process (PID=4003) to work on /Users/vybhavswaroop/Desktop/untitled folder 3/ecommerce_platform/venv/lib/python3.11/site-packages/airflow/example_dags/example_dag_decorator.py
[2026-03-18T00:24:13.586+0530] {processor.py:830} INFO - Processing file /Users/vybhavswaroop/Desktop/untitled folder 3/ecommerce_platform/venv/lib/python3.11/site-packages/airflow/example_dags/example_dag_decorator.py for tasks to queue
[2026-03-18T00:24:13.587+0530] {logging_mixin.py:188} INFO - [2026-03-18T00:24:13.586+0530] {dagbag.py:540} INFO - Filling up the DagBag from /Users/vybhavswaroop/Desktop/untitled folder 3/ecommerce_platform/venv/lib/python3.11/site-packages/airflow/example_dags/example_dag_decorator.py
[2026-03-18T00:24:13.704+0530] {processor.py:840} INFO - DAG(s) 'example_dag_decorator' retrieved from /Users/vybhavswaroop/Desktop/untitled folder 3/ecommerce_platform/venv/lib/python3.11/site-packages/airflow/example_dags/example_dag_decorator.py
[2026-03-18T00:24:13.815+0530] {logging_mixin.py:188} INFO - [2026-03-18T00:24:13.814+0530] {dag.py:3047} INFO - Sync 1 DAGs
[2026-03-18T00:24:13.819+0530] {logging_mixin.py:188} INFO - [2026-03-18T00:24:13.819+0530] {dag.py:3834} INFO - Setting next_dagrun for example_dag_decorator to None, run_after=None
[2026-03-18T00:24:13.830+0530] {processor.py:183} INFO - Processing /Users/vybhavswaroop/Desktop/untitled folder 3/ecommerce_platform/venv/lib/python3.11/site-packages/airflow/example_dags/example_dag_decorator.py took 0.246 seconds
[2026-03-18T00:29:47.832+0530] {processor.py:161} INFO - Started process (PID=7078) to work on /Users/vybhavswaroop/Desktop/untitled folder 3/ecommerce_platform/venv/lib/python3.11/site-packages/airflow/example_dags/example_dag_decorator.py
[2026-03-18T00:29:47.833+0530] {processor.py:830} INFO - Processing file /Users/vybhavswaroop/Desktop/untitled folder 3/ecommerce_platform/venv/lib/python3.11/site-packages/airflow/example_dags/example_dag_decorator.py for tasks to queue
[2026-03-18T00:29:47.834+0530] {logging_mixin.py:188} INFO - [2026-03-18T00:29:47.833+0530] {dagbag.py:540} INFO - Filling up the DagBag from /Users/vybhavswaroop/Desktop/untitled folder 3/ecommerce_platform/venv/lib/python3.11/site-packages/airflow/example_dags/example_dag_decorator.py
[2026-03-18T00:29:47.958+0530] {processor.py:840} INFO - DAG(s) 'example_dag_decorator' retrieved from /Users/vybhavswaroop/Desktop/untitled folder 3/ecommerce_platform/venv/lib/python3.11/site-packages/airflow/example_dags/example_dag_decorator.py
[2026-03-18T00:29:48.077+0530] {logging_mixin.py:188} INFO - [2026-03-18T00:29:48.077+0530] {dag.py:3047} INFO - Sync 1 DAGs
[2026-03-18T00:29:48.082+0530] {logging_mixin.py:188} INFO - [2026-03-18T00:29:48.082+0530] {dag.py:3834} INFO - Setting next_dagrun for example_dag_decorator to None, run_after=None
[2026-03-18T00:29:48.094+0530] {processor.py:183} INFO - Processing /Users/vybhavswaroop/Desktop/untitled folder 3/ecommerce_platform/venv/lib/python3.11/site-packages/airflow/example_dags/example_dag_decorator.py took 0.263 seconds
[2026-03-18T00:35:08.395+0530] {processor.py:161} INFO - Started process (PID=10254) to work on /Users/vybhavswaroop/Desktop/untitled folder 3/ecommerce_platform/venv/lib/python3.11/site-packages/airflow/example_dags/example_dag_decorator.py
[2026-03-18T00:35:08.396+0530] {processor.py:830} INFO - Processing file /Users/vybhavswaroop/Desktop/untitled folder 3/ecommerce_platform/venv/lib/python3.11/site-packages/airflow/example_dags/example_dag_decorator.py for tasks to queue
[2026-03-18T00:35:08.396+0530] {logging_mixin.py:188} INFO - [2026-03-18T00:35:08.396+0530] {dagbag.py:540} INFO - Filling up the DagBag from /Users/vybhavswaroop/Desktop/untitled folder 3/ecommerce_platform/venv/lib/python3.11/site-packages/airflow/example_dags/example_dag_decorator.py
[2026-03-18T00:35:08.538+0530] {processor.py:840} INFO - DAG(s) 'example_dag_decorator' retrieved from /Users/vybhavswaroop/Desktop/untitled folder 3/ecommerce_platform/venv/lib/python3.11/site-packages/airflow/example_dags/example_dag_decorator.py
[2026-03-18T00:35:08.673+0530] {logging_mixin.py:188} INFO - [2026-03-18T00:35:08.673+0530] {dag.py:3047} INFO - Sync 1 DAGs
[2026-03-18T00:35:08.678+0530] {logging_mixin.py:188} INFO - [2026-03-18T00:35:08.678+0530] {dag.py:3834} INFO - Setting next_dagrun for example_dag_decorator to None, run_after=None
[2026-03-18T00:35:08.692+0530] {processor.py:183} INFO - Processing /Users/vybhavswaroop/Desktop/untitled folder 3/ecommerce_platform/venv/lib/python3.11/site-packages/airflow/example_dags/example_dag_decorator.py took 0.298 seconds
[2026-03-18T00:40:38.343+0530] {processor.py:161} INFO - Started process (PID=13507) to work on /Users/vybhavswaroop/Desktop/untitled folder 3/ecommerce_platform/venv/lib/python3.11/site-packages/airflow/example_dags/example_dag_decorator.py
[2026-03-18T00:40:38.345+0530] {processor.py:830} INFO - Processing file /Users/vybhavswaroop/Desktop/untitled folder 3/ecommerce_platform/venv/lib/python3.11/site-packages/airflow/example_dags/example_dag_decorator.py for tasks to queue
[2026-03-18T00:40:38.345+0530] {logging_mixin.py:188} INFO - [2026-03-18T00:40:38.345+0530] {dagbag.py:540} INFO - Filling up the DagBag from /Users/vybhavswaroop/Desktop/untitled folder 3/ecommerce_platform/venv/lib/python3.11/site-packages/airflow/example_dags/example_dag_decorator.py
[2026-03-18T00:40:38.496+0530] {processor.py:840} INFO - DAG(s) 'example_dag_decorator' retrieved from /Users/vybhavswaroop/Desktop/untitled folder 3/ecommerce_platform/venv/lib/python3.11/site-packages/airflow/example_dags/example_dag_decorator.py
[2026-03-18T00:40:38.630+0530] {logging_mixin.py:188} INFO - [2026-03-18T00:40:38.629+0530] {dag.py:3047} INFO - Sync 1 DAGs
[2026-03-18T00:40:38.636+0530] {logging_mixin.py:188} INFO - [2026-03-18T00:40:38.636+0530] {dag.py:3834} INFO - Setting next_dagrun for example_dag_decorator to None, run_after=None
[2026-03-18T00:40:38.651+0530] {processor.py:183} INFO - Processing /Users/vybhavswaroop/Desktop/untitled folder 3/ecommerce_platform/venv/lib/python3.11/site-packages/airflow/example_dags/example_dag_decorator.py took 0.309 seconds
[2026-03-18T00:46:07.580+0530] {processor.py:161} INFO - Started process (PID=16796) to work on /Users/vybhavswaroop/Desktop/untitled folder 3/ecommerce_platform/venv/lib/python3.11/site-packages/airflow/example_dags/example_dag_decorator.py
[2026-03-18T00:46:07.582+0530] {processor.py:830} INFO - Processing file /Users/vybhavswaroop/Desktop/untitled folder 3/ecommerce_platform/venv/lib/python3.11/site-packages/airflow/example_dags/example_dag_decorator.py for tasks to queue
[2026-03-18T00:46:07.582+0530] {logging_mixin.py:188} INFO - [2026-03-18T00:46:07.582+0530] {dagbag.py:540} INFO - Filling up the DagBag from /Users/vybhavswaroop/Desktop/untitled folder 3/ecommerce_platform/venv/lib/python3.11/site-packages/airflow/example_dags/example_dag_decorator.py
[2026-03-18T00:46:07.723+0530] {processor.py:840} INFO - DAG(s) 'example_dag_decorator' retrieved from /Users/vybhavswaroop/Desktop/untitled folder 3/ecommerce_platform/venv/lib/python3.11/site-packages/airflow/example_dags/example_dag_decorator.py
[2026-03-18T00:46:07.855+0530] {logging_mixin.py:188} INFO - [2026-03-18T00:46:07.855+0530] {dag.py:3047} INFO - Sync 1 DAGs
[2026-03-18T00:46:07.860+0530] {logging_mixin.py:188} INFO - [2026-03-18T00:46:07.860+0530] {dag.py:3834} INFO - Setting next_dagrun for example_dag_decorator to None, run_after=None
[2026-03-18T00:46:07.872+0530] {processor.py:183} INFO - Processing /Users/vybhavswaroop/Desktop/untitled folder 3/ecommerce_platform/venv/lib/python3.11/site-packages/airflow/example_dags/example_dag_decorator.py took 0.292 seconds
[2026-03-18T00:51:32.836+0530] {processor.py:161} INFO - Started process (PID=20073) to work on /Users/vybhavswaroop/Desktop/untitled folder 3/ecommerce_platform/venv/lib/python3.11/site-packages/airflow/example_dags/example_dag_decorator.py
[2026-03-18T00:51:32.838+0530] {processor.py:830} INFO - Processing file /Users/vybhavswaroop/Desktop/untitled folder 3/ecommerce_platform/venv/lib/python3.11/site-packages/airflow/example_dags/example_dag_decorator.py for tasks to queue
[2026-03-18T00:51:32.838+0530] {logging_mixin.py:188} INFO - [2026-03-18T00:51:32.838+0530] {dagbag.py:540} INFO - Filling up the DagBag from /Users/vybhavswaroop/Desktop/untitled folder 3/ecommerce_platform/venv/lib/python3.11/site-packages/airflow/example_dags/example_dag_decorator.py
[2026-03-18T00:51:33.008+0530] {processor.py:840} INFO - DAG(s) 'example_dag_decorator' retrieved from /Users/vybhavswaroop/Desktop/untitled folder 3/ecommerce_platform/venv/lib/python3.11/site-packages/airflow/example_dags/example_dag_decorator.py
[2026-03-18T00:51:33.182+0530] {logging_mixin.py:188} INFO - [2026-03-18T00:51:33.181+0530] {dag.py:3047} INFO - Sync 1 DAGs
[2026-03-18T00:51:33.188+0530] {logging_mixin.py:188} INFO - [2026-03-18T00:51:33.188+0530] {dag.py:3834} INFO - Setting next_dagrun for example_dag_decorator to None, run_after=None
[2026-03-18T00:51:33.205+0530] {processor.py:183} INFO - Processing /Users/vybhavswaroop/Desktop/untitled folder 3/ecommerce_platform/venv/lib/python3.11/site-packages/airflow/example_dags/example_dag_decorator.py took 0.370 seconds
[2026-03-18T00:56:59.399+0530] {processor.py:161} INFO - Started process (PID=23314) to work on /Users/vybhavswaroop/Desktop/untitled folder 3/ecommerce_platform/venv/lib/python3.11/site-packages/airflow/example_dags/example_dag_decorator.py
[2026-03-18T00:56:59.400+0530] {processor.py:830} INFO - Processing file /Users/vybhavswaroop/Desktop/untitled folder 3/ecommerce_platform/venv/lib/python3.11/site-packages/airflow/example_dags/example_dag_decorator.py for tasks to queue
[2026-03-18T00:56:59.401+0530] {logging_mixin.py:188} INFO - [2026-03-18T00:56:59.400+0530] {dagbag.py:540} INFO - Filling up the DagBag from /Users/vybhavswaroop/Desktop/untitled folder 3/ecommerce_platform/venv/lib/python3.11/site-packages/airflow/example_dags/example_dag_decorator.py
[2026-03-18T00:56:59.541+0530] {processor.py:840} INFO - DAG(s) 'example_dag_decorator' retrieved from /Users/vybhavswaroop/Desktop/untitled folder 3/ecommerce_platform/venv/lib/python3.11/site-packages/airflow/example_dags/example_dag_decorator.py
[2026-03-18T00:56:59.671+0530] {logging_mixin.py:188} INFO - [2026-03-18T00:56:59.670+0530] {dag.py:3047} INFO - Sync 1 DAGs
[2026-03-18T00:56:59.675+0530] {logging_mixin.py:188} INFO - [2026-03-18T00:56:59.675+0530] {dag.py:3834} INFO - Setting next_dagrun for example_dag_decorator to None, run_after=None
[2026-03-18T00:56:59.687+0530] {processor.py:183} INFO - Processing /Users/vybhavswaroop/Desktop/untitled folder 3/ecommerce_platform/venv/lib/python3.11/site-packages/airflow/example_dags/example_dag_decorator.py took 0.289 seconds
[2026-03-18T01:01:30.253+0530] {processor.py:161} INFO - Started process (PID=26537) to work on /Users/vybhavswaroop/Desktop/untitled folder 3/ecommerce_platform/venv/lib/python3.11/site-packages/airflow/example_dags/example_dag_decorator.py
[2026-03-18T01:01:30.254+0530] {processor.py:830} INFO - Processing file /Users/vybhavswaroop/Desktop/untitled folder 3/ecommerce_platform/venv/lib/python3.11/site-packages/airflow/example_dags/example_dag_decorator.py for tasks to queue
[2026-03-18T01:01:30.255+0530] {logging_mixin.py:188} INFO - [2026-03-18T01:01:30.255+0530] {dagbag.py:540} INFO - Filling up the DagBag from /Users/vybhavswaroop/Desktop/untitled folder 3/ecommerce_platform/venv/lib/python3.11/site-packages/airflow/example_dags/example_dag_decorator.py
[2026-03-18T01:01:30.391+0530] {processor.py:840} INFO - DAG(s) 'example_dag_decorator' retrieved from /Users/vybhavswaroop/Desktop/untitled folder 3/ecommerce_platform/venv/lib/python3.11/site-packages/airflow/example_dags/example_dag_decorator.py
[2026-03-18T01:01:30.520+0530] {logging_mixin.py:188} INFO - [2026-03-18T01:01:30.519+0530] {dag.py:3047} INFO - Sync 1 DAGs
[2026-03-18T01:01:30.525+0530] {logging_mixin.py:188} INFO - [2026-03-18T01:01:30.525+0530] {dag.py:3834} INFO - Setting next_dagrun for example_dag_decorator to None, run_after=None
[2026-03-18T01:01:30.537+0530] {processor.py:183} INFO - Processing /Users/vybhavswaroop/Desktop/untitled folder 3/ecommerce_platform/venv/lib/python3.11/site-packages/airflow/example_dags/example_dag_decorator.py took 0.285 seconds
[2026-03-18T01:04:45.554+0530] {processor.py:161} INFO - Started process (PID=28469) to work on /Users/vybhavswaroop/Desktop/untitled folder 3/ecommerce_platform/venv/lib/python3.11/site-packages/airflow/example_dags/example_dag_decorator.py
[2026-03-18T01:04:45.556+0530] {processor.py:830} INFO - Processing file /Users/vybhavswaroop/Desktop/untitled folder 3/ecommerce_platform/venv/lib/python3.11/site-packages/airflow/example_dags/example_dag_decorator.py for tasks to queue
[2026-03-18T01:04:45.557+0530] {logging_mixin.py:188} INFO - [2026-03-18T01:04:45.556+0530] {dagbag.py:540} INFO - Filling up the DagBag from /Users/vybhavswaroop/Desktop/untitled folder 3/ecommerce_platform/venv/lib/python3.11/site-packages/airflow/example_dags/example_dag_decorator.py
[2026-03-18T01:04:45.718+0530] {processor.py:840} INFO - DAG(s) 'example_dag_decorator' retrieved from /Users/vybhavswaroop/Desktop/untitled folder 3/ecommerce_platform/venv/lib/python3.11/site-packages/airflow/example_dags/example_dag_decorator.py
[2026-03-18T01:04:45.870+0530] {logging_mixin.py:188} INFO - [2026-03-18T01:04:45.870+0530] {dag.py:3047} INFO - Sync 1 DAGs
[2026-03-18T01:04:45.876+0530] {logging_mixin.py:188} INFO - [2026-03-18T01:04:45.876+0530] {dag.py:3834} INFO - Setting next_dagrun for example_dag_decorator to None, run_after=None
[2026-03-18T01:04:45.889+0530] {processor.py:183} INFO - Processing /Users/vybhavswaroop/Desktop/untitled folder 3/ecommerce_platform/venv/lib/python3.11/site-packages/airflow/example_dags/example_dag_decorator.py took 0.336 seconds
[2026-03-18T01:10:18.240+0530] {processor.py:161} INFO - Started process (PID=31761) to work on /Users/vybhavswaroop/Desktop/untitled folder 3/ecommerce_platform/venv/lib/python3.11/site-packages/airflow/example_dags/example_dag_decorator.py
[2026-03-18T01:10:18.241+0530] {processor.py:830} INFO - Processing file /Users/vybhavswaroop/Desktop/untitled folder 3/ecommerce_platform/venv/lib/python3.11/site-packages/airflow/example_dags/example_dag_decorator.py for tasks to queue
[2026-03-18T01:10:18.241+0530] {logging_mixin.py:188} INFO - [2026-03-18T01:10:18.241+0530] {dagbag.py:540} INFO - Filling up the DagBag from /Users/vybhavswaroop/Desktop/untitled folder 3/ecommerce_platform/venv/lib/python3.11/site-packages/airflow/example_dags/example_dag_decorator.py
[2026-03-18T01:10:18.372+0530] {processor.py:840} INFO - DAG(s) 'example_dag_decorator' retrieved from /Users/vybhavswaroop/Desktop/untitled folder 3/ecommerce_platform/venv/lib/python3.11/site-packages/airflow/example_dags/example_dag_decorator.py
[2026-03-18T01:10:18.497+0530] {logging_mixin.py:188} INFO - [2026-03-18T01:10:18.497+0530] {dag.py:3047} INFO - Sync 1 DAGs
[2026-03-18T01:10:18.502+0530] {logging_mixin.py:188} INFO - [2026-03-18T01:10:18.501+0530] {dag.py:3834} INFO - Setting next_dagrun for example_dag_decorator to None, run_after=None
[2026-03-18T01:10:18.514+0530] {processor.py:183} INFO - Processing /Users/vybhavswaroop/Desktop/untitled folder 3/ecommerce_platform/venv/lib/python3.11/site-packages/airflow/example_dags/example_dag_decorator.py took 0.275 seconds
[2026-03-18T01:15:44.413+0530] {processor.py:161} INFO - Started process (PID=35019) to work on /Users/vybhavswaroop/Desktop/untitled folder 3/ecommerce_platform/venv/lib/python3.11/site-packages/airflow/example_dags/example_dag_decorator.py
[2026-03-18T01:15:44.415+0530] {processor.py:830} INFO - Processing file /Users/vybhavswaroop/Desktop/untitled folder 3/ecommerce_platform/venv/lib/python3.11/site-packages/airflow/example_dags/example_dag_decorator.py for tasks to queue
[2026-03-18T01:15:44.416+0530] {logging_mixin.py:188} INFO - [2026-03-18T01:15:44.416+0530] {dagbag.py:540} INFO - Filling up the DagBag from /Users/vybhavswaroop/Desktop/untitled folder 3/ecommerce_platform/venv/lib/python3.11/site-packages/airflow/example_dags/example_dag_decorator.py
[2026-03-18T01:15:44.561+0530] {processor.py:840} INFO - DAG(s) 'example_dag_decorator' retrieved from /Users/vybhavswaroop/Desktop/untitled folder 3/ecommerce_platform/venv/lib/python3.11/site-packages/airflow/example_dags/example_dag_decorator.py
[2026-03-18T01:15:44.693+0530] {logging_mixin.py:188} INFO - [2026-03-18T01:15:44.693+0530] {dag.py:3047} INFO - Sync 1 DAGs
[2026-03-18T01:15:44.698+0530] {logging_mixin.py:188} INFO - [2026-03-18T01:15:44.698+0530] {dag.py:3834} INFO - Setting next_dagrun for example_dag_decorator to None, run_after=None
[2026-03-18T01:15:44.711+0530] {processor.py:183} INFO - Processing /Users/vybhavswaroop/Desktop/untitled folder 3/ecommerce_platform/venv/lib/python3.11/site-packages/airflow/example_dags/example_dag_decorator.py took 0.298 seconds
[2026-03-18T01:21:00.655+0530] {processor.py:161} INFO - Started process (PID=38260) to work on /Users/vybhavswaroop/Desktop/untitled folder 3/ecommerce_platform/venv/lib/python3.11/site-packages/airflow/example_dags/example_dag_decorator.py
[2026-03-18T01:21:00.657+0530] {processor.py:830} INFO - Processing file /Users/vybhavswaroop/Desktop/untitled folder 3/ecommerce_platform/venv/lib/python3.11/site-packages/airflow/example_dags/example_dag_decorator.py for tasks to queue
[2026-03-18T01:21:00.657+0530] {logging_mixin.py:188} INFO - [2026-03-18T01:21:00.657+0530] {dagbag.py:540} INFO - Filling up the DagBag from /Users/vybhavswaroop/Desktop/untitled folder 3/ecommerce_platform/venv/lib/python3.11/site-packages/airflow/example_dags/example_dag_decorator.py
[2026-03-18T01:21:00.782+0530] {processor.py:840} INFO - DAG(s) 'example_dag_decorator' retrieved from /Users/vybhavswaroop/Desktop/untitled folder 3/ecommerce_platform/venv/lib/python3.11/site-packages/airflow/example_dags/example_dag_decorator.py
[2026-03-18T01:21:00.905+0530] {logging_mixin.py:188} INFO - [2026-03-18T01:21:00.904+0530] {dag.py:3047} INFO - Sync 1 DAGs
[2026-03-18T01:21:00.909+0530] {logging_mixin.py:188} INFO - [2026-03-18T01:21:00.909+0530] {dag.py:3834} INFO - Setting next_dagrun for example_dag_decorator to None, run_after=None
[2026-03-18T01:21:00.922+0530] {processor.py:183} INFO - Processing /Users/vybhavswaroop/Desktop/untitled folder 3/ecommerce_platform/venv/lib/python3.11/site-packages/airflow/example_dags/example_dag_decorator.py took 0.267 seconds
[2026-03-18T01:25:58.523+0530] {processor.py:161} INFO - Started process (PID=41431) to work on /Users/vybhavswaroop/Desktop/untitled folder 3/ecommerce_platform/venv/lib/python3.11/site-packages/airflow/example_dags/example_dag_decorator.py
[2026-03-18T01:25:58.527+0530] {processor.py:830} INFO - Processing file /Users/vybhavswaroop/Desktop/untitled folder 3/ecommerce_platform/venv/lib/python3.11/site-packages/airflow/example_dags/example_dag_decorator.py for tasks to queue
[2026-03-18T01:25:58.527+0530] {logging_mixin.py:188} INFO - [2026-03-18T01:25:58.527+0530] {dagbag.py:540} INFO - Filling up the DagBag from /Users/vybhavswaroop/Desktop/untitled folder 3/ecommerce_platform/venv/lib/python3.11/site-packages/airflow/example_dags/example_dag_decorator.py
[2026-03-18T01:25:58.644+0530] {processor.py:840} INFO - DAG(s) 'example_dag_decorator' retrieved from /Users/vybhavswaroop/Desktop/untitled folder 3/ecommerce_platform/venv/lib/python3.11/site-packages/airflow/example_dags/example_dag_decorator.py
[2026-03-18T01:25:58.756+0530] {logging_mixin.py:188} INFO - [2026-03-18T01:25:58.756+0530] {dag.py:3047} INFO - Sync 1 DAGs
[2026-03-18T01:25:58.761+0530] {logging_mixin.py:188} INFO - [2026-03-18T01:25:58.761+0530] {dag.py:3834} INFO - Setting next_dagrun for example_dag_decorator to None, run_after=None
[2026-03-18T01:25:58.774+0530] {processor.py:183} INFO - Processing /Users/vybhavswaroop/Desktop/untitled folder 3/ecommerce_platform/venv/lib/python3.11/site-packages/airflow/example_dags/example_dag_decorator.py took 0.251 seconds
[2026-03-18T01:30:53.761+0530] {processor.py:161} INFO - Started process (PID=44615) to work on /Users/vybhavswaroop/Desktop/untitled folder 3/ecommerce_platform/venv/lib/python3.11/site-packages/airflow/example_dags/example_dag_decorator.py
[2026-03-18T01:30:53.763+0530] {processor.py:830} INFO - Processing file /Users/vybhavswaroop/Desktop/untitled folder 3/ecommerce_platform/venv/lib/python3.11/site-packages/airflow/example_dags/example_dag_decorator.py for tasks to queue
[2026-03-18T01:30:53.763+0530] {logging_mixin.py:188} INFO - [2026-03-18T01:30:53.763+0530] {dagbag.py:540} INFO - Filling up the DagBag from /Users/vybhavswaroop/Desktop/untitled folder 3/ecommerce_platform/venv/lib/python3.11/site-packages/airflow/example_dags/example_dag_decorator.py
[2026-03-18T01:30:53.883+0530] {processor.py:840} INFO - DAG(s) 'example_dag_decorator' retrieved from /Users/vybhavswaroop/Desktop/untitled folder 3/ecommerce_platform/venv/lib/python3.11/site-packages/airflow/example_dags/example_dag_decorator.py
[2026-03-18T01:30:54.005+0530] {logging_mixin.py:188} INFO - [2026-03-18T01:30:54.004+0530] {dag.py:3047} INFO - Sync 1 DAGs
[2026-03-18T01:30:54.009+0530] {logging_mixin.py:188} INFO - [2026-03-18T01:30:54.009+0530] {dag.py:3834} INFO - Setting next_dagrun for example_dag_decorator to None, run_after=None
[2026-03-18T01:30:54.021+0530] {processor.py:183} INFO - Processing /Users/vybhavswaroop/Desktop/untitled folder 3/ecommerce_platform/venv/lib/python3.11/site-packages/airflow/example_dags/example_dag_decorator.py took 0.260 seconds
[2026-03-18T01:35:58.092+0530] {processor.py:161} INFO - Started process (PID=47770) to work on /Users/vybhavswaroop/Desktop/untitled folder 3/ecommerce_platform/venv/lib/python3.11/site-packages/airflow/example_dags/example_dag_decorator.py
[2026-03-18T01:35:58.094+0530] {processor.py:830} INFO - Processing file /Users/vybhavswaroop/Desktop/untitled folder 3/ecommerce_platform/venv/lib/python3.11/site-packages/airflow/example_dags/example_dag_decorator.py for tasks to queue
[2026-03-18T01:35:58.094+0530] {logging_mixin.py:188} INFO - [2026-03-18T01:35:58.094+0530] {dagbag.py:540} INFO - Filling up the DagBag from /Users/vybhavswaroop/Desktop/untitled folder 3/ecommerce_platform/venv/lib/python3.11/site-packages/airflow/example_dags/example_dag_decorator.py
[2026-03-18T01:35:58.228+0530] {processor.py:840} INFO - DAG(s) 'example_dag_decorator' retrieved from /Users/vybhavswaroop/Desktop/untitled folder 3/ecommerce_platform/venv/lib/python3.11/site-packages/airflow/example_dags/example_dag_decorator.py
[2026-03-18T01:35:58.350+0530] {logging_mixin.py:188} INFO - [2026-03-18T01:35:58.350+0530] {dag.py:3047} INFO - Sync 1 DAGs
[2026-03-18T01:35:58.355+0530] {logging_mixin.py:188} INFO - [2026-03-18T01:35:58.354+0530] {dag.py:3834} INFO - Setting next_dagrun for example_dag_decorator to None, run_after=None
[2026-03-18T01:35:58.368+0530] {processor.py:183} INFO - Processing /Users/vybhavswaroop/Desktop/untitled folder 3/ecommerce_platform/venv/lib/python3.11/site-packages/airflow/example_dags/example_dag_decorator.py took 0.277 seconds
[2026-03-18T01:41:18.909+0530] {processor.py:161} INFO - Started process (PID=50884) to work on /Users/vybhavswaroop/Desktop/untitled folder 3/ecommerce_platform/venv/lib/python3.11/site-packages/airflow/example_dags/example_dag_decorator.py
[2026-03-18T01:41:18.911+0530] {processor.py:830} INFO - Processing file /Users/vybhavswaroop/Desktop/untitled folder 3/ecommerce_platform/venv/lib/python3.11/site-packages/airflow/example_dags/example_dag_decorator.py for tasks to queue
[2026-03-18T01:41:18.911+0530] {logging_mixin.py:188} INFO - [2026-03-18T01:41:18.911+0530] {dagbag.py:540} INFO - Filling up the DagBag from /Users/vybhavswaroop/Desktop/untitled folder 3/ecommerce_platform/venv/lib/python3.11/site-packages/airflow/example_dags/example_dag_decorator.py
[2026-03-18T01:41:19.053+0530] {processor.py:840} INFO - DAG(s) 'example_dag_decorator' retrieved from /Users/vybhavswaroop/Desktop/untitled folder 3/ecommerce_platform/venv/lib/python3.11/site-packages/airflow/example_dags/example_dag_decorator.py
[2026-03-18T01:41:19.205+0530] {logging_mixin.py:188} INFO - [2026-03-18T01:41:19.205+0530] {dag.py:3047} INFO - Sync 1 DAGs
[2026-03-18T01:41:19.210+0530] {logging_mixin.py:188} INFO - [2026-03-18T01:41:19.210+0530] {dag.py:3834} INFO - Setting next_dagrun for example_dag_decorator to None, run_after=None
[2026-03-18T01:41:19.226+0530] {processor.py:183} INFO - Processing /Users/vybhavswaroop/Desktop/untitled folder 3/ecommerce_platform/venv/lib/python3.11/site-packages/airflow/example_dags/example_dag_decorator.py took 0.317 seconds
[2026-03-18T01:46:58.133+0530] {processor.py:161} INFO - Started process (PID=53945) to work on /Users/vybhavswaroop/Desktop/untitled folder 3/ecommerce_platform/venv/lib/python3.11/site-packages/airflow/example_dags/example_dag_decorator.py
[2026-03-18T01:46:58.134+0530] {processor.py:830} INFO - Processing file /Users/vybhavswaroop/Desktop/untitled folder 3/ecommerce_platform/venv/lib/python3.11/site-packages/airflow/example_dags/example_dag_decorator.py for tasks to queue
[2026-03-18T01:46:58.135+0530] {logging_mixin.py:188} INFO - [2026-03-18T01:46:58.135+0530] {dagbag.py:540} INFO - Filling up the DagBag from /Users/vybhavswaroop/Desktop/untitled folder 3/ecommerce_platform/venv/lib/python3.11/site-packages/airflow/example_dags/example_dag_decorator.py
[2026-03-18T01:46:58.249+0530] {processor.py:840} INFO - DAG(s) 'example_dag_decorator' retrieved from /Users/vybhavswaroop/Desktop/untitled folder 3/ecommerce_platform/venv/lib/python3.11/site-packages/airflow/example_dags/example_dag_decorator.py
[2026-03-18T01:46:58.383+0530] {logging_mixin.py:188} INFO - [2026-03-18T01:46:58.382+0530] {dag.py:3047} INFO - Sync 1 DAGs
[2026-03-18T01:46:58.388+0530] {logging_mixin.py:188} INFO - [2026-03-18T01:46:58.387+0530] {dag.py:3834} INFO - Setting next_dagrun for example_dag_decorator to None, run_after=None
[2026-03-18T01:46:58.402+0530] {processor.py:183} INFO - Processing /Users/vybhavswaroop/Desktop/untitled folder 3/ecommerce_platform/venv/lib/python3.11/site-packages/airflow/example_dags/example_dag_decorator.py took 0.270 seconds
[2026-03-18T01:52:39.987+0530] {processor.py:161} INFO - Started process (PID=57034) to work on /Users/vybhavswaroop/Desktop/untitled folder 3/ecommerce_platform/venv/lib/python3.11/site-packages/airflow/example_dags/example_dag_decorator.py
[2026-03-18T01:52:39.989+0530] {processor.py:830} INFO - Processing file /Users/vybhavswaroop/Desktop/untitled folder 3/ecommerce_platform/venv/lib/python3.11/site-packages/airflow/example_dags/example_dag_decorator.py for tasks to queue
[2026-03-18T01:52:39.990+0530] {logging_mixin.py:188} INFO - [2026-03-18T01:52:39.990+0530] {dagbag.py:540} INFO - Filling up the DagBag from /Users/vybhavswaroop/Desktop/untitled folder 3/ecommerce_platform/venv/lib/python3.11/site-packages/airflow/example_dags/example_dag_decorator.py
[2026-03-18T01:52:40.118+0530] {processor.py:840} INFO - DAG(s) 'example_dag_decorator' retrieved from /Users/vybhavswaroop/Desktop/untitled folder 3/ecommerce_platform/venv/lib/python3.11/site-packages/airflow/example_dags/example_dag_decorator.py
[2026-03-18T01:52:40.260+0530] {logging_mixin.py:188} INFO - [2026-03-18T01:52:40.260+0530] {dag.py:3047} INFO - Sync 1 DAGs
[2026-03-18T01:52:40.265+0530] {logging_mixin.py:188} INFO - [2026-03-18T01:52:40.265+0530] {dag.py:3834} INFO - Setting next_dagrun for example_dag_decorator to None, run_after=None
[2026-03-18T01:52:40.281+0530] {processor.py:183} INFO - Processing /Users/vybhavswaroop/Desktop/untitled folder 3/ecommerce_platform/venv/lib/python3.11/site-packages/airflow/example_dags/example_dag_decorator.py took 0.294 seconds
[2026-03-18T01:58:21.536+0530] {processor.py:161} INFO - Started process (PID=60144) to work on /Users/vybhavswaroop/Desktop/untitled folder 3/ecommerce_platform/venv/lib/python3.11/site-packages/airflow/example_dags/example_dag_decorator.py
[2026-03-18T01:58:21.538+0530] {processor.py:830} INFO - Processing file /Users/vybhavswaroop/Desktop/untitled folder 3/ecommerce_platform/venv/lib/python3.11/site-packages/airflow/example_dags/example_dag_decorator.py for tasks to queue
[2026-03-18T01:58:21.539+0530] {logging_mixin.py:188} INFO - [2026-03-18T01:58:21.539+0530] {dagbag.py:540} INFO - Filling up the DagBag from /Users/vybhavswaroop/Desktop/untitled folder 3/ecommerce_platform/venv/lib/python3.11/site-packages/airflow/example_dags/example_dag_decorator.py
[2026-03-18T01:58:21.678+0530] {processor.py:840} INFO - DAG(s) 'example_dag_decorator' retrieved from /Users/vybhavswaroop/Desktop/untitled folder 3/ecommerce_platform/venv/lib/python3.11/site-packages/airflow/example_dags/example_dag_decorator.py
[2026-03-18T01:58:21.831+0530] {logging_mixin.py:188} INFO - [2026-03-18T01:58:21.830+0530] {dag.py:3047} INFO - Sync 1 DAGs
[2026-03-18T01:58:21.837+0530] {logging_mixin.py:188} INFO - [2026-03-18T01:58:21.837+0530] {dag.py:3834} INFO - Setting next_dagrun for example_dag_decorator to None, run_after=None
[2026-03-18T01:58:21.853+0530] {processor.py:183} INFO - Processing /Users/vybhavswaroop/Desktop/untitled folder 3/ecommerce_platform/venv/lib/python3.11/site-packages/airflow/example_dags/example_dag_decorator.py took 0.318 seconds
[2026-03-18T02:03:57.094+0530] {processor.py:161} INFO - Started process (PID=63268) to work on /Users/vybhavswaroop/Desktop/untitled folder 3/ecommerce_platform/venv/lib/python3.11/site-packages/airflow/example_dags/example_dag_decorator.py
[2026-03-18T02:03:57.095+0530] {processor.py:830} INFO - Processing file /Users/vybhavswaroop/Desktop/untitled folder 3/ecommerce_platform/venv/lib/python3.11/site-packages/airflow/example_dags/example_dag_decorator.py for tasks to queue
[2026-03-18T02:03:57.096+0530] {logging_mixin.py:188} INFO - [2026-03-18T02:03:57.096+0530] {dagbag.py:540} INFO - Filling up the DagBag from /Users/vybhavswaroop/Desktop/untitled folder 3/ecommerce_platform/venv/lib/python3.11/site-packages/airflow/example_dags/example_dag_decorator.py
[2026-03-18T02:03:57.221+0530] {processor.py:840} INFO - DAG(s) 'example_dag_decorator' retrieved from /Users/vybhavswaroop/Desktop/untitled folder 3/ecommerce_platform/venv/lib/python3.11/site-packages/airflow/example_dags/example_dag_decorator.py
[2026-03-18T02:03:57.370+0530] {logging_mixin.py:188} INFO - [2026-03-18T02:03:57.370+0530] {dag.py:3047} INFO - Sync 1 DAGs
[2026-03-18T02:03:57.376+0530] {logging_mixin.py:188} INFO - [2026-03-18T02:03:57.376+0530] {dag.py:3834} INFO - Setting next_dagrun for example_dag_decorator to None, run_after=None
[2026-03-18T02:03:57.393+0530] {processor.py:183} INFO - Processing /Users/vybhavswaroop/Desktop/untitled folder 3/ecommerce_platform/venv/lib/python3.11/site-packages/airflow/example_dags/example_dag_decorator.py took 0.300 seconds
[2026-03-18T02:08:55.990+0530] {processor.py:161} INFO - Started process (PID=66535) to work on /Users/vybhavswaroop/Desktop/untitled folder 3/ecommerce_platform/venv/lib/python3.11/site-packages/airflow/example_dags/example_dag_decorator.py
[2026-03-18T02:08:55.992+0530] {processor.py:830} INFO - Processing file /Users/vybhavswaroop/Desktop/untitled folder 3/ecommerce_platform/venv/lib/python3.11/site-packages/airflow/example_dags/example_dag_decorator.py for tasks to queue
[2026-03-18T02:08:55.992+0530] {logging_mixin.py:188} INFO - [2026-03-18T02:08:55.992+0530] {dagbag.py:540} INFO - Filling up the DagBag from /Users/vybhavswaroop/Desktop/untitled folder 3/ecommerce_platform/venv/lib/python3.11/site-packages/airflow/example_dags/example_dag_decorator.py
[2026-03-18T02:08:56.109+0530] {processor.py:840} INFO - DAG(s) 'example_dag_decorator' retrieved from /Users/vybhavswaroop/Desktop/untitled folder 3/ecommerce_platform/venv/lib/python3.11/site-packages/airflow/example_dags/example_dag_decorator.py
[2026-03-18T02:08:56.224+0530] {logging_mixin.py:188} INFO - [2026-03-18T02:08:56.224+0530] {dag.py:3047} INFO - Sync 1 DAGs
[2026-03-18T02:08:56.228+0530] {logging_mixin.py:188} INFO - [2026-03-18T02:08:56.228+0530] {dag.py:3834} INFO - Setting next_dagrun for example_dag_decorator to None, run_after=None
[2026-03-18T02:08:56.239+0530] {processor.py:183} INFO - Processing /Users/vybhavswaroop/Desktop/untitled folder 3/ecommerce_platform/venv/lib/python3.11/site-packages/airflow/example_dags/example_dag_decorator.py took 0.249 seconds
[2026-03-18T02:13:49.211+0530] {processor.py:161} INFO - Started process (PID=69684) to work on /Users/vybhavswaroop/Desktop/untitled folder 3/ecommerce_platform/venv/lib/python3.11/site-packages/airflow/example_dags/example_dag_decorator.py
[2026-03-18T02:13:49.212+0530] {processor.py:830} INFO - Processing file /Users/vybhavswaroop/Desktop/untitled folder 3/ecommerce_platform/venv/lib/python3.11/site-packages/airflow/example_dags/example_dag_decorator.py for tasks to queue
[2026-03-18T02:13:49.213+0530] {logging_mixin.py:188} INFO - [2026-03-18T02:13:49.213+0530] {dagbag.py:540} INFO - Filling up the DagBag from /Users/vybhavswaroop/Desktop/untitled folder 3/ecommerce_platform/venv/lib/python3.11/site-packages/airflow/example_dags/example_dag_decorator.py
[2026-03-18T02:13:49.351+0530] {processor.py:840} INFO - DAG(s) 'example_dag_decorator' retrieved from /Users/vybhavswaroop/Desktop/untitled folder 3/ecommerce_platform/venv/lib/python3.11/site-packages/airflow/example_dags/example_dag_decorator.py
[2026-03-18T02:13:49.491+0530] {logging_mixin.py:188} INFO - [2026-03-18T02:13:49.490+0530] {dag.py:3047} INFO - Sync 1 DAGs
[2026-03-18T02:13:49.497+0530] {logging_mixin.py:188} INFO - [2026-03-18T02:13:49.497+0530] {dag.py:3834} INFO - Setting next_dagrun for example_dag_decorator to None, run_after=None
[2026-03-18T02:13:49.513+0530] {processor.py:183} INFO - Processing /Users/vybhavswaroop/Desktop/untitled folder 3/ecommerce_platform/venv/lib/python3.11/site-packages/airflow/example_dags/example_dag_decorator.py took 0.303 seconds
[2026-03-18T02:19:28.551+0530] {processor.py:161} INFO - Started process (PID=72841) to work on /Users/vybhavswaroop/Desktop/untitled folder 3/ecommerce_platform/venv/lib/python3.11/site-packages/airflow/example_dags/example_dag_decorator.py
[2026-03-18T02:19:28.552+0530] {processor.py:830} INFO - Processing file /Users/vybhavswaroop/Desktop/untitled folder 3/ecommerce_platform/venv/lib/python3.11/site-packages/airflow/example_dags/example_dag_decorator.py for tasks to queue
[2026-03-18T02:19:28.553+0530] {logging_mixin.py:188} INFO - [2026-03-18T02:19:28.553+0530] {dagbag.py:540} INFO - Filling up the DagBag from /Users/vybhavswaroop/Desktop/untitled folder 3/ecommerce_platform/venv/lib/python3.11/site-packages/airflow/example_dags/example_dag_decorator.py
[2026-03-18T02:19:28.660+0530] {processor.py:840} INFO - DAG(s) 'example_dag_decorator' retrieved from /Users/vybhavswaroop/Desktop/untitled folder 3/ecommerce_platform/venv/lib/python3.11/site-packages/airflow/example_dags/example_dag_decorator.py
[2026-03-18T02:19:28.796+0530] {logging_mixin.py:188} INFO - [2026-03-18T02:19:28.796+0530] {dag.py:3047} INFO - Sync 1 DAGs
[2026-03-18T02:19:28.802+0530] {logging_mixin.py:188} INFO - [2026-03-18T02:19:28.802+0530] {dag.py:3834} INFO - Setting next_dagrun for example_dag_decorator to None, run_after=None
[2026-03-18T02:19:28.820+0530] {processor.py:183} INFO - Processing /Users/vybhavswaroop/Desktop/untitled folder 3/ecommerce_platform/venv/lib/python3.11/site-packages/airflow/example_dags/example_dag_decorator.py took 0.269 seconds
[2026-03-18T02:25:01.825+0530] {processor.py:161} INFO - Started process (PID=75959) to work on /Users/vybhavswaroop/Desktop/untitled folder 3/ecommerce_platform/venv/lib/python3.11/site-packages/airflow/example_dags/example_dag_decorator.py
[2026-03-18T02:25:01.828+0530] {processor.py:830} INFO - Processing file /Users/vybhavswaroop/Desktop/untitled folder 3/ecommerce_platform/venv/lib/python3.11/site-packages/airflow/example_dags/example_dag_decorator.py for tasks to queue
[2026-03-18T02:25:01.828+0530] {logging_mixin.py:188} INFO - [2026-03-18T02:25:01.828+0530] {dagbag.py:540} INFO - Filling up the DagBag from /Users/vybhavswaroop/Desktop/untitled folder 3/ecommerce_platform/venv/lib/python3.11/site-packages/airflow/example_dags/example_dag_decorator.py
[2026-03-18T02:25:01.941+0530] {processor.py:840} INFO - DAG(s) 'example_dag_decorator' retrieved from /Users/vybhavswaroop/Desktop/untitled folder 3/ecommerce_platform/venv/lib/python3.11/site-packages/airflow/example_dags/example_dag_decorator.py
[2026-03-18T02:25:02.074+0530] {logging_mixin.py:188} INFO - [2026-03-18T02:25:02.073+0530] {dag.py:3047} INFO - Sync 1 DAGs
[2026-03-18T02:25:02.079+0530] {logging_mixin.py:188} INFO - [2026-03-18T02:25:02.079+0530] {dag.py:3834} INFO - Setting next_dagrun for example_dag_decorator to None, run_after=None
[2026-03-18T02:25:02.094+0530] {processor.py:183} INFO - Processing /Users/vybhavswaroop/Desktop/untitled folder 3/ecommerce_platform/venv/lib/python3.11/site-packages/airflow/example_dags/example_dag_decorator.py took 0.269 seconds
[2026-03-18T02:30:31.169+0530] {processor.py:161} INFO - Started process (PID=79097) to work on /Users/vybhavswaroop/Desktop/untitled folder 3/ecommerce_platform/venv/lib/python3.11/site-packages/airflow/example_dags/example_dag_decorator.py
[2026-03-18T02:30:31.171+0530] {processor.py:830} INFO - Processing file /Users/vybhavswaroop/Desktop/untitled folder 3/ecommerce_platform/venv/lib/python3.11/site-packages/airflow/example_dags/example_dag_decorator.py for tasks to queue
[2026-03-18T02:30:31.171+0530] {logging_mixin.py:188} INFO - [2026-03-18T02:30:31.171+0530] {dagbag.py:540} INFO - Filling up the DagBag from /Users/vybhavswaroop/Desktop/untitled folder 3/ecommerce_platform/venv/lib/python3.11/site-packages/airflow/example_dags/example_dag_decorator.py
[2026-03-18T02:30:31.286+0530] {processor.py:840} INFO - DAG(s) 'example_dag_decorator' retrieved from /Users/vybhavswaroop/Desktop/untitled folder 3/ecommerce_platform/venv/lib/python3.11/site-packages/airflow/example_dags/example_dag_decorator.py
[2026-03-18T02:30:31.413+0530] {logging_mixin.py:188} INFO - [2026-03-18T02:30:31.413+0530] {dag.py:3047} INFO - Sync 1 DAGs
[2026-03-18T02:30:31.419+0530] {logging_mixin.py:188} INFO - [2026-03-18T02:30:31.418+0530] {dag.py:3834} INFO - Setting next_dagrun for example_dag_decorator to None, run_after=None
[2026-03-18T02:30:31.433+0530] {processor.py:183} INFO - Processing /Users/vybhavswaroop/Desktop/untitled folder 3/ecommerce_platform/venv/lib/python3.11/site-packages/airflow/example_dags/example_dag_decorator.py took 0.264 seconds
[2026-03-18T02:35:57.490+0530] {processor.py:161} INFO - Started process (PID=82239) to work on /Users/vybhavswaroop/Desktop/untitled folder 3/ecommerce_platform/venv/lib/python3.11/site-packages/airflow/example_dags/example_dag_decorator.py
[2026-03-18T02:35:57.492+0530] {processor.py:830} INFO - Processing file /Users/vybhavswaroop/Desktop/untitled folder 3/ecommerce_platform/venv/lib/python3.11/site-packages/airflow/example_dags/example_dag_decorator.py for tasks to queue
[2026-03-18T02:35:57.492+0530] {logging_mixin.py:188} INFO - [2026-03-18T02:35:57.492+0530] {dagbag.py:540} INFO - Filling up the DagBag from /Users/vybhavswaroop/Desktop/untitled folder 3/ecommerce_platform/venv/lib/python3.11/site-packages/airflow/example_dags/example_dag_decorator.py
[2026-03-18T02:35:57.605+0530] {processor.py:840} INFO - DAG(s) 'example_dag_decorator' retrieved from /Users/vybhavswaroop/Desktop/untitled folder 3/ecommerce_platform/venv/lib/python3.11/site-packages/airflow/example_dags/example_dag_decorator.py
[2026-03-18T02:35:57.730+0530] {logging_mixin.py:188} INFO - [2026-03-18T02:35:57.730+0530] {dag.py:3047} INFO - Sync 1 DAGs
[2026-03-18T02:35:57.735+0530] {logging_mixin.py:188} INFO - [2026-03-18T02:35:57.735+0530] {dag.py:3834} INFO - Setting next_dagrun for example_dag_decorator to None, run_after=None
[2026-03-18T02:35:57.751+0530] {processor.py:183} INFO - Processing /Users/vybhavswaroop/Desktop/untitled folder 3/ecommerce_platform/venv/lib/python3.11/site-packages/airflow/example_dags/example_dag_decorator.py took 0.261 seconds
[2026-03-18T02:41:23.136+0530] {processor.py:161} INFO - Started process (PID=85386) to work on /Users/vybhavswaroop/Desktop/untitled folder 3/ecommerce_platform/venv/lib/python3.11/site-packages/airflow/example_dags/example_dag_decorator.py
[2026-03-18T02:41:23.137+0530] {processor.py:830} INFO - Processing file /Users/vybhavswaroop/Desktop/untitled folder 3/ecommerce_platform/venv/lib/python3.11/site-packages/airflow/example_dags/example_dag_decorator.py for tasks to queue
[2026-03-18T02:41:23.138+0530] {logging_mixin.py:188} INFO - [2026-03-18T02:41:23.138+0530] {dagbag.py:540} INFO - Filling up the DagBag from /Users/vybhavswaroop/Desktop/untitled folder 3/ecommerce_platform/venv/lib/python3.11/site-packages/airflow/example_dags/example_dag_decorator.py
[2026-03-18T02:41:23.253+0530] {processor.py:840} INFO - DAG(s) 'example_dag_decorator' retrieved from /Users/vybhavswaroop/Desktop/untitled folder 3/ecommerce_platform/venv/lib/python3.11/site-packages/airflow/example_dags/example_dag_decorator.py
[2026-03-18T02:41:23.369+0530] {logging_mixin.py:188} INFO - [2026-03-18T02:41:23.368+0530] {dag.py:3047} INFO - Sync 1 DAGs
[2026-03-18T02:41:23.374+0530] {logging_mixin.py:188} INFO - [2026-03-18T02:41:23.374+0530] {dag.py:3834} INFO - Setting next_dagrun for example_dag_decorator to None, run_after=None
[2026-03-18T02:41:23.388+0530] {processor.py:183} INFO - Processing /Users/vybhavswaroop/Desktop/untitled folder 3/ecommerce_platform/venv/lib/python3.11/site-packages/airflow/example_dags/example_dag_decorator.py took 0.253 seconds
[2026-03-18T02:46:25.045+0530] {processor.py:161} INFO - Started process (PID=88541) to work on /Users/vybhavswaroop/Desktop/untitled folder 3/ecommerce_platform/venv/lib/python3.11/site-packages/airflow/example_dags/example_dag_decorator.py
[2026-03-18T02:46:25.046+0530] {processor.py:830} INFO - Processing file /Users/vybhavswaroop/Desktop/untitled folder 3/ecommerce_platform/venv/lib/python3.11/site-packages/airflow/example_dags/example_dag_decorator.py for tasks to queue
[2026-03-18T02:46:25.047+0530] {logging_mixin.py:188} INFO - [2026-03-18T02:46:25.047+0530] {dagbag.py:540} INFO - Filling up the DagBag from /Users/vybhavswaroop/Desktop/untitled folder 3/ecommerce_platform/venv/lib/python3.11/site-packages/airflow/example_dags/example_dag_decorator.py
[2026-03-18T02:46:25.150+0530] {processor.py:840} INFO - DAG(s) 'example_dag_decorator' retrieved from /Users/vybhavswaroop/Desktop/untitled folder 3/ecommerce_platform/venv/lib/python3.11/site-packages/airflow/example_dags/example_dag_decorator.py
[2026-03-18T02:46:25.261+0530] {logging_mixin.py:188} INFO - [2026-03-18T02:46:25.260+0530] {dag.py:3047} INFO - Sync 1 DAGs
[2026-03-18T02:46:25.265+0530] {logging_mixin.py:188} INFO - [2026-03-18T02:46:25.265+0530] {dag.py:3834} INFO - Setting next_dagrun for example_dag_decorator to None, run_after=None
[2026-03-18T02:46:25.278+0530] {processor.py:183} INFO - Processing /Users/vybhavswaroop/Desktop/untitled folder 3/ecommerce_platform/venv/lib/python3.11/site-packages/airflow/example_dags/example_dag_decorator.py took 0.234 seconds
[2026-03-18T02:51:12.144+0530] {processor.py:161} INFO - Started process (PID=91864) to work on /Users/vybhavswaroop/Desktop/untitled folder 3/ecommerce_platform/venv/lib/python3.11/site-packages/airflow/example_dags/example_dag_decorator.py
[2026-03-18T02:51:12.146+0530] {processor.py:830} INFO - Processing file /Users/vybhavswaroop/Desktop/untitled folder 3/ecommerce_platform/venv/lib/python3.11/site-packages/airflow/example_dags/example_dag_decorator.py for tasks to queue
[2026-03-18T02:51:12.147+0530] {logging_mixin.py:188} INFO - [2026-03-18T02:51:12.146+0530] {dagbag.py:540} INFO - Filling up the DagBag from /Users/vybhavswaroop/Desktop/untitled folder 3/ecommerce_platform/venv/lib/python3.11/site-packages/airflow/example_dags/example_dag_decorator.py
[2026-03-18T02:51:12.278+0530] {processor.py:840} INFO - DAG(s) 'example_dag_decorator' retrieved from /Users/vybhavswaroop/Desktop/untitled folder 3/ecommerce_platform/venv/lib/python3.11/site-packages/airflow/example_dags/example_dag_decorator.py
[2026-03-18T02:51:12.398+0530] {logging_mixin.py:188} INFO - [2026-03-18T02:51:12.397+0530] {dag.py:3047} INFO - Sync 1 DAGs
[2026-03-18T02:51:12.402+0530] {logging_mixin.py:188} INFO - [2026-03-18T02:51:12.402+0530] {dag.py:3834} INFO - Setting next_dagrun for example_dag_decorator to None, run_after=None
[2026-03-18T02:51:12.413+0530] {processor.py:183} INFO - Processing /Users/vybhavswaroop/Desktop/untitled folder 3/ecommerce_platform/venv/lib/python3.11/site-packages/airflow/example_dags/example_dag_decorator.py took 0.270 seconds
[2026-03-18T02:55:47.588+0530] {processor.py:161} INFO - Started process (PID=95125) to work on /Users/vybhavswaroop/Desktop/untitled folder 3/ecommerce_platform/venv/lib/python3.11/site-packages/airflow/example_dags/example_dag_decorator.py
[2026-03-18T02:55:47.590+0530] {processor.py:830} INFO - Processing file /Users/vybhavswaroop/Desktop/untitled folder 3/ecommerce_platform/venv/lib/python3.11/site-packages/airflow/example_dags/example_dag_decorator.py for tasks to queue
[2026-03-18T02:55:47.591+0530] {logging_mixin.py:188} INFO - [2026-03-18T02:55:47.591+0530] {dagbag.py:540} INFO - Filling up the DagBag from /Users/vybhavswaroop/Desktop/untitled folder 3/ecommerce_platform/venv/lib/python3.11/site-packages/airflow/example_dags/example_dag_decorator.py
[2026-03-18T02:55:47.701+0530] {processor.py:840} INFO - DAG(s) 'example_dag_decorator' retrieved from /Users/vybhavswaroop/Desktop/untitled folder 3/ecommerce_platform/venv/lib/python3.11/site-packages/airflow/example_dags/example_dag_decorator.py
[2026-03-18T02:55:47.801+0530] {logging_mixin.py:188} INFO - [2026-03-18T02:55:47.801+0530] {dag.py:3047} INFO - Sync 1 DAGs
[2026-03-18T02:55:47.804+0530] {logging_mixin.py:188} INFO - [2026-03-18T02:55:47.804+0530] {dag.py:3834} INFO - Setting next_dagrun for example_dag_decorator to None, run_after=None
[2026-03-18T02:55:47.813+0530] {processor.py:183} INFO - Processing /Users/vybhavswaroop/Desktop/untitled folder 3/ecommerce_platform/venv/lib/python3.11/site-packages/airflow/example_dags/example_dag_decorator.py took 0.225 seconds
