[2026-03-18T00:02:34.760+0530] {processor.py:161} INFO - Started process (PID=88381) to work on /Users/vybhavswaroop/Desktop/untitled folder 3/ecommerce_platform/venv/lib/python3.11/site-packages/airflow/example_dags/example_dynamic_task_mapping.py
[2026-03-18T00:02:34.761+0530] {processor.py:830} INFO - Processing file /Users/vybhavswaroop/Desktop/untitled folder 3/ecommerce_platform/venv/lib/python3.11/site-packages/airflow/example_dags/example_dynamic_task_mapping.py for tasks to queue
[2026-03-18T00:02:34.761+0530] {logging_mixin.py:188} INFO - [2026-03-18T00:02:34.761+0530] {dagbag.py:540} INFO - Filling up the DagBag from /Users/vybhavswaroop/Desktop/untitled folder 3/ecommerce_platform/venv/lib/python3.11/site-packages/airflow/example_dags/example_dynamic_task_mapping.py
[2026-03-18T00:02:34.776+0530] {processor.py:840} INFO - DAG(s) 'example_dynamic_task_mapping' retrieved from /Users/vybhavswaroop/Desktop/untitled folder 3/ecommerce_platform/venv/lib/python3.11/site-packages/airflow/example_dags/example_dynamic_task_mapping.py
[2026-03-18T00:02:34.848+0530] {logging_mixin.py:188} INFO - [2026-03-18T00:02:34.847+0530] {override.py:1769} INFO - Created Permission View: can edit on DAG:example_dynamic_task_mapping
[2026-03-18T00:02:34.851+0530] {logging_mixin.py:188} INFO - [2026-03-18T00:02:34.851+0530] {override.py:1769} INFO - Created Permission View: can delete on DAG:example_dynamic_task_mapping
[2026-03-18T00:02:34.854+0530] {logging_mixin.py:188} INFO - [2026-03-18T00:02:34.854+0530] {override.py:1769} INFO - Created Permission View: can read on DAG:example_dynamic_task_mapping
[2026-03-18T00:02:34.855+0530] {logging_mixin.py:188} INFO - [2026-03-18T00:02:34.855+0530] {dag.py:3047} INFO - Sync 1 DAGs
[2026-03-18T00:02:34.858+0530] {logging_mixin.py:188} INFO - [2026-03-18T00:02:34.858+0530] {dag.py:3069} INFO - Creating ORM DAG for example_dynamic_task_mapping
[2026-03-18T00:02:34.861+0530] {logging_mixin.py:188} INFO - [2026-03-18T00:02:34.861+0530] {dag.py:3834} INFO - Setting next_dagrun for example_dynamic_task_mapping to 2022-03-04 00:00:00+00:00, run_after=2022-03-05 00:00:00+00:00
[2026-03-18T00:02:34.867+0530] {processor.py:183} INFO - Processing /Users/vybhavswaroop/Desktop/untitled folder 3/ecommerce_platform/venv/lib/python3.11/site-packages/airflow/example_dags/example_dynamic_task_mapping.py took 0.107 seconds
[2026-03-18T00:06:04.503+0530] {processor.py:161} INFO - Started process (PID=91590) to work on /Users/vybhavswaroop/Desktop/untitled folder 3/ecommerce_platform/venv/lib/python3.11/site-packages/airflow/example_dags/example_dynamic_task_mapping.py
[2026-03-18T00:06:04.504+0530] {processor.py:830} INFO - Processing file /Users/vybhavswaroop/Desktop/untitled folder 3/ecommerce_platform/venv/lib/python3.11/site-packages/airflow/example_dags/example_dynamic_task_mapping.py for tasks to queue
[2026-03-18T00:06:04.504+0530] {logging_mixin.py:188} INFO - [2026-03-18T00:06:04.504+0530] {dagbag.py:540} INFO - Filling up the DagBag from /Users/vybhavswaroop/Desktop/untitled folder 3/ecommerce_platform/venv/lib/python3.11/site-packages/airflow/example_dags/example_dynamic_task_mapping.py
[2026-03-18T00:06:04.517+0530] {processor.py:840} INFO - DAG(s) 'example_dynamic_task_mapping' retrieved from /Users/vybhavswaroop/Desktop/untitled folder 3/ecommerce_platform/venv/lib/python3.11/site-packages/airflow/example_dags/example_dynamic_task_mapping.py
[2026-03-18T00:06:04.556+0530] {logging_mixin.py:188} INFO - [2026-03-18T00:06:04.556+0530] {dag.py:3047} INFO - Sync 1 DAGs
[2026-03-18T00:06:04.562+0530] {logging_mixin.py:188} INFO - [2026-03-18T00:06:04.562+0530] {dag.py:3834} INFO - Setting next_dagrun for example_dynamic_task_mapping to 2022-03-04 00:00:00+00:00, run_after=2022-03-05 00:00:00+00:00
[2026-03-18T00:06:04.570+0530] {processor.py:183} INFO - Processing /Users/vybhavswaroop/Desktop/untitled folder 3/ecommerce_platform/venv/lib/python3.11/site-packages/airflow/example_dags/example_dynamic_task_mapping.py took 0.067 seconds
[2026-03-18T00:10:13.159+0530] {processor.py:161} INFO - Started process (PID=94825) to work on /Users/vybhavswaroop/Desktop/untitled folder 3/ecommerce_platform/venv/lib/python3.11/site-packages/airflow/example_dags/example_dynamic_task_mapping.py
[2026-03-18T00:10:13.160+0530] {processor.py:830} INFO - Processing file /Users/vybhavswaroop/Desktop/untitled folder 3/ecommerce_platform/venv/lib/python3.11/site-packages/airflow/example_dags/example_dynamic_task_mapping.py for tasks to queue
[2026-03-18T00:10:13.161+0530] {logging_mixin.py:188} INFO - [2026-03-18T00:10:13.161+0530] {dagbag.py:540} INFO - Filling up the DagBag from /Users/vybhavswaroop/Desktop/untitled folder 3/ecommerce_platform/venv/lib/python3.11/site-packages/airflow/example_dags/example_dynamic_task_mapping.py
[2026-03-18T00:10:13.181+0530] {processor.py:840} INFO - DAG(s) 'example_dynamic_task_mapping' retrieved from /Users/vybhavswaroop/Desktop/untitled folder 3/ecommerce_platform/venv/lib/python3.11/site-packages/airflow/example_dags/example_dynamic_task_mapping.py
[2026-03-18T00:10:13.237+0530] {logging_mixin.py:188} INFO - [2026-03-18T00:10:13.236+0530] {dag.py:3047} INFO - Sync 1 DAGs
[2026-03-18T00:10:13.245+0530] {logging_mixin.py:188} INFO - [2026-03-18T00:10:13.245+0530] {dag.py:3834} INFO - Setting next_dagrun for example_dynamic_task_mapping to 2022-03-04 00:00:00+00:00, run_after=2022-03-05 00:00:00+00:00
[2026-03-18T00:10:13.255+0530] {processor.py:183} INFO - Processing /Users/vybhavswaroop/Desktop/untitled folder 3/ecommerce_platform/venv/lib/python3.11/site-packages/airflow/example_dags/example_dynamic_task_mapping.py took 0.097 seconds
[2026-03-18T00:13:35.381+0530] {processor.py:161} INFO - Started process (PID=96807) to work on /Users/vybhavswaroop/Desktop/untitled folder 3/ecommerce_platform/venv/lib/python3.11/site-packages/airflow/example_dags/example_dynamic_task_mapping.py
[2026-03-18T00:13:35.382+0530] {processor.py:830} INFO - Processing file /Users/vybhavswaroop/Desktop/untitled folder 3/ecommerce_platform/venv/lib/python3.11/site-packages/airflow/example_dags/example_dynamic_task_mapping.py for tasks to queue
[2026-03-18T00:13:35.383+0530] {logging_mixin.py:188} INFO - [2026-03-18T00:13:35.383+0530] {dagbag.py:540} INFO - Filling up the DagBag from /Users/vybhavswaroop/Desktop/untitled folder 3/ecommerce_platform/venv/lib/python3.11/site-packages/airflow/example_dags/example_dynamic_task_mapping.py
[2026-03-18T00:13:35.406+0530] {processor.py:840} INFO - DAG(s) 'example_dynamic_task_mapping' retrieved from /Users/vybhavswaroop/Desktop/untitled folder 3/ecommerce_platform/venv/lib/python3.11/site-packages/airflow/example_dags/example_dynamic_task_mapping.py
[2026-03-18T00:13:35.467+0530] {logging_mixin.py:188} INFO - [2026-03-18T00:13:35.467+0530] {dag.py:3047} INFO - Sync 1 DAGs
[2026-03-18T00:13:35.476+0530] {logging_mixin.py:188} INFO - [2026-03-18T00:13:35.476+0530] {dag.py:3834} INFO - Setting next_dagrun for example_dynamic_task_mapping to 2022-03-04 00:00:00+00:00, run_after=2022-03-05 00:00:00+00:00
[2026-03-18T00:13:35.488+0530] {processor.py:183} INFO - Processing /Users/vybhavswaroop/Desktop/untitled folder 3/ecommerce_platform/venv/lib/python3.11/site-packages/airflow/example_dags/example_dynamic_task_mapping.py took 0.107 seconds
[2026-03-18T00:18:48.712+0530] {processor.py:161} INFO - Started process (PID=158) to work on /Users/vybhavswaroop/Desktop/untitled folder 3/ecommerce_platform/venv/lib/python3.11/site-packages/airflow/example_dags/example_dynamic_task_mapping.py
[2026-03-18T00:18:48.713+0530] {processor.py:830} INFO - Processing file /Users/vybhavswaroop/Desktop/untitled folder 3/ecommerce_platform/venv/lib/python3.11/site-packages/airflow/example_dags/example_dynamic_task_mapping.py for tasks to queue
[2026-03-18T00:18:48.714+0530] {logging_mixin.py:188} INFO - [2026-03-18T00:18:48.714+0530] {dagbag.py:540} INFO - Filling up the DagBag from /Users/vybhavswaroop/Desktop/untitled folder 3/ecommerce_platform/venv/lib/python3.11/site-packages/airflow/example_dags/example_dynamic_task_mapping.py
[2026-03-18T00:18:48.737+0530] {processor.py:840} INFO - DAG(s) 'example_dynamic_task_mapping' retrieved from /Users/vybhavswaroop/Desktop/untitled folder 3/ecommerce_platform/venv/lib/python3.11/site-packages/airflow/example_dags/example_dynamic_task_mapping.py
[2026-03-18T00:18:48.800+0530] {logging_mixin.py:188} INFO - [2026-03-18T00:18:48.800+0530] {dag.py:3047} INFO - Sync 1 DAGs
[2026-03-18T00:18:48.810+0530] {logging_mixin.py:188} INFO - [2026-03-18T00:18:48.810+0530] {dag.py:3834} INFO - Setting next_dagrun for example_dynamic_task_mapping to 2022-03-04 00:00:00+00:00, run_after=2022-03-05 00:00:00+00:00
[2026-03-18T00:18:48.822+0530] {processor.py:183} INFO - Processing /Users/vybhavswaroop/Desktop/untitled folder 3/ecommerce_platform/venv/lib/python3.11/site-packages/airflow/example_dags/example_dynamic_task_mapping.py took 0.110 seconds
[2026-03-18T00:24:06.206+0530] {processor.py:161} INFO - Started process (PID=3923) to work on /Users/vybhavswaroop/Desktop/untitled folder 3/ecommerce_platform/venv/lib/python3.11/site-packages/airflow/example_dags/example_dynamic_task_mapping.py
[2026-03-18T00:24:06.208+0530] {processor.py:830} INFO - Processing file /Users/vybhavswaroop/Desktop/untitled folder 3/ecommerce_platform/venv/lib/python3.11/site-packages/airflow/example_dags/example_dynamic_task_mapping.py for tasks to queue
[2026-03-18T00:24:06.209+0530] {logging_mixin.py:188} INFO - [2026-03-18T00:24:06.208+0530] {dagbag.py:540} INFO - Filling up the DagBag from /Users/vybhavswaroop/Desktop/untitled folder 3/ecommerce_platform/venv/lib/python3.11/site-packages/airflow/example_dags/example_dynamic_task_mapping.py
[2026-03-18T00:24:06.231+0530] {processor.py:840} INFO - DAG(s) 'example_dynamic_task_mapping' retrieved from /Users/vybhavswaroop/Desktop/untitled folder 3/ecommerce_platform/venv/lib/python3.11/site-packages/airflow/example_dags/example_dynamic_task_mapping.py
[2026-03-18T00:24:06.293+0530] {logging_mixin.py:188} INFO - [2026-03-18T00:24:06.293+0530] {dag.py:3047} INFO - Sync 1 DAGs
[2026-03-18T00:24:06.302+0530] {logging_mixin.py:188} INFO - [2026-03-18T00:24:06.302+0530] {dag.py:3834} INFO - Setting next_dagrun for example_dynamic_task_mapping to 2022-03-04 00:00:00+00:00, run_after=2022-03-05 00:00:00+00:00
[2026-03-18T00:24:06.313+0530] {processor.py:183} INFO - Processing /Users/vybhavswaroop/Desktop/untitled folder 3/ecommerce_platform/venv/lib/python3.11/site-packages/airflow/example_dags/example_dynamic_task_mapping.py took 0.108 seconds
[2026-03-18T00:29:41.343+0530] {processor.py:161} INFO - Started process (PID=7006) to work on /Users/vybhavswaroop/Desktop/untitled folder 3/ecommerce_platform/venv/lib/python3.11/site-packages/airflow/example_dags/example_dynamic_task_mapping.py
[2026-03-18T00:29:41.344+0530] {processor.py:830} INFO - Processing file /Users/vybhavswaroop/Desktop/untitled folder 3/ecommerce_platform/venv/lib/python3.11/site-packages/airflow/example_dags/example_dynamic_task_mapping.py for tasks to queue
[2026-03-18T00:29:41.344+0530] {logging_mixin.py:188} INFO - [2026-03-18T00:29:41.344+0530] {dagbag.py:540} INFO - Filling up the DagBag from /Users/vybhavswaroop/Desktop/untitled folder 3/ecommerce_platform/venv/lib/python3.11/site-packages/airflow/example_dags/example_dynamic_task_mapping.py
[2026-03-18T00:29:41.367+0530] {processor.py:840} INFO - DAG(s) 'example_dynamic_task_mapping' retrieved from /Users/vybhavswaroop/Desktop/untitled folder 3/ecommerce_platform/venv/lib/python3.11/site-packages/airflow/example_dags/example_dynamic_task_mapping.py
[2026-03-18T00:29:41.430+0530] {logging_mixin.py:188} INFO - [2026-03-18T00:29:41.429+0530] {dag.py:3047} INFO - Sync 1 DAGs
[2026-03-18T00:29:41.439+0530] {logging_mixin.py:188} INFO - [2026-03-18T00:29:41.439+0530] {dag.py:3834} INFO - Setting next_dagrun for example_dynamic_task_mapping to 2022-03-04 00:00:00+00:00, run_after=2022-03-05 00:00:00+00:00
[2026-03-18T00:29:41.450+0530] {processor.py:183} INFO - Processing /Users/vybhavswaroop/Desktop/untitled folder 3/ecommerce_platform/venv/lib/python3.11/site-packages/airflow/example_dags/example_dynamic_task_mapping.py took 0.108 seconds
[2026-03-18T00:35:00.538+0530] {processor.py:161} INFO - Started process (PID=10176) to work on /Users/vybhavswaroop/Desktop/untitled folder 3/ecommerce_platform/venv/lib/python3.11/site-packages/airflow/example_dags/example_dynamic_task_mapping.py
[2026-03-18T00:35:00.539+0530] {processor.py:830} INFO - Processing file /Users/vybhavswaroop/Desktop/untitled folder 3/ecommerce_platform/venv/lib/python3.11/site-packages/airflow/example_dags/example_dynamic_task_mapping.py for tasks to queue
[2026-03-18T00:35:00.539+0530] {logging_mixin.py:188} INFO - [2026-03-18T00:35:00.539+0530] {dagbag.py:540} INFO - Filling up the DagBag from /Users/vybhavswaroop/Desktop/untitled folder 3/ecommerce_platform/venv/lib/python3.11/site-packages/airflow/example_dags/example_dynamic_task_mapping.py
[2026-03-18T00:35:00.562+0530] {processor.py:840} INFO - DAG(s) 'example_dynamic_task_mapping' retrieved from /Users/vybhavswaroop/Desktop/untitled folder 3/ecommerce_platform/venv/lib/python3.11/site-packages/airflow/example_dags/example_dynamic_task_mapping.py
[2026-03-18T00:35:00.626+0530] {logging_mixin.py:188} INFO - [2026-03-18T00:35:00.625+0530] {dag.py:3047} INFO - Sync 1 DAGs
[2026-03-18T00:35:00.635+0530] {logging_mixin.py:188} INFO - [2026-03-18T00:35:00.634+0530] {dag.py:3834} INFO - Setting next_dagrun for example_dynamic_task_mapping to 2022-03-04 00:00:00+00:00, run_after=2022-03-05 00:00:00+00:00
[2026-03-18T00:35:00.646+0530] {processor.py:183} INFO - Processing /Users/vybhavswaroop/Desktop/untitled folder 3/ecommerce_platform/venv/lib/python3.11/site-packages/airflow/example_dags/example_dynamic_task_mapping.py took 0.110 seconds
[2026-03-18T00:40:30.231+0530] {processor.py:161} INFO - Started process (PID=13423) to work on /Users/vybhavswaroop/Desktop/untitled folder 3/ecommerce_platform/venv/lib/python3.11/site-packages/airflow/example_dags/example_dynamic_task_mapping.py
[2026-03-18T00:40:30.233+0530] {processor.py:830} INFO - Processing file /Users/vybhavswaroop/Desktop/untitled folder 3/ecommerce_platform/venv/lib/python3.11/site-packages/airflow/example_dags/example_dynamic_task_mapping.py for tasks to queue
[2026-03-18T00:40:30.233+0530] {logging_mixin.py:188} INFO - [2026-03-18T00:40:30.233+0530] {dagbag.py:540} INFO - Filling up the DagBag from /Users/vybhavswaroop/Desktop/untitled folder 3/ecommerce_platform/venv/lib/python3.11/site-packages/airflow/example_dags/example_dynamic_task_mapping.py
[2026-03-18T00:40:30.262+0530] {processor.py:840} INFO - DAG(s) 'example_dynamic_task_mapping' retrieved from /Users/vybhavswaroop/Desktop/untitled folder 3/ecommerce_platform/venv/lib/python3.11/site-packages/airflow/example_dags/example_dynamic_task_mapping.py
[2026-03-18T00:40:30.335+0530] {logging_mixin.py:188} INFO - [2026-03-18T00:40:30.334+0530] {dag.py:3047} INFO - Sync 1 DAGs
[2026-03-18T00:40:30.345+0530] {logging_mixin.py:188} INFO - [2026-03-18T00:40:30.344+0530] {dag.py:3834} INFO - Setting next_dagrun for example_dynamic_task_mapping to 2022-03-04 00:00:00+00:00, run_after=2022-03-05 00:00:00+00:00
[2026-03-18T00:40:30.359+0530] {processor.py:183} INFO - Processing /Users/vybhavswaroop/Desktop/untitled folder 3/ecommerce_platform/venv/lib/python3.11/site-packages/airflow/example_dags/example_dynamic_task_mapping.py took 0.128 seconds
[2026-03-18T00:46:00.219+0530] {processor.py:161} INFO - Started process (PID=16708) to work on /Users/vybhavswaroop/Desktop/untitled folder 3/ecommerce_platform/venv/lib/python3.11/site-packages/airflow/example_dags/example_dynamic_task_mapping.py
[2026-03-18T00:46:00.220+0530] {processor.py:830} INFO - Processing file /Users/vybhavswaroop/Desktop/untitled folder 3/ecommerce_platform/venv/lib/python3.11/site-packages/airflow/example_dags/example_dynamic_task_mapping.py for tasks to queue
[2026-03-18T00:46:00.221+0530] {logging_mixin.py:188} INFO - [2026-03-18T00:46:00.221+0530] {dagbag.py:540} INFO - Filling up the DagBag from /Users/vybhavswaroop/Desktop/untitled folder 3/ecommerce_platform/venv/lib/python3.11/site-packages/airflow/example_dags/example_dynamic_task_mapping.py
[2026-03-18T00:46:00.254+0530] {processor.py:840} INFO - DAG(s) 'example_dynamic_task_mapping' retrieved from /Users/vybhavswaroop/Desktop/untitled folder 3/ecommerce_platform/venv/lib/python3.11/site-packages/airflow/example_dags/example_dynamic_task_mapping.py
[2026-03-18T00:46:00.323+0530] {logging_mixin.py:188} INFO - [2026-03-18T00:46:00.323+0530] {dag.py:3047} INFO - Sync 1 DAGs
[2026-03-18T00:46:00.333+0530] {logging_mixin.py:188} INFO - [2026-03-18T00:46:00.333+0530] {dag.py:3834} INFO - Setting next_dagrun for example_dynamic_task_mapping to 2022-03-04 00:00:00+00:00, run_after=2022-03-05 00:00:00+00:00
[2026-03-18T00:46:00.347+0530] {processor.py:183} INFO - Processing /Users/vybhavswaroop/Desktop/untitled folder 3/ecommerce_platform/venv/lib/python3.11/site-packages/airflow/example_dags/example_dynamic_task_mapping.py took 0.129 seconds
[2026-03-18T00:51:24.419+0530] {processor.py:161} INFO - Started process (PID=19995) to work on /Users/vybhavswaroop/Desktop/untitled folder 3/ecommerce_platform/venv/lib/python3.11/site-packages/airflow/example_dags/example_dynamic_task_mapping.py
[2026-03-18T00:51:24.421+0530] {processor.py:830} INFO - Processing file /Users/vybhavswaroop/Desktop/untitled folder 3/ecommerce_platform/venv/lib/python3.11/site-packages/airflow/example_dags/example_dynamic_task_mapping.py for tasks to queue
[2026-03-18T00:51:24.421+0530] {logging_mixin.py:188} INFO - [2026-03-18T00:51:24.421+0530] {dagbag.py:540} INFO - Filling up the DagBag from /Users/vybhavswaroop/Desktop/untitled folder 3/ecommerce_platform/venv/lib/python3.11/site-packages/airflow/example_dags/example_dynamic_task_mapping.py
[2026-03-18T00:51:24.447+0530] {processor.py:840} INFO - DAG(s) 'example_dynamic_task_mapping' retrieved from /Users/vybhavswaroop/Desktop/untitled folder 3/ecommerce_platform/venv/lib/python3.11/site-packages/airflow/example_dags/example_dynamic_task_mapping.py
[2026-03-18T00:51:24.519+0530] {logging_mixin.py:188} INFO - [2026-03-18T00:51:24.519+0530] {dag.py:3047} INFO - Sync 1 DAGs
[2026-03-18T00:51:24.529+0530] {logging_mixin.py:188} INFO - [2026-03-18T00:51:24.529+0530] {dag.py:3834} INFO - Setting next_dagrun for example_dynamic_task_mapping to 2022-03-04 00:00:00+00:00, run_after=2022-03-05 00:00:00+00:00
[2026-03-18T00:51:24.540+0530] {processor.py:183} INFO - Processing /Users/vybhavswaroop/Desktop/untitled folder 3/ecommerce_platform/venv/lib/python3.11/site-packages/airflow/example_dags/example_dynamic_task_mapping.py took 0.122 seconds
[2026-03-18T00:56:51.642+0530] {processor.py:161} INFO - Started process (PID=23232) to work on /Users/vybhavswaroop/Desktop/untitled folder 3/ecommerce_platform/venv/lib/python3.11/site-packages/airflow/example_dags/example_dynamic_task_mapping.py
[2026-03-18T00:56:51.644+0530] {processor.py:830} INFO - Processing file /Users/vybhavswaroop/Desktop/untitled folder 3/ecommerce_platform/venv/lib/python3.11/site-packages/airflow/example_dags/example_dynamic_task_mapping.py for tasks to queue
[2026-03-18T00:56:51.644+0530] {logging_mixin.py:188} INFO - [2026-03-18T00:56:51.644+0530] {dagbag.py:540} INFO - Filling up the DagBag from /Users/vybhavswaroop/Desktop/untitled folder 3/ecommerce_platform/venv/lib/python3.11/site-packages/airflow/example_dags/example_dynamic_task_mapping.py
[2026-03-18T00:56:51.668+0530] {processor.py:840} INFO - DAG(s) 'example_dynamic_task_mapping' retrieved from /Users/vybhavswaroop/Desktop/untitled folder 3/ecommerce_platform/venv/lib/python3.11/site-packages/airflow/example_dags/example_dynamic_task_mapping.py
[2026-03-18T00:56:51.728+0530] {logging_mixin.py:188} INFO - [2026-03-18T00:56:51.728+0530] {dag.py:3047} INFO - Sync 1 DAGs
[2026-03-18T00:56:51.737+0530] {logging_mixin.py:188} INFO - [2026-03-18T00:56:51.737+0530] {dag.py:3834} INFO - Setting next_dagrun for example_dynamic_task_mapping to 2022-03-04 00:00:00+00:00, run_after=2022-03-05 00:00:00+00:00
[2026-03-18T00:56:51.749+0530] {processor.py:183} INFO - Processing /Users/vybhavswaroop/Desktop/untitled folder 3/ecommerce_platform/venv/lib/python3.11/site-packages/airflow/example_dags/example_dynamic_task_mapping.py took 0.108 seconds
[2026-03-18T01:01:22.482+0530] {processor.py:161} INFO - Started process (PID=26454) to work on /Users/vybhavswaroop/Desktop/untitled folder 3/ecommerce_platform/venv/lib/python3.11/site-packages/airflow/example_dags/example_dynamic_task_mapping.py
[2026-03-18T01:01:22.484+0530] {processor.py:830} INFO - Processing file /Users/vybhavswaroop/Desktop/untitled folder 3/ecommerce_platform/venv/lib/python3.11/site-packages/airflow/example_dags/example_dynamic_task_mapping.py for tasks to queue
[2026-03-18T01:01:22.484+0530] {logging_mixin.py:188} INFO - [2026-03-18T01:01:22.484+0530] {dagbag.py:540} INFO - Filling up the DagBag from /Users/vybhavswaroop/Desktop/untitled folder 3/ecommerce_platform/venv/lib/python3.11/site-packages/airflow/example_dags/example_dynamic_task_mapping.py
[2026-03-18T01:01:22.507+0530] {processor.py:840} INFO - DAG(s) 'example_dynamic_task_mapping' retrieved from /Users/vybhavswaroop/Desktop/untitled folder 3/ecommerce_platform/venv/lib/python3.11/site-packages/airflow/example_dags/example_dynamic_task_mapping.py
[2026-03-18T01:01:22.569+0530] {logging_mixin.py:188} INFO - [2026-03-18T01:01:22.569+0530] {dag.py:3047} INFO - Sync 1 DAGs
[2026-03-18T01:01:22.578+0530] {logging_mixin.py:188} INFO - [2026-03-18T01:01:22.578+0530] {dag.py:3834} INFO - Setting next_dagrun for example_dynamic_task_mapping to 2022-03-04 00:00:00+00:00, run_after=2022-03-05 00:00:00+00:00
[2026-03-18T01:01:22.590+0530] {processor.py:183} INFO - Processing /Users/vybhavswaroop/Desktop/untitled folder 3/ecommerce_platform/venv/lib/python3.11/site-packages/airflow/example_dags/example_dynamic_task_mapping.py took 0.108 seconds
[2026-03-18T01:04:37.313+0530] {processor.py:161} INFO - Started process (PID=28394) to work on /Users/vybhavswaroop/Desktop/untitled folder 3/ecommerce_platform/venv/lib/python3.11/site-packages/airflow/example_dags/example_dynamic_task_mapping.py
[2026-03-18T01:04:37.315+0530] {processor.py:830} INFO - Processing file /Users/vybhavswaroop/Desktop/untitled folder 3/ecommerce_platform/venv/lib/python3.11/site-packages/airflow/example_dags/example_dynamic_task_mapping.py for tasks to queue
[2026-03-18T01:04:37.315+0530] {logging_mixin.py:188} INFO - [2026-03-18T01:04:37.315+0530] {dagbag.py:540} INFO - Filling up the DagBag from /Users/vybhavswaroop/Desktop/untitled folder 3/ecommerce_platform/venv/lib/python3.11/site-packages/airflow/example_dags/example_dynamic_task_mapping.py
[2026-03-18T01:04:37.345+0530] {processor.py:840} INFO - DAG(s) 'example_dynamic_task_mapping' retrieved from /Users/vybhavswaroop/Desktop/untitled folder 3/ecommerce_platform/venv/lib/python3.11/site-packages/airflow/example_dags/example_dynamic_task_mapping.py
[2026-03-18T01:04:37.418+0530] {logging_mixin.py:188} INFO - [2026-03-18T01:04:37.417+0530] {dag.py:3047} INFO - Sync 1 DAGs
[2026-03-18T01:04:37.429+0530] {logging_mixin.py:188} INFO - [2026-03-18T01:04:37.428+0530] {dag.py:3834} INFO - Setting next_dagrun for example_dynamic_task_mapping to 2022-03-04 00:00:00+00:00, run_after=2022-03-05 00:00:00+00:00
[2026-03-18T01:04:37.444+0530] {processor.py:183} INFO - Processing /Users/vybhavswaroop/Desktop/untitled folder 3/ecommerce_platform/venv/lib/python3.11/site-packages/airflow/example_dags/example_dynamic_task_mapping.py took 0.132 seconds
[2026-03-18T01:10:10.945+0530] {processor.py:161} INFO - Started process (PID=31680) to work on /Users/vybhavswaroop/Desktop/untitled folder 3/ecommerce_platform/venv/lib/python3.11/site-packages/airflow/example_dags/example_dynamic_task_mapping.py
[2026-03-18T01:10:10.946+0530] {processor.py:830} INFO - Processing file /Users/vybhavswaroop/Desktop/untitled folder 3/ecommerce_platform/venv/lib/python3.11/site-packages/airflow/example_dags/example_dynamic_task_mapping.py for tasks to queue
[2026-03-18T01:10:10.946+0530] {logging_mixin.py:188} INFO - [2026-03-18T01:10:10.946+0530] {dagbag.py:540} INFO - Filling up the DagBag from /Users/vybhavswaroop/Desktop/untitled folder 3/ecommerce_platform/venv/lib/python3.11/site-packages/airflow/example_dags/example_dynamic_task_mapping.py
[2026-03-18T01:10:10.968+0530] {processor.py:840} INFO - DAG(s) 'example_dynamic_task_mapping' retrieved from /Users/vybhavswaroop/Desktop/untitled folder 3/ecommerce_platform/venv/lib/python3.11/site-packages/airflow/example_dags/example_dynamic_task_mapping.py
[2026-03-18T01:10:11.027+0530] {logging_mixin.py:188} INFO - [2026-03-18T01:10:11.026+0530] {dag.py:3047} INFO - Sync 1 DAGs
[2026-03-18T01:10:11.035+0530] {logging_mixin.py:188} INFO - [2026-03-18T01:10:11.035+0530] {dag.py:3834} INFO - Setting next_dagrun for example_dynamic_task_mapping to 2022-03-04 00:00:00+00:00, run_after=2022-03-05 00:00:00+00:00
[2026-03-18T01:10:11.046+0530] {processor.py:183} INFO - Processing /Users/vybhavswaroop/Desktop/untitled folder 3/ecommerce_platform/venv/lib/python3.11/site-packages/airflow/example_dags/example_dynamic_task_mapping.py took 0.102 seconds
[2026-03-18T01:15:36.389+0530] {processor.py:161} INFO - Started process (PID=34943) to work on /Users/vybhavswaroop/Desktop/untitled folder 3/ecommerce_platform/venv/lib/python3.11/site-packages/airflow/example_dags/example_dynamic_task_mapping.py
[2026-03-18T01:15:36.393+0530] {processor.py:830} INFO - Processing file /Users/vybhavswaroop/Desktop/untitled folder 3/ecommerce_platform/venv/lib/python3.11/site-packages/airflow/example_dags/example_dynamic_task_mapping.py for tasks to queue
[2026-03-18T01:15:36.393+0530] {logging_mixin.py:188} INFO - [2026-03-18T01:15:36.393+0530] {dagbag.py:540} INFO - Filling up the DagBag from /Users/vybhavswaroop/Desktop/untitled folder 3/ecommerce_platform/venv/lib/python3.11/site-packages/airflow/example_dags/example_dynamic_task_mapping.py
[2026-03-18T01:15:36.415+0530] {processor.py:840} INFO - DAG(s) 'example_dynamic_task_mapping' retrieved from /Users/vybhavswaroop/Desktop/untitled folder 3/ecommerce_platform/venv/lib/python3.11/site-packages/airflow/example_dags/example_dynamic_task_mapping.py
[2026-03-18T01:15:36.478+0530] {logging_mixin.py:188} INFO - [2026-03-18T01:15:36.478+0530] {dag.py:3047} INFO - Sync 1 DAGs
[2026-03-18T01:15:36.487+0530] {logging_mixin.py:188} INFO - [2026-03-18T01:15:36.487+0530] {dag.py:3834} INFO - Setting next_dagrun for example_dynamic_task_mapping to 2022-03-04 00:00:00+00:00, run_after=2022-03-05 00:00:00+00:00
[2026-03-18T01:15:36.499+0530] {processor.py:183} INFO - Processing /Users/vybhavswaroop/Desktop/untitled folder 3/ecommerce_platform/venv/lib/python3.11/site-packages/airflow/example_dags/example_dynamic_task_mapping.py took 0.111 seconds
[2026-03-18T01:20:53.838+0530] {processor.py:161} INFO - Started process (PID=38193) to work on /Users/vybhavswaroop/Desktop/untitled folder 3/ecommerce_platform/venv/lib/python3.11/site-packages/airflow/example_dags/example_dynamic_task_mapping.py
[2026-03-18T01:20:53.840+0530] {processor.py:830} INFO - Processing file /Users/vybhavswaroop/Desktop/untitled folder 3/ecommerce_platform/venv/lib/python3.11/site-packages/airflow/example_dags/example_dynamic_task_mapping.py for tasks to queue
[2026-03-18T01:20:53.840+0530] {logging_mixin.py:188} INFO - [2026-03-18T01:20:53.840+0530] {dagbag.py:540} INFO - Filling up the DagBag from /Users/vybhavswaroop/Desktop/untitled folder 3/ecommerce_platform/venv/lib/python3.11/site-packages/airflow/example_dags/example_dynamic_task_mapping.py
[2026-03-18T01:20:53.863+0530] {processor.py:840} INFO - DAG(s) 'example_dynamic_task_mapping' retrieved from /Users/vybhavswaroop/Desktop/untitled folder 3/ecommerce_platform/venv/lib/python3.11/site-packages/airflow/example_dags/example_dynamic_task_mapping.py
[2026-03-18T01:20:53.922+0530] {logging_mixin.py:188} INFO - [2026-03-18T01:20:53.922+0530] {dag.py:3047} INFO - Sync 1 DAGs
[2026-03-18T01:20:53.931+0530] {logging_mixin.py:188} INFO - [2026-03-18T01:20:53.931+0530] {dag.py:3834} INFO - Setting next_dagrun for example_dynamic_task_mapping to 2022-03-04 00:00:00+00:00, run_after=2022-03-05 00:00:00+00:00
[2026-03-18T01:20:53.943+0530] {processor.py:183} INFO - Processing /Users/vybhavswaroop/Desktop/untitled folder 3/ecommerce_platform/venv/lib/python3.11/site-packages/airflow/example_dags/example_dynamic_task_mapping.py took 0.105 seconds
[2026-03-18T01:25:51.000+0530] {processor.py:161} INFO - Started process (PID=41348) to work on /Users/vybhavswaroop/Desktop/untitled folder 3/ecommerce_platform/venv/lib/python3.11/site-packages/airflow/example_dags/example_dynamic_task_mapping.py
[2026-03-18T01:25:51.003+0530] {processor.py:830} INFO - Processing file /Users/vybhavswaroop/Desktop/untitled folder 3/ecommerce_platform/venv/lib/python3.11/site-packages/airflow/example_dags/example_dynamic_task_mapping.py for tasks to queue
[2026-03-18T01:25:51.003+0530] {logging_mixin.py:188} INFO - [2026-03-18T01:25:51.003+0530] {dagbag.py:540} INFO - Filling up the DagBag from /Users/vybhavswaroop/Desktop/untitled folder 3/ecommerce_platform/venv/lib/python3.11/site-packages/airflow/example_dags/example_dynamic_task_mapping.py
[2026-03-18T01:25:51.026+0530] {processor.py:840} INFO - DAG(s) 'example_dynamic_task_mapping' retrieved from /Users/vybhavswaroop/Desktop/untitled folder 3/ecommerce_platform/venv/lib/python3.11/site-packages/airflow/example_dags/example_dynamic_task_mapping.py
[2026-03-18T01:25:51.095+0530] {logging_mixin.py:188} INFO - [2026-03-18T01:25:51.095+0530] {dag.py:3047} INFO - Sync 1 DAGs
[2026-03-18T01:25:51.106+0530] {logging_mixin.py:188} INFO - [2026-03-18T01:25:51.105+0530] {dag.py:3834} INFO - Setting next_dagrun for example_dynamic_task_mapping to 2022-03-04 00:00:00+00:00, run_after=2022-03-05 00:00:00+00:00
[2026-03-18T01:25:51.118+0530] {processor.py:183} INFO - Processing /Users/vybhavswaroop/Desktop/untitled folder 3/ecommerce_platform/venv/lib/python3.11/site-packages/airflow/example_dags/example_dynamic_task_mapping.py took 0.119 seconds
[2026-03-18T01:30:46.538+0530] {processor.py:161} INFO - Started process (PID=44535) to work on /Users/vybhavswaroop/Desktop/untitled folder 3/ecommerce_platform/venv/lib/python3.11/site-packages/airflow/example_dags/example_dynamic_task_mapping.py
[2026-03-18T01:30:46.539+0530] {processor.py:830} INFO - Processing file /Users/vybhavswaroop/Desktop/untitled folder 3/ecommerce_platform/venv/lib/python3.11/site-packages/airflow/example_dags/example_dynamic_task_mapping.py for tasks to queue
[2026-03-18T01:30:46.539+0530] {logging_mixin.py:188} INFO - [2026-03-18T01:30:46.539+0530] {dagbag.py:540} INFO - Filling up the DagBag from /Users/vybhavswaroop/Desktop/untitled folder 3/ecommerce_platform/venv/lib/python3.11/site-packages/airflow/example_dags/example_dynamic_task_mapping.py
[2026-03-18T01:30:46.559+0530] {processor.py:840} INFO - DAG(s) 'example_dynamic_task_mapping' retrieved from /Users/vybhavswaroop/Desktop/untitled folder 3/ecommerce_platform/venv/lib/python3.11/site-packages/airflow/example_dags/example_dynamic_task_mapping.py
[2026-03-18T01:30:46.617+0530] {logging_mixin.py:188} INFO - [2026-03-18T01:30:46.617+0530] {dag.py:3047} INFO - Sync 1 DAGs
[2026-03-18T01:30:46.625+0530] {logging_mixin.py:188} INFO - [2026-03-18T01:30:46.625+0530] {dag.py:3834} INFO - Setting next_dagrun for example_dynamic_task_mapping to 2022-03-04 00:00:00+00:00, run_after=2022-03-05 00:00:00+00:00
[2026-03-18T01:30:46.636+0530] {processor.py:183} INFO - Processing /Users/vybhavswaroop/Desktop/untitled folder 3/ecommerce_platform/venv/lib/python3.11/site-packages/airflow/example_dags/example_dynamic_task_mapping.py took 0.099 seconds
[2026-03-18T01:35:51.001+0530] {processor.py:161} INFO - Started process (PID=47698) to work on /Users/vybhavswaroop/Desktop/untitled folder 3/ecommerce_platform/venv/lib/python3.11/site-packages/airflow/example_dags/example_dynamic_task_mapping.py
[2026-03-18T01:35:51.002+0530] {processor.py:830} INFO - Processing file /Users/vybhavswaroop/Desktop/untitled folder 3/ecommerce_platform/venv/lib/python3.11/site-packages/airflow/example_dags/example_dynamic_task_mapping.py for tasks to queue
[2026-03-18T01:35:51.003+0530] {logging_mixin.py:188} INFO - [2026-03-18T01:35:51.002+0530] {dagbag.py:540} INFO - Filling up the DagBag from /Users/vybhavswaroop/Desktop/untitled folder 3/ecommerce_platform/venv/lib/python3.11/site-packages/airflow/example_dags/example_dynamic_task_mapping.py
[2026-03-18T01:35:51.024+0530] {processor.py:840} INFO - DAG(s) 'example_dynamic_task_mapping' retrieved from /Users/vybhavswaroop/Desktop/untitled folder 3/ecommerce_platform/venv/lib/python3.11/site-packages/airflow/example_dags/example_dynamic_task_mapping.py
[2026-03-18T01:35:51.081+0530] {logging_mixin.py:188} INFO - [2026-03-18T01:35:51.081+0530] {dag.py:3047} INFO - Sync 1 DAGs
[2026-03-18T01:35:51.090+0530] {logging_mixin.py:188} INFO - [2026-03-18T01:35:51.089+0530] {dag.py:3834} INFO - Setting next_dagrun for example_dynamic_task_mapping to 2022-03-04 00:00:00+00:00, run_after=2022-03-05 00:00:00+00:00
[2026-03-18T01:35:51.099+0530] {processor.py:183} INFO - Processing /Users/vybhavswaroop/Desktop/untitled folder 3/ecommerce_platform/venv/lib/python3.11/site-packages/airflow/example_dags/example_dynamic_task_mapping.py took 0.099 seconds
[2026-03-18T01:41:10.665+0530] {processor.py:161} INFO - Started process (PID=50810) to work on /Users/vybhavswaroop/Desktop/untitled folder 3/ecommerce_platform/venv/lib/python3.11/site-packages/airflow/example_dags/example_dynamic_task_mapping.py
[2026-03-18T01:41:10.666+0530] {processor.py:830} INFO - Processing file /Users/vybhavswaroop/Desktop/untitled folder 3/ecommerce_platform/venv/lib/python3.11/site-packages/airflow/example_dags/example_dynamic_task_mapping.py for tasks to queue
[2026-03-18T01:41:10.667+0530] {logging_mixin.py:188} INFO - [2026-03-18T01:41:10.667+0530] {dagbag.py:540} INFO - Filling up the DagBag from /Users/vybhavswaroop/Desktop/untitled folder 3/ecommerce_platform/venv/lib/python3.11/site-packages/airflow/example_dags/example_dynamic_task_mapping.py
[2026-03-18T01:41:10.697+0530] {processor.py:840} INFO - DAG(s) 'example_dynamic_task_mapping' retrieved from /Users/vybhavswaroop/Desktop/untitled folder 3/ecommerce_platform/venv/lib/python3.11/site-packages/airflow/example_dags/example_dynamic_task_mapping.py
[2026-03-18T01:41:10.781+0530] {logging_mixin.py:188} INFO - [2026-03-18T01:41:10.781+0530] {dag.py:3047} INFO - Sync 1 DAGs
[2026-03-18T01:41:10.794+0530] {logging_mixin.py:188} INFO - [2026-03-18T01:41:10.793+0530] {dag.py:3834} INFO - Setting next_dagrun for example_dynamic_task_mapping to 2022-03-04 00:00:00+00:00, run_after=2022-03-05 00:00:00+00:00
[2026-03-18T01:41:10.810+0530] {processor.py:183} INFO - Processing /Users/vybhavswaroop/Desktop/untitled folder 3/ecommerce_platform/venv/lib/python3.11/site-packages/airflow/example_dags/example_dynamic_task_mapping.py took 0.146 seconds
[2026-03-18T01:46:49.647+0530] {processor.py:161} INFO - Started process (PID=53863) to work on /Users/vybhavswaroop/Desktop/untitled folder 3/ecommerce_platform/venv/lib/python3.11/site-packages/airflow/example_dags/example_dynamic_task_mapping.py
[2026-03-18T01:46:49.648+0530] {processor.py:830} INFO - Processing file /Users/vybhavswaroop/Desktop/untitled folder 3/ecommerce_platform/venv/lib/python3.11/site-packages/airflow/example_dags/example_dynamic_task_mapping.py for tasks to queue
[2026-03-18T01:46:49.649+0530] {logging_mixin.py:188} INFO - [2026-03-18T01:46:49.648+0530] {dagbag.py:540} INFO - Filling up the DagBag from /Users/vybhavswaroop/Desktop/untitled folder 3/ecommerce_platform/venv/lib/python3.11/site-packages/airflow/example_dags/example_dynamic_task_mapping.py
[2026-03-18T01:46:49.675+0530] {processor.py:840} INFO - DAG(s) 'example_dynamic_task_mapping' retrieved from /Users/vybhavswaroop/Desktop/untitled folder 3/ecommerce_platform/venv/lib/python3.11/site-packages/airflow/example_dags/example_dynamic_task_mapping.py
[2026-03-18T01:46:49.745+0530] {logging_mixin.py:188} INFO - [2026-03-18T01:46:49.744+0530] {dag.py:3047} INFO - Sync 1 DAGs
[2026-03-18T01:46:49.755+0530] {logging_mixin.py:188} INFO - [2026-03-18T01:46:49.755+0530] {dag.py:3834} INFO - Setting next_dagrun for example_dynamic_task_mapping to 2022-03-04 00:00:00+00:00, run_after=2022-03-05 00:00:00+00:00
[2026-03-18T01:46:49.771+0530] {processor.py:183} INFO - Processing /Users/vybhavswaroop/Desktop/untitled folder 3/ecommerce_platform/venv/lib/python3.11/site-packages/airflow/example_dags/example_dynamic_task_mapping.py took 0.124 seconds
[2026-03-18T01:52:31.693+0530] {processor.py:161} INFO - Started process (PID=56961) to work on /Users/vybhavswaroop/Desktop/untitled folder 3/ecommerce_platform/venv/lib/python3.11/site-packages/airflow/example_dags/example_dynamic_task_mapping.py
[2026-03-18T01:52:31.694+0530] {processor.py:830} INFO - Processing file /Users/vybhavswaroop/Desktop/untitled folder 3/ecommerce_platform/venv/lib/python3.11/site-packages/airflow/example_dags/example_dynamic_task_mapping.py for tasks to queue
[2026-03-18T01:52:31.695+0530] {logging_mixin.py:188} INFO - [2026-03-18T01:52:31.695+0530] {dagbag.py:540} INFO - Filling up the DagBag from /Users/vybhavswaroop/Desktop/untitled folder 3/ecommerce_platform/venv/lib/python3.11/site-packages/airflow/example_dags/example_dynamic_task_mapping.py
[2026-03-18T01:52:31.724+0530] {processor.py:840} INFO - DAG(s) 'example_dynamic_task_mapping' retrieved from /Users/vybhavswaroop/Desktop/untitled folder 3/ecommerce_platform/venv/lib/python3.11/site-packages/airflow/example_dags/example_dynamic_task_mapping.py
[2026-03-18T01:52:31.796+0530] {logging_mixin.py:188} INFO - [2026-03-18T01:52:31.795+0530] {dag.py:3047} INFO - Sync 1 DAGs
[2026-03-18T01:52:31.807+0530] {logging_mixin.py:188} INFO - [2026-03-18T01:52:31.807+0530] {dag.py:3834} INFO - Setting next_dagrun for example_dynamic_task_mapping to 2022-03-04 00:00:00+00:00, run_after=2022-03-05 00:00:00+00:00
[2026-03-18T01:52:31.821+0530] {processor.py:183} INFO - Processing /Users/vybhavswaroop/Desktop/untitled folder 3/ecommerce_platform/venv/lib/python3.11/site-packages/airflow/example_dags/example_dynamic_task_mapping.py took 0.129 seconds
[2026-03-18T01:58:13.307+0530] {processor.py:161} INFO - Started process (PID=60070) to work on /Users/vybhavswaroop/Desktop/untitled folder 3/ecommerce_platform/venv/lib/python3.11/site-packages/airflow/example_dags/example_dynamic_task_mapping.py
[2026-03-18T01:58:13.309+0530] {processor.py:830} INFO - Processing file /Users/vybhavswaroop/Desktop/untitled folder 3/ecommerce_platform/venv/lib/python3.11/site-packages/airflow/example_dags/example_dynamic_task_mapping.py for tasks to queue
[2026-03-18T01:58:13.310+0530] {logging_mixin.py:188} INFO - [2026-03-18T01:58:13.310+0530] {dagbag.py:540} INFO - Filling up the DagBag from /Users/vybhavswaroop/Desktop/untitled folder 3/ecommerce_platform/venv/lib/python3.11/site-packages/airflow/example_dags/example_dynamic_task_mapping.py
[2026-03-18T01:58:13.339+0530] {processor.py:840} INFO - DAG(s) 'example_dynamic_task_mapping' retrieved from /Users/vybhavswaroop/Desktop/untitled folder 3/ecommerce_platform/venv/lib/python3.11/site-packages/airflow/example_dags/example_dynamic_task_mapping.py
[2026-03-18T01:58:13.416+0530] {logging_mixin.py:188} INFO - [2026-03-18T01:58:13.416+0530] {dag.py:3047} INFO - Sync 1 DAGs
[2026-03-18T01:58:13.427+0530] {logging_mixin.py:188} INFO - [2026-03-18T01:58:13.426+0530] {dag.py:3834} INFO - Setting next_dagrun for example_dynamic_task_mapping to 2022-03-04 00:00:00+00:00, run_after=2022-03-05 00:00:00+00:00
[2026-03-18T01:58:13.440+0530] {processor.py:183} INFO - Processing /Users/vybhavswaroop/Desktop/untitled folder 3/ecommerce_platform/venv/lib/python3.11/site-packages/airflow/example_dags/example_dynamic_task_mapping.py took 0.133 seconds
[2026-03-18T02:03:48.902+0530] {processor.py:161} INFO - Started process (PID=63192) to work on /Users/vybhavswaroop/Desktop/untitled folder 3/ecommerce_platform/venv/lib/python3.11/site-packages/airflow/example_dags/example_dynamic_task_mapping.py
[2026-03-18T02:03:48.903+0530] {processor.py:830} INFO - Processing file /Users/vybhavswaroop/Desktop/untitled folder 3/ecommerce_platform/venv/lib/python3.11/site-packages/airflow/example_dags/example_dynamic_task_mapping.py for tasks to queue
[2026-03-18T02:03:48.904+0530] {logging_mixin.py:188} INFO - [2026-03-18T02:03:48.904+0530] {dagbag.py:540} INFO - Filling up the DagBag from /Users/vybhavswaroop/Desktop/untitled folder 3/ecommerce_platform/venv/lib/python3.11/site-packages/airflow/example_dags/example_dynamic_task_mapping.py
[2026-03-18T02:03:48.928+0530] {processor.py:840} INFO - DAG(s) 'example_dynamic_task_mapping' retrieved from /Users/vybhavswaroop/Desktop/untitled folder 3/ecommerce_platform/venv/lib/python3.11/site-packages/airflow/example_dags/example_dynamic_task_mapping.py
[2026-03-18T02:03:49.003+0530] {logging_mixin.py:188} INFO - [2026-03-18T02:03:49.003+0530] {dag.py:3047} INFO - Sync 1 DAGs
[2026-03-18T02:03:49.015+0530] {logging_mixin.py:188} INFO - [2026-03-18T02:03:49.014+0530] {dag.py:3834} INFO - Setting next_dagrun for example_dynamic_task_mapping to 2022-03-04 00:00:00+00:00, run_after=2022-03-05 00:00:00+00:00
[2026-03-18T02:03:49.030+0530] {processor.py:183} INFO - Processing /Users/vybhavswaroop/Desktop/untitled folder 3/ecommerce_platform/venv/lib/python3.11/site-packages/airflow/example_dags/example_dynamic_task_mapping.py took 0.129 seconds
[2026-03-18T02:08:49.013+0530] {processor.py:161} INFO - Started process (PID=66454) to work on /Users/vybhavswaroop/Desktop/untitled folder 3/ecommerce_platform/venv/lib/python3.11/site-packages/airflow/example_dags/example_dynamic_task_mapping.py
[2026-03-18T02:08:49.014+0530] {processor.py:830} INFO - Processing file /Users/vybhavswaroop/Desktop/untitled folder 3/ecommerce_platform/venv/lib/python3.11/site-packages/airflow/example_dags/example_dynamic_task_mapping.py for tasks to queue
[2026-03-18T02:08:49.014+0530] {logging_mixin.py:188} INFO - [2026-03-18T02:08:49.014+0530] {dagbag.py:540} INFO - Filling up the DagBag from /Users/vybhavswaroop/Desktop/untitled folder 3/ecommerce_platform/venv/lib/python3.11/site-packages/airflow/example_dags/example_dynamic_task_mapping.py
[2026-03-18T02:08:49.034+0530] {processor.py:840} INFO - DAG(s) 'example_dynamic_task_mapping' retrieved from /Users/vybhavswaroop/Desktop/untitled folder 3/ecommerce_platform/venv/lib/python3.11/site-packages/airflow/example_dags/example_dynamic_task_mapping.py
[2026-03-18T02:08:49.088+0530] {logging_mixin.py:188} INFO - [2026-03-18T02:08:49.088+0530] {dag.py:3047} INFO - Sync 1 DAGs
[2026-03-18T02:08:49.096+0530] {logging_mixin.py:188} INFO - [2026-03-18T02:08:49.096+0530] {dag.py:3834} INFO - Setting next_dagrun for example_dynamic_task_mapping to 2022-03-04 00:00:00+00:00, run_after=2022-03-05 00:00:00+00:00
[2026-03-18T02:08:49.106+0530] {processor.py:183} INFO - Processing /Users/vybhavswaroop/Desktop/untitled folder 3/ecommerce_platform/venv/lib/python3.11/site-packages/airflow/example_dags/example_dynamic_task_mapping.py took 0.094 seconds
[2026-03-18T02:13:40.868+0530] {processor.py:161} INFO - Started process (PID=69607) to work on /Users/vybhavswaroop/Desktop/untitled folder 3/ecommerce_platform/venv/lib/python3.11/site-packages/airflow/example_dags/example_dynamic_task_mapping.py
[2026-03-18T02:13:40.869+0530] {processor.py:830} INFO - Processing file /Users/vybhavswaroop/Desktop/untitled folder 3/ecommerce_platform/venv/lib/python3.11/site-packages/airflow/example_dags/example_dynamic_task_mapping.py for tasks to queue
[2026-03-18T02:13:40.870+0530] {logging_mixin.py:188} INFO - [2026-03-18T02:13:40.870+0530] {dagbag.py:540} INFO - Filling up the DagBag from /Users/vybhavswaroop/Desktop/untitled folder 3/ecommerce_platform/venv/lib/python3.11/site-packages/airflow/example_dags/example_dynamic_task_mapping.py
[2026-03-18T02:13:40.899+0530] {processor.py:840} INFO - DAG(s) 'example_dynamic_task_mapping' retrieved from /Users/vybhavswaroop/Desktop/untitled folder 3/ecommerce_platform/venv/lib/python3.11/site-packages/airflow/example_dags/example_dynamic_task_mapping.py
[2026-03-18T02:13:40.978+0530] {logging_mixin.py:188} INFO - [2026-03-18T02:13:40.978+0530] {dag.py:3047} INFO - Sync 1 DAGs
[2026-03-18T02:13:40.989+0530] {logging_mixin.py:188} INFO - [2026-03-18T02:13:40.989+0530] {dag.py:3834} INFO - Setting next_dagrun for example_dynamic_task_mapping to 2022-03-04 00:00:00+00:00, run_after=2022-03-05 00:00:00+00:00
[2026-03-18T02:13:41.002+0530] {processor.py:183} INFO - Processing /Users/vybhavswaroop/Desktop/untitled folder 3/ecommerce_platform/venv/lib/python3.11/site-packages/airflow/example_dags/example_dynamic_task_mapping.py took 0.135 seconds
[2026-03-18T02:19:20.243+0530] {processor.py:161} INFO - Started process (PID=72766) to work on /Users/vybhavswaroop/Desktop/untitled folder 3/ecommerce_platform/venv/lib/python3.11/site-packages/airflow/example_dags/example_dynamic_task_mapping.py
[2026-03-18T02:19:20.244+0530] {processor.py:830} INFO - Processing file /Users/vybhavswaroop/Desktop/untitled folder 3/ecommerce_platform/venv/lib/python3.11/site-packages/airflow/example_dags/example_dynamic_task_mapping.py for tasks to queue
[2026-03-18T02:19:20.245+0530] {logging_mixin.py:188} INFO - [2026-03-18T02:19:20.244+0530] {dagbag.py:540} INFO - Filling up the DagBag from /Users/vybhavswaroop/Desktop/untitled folder 3/ecommerce_platform/venv/lib/python3.11/site-packages/airflow/example_dags/example_dynamic_task_mapping.py
[2026-03-18T02:19:20.271+0530] {processor.py:840} INFO - DAG(s) 'example_dynamic_task_mapping' retrieved from /Users/vybhavswaroop/Desktop/untitled folder 3/ecommerce_platform/venv/lib/python3.11/site-packages/airflow/example_dags/example_dynamic_task_mapping.py
[2026-03-18T02:19:20.347+0530] {logging_mixin.py:188} INFO - [2026-03-18T02:19:20.347+0530] {dag.py:3047} INFO - Sync 1 DAGs
[2026-03-18T02:19:20.359+0530] {logging_mixin.py:188} INFO - [2026-03-18T02:19:20.359+0530] {dag.py:3834} INFO - Setting next_dagrun for example_dynamic_task_mapping to 2022-03-04 00:00:00+00:00, run_after=2022-03-05 00:00:00+00:00
[2026-03-18T02:19:20.374+0530] {processor.py:183} INFO - Processing /Users/vybhavswaroop/Desktop/untitled folder 3/ecommerce_platform/venv/lib/python3.11/site-packages/airflow/example_dags/example_dynamic_task_mapping.py took 0.133 seconds
[2026-03-18T02:24:53.894+0530] {processor.py:161} INFO - Started process (PID=75885) to work on /Users/vybhavswaroop/Desktop/untitled folder 3/ecommerce_platform/venv/lib/python3.11/site-packages/airflow/example_dags/example_dynamic_task_mapping.py
[2026-03-18T02:24:53.895+0530] {processor.py:830} INFO - Processing file /Users/vybhavswaroop/Desktop/untitled folder 3/ecommerce_platform/venv/lib/python3.11/site-packages/airflow/example_dags/example_dynamic_task_mapping.py for tasks to queue
[2026-03-18T02:24:53.896+0530] {logging_mixin.py:188} INFO - [2026-03-18T02:24:53.896+0530] {dagbag.py:540} INFO - Filling up the DagBag from /Users/vybhavswaroop/Desktop/untitled folder 3/ecommerce_platform/venv/lib/python3.11/site-packages/airflow/example_dags/example_dynamic_task_mapping.py
[2026-03-18T02:24:53.926+0530] {processor.py:840} INFO - DAG(s) 'example_dynamic_task_mapping' retrieved from /Users/vybhavswaroop/Desktop/untitled folder 3/ecommerce_platform/venv/lib/python3.11/site-packages/airflow/example_dags/example_dynamic_task_mapping.py
[2026-03-18T02:24:54.011+0530] {logging_mixin.py:188} INFO - [2026-03-18T02:24:54.011+0530] {dag.py:3047} INFO - Sync 1 DAGs
[2026-03-18T02:24:54.021+0530] {logging_mixin.py:188} INFO - [2026-03-18T02:24:54.021+0530] {dag.py:3834} INFO - Setting next_dagrun for example_dynamic_task_mapping to 2022-03-04 00:00:00+00:00, run_after=2022-03-05 00:00:00+00:00
[2026-03-18T02:24:54.036+0530] {processor.py:183} INFO - Processing /Users/vybhavswaroop/Desktop/untitled folder 3/ecommerce_platform/venv/lib/python3.11/site-packages/airflow/example_dags/example_dynamic_task_mapping.py took 0.143 seconds
[2026-03-18T02:30:24.105+0530] {processor.py:161} INFO - Started process (PID=79030) to work on /Users/vybhavswaroop/Desktop/untitled folder 3/ecommerce_platform/venv/lib/python3.11/site-packages/airflow/example_dags/example_dynamic_task_mapping.py
[2026-03-18T02:30:24.107+0530] {processor.py:830} INFO - Processing file /Users/vybhavswaroop/Desktop/untitled folder 3/ecommerce_platform/venv/lib/python3.11/site-packages/airflow/example_dags/example_dynamic_task_mapping.py for tasks to queue
[2026-03-18T02:30:24.108+0530] {logging_mixin.py:188} INFO - [2026-03-18T02:30:24.108+0530] {dagbag.py:540} INFO - Filling up the DagBag from /Users/vybhavswaroop/Desktop/untitled folder 3/ecommerce_platform/venv/lib/python3.11/site-packages/airflow/example_dags/example_dynamic_task_mapping.py
[2026-03-18T02:30:24.134+0530] {processor.py:840} INFO - DAG(s) 'example_dynamic_task_mapping' retrieved from /Users/vybhavswaroop/Desktop/untitled folder 3/ecommerce_platform/venv/lib/python3.11/site-packages/airflow/example_dags/example_dynamic_task_mapping.py
[2026-03-18T02:30:24.211+0530] {logging_mixin.py:188} INFO - [2026-03-18T02:30:24.210+0530] {dag.py:3047} INFO - Sync 1 DAGs
[2026-03-18T02:30:24.222+0530] {logging_mixin.py:188} INFO - [2026-03-18T02:30:24.222+0530] {dag.py:3834} INFO - Setting next_dagrun for example_dynamic_task_mapping to 2022-03-04 00:00:00+00:00, run_after=2022-03-05 00:00:00+00:00
[2026-03-18T02:30:24.235+0530] {processor.py:183} INFO - Processing /Users/vybhavswaroop/Desktop/untitled folder 3/ecommerce_platform/venv/lib/python3.11/site-packages/airflow/example_dags/example_dynamic_task_mapping.py took 0.130 seconds
[2026-03-18T02:35:49.262+0530] {processor.py:161} INFO - Started process (PID=82163) to work on /Users/vybhavswaroop/Desktop/untitled folder 3/ecommerce_platform/venv/lib/python3.11/site-packages/airflow/example_dags/example_dynamic_task_mapping.py
[2026-03-18T02:35:49.263+0530] {processor.py:830} INFO - Processing file /Users/vybhavswaroop/Desktop/untitled folder 3/ecommerce_platform/venv/lib/python3.11/site-packages/airflow/example_dags/example_dynamic_task_mapping.py for tasks to queue
[2026-03-18T02:35:49.264+0530] {logging_mixin.py:188} INFO - [2026-03-18T02:35:49.264+0530] {dagbag.py:540} INFO - Filling up the DagBag from /Users/vybhavswaroop/Desktop/untitled folder 3/ecommerce_platform/venv/lib/python3.11/site-packages/airflow/example_dags/example_dynamic_task_mapping.py
[2026-03-18T02:35:49.286+0530] {processor.py:840} INFO - DAG(s) 'example_dynamic_task_mapping' retrieved from /Users/vybhavswaroop/Desktop/untitled folder 3/ecommerce_platform/venv/lib/python3.11/site-packages/airflow/example_dags/example_dynamic_task_mapping.py
[2026-03-18T02:35:49.353+0530] {logging_mixin.py:188} INFO - [2026-03-18T02:35:49.353+0530] {dag.py:3047} INFO - Sync 1 DAGs
[2026-03-18T02:35:49.364+0530] {logging_mixin.py:188} INFO - [2026-03-18T02:35:49.363+0530] {dag.py:3834} INFO - Setting next_dagrun for example_dynamic_task_mapping to 2022-03-04 00:00:00+00:00, run_after=2022-03-05 00:00:00+00:00
[2026-03-18T02:35:49.378+0530] {processor.py:183} INFO - Processing /Users/vybhavswaroop/Desktop/untitled folder 3/ecommerce_platform/venv/lib/python3.11/site-packages/airflow/example_dags/example_dynamic_task_mapping.py took 0.117 seconds
[2026-03-18T02:41:15.094+0530] {processor.py:161} INFO - Started process (PID=85310) to work on /Users/vybhavswaroop/Desktop/untitled folder 3/ecommerce_platform/venv/lib/python3.11/site-packages/airflow/example_dags/example_dynamic_task_mapping.py
[2026-03-18T02:41:15.096+0530] {processor.py:830} INFO - Processing file /Users/vybhavswaroop/Desktop/untitled folder 3/ecommerce_platform/venv/lib/python3.11/site-packages/airflow/example_dags/example_dynamic_task_mapping.py for tasks to queue
[2026-03-18T02:41:15.097+0530] {logging_mixin.py:188} INFO - [2026-03-18T02:41:15.097+0530] {dagbag.py:540} INFO - Filling up the DagBag from /Users/vybhavswaroop/Desktop/untitled folder 3/ecommerce_platform/venv/lib/python3.11/site-packages/airflow/example_dags/example_dynamic_task_mapping.py
[2026-03-18T02:41:15.124+0530] {processor.py:840} INFO - DAG(s) 'example_dynamic_task_mapping' retrieved from /Users/vybhavswaroop/Desktop/untitled folder 3/ecommerce_platform/venv/lib/python3.11/site-packages/airflow/example_dags/example_dynamic_task_mapping.py
[2026-03-18T02:41:15.197+0530] {logging_mixin.py:188} INFO - [2026-03-18T02:41:15.196+0530] {dag.py:3047} INFO - Sync 1 DAGs
[2026-03-18T02:41:15.207+0530] {logging_mixin.py:188} INFO - [2026-03-18T02:41:15.207+0530] {dag.py:3834} INFO - Setting next_dagrun for example_dynamic_task_mapping to 2022-03-04 00:00:00+00:00, run_after=2022-03-05 00:00:00+00:00
[2026-03-18T02:41:15.224+0530] {processor.py:183} INFO - Processing /Users/vybhavswaroop/Desktop/untitled folder 3/ecommerce_platform/venv/lib/python3.11/site-packages/airflow/example_dags/example_dynamic_task_mapping.py took 0.131 seconds
[2026-03-18T02:46:17.484+0530] {processor.py:161} INFO - Started process (PID=88462) to work on /Users/vybhavswaroop/Desktop/untitled folder 3/ecommerce_platform/venv/lib/python3.11/site-packages/airflow/example_dags/example_dynamic_task_mapping.py
[2026-03-18T02:46:17.485+0530] {processor.py:830} INFO - Processing file /Users/vybhavswaroop/Desktop/untitled folder 3/ecommerce_platform/venv/lib/python3.11/site-packages/airflow/example_dags/example_dynamic_task_mapping.py for tasks to queue
[2026-03-18T02:46:17.486+0530] {logging_mixin.py:188} INFO - [2026-03-18T02:46:17.486+0530] {dagbag.py:540} INFO - Filling up the DagBag from /Users/vybhavswaroop/Desktop/untitled folder 3/ecommerce_platform/venv/lib/python3.11/site-packages/airflow/example_dags/example_dynamic_task_mapping.py
[2026-03-18T02:46:17.508+0530] {processor.py:840} INFO - DAG(s) 'example_dynamic_task_mapping' retrieved from /Users/vybhavswaroop/Desktop/untitled folder 3/ecommerce_platform/venv/lib/python3.11/site-packages/airflow/example_dags/example_dynamic_task_mapping.py
[2026-03-18T02:46:17.571+0530] {logging_mixin.py:188} INFO - [2026-03-18T02:46:17.571+0530] {dag.py:3047} INFO - Sync 1 DAGs
[2026-03-18T02:46:17.581+0530] {logging_mixin.py:188} INFO - [2026-03-18T02:46:17.580+0530] {dag.py:3834} INFO - Setting next_dagrun for example_dynamic_task_mapping to 2022-03-04 00:00:00+00:00, run_after=2022-03-05 00:00:00+00:00
[2026-03-18T02:46:17.592+0530] {processor.py:183} INFO - Processing /Users/vybhavswaroop/Desktop/untitled folder 3/ecommerce_platform/venv/lib/python3.11/site-packages/airflow/example_dags/example_dynamic_task_mapping.py took 0.109 seconds
[2026-03-18T02:51:04.556+0530] {processor.py:161} INFO - Started process (PID=91779) to work on /Users/vybhavswaroop/Desktop/untitled folder 3/ecommerce_platform/venv/lib/python3.11/site-packages/airflow/example_dags/example_dynamic_task_mapping.py
[2026-03-18T02:51:04.557+0530] {processor.py:830} INFO - Processing file /Users/vybhavswaroop/Desktop/untitled folder 3/ecommerce_platform/venv/lib/python3.11/site-packages/airflow/example_dags/example_dynamic_task_mapping.py for tasks to queue
[2026-03-18T02:51:04.558+0530] {logging_mixin.py:188} INFO - [2026-03-18T02:51:04.557+0530] {dagbag.py:540} INFO - Filling up the DagBag from /Users/vybhavswaroop/Desktop/untitled folder 3/ecommerce_platform/venv/lib/python3.11/site-packages/airflow/example_dags/example_dynamic_task_mapping.py
[2026-03-18T02:51:04.577+0530] {processor.py:840} INFO - DAG(s) 'example_dynamic_task_mapping' retrieved from /Users/vybhavswaroop/Desktop/untitled folder 3/ecommerce_platform/venv/lib/python3.11/site-packages/airflow/example_dags/example_dynamic_task_mapping.py
[2026-03-18T02:51:04.629+0530] {logging_mixin.py:188} INFO - [2026-03-18T02:51:04.629+0530] {dag.py:3047} INFO - Sync 1 DAGs
[2026-03-18T02:51:04.637+0530] {logging_mixin.py:188} INFO - [2026-03-18T02:51:04.637+0530] {dag.py:3834} INFO - Setting next_dagrun for example_dynamic_task_mapping to 2022-03-04 00:00:00+00:00, run_after=2022-03-05 00:00:00+00:00
[2026-03-18T02:51:04.646+0530] {processor.py:183} INFO - Processing /Users/vybhavswaroop/Desktop/untitled folder 3/ecommerce_platform/venv/lib/python3.11/site-packages/airflow/example_dags/example_dynamic_task_mapping.py took 0.091 seconds
[2026-03-18T02:55:41.341+0530] {processor.py:161} INFO - Started process (PID=95040) to work on /Users/vybhavswaroop/Desktop/untitled folder 3/ecommerce_platform/venv/lib/python3.11/site-packages/airflow/example_dags/example_dynamic_task_mapping.py
[2026-03-18T02:55:41.342+0530] {processor.py:830} INFO - Processing file /Users/vybhavswaroop/Desktop/untitled folder 3/ecommerce_platform/venv/lib/python3.11/site-packages/airflow/example_dags/example_dynamic_task_mapping.py for tasks to queue
[2026-03-18T02:55:41.343+0530] {logging_mixin.py:188} INFO - [2026-03-18T02:55:41.343+0530] {dagbag.py:540} INFO - Filling up the DagBag from /Users/vybhavswaroop/Desktop/untitled folder 3/ecommerce_platform/venv/lib/python3.11/site-packages/airflow/example_dags/example_dynamic_task_mapping.py
[2026-03-18T02:55:41.360+0530] {processor.py:840} INFO - DAG(s) 'example_dynamic_task_mapping' retrieved from /Users/vybhavswaroop/Desktop/untitled folder 3/ecommerce_platform/venv/lib/python3.11/site-packages/airflow/example_dags/example_dynamic_task_mapping.py
[2026-03-18T02:55:41.408+0530] {logging_mixin.py:188} INFO - [2026-03-18T02:55:41.408+0530] {dag.py:3047} INFO - Sync 1 DAGs
[2026-03-18T02:55:41.415+0530] {logging_mixin.py:188} INFO - [2026-03-18T02:55:41.415+0530] {dag.py:3834} INFO - Setting next_dagrun for example_dynamic_task_mapping to 2022-03-04 00:00:00+00:00, run_after=2022-03-05 00:00:00+00:00
[2026-03-18T02:55:41.423+0530] {processor.py:183} INFO - Processing /Users/vybhavswaroop/Desktop/untitled folder 3/ecommerce_platform/venv/lib/python3.11/site-packages/airflow/example_dags/example_dynamic_task_mapping.py took 0.083 seconds
