[2026-03-18T00:02:45.128+0530] {processor.py:161} INFO - Started process (PID=88548) to work on /Users/vybhavswaroop/Desktop/untitled folder 3/ecommerce_platform/venv/lib/python3.11/site-packages/airflow/example_dags/example_branch_python_dop_operator_3.py
[2026-03-18T00:02:45.129+0530] {processor.py:830} INFO - Processing file /Users/vybhavswaroop/Desktop/untitled folder 3/ecommerce_platform/venv/lib/python3.11/site-packages/airflow/example_dags/example_branch_python_dop_operator_3.py for tasks to queue
[2026-03-18T00:02:45.129+0530] {logging_mixin.py:188} INFO - [2026-03-18T00:02:45.129+0530] {dagbag.py:540} INFO - Filling up the DagBag from /Users/vybhavswaroop/Desktop/untitled folder 3/ecommerce_platform/venv/lib/python3.11/site-packages/airflow/example_dags/example_branch_python_dop_operator_3.py
[2026-03-18T00:02:45.144+0530] {processor.py:840} INFO - DAG(s) 'example_branch_dop_operator_v3' retrieved from /Users/vybhavswaroop/Desktop/untitled folder 3/ecommerce_platform/venv/lib/python3.11/site-packages/airflow/example_dags/example_branch_python_dop_operator_3.py
[2026-03-18T00:02:45.214+0530] {logging_mixin.py:188} INFO - [2026-03-18T00:02:45.214+0530] {override.py:1769} INFO - Created Permission View: can delete on DAG:example_branch_dop_operator_v3
[2026-03-18T00:02:45.218+0530] {logging_mixin.py:188} INFO - [2026-03-18T00:02:45.217+0530] {override.py:1769} INFO - Created Permission View: can read on DAG:example_branch_dop_operator_v3
[2026-03-18T00:02:45.219+0530] {logging_mixin.py:188} INFO - [2026-03-18T00:02:45.219+0530] {override.py:1769} INFO - Created Permission View: can edit on DAG:example_branch_dop_operator_v3
[2026-03-18T00:02:45.220+0530] {logging_mixin.py:188} INFO - [2026-03-18T00:02:45.220+0530] {dag.py:3047} INFO - Sync 1 DAGs
[2026-03-18T00:02:45.223+0530] {logging_mixin.py:188} INFO - [2026-03-18T00:02:45.223+0530] {dag.py:3069} INFO - Creating ORM DAG for example_branch_dop_operator_v3
[2026-03-18T00:02:45.227+0530] {logging_mixin.py:188} INFO - [2026-03-18T00:02:45.227+0530] {dag.py:3834} INFO - Setting next_dagrun for example_branch_dop_operator_v3 to 2026-03-17 18:31:00+00:00, run_after=2026-03-17 18:32:00+00:00
[2026-03-18T00:02:45.234+0530] {processor.py:183} INFO - Processing /Users/vybhavswaroop/Desktop/untitled folder 3/ecommerce_platform/venv/lib/python3.11/site-packages/airflow/example_dags/example_branch_python_dop_operator_3.py took 0.106 seconds
[2026-03-18T00:06:15.795+0530] {processor.py:161} INFO - Started process (PID=91761) to work on /Users/vybhavswaroop/Desktop/untitled folder 3/ecommerce_platform/venv/lib/python3.11/site-packages/airflow/example_dags/example_branch_python_dop_operator_3.py
[2026-03-18T00:06:15.796+0530] {processor.py:830} INFO - Processing file /Users/vybhavswaroop/Desktop/untitled folder 3/ecommerce_platform/venv/lib/python3.11/site-packages/airflow/example_dags/example_branch_python_dop_operator_3.py for tasks to queue
[2026-03-18T00:06:15.796+0530] {logging_mixin.py:188} INFO - [2026-03-18T00:06:15.796+0530] {dagbag.py:540} INFO - Filling up the DagBag from /Users/vybhavswaroop/Desktop/untitled folder 3/ecommerce_platform/venv/lib/python3.11/site-packages/airflow/example_dags/example_branch_python_dop_operator_3.py
[2026-03-18T00:06:15.812+0530] {processor.py:840} INFO - DAG(s) 'example_branch_dop_operator_v3' retrieved from /Users/vybhavswaroop/Desktop/untitled folder 3/ecommerce_platform/venv/lib/python3.11/site-packages/airflow/example_dags/example_branch_python_dop_operator_3.py
[2026-03-18T00:06:15.853+0530] {logging_mixin.py:188} INFO - [2026-03-18T00:06:15.853+0530] {dag.py:3047} INFO - Sync 1 DAGs
[2026-03-18T00:06:15.861+0530] {logging_mixin.py:188} INFO - [2026-03-18T00:06:15.860+0530] {dag.py:3834} INFO - Setting next_dagrun for example_branch_dop_operator_v3 to 2026-03-17 18:35:00+00:00, run_after=2026-03-17 18:36:00+00:00
[2026-03-18T00:06:15.869+0530] {processor.py:183} INFO - Processing /Users/vybhavswaroop/Desktop/untitled folder 3/ecommerce_platform/venv/lib/python3.11/site-packages/airflow/example_dags/example_branch_python_dop_operator_3.py took 0.074 seconds
[2026-03-18T00:10:28.901+0530] {processor.py:161} INFO - Started process (PID=95003) to work on /Users/vybhavswaroop/Desktop/untitled folder 3/ecommerce_platform/venv/lib/python3.11/site-packages/airflow/example_dags/example_branch_python_dop_operator_3.py
[2026-03-18T00:10:28.903+0530] {processor.py:830} INFO - Processing file /Users/vybhavswaroop/Desktop/untitled folder 3/ecommerce_platform/venv/lib/python3.11/site-packages/airflow/example_dags/example_branch_python_dop_operator_3.py for tasks to queue
[2026-03-18T00:10:28.904+0530] {logging_mixin.py:188} INFO - [2026-03-18T00:10:28.903+0530] {dagbag.py:540} INFO - Filling up the DagBag from /Users/vybhavswaroop/Desktop/untitled folder 3/ecommerce_platform/venv/lib/python3.11/site-packages/airflow/example_dags/example_branch_python_dop_operator_3.py
[2026-03-18T00:10:28.925+0530] {processor.py:840} INFO - DAG(s) 'example_branch_dop_operator_v3' retrieved from /Users/vybhavswaroop/Desktop/untitled folder 3/ecommerce_platform/venv/lib/python3.11/site-packages/airflow/example_dags/example_branch_python_dop_operator_3.py
[2026-03-18T00:10:28.978+0530] {logging_mixin.py:188} INFO - [2026-03-18T00:10:28.978+0530] {dag.py:3047} INFO - Sync 1 DAGs
[2026-03-18T00:10:28.988+0530] {logging_mixin.py:188} INFO - [2026-03-18T00:10:28.988+0530] {dag.py:3834} INFO - Setting next_dagrun for example_branch_dop_operator_v3 to 2026-03-17 18:39:00+00:00, run_after=2026-03-17 18:40:00+00:00
[2026-03-18T00:10:28.999+0530] {processor.py:183} INFO - Processing /Users/vybhavswaroop/Desktop/untitled folder 3/ecommerce_platform/venv/lib/python3.11/site-packages/airflow/example_dags/example_branch_python_dop_operator_3.py took 0.099 seconds
[2026-03-18T00:15:59.666+0530] {processor.py:161} INFO - Started process (PID=98267) to work on /Users/vybhavswaroop/Desktop/untitled folder 3/ecommerce_platform/venv/lib/python3.11/site-packages/airflow/example_dags/example_branch_python_dop_operator_3.py
[2026-03-18T00:15:59.668+0530] {processor.py:830} INFO - Processing file /Users/vybhavswaroop/Desktop/untitled folder 3/ecommerce_platform/venv/lib/python3.11/site-packages/airflow/example_dags/example_branch_python_dop_operator_3.py for tasks to queue
[2026-03-18T00:15:59.668+0530] {logging_mixin.py:188} INFO - [2026-03-18T00:15:59.668+0530] {dagbag.py:540} INFO - Filling up the DagBag from /Users/vybhavswaroop/Desktop/untitled folder 3/ecommerce_platform/venv/lib/python3.11/site-packages/airflow/example_dags/example_branch_python_dop_operator_3.py
[2026-03-18T00:15:59.693+0530] {processor.py:840} INFO - DAG(s) 'example_branch_dop_operator_v3' retrieved from /Users/vybhavswaroop/Desktop/untitled folder 3/ecommerce_platform/venv/lib/python3.11/site-packages/airflow/example_dags/example_branch_python_dop_operator_3.py
[2026-03-18T00:15:59.756+0530] {logging_mixin.py:188} INFO - [2026-03-18T00:15:59.756+0530] {dag.py:3047} INFO - Sync 1 DAGs
[2026-03-18T00:15:59.767+0530] {logging_mixin.py:188} INFO - [2026-03-18T00:15:59.767+0530] {dag.py:3834} INFO - Setting next_dagrun for example_branch_dop_operator_v3 to 2026-03-17 18:44:00+00:00, run_after=2026-03-17 18:45:00+00:00
[2026-03-18T00:15:59.782+0530] {processor.py:183} INFO - Processing /Users/vybhavswaroop/Desktop/untitled folder 3/ecommerce_platform/venv/lib/python3.11/site-packages/airflow/example_dags/example_branch_python_dop_operator_3.py took 0.116 seconds
[2026-03-18T00:21:09.273+0530] {processor.py:161} INFO - Started process (PID=2112) to work on /Users/vybhavswaroop/Desktop/untitled folder 3/ecommerce_platform/venv/lib/python3.11/site-packages/airflow/example_dags/example_branch_python_dop_operator_3.py
[2026-03-18T00:21:09.274+0530] {processor.py:830} INFO - Processing file /Users/vybhavswaroop/Desktop/untitled folder 3/ecommerce_platform/venv/lib/python3.11/site-packages/airflow/example_dags/example_branch_python_dop_operator_3.py for tasks to queue
[2026-03-18T00:21:09.275+0530] {logging_mixin.py:188} INFO - [2026-03-18T00:21:09.275+0530] {dagbag.py:540} INFO - Filling up the DagBag from /Users/vybhavswaroop/Desktop/untitled folder 3/ecommerce_platform/venv/lib/python3.11/site-packages/airflow/example_dags/example_branch_python_dop_operator_3.py
[2026-03-18T00:21:09.299+0530] {processor.py:840} INFO - DAG(s) 'example_branch_dop_operator_v3' retrieved from /Users/vybhavswaroop/Desktop/untitled folder 3/ecommerce_platform/venv/lib/python3.11/site-packages/airflow/example_dags/example_branch_python_dop_operator_3.py
[2026-03-18T00:21:09.360+0530] {logging_mixin.py:188} INFO - [2026-03-18T00:21:09.360+0530] {dag.py:3047} INFO - Sync 1 DAGs
[2026-03-18T00:21:09.371+0530] {logging_mixin.py:188} INFO - [2026-03-18T00:21:09.371+0530] {dag.py:3834} INFO - Setting next_dagrun for example_branch_dop_operator_v3 to 2026-03-17 18:50:00+00:00, run_after=2026-03-17 18:51:00+00:00
[2026-03-18T00:21:09.384+0530] {processor.py:183} INFO - Processing /Users/vybhavswaroop/Desktop/untitled folder 3/ecommerce_platform/venv/lib/python3.11/site-packages/airflow/example_dags/example_branch_python_dop_operator_3.py took 0.112 seconds
[2026-03-18T00:26:37.604+0530] {processor.py:161} INFO - Started process (PID=5348) to work on /Users/vybhavswaroop/Desktop/untitled folder 3/ecommerce_platform/venv/lib/python3.11/site-packages/airflow/example_dags/example_branch_python_dop_operator_3.py
[2026-03-18T00:26:37.605+0530] {processor.py:830} INFO - Processing file /Users/vybhavswaroop/Desktop/untitled folder 3/ecommerce_platform/venv/lib/python3.11/site-packages/airflow/example_dags/example_branch_python_dop_operator_3.py for tasks to queue
[2026-03-18T00:26:37.606+0530] {logging_mixin.py:188} INFO - [2026-03-18T00:26:37.606+0530] {dagbag.py:540} INFO - Filling up the DagBag from /Users/vybhavswaroop/Desktop/untitled folder 3/ecommerce_platform/venv/lib/python3.11/site-packages/airflow/example_dags/example_branch_python_dop_operator_3.py
[2026-03-18T00:26:37.630+0530] {processor.py:840} INFO - DAG(s) 'example_branch_dop_operator_v3' retrieved from /Users/vybhavswaroop/Desktop/untitled folder 3/ecommerce_platform/venv/lib/python3.11/site-packages/airflow/example_dags/example_branch_python_dop_operator_3.py
[2026-03-18T00:26:37.691+0530] {logging_mixin.py:188} INFO - [2026-03-18T00:26:37.691+0530] {dag.py:3047} INFO - Sync 1 DAGs
[2026-03-18T00:26:37.703+0530] {logging_mixin.py:188} INFO - [2026-03-18T00:26:37.702+0530] {dag.py:3834} INFO - Setting next_dagrun for example_branch_dop_operator_v3 to 2026-03-17 18:55:00+00:00, run_after=2026-03-17 18:56:00+00:00
[2026-03-18T00:26:37.716+0530] {processor.py:183} INFO - Processing /Users/vybhavswaroop/Desktop/untitled folder 3/ecommerce_platform/venv/lib/python3.11/site-packages/airflow/example_dags/example_branch_python_dop_operator_3.py took 0.112 seconds
[2026-03-18T00:32:02.091+0530] {processor.py:161} INFO - Started process (PID=8413) to work on /Users/vybhavswaroop/Desktop/untitled folder 3/ecommerce_platform/venv/lib/python3.11/site-packages/airflow/example_dags/example_branch_python_dop_operator_3.py
[2026-03-18T00:32:02.093+0530] {processor.py:830} INFO - Processing file /Users/vybhavswaroop/Desktop/untitled folder 3/ecommerce_platform/venv/lib/python3.11/site-packages/airflow/example_dags/example_branch_python_dop_operator_3.py for tasks to queue
[2026-03-18T00:32:02.093+0530] {logging_mixin.py:188} INFO - [2026-03-18T00:32:02.093+0530] {dagbag.py:540} INFO - Filling up the DagBag from /Users/vybhavswaroop/Desktop/untitled folder 3/ecommerce_platform/venv/lib/python3.11/site-packages/airflow/example_dags/example_branch_python_dop_operator_3.py
[2026-03-18T00:32:02.118+0530] {processor.py:840} INFO - DAG(s) 'example_branch_dop_operator_v3' retrieved from /Users/vybhavswaroop/Desktop/untitled folder 3/ecommerce_platform/venv/lib/python3.11/site-packages/airflow/example_dags/example_branch_python_dop_operator_3.py
[2026-03-18T00:32:02.185+0530] {logging_mixin.py:188} INFO - [2026-03-18T00:32:02.185+0530] {dag.py:3047} INFO - Sync 1 DAGs
[2026-03-18T00:32:02.196+0530] {logging_mixin.py:188} INFO - [2026-03-18T00:32:02.196+0530] {dag.py:3834} INFO - Setting next_dagrun for example_branch_dop_operator_v3 to 2026-03-17 19:01:00+00:00, run_after=2026-03-17 19:02:00+00:00
[2026-03-18T00:32:02.208+0530] {processor.py:183} INFO - Processing /Users/vybhavswaroop/Desktop/untitled folder 3/ecommerce_platform/venv/lib/python3.11/site-packages/airflow/example_dags/example_branch_python_dop_operator_3.py took 0.118 seconds
[2026-03-18T00:37:27.177+0530] {processor.py:161} INFO - Started process (PID=11657) to work on /Users/vybhavswaroop/Desktop/untitled folder 3/ecommerce_platform/venv/lib/python3.11/site-packages/airflow/example_dags/example_branch_python_dop_operator_3.py
[2026-03-18T00:37:27.178+0530] {processor.py:830} INFO - Processing file /Users/vybhavswaroop/Desktop/untitled folder 3/ecommerce_platform/venv/lib/python3.11/site-packages/airflow/example_dags/example_branch_python_dop_operator_3.py for tasks to queue
[2026-03-18T00:37:27.179+0530] {logging_mixin.py:188} INFO - [2026-03-18T00:37:27.178+0530] {dagbag.py:540} INFO - Filling up the DagBag from /Users/vybhavswaroop/Desktop/untitled folder 3/ecommerce_platform/venv/lib/python3.11/site-packages/airflow/example_dags/example_branch_python_dop_operator_3.py
[2026-03-18T00:37:27.204+0530] {processor.py:840} INFO - DAG(s) 'example_branch_dop_operator_v3' retrieved from /Users/vybhavswaroop/Desktop/untitled folder 3/ecommerce_platform/venv/lib/python3.11/site-packages/airflow/example_dags/example_branch_python_dop_operator_3.py
[2026-03-18T00:37:27.268+0530] {logging_mixin.py:188} INFO - [2026-03-18T00:37:27.268+0530] {dag.py:3047} INFO - Sync 1 DAGs
[2026-03-18T00:37:27.280+0530] {logging_mixin.py:188} INFO - [2026-03-18T00:37:27.280+0530] {dag.py:3834} INFO - Setting next_dagrun for example_branch_dop_operator_v3 to 2026-03-17 19:06:00+00:00, run_after=2026-03-17 19:07:00+00:00
[2026-03-18T00:37:27.292+0530] {processor.py:183} INFO - Processing /Users/vybhavswaroop/Desktop/untitled folder 3/ecommerce_platform/venv/lib/python3.11/site-packages/airflow/example_dags/example_branch_python_dop_operator_3.py took 0.116 seconds
[2026-03-18T00:43:07.181+0530] {processor.py:161} INFO - Started process (PID=14976) to work on /Users/vybhavswaroop/Desktop/untitled folder 3/ecommerce_platform/venv/lib/python3.11/site-packages/airflow/example_dags/example_branch_python_dop_operator_3.py
[2026-03-18T00:43:07.182+0530] {processor.py:830} INFO - Processing file /Users/vybhavswaroop/Desktop/untitled folder 3/ecommerce_platform/venv/lib/python3.11/site-packages/airflow/example_dags/example_branch_python_dop_operator_3.py for tasks to queue
[2026-03-18T00:43:07.183+0530] {logging_mixin.py:188} INFO - [2026-03-18T00:43:07.183+0530] {dagbag.py:540} INFO - Filling up the DagBag from /Users/vybhavswaroop/Desktop/untitled folder 3/ecommerce_platform/venv/lib/python3.11/site-packages/airflow/example_dags/example_branch_python_dop_operator_3.py
[2026-03-18T00:43:07.207+0530] {processor.py:840} INFO - DAG(s) 'example_branch_dop_operator_v3' retrieved from /Users/vybhavswaroop/Desktop/untitled folder 3/ecommerce_platform/venv/lib/python3.11/site-packages/airflow/example_dags/example_branch_python_dop_operator_3.py
[2026-03-18T00:43:07.267+0530] {logging_mixin.py:188} INFO - [2026-03-18T00:43:07.267+0530] {dag.py:3047} INFO - Sync 1 DAGs
[2026-03-18T00:43:07.278+0530] {logging_mixin.py:188} INFO - [2026-03-18T00:43:07.278+0530] {dag.py:3834} INFO - Setting next_dagrun for example_branch_dop_operator_v3 to 2026-03-17 19:12:00+00:00, run_after=2026-03-17 19:13:00+00:00
[2026-03-18T00:43:07.291+0530] {processor.py:183} INFO - Processing /Users/vybhavswaroop/Desktop/untitled folder 3/ecommerce_platform/venv/lib/python3.11/site-packages/airflow/example_dags/example_branch_python_dop_operator_3.py took 0.111 seconds
[2026-03-18T00:48:28.141+0530] {processor.py:161} INFO - Started process (PID=18225) to work on /Users/vybhavswaroop/Desktop/untitled folder 3/ecommerce_platform/venv/lib/python3.11/site-packages/airflow/example_dags/example_branch_python_dop_operator_3.py
[2026-03-18T00:48:28.143+0530] {processor.py:830} INFO - Processing file /Users/vybhavswaroop/Desktop/untitled folder 3/ecommerce_platform/venv/lib/python3.11/site-packages/airflow/example_dags/example_branch_python_dop_operator_3.py for tasks to queue
[2026-03-18T00:48:28.143+0530] {logging_mixin.py:188} INFO - [2026-03-18T00:48:28.143+0530] {dagbag.py:540} INFO - Filling up the DagBag from /Users/vybhavswaroop/Desktop/untitled folder 3/ecommerce_platform/venv/lib/python3.11/site-packages/airflow/example_dags/example_branch_python_dop_operator_3.py
[2026-03-18T00:48:28.166+0530] {processor.py:840} INFO - DAG(s) 'example_branch_dop_operator_v3' retrieved from /Users/vybhavswaroop/Desktop/untitled folder 3/ecommerce_platform/venv/lib/python3.11/site-packages/airflow/example_dags/example_branch_python_dop_operator_3.py
[2026-03-18T00:48:28.230+0530] {logging_mixin.py:188} INFO - [2026-03-18T00:48:28.230+0530] {dag.py:3047} INFO - Sync 1 DAGs
[2026-03-18T00:48:28.241+0530] {logging_mixin.py:188} INFO - [2026-03-18T00:48:28.241+0530] {dag.py:3834} INFO - Setting next_dagrun for example_branch_dop_operator_v3 to 2026-03-17 19:17:00+00:00, run_after=2026-03-17 19:18:00+00:00
[2026-03-18T00:48:28.254+0530] {processor.py:183} INFO - Processing /Users/vybhavswaroop/Desktop/untitled folder 3/ecommerce_platform/venv/lib/python3.11/site-packages/airflow/example_dags/example_branch_python_dop_operator_3.py took 0.113 seconds
[2026-03-18T00:53:58.239+0530] {processor.py:161} INFO - Started process (PID=21501) to work on /Users/vybhavswaroop/Desktop/untitled folder 3/ecommerce_platform/venv/lib/python3.11/site-packages/airflow/example_dags/example_branch_python_dop_operator_3.py
[2026-03-18T00:53:58.241+0530] {processor.py:830} INFO - Processing file /Users/vybhavswaroop/Desktop/untitled folder 3/ecommerce_platform/venv/lib/python3.11/site-packages/airflow/example_dags/example_branch_python_dop_operator_3.py for tasks to queue
[2026-03-18T00:53:58.241+0530] {logging_mixin.py:188} INFO - [2026-03-18T00:53:58.241+0530] {dagbag.py:540} INFO - Filling up the DagBag from /Users/vybhavswaroop/Desktop/untitled folder 3/ecommerce_platform/venv/lib/python3.11/site-packages/airflow/example_dags/example_branch_python_dop_operator_3.py
[2026-03-18T00:53:58.270+0530] {processor.py:840} INFO - DAG(s) 'example_branch_dop_operator_v3' retrieved from /Users/vybhavswaroop/Desktop/untitled folder 3/ecommerce_platform/venv/lib/python3.11/site-packages/airflow/example_dags/example_branch_python_dop_operator_3.py
[2026-03-18T00:53:58.342+0530] {logging_mixin.py:188} INFO - [2026-03-18T00:53:58.342+0530] {dag.py:3047} INFO - Sync 1 DAGs
[2026-03-18T00:53:58.355+0530] {logging_mixin.py:188} INFO - [2026-03-18T00:53:58.355+0530] {dag.py:3834} INFO - Setting next_dagrun for example_branch_dop_operator_v3 to 2026-03-17 19:22:00+00:00, run_after=2026-03-17 19:23:00+00:00
[2026-03-18T00:53:58.369+0530] {processor.py:183} INFO - Processing /Users/vybhavswaroop/Desktop/untitled folder 3/ecommerce_platform/venv/lib/python3.11/site-packages/airflow/example_dags/example_branch_python_dop_operator_3.py took 0.131 seconds
[2026-03-18T01:01:38.163+0530] {processor.py:161} INFO - Started process (PID=26618) to work on /Users/vybhavswaroop/Desktop/untitled folder 3/ecommerce_platform/venv/lib/python3.11/site-packages/airflow/example_dags/example_branch_python_dop_operator_3.py
[2026-03-18T01:01:38.164+0530] {processor.py:830} INFO - Processing file /Users/vybhavswaroop/Desktop/untitled folder 3/ecommerce_platform/venv/lib/python3.11/site-packages/airflow/example_dags/example_branch_python_dop_operator_3.py for tasks to queue
[2026-03-18T01:01:38.165+0530] {logging_mixin.py:188} INFO - [2026-03-18T01:01:38.165+0530] {dagbag.py:540} INFO - Filling up the DagBag from /Users/vybhavswaroop/Desktop/untitled folder 3/ecommerce_platform/venv/lib/python3.11/site-packages/airflow/example_dags/example_branch_python_dop_operator_3.py
[2026-03-18T01:01:38.192+0530] {processor.py:840} INFO - DAG(s) 'example_branch_dop_operator_v3' retrieved from /Users/vybhavswaroop/Desktop/untitled folder 3/ecommerce_platform/venv/lib/python3.11/site-packages/airflow/example_dags/example_branch_python_dop_operator_3.py
[2026-03-18T01:01:38.266+0530] {logging_mixin.py:188} INFO - [2026-03-18T01:01:38.266+0530] {dag.py:3047} INFO - Sync 1 DAGs
[2026-03-18T01:01:38.279+0530] {logging_mixin.py:188} INFO - [2026-03-18T01:01:38.279+0530] {dag.py:3834} INFO - Setting next_dagrun for example_branch_dop_operator_v3 to 2026-03-17 19:30:00+00:00, run_after=2026-03-17 19:31:00+00:00
[2026-03-18T01:01:38.293+0530] {processor.py:183} INFO - Processing /Users/vybhavswaroop/Desktop/untitled folder 3/ecommerce_platform/venv/lib/python3.11/site-packages/airflow/example_dags/example_branch_python_dop_operator_3.py took 0.131 seconds
[2026-03-18T01:07:06.756+0530] {processor.py:161} INFO - Started process (PID=29900) to work on /Users/vybhavswaroop/Desktop/untitled folder 3/ecommerce_platform/venv/lib/python3.11/site-packages/airflow/example_dags/example_branch_python_dop_operator_3.py
[2026-03-18T01:07:06.759+0530] {processor.py:830} INFO - Processing file /Users/vybhavswaroop/Desktop/untitled folder 3/ecommerce_platform/venv/lib/python3.11/site-packages/airflow/example_dags/example_branch_python_dop_operator_3.py for tasks to queue
[2026-03-18T01:07:06.759+0530] {logging_mixin.py:188} INFO - [2026-03-18T01:07:06.759+0530] {dagbag.py:540} INFO - Filling up the DagBag from /Users/vybhavswaroop/Desktop/untitled folder 3/ecommerce_platform/venv/lib/python3.11/site-packages/airflow/example_dags/example_branch_python_dop_operator_3.py
[2026-03-18T01:07:06.784+0530] {processor.py:840} INFO - DAG(s) 'example_branch_dop_operator_v3' retrieved from /Users/vybhavswaroop/Desktop/untitled folder 3/ecommerce_platform/venv/lib/python3.11/site-packages/airflow/example_dags/example_branch_python_dop_operator_3.py
[2026-03-18T01:07:06.844+0530] {logging_mixin.py:188} INFO - [2026-03-18T01:07:06.844+0530] {dag.py:3047} INFO - Sync 1 DAGs
[2026-03-18T01:07:06.855+0530] {logging_mixin.py:188} INFO - [2026-03-18T01:07:06.855+0530] {dag.py:3834} INFO - Setting next_dagrun for example_branch_dop_operator_v3 to 2026-03-17 19:36:00+00:00, run_after=2026-03-17 19:37:00+00:00
[2026-03-18T01:07:06.867+0530] {processor.py:183} INFO - Processing /Users/vybhavswaroop/Desktop/untitled folder 3/ecommerce_platform/venv/lib/python3.11/site-packages/airflow/example_dags/example_branch_python_dop_operator_3.py took 0.112 seconds
[2026-03-18T01:12:45.249+0530] {processor.py:161} INFO - Started process (PID=33181) to work on /Users/vybhavswaroop/Desktop/untitled folder 3/ecommerce_platform/venv/lib/python3.11/site-packages/airflow/example_dags/example_branch_python_dop_operator_3.py
[2026-03-18T01:12:45.251+0530] {processor.py:830} INFO - Processing file /Users/vybhavswaroop/Desktop/untitled folder 3/ecommerce_platform/venv/lib/python3.11/site-packages/airflow/example_dags/example_branch_python_dop_operator_3.py for tasks to queue
[2026-03-18T01:12:45.251+0530] {logging_mixin.py:188} INFO - [2026-03-18T01:12:45.251+0530] {dagbag.py:540} INFO - Filling up the DagBag from /Users/vybhavswaroop/Desktop/untitled folder 3/ecommerce_platform/venv/lib/python3.11/site-packages/airflow/example_dags/example_branch_python_dop_operator_3.py
[2026-03-18T01:12:45.276+0530] {processor.py:840} INFO - DAG(s) 'example_branch_dop_operator_v3' retrieved from /Users/vybhavswaroop/Desktop/untitled folder 3/ecommerce_platform/venv/lib/python3.11/site-packages/airflow/example_dags/example_branch_python_dop_operator_3.py
[2026-03-18T01:12:45.337+0530] {logging_mixin.py:188} INFO - [2026-03-18T01:12:45.336+0530] {dag.py:3047} INFO - Sync 1 DAGs
[2026-03-18T01:12:45.348+0530] {logging_mixin.py:188} INFO - [2026-03-18T01:12:45.347+0530] {dag.py:3834} INFO - Setting next_dagrun for example_branch_dop_operator_v3 to 2026-03-17 19:41:00+00:00, run_after=2026-03-17 19:42:00+00:00
[2026-03-18T01:12:45.360+0530] {processor.py:183} INFO - Processing /Users/vybhavswaroop/Desktop/untitled folder 3/ecommerce_platform/venv/lib/python3.11/site-packages/airflow/example_dags/example_branch_python_dop_operator_3.py took 0.112 seconds
[2026-03-18T01:17:58.522+0530] {processor.py:161} INFO - Started process (PID=36407) to work on /Users/vybhavswaroop/Desktop/untitled folder 3/ecommerce_platform/venv/lib/python3.11/site-packages/airflow/example_dags/example_branch_python_dop_operator_3.py
[2026-03-18T01:17:58.524+0530] {processor.py:830} INFO - Processing file /Users/vybhavswaroop/Desktop/untitled folder 3/ecommerce_platform/venv/lib/python3.11/site-packages/airflow/example_dags/example_branch_python_dop_operator_3.py for tasks to queue
[2026-03-18T01:17:58.524+0530] {logging_mixin.py:188} INFO - [2026-03-18T01:17:58.524+0530] {dagbag.py:540} INFO - Filling up the DagBag from /Users/vybhavswaroop/Desktop/untitled folder 3/ecommerce_platform/venv/lib/python3.11/site-packages/airflow/example_dags/example_branch_python_dop_operator_3.py
[2026-03-18T01:17:58.550+0530] {processor.py:840} INFO - DAG(s) 'example_branch_dop_operator_v3' retrieved from /Users/vybhavswaroop/Desktop/untitled folder 3/ecommerce_platform/venv/lib/python3.11/site-packages/airflow/example_dags/example_branch_python_dop_operator_3.py
[2026-03-18T01:17:58.615+0530] {logging_mixin.py:188} INFO - [2026-03-18T01:17:58.615+0530] {dag.py:3047} INFO - Sync 1 DAGs
[2026-03-18T01:17:58.627+0530] {logging_mixin.py:188} INFO - [2026-03-18T01:17:58.626+0530] {dag.py:3834} INFO - Setting next_dagrun for example_branch_dop_operator_v3 to 2026-03-17 19:46:00+00:00, run_after=2026-03-17 19:47:00+00:00
[2026-03-18T01:17:58.639+0530] {processor.py:183} INFO - Processing /Users/vybhavswaroop/Desktop/untitled folder 3/ecommerce_platform/venv/lib/python3.11/site-packages/airflow/example_dags/example_branch_python_dop_operator_3.py took 0.118 seconds
[2026-03-18T01:23:10.042+0530] {processor.py:161} INFO - Started process (PID=39626) to work on /Users/vybhavswaroop/Desktop/untitled folder 3/ecommerce_platform/venv/lib/python3.11/site-packages/airflow/example_dags/example_branch_python_dop_operator_3.py
[2026-03-18T01:23:10.043+0530] {processor.py:830} INFO - Processing file /Users/vybhavswaroop/Desktop/untitled folder 3/ecommerce_platform/venv/lib/python3.11/site-packages/airflow/example_dags/example_branch_python_dop_operator_3.py for tasks to queue
[2026-03-18T01:23:10.044+0530] {logging_mixin.py:188} INFO - [2026-03-18T01:23:10.044+0530] {dagbag.py:540} INFO - Filling up the DagBag from /Users/vybhavswaroop/Desktop/untitled folder 3/ecommerce_platform/venv/lib/python3.11/site-packages/airflow/example_dags/example_branch_python_dop_operator_3.py
[2026-03-18T01:23:10.067+0530] {processor.py:840} INFO - DAG(s) 'example_branch_dop_operator_v3' retrieved from /Users/vybhavswaroop/Desktop/untitled folder 3/ecommerce_platform/venv/lib/python3.11/site-packages/airflow/example_dags/example_branch_python_dop_operator_3.py
[2026-03-18T01:23:10.128+0530] {logging_mixin.py:188} INFO - [2026-03-18T01:23:10.128+0530] {dag.py:3047} INFO - Sync 1 DAGs
[2026-03-18T01:23:10.140+0530] {logging_mixin.py:188} INFO - [2026-03-18T01:23:10.139+0530] {dag.py:3834} INFO - Setting next_dagrun for example_branch_dop_operator_v3 to 2026-03-17 19:52:00+00:00, run_after=2026-03-17 19:53:00+00:00
[2026-03-18T01:23:10.153+0530] {processor.py:183} INFO - Processing /Users/vybhavswaroop/Desktop/untitled folder 3/ecommerce_platform/venv/lib/python3.11/site-packages/airflow/example_dags/example_branch_python_dop_operator_3.py took 0.111 seconds
[2026-03-18T01:28:06.081+0530] {processor.py:161} INFO - Started process (PID=42807) to work on /Users/vybhavswaroop/Desktop/untitled folder 3/ecommerce_platform/venv/lib/python3.11/site-packages/airflow/example_dags/example_branch_python_dop_operator_3.py
[2026-03-18T01:28:06.082+0530] {processor.py:830} INFO - Processing file /Users/vybhavswaroop/Desktop/untitled folder 3/ecommerce_platform/venv/lib/python3.11/site-packages/airflow/example_dags/example_branch_python_dop_operator_3.py for tasks to queue
[2026-03-18T01:28:06.082+0530] {logging_mixin.py:188} INFO - [2026-03-18T01:28:06.082+0530] {dagbag.py:540} INFO - Filling up the DagBag from /Users/vybhavswaroop/Desktop/untitled folder 3/ecommerce_platform/venv/lib/python3.11/site-packages/airflow/example_dags/example_branch_python_dop_operator_3.py
[2026-03-18T01:28:06.106+0530] {processor.py:840} INFO - DAG(s) 'example_branch_dop_operator_v3' retrieved from /Users/vybhavswaroop/Desktop/untitled folder 3/ecommerce_platform/venv/lib/python3.11/site-packages/airflow/example_dags/example_branch_python_dop_operator_3.py
[2026-03-18T01:28:06.165+0530] {logging_mixin.py:188} INFO - [2026-03-18T01:28:06.165+0530] {dag.py:3047} INFO - Sync 1 DAGs
[2026-03-18T01:28:06.176+0530] {logging_mixin.py:188} INFO - [2026-03-18T01:28:06.176+0530] {dag.py:3834} INFO - Setting next_dagrun for example_branch_dop_operator_v3 to 2026-03-17 19:57:00+00:00, run_after=2026-03-17 19:58:00+00:00
[2026-03-18T01:28:06.187+0530] {processor.py:183} INFO - Processing /Users/vybhavswaroop/Desktop/untitled folder 3/ecommerce_platform/venv/lib/python3.11/site-packages/airflow/example_dags/example_branch_python_dop_operator_3.py took 0.107 seconds
[2026-03-18T01:33:07.143+0530] {processor.py:161} INFO - Started process (PID=45960) to work on /Users/vybhavswaroop/Desktop/untitled folder 3/ecommerce_platform/venv/lib/python3.11/site-packages/airflow/example_dags/example_branch_python_dop_operator_3.py
[2026-03-18T01:33:07.145+0530] {processor.py:830} INFO - Processing file /Users/vybhavswaroop/Desktop/untitled folder 3/ecommerce_platform/venv/lib/python3.11/site-packages/airflow/example_dags/example_branch_python_dop_operator_3.py for tasks to queue
[2026-03-18T01:33:07.145+0530] {logging_mixin.py:188} INFO - [2026-03-18T01:33:07.145+0530] {dagbag.py:540} INFO - Filling up the DagBag from /Users/vybhavswaroop/Desktop/untitled folder 3/ecommerce_platform/venv/lib/python3.11/site-packages/airflow/example_dags/example_branch_python_dop_operator_3.py
[2026-03-18T01:33:07.167+0530] {processor.py:840} INFO - DAG(s) 'example_branch_dop_operator_v3' retrieved from /Users/vybhavswaroop/Desktop/untitled folder 3/ecommerce_platform/venv/lib/python3.11/site-packages/airflow/example_dags/example_branch_python_dop_operator_3.py
[2026-03-18T01:33:07.222+0530] {logging_mixin.py:188} INFO - [2026-03-18T01:33:07.222+0530] {dag.py:3047} INFO - Sync 1 DAGs
[2026-03-18T01:33:07.233+0530] {logging_mixin.py:188} INFO - [2026-03-18T01:33:07.233+0530] {dag.py:3834} INFO - Setting next_dagrun for example_branch_dop_operator_v3 to 2026-03-17 20:02:00+00:00, run_after=2026-03-17 20:03:00+00:00
[2026-03-18T01:33:07.244+0530] {processor.py:183} INFO - Processing /Users/vybhavswaroop/Desktop/untitled folder 3/ecommerce_platform/venv/lib/python3.11/site-packages/airflow/example_dags/example_branch_python_dop_operator_3.py took 0.101 seconds
[2026-03-18T01:38:05.011+0530] {processor.py:161} INFO - Started process (PID=49118) to work on /Users/vybhavswaroop/Desktop/untitled folder 3/ecommerce_platform/venv/lib/python3.11/site-packages/airflow/example_dags/example_branch_python_dop_operator_3.py
[2026-03-18T01:38:05.013+0530] {processor.py:830} INFO - Processing file /Users/vybhavswaroop/Desktop/untitled folder 3/ecommerce_platform/venv/lib/python3.11/site-packages/airflow/example_dags/example_branch_python_dop_operator_3.py for tasks to queue
[2026-03-18T01:38:05.014+0530] {logging_mixin.py:188} INFO - [2026-03-18T01:38:05.014+0530] {dagbag.py:540} INFO - Filling up the DagBag from /Users/vybhavswaroop/Desktop/untitled folder 3/ecommerce_platform/venv/lib/python3.11/site-packages/airflow/example_dags/example_branch_python_dop_operator_3.py
[2026-03-18T01:38:05.049+0530] {processor.py:840} INFO - DAG(s) 'example_branch_dop_operator_v3' retrieved from /Users/vybhavswaroop/Desktop/untitled folder 3/ecommerce_platform/venv/lib/python3.11/site-packages/airflow/example_dags/example_branch_python_dop_operator_3.py
[2026-03-18T01:38:05.136+0530] {logging_mixin.py:188} INFO - [2026-03-18T01:38:05.136+0530] {dag.py:3047} INFO - Sync 1 DAGs
[2026-03-18T01:38:05.151+0530] {logging_mixin.py:188} INFO - [2026-03-18T01:38:05.151+0530] {dag.py:3834} INFO - Setting next_dagrun for example_branch_dop_operator_v3 to 2026-03-17 20:07:00+00:00, run_after=2026-03-17 20:08:00+00:00
[2026-03-18T01:38:05.170+0530] {processor.py:183} INFO - Processing /Users/vybhavswaroop/Desktop/untitled folder 3/ecommerce_platform/venv/lib/python3.11/site-packages/airflow/example_dags/example_branch_python_dop_operator_3.py took 0.159 seconds
[2026-03-18T01:43:47.603+0530] {processor.py:161} INFO - Started process (PID=52229) to work on /Users/vybhavswaroop/Desktop/untitled folder 3/ecommerce_platform/venv/lib/python3.11/site-packages/airflow/example_dags/example_branch_python_dop_operator_3.py
[2026-03-18T01:43:47.604+0530] {processor.py:830} INFO - Processing file /Users/vybhavswaroop/Desktop/untitled folder 3/ecommerce_platform/venv/lib/python3.11/site-packages/airflow/example_dags/example_branch_python_dop_operator_3.py for tasks to queue
[2026-03-18T01:43:47.605+0530] {logging_mixin.py:188} INFO - [2026-03-18T01:43:47.604+0530] {dagbag.py:540} INFO - Filling up the DagBag from /Users/vybhavswaroop/Desktop/untitled folder 3/ecommerce_platform/venv/lib/python3.11/site-packages/airflow/example_dags/example_branch_python_dop_operator_3.py
[2026-03-18T01:43:47.632+0530] {processor.py:840} INFO - DAG(s) 'example_branch_dop_operator_v3' retrieved from /Users/vybhavswaroop/Desktop/untitled folder 3/ecommerce_platform/venv/lib/python3.11/site-packages/airflow/example_dags/example_branch_python_dop_operator_3.py
[2026-03-18T01:43:47.711+0530] {logging_mixin.py:188} INFO - [2026-03-18T01:43:47.711+0530] {dag.py:3047} INFO - Sync 1 DAGs
[2026-03-18T01:43:47.726+0530] {logging_mixin.py:188} INFO - [2026-03-18T01:43:47.726+0530] {dag.py:3834} INFO - Setting next_dagrun for example_branch_dop_operator_v3 to 2026-03-17 20:12:00+00:00, run_after=2026-03-17 20:13:00+00:00
[2026-03-18T01:43:47.742+0530] {processor.py:183} INFO - Processing /Users/vybhavswaroop/Desktop/untitled folder 3/ecommerce_platform/venv/lib/python3.11/site-packages/airflow/example_dags/example_branch_python_dop_operator_3.py took 0.140 seconds
[2026-03-18T01:49:28.049+0530] {processor.py:161} INFO - Started process (PID=55289) to work on /Users/vybhavswaroop/Desktop/untitled folder 3/ecommerce_platform/venv/lib/python3.11/site-packages/airflow/example_dags/example_branch_python_dop_operator_3.py
[2026-03-18T01:49:28.051+0530] {processor.py:830} INFO - Processing file /Users/vybhavswaroop/Desktop/untitled folder 3/ecommerce_platform/venv/lib/python3.11/site-packages/airflow/example_dags/example_branch_python_dop_operator_3.py for tasks to queue
[2026-03-18T01:49:28.051+0530] {logging_mixin.py:188} INFO - [2026-03-18T01:49:28.051+0530] {dagbag.py:540} INFO - Filling up the DagBag from /Users/vybhavswaroop/Desktop/untitled folder 3/ecommerce_platform/venv/lib/python3.11/site-packages/airflow/example_dags/example_branch_python_dop_operator_3.py
[2026-03-18T01:49:28.083+0530] {processor.py:840} INFO - DAG(s) 'example_branch_dop_operator_v3' retrieved from /Users/vybhavswaroop/Desktop/untitled folder 3/ecommerce_platform/venv/lib/python3.11/site-packages/airflow/example_dags/example_branch_python_dop_operator_3.py
[2026-03-18T01:49:28.158+0530] {logging_mixin.py:188} INFO - [2026-03-18T01:49:28.158+0530] {dag.py:3047} INFO - Sync 1 DAGs
[2026-03-18T01:49:28.173+0530] {logging_mixin.py:188} INFO - [2026-03-18T01:49:28.173+0530] {dag.py:3834} INFO - Setting next_dagrun for example_branch_dop_operator_v3 to 2026-03-17 20:18:00+00:00, run_after=2026-03-17 20:19:00+00:00
[2026-03-18T01:49:28.191+0530] {processor.py:183} INFO - Processing /Users/vybhavswaroop/Desktop/untitled folder 3/ecommerce_platform/venv/lib/python3.11/site-packages/airflow/example_dags/example_branch_python_dop_operator_3.py took 0.142 seconds
[2026-03-18T01:55:13.163+0530] {processor.py:161} INFO - Started process (PID=58428) to work on /Users/vybhavswaroop/Desktop/untitled folder 3/ecommerce_platform/venv/lib/python3.11/site-packages/airflow/example_dags/example_branch_python_dop_operator_3.py
[2026-03-18T01:55:13.164+0530] {processor.py:830} INFO - Processing file /Users/vybhavswaroop/Desktop/untitled folder 3/ecommerce_platform/venv/lib/python3.11/site-packages/airflow/example_dags/example_branch_python_dop_operator_3.py for tasks to queue
[2026-03-18T01:55:13.165+0530] {logging_mixin.py:188} INFO - [2026-03-18T01:55:13.164+0530] {dagbag.py:540} INFO - Filling up the DagBag from /Users/vybhavswaroop/Desktop/untitled folder 3/ecommerce_platform/venv/lib/python3.11/site-packages/airflow/example_dags/example_branch_python_dop_operator_3.py
[2026-03-18T01:55:13.197+0530] {processor.py:840} INFO - DAG(s) 'example_branch_dop_operator_v3' retrieved from /Users/vybhavswaroop/Desktop/untitled folder 3/ecommerce_platform/venv/lib/python3.11/site-packages/airflow/example_dags/example_branch_python_dop_operator_3.py
[2026-03-18T01:55:13.282+0530] {logging_mixin.py:188} INFO - [2026-03-18T01:55:13.282+0530] {dag.py:3047} INFO - Sync 1 DAGs
[2026-03-18T01:55:13.297+0530] {logging_mixin.py:188} INFO - [2026-03-18T01:55:13.297+0530] {dag.py:3834} INFO - Setting next_dagrun for example_branch_dop_operator_v3 to 2026-03-17 20:24:00+00:00, run_after=2026-03-17 20:25:00+00:00
[2026-03-18T01:55:13.314+0530] {processor.py:183} INFO - Processing /Users/vybhavswaroop/Desktop/untitled folder 3/ecommerce_platform/venv/lib/python3.11/site-packages/airflow/example_dags/example_branch_python_dop_operator_3.py took 0.152 seconds
[2026-03-18T02:00:48.313+0530] {processor.py:161} INFO - Started process (PID=61515) to work on /Users/vybhavswaroop/Desktop/untitled folder 3/ecommerce_platform/venv/lib/python3.11/site-packages/airflow/example_dags/example_branch_python_dop_operator_3.py
[2026-03-18T02:00:48.315+0530] {processor.py:830} INFO - Processing file /Users/vybhavswaroop/Desktop/untitled folder 3/ecommerce_platform/venv/lib/python3.11/site-packages/airflow/example_dags/example_branch_python_dop_operator_3.py for tasks to queue
[2026-03-18T02:00:48.315+0530] {logging_mixin.py:188} INFO - [2026-03-18T02:00:48.315+0530] {dagbag.py:540} INFO - Filling up the DagBag from /Users/vybhavswaroop/Desktop/untitled folder 3/ecommerce_platform/venv/lib/python3.11/site-packages/airflow/example_dags/example_branch_python_dop_operator_3.py
[2026-03-18T02:00:48.342+0530] {processor.py:840} INFO - DAG(s) 'example_branch_dop_operator_v3' retrieved from /Users/vybhavswaroop/Desktop/untitled folder 3/ecommerce_platform/venv/lib/python3.11/site-packages/airflow/example_dags/example_branch_python_dop_operator_3.py
[2026-03-18T02:00:48.413+0530] {logging_mixin.py:188} INFO - [2026-03-18T02:00:48.412+0530] {dag.py:3047} INFO - Sync 1 DAGs
[2026-03-18T02:00:48.425+0530] {logging_mixin.py:188} INFO - [2026-03-18T02:00:48.425+0530] {dag.py:3834} INFO - Setting next_dagrun for example_branch_dop_operator_v3 to 2026-03-17 20:29:00+00:00, run_after=2026-03-17 20:30:00+00:00
[2026-03-18T02:00:48.438+0530] {processor.py:183} INFO - Processing /Users/vybhavswaroop/Desktop/untitled folder 3/ecommerce_platform/venv/lib/python3.11/site-packages/airflow/example_dags/example_branch_python_dop_operator_3.py took 0.126 seconds
[2026-03-18T02:06:17.870+0530] {processor.py:161} INFO - Started process (PID=64665) to work on /Users/vybhavswaroop/Desktop/untitled folder 3/ecommerce_platform/venv/lib/python3.11/site-packages/airflow/example_dags/example_branch_python_dop_operator_3.py
[2026-03-18T02:06:17.872+0530] {processor.py:830} INFO - Processing file /Users/vybhavswaroop/Desktop/untitled folder 3/ecommerce_platform/venv/lib/python3.11/site-packages/airflow/example_dags/example_branch_python_dop_operator_3.py for tasks to queue
[2026-03-18T02:06:17.872+0530] {logging_mixin.py:188} INFO - [2026-03-18T02:06:17.872+0530] {dagbag.py:540} INFO - Filling up the DagBag from /Users/vybhavswaroop/Desktop/untitled folder 3/ecommerce_platform/venv/lib/python3.11/site-packages/airflow/example_dags/example_branch_python_dop_operator_3.py
[2026-03-18T02:06:17.894+0530] {processor.py:840} INFO - DAG(s) 'example_branch_dop_operator_v3' retrieved from /Users/vybhavswaroop/Desktop/untitled folder 3/ecommerce_platform/venv/lib/python3.11/site-packages/airflow/example_dags/example_branch_python_dop_operator_3.py
[2026-03-18T02:06:17.948+0530] {logging_mixin.py:188} INFO - [2026-03-18T02:06:17.948+0530] {dag.py:3047} INFO - Sync 1 DAGs
[2026-03-18T02:06:17.957+0530] {logging_mixin.py:188} INFO - [2026-03-18T02:06:17.957+0530] {dag.py:3834} INFO - Setting next_dagrun for example_branch_dop_operator_v3 to 2026-03-17 20:35:00+00:00, run_after=2026-03-17 20:36:00+00:00
[2026-03-18T02:06:17.967+0530] {processor.py:183} INFO - Processing /Users/vybhavswaroop/Desktop/untitled folder 3/ecommerce_platform/venv/lib/python3.11/site-packages/airflow/example_dags/example_branch_python_dop_operator_3.py took 0.098 seconds
[2026-03-18T02:10:56.517+0530] {processor.py:161} INFO - Started process (PID=67953) to work on /Users/vybhavswaroop/Desktop/untitled folder 3/ecommerce_platform/venv/lib/python3.11/site-packages/airflow/example_dags/example_branch_python_dop_operator_3.py
[2026-03-18T02:10:56.519+0530] {processor.py:830} INFO - Processing file /Users/vybhavswaroop/Desktop/untitled folder 3/ecommerce_platform/venv/lib/python3.11/site-packages/airflow/example_dags/example_branch_python_dop_operator_3.py for tasks to queue
[2026-03-18T02:10:56.519+0530] {logging_mixin.py:188} INFO - [2026-03-18T02:10:56.519+0530] {dagbag.py:540} INFO - Filling up the DagBag from /Users/vybhavswaroop/Desktop/untitled folder 3/ecommerce_platform/venv/lib/python3.11/site-packages/airflow/example_dags/example_branch_python_dop_operator_3.py
[2026-03-18T02:10:56.541+0530] {processor.py:840} INFO - DAG(s) 'example_branch_dop_operator_v3' retrieved from /Users/vybhavswaroop/Desktop/untitled folder 3/ecommerce_platform/venv/lib/python3.11/site-packages/airflow/example_dags/example_branch_python_dop_operator_3.py
[2026-03-18T02:10:56.595+0530] {logging_mixin.py:188} INFO - [2026-03-18T02:10:56.594+0530] {dag.py:3047} INFO - Sync 1 DAGs
[2026-03-18T02:10:56.605+0530] {logging_mixin.py:188} INFO - [2026-03-18T02:10:56.605+0530] {dag.py:3834} INFO - Setting next_dagrun for example_branch_dop_operator_v3 to 2026-03-17 20:39:00+00:00, run_after=2026-03-17 20:40:00+00:00
[2026-03-18T02:10:56.615+0530] {processor.py:183} INFO - Processing /Users/vybhavswaroop/Desktop/untitled folder 3/ecommerce_platform/venv/lib/python3.11/site-packages/airflow/example_dags/example_branch_python_dop_operator_3.py took 0.099 seconds
[2026-03-18T02:16:20.899+0530] {processor.py:161} INFO - Started process (PID=71088) to work on /Users/vybhavswaroop/Desktop/untitled folder 3/ecommerce_platform/venv/lib/python3.11/site-packages/airflow/example_dags/example_branch_python_dop_operator_3.py
[2026-03-18T02:16:20.900+0530] {processor.py:830} INFO - Processing file /Users/vybhavswaroop/Desktop/untitled folder 3/ecommerce_platform/venv/lib/python3.11/site-packages/airflow/example_dags/example_branch_python_dop_operator_3.py for tasks to queue
[2026-03-18T02:16:20.901+0530] {logging_mixin.py:188} INFO - [2026-03-18T02:16:20.901+0530] {dagbag.py:540} INFO - Filling up the DagBag from /Users/vybhavswaroop/Desktop/untitled folder 3/ecommerce_platform/venv/lib/python3.11/site-packages/airflow/example_dags/example_branch_python_dop_operator_3.py
[2026-03-18T02:16:20.933+0530] {processor.py:840} INFO - DAG(s) 'example_branch_dop_operator_v3' retrieved from /Users/vybhavswaroop/Desktop/untitled folder 3/ecommerce_platform/venv/lib/python3.11/site-packages/airflow/example_dags/example_branch_python_dop_operator_3.py
[2026-03-18T02:16:21.010+0530] {logging_mixin.py:188} INFO - [2026-03-18T02:16:21.009+0530] {dag.py:3047} INFO - Sync 1 DAGs
[2026-03-18T02:16:21.023+0530] {logging_mixin.py:188} INFO - [2026-03-18T02:16:21.023+0530] {dag.py:3834} INFO - Setting next_dagrun for example_branch_dop_operator_v3 to 2026-03-17 20:45:00+00:00, run_after=2026-03-17 20:46:00+00:00
[2026-03-18T02:16:21.038+0530] {processor.py:183} INFO - Processing /Users/vybhavswaroop/Desktop/untitled folder 3/ecommerce_platform/venv/lib/python3.11/site-packages/airflow/example_dags/example_branch_python_dop_operator_3.py took 0.140 seconds
[2026-03-18T02:21:54.797+0530] {processor.py:161} INFO - Started process (PID=74204) to work on /Users/vybhavswaroop/Desktop/untitled folder 3/ecommerce_platform/venv/lib/python3.11/site-packages/airflow/example_dags/example_branch_python_dop_operator_3.py
[2026-03-18T02:21:54.798+0530] {processor.py:830} INFO - Processing file /Users/vybhavswaroop/Desktop/untitled folder 3/ecommerce_platform/venv/lib/python3.11/site-packages/airflow/example_dags/example_branch_python_dop_operator_3.py for tasks to queue
[2026-03-18T02:21:54.799+0530] {logging_mixin.py:188} INFO - [2026-03-18T02:21:54.798+0530] {dagbag.py:540} INFO - Filling up the DagBag from /Users/vybhavswaroop/Desktop/untitled folder 3/ecommerce_platform/venv/lib/python3.11/site-packages/airflow/example_dags/example_branch_python_dop_operator_3.py
[2026-03-18T02:21:54.829+0530] {processor.py:840} INFO - DAG(s) 'example_branch_dop_operator_v3' retrieved from /Users/vybhavswaroop/Desktop/untitled folder 3/ecommerce_platform/venv/lib/python3.11/site-packages/airflow/example_dags/example_branch_python_dop_operator_3.py
[2026-03-18T02:21:54.902+0530] {logging_mixin.py:188} INFO - [2026-03-18T02:21:54.901+0530] {dag.py:3047} INFO - Sync 1 DAGs
[2026-03-18T02:21:54.917+0530] {logging_mixin.py:188} INFO - [2026-03-18T02:21:54.916+0530] {dag.py:3834} INFO - Setting next_dagrun for example_branch_dop_operator_v3 to 2026-03-17 20:50:00+00:00, run_after=2026-03-17 20:51:00+00:00
[2026-03-18T02:21:54.934+0530] {processor.py:183} INFO - Processing /Users/vybhavswaroop/Desktop/untitled folder 3/ecommerce_platform/venv/lib/python3.11/site-packages/airflow/example_dags/example_branch_python_dop_operator_3.py took 0.138 seconds
[2026-03-18T02:27:26.875+0530] {processor.py:161} INFO - Started process (PID=77329) to work on /Users/vybhavswaroop/Desktop/untitled folder 3/ecommerce_platform/venv/lib/python3.11/site-packages/airflow/example_dags/example_branch_python_dop_operator_3.py
[2026-03-18T02:27:26.876+0530] {processor.py:830} INFO - Processing file /Users/vybhavswaroop/Desktop/untitled folder 3/ecommerce_platform/venv/lib/python3.11/site-packages/airflow/example_dags/example_branch_python_dop_operator_3.py for tasks to queue
[2026-03-18T02:27:26.877+0530] {logging_mixin.py:188} INFO - [2026-03-18T02:27:26.877+0530] {dagbag.py:540} INFO - Filling up the DagBag from /Users/vybhavswaroop/Desktop/untitled folder 3/ecommerce_platform/venv/lib/python3.11/site-packages/airflow/example_dags/example_branch_python_dop_operator_3.py
[2026-03-18T02:27:26.908+0530] {processor.py:840} INFO - DAG(s) 'example_branch_dop_operator_v3' retrieved from /Users/vybhavswaroop/Desktop/untitled folder 3/ecommerce_platform/venv/lib/python3.11/site-packages/airflow/example_dags/example_branch_python_dop_operator_3.py
[2026-03-18T02:27:26.990+0530] {logging_mixin.py:188} INFO - [2026-03-18T02:27:26.990+0530] {dag.py:3047} INFO - Sync 1 DAGs
[2026-03-18T02:27:27.003+0530] {logging_mixin.py:188} INFO - [2026-03-18T02:27:27.003+0530] {dag.py:3834} INFO - Setting next_dagrun for example_branch_dop_operator_v3 to 2026-03-17 20:56:00+00:00, run_after=2026-03-17 20:57:00+00:00
[2026-03-18T02:27:27.019+0530] {processor.py:183} INFO - Processing /Users/vybhavswaroop/Desktop/untitled folder 3/ecommerce_platform/venv/lib/python3.11/site-packages/airflow/example_dags/example_branch_python_dop_operator_3.py took 0.146 seconds
[2026-03-18T02:32:54.759+0530] {processor.py:161} INFO - Started process (PID=80493) to work on /Users/vybhavswaroop/Desktop/untitled folder 3/ecommerce_platform/venv/lib/python3.11/site-packages/airflow/example_dags/example_branch_python_dop_operator_3.py
[2026-03-18T02:32:54.761+0530] {processor.py:830} INFO - Processing file /Users/vybhavswaroop/Desktop/untitled folder 3/ecommerce_platform/venv/lib/python3.11/site-packages/airflow/example_dags/example_branch_python_dop_operator_3.py for tasks to queue
[2026-03-18T02:32:54.761+0530] {logging_mixin.py:188} INFO - [2026-03-18T02:32:54.761+0530] {dagbag.py:540} INFO - Filling up the DagBag from /Users/vybhavswaroop/Desktop/untitled folder 3/ecommerce_platform/venv/lib/python3.11/site-packages/airflow/example_dags/example_branch_python_dop_operator_3.py
[2026-03-18T02:32:54.790+0530] {processor.py:840} INFO - DAG(s) 'example_branch_dop_operator_v3' retrieved from /Users/vybhavswaroop/Desktop/untitled folder 3/ecommerce_platform/venv/lib/python3.11/site-packages/airflow/example_dags/example_branch_python_dop_operator_3.py
[2026-03-18T02:32:54.858+0530] {logging_mixin.py:188} INFO - [2026-03-18T02:32:54.858+0530] {dag.py:3047} INFO - Sync 1 DAGs
[2026-03-18T02:32:54.869+0530] {logging_mixin.py:188} INFO - [2026-03-18T02:32:54.869+0530] {dag.py:3834} INFO - Setting next_dagrun for example_branch_dop_operator_v3 to 2026-03-17 21:01:00+00:00, run_after=2026-03-17 21:02:00+00:00
[2026-03-18T02:32:54.883+0530] {processor.py:183} INFO - Processing /Users/vybhavswaroop/Desktop/untitled folder 3/ecommerce_platform/venv/lib/python3.11/site-packages/airflow/example_dags/example_branch_python_dop_operator_3.py took 0.125 seconds
[2026-03-18T02:38:20.226+0530] {processor.py:161} INFO - Started process (PID=83612) to work on /Users/vybhavswaroop/Desktop/untitled folder 3/ecommerce_platform/venv/lib/python3.11/site-packages/airflow/example_dags/example_branch_python_dop_operator_3.py
[2026-03-18T02:38:20.227+0530] {processor.py:830} INFO - Processing file /Users/vybhavswaroop/Desktop/untitled folder 3/ecommerce_platform/venv/lib/python3.11/site-packages/airflow/example_dags/example_branch_python_dop_operator_3.py for tasks to queue
[2026-03-18T02:38:20.228+0530] {logging_mixin.py:188} INFO - [2026-03-18T02:38:20.228+0530] {dagbag.py:540} INFO - Filling up the DagBag from /Users/vybhavswaroop/Desktop/untitled folder 3/ecommerce_platform/venv/lib/python3.11/site-packages/airflow/example_dags/example_branch_python_dop_operator_3.py
[2026-03-18T02:38:20.256+0530] {processor.py:840} INFO - DAG(s) 'example_branch_dop_operator_v3' retrieved from /Users/vybhavswaroop/Desktop/untitled folder 3/ecommerce_platform/venv/lib/python3.11/site-packages/airflow/example_dags/example_branch_python_dop_operator_3.py
[2026-03-18T02:38:20.330+0530] {logging_mixin.py:188} INFO - [2026-03-18T02:38:20.329+0530] {dag.py:3047} INFO - Sync 1 DAGs
[2026-03-18T02:38:20.343+0530] {logging_mixin.py:188} INFO - [2026-03-18T02:38:20.343+0530] {dag.py:3834} INFO - Setting next_dagrun for example_branch_dop_operator_v3 to 2026-03-17 21:07:00+00:00, run_after=2026-03-17 21:08:00+00:00
[2026-03-18T02:38:20.357+0530] {processor.py:183} INFO - Processing /Users/vybhavswaroop/Desktop/untitled folder 3/ecommerce_platform/venv/lib/python3.11/site-packages/airflow/example_dags/example_branch_python_dop_operator_3.py took 0.132 seconds
[2026-03-18T02:43:42.683+0530] {processor.py:161} INFO - Started process (PID=86769) to work on /Users/vybhavswaroop/Desktop/untitled folder 3/ecommerce_platform/venv/lib/python3.11/site-packages/airflow/example_dags/example_branch_python_dop_operator_3.py
[2026-03-18T02:43:42.685+0530] {processor.py:830} INFO - Processing file /Users/vybhavswaroop/Desktop/untitled folder 3/ecommerce_platform/venv/lib/python3.11/site-packages/airflow/example_dags/example_branch_python_dop_operator_3.py for tasks to queue
[2026-03-18T02:43:42.685+0530] {logging_mixin.py:188} INFO - [2026-03-18T02:43:42.685+0530] {dagbag.py:540} INFO - Filling up the DagBag from /Users/vybhavswaroop/Desktop/untitled folder 3/ecommerce_platform/venv/lib/python3.11/site-packages/airflow/example_dags/example_branch_python_dop_operator_3.py
[2026-03-18T02:43:42.708+0530] {processor.py:840} INFO - DAG(s) 'example_branch_dop_operator_v3' retrieved from /Users/vybhavswaroop/Desktop/untitled folder 3/ecommerce_platform/venv/lib/python3.11/site-packages/airflow/example_dags/example_branch_python_dop_operator_3.py
[2026-03-18T02:43:42.767+0530] {logging_mixin.py:188} INFO - [2026-03-18T02:43:42.766+0530] {dag.py:3047} INFO - Sync 1 DAGs
[2026-03-18T02:43:42.777+0530] {logging_mixin.py:188} INFO - [2026-03-18T02:43:42.777+0530] {dag.py:3834} INFO - Setting next_dagrun for example_branch_dop_operator_v3 to 2026-03-17 21:12:00+00:00, run_after=2026-03-17 21:13:00+00:00
[2026-03-18T02:43:42.788+0530] {processor.py:183} INFO - Processing /Users/vybhavswaroop/Desktop/untitled folder 3/ecommerce_platform/venv/lib/python3.11/site-packages/airflow/example_dags/example_branch_python_dop_operator_3.py took 0.106 seconds
[2026-03-18T02:48:35.789+0530] {processor.py:161} INFO - Started process (PID=90018) to work on /Users/vybhavswaroop/Desktop/untitled folder 3/ecommerce_platform/venv/lib/python3.11/site-packages/airflow/example_dags/example_branch_python_dop_operator_3.py
[2026-03-18T02:48:35.791+0530] {processor.py:830} INFO - Processing file /Users/vybhavswaroop/Desktop/untitled folder 3/ecommerce_platform/venv/lib/python3.11/site-packages/airflow/example_dags/example_branch_python_dop_operator_3.py for tasks to queue
[2026-03-18T02:48:35.792+0530] {logging_mixin.py:188} INFO - [2026-03-18T02:48:35.792+0530] {dagbag.py:540} INFO - Filling up the DagBag from /Users/vybhavswaroop/Desktop/untitled folder 3/ecommerce_platform/venv/lib/python3.11/site-packages/airflow/example_dags/example_branch_python_dop_operator_3.py
[2026-03-18T02:48:35.813+0530] {processor.py:840} INFO - DAG(s) 'example_branch_dop_operator_v3' retrieved from /Users/vybhavswaroop/Desktop/untitled folder 3/ecommerce_platform/venv/lib/python3.11/site-packages/airflow/example_dags/example_branch_python_dop_operator_3.py
[2026-03-18T02:48:35.868+0530] {logging_mixin.py:188} INFO - [2026-03-18T02:48:35.868+0530] {dag.py:3047} INFO - Sync 1 DAGs
[2026-03-18T02:48:35.877+0530] {logging_mixin.py:188} INFO - [2026-03-18T02:48:35.877+0530] {dag.py:3834} INFO - Setting next_dagrun for example_branch_dop_operator_v3 to 2026-03-17 21:17:00+00:00, run_after=2026-03-17 21:18:00+00:00
[2026-03-18T02:48:35.887+0530] {processor.py:183} INFO - Processing /Users/vybhavswaroop/Desktop/untitled folder 3/ecommerce_platform/venv/lib/python3.11/site-packages/airflow/example_dags/example_branch_python_dop_operator_3.py took 0.099 seconds
[2026-03-18T02:53:10.556+0530] {processor.py:161} INFO - Started process (PID=93347) to work on /Users/vybhavswaroop/Desktop/untitled folder 3/ecommerce_platform/venv/lib/python3.11/site-packages/airflow/example_dags/example_branch_python_dop_operator_3.py
[2026-03-18T02:53:10.557+0530] {processor.py:830} INFO - Processing file /Users/vybhavswaroop/Desktop/untitled folder 3/ecommerce_platform/venv/lib/python3.11/site-packages/airflow/example_dags/example_branch_python_dop_operator_3.py for tasks to queue
[2026-03-18T02:53:10.558+0530] {logging_mixin.py:188} INFO - [2026-03-18T02:53:10.558+0530] {dagbag.py:540} INFO - Filling up the DagBag from /Users/vybhavswaroop/Desktop/untitled folder 3/ecommerce_platform/venv/lib/python3.11/site-packages/airflow/example_dags/example_branch_python_dop_operator_3.py
[2026-03-18T02:53:10.579+0530] {processor.py:840} INFO - DAG(s) 'example_branch_dop_operator_v3' retrieved from /Users/vybhavswaroop/Desktop/untitled folder 3/ecommerce_platform/venv/lib/python3.11/site-packages/airflow/example_dags/example_branch_python_dop_operator_3.py
[2026-03-18T02:53:10.632+0530] {logging_mixin.py:188} INFO - [2026-03-18T02:53:10.631+0530] {dag.py:3047} INFO - Sync 1 DAGs
[2026-03-18T02:53:10.642+0530] {logging_mixin.py:188} INFO - [2026-03-18T02:53:10.642+0530] {dag.py:3834} INFO - Setting next_dagrun for example_branch_dop_operator_v3 to 2026-03-17 21:22:00+00:00, run_after=2026-03-17 21:23:00+00:00
[2026-03-18T02:53:10.653+0530] {processor.py:183} INFO - Processing /Users/vybhavswaroop/Desktop/untitled folder 3/ecommerce_platform/venv/lib/python3.11/site-packages/airflow/example_dags/example_branch_python_dop_operator_3.py took 0.098 seconds
[2026-03-18T04:57:40.576+0530] {processor.py:161} INFO - Started process (PID=96537) to work on /Users/vybhavswaroop/Desktop/untitled folder 3/ecommerce_platform/venv/lib/python3.11/site-packages/airflow/example_dags/example_branch_python_dop_operator_3.py
[2026-03-18T04:57:40.577+0530] {processor.py:830} INFO - Processing file /Users/vybhavswaroop/Desktop/untitled folder 3/ecommerce_platform/venv/lib/python3.11/site-packages/airflow/example_dags/example_branch_python_dop_operator_3.py for tasks to queue
[2026-03-18T04:57:40.577+0530] {logging_mixin.py:188} INFO - [2026-03-18T04:57:40.577+0530] {dagbag.py:540} INFO - Filling up the DagBag from /Users/vybhavswaroop/Desktop/untitled folder 3/ecommerce_platform/venv/lib/python3.11/site-packages/airflow/example_dags/example_branch_python_dop_operator_3.py
[2026-03-18T04:57:40.591+0530] {processor.py:840} INFO - DAG(s) 'example_branch_dop_operator_v3' retrieved from /Users/vybhavswaroop/Desktop/untitled folder 3/ecommerce_platform/venv/lib/python3.11/site-packages/airflow/example_dags/example_branch_python_dop_operator_3.py
[2026-03-18T04:57:40.628+0530] {logging_mixin.py:188} INFO - [2026-03-18T04:57:40.628+0530] {dag.py:3047} INFO - Sync 1 DAGs
[2026-03-18T04:57:40.635+0530] {logging_mixin.py:188} INFO - [2026-03-18T04:57:40.635+0530] {dag.py:3834} INFO - Setting next_dagrun for example_branch_dop_operator_v3 to 2026-03-17 23:26:00+00:00, run_after=2026-03-17 23:27:00+00:00
[2026-03-18T04:57:40.642+0530] {processor.py:183} INFO - Processing /Users/vybhavswaroop/Desktop/untitled folder 3/ecommerce_platform/venv/lib/python3.11/site-packages/airflow/example_dags/example_branch_python_dop_operator_3.py took 0.066 seconds
