[2026-03-18T00:02:20.620+0530] {processor.py:161} INFO - Started process (PID=88162) to work on /Users/vybhavswaroop/Desktop/untitled folder 3/ecommerce_platform/venv/lib/python3.11/site-packages/airflow/example_dags/example_latest_only_with_trigger.py
[2026-03-18T00:02:20.620+0530] {processor.py:830} INFO - Processing file /Users/vybhavswaroop/Desktop/untitled folder 3/ecommerce_platform/venv/lib/python3.11/site-packages/airflow/example_dags/example_latest_only_with_trigger.py for tasks to queue
[2026-03-18T00:02:20.621+0530] {logging_mixin.py:188} INFO - [2026-03-18T00:02:20.621+0530] {dagbag.py:540} INFO - Filling up the DagBag from /Users/vybhavswaroop/Desktop/untitled folder 3/ecommerce_platform/venv/lib/python3.11/site-packages/airflow/example_dags/example_latest_only_with_trigger.py
[2026-03-18T00:02:20.624+0530] {processor.py:840} INFO - DAG(s) 'latest_only_with_trigger' retrieved from /Users/vybhavswaroop/Desktop/untitled folder 3/ecommerce_platform/venv/lib/python3.11/site-packages/airflow/example_dags/example_latest_only_with_trigger.py
[2026-03-18T00:02:20.698+0530] {logging_mixin.py:188} INFO - [2026-03-18T00:02:20.697+0530] {override.py:1769} INFO - Created Permission View: can delete on DAG:latest_only_with_trigger
[2026-03-18T00:02:20.701+0530] {logging_mixin.py:188} INFO - [2026-03-18T00:02:20.701+0530] {override.py:1769} INFO - Created Permission View: can read on DAG:latest_only_with_trigger
[2026-03-18T00:02:20.702+0530] {logging_mixin.py:188} INFO - [2026-03-18T00:02:20.702+0530] {override.py:1769} INFO - Created Permission View: can edit on DAG:latest_only_with_trigger
[2026-03-18T00:02:20.703+0530] {logging_mixin.py:188} INFO - [2026-03-18T00:02:20.703+0530] {dag.py:3047} INFO - Sync 1 DAGs
[2026-03-18T00:02:20.706+0530] {logging_mixin.py:188} INFO - [2026-03-18T00:02:20.706+0530] {dag.py:3069} INFO - Creating ORM DAG for latest_only_with_trigger
[2026-03-18T00:02:20.708+0530] {logging_mixin.py:188} INFO - [2026-03-18T00:02:20.708+0530] {dag.py:3834} INFO - Setting next_dagrun for latest_only_with_trigger to 2026-03-17 12:00:00+00:00, run_after=2026-03-17 16:00:00+00:00
[2026-03-18T00:02:20.715+0530] {processor.py:183} INFO - Processing /Users/vybhavswaroop/Desktop/untitled folder 3/ecommerce_platform/venv/lib/python3.11/site-packages/airflow/example_dags/example_latest_only_with_trigger.py took 0.095 seconds
[2026-03-18T00:04:35.116+0530] {processor.py:161} INFO - Started process (PID=90196) to work on /Users/vybhavswaroop/Desktop/untitled folder 3/ecommerce_platform/venv/lib/python3.11/site-packages/airflow/example_dags/example_latest_only_with_trigger.py
[2026-03-18T00:04:35.117+0530] {processor.py:830} INFO - Processing file /Users/vybhavswaroop/Desktop/untitled folder 3/ecommerce_platform/venv/lib/python3.11/site-packages/airflow/example_dags/example_latest_only_with_trigger.py for tasks to queue
[2026-03-18T00:04:35.118+0530] {logging_mixin.py:188} INFO - [2026-03-18T00:04:35.118+0530] {dagbag.py:540} INFO - Filling up the DagBag from /Users/vybhavswaroop/Desktop/untitled folder 3/ecommerce_platform/venv/lib/python3.11/site-packages/airflow/example_dags/example_latest_only_with_trigger.py
[2026-03-18T00:04:35.121+0530] {processor.py:840} INFO - DAG(s) 'latest_only_with_trigger' retrieved from /Users/vybhavswaroop/Desktop/untitled folder 3/ecommerce_platform/venv/lib/python3.11/site-packages/airflow/example_dags/example_latest_only_with_trigger.py
[2026-03-18T00:04:35.162+0530] {logging_mixin.py:188} INFO - [2026-03-18T00:04:35.162+0530] {dag.py:3047} INFO - Sync 1 DAGs
[2026-03-18T00:04:35.169+0530] {logging_mixin.py:188} INFO - [2026-03-18T00:04:35.169+0530] {dag.py:3834} INFO - Setting next_dagrun for latest_only_with_trigger to 2026-03-17 12:00:00+00:00, run_after=2026-03-17 16:00:00+00:00
[2026-03-18T00:04:35.176+0530] {processor.py:183} INFO - Processing /Users/vybhavswaroop/Desktop/untitled folder 3/ecommerce_platform/venv/lib/python3.11/site-packages/airflow/example_dags/example_latest_only_with_trigger.py took 0.060 seconds
[2026-03-18T00:08:18.535+0530] {processor.py:161} INFO - Started process (PID=93402) to work on /Users/vybhavswaroop/Desktop/untitled folder 3/ecommerce_platform/venv/lib/python3.11/site-packages/airflow/example_dags/example_latest_only_with_trigger.py
[2026-03-18T00:08:18.536+0530] {processor.py:830} INFO - Processing file /Users/vybhavswaroop/Desktop/untitled folder 3/ecommerce_platform/venv/lib/python3.11/site-packages/airflow/example_dags/example_latest_only_with_trigger.py for tasks to queue
[2026-03-18T00:08:18.536+0530] {logging_mixin.py:188} INFO - [2026-03-18T00:08:18.536+0530] {dagbag.py:540} INFO - Filling up the DagBag from /Users/vybhavswaroop/Desktop/untitled folder 3/ecommerce_platform/venv/lib/python3.11/site-packages/airflow/example_dags/example_latest_only_with_trigger.py
[2026-03-18T00:08:18.541+0530] {processor.py:840} INFO - DAG(s) 'latest_only_with_trigger' retrieved from /Users/vybhavswaroop/Desktop/untitled folder 3/ecommerce_platform/venv/lib/python3.11/site-packages/airflow/example_dags/example_latest_only_with_trigger.py
[2026-03-18T00:08:18.594+0530] {logging_mixin.py:188} INFO - [2026-03-18T00:08:18.594+0530] {dag.py:3047} INFO - Sync 1 DAGs
[2026-03-18T00:08:18.604+0530] {logging_mixin.py:188} INFO - [2026-03-18T00:08:18.604+0530] {dag.py:3834} INFO - Setting next_dagrun for latest_only_with_trigger to 2026-03-17 12:00:00+00:00, run_after=2026-03-17 16:00:00+00:00
[2026-03-18T00:08:18.614+0530] {processor.py:183} INFO - Processing /Users/vybhavswaroop/Desktop/untitled folder 3/ecommerce_platform/venv/lib/python3.11/site-packages/airflow/example_dags/example_latest_only_with_trigger.py took 0.080 seconds
[2026-03-18T00:13:15.668+0530] {processor.py:161} INFO - Started process (PID=96614) to work on /Users/vybhavswaroop/Desktop/untitled folder 3/ecommerce_platform/venv/lib/python3.11/site-packages/airflow/example_dags/example_latest_only_with_trigger.py
[2026-03-18T00:13:15.669+0530] {processor.py:830} INFO - Processing file /Users/vybhavswaroop/Desktop/untitled folder 3/ecommerce_platform/venv/lib/python3.11/site-packages/airflow/example_dags/example_latest_only_with_trigger.py for tasks to queue
[2026-03-18T00:13:15.670+0530] {logging_mixin.py:188} INFO - [2026-03-18T00:13:15.670+0530] {dagbag.py:540} INFO - Filling up the DagBag from /Users/vybhavswaroop/Desktop/untitled folder 3/ecommerce_platform/venv/lib/python3.11/site-packages/airflow/example_dags/example_latest_only_with_trigger.py
[2026-03-18T00:13:15.675+0530] {processor.py:840} INFO - DAG(s) 'latest_only_with_trigger' retrieved from /Users/vybhavswaroop/Desktop/untitled folder 3/ecommerce_platform/venv/lib/python3.11/site-packages/airflow/example_dags/example_latest_only_with_trigger.py
[2026-03-18T00:13:15.739+0530] {logging_mixin.py:188} INFO - [2026-03-18T00:13:15.739+0530] {dag.py:3047} INFO - Sync 1 DAGs
[2026-03-18T00:13:15.749+0530] {logging_mixin.py:188} INFO - [2026-03-18T00:13:15.749+0530] {dag.py:3834} INFO - Setting next_dagrun for latest_only_with_trigger to 2026-03-17 12:00:00+00:00, run_after=2026-03-17 16:00:00+00:00
[2026-03-18T00:13:15.763+0530] {processor.py:183} INFO - Processing /Users/vybhavswaroop/Desktop/untitled folder 3/ecommerce_platform/venv/lib/python3.11/site-packages/airflow/example_dags/example_latest_only_with_trigger.py took 0.096 seconds
[2026-03-18T00:18:28.758+0530] {processor.py:161} INFO - Started process (PID=99859) to work on /Users/vybhavswaroop/Desktop/untitled folder 3/ecommerce_platform/venv/lib/python3.11/site-packages/airflow/example_dags/example_latest_only_with_trigger.py
[2026-03-18T00:18:28.759+0530] {processor.py:830} INFO - Processing file /Users/vybhavswaroop/Desktop/untitled folder 3/ecommerce_platform/venv/lib/python3.11/site-packages/airflow/example_dags/example_latest_only_with_trigger.py for tasks to queue
[2026-03-18T00:18:28.760+0530] {logging_mixin.py:188} INFO - [2026-03-18T00:18:28.760+0530] {dagbag.py:540} INFO - Filling up the DagBag from /Users/vybhavswaroop/Desktop/untitled folder 3/ecommerce_platform/venv/lib/python3.11/site-packages/airflow/example_dags/example_latest_only_with_trigger.py
[2026-03-18T00:18:28.765+0530] {processor.py:840} INFO - DAG(s) 'latest_only_with_trigger' retrieved from /Users/vybhavswaroop/Desktop/untitled folder 3/ecommerce_platform/venv/lib/python3.11/site-packages/airflow/example_dags/example_latest_only_with_trigger.py
[2026-03-18T00:18:28.837+0530] {logging_mixin.py:188} INFO - [2026-03-18T00:18:28.837+0530] {dag.py:3047} INFO - Sync 1 DAGs
[2026-03-18T00:18:28.850+0530] {logging_mixin.py:188} INFO - [2026-03-18T00:18:28.850+0530] {dag.py:3834} INFO - Setting next_dagrun for latest_only_with_trigger to 2026-03-17 12:00:00+00:00, run_after=2026-03-17 16:00:00+00:00
[2026-03-18T00:18:28.864+0530] {processor.py:183} INFO - Processing /Users/vybhavswaroop/Desktop/untitled folder 3/ecommerce_platform/venv/lib/python3.11/site-packages/airflow/example_dags/example_latest_only_with_trigger.py took 0.107 seconds
[2026-03-18T00:23:46.763+0530] {processor.py:161} INFO - Started process (PID=3728) to work on /Users/vybhavswaroop/Desktop/untitled folder 3/ecommerce_platform/venv/lib/python3.11/site-packages/airflow/example_dags/example_latest_only_with_trigger.py
[2026-03-18T00:23:46.765+0530] {processor.py:830} INFO - Processing file /Users/vybhavswaroop/Desktop/untitled folder 3/ecommerce_platform/venv/lib/python3.11/site-packages/airflow/example_dags/example_latest_only_with_trigger.py for tasks to queue
[2026-03-18T00:23:46.765+0530] {logging_mixin.py:188} INFO - [2026-03-18T00:23:46.765+0530] {dagbag.py:540} INFO - Filling up the DagBag from /Users/vybhavswaroop/Desktop/untitled folder 3/ecommerce_platform/venv/lib/python3.11/site-packages/airflow/example_dags/example_latest_only_with_trigger.py
[2026-03-18T00:23:46.771+0530] {processor.py:840} INFO - DAG(s) 'latest_only_with_trigger' retrieved from /Users/vybhavswaroop/Desktop/untitled folder 3/ecommerce_platform/venv/lib/python3.11/site-packages/airflow/example_dags/example_latest_only_with_trigger.py
[2026-03-18T00:23:46.837+0530] {logging_mixin.py:188} INFO - [2026-03-18T00:23:46.836+0530] {dag.py:3047} INFO - Sync 1 DAGs
[2026-03-18T00:23:46.847+0530] {logging_mixin.py:188} INFO - [2026-03-18T00:23:46.847+0530] {dag.py:3834} INFO - Setting next_dagrun for latest_only_with_trigger to 2026-03-17 12:00:00+00:00, run_after=2026-03-17 16:00:00+00:00
[2026-03-18T00:23:46.859+0530] {processor.py:183} INFO - Processing /Users/vybhavswaroop/Desktop/untitled folder 3/ecommerce_platform/venv/lib/python3.11/site-packages/airflow/example_dags/example_latest_only_with_trigger.py took 0.096 seconds
[2026-03-18T00:29:22.930+0530] {processor.py:161} INFO - Started process (PID=6803) to work on /Users/vybhavswaroop/Desktop/untitled folder 3/ecommerce_platform/venv/lib/python3.11/site-packages/airflow/example_dags/example_latest_only_with_trigger.py
[2026-03-18T00:29:22.931+0530] {processor.py:830} INFO - Processing file /Users/vybhavswaroop/Desktop/untitled folder 3/ecommerce_platform/venv/lib/python3.11/site-packages/airflow/example_dags/example_latest_only_with_trigger.py for tasks to queue
[2026-03-18T00:29:22.931+0530] {logging_mixin.py:188} INFO - [2026-03-18T00:29:22.931+0530] {dagbag.py:540} INFO - Filling up the DagBag from /Users/vybhavswaroop/Desktop/untitled folder 3/ecommerce_platform/venv/lib/python3.11/site-packages/airflow/example_dags/example_latest_only_with_trigger.py
[2026-03-18T00:29:22.937+0530] {processor.py:840} INFO - DAG(s) 'latest_only_with_trigger' retrieved from /Users/vybhavswaroop/Desktop/untitled folder 3/ecommerce_platform/venv/lib/python3.11/site-packages/airflow/example_dags/example_latest_only_with_trigger.py
[2026-03-18T00:29:22.996+0530] {logging_mixin.py:188} INFO - [2026-03-18T00:29:22.996+0530] {dag.py:3047} INFO - Sync 1 DAGs
[2026-03-18T00:29:23.007+0530] {logging_mixin.py:188} INFO - [2026-03-18T00:29:23.007+0530] {dag.py:3834} INFO - Setting next_dagrun for latest_only_with_trigger to 2026-03-17 12:00:00+00:00, run_after=2026-03-17 16:00:00+00:00
[2026-03-18T00:29:23.017+0530] {processor.py:183} INFO - Processing /Users/vybhavswaroop/Desktop/untitled folder 3/ecommerce_platform/venv/lib/python3.11/site-packages/airflow/example_dags/example_latest_only_with_trigger.py took 0.088 seconds
[2026-03-18T00:34:40.131+0530] {processor.py:161} INFO - Started process (PID=9984) to work on /Users/vybhavswaroop/Desktop/untitled folder 3/ecommerce_platform/venv/lib/python3.11/site-packages/airflow/example_dags/example_latest_only_with_trigger.py
[2026-03-18T00:34:40.132+0530] {processor.py:830} INFO - Processing file /Users/vybhavswaroop/Desktop/untitled folder 3/ecommerce_platform/venv/lib/python3.11/site-packages/airflow/example_dags/example_latest_only_with_trigger.py for tasks to queue
[2026-03-18T00:34:40.132+0530] {logging_mixin.py:188} INFO - [2026-03-18T00:34:40.132+0530] {dagbag.py:540} INFO - Filling up the DagBag from /Users/vybhavswaroop/Desktop/untitled folder 3/ecommerce_platform/venv/lib/python3.11/site-packages/airflow/example_dags/example_latest_only_with_trigger.py
[2026-03-18T00:34:40.138+0530] {processor.py:840} INFO - DAG(s) 'latest_only_with_trigger' retrieved from /Users/vybhavswaroop/Desktop/untitled folder 3/ecommerce_platform/venv/lib/python3.11/site-packages/airflow/example_dags/example_latest_only_with_trigger.py
[2026-03-18T00:34:40.208+0530] {logging_mixin.py:188} INFO - [2026-03-18T00:34:40.208+0530] {dag.py:3047} INFO - Sync 1 DAGs
[2026-03-18T00:34:40.220+0530] {logging_mixin.py:188} INFO - [2026-03-18T00:34:40.220+0530] {dag.py:3834} INFO - Setting next_dagrun for latest_only_with_trigger to 2026-03-17 12:00:00+00:00, run_after=2026-03-17 16:00:00+00:00
[2026-03-18T00:34:40.233+0530] {processor.py:183} INFO - Processing /Users/vybhavswaroop/Desktop/untitled folder 3/ecommerce_platform/venv/lib/python3.11/site-packages/airflow/example_dags/example_latest_only_with_trigger.py took 0.103 seconds
[2026-03-18T00:40:10.113+0530] {processor.py:161} INFO - Started process (PID=13228) to work on /Users/vybhavswaroop/Desktop/untitled folder 3/ecommerce_platform/venv/lib/python3.11/site-packages/airflow/example_dags/example_latest_only_with_trigger.py
[2026-03-18T00:40:10.115+0530] {processor.py:830} INFO - Processing file /Users/vybhavswaroop/Desktop/untitled folder 3/ecommerce_platform/venv/lib/python3.11/site-packages/airflow/example_dags/example_latest_only_with_trigger.py for tasks to queue
[2026-03-18T00:40:10.116+0530] {logging_mixin.py:188} INFO - [2026-03-18T00:40:10.115+0530] {dagbag.py:540} INFO - Filling up the DagBag from /Users/vybhavswaroop/Desktop/untitled folder 3/ecommerce_platform/venv/lib/python3.11/site-packages/airflow/example_dags/example_latest_only_with_trigger.py
[2026-03-18T00:40:10.122+0530] {processor.py:840} INFO - DAG(s) 'latest_only_with_trigger' retrieved from /Users/vybhavswaroop/Desktop/untitled folder 3/ecommerce_platform/venv/lib/python3.11/site-packages/airflow/example_dags/example_latest_only_with_trigger.py
[2026-03-18T00:40:10.198+0530] {logging_mixin.py:188} INFO - [2026-03-18T00:40:10.198+0530] {dag.py:3047} INFO - Sync 1 DAGs
[2026-03-18T00:40:10.210+0530] {logging_mixin.py:188} INFO - [2026-03-18T00:40:10.210+0530] {dag.py:3834} INFO - Setting next_dagrun for latest_only_with_trigger to 2026-03-17 12:00:00+00:00, run_after=2026-03-17 16:00:00+00:00
[2026-03-18T00:40:10.224+0530] {processor.py:183} INFO - Processing /Users/vybhavswaroop/Desktop/untitled folder 3/ecommerce_platform/venv/lib/python3.11/site-packages/airflow/example_dags/example_latest_only_with_trigger.py took 0.111 seconds
[2026-03-18T00:42:59.793+0530] {processor.py:161} INFO - Started process (PID=14899) to work on /Users/vybhavswaroop/Desktop/untitled folder 3/ecommerce_platform/venv/lib/python3.11/site-packages/airflow/example_dags/example_latest_only_with_trigger.py
[2026-03-18T00:42:59.794+0530] {processor.py:830} INFO - Processing file /Users/vybhavswaroop/Desktop/untitled folder 3/ecommerce_platform/venv/lib/python3.11/site-packages/airflow/example_dags/example_latest_only_with_trigger.py for tasks to queue
[2026-03-18T00:42:59.795+0530] {logging_mixin.py:188} INFO - [2026-03-18T00:42:59.795+0530] {dagbag.py:540} INFO - Filling up the DagBag from /Users/vybhavswaroop/Desktop/untitled folder 3/ecommerce_platform/venv/lib/python3.11/site-packages/airflow/example_dags/example_latest_only_with_trigger.py
[2026-03-18T00:42:59.800+0530] {processor.py:840} INFO - DAG(s) 'latest_only_with_trigger' retrieved from /Users/vybhavswaroop/Desktop/untitled folder 3/ecommerce_platform/venv/lib/python3.11/site-packages/airflow/example_dags/example_latest_only_with_trigger.py
[2026-03-18T00:42:59.864+0530] {logging_mixin.py:188} INFO - [2026-03-18T00:42:59.864+0530] {dag.py:3047} INFO - Sync 1 DAGs
[2026-03-18T00:42:59.874+0530] {logging_mixin.py:188} INFO - [2026-03-18T00:42:59.873+0530] {dag.py:3834} INFO - Setting next_dagrun for latest_only_with_trigger to 2026-03-17 12:00:00+00:00, run_after=2026-03-17 16:00:00+00:00
[2026-03-18T00:42:59.885+0530] {processor.py:183} INFO - Processing /Users/vybhavswaroop/Desktop/untitled folder 3/ecommerce_platform/venv/lib/python3.11/site-packages/airflow/example_dags/example_latest_only_with_trigger.py took 0.093 seconds
[2026-03-18T00:45:43.483+0530] {processor.py:161} INFO - Started process (PID=16549) to work on /Users/vybhavswaroop/Desktop/untitled folder 3/ecommerce_platform/venv/lib/python3.11/site-packages/airflow/example_dags/example_latest_only_with_trigger.py
[2026-03-18T00:45:43.485+0530] {processor.py:830} INFO - Processing file /Users/vybhavswaroop/Desktop/untitled folder 3/ecommerce_platform/venv/lib/python3.11/site-packages/airflow/example_dags/example_latest_only_with_trigger.py for tasks to queue
[2026-03-18T00:45:43.485+0530] {logging_mixin.py:188} INFO - [2026-03-18T00:45:43.485+0530] {dagbag.py:540} INFO - Filling up the DagBag from /Users/vybhavswaroop/Desktop/untitled folder 3/ecommerce_platform/venv/lib/python3.11/site-packages/airflow/example_dags/example_latest_only_with_trigger.py
[2026-03-18T00:45:43.491+0530] {processor.py:840} INFO - DAG(s) 'latest_only_with_trigger' retrieved from /Users/vybhavswaroop/Desktop/untitled folder 3/ecommerce_platform/venv/lib/python3.11/site-packages/airflow/example_dags/example_latest_only_with_trigger.py
[2026-03-18T00:45:43.557+0530] {logging_mixin.py:188} INFO - [2026-03-18T00:45:43.557+0530] {dag.py:3047} INFO - Sync 1 DAGs
[2026-03-18T00:45:43.568+0530] {logging_mixin.py:188} INFO - [2026-03-18T00:45:43.568+0530] {dag.py:3834} INFO - Setting next_dagrun for latest_only_with_trigger to 2026-03-17 12:00:00+00:00, run_after=2026-03-17 16:00:00+00:00
[2026-03-18T00:45:43.580+0530] {processor.py:183} INFO - Processing /Users/vybhavswaroop/Desktop/untitled folder 3/ecommerce_platform/venv/lib/python3.11/site-packages/airflow/example_dags/example_latest_only_with_trigger.py took 0.097 seconds
[2026-03-18T00:51:08.884+0530] {processor.py:161} INFO - Started process (PID=19846) to work on /Users/vybhavswaroop/Desktop/untitled folder 3/ecommerce_platform/venv/lib/python3.11/site-packages/airflow/example_dags/example_latest_only_with_trigger.py
[2026-03-18T00:51:08.886+0530] {processor.py:830} INFO - Processing file /Users/vybhavswaroop/Desktop/untitled folder 3/ecommerce_platform/venv/lib/python3.11/site-packages/airflow/example_dags/example_latest_only_with_trigger.py for tasks to queue
[2026-03-18T00:51:08.886+0530] {logging_mixin.py:188} INFO - [2026-03-18T00:51:08.886+0530] {dagbag.py:540} INFO - Filling up the DagBag from /Users/vybhavswaroop/Desktop/untitled folder 3/ecommerce_platform/venv/lib/python3.11/site-packages/airflow/example_dags/example_latest_only_with_trigger.py
[2026-03-18T00:51:08.892+0530] {processor.py:840} INFO - DAG(s) 'latest_only_with_trigger' retrieved from /Users/vybhavswaroop/Desktop/untitled folder 3/ecommerce_platform/venv/lib/python3.11/site-packages/airflow/example_dags/example_latest_only_with_trigger.py
[2026-03-18T00:51:08.963+0530] {logging_mixin.py:188} INFO - [2026-03-18T00:51:08.963+0530] {dag.py:3047} INFO - Sync 1 DAGs
[2026-03-18T00:51:08.974+0530] {logging_mixin.py:188} INFO - [2026-03-18T00:51:08.974+0530] {dag.py:3834} INFO - Setting next_dagrun for latest_only_with_trigger to 2026-03-17 12:00:00+00:00, run_after=2026-03-17 16:00:00+00:00
[2026-03-18T00:51:08.987+0530] {processor.py:183} INFO - Processing /Users/vybhavswaroop/Desktop/untitled folder 3/ecommerce_platform/venv/lib/python3.11/site-packages/airflow/example_dags/example_latest_only_with_trigger.py took 0.104 seconds
[2026-03-18T00:56:36.216+0530] {processor.py:161} INFO - Started process (PID=23075) to work on /Users/vybhavswaroop/Desktop/untitled folder 3/ecommerce_platform/venv/lib/python3.11/site-packages/airflow/example_dags/example_latest_only_with_trigger.py
[2026-03-18T00:56:36.218+0530] {processor.py:830} INFO - Processing file /Users/vybhavswaroop/Desktop/untitled folder 3/ecommerce_platform/venv/lib/python3.11/site-packages/airflow/example_dags/example_latest_only_with_trigger.py for tasks to queue
[2026-03-18T00:56:36.219+0530] {logging_mixin.py:188} INFO - [2026-03-18T00:56:36.218+0530] {dagbag.py:540} INFO - Filling up the DagBag from /Users/vybhavswaroop/Desktop/untitled folder 3/ecommerce_platform/venv/lib/python3.11/site-packages/airflow/example_dags/example_latest_only_with_trigger.py
[2026-03-18T00:56:36.225+0530] {processor.py:840} INFO - DAG(s) 'latest_only_with_trigger' retrieved from /Users/vybhavswaroop/Desktop/untitled folder 3/ecommerce_platform/venv/lib/python3.11/site-packages/airflow/example_dags/example_latest_only_with_trigger.py
[2026-03-18T00:56:36.289+0530] {logging_mixin.py:188} INFO - [2026-03-18T00:56:36.288+0530] {dag.py:3047} INFO - Sync 1 DAGs
[2026-03-18T00:56:36.300+0530] {logging_mixin.py:188} INFO - [2026-03-18T00:56:36.300+0530] {dag.py:3834} INFO - Setting next_dagrun for latest_only_with_trigger to 2026-03-17 12:00:00+00:00, run_after=2026-03-17 16:00:00+00:00
[2026-03-18T00:56:36.313+0530] {processor.py:183} INFO - Processing /Users/vybhavswaroop/Desktop/untitled folder 3/ecommerce_platform/venv/lib/python3.11/site-packages/airflow/example_dags/example_latest_only_with_trigger.py took 0.098 seconds
[2026-03-18T01:01:03.142+0530] {processor.py:161} INFO - Started process (PID=26257) to work on /Users/vybhavswaroop/Desktop/untitled folder 3/ecommerce_platform/venv/lib/python3.11/site-packages/airflow/example_dags/example_latest_only_with_trigger.py
[2026-03-18T01:01:03.143+0530] {processor.py:830} INFO - Processing file /Users/vybhavswaroop/Desktop/untitled folder 3/ecommerce_platform/venv/lib/python3.11/site-packages/airflow/example_dags/example_latest_only_with_trigger.py for tasks to queue
[2026-03-18T01:01:03.144+0530] {logging_mixin.py:188} INFO - [2026-03-18T01:01:03.144+0530] {dagbag.py:540} INFO - Filling up the DagBag from /Users/vybhavswaroop/Desktop/untitled folder 3/ecommerce_platform/venv/lib/python3.11/site-packages/airflow/example_dags/example_latest_only_with_trigger.py
[2026-03-18T01:01:03.149+0530] {processor.py:840} INFO - DAG(s) 'latest_only_with_trigger' retrieved from /Users/vybhavswaroop/Desktop/untitled folder 3/ecommerce_platform/venv/lib/python3.11/site-packages/airflow/example_dags/example_latest_only_with_trigger.py
[2026-03-18T01:01:03.215+0530] {logging_mixin.py:188} INFO - [2026-03-18T01:01:03.214+0530] {dag.py:3047} INFO - Sync 1 DAGs
[2026-03-18T01:01:03.224+0530] {logging_mixin.py:188} INFO - [2026-03-18T01:01:03.224+0530] {dag.py:3834} INFO - Setting next_dagrun for latest_only_with_trigger to 2026-03-17 12:00:00+00:00, run_after=2026-03-17 16:00:00+00:00
[2026-03-18T01:01:03.235+0530] {processor.py:183} INFO - Processing /Users/vybhavswaroop/Desktop/untitled folder 3/ecommerce_platform/venv/lib/python3.11/site-packages/airflow/example_dags/example_latest_only_with_trigger.py took 0.094 seconds
[2026-03-18T01:04:16.419+0530] {processor.py:161} INFO - Started process (PID=28205) to work on /Users/vybhavswaroop/Desktop/untitled folder 3/ecommerce_platform/venv/lib/python3.11/site-packages/airflow/example_dags/example_latest_only_with_trigger.py
[2026-03-18T01:04:16.421+0530] {processor.py:830} INFO - Processing file /Users/vybhavswaroop/Desktop/untitled folder 3/ecommerce_platform/venv/lib/python3.11/site-packages/airflow/example_dags/example_latest_only_with_trigger.py for tasks to queue
[2026-03-18T01:04:16.422+0530] {logging_mixin.py:188} INFO - [2026-03-18T01:04:16.421+0530] {dagbag.py:540} INFO - Filling up the DagBag from /Users/vybhavswaroop/Desktop/untitled folder 3/ecommerce_platform/venv/lib/python3.11/site-packages/airflow/example_dags/example_latest_only_with_trigger.py
[2026-03-18T01:04:16.429+0530] {processor.py:840} INFO - DAG(s) 'latest_only_with_trigger' retrieved from /Users/vybhavswaroop/Desktop/untitled folder 3/ecommerce_platform/venv/lib/python3.11/site-packages/airflow/example_dags/example_latest_only_with_trigger.py
[2026-03-18T01:04:16.516+0530] {logging_mixin.py:188} INFO - [2026-03-18T01:04:16.515+0530] {dag.py:3047} INFO - Sync 1 DAGs
[2026-03-18T01:04:16.531+0530] {logging_mixin.py:188} INFO - [2026-03-18T01:04:16.530+0530] {dag.py:3834} INFO - Setting next_dagrun for latest_only_with_trigger to 2026-03-17 12:00:00+00:00, run_after=2026-03-17 16:00:00+00:00
[2026-03-18T01:04:16.547+0530] {processor.py:183} INFO - Processing /Users/vybhavswaroop/Desktop/untitled folder 3/ecommerce_platform/venv/lib/python3.11/site-packages/airflow/example_dags/example_latest_only_with_trigger.py took 0.128 seconds
[2026-03-18T01:06:58.967+0530] {processor.py:161} INFO - Started process (PID=29817) to work on /Users/vybhavswaroop/Desktop/untitled folder 3/ecommerce_platform/venv/lib/python3.11/site-packages/airflow/example_dags/example_latest_only_with_trigger.py
[2026-03-18T01:06:58.969+0530] {processor.py:830} INFO - Processing file /Users/vybhavswaroop/Desktop/untitled folder 3/ecommerce_platform/venv/lib/python3.11/site-packages/airflow/example_dags/example_latest_only_with_trigger.py for tasks to queue
[2026-03-18T01:06:58.969+0530] {logging_mixin.py:188} INFO - [2026-03-18T01:06:58.969+0530] {dagbag.py:540} INFO - Filling up the DagBag from /Users/vybhavswaroop/Desktop/untitled folder 3/ecommerce_platform/venv/lib/python3.11/site-packages/airflow/example_dags/example_latest_only_with_trigger.py
[2026-03-18T01:06:58.975+0530] {processor.py:840} INFO - DAG(s) 'latest_only_with_trigger' retrieved from /Users/vybhavswaroop/Desktop/untitled folder 3/ecommerce_platform/venv/lib/python3.11/site-packages/airflow/example_dags/example_latest_only_with_trigger.py
[2026-03-18T01:06:59.042+0530] {logging_mixin.py:188} INFO - [2026-03-18T01:06:59.041+0530] {dag.py:3047} INFO - Sync 1 DAGs
[2026-03-18T01:06:59.053+0530] {logging_mixin.py:188} INFO - [2026-03-18T01:06:59.053+0530] {dag.py:3834} INFO - Setting next_dagrun for latest_only_with_trigger to 2026-03-17 12:00:00+00:00, run_after=2026-03-17 16:00:00+00:00
[2026-03-18T01:06:59.065+0530] {processor.py:183} INFO - Processing /Users/vybhavswaroop/Desktop/untitled folder 3/ecommerce_platform/venv/lib/python3.11/site-packages/airflow/example_dags/example_latest_only_with_trigger.py took 0.098 seconds
[2026-03-18T01:09:46.118+0530] {processor.py:161} INFO - Started process (PID=31484) to work on /Users/vybhavswaroop/Desktop/untitled folder 3/ecommerce_platform/venv/lib/python3.11/site-packages/airflow/example_dags/example_latest_only_with_trigger.py
[2026-03-18T01:09:46.122+0530] {processor.py:830} INFO - Processing file /Users/vybhavswaroop/Desktop/untitled folder 3/ecommerce_platform/venv/lib/python3.11/site-packages/airflow/example_dags/example_latest_only_with_trigger.py for tasks to queue
[2026-03-18T01:09:46.123+0530] {logging_mixin.py:188} INFO - [2026-03-18T01:09:46.122+0530] {dagbag.py:540} INFO - Filling up the DagBag from /Users/vybhavswaroop/Desktop/untitled folder 3/ecommerce_platform/venv/lib/python3.11/site-packages/airflow/example_dags/example_latest_only_with_trigger.py
[2026-03-18T01:09:46.130+0530] {processor.py:840} INFO - DAG(s) 'latest_only_with_trigger' retrieved from /Users/vybhavswaroop/Desktop/untitled folder 3/ecommerce_platform/venv/lib/python3.11/site-packages/airflow/example_dags/example_latest_only_with_trigger.py
[2026-03-18T01:09:46.242+0530] {logging_mixin.py:188} INFO - [2026-03-18T01:09:46.241+0530] {dag.py:3047} INFO - Sync 1 DAGs
[2026-03-18T01:09:46.262+0530] {logging_mixin.py:188} INFO - [2026-03-18T01:09:46.261+0530] {dag.py:3834} INFO - Setting next_dagrun for latest_only_with_trigger to 2026-03-17 12:00:00+00:00, run_after=2026-03-17 16:00:00+00:00
[2026-03-18T01:09:46.283+0530] {processor.py:183} INFO - Processing /Users/vybhavswaroop/Desktop/untitled folder 3/ecommerce_platform/venv/lib/python3.11/site-packages/airflow/example_dags/example_latest_only_with_trigger.py took 0.167 seconds
[2026-03-18T01:12:37.473+0530] {processor.py:161} INFO - Started process (PID=33096) to work on /Users/vybhavswaroop/Desktop/untitled folder 3/ecommerce_platform/venv/lib/python3.11/site-packages/airflow/example_dags/example_latest_only_with_trigger.py
[2026-03-18T01:12:37.476+0530] {processor.py:830} INFO - Processing file /Users/vybhavswaroop/Desktop/untitled folder 3/ecommerce_platform/venv/lib/python3.11/site-packages/airflow/example_dags/example_latest_only_with_trigger.py for tasks to queue
[2026-03-18T01:12:37.476+0530] {logging_mixin.py:188} INFO - [2026-03-18T01:12:37.476+0530] {dagbag.py:540} INFO - Filling up the DagBag from /Users/vybhavswaroop/Desktop/untitled folder 3/ecommerce_platform/venv/lib/python3.11/site-packages/airflow/example_dags/example_latest_only_with_trigger.py
[2026-03-18T01:12:37.482+0530] {processor.py:840} INFO - DAG(s) 'latest_only_with_trigger' retrieved from /Users/vybhavswaroop/Desktop/untitled folder 3/ecommerce_platform/venv/lib/python3.11/site-packages/airflow/example_dags/example_latest_only_with_trigger.py
[2026-03-18T01:12:37.550+0530] {logging_mixin.py:188} INFO - [2026-03-18T01:12:37.550+0530] {dag.py:3047} INFO - Sync 1 DAGs
[2026-03-18T01:12:37.561+0530] {logging_mixin.py:188} INFO - [2026-03-18T01:12:37.561+0530] {dag.py:3834} INFO - Setting next_dagrun for latest_only_with_trigger to 2026-03-17 12:00:00+00:00, run_after=2026-03-17 16:00:00+00:00
[2026-03-18T01:12:37.573+0530] {processor.py:183} INFO - Processing /Users/vybhavswaroop/Desktop/untitled folder 3/ecommerce_platform/venv/lib/python3.11/site-packages/airflow/example_dags/example_latest_only_with_trigger.py took 0.101 seconds
[2026-03-18T01:15:18.100+0530] {processor.py:161} INFO - Started process (PID=34752) to work on /Users/vybhavswaroop/Desktop/untitled folder 3/ecommerce_platform/venv/lib/python3.11/site-packages/airflow/example_dags/example_latest_only_with_trigger.py
[2026-03-18T01:15:18.103+0530] {processor.py:830} INFO - Processing file /Users/vybhavswaroop/Desktop/untitled folder 3/ecommerce_platform/venv/lib/python3.11/site-packages/airflow/example_dags/example_latest_only_with_trigger.py for tasks to queue
[2026-03-18T01:15:18.103+0530] {logging_mixin.py:188} INFO - [2026-03-18T01:15:18.103+0530] {dagbag.py:540} INFO - Filling up the DagBag from /Users/vybhavswaroop/Desktop/untitled folder 3/ecommerce_platform/venv/lib/python3.11/site-packages/airflow/example_dags/example_latest_only_with_trigger.py
[2026-03-18T01:15:18.108+0530] {processor.py:840} INFO - DAG(s) 'latest_only_with_trigger' retrieved from /Users/vybhavswaroop/Desktop/untitled folder 3/ecommerce_platform/venv/lib/python3.11/site-packages/airflow/example_dags/example_latest_only_with_trigger.py
[2026-03-18T01:15:18.170+0530] {logging_mixin.py:188} INFO - [2026-03-18T01:15:18.170+0530] {dag.py:3047} INFO - Sync 1 DAGs
[2026-03-18T01:15:18.181+0530] {logging_mixin.py:188} INFO - [2026-03-18T01:15:18.181+0530] {dag.py:3834} INFO - Setting next_dagrun for latest_only_with_trigger to 2026-03-17 12:00:00+00:00, run_after=2026-03-17 16:00:00+00:00
[2026-03-18T01:15:18.193+0530] {processor.py:183} INFO - Processing /Users/vybhavswaroop/Desktop/untitled folder 3/ecommerce_platform/venv/lib/python3.11/site-packages/airflow/example_dags/example_latest_only_with_trigger.py took 0.093 seconds
[2026-03-18T01:20:36.330+0530] {processor.py:161} INFO - Started process (PID=37997) to work on /Users/vybhavswaroop/Desktop/untitled folder 3/ecommerce_platform/venv/lib/python3.11/site-packages/airflow/example_dags/example_latest_only_with_trigger.py
[2026-03-18T01:20:36.336+0530] {processor.py:830} INFO - Processing file /Users/vybhavswaroop/Desktop/untitled folder 3/ecommerce_platform/venv/lib/python3.11/site-packages/airflow/example_dags/example_latest_only_with_trigger.py for tasks to queue
[2026-03-18T01:20:36.337+0530] {logging_mixin.py:188} INFO - [2026-03-18T01:20:36.337+0530] {dagbag.py:540} INFO - Filling up the DagBag from /Users/vybhavswaroop/Desktop/untitled folder 3/ecommerce_platform/venv/lib/python3.11/site-packages/airflow/example_dags/example_latest_only_with_trigger.py
[2026-03-18T01:20:36.342+0530] {processor.py:840} INFO - DAG(s) 'latest_only_with_trigger' retrieved from /Users/vybhavswaroop/Desktop/untitled folder 3/ecommerce_platform/venv/lib/python3.11/site-packages/airflow/example_dags/example_latest_only_with_trigger.py
[2026-03-18T01:20:36.402+0530] {logging_mixin.py:188} INFO - [2026-03-18T01:20:36.401+0530] {dag.py:3047} INFO - Sync 1 DAGs
[2026-03-18T01:20:36.412+0530] {logging_mixin.py:188} INFO - [2026-03-18T01:20:36.412+0530] {dag.py:3834} INFO - Setting next_dagrun for latest_only_with_trigger to 2026-03-17 12:00:00+00:00, run_after=2026-03-17 16:00:00+00:00
[2026-03-18T01:20:36.422+0530] {processor.py:183} INFO - Processing /Users/vybhavswaroop/Desktop/untitled folder 3/ecommerce_platform/venv/lib/python3.11/site-packages/airflow/example_dags/example_latest_only_with_trigger.py took 0.093 seconds
[2026-03-18T01:25:32.831+0530] {processor.py:161} INFO - Started process (PID=41153) to work on /Users/vybhavswaroop/Desktop/untitled folder 3/ecommerce_platform/venv/lib/python3.11/site-packages/airflow/example_dags/example_latest_only_with_trigger.py
[2026-03-18T01:25:32.832+0530] {processor.py:830} INFO - Processing file /Users/vybhavswaroop/Desktop/untitled folder 3/ecommerce_platform/venv/lib/python3.11/site-packages/airflow/example_dags/example_latest_only_with_trigger.py for tasks to queue
[2026-03-18T01:25:32.833+0530] {logging_mixin.py:188} INFO - [2026-03-18T01:25:32.832+0530] {dagbag.py:540} INFO - Filling up the DagBag from /Users/vybhavswaroop/Desktop/untitled folder 3/ecommerce_platform/venv/lib/python3.11/site-packages/airflow/example_dags/example_latest_only_with_trigger.py
[2026-03-18T01:25:32.838+0530] {processor.py:840} INFO - DAG(s) 'latest_only_with_trigger' retrieved from /Users/vybhavswaroop/Desktop/untitled folder 3/ecommerce_platform/venv/lib/python3.11/site-packages/airflow/example_dags/example_latest_only_with_trigger.py
[2026-03-18T01:25:32.894+0530] {logging_mixin.py:188} INFO - [2026-03-18T01:25:32.894+0530] {dag.py:3047} INFO - Sync 1 DAGs
[2026-03-18T01:25:32.904+0530] {logging_mixin.py:188} INFO - [2026-03-18T01:25:32.904+0530] {dag.py:3834} INFO - Setting next_dagrun for latest_only_with_trigger to 2026-03-17 12:00:00+00:00, run_after=2026-03-17 16:00:00+00:00
[2026-03-18T01:25:32.914+0530] {processor.py:183} INFO - Processing /Users/vybhavswaroop/Desktop/untitled folder 3/ecommerce_platform/venv/lib/python3.11/site-packages/airflow/example_dags/example_latest_only_with_trigger.py took 0.084 seconds
[2026-03-18T01:30:27.744+0530] {processor.py:161} INFO - Started process (PID=44333) to work on /Users/vybhavswaroop/Desktop/untitled folder 3/ecommerce_platform/venv/lib/python3.11/site-packages/airflow/example_dags/example_latest_only_with_trigger.py
[2026-03-18T01:30:27.746+0530] {processor.py:830} INFO - Processing file /Users/vybhavswaroop/Desktop/untitled folder 3/ecommerce_platform/venv/lib/python3.11/site-packages/airflow/example_dags/example_latest_only_with_trigger.py for tasks to queue
[2026-03-18T01:30:27.746+0530] {logging_mixin.py:188} INFO - [2026-03-18T01:30:27.746+0530] {dagbag.py:540} INFO - Filling up the DagBag from /Users/vybhavswaroop/Desktop/untitled folder 3/ecommerce_platform/venv/lib/python3.11/site-packages/airflow/example_dags/example_latest_only_with_trigger.py
[2026-03-18T01:30:27.752+0530] {processor.py:840} INFO - DAG(s) 'latest_only_with_trigger' retrieved from /Users/vybhavswaroop/Desktop/untitled folder 3/ecommerce_platform/venv/lib/python3.11/site-packages/airflow/example_dags/example_latest_only_with_trigger.py
[2026-03-18T01:30:27.826+0530] {logging_mixin.py:188} INFO - [2026-03-18T01:30:27.826+0530] {dag.py:3047} INFO - Sync 1 DAGs
[2026-03-18T01:30:27.839+0530] {logging_mixin.py:188} INFO - [2026-03-18T01:30:27.839+0530] {dag.py:3834} INFO - Setting next_dagrun for latest_only_with_trigger to 2026-03-17 16:00:00+00:00, run_after=2026-03-17 20:00:00+00:00
[2026-03-18T01:30:27.853+0530] {processor.py:183} INFO - Processing /Users/vybhavswaroop/Desktop/untitled folder 3/ecommerce_platform/venv/lib/python3.11/site-packages/airflow/example_dags/example_latest_only_with_trigger.py took 0.110 seconds
[2026-03-18T01:35:32.794+0530] {processor.py:161} INFO - Started process (PID=47498) to work on /Users/vybhavswaroop/Desktop/untitled folder 3/ecommerce_platform/venv/lib/python3.11/site-packages/airflow/example_dags/example_latest_only_with_trigger.py
[2026-03-18T01:35:32.795+0530] {processor.py:830} INFO - Processing file /Users/vybhavswaroop/Desktop/untitled folder 3/ecommerce_platform/venv/lib/python3.11/site-packages/airflow/example_dags/example_latest_only_with_trigger.py for tasks to queue
[2026-03-18T01:35:32.795+0530] {logging_mixin.py:188} INFO - [2026-03-18T01:35:32.795+0530] {dagbag.py:540} INFO - Filling up the DagBag from /Users/vybhavswaroop/Desktop/untitled folder 3/ecommerce_platform/venv/lib/python3.11/site-packages/airflow/example_dags/example_latest_only_with_trigger.py
[2026-03-18T01:35:32.800+0530] {processor.py:840} INFO - DAG(s) 'latest_only_with_trigger' retrieved from /Users/vybhavswaroop/Desktop/untitled folder 3/ecommerce_platform/venv/lib/python3.11/site-packages/airflow/example_dags/example_latest_only_with_trigger.py
[2026-03-18T01:35:32.863+0530] {logging_mixin.py:188} INFO - [2026-03-18T01:35:32.862+0530] {dag.py:3047} INFO - Sync 1 DAGs
[2026-03-18T01:35:32.873+0530] {logging_mixin.py:188} INFO - [2026-03-18T01:35:32.872+0530] {dag.py:3834} INFO - Setting next_dagrun for latest_only_with_trigger to 2026-03-17 16:00:00+00:00, run_after=2026-03-17 20:00:00+00:00
[2026-03-18T01:35:32.884+0530] {processor.py:183} INFO - Processing /Users/vybhavswaroop/Desktop/untitled folder 3/ecommerce_platform/venv/lib/python3.11/site-packages/airflow/example_dags/example_latest_only_with_trigger.py took 0.091 seconds
[2026-03-18T01:40:50.068+0530] {processor.py:161} INFO - Started process (PID=50625) to work on /Users/vybhavswaroop/Desktop/untitled folder 3/ecommerce_platform/venv/lib/python3.11/site-packages/airflow/example_dags/example_latest_only_with_trigger.py
[2026-03-18T01:40:50.069+0530] {processor.py:830} INFO - Processing file /Users/vybhavswaroop/Desktop/untitled folder 3/ecommerce_platform/venv/lib/python3.11/site-packages/airflow/example_dags/example_latest_only_with_trigger.py for tasks to queue
[2026-03-18T01:40:50.070+0530] {logging_mixin.py:188} INFO - [2026-03-18T01:40:50.070+0530] {dagbag.py:540} INFO - Filling up the DagBag from /Users/vybhavswaroop/Desktop/untitled folder 3/ecommerce_platform/venv/lib/python3.11/site-packages/airflow/example_dags/example_latest_only_with_trigger.py
[2026-03-18T01:40:50.076+0530] {processor.py:840} INFO - DAG(s) 'latest_only_with_trigger' retrieved from /Users/vybhavswaroop/Desktop/untitled folder 3/ecommerce_platform/venv/lib/python3.11/site-packages/airflow/example_dags/example_latest_only_with_trigger.py
[2026-03-18T01:40:50.158+0530] {logging_mixin.py:188} INFO - [2026-03-18T01:40:50.157+0530] {dag.py:3047} INFO - Sync 1 DAGs
[2026-03-18T01:40:50.169+0530] {logging_mixin.py:188} INFO - [2026-03-18T01:40:50.169+0530] {dag.py:3834} INFO - Setting next_dagrun for latest_only_with_trigger to 2026-03-17 16:00:00+00:00, run_after=2026-03-17 20:00:00+00:00
[2026-03-18T01:40:50.182+0530] {processor.py:183} INFO - Processing /Users/vybhavswaroop/Desktop/untitled folder 3/ecommerce_platform/venv/lib/python3.11/site-packages/airflow/example_dags/example_latest_only_with_trigger.py took 0.115 seconds
[2026-03-18T01:43:43.393+0530] {processor.py:161} INFO - Started process (PID=52192) to work on /Users/vybhavswaroop/Desktop/untitled folder 3/ecommerce_platform/venv/lib/python3.11/site-packages/airflow/example_dags/example_latest_only_with_trigger.py
[2026-03-18T01:43:43.394+0530] {processor.py:830} INFO - Processing file /Users/vybhavswaroop/Desktop/untitled folder 3/ecommerce_platform/venv/lib/python3.11/site-packages/airflow/example_dags/example_latest_only_with_trigger.py for tasks to queue
[2026-03-18T01:43:43.395+0530] {logging_mixin.py:188} INFO - [2026-03-18T01:43:43.395+0530] {dagbag.py:540} INFO - Filling up the DagBag from /Users/vybhavswaroop/Desktop/untitled folder 3/ecommerce_platform/venv/lib/python3.11/site-packages/airflow/example_dags/example_latest_only_with_trigger.py
[2026-03-18T01:43:43.401+0530] {processor.py:840} INFO - DAG(s) 'latest_only_with_trigger' retrieved from /Users/vybhavswaroop/Desktop/untitled folder 3/ecommerce_platform/venv/lib/python3.11/site-packages/airflow/example_dags/example_latest_only_with_trigger.py
[2026-03-18T01:43:43.476+0530] {logging_mixin.py:188} INFO - [2026-03-18T01:43:43.475+0530] {dag.py:3047} INFO - Sync 1 DAGs
[2026-03-18T01:43:43.488+0530] {logging_mixin.py:188} INFO - [2026-03-18T01:43:43.487+0530] {dag.py:3834} INFO - Setting next_dagrun for latest_only_with_trigger to 2026-03-17 16:00:00+00:00, run_after=2026-03-17 20:00:00+00:00
[2026-03-18T01:43:43.503+0530] {processor.py:183} INFO - Processing /Users/vybhavswaroop/Desktop/untitled folder 3/ecommerce_platform/venv/lib/python3.11/site-packages/airflow/example_dags/example_latest_only_with_trigger.py took 0.111 seconds
[2026-03-18T01:49:23.947+0530] {processor.py:161} INFO - Started process (PID=55254) to work on /Users/vybhavswaroop/Desktop/untitled folder 3/ecommerce_platform/venv/lib/python3.11/site-packages/airflow/example_dags/example_latest_only_with_trigger.py
[2026-03-18T01:49:23.949+0530] {processor.py:830} INFO - Processing file /Users/vybhavswaroop/Desktop/untitled folder 3/ecommerce_platform/venv/lib/python3.11/site-packages/airflow/example_dags/example_latest_only_with_trigger.py for tasks to queue
[2026-03-18T01:49:23.949+0530] {logging_mixin.py:188} INFO - [2026-03-18T01:49:23.949+0530] {dagbag.py:540} INFO - Filling up the DagBag from /Users/vybhavswaroop/Desktop/untitled folder 3/ecommerce_platform/venv/lib/python3.11/site-packages/airflow/example_dags/example_latest_only_with_trigger.py
[2026-03-18T01:49:23.955+0530] {processor.py:840} INFO - DAG(s) 'latest_only_with_trigger' retrieved from /Users/vybhavswaroop/Desktop/untitled folder 3/ecommerce_platform/venv/lib/python3.11/site-packages/airflow/example_dags/example_latest_only_with_trigger.py
[2026-03-18T01:49:24.034+0530] {logging_mixin.py:188} INFO - [2026-03-18T01:49:24.034+0530] {dag.py:3047} INFO - Sync 1 DAGs
[2026-03-18T01:49:24.046+0530] {logging_mixin.py:188} INFO - [2026-03-18T01:49:24.045+0530] {dag.py:3834} INFO - Setting next_dagrun for latest_only_with_trigger to 2026-03-17 16:00:00+00:00, run_after=2026-03-17 20:00:00+00:00
[2026-03-18T01:49:24.060+0530] {processor.py:183} INFO - Processing /Users/vybhavswaroop/Desktop/untitled folder 3/ecommerce_platform/venv/lib/python3.11/site-packages/airflow/example_dags/example_latest_only_with_trigger.py took 0.113 seconds
[2026-03-18T01:55:04.873+0530] {processor.py:161} INFO - Started process (PID=58353) to work on /Users/vybhavswaroop/Desktop/untitled folder 3/ecommerce_platform/venv/lib/python3.11/site-packages/airflow/example_dags/example_latest_only_with_trigger.py
[2026-03-18T01:55:04.875+0530] {processor.py:830} INFO - Processing file /Users/vybhavswaroop/Desktop/untitled folder 3/ecommerce_platform/venv/lib/python3.11/site-packages/airflow/example_dags/example_latest_only_with_trigger.py for tasks to queue
[2026-03-18T01:55:04.876+0530] {logging_mixin.py:188} INFO - [2026-03-18T01:55:04.876+0530] {dagbag.py:540} INFO - Filling up the DagBag from /Users/vybhavswaroop/Desktop/untitled folder 3/ecommerce_platform/venv/lib/python3.11/site-packages/airflow/example_dags/example_latest_only_with_trigger.py
[2026-03-18T01:55:04.882+0530] {processor.py:840} INFO - DAG(s) 'latest_only_with_trigger' retrieved from /Users/vybhavswaroop/Desktop/untitled folder 3/ecommerce_platform/venv/lib/python3.11/site-packages/airflow/example_dags/example_latest_only_with_trigger.py
[2026-03-18T01:55:04.965+0530] {logging_mixin.py:188} INFO - [2026-03-18T01:55:04.965+0530] {dag.py:3047} INFO - Sync 1 DAGs
[2026-03-18T01:55:04.978+0530] {logging_mixin.py:188} INFO - [2026-03-18T01:55:04.978+0530] {dag.py:3834} INFO - Setting next_dagrun for latest_only_with_trigger to 2026-03-17 16:00:00+00:00, run_after=2026-03-17 20:00:00+00:00
[2026-03-18T01:55:04.993+0530] {processor.py:183} INFO - Processing /Users/vybhavswaroop/Desktop/untitled folder 3/ecommerce_platform/venv/lib/python3.11/site-packages/airflow/example_dags/example_latest_only_with_trigger.py took 0.120 seconds
[2026-03-18T01:57:56.884+0530] {processor.py:161} INFO - Started process (PID=59920) to work on /Users/vybhavswaroop/Desktop/untitled folder 3/ecommerce_platform/venv/lib/python3.11/site-packages/airflow/example_dags/example_latest_only_with_trigger.py
[2026-03-18T01:57:56.886+0530] {processor.py:830} INFO - Processing file /Users/vybhavswaroop/Desktop/untitled folder 3/ecommerce_platform/venv/lib/python3.11/site-packages/airflow/example_dags/example_latest_only_with_trigger.py for tasks to queue
[2026-03-18T01:57:56.886+0530] {logging_mixin.py:188} INFO - [2026-03-18T01:57:56.886+0530] {dagbag.py:540} INFO - Filling up the DagBag from /Users/vybhavswaroop/Desktop/untitled folder 3/ecommerce_platform/venv/lib/python3.11/site-packages/airflow/example_dags/example_latest_only_with_trigger.py
[2026-03-18T01:57:56.892+0530] {processor.py:840} INFO - DAG(s) 'latest_only_with_trigger' retrieved from /Users/vybhavswaroop/Desktop/untitled folder 3/ecommerce_platform/venv/lib/python3.11/site-packages/airflow/example_dags/example_latest_only_with_trigger.py
[2026-03-18T01:57:56.964+0530] {logging_mixin.py:188} INFO - [2026-03-18T01:57:56.963+0530] {dag.py:3047} INFO - Sync 1 DAGs
[2026-03-18T01:57:56.976+0530] {logging_mixin.py:188} INFO - [2026-03-18T01:57:56.976+0530] {dag.py:3834} INFO - Setting next_dagrun for latest_only_with_trigger to 2026-03-17 16:00:00+00:00, run_after=2026-03-17 20:00:00+00:00
[2026-03-18T01:57:56.990+0530] {processor.py:183} INFO - Processing /Users/vybhavswaroop/Desktop/untitled folder 3/ecommerce_platform/venv/lib/python3.11/site-packages/airflow/example_dags/example_latest_only_with_trigger.py took 0.106 seconds
[2026-03-18T02:03:32.320+0530] {processor.py:161} INFO - Started process (PID=63035) to work on /Users/vybhavswaroop/Desktop/untitled folder 3/ecommerce_platform/venv/lib/python3.11/site-packages/airflow/example_dags/example_latest_only_with_trigger.py
[2026-03-18T02:03:32.322+0530] {processor.py:830} INFO - Processing file /Users/vybhavswaroop/Desktop/untitled folder 3/ecommerce_platform/venv/lib/python3.11/site-packages/airflow/example_dags/example_latest_only_with_trigger.py for tasks to queue
[2026-03-18T02:03:32.323+0530] {logging_mixin.py:188} INFO - [2026-03-18T02:03:32.322+0530] {dagbag.py:540} INFO - Filling up the DagBag from /Users/vybhavswaroop/Desktop/untitled folder 3/ecommerce_platform/venv/lib/python3.11/site-packages/airflow/example_dags/example_latest_only_with_trigger.py
[2026-03-18T02:03:32.328+0530] {processor.py:840} INFO - DAG(s) 'latest_only_with_trigger' retrieved from /Users/vybhavswaroop/Desktop/untitled folder 3/ecommerce_platform/venv/lib/python3.11/site-packages/airflow/example_dags/example_latest_only_with_trigger.py
[2026-03-18T02:03:32.401+0530] {logging_mixin.py:188} INFO - [2026-03-18T02:03:32.401+0530] {dag.py:3047} INFO - Sync 1 DAGs
[2026-03-18T02:03:32.413+0530] {logging_mixin.py:188} INFO - [2026-03-18T02:03:32.413+0530] {dag.py:3834} INFO - Setting next_dagrun for latest_only_with_trigger to 2026-03-17 16:00:00+00:00, run_after=2026-03-17 20:00:00+00:00
[2026-03-18T02:03:32.427+0530] {processor.py:183} INFO - Processing /Users/vybhavswaroop/Desktop/untitled folder 3/ecommerce_platform/venv/lib/python3.11/site-packages/airflow/example_dags/example_latest_only_with_trigger.py took 0.108 seconds
[2026-03-18T02:08:35.149+0530] {processor.py:161} INFO - Started process (PID=66292) to work on /Users/vybhavswaroop/Desktop/untitled folder 3/ecommerce_platform/venv/lib/python3.11/site-packages/airflow/example_dags/example_latest_only_with_trigger.py
[2026-03-18T02:08:35.151+0530] {processor.py:830} INFO - Processing file /Users/vybhavswaroop/Desktop/untitled folder 3/ecommerce_platform/venv/lib/python3.11/site-packages/airflow/example_dags/example_latest_only_with_trigger.py for tasks to queue
[2026-03-18T02:08:35.152+0530] {logging_mixin.py:188} INFO - [2026-03-18T02:08:35.152+0530] {dagbag.py:540} INFO - Filling up the DagBag from /Users/vybhavswaroop/Desktop/untitled folder 3/ecommerce_platform/venv/lib/python3.11/site-packages/airflow/example_dags/example_latest_only_with_trigger.py
[2026-03-18T02:08:35.156+0530] {processor.py:840} INFO - DAG(s) 'latest_only_with_trigger' retrieved from /Users/vybhavswaroop/Desktop/untitled folder 3/ecommerce_platform/venv/lib/python3.11/site-packages/airflow/example_dags/example_latest_only_with_trigger.py
[2026-03-18T02:08:35.217+0530] {logging_mixin.py:188} INFO - [2026-03-18T02:08:35.217+0530] {dag.py:3047} INFO - Sync 1 DAGs
[2026-03-18T02:08:35.226+0530] {logging_mixin.py:188} INFO - [2026-03-18T02:08:35.226+0530] {dag.py:3834} INFO - Setting next_dagrun for latest_only_with_trigger to 2026-03-17 16:00:00+00:00, run_after=2026-03-17 20:00:00+00:00
[2026-03-18T02:08:35.238+0530] {processor.py:183} INFO - Processing /Users/vybhavswaroop/Desktop/untitled folder 3/ecommerce_platform/venv/lib/python3.11/site-packages/airflow/example_dags/example_latest_only_with_trigger.py took 0.089 seconds
[2026-03-18T02:13:24.232+0530] {processor.py:161} INFO - Started process (PID=69457) to work on /Users/vybhavswaroop/Desktop/untitled folder 3/ecommerce_platform/venv/lib/python3.11/site-packages/airflow/example_dags/example_latest_only_with_trigger.py
[2026-03-18T02:13:24.235+0530] {processor.py:830} INFO - Processing file /Users/vybhavswaroop/Desktop/untitled folder 3/ecommerce_platform/venv/lib/python3.11/site-packages/airflow/example_dags/example_latest_only_with_trigger.py for tasks to queue
[2026-03-18T02:13:24.235+0530] {logging_mixin.py:188} INFO - [2026-03-18T02:13:24.235+0530] {dagbag.py:540} INFO - Filling up the DagBag from /Users/vybhavswaroop/Desktop/untitled folder 3/ecommerce_platform/venv/lib/python3.11/site-packages/airflow/example_dags/example_latest_only_with_trigger.py
[2026-03-18T02:13:24.241+0530] {processor.py:840} INFO - DAG(s) 'latest_only_with_trigger' retrieved from /Users/vybhavswaroop/Desktop/untitled folder 3/ecommerce_platform/venv/lib/python3.11/site-packages/airflow/example_dags/example_latest_only_with_trigger.py
[2026-03-18T02:13:24.320+0530] {logging_mixin.py:188} INFO - [2026-03-18T02:13:24.319+0530] {dag.py:3047} INFO - Sync 1 DAGs
[2026-03-18T02:13:24.331+0530] {logging_mixin.py:188} INFO - [2026-03-18T02:13:24.331+0530] {dag.py:3834} INFO - Setting next_dagrun for latest_only_with_trigger to 2026-03-17 16:00:00+00:00, run_after=2026-03-17 20:00:00+00:00
[2026-03-18T02:13:24.344+0530] {processor.py:183} INFO - Processing /Users/vybhavswaroop/Desktop/untitled folder 3/ecommerce_platform/venv/lib/python3.11/site-packages/airflow/example_dags/example_latest_only_with_trigger.py took 0.113 seconds
[2026-03-18T02:16:12.741+0530] {processor.py:161} INFO - Started process (PID=71012) to work on /Users/vybhavswaroop/Desktop/untitled folder 3/ecommerce_platform/venv/lib/python3.11/site-packages/airflow/example_dags/example_latest_only_with_trigger.py
[2026-03-18T02:16:12.743+0530] {processor.py:830} INFO - Processing file /Users/vybhavswaroop/Desktop/untitled folder 3/ecommerce_platform/venv/lib/python3.11/site-packages/airflow/example_dags/example_latest_only_with_trigger.py for tasks to queue
[2026-03-18T02:16:12.743+0530] {logging_mixin.py:188} INFO - [2026-03-18T02:16:12.743+0530] {dagbag.py:540} INFO - Filling up the DagBag from /Users/vybhavswaroop/Desktop/untitled folder 3/ecommerce_platform/venv/lib/python3.11/site-packages/airflow/example_dags/example_latest_only_with_trigger.py
[2026-03-18T02:16:12.749+0530] {processor.py:840} INFO - DAG(s) 'latest_only_with_trigger' retrieved from /Users/vybhavswaroop/Desktop/untitled folder 3/ecommerce_platform/venv/lib/python3.11/site-packages/airflow/example_dags/example_latest_only_with_trigger.py
[2026-03-18T02:16:12.833+0530] {logging_mixin.py:188} INFO - [2026-03-18T02:16:12.832+0530] {dag.py:3047} INFO - Sync 1 DAGs
[2026-03-18T02:16:12.844+0530] {logging_mixin.py:188} INFO - [2026-03-18T02:16:12.844+0530] {dag.py:3834} INFO - Setting next_dagrun for latest_only_with_trigger to 2026-03-17 16:00:00+00:00, run_after=2026-03-17 20:00:00+00:00
[2026-03-18T02:16:12.859+0530] {processor.py:183} INFO - Processing /Users/vybhavswaroop/Desktop/untitled folder 3/ecommerce_platform/venv/lib/python3.11/site-packages/airflow/example_dags/example_latest_only_with_trigger.py took 0.119 seconds
[2026-03-18T02:19:03.718+0530] {processor.py:161} INFO - Started process (PID=72614) to work on /Users/vybhavswaroop/Desktop/untitled folder 3/ecommerce_platform/venv/lib/python3.11/site-packages/airflow/example_dags/example_latest_only_with_trigger.py
[2026-03-18T02:19:03.719+0530] {processor.py:830} INFO - Processing file /Users/vybhavswaroop/Desktop/untitled folder 3/ecommerce_platform/venv/lib/python3.11/site-packages/airflow/example_dags/example_latest_only_with_trigger.py for tasks to queue
[2026-03-18T02:19:03.720+0530] {logging_mixin.py:188} INFO - [2026-03-18T02:19:03.719+0530] {dagbag.py:540} INFO - Filling up the DagBag from /Users/vybhavswaroop/Desktop/untitled folder 3/ecommerce_platform/venv/lib/python3.11/site-packages/airflow/example_dags/example_latest_only_with_trigger.py
[2026-03-18T02:19:03.725+0530] {processor.py:840} INFO - DAG(s) 'latest_only_with_trigger' retrieved from /Users/vybhavswaroop/Desktop/untitled folder 3/ecommerce_platform/venv/lib/python3.11/site-packages/airflow/example_dags/example_latest_only_with_trigger.py
[2026-03-18T02:19:03.799+0530] {logging_mixin.py:188} INFO - [2026-03-18T02:19:03.799+0530] {dag.py:3047} INFO - Sync 1 DAGs
[2026-03-18T02:19:03.811+0530] {logging_mixin.py:188} INFO - [2026-03-18T02:19:03.811+0530] {dag.py:3834} INFO - Setting next_dagrun for latest_only_with_trigger to 2026-03-17 16:00:00+00:00, run_after=2026-03-17 20:00:00+00:00
[2026-03-18T02:19:03.824+0530] {processor.py:183} INFO - Processing /Users/vybhavswaroop/Desktop/untitled folder 3/ecommerce_platform/venv/lib/python3.11/site-packages/airflow/example_dags/example_latest_only_with_trigger.py took 0.107 seconds
[2026-03-18T02:24:37.739+0530] {processor.py:161} INFO - Started process (PID=75735) to work on /Users/vybhavswaroop/Desktop/untitled folder 3/ecommerce_platform/venv/lib/python3.11/site-packages/airflow/example_dags/example_latest_only_with_trigger.py
[2026-03-18T02:24:37.742+0530] {processor.py:830} INFO - Processing file /Users/vybhavswaroop/Desktop/untitled folder 3/ecommerce_platform/venv/lib/python3.11/site-packages/airflow/example_dags/example_latest_only_with_trigger.py for tasks to queue
[2026-03-18T02:24:37.743+0530] {logging_mixin.py:188} INFO - [2026-03-18T02:24:37.743+0530] {dagbag.py:540} INFO - Filling up the DagBag from /Users/vybhavswaroop/Desktop/untitled folder 3/ecommerce_platform/venv/lib/python3.11/site-packages/airflow/example_dags/example_latest_only_with_trigger.py
[2026-03-18T02:24:37.749+0530] {processor.py:840} INFO - DAG(s) 'latest_only_with_trigger' retrieved from /Users/vybhavswaroop/Desktop/untitled folder 3/ecommerce_platform/venv/lib/python3.11/site-packages/airflow/example_dags/example_latest_only_with_trigger.py
[2026-03-18T02:24:37.837+0530] {logging_mixin.py:188} INFO - [2026-03-18T02:24:37.837+0530] {dag.py:3047} INFO - Sync 1 DAGs
[2026-03-18T02:24:37.850+0530] {logging_mixin.py:188} INFO - [2026-03-18T02:24:37.850+0530] {dag.py:3834} INFO - Setting next_dagrun for latest_only_with_trigger to 2026-03-17 16:00:00+00:00, run_after=2026-03-17 20:00:00+00:00
[2026-03-18T02:24:37.865+0530] {processor.py:183} INFO - Processing /Users/vybhavswaroop/Desktop/untitled folder 3/ecommerce_platform/venv/lib/python3.11/site-packages/airflow/example_dags/example_latest_only_with_trigger.py took 0.127 seconds
[2026-03-18T02:30:08.044+0530] {processor.py:161} INFO - Started process (PID=78876) to work on /Users/vybhavswaroop/Desktop/untitled folder 3/ecommerce_platform/venv/lib/python3.11/site-packages/airflow/example_dags/example_latest_only_with_trigger.py
[2026-03-18T02:30:08.045+0530] {processor.py:830} INFO - Processing file /Users/vybhavswaroop/Desktop/untitled folder 3/ecommerce_platform/venv/lib/python3.11/site-packages/airflow/example_dags/example_latest_only_with_trigger.py for tasks to queue
[2026-03-18T02:30:08.046+0530] {logging_mixin.py:188} INFO - [2026-03-18T02:30:08.046+0530] {dagbag.py:540} INFO - Filling up the DagBag from /Users/vybhavswaroop/Desktop/untitled folder 3/ecommerce_platform/venv/lib/python3.11/site-packages/airflow/example_dags/example_latest_only_with_trigger.py
[2026-03-18T02:30:08.052+0530] {processor.py:840} INFO - DAG(s) 'latest_only_with_trigger' retrieved from /Users/vybhavswaroop/Desktop/untitled folder 3/ecommerce_platform/venv/lib/python3.11/site-packages/airflow/example_dags/example_latest_only_with_trigger.py
[2026-03-18T02:30:08.125+0530] {logging_mixin.py:188} INFO - [2026-03-18T02:30:08.125+0530] {dag.py:3047} INFO - Sync 1 DAGs
[2026-03-18T02:30:08.137+0530] {logging_mixin.py:188} INFO - [2026-03-18T02:30:08.137+0530] {dag.py:3834} INFO - Setting next_dagrun for latest_only_with_trigger to 2026-03-17 16:00:00+00:00, run_after=2026-03-17 20:00:00+00:00
[2026-03-18T02:30:08.150+0530] {processor.py:183} INFO - Processing /Users/vybhavswaroop/Desktop/untitled folder 3/ecommerce_platform/venv/lib/python3.11/site-packages/airflow/example_dags/example_latest_only_with_trigger.py took 0.107 seconds
[2026-03-18T02:35:34.133+0530] {processor.py:161} INFO - Started process (PID=82018) to work on /Users/vybhavswaroop/Desktop/untitled folder 3/ecommerce_platform/venv/lib/python3.11/site-packages/airflow/example_dags/example_latest_only_with_trigger.py
[2026-03-18T02:35:34.136+0530] {processor.py:830} INFO - Processing file /Users/vybhavswaroop/Desktop/untitled folder 3/ecommerce_platform/venv/lib/python3.11/site-packages/airflow/example_dags/example_latest_only_with_trigger.py for tasks to queue
[2026-03-18T02:35:34.137+0530] {logging_mixin.py:188} INFO - [2026-03-18T02:35:34.136+0530] {dagbag.py:540} INFO - Filling up the DagBag from /Users/vybhavswaroop/Desktop/untitled folder 3/ecommerce_platform/venv/lib/python3.11/site-packages/airflow/example_dags/example_latest_only_with_trigger.py
[2026-03-18T02:35:34.141+0530] {processor.py:840} INFO - DAG(s) 'latest_only_with_trigger' retrieved from /Users/vybhavswaroop/Desktop/untitled folder 3/ecommerce_platform/venv/lib/python3.11/site-packages/airflow/example_dags/example_latest_only_with_trigger.py
[2026-03-18T02:35:34.214+0530] {logging_mixin.py:188} INFO - [2026-03-18T02:35:34.213+0530] {dag.py:3047} INFO - Sync 1 DAGs
[2026-03-18T02:35:34.225+0530] {logging_mixin.py:188} INFO - [2026-03-18T02:35:34.225+0530] {dag.py:3834} INFO - Setting next_dagrun for latest_only_with_trigger to 2026-03-17 16:00:00+00:00, run_after=2026-03-17 20:00:00+00:00
[2026-03-18T02:35:34.236+0530] {processor.py:183} INFO - Processing /Users/vybhavswaroop/Desktop/untitled folder 3/ecommerce_platform/venv/lib/python3.11/site-packages/airflow/example_dags/example_latest_only_with_trigger.py took 0.104 seconds
[2026-03-18T02:40:59.298+0530] {processor.py:161} INFO - Started process (PID=85155) to work on /Users/vybhavswaroop/Desktop/untitled folder 3/ecommerce_platform/venv/lib/python3.11/site-packages/airflow/example_dags/example_latest_only_with_trigger.py
[2026-03-18T02:40:59.300+0530] {processor.py:830} INFO - Processing file /Users/vybhavswaroop/Desktop/untitled folder 3/ecommerce_platform/venv/lib/python3.11/site-packages/airflow/example_dags/example_latest_only_with_trigger.py for tasks to queue
[2026-03-18T02:40:59.300+0530] {logging_mixin.py:188} INFO - [2026-03-18T02:40:59.300+0530] {dagbag.py:540} INFO - Filling up the DagBag from /Users/vybhavswaroop/Desktop/untitled folder 3/ecommerce_platform/venv/lib/python3.11/site-packages/airflow/example_dags/example_latest_only_with_trigger.py
[2026-03-18T02:40:59.306+0530] {processor.py:840} INFO - DAG(s) 'latest_only_with_trigger' retrieved from /Users/vybhavswaroop/Desktop/untitled folder 3/ecommerce_platform/venv/lib/python3.11/site-packages/airflow/example_dags/example_latest_only_with_trigger.py
[2026-03-18T02:40:59.378+0530] {logging_mixin.py:188} INFO - [2026-03-18T02:40:59.378+0530] {dag.py:3047} INFO - Sync 1 DAGs
[2026-03-18T02:40:59.390+0530] {logging_mixin.py:188} INFO - [2026-03-18T02:40:59.390+0530] {dag.py:3834} INFO - Setting next_dagrun for latest_only_with_trigger to 2026-03-17 16:00:00+00:00, run_after=2026-03-17 20:00:00+00:00
[2026-03-18T02:40:59.403+0530] {processor.py:183} INFO - Processing /Users/vybhavswaroop/Desktop/untitled folder 3/ecommerce_platform/venv/lib/python3.11/site-packages/airflow/example_dags/example_latest_only_with_trigger.py took 0.106 seconds
[2026-03-18T02:46:02.763+0530] {processor.py:161} INFO - Started process (PID=88313) to work on /Users/vybhavswaroop/Desktop/untitled folder 3/ecommerce_platform/venv/lib/python3.11/site-packages/airflow/example_dags/example_latest_only_with_trigger.py
[2026-03-18T02:46:02.765+0530] {processor.py:830} INFO - Processing file /Users/vybhavswaroop/Desktop/untitled folder 3/ecommerce_platform/venv/lib/python3.11/site-packages/airflow/example_dags/example_latest_only_with_trigger.py for tasks to queue
[2026-03-18T02:46:02.766+0530] {logging_mixin.py:188} INFO - [2026-03-18T02:46:02.766+0530] {dagbag.py:540} INFO - Filling up the DagBag from /Users/vybhavswaroop/Desktop/untitled folder 3/ecommerce_platform/venv/lib/python3.11/site-packages/airflow/example_dags/example_latest_only_with_trigger.py
[2026-03-18T02:46:02.771+0530] {processor.py:840} INFO - DAG(s) 'latest_only_with_trigger' retrieved from /Users/vybhavswaroop/Desktop/untitled folder 3/ecommerce_platform/venv/lib/python3.11/site-packages/airflow/example_dags/example_latest_only_with_trigger.py
[2026-03-18T02:46:02.836+0530] {logging_mixin.py:188} INFO - [2026-03-18T02:46:02.836+0530] {dag.py:3047} INFO - Sync 1 DAGs
[2026-03-18T02:46:02.847+0530] {logging_mixin.py:188} INFO - [2026-03-18T02:46:02.846+0530] {dag.py:3834} INFO - Setting next_dagrun for latest_only_with_trigger to 2026-03-17 16:00:00+00:00, run_after=2026-03-17 20:00:00+00:00
[2026-03-18T02:46:02.859+0530] {processor.py:183} INFO - Processing /Users/vybhavswaroop/Desktop/untitled folder 3/ecommerce_platform/venv/lib/python3.11/site-packages/airflow/example_dags/example_latest_only_with_trigger.py took 0.096 seconds
[2026-03-18T02:50:50.887+0530] {processor.py:161} INFO - Started process (PID=91611) to work on /Users/vybhavswaroop/Desktop/untitled folder 3/ecommerce_platform/venv/lib/python3.11/site-packages/airflow/example_dags/example_latest_only_with_trigger.py
[2026-03-18T02:50:50.889+0530] {processor.py:830} INFO - Processing file /Users/vybhavswaroop/Desktop/untitled folder 3/ecommerce_platform/venv/lib/python3.11/site-packages/airflow/example_dags/example_latest_only_with_trigger.py for tasks to queue
[2026-03-18T02:50:50.889+0530] {logging_mixin.py:188} INFO - [2026-03-18T02:50:50.889+0530] {dagbag.py:540} INFO - Filling up the DagBag from /Users/vybhavswaroop/Desktop/untitled folder 3/ecommerce_platform/venv/lib/python3.11/site-packages/airflow/example_dags/example_latest_only_with_trigger.py
[2026-03-18T02:50:50.893+0530] {processor.py:840} INFO - DAG(s) 'latest_only_with_trigger' retrieved from /Users/vybhavswaroop/Desktop/untitled folder 3/ecommerce_platform/venv/lib/python3.11/site-packages/airflow/example_dags/example_latest_only_with_trigger.py
[2026-03-18T02:50:50.950+0530] {logging_mixin.py:188} INFO - [2026-03-18T02:50:50.950+0530] {dag.py:3047} INFO - Sync 1 DAGs
[2026-03-18T02:50:50.959+0530] {logging_mixin.py:188} INFO - [2026-03-18T02:50:50.959+0530] {dag.py:3834} INFO - Setting next_dagrun for latest_only_with_trigger to 2026-03-17 16:00:00+00:00, run_after=2026-03-17 20:00:00+00:00
[2026-03-18T02:50:50.969+0530] {processor.py:183} INFO - Processing /Users/vybhavswaroop/Desktop/untitled folder 3/ecommerce_platform/venv/lib/python3.11/site-packages/airflow/example_dags/example_latest_only_with_trigger.py took 0.083 seconds
[2026-03-18T02:55:28.866+0530] {processor.py:161} INFO - Started process (PID=94864) to work on /Users/vybhavswaroop/Desktop/untitled folder 3/ecommerce_platform/venv/lib/python3.11/site-packages/airflow/example_dags/example_latest_only_with_trigger.py
[2026-03-18T02:55:28.868+0530] {processor.py:830} INFO - Processing file /Users/vybhavswaroop/Desktop/untitled folder 3/ecommerce_platform/venv/lib/python3.11/site-packages/airflow/example_dags/example_latest_only_with_trigger.py for tasks to queue
[2026-03-18T02:55:28.868+0530] {logging_mixin.py:188} INFO - [2026-03-18T02:55:28.868+0530] {dagbag.py:540} INFO - Filling up the DagBag from /Users/vybhavswaroop/Desktop/untitled folder 3/ecommerce_platform/venv/lib/python3.11/site-packages/airflow/example_dags/example_latest_only_with_trigger.py
[2026-03-18T02:55:28.873+0530] {processor.py:840} INFO - DAG(s) 'latest_only_with_trigger' retrieved from /Users/vybhavswaroop/Desktop/untitled folder 3/ecommerce_platform/venv/lib/python3.11/site-packages/airflow/example_dags/example_latest_only_with_trigger.py
[2026-03-18T02:55:28.926+0530] {logging_mixin.py:188} INFO - [2026-03-18T02:55:28.926+0530] {dag.py:3047} INFO - Sync 1 DAGs
[2026-03-18T02:55:28.935+0530] {logging_mixin.py:188} INFO - [2026-03-18T02:55:28.935+0530] {dag.py:3834} INFO - Setting next_dagrun for latest_only_with_trigger to 2026-03-17 16:00:00+00:00, run_after=2026-03-17 20:00:00+00:00
[2026-03-18T02:55:28.945+0530] {processor.py:183} INFO - Processing /Users/vybhavswaroop/Desktop/untitled folder 3/ecommerce_platform/venv/lib/python3.11/site-packages/airflow/example_dags/example_latest_only_with_trigger.py took 0.079 seconds
