[2026-03-18T00:02:55.867+0530] {processor.py:161} INFO - Started process (PID=88712) to work on /Users/vybhavswaroop/Desktop/untitled folder 3/ecommerce_platform/venv/lib/python3.11/site-packages/airflow/example_dags/example_branch_day_of_week_operator.py
[2026-03-18T00:02:55.868+0530] {processor.py:830} INFO - Processing file /Users/vybhavswaroop/Desktop/untitled folder 3/ecommerce_platform/venv/lib/python3.11/site-packages/airflow/example_dags/example_branch_day_of_week_operator.py for tasks to queue
[2026-03-18T00:02:55.868+0530] {logging_mixin.py:188} INFO - [2026-03-18T00:02:55.868+0530] {dagbag.py:540} INFO - Filling up the DagBag from /Users/vybhavswaroop/Desktop/untitled folder 3/ecommerce_platform/venv/lib/python3.11/site-packages/airflow/example_dags/example_branch_day_of_week_operator.py
[2026-03-18T00:02:55.873+0530] {processor.py:840} INFO - DAG(s) 'example_weekday_branch_operator' retrieved from /Users/vybhavswaroop/Desktop/untitled folder 3/ecommerce_platform/venv/lib/python3.11/site-packages/airflow/example_dags/example_branch_day_of_week_operator.py
[2026-03-18T00:02:55.946+0530] {logging_mixin.py:188} INFO - [2026-03-18T00:02:55.945+0530] {override.py:1769} INFO - Created Permission View: can delete on DAG:example_weekday_branch_operator
[2026-03-18T00:02:55.949+0530] {logging_mixin.py:188} INFO - [2026-03-18T00:02:55.949+0530] {override.py:1769} INFO - Created Permission View: can read on DAG:example_weekday_branch_operator
[2026-03-18T00:02:55.951+0530] {logging_mixin.py:188} INFO - [2026-03-18T00:02:55.951+0530] {override.py:1769} INFO - Created Permission View: can edit on DAG:example_weekday_branch_operator
[2026-03-18T00:02:55.952+0530] {logging_mixin.py:188} INFO - [2026-03-18T00:02:55.951+0530] {dag.py:3047} INFO - Sync 1 DAGs
[2026-03-18T00:02:55.955+0530] {logging_mixin.py:188} INFO - [2026-03-18T00:02:55.955+0530] {dag.py:3069} INFO - Creating ORM DAG for example_weekday_branch_operator
[2026-03-18T00:02:55.958+0530] {logging_mixin.py:188} INFO - [2026-03-18T00:02:55.958+0530] {dag.py:3834} INFO - Setting next_dagrun for example_weekday_branch_operator to 2026-03-16 00:00:00+00:00, run_after=2026-03-17 00:00:00+00:00
[2026-03-18T00:02:55.965+0530] {processor.py:183} INFO - Processing /Users/vybhavswaroop/Desktop/untitled folder 3/ecommerce_platform/venv/lib/python3.11/site-packages/airflow/example_dags/example_branch_day_of_week_operator.py took 0.097 seconds
[2026-03-18T00:06:26.940+0530] {processor.py:161} INFO - Started process (PID=91938) to work on /Users/vybhavswaroop/Desktop/untitled folder 3/ecommerce_platform/venv/lib/python3.11/site-packages/airflow/example_dags/example_branch_day_of_week_operator.py
[2026-03-18T00:06:26.941+0530] {processor.py:830} INFO - Processing file /Users/vybhavswaroop/Desktop/untitled folder 3/ecommerce_platform/venv/lib/python3.11/site-packages/airflow/example_dags/example_branch_day_of_week_operator.py for tasks to queue
[2026-03-18T00:06:26.941+0530] {logging_mixin.py:188} INFO - [2026-03-18T00:06:26.941+0530] {dagbag.py:540} INFO - Filling up the DagBag from /Users/vybhavswaroop/Desktop/untitled folder 3/ecommerce_platform/venv/lib/python3.11/site-packages/airflow/example_dags/example_branch_day_of_week_operator.py
[2026-03-18T00:06:26.946+0530] {processor.py:840} INFO - DAG(s) 'example_weekday_branch_operator' retrieved from /Users/vybhavswaroop/Desktop/untitled folder 3/ecommerce_platform/venv/lib/python3.11/site-packages/airflow/example_dags/example_branch_day_of_week_operator.py
[2026-03-18T00:06:26.988+0530] {logging_mixin.py:188} INFO - [2026-03-18T00:06:26.988+0530] {dag.py:3047} INFO - Sync 1 DAGs
[2026-03-18T00:06:26.995+0530] {logging_mixin.py:188} INFO - [2026-03-18T00:06:26.995+0530] {dag.py:3834} INFO - Setting next_dagrun for example_weekday_branch_operator to 2026-03-16 00:00:00+00:00, run_after=2026-03-17 00:00:00+00:00
[2026-03-18T00:06:27.006+0530] {processor.py:183} INFO - Processing /Users/vybhavswaroop/Desktop/untitled folder 3/ecommerce_platform/venv/lib/python3.11/site-packages/airflow/example_dags/example_branch_day_of_week_operator.py took 0.067 seconds
[2026-03-18T00:10:44.285+0530] {processor.py:161} INFO - Started process (PID=95178) to work on /Users/vybhavswaroop/Desktop/untitled folder 3/ecommerce_platform/venv/lib/python3.11/site-packages/airflow/example_dags/example_branch_day_of_week_operator.py
[2026-03-18T00:10:44.286+0530] {processor.py:830} INFO - Processing file /Users/vybhavswaroop/Desktop/untitled folder 3/ecommerce_platform/venv/lib/python3.11/site-packages/airflow/example_dags/example_branch_day_of_week_operator.py for tasks to queue
[2026-03-18T00:10:44.287+0530] {logging_mixin.py:188} INFO - [2026-03-18T00:10:44.287+0530] {dagbag.py:540} INFO - Filling up the DagBag from /Users/vybhavswaroop/Desktop/untitled folder 3/ecommerce_platform/venv/lib/python3.11/site-packages/airflow/example_dags/example_branch_day_of_week_operator.py
[2026-03-18T00:10:44.294+0530] {processor.py:840} INFO - DAG(s) 'example_weekday_branch_operator' retrieved from /Users/vybhavswaroop/Desktop/untitled folder 3/ecommerce_platform/venv/lib/python3.11/site-packages/airflow/example_dags/example_branch_day_of_week_operator.py
[2026-03-18T00:10:44.358+0530] {logging_mixin.py:188} INFO - [2026-03-18T00:10:44.358+0530] {dag.py:3047} INFO - Sync 1 DAGs
[2026-03-18T00:10:44.368+0530] {logging_mixin.py:188} INFO - [2026-03-18T00:10:44.368+0530] {dag.py:3834} INFO - Setting next_dagrun for example_weekday_branch_operator to 2026-03-16 00:00:00+00:00, run_after=2026-03-17 00:00:00+00:00
[2026-03-18T00:10:44.380+0530] {processor.py:183} INFO - Processing /Users/vybhavswaroop/Desktop/untitled folder 3/ecommerce_platform/venv/lib/python3.11/site-packages/airflow/example_dags/example_branch_day_of_week_operator.py took 0.095 seconds
[2026-03-18T00:16:13.731+0530] {processor.py:161} INFO - Started process (PID=98418) to work on /Users/vybhavswaroop/Desktop/untitled folder 3/ecommerce_platform/venv/lib/python3.11/site-packages/airflow/example_dags/example_branch_day_of_week_operator.py
[2026-03-18T00:16:13.732+0530] {processor.py:830} INFO - Processing file /Users/vybhavswaroop/Desktop/untitled folder 3/ecommerce_platform/venv/lib/python3.11/site-packages/airflow/example_dags/example_branch_day_of_week_operator.py for tasks to queue
[2026-03-18T00:16:13.733+0530] {logging_mixin.py:188} INFO - [2026-03-18T00:16:13.733+0530] {dagbag.py:540} INFO - Filling up the DagBag from /Users/vybhavswaroop/Desktop/untitled folder 3/ecommerce_platform/venv/lib/python3.11/site-packages/airflow/example_dags/example_branch_day_of_week_operator.py
[2026-03-18T00:16:13.740+0530] {processor.py:840} INFO - DAG(s) 'example_weekday_branch_operator' retrieved from /Users/vybhavswaroop/Desktop/untitled folder 3/ecommerce_platform/venv/lib/python3.11/site-packages/airflow/example_dags/example_branch_day_of_week_operator.py
[2026-03-18T00:16:13.801+0530] {logging_mixin.py:188} INFO - [2026-03-18T00:16:13.800+0530] {dag.py:3047} INFO - Sync 1 DAGs
[2026-03-18T00:16:13.810+0530] {logging_mixin.py:188} INFO - [2026-03-18T00:16:13.810+0530] {dag.py:3834} INFO - Setting next_dagrun for example_weekday_branch_operator to 2026-03-16 00:00:00+00:00, run_after=2026-03-17 00:00:00+00:00
[2026-03-18T00:16:13.820+0530] {processor.py:183} INFO - Processing /Users/vybhavswaroop/Desktop/untitled folder 3/ecommerce_platform/venv/lib/python3.11/site-packages/airflow/example_dags/example_branch_day_of_week_operator.py took 0.090 seconds
[2026-03-18T00:21:25.024+0530] {processor.py:161} INFO - Started process (PID=2274) to work on /Users/vybhavswaroop/Desktop/untitled folder 3/ecommerce_platform/venv/lib/python3.11/site-packages/airflow/example_dags/example_branch_day_of_week_operator.py
[2026-03-18T00:21:25.026+0530] {processor.py:830} INFO - Processing file /Users/vybhavswaroop/Desktop/untitled folder 3/ecommerce_platform/venv/lib/python3.11/site-packages/airflow/example_dags/example_branch_day_of_week_operator.py for tasks to queue
[2026-03-18T00:21:25.026+0530] {logging_mixin.py:188} INFO - [2026-03-18T00:21:25.026+0530] {dagbag.py:540} INFO - Filling up the DagBag from /Users/vybhavswaroop/Desktop/untitled folder 3/ecommerce_platform/venv/lib/python3.11/site-packages/airflow/example_dags/example_branch_day_of_week_operator.py
[2026-03-18T00:21:25.036+0530] {processor.py:840} INFO - DAG(s) 'example_weekday_branch_operator' retrieved from /Users/vybhavswaroop/Desktop/untitled folder 3/ecommerce_platform/venv/lib/python3.11/site-packages/airflow/example_dags/example_branch_day_of_week_operator.py
[2026-03-18T00:21:25.114+0530] {logging_mixin.py:188} INFO - [2026-03-18T00:21:25.113+0530] {dag.py:3047} INFO - Sync 1 DAGs
[2026-03-18T00:21:25.128+0530] {logging_mixin.py:188} INFO - [2026-03-18T00:21:25.128+0530] {dag.py:3834} INFO - Setting next_dagrun for example_weekday_branch_operator to 2026-03-16 00:00:00+00:00, run_after=2026-03-17 00:00:00+00:00
[2026-03-18T00:21:25.144+0530] {processor.py:183} INFO - Processing /Users/vybhavswaroop/Desktop/untitled folder 3/ecommerce_platform/venv/lib/python3.11/site-packages/airflow/example_dags/example_branch_day_of_week_operator.py took 0.120 seconds
[2026-03-18T00:26:51.828+0530] {processor.py:161} INFO - Started process (PID=5500) to work on /Users/vybhavswaroop/Desktop/untitled folder 3/ecommerce_platform/venv/lib/python3.11/site-packages/airflow/example_dags/example_branch_day_of_week_operator.py
[2026-03-18T00:26:51.829+0530] {processor.py:830} INFO - Processing file /Users/vybhavswaroop/Desktop/untitled folder 3/ecommerce_platform/venv/lib/python3.11/site-packages/airflow/example_dags/example_branch_day_of_week_operator.py for tasks to queue
[2026-03-18T00:26:51.830+0530] {logging_mixin.py:188} INFO - [2026-03-18T00:26:51.830+0530] {dagbag.py:540} INFO - Filling up the DagBag from /Users/vybhavswaroop/Desktop/untitled folder 3/ecommerce_platform/venv/lib/python3.11/site-packages/airflow/example_dags/example_branch_day_of_week_operator.py
[2026-03-18T00:26:51.836+0530] {processor.py:840} INFO - DAG(s) 'example_weekday_branch_operator' retrieved from /Users/vybhavswaroop/Desktop/untitled folder 3/ecommerce_platform/venv/lib/python3.11/site-packages/airflow/example_dags/example_branch_day_of_week_operator.py
[2026-03-18T00:26:51.901+0530] {logging_mixin.py:188} INFO - [2026-03-18T00:26:51.901+0530] {dag.py:3047} INFO - Sync 1 DAGs
[2026-03-18T00:26:51.912+0530] {logging_mixin.py:188} INFO - [2026-03-18T00:26:51.912+0530] {dag.py:3834} INFO - Setting next_dagrun for example_weekday_branch_operator to 2026-03-16 00:00:00+00:00, run_after=2026-03-17 00:00:00+00:00
[2026-03-18T00:26:51.925+0530] {processor.py:183} INFO - Processing /Users/vybhavswaroop/Desktop/untitled folder 3/ecommerce_platform/venv/lib/python3.11/site-packages/airflow/example_dags/example_branch_day_of_week_operator.py took 0.098 seconds
[2026-03-18T00:32:17.192+0530] {processor.py:161} INFO - Started process (PID=8571) to work on /Users/vybhavswaroop/Desktop/untitled folder 3/ecommerce_platform/venv/lib/python3.11/site-packages/airflow/example_dags/example_branch_day_of_week_operator.py
[2026-03-18T00:32:17.194+0530] {processor.py:830} INFO - Processing file /Users/vybhavswaroop/Desktop/untitled folder 3/ecommerce_platform/venv/lib/python3.11/site-packages/airflow/example_dags/example_branch_day_of_week_operator.py for tasks to queue
[2026-03-18T00:32:17.194+0530] {logging_mixin.py:188} INFO - [2026-03-18T00:32:17.194+0530] {dagbag.py:540} INFO - Filling up the DagBag from /Users/vybhavswaroop/Desktop/untitled folder 3/ecommerce_platform/venv/lib/python3.11/site-packages/airflow/example_dags/example_branch_day_of_week_operator.py
[2026-03-18T00:32:17.201+0530] {processor.py:840} INFO - DAG(s) 'example_weekday_branch_operator' retrieved from /Users/vybhavswaroop/Desktop/untitled folder 3/ecommerce_platform/venv/lib/python3.11/site-packages/airflow/example_dags/example_branch_day_of_week_operator.py
[2026-03-18T00:32:17.265+0530] {logging_mixin.py:188} INFO - [2026-03-18T00:32:17.264+0530] {dag.py:3047} INFO - Sync 1 DAGs
[2026-03-18T00:32:17.275+0530] {logging_mixin.py:188} INFO - [2026-03-18T00:32:17.275+0530] {dag.py:3834} INFO - Setting next_dagrun for example_weekday_branch_operator to 2026-03-16 00:00:00+00:00, run_after=2026-03-17 00:00:00+00:00
[2026-03-18T00:32:17.287+0530] {processor.py:183} INFO - Processing /Users/vybhavswaroop/Desktop/untitled folder 3/ecommerce_platform/venv/lib/python3.11/site-packages/airflow/example_dags/example_branch_day_of_week_operator.py took 0.096 seconds
[2026-03-18T00:37:43.743+0530] {processor.py:161} INFO - Started process (PID=11815) to work on /Users/vybhavswaroop/Desktop/untitled folder 3/ecommerce_platform/venv/lib/python3.11/site-packages/airflow/example_dags/example_branch_day_of_week_operator.py
[2026-03-18T00:37:43.745+0530] {processor.py:830} INFO - Processing file /Users/vybhavswaroop/Desktop/untitled folder 3/ecommerce_platform/venv/lib/python3.11/site-packages/airflow/example_dags/example_branch_day_of_week_operator.py for tasks to queue
[2026-03-18T00:37:43.745+0530] {logging_mixin.py:188} INFO - [2026-03-18T00:37:43.745+0530] {dagbag.py:540} INFO - Filling up the DagBag from /Users/vybhavswaroop/Desktop/untitled folder 3/ecommerce_platform/venv/lib/python3.11/site-packages/airflow/example_dags/example_branch_day_of_week_operator.py
[2026-03-18T00:37:43.754+0530] {processor.py:840} INFO - DAG(s) 'example_weekday_branch_operator' retrieved from /Users/vybhavswaroop/Desktop/untitled folder 3/ecommerce_platform/venv/lib/python3.11/site-packages/airflow/example_dags/example_branch_day_of_week_operator.py
[2026-03-18T00:37:43.838+0530] {logging_mixin.py:188} INFO - [2026-03-18T00:37:43.837+0530] {dag.py:3047} INFO - Sync 1 DAGs
[2026-03-18T00:37:43.850+0530] {logging_mixin.py:188} INFO - [2026-03-18T00:37:43.850+0530] {dag.py:3834} INFO - Setting next_dagrun for example_weekday_branch_operator to 2026-03-16 00:00:00+00:00, run_after=2026-03-17 00:00:00+00:00
[2026-03-18T00:37:43.864+0530] {processor.py:183} INFO - Processing /Users/vybhavswaroop/Desktop/untitled folder 3/ecommerce_platform/venv/lib/python3.11/site-packages/airflow/example_dags/example_branch_day_of_week_operator.py took 0.121 seconds
[2026-03-18T00:43:21.945+0530] {processor.py:161} INFO - Started process (PID=15122) to work on /Users/vybhavswaroop/Desktop/untitled folder 3/ecommerce_platform/venv/lib/python3.11/site-packages/airflow/example_dags/example_branch_day_of_week_operator.py
[2026-03-18T00:43:21.947+0530] {processor.py:830} INFO - Processing file /Users/vybhavswaroop/Desktop/untitled folder 3/ecommerce_platform/venv/lib/python3.11/site-packages/airflow/example_dags/example_branch_day_of_week_operator.py for tasks to queue
[2026-03-18T00:43:21.947+0530] {logging_mixin.py:188} INFO - [2026-03-18T00:43:21.947+0530] {dagbag.py:540} INFO - Filling up the DagBag from /Users/vybhavswaroop/Desktop/untitled folder 3/ecommerce_platform/venv/lib/python3.11/site-packages/airflow/example_dags/example_branch_day_of_week_operator.py
[2026-03-18T00:43:21.954+0530] {processor.py:840} INFO - DAG(s) 'example_weekday_branch_operator' retrieved from /Users/vybhavswaroop/Desktop/untitled folder 3/ecommerce_platform/venv/lib/python3.11/site-packages/airflow/example_dags/example_branch_day_of_week_operator.py
[2026-03-18T00:43:22.029+0530] {logging_mixin.py:188} INFO - [2026-03-18T00:43:22.029+0530] {dag.py:3047} INFO - Sync 1 DAGs
[2026-03-18T00:43:22.041+0530] {logging_mixin.py:188} INFO - [2026-03-18T00:43:22.041+0530] {dag.py:3834} INFO - Setting next_dagrun for example_weekday_branch_operator to 2026-03-16 00:00:00+00:00, run_after=2026-03-17 00:00:00+00:00
[2026-03-18T00:43:22.054+0530] {processor.py:183} INFO - Processing /Users/vybhavswaroop/Desktop/untitled folder 3/ecommerce_platform/venv/lib/python3.11/site-packages/airflow/example_dags/example_branch_day_of_week_operator.py took 0.109 seconds
[2026-03-18T00:48:43.753+0530] {processor.py:161} INFO - Started process (PID=18384) to work on /Users/vybhavswaroop/Desktop/untitled folder 3/ecommerce_platform/venv/lib/python3.11/site-packages/airflow/example_dags/example_branch_day_of_week_operator.py
[2026-03-18T00:48:43.755+0530] {processor.py:830} INFO - Processing file /Users/vybhavswaroop/Desktop/untitled folder 3/ecommerce_platform/venv/lib/python3.11/site-packages/airflow/example_dags/example_branch_day_of_week_operator.py for tasks to queue
[2026-03-18T00:48:43.756+0530] {logging_mixin.py:188} INFO - [2026-03-18T00:48:43.755+0530] {dagbag.py:540} INFO - Filling up the DagBag from /Users/vybhavswaroop/Desktop/untitled folder 3/ecommerce_platform/venv/lib/python3.11/site-packages/airflow/example_dags/example_branch_day_of_week_operator.py
[2026-03-18T00:48:43.762+0530] {processor.py:840} INFO - DAG(s) 'example_weekday_branch_operator' retrieved from /Users/vybhavswaroop/Desktop/untitled folder 3/ecommerce_platform/venv/lib/python3.11/site-packages/airflow/example_dags/example_branch_day_of_week_operator.py
[2026-03-18T00:48:43.825+0530] {logging_mixin.py:188} INFO - [2026-03-18T00:48:43.824+0530] {dag.py:3047} INFO - Sync 1 DAGs
[2026-03-18T00:48:43.835+0530] {logging_mixin.py:188} INFO - [2026-03-18T00:48:43.835+0530] {dag.py:3834} INFO - Setting next_dagrun for example_weekday_branch_operator to 2026-03-16 00:00:00+00:00, run_after=2026-03-17 00:00:00+00:00
[2026-03-18T00:48:43.847+0530] {processor.py:183} INFO - Processing /Users/vybhavswaroop/Desktop/untitled folder 3/ecommerce_platform/venv/lib/python3.11/site-packages/airflow/example_dags/example_branch_day_of_week_operator.py took 0.095 seconds
[2026-03-18T00:54:14.702+0530] {processor.py:161} INFO - Started process (PID=21655) to work on /Users/vybhavswaroop/Desktop/untitled folder 3/ecommerce_platform/venv/lib/python3.11/site-packages/airflow/example_dags/example_branch_day_of_week_operator.py
[2026-03-18T00:54:14.705+0530] {processor.py:830} INFO - Processing file /Users/vybhavswaroop/Desktop/untitled folder 3/ecommerce_platform/venv/lib/python3.11/site-packages/airflow/example_dags/example_branch_day_of_week_operator.py for tasks to queue
[2026-03-18T00:54:14.706+0530] {logging_mixin.py:188} INFO - [2026-03-18T00:54:14.706+0530] {dagbag.py:540} INFO - Filling up the DagBag from /Users/vybhavswaroop/Desktop/untitled folder 3/ecommerce_platform/venv/lib/python3.11/site-packages/airflow/example_dags/example_branch_day_of_week_operator.py
[2026-03-18T00:54:14.718+0530] {processor.py:840} INFO - DAG(s) 'example_weekday_branch_operator' retrieved from /Users/vybhavswaroop/Desktop/untitled folder 3/ecommerce_platform/venv/lib/python3.11/site-packages/airflow/example_dags/example_branch_day_of_week_operator.py
[2026-03-18T00:54:14.819+0530] {logging_mixin.py:188} INFO - [2026-03-18T00:54:14.818+0530] {dag.py:3047} INFO - Sync 1 DAGs
[2026-03-18T00:54:14.836+0530] {logging_mixin.py:188} INFO - [2026-03-18T00:54:14.835+0530] {dag.py:3834} INFO - Setting next_dagrun for example_weekday_branch_operator to 2026-03-16 00:00:00+00:00, run_after=2026-03-17 00:00:00+00:00
[2026-03-18T00:54:14.858+0530] {processor.py:183} INFO - Processing /Users/vybhavswaroop/Desktop/untitled folder 3/ecommerce_platform/venv/lib/python3.11/site-packages/airflow/example_dags/example_branch_day_of_week_operator.py took 0.159 seconds
[2026-03-18T01:01:55.109+0530] {processor.py:161} INFO - Started process (PID=26779) to work on /Users/vybhavswaroop/Desktop/untitled folder 3/ecommerce_platform/venv/lib/python3.11/site-packages/airflow/example_dags/example_branch_day_of_week_operator.py
[2026-03-18T01:01:55.111+0530] {processor.py:830} INFO - Processing file /Users/vybhavswaroop/Desktop/untitled folder 3/ecommerce_platform/venv/lib/python3.11/site-packages/airflow/example_dags/example_branch_day_of_week_operator.py for tasks to queue
[2026-03-18T01:01:55.111+0530] {logging_mixin.py:188} INFO - [2026-03-18T01:01:55.111+0530] {dagbag.py:540} INFO - Filling up the DagBag from /Users/vybhavswaroop/Desktop/untitled folder 3/ecommerce_platform/venv/lib/python3.11/site-packages/airflow/example_dags/example_branch_day_of_week_operator.py
[2026-03-18T01:01:55.119+0530] {processor.py:840} INFO - DAG(s) 'example_weekday_branch_operator' retrieved from /Users/vybhavswaroop/Desktop/untitled folder 3/ecommerce_platform/venv/lib/python3.11/site-packages/airflow/example_dags/example_branch_day_of_week_operator.py
[2026-03-18T01:01:55.201+0530] {logging_mixin.py:188} INFO - [2026-03-18T01:01:55.200+0530] {dag.py:3047} INFO - Sync 1 DAGs
[2026-03-18T01:01:55.214+0530] {logging_mixin.py:188} INFO - [2026-03-18T01:01:55.214+0530] {dag.py:3834} INFO - Setting next_dagrun for example_weekday_branch_operator to 2026-03-16 00:00:00+00:00, run_after=2026-03-17 00:00:00+00:00
[2026-03-18T01:01:55.229+0530] {processor.py:183} INFO - Processing /Users/vybhavswaroop/Desktop/untitled folder 3/ecommerce_platform/venv/lib/python3.11/site-packages/airflow/example_dags/example_branch_day_of_week_operator.py took 0.120 seconds
[2026-03-18T01:07:22.660+0530] {processor.py:161} INFO - Started process (PID=30071) to work on /Users/vybhavswaroop/Desktop/untitled folder 3/ecommerce_platform/venv/lib/python3.11/site-packages/airflow/example_dags/example_branch_day_of_week_operator.py
[2026-03-18T01:07:22.662+0530] {processor.py:830} INFO - Processing file /Users/vybhavswaroop/Desktop/untitled folder 3/ecommerce_platform/venv/lib/python3.11/site-packages/airflow/example_dags/example_branch_day_of_week_operator.py for tasks to queue
[2026-03-18T01:07:22.662+0530] {logging_mixin.py:188} INFO - [2026-03-18T01:07:22.662+0530] {dagbag.py:540} INFO - Filling up the DagBag from /Users/vybhavswaroop/Desktop/untitled folder 3/ecommerce_platform/venv/lib/python3.11/site-packages/airflow/example_dags/example_branch_day_of_week_operator.py
[2026-03-18T01:07:22.669+0530] {processor.py:840} INFO - DAG(s) 'example_weekday_branch_operator' retrieved from /Users/vybhavswaroop/Desktop/untitled folder 3/ecommerce_platform/venv/lib/python3.11/site-packages/airflow/example_dags/example_branch_day_of_week_operator.py
[2026-03-18T01:07:22.729+0530] {logging_mixin.py:188} INFO - [2026-03-18T01:07:22.729+0530] {dag.py:3047} INFO - Sync 1 DAGs
[2026-03-18T01:07:22.740+0530] {logging_mixin.py:188} INFO - [2026-03-18T01:07:22.739+0530] {dag.py:3834} INFO - Setting next_dagrun for example_weekday_branch_operator to 2026-03-16 00:00:00+00:00, run_after=2026-03-17 00:00:00+00:00
[2026-03-18T01:07:22.752+0530] {processor.py:183} INFO - Processing /Users/vybhavswaroop/Desktop/untitled folder 3/ecommerce_platform/venv/lib/python3.11/site-packages/airflow/example_dags/example_branch_day_of_week_operator.py took 0.092 seconds
[2026-03-18T01:13:00.288+0530] {processor.py:161} INFO - Started process (PID=33344) to work on /Users/vybhavswaroop/Desktop/untitled folder 3/ecommerce_platform/venv/lib/python3.11/site-packages/airflow/example_dags/example_branch_day_of_week_operator.py
[2026-03-18T01:13:00.290+0530] {processor.py:830} INFO - Processing file /Users/vybhavswaroop/Desktop/untitled folder 3/ecommerce_platform/venv/lib/python3.11/site-packages/airflow/example_dags/example_branch_day_of_week_operator.py for tasks to queue
[2026-03-18T01:13:00.291+0530] {logging_mixin.py:188} INFO - [2026-03-18T01:13:00.290+0530] {dagbag.py:540} INFO - Filling up the DagBag from /Users/vybhavswaroop/Desktop/untitled folder 3/ecommerce_platform/venv/lib/python3.11/site-packages/airflow/example_dags/example_branch_day_of_week_operator.py
[2026-03-18T01:13:00.298+0530] {processor.py:840} INFO - DAG(s) 'example_weekday_branch_operator' retrieved from /Users/vybhavswaroop/Desktop/untitled folder 3/ecommerce_platform/venv/lib/python3.11/site-packages/airflow/example_dags/example_branch_day_of_week_operator.py
[2026-03-18T01:13:00.363+0530] {logging_mixin.py:188} INFO - [2026-03-18T01:13:00.363+0530] {dag.py:3047} INFO - Sync 1 DAGs
[2026-03-18T01:13:00.374+0530] {logging_mixin.py:188} INFO - [2026-03-18T01:13:00.373+0530] {dag.py:3834} INFO - Setting next_dagrun for example_weekday_branch_operator to 2026-03-16 00:00:00+00:00, run_after=2026-03-17 00:00:00+00:00
[2026-03-18T01:13:00.385+0530] {processor.py:183} INFO - Processing /Users/vybhavswaroop/Desktop/untitled folder 3/ecommerce_platform/venv/lib/python3.11/site-packages/airflow/example_dags/example_branch_day_of_week_operator.py took 0.097 seconds
[2026-03-18T01:18:14.495+0530] {processor.py:161} INFO - Started process (PID=36564) to work on /Users/vybhavswaroop/Desktop/untitled folder 3/ecommerce_platform/venv/lib/python3.11/site-packages/airflow/example_dags/example_branch_day_of_week_operator.py
[2026-03-18T01:18:14.496+0530] {processor.py:830} INFO - Processing file /Users/vybhavswaroop/Desktop/untitled folder 3/ecommerce_platform/venv/lib/python3.11/site-packages/airflow/example_dags/example_branch_day_of_week_operator.py for tasks to queue
[2026-03-18T01:18:14.496+0530] {logging_mixin.py:188} INFO - [2026-03-18T01:18:14.496+0530] {dagbag.py:540} INFO - Filling up the DagBag from /Users/vybhavswaroop/Desktop/untitled folder 3/ecommerce_platform/venv/lib/python3.11/site-packages/airflow/example_dags/example_branch_day_of_week_operator.py
[2026-03-18T01:18:14.504+0530] {processor.py:840} INFO - DAG(s) 'example_weekday_branch_operator' retrieved from /Users/vybhavswaroop/Desktop/untitled folder 3/ecommerce_platform/venv/lib/python3.11/site-packages/airflow/example_dags/example_branch_day_of_week_operator.py
[2026-03-18T01:18:14.577+0530] {logging_mixin.py:188} INFO - [2026-03-18T01:18:14.577+0530] {dag.py:3047} INFO - Sync 1 DAGs
[2026-03-18T01:18:14.589+0530] {logging_mixin.py:188} INFO - [2026-03-18T01:18:14.589+0530] {dag.py:3834} INFO - Setting next_dagrun for example_weekday_branch_operator to 2026-03-16 00:00:00+00:00, run_after=2026-03-17 00:00:00+00:00
[2026-03-18T01:18:14.603+0530] {processor.py:183} INFO - Processing /Users/vybhavswaroop/Desktop/untitled folder 3/ecommerce_platform/venv/lib/python3.11/site-packages/airflow/example_dags/example_branch_day_of_week_operator.py took 0.109 seconds
[2026-03-18T01:23:24.440+0530] {processor.py:161} INFO - Started process (PID=39778) to work on /Users/vybhavswaroop/Desktop/untitled folder 3/ecommerce_platform/venv/lib/python3.11/site-packages/airflow/example_dags/example_branch_day_of_week_operator.py
[2026-03-18T01:23:24.442+0530] {processor.py:830} INFO - Processing file /Users/vybhavswaroop/Desktop/untitled folder 3/ecommerce_platform/venv/lib/python3.11/site-packages/airflow/example_dags/example_branch_day_of_week_operator.py for tasks to queue
[2026-03-18T01:23:24.442+0530] {logging_mixin.py:188} INFO - [2026-03-18T01:23:24.442+0530] {dagbag.py:540} INFO - Filling up the DagBag from /Users/vybhavswaroop/Desktop/untitled folder 3/ecommerce_platform/venv/lib/python3.11/site-packages/airflow/example_dags/example_branch_day_of_week_operator.py
[2026-03-18T01:23:24.449+0530] {processor.py:840} INFO - DAG(s) 'example_weekday_branch_operator' retrieved from /Users/vybhavswaroop/Desktop/untitled folder 3/ecommerce_platform/venv/lib/python3.11/site-packages/airflow/example_dags/example_branch_day_of_week_operator.py
[2026-03-18T01:23:24.511+0530] {logging_mixin.py:188} INFO - [2026-03-18T01:23:24.510+0530] {dag.py:3047} INFO - Sync 1 DAGs
[2026-03-18T01:23:24.521+0530] {logging_mixin.py:188} INFO - [2026-03-18T01:23:24.521+0530] {dag.py:3834} INFO - Setting next_dagrun for example_weekday_branch_operator to 2026-03-16 00:00:00+00:00, run_after=2026-03-17 00:00:00+00:00
[2026-03-18T01:23:24.534+0530] {processor.py:183} INFO - Processing /Users/vybhavswaroop/Desktop/untitled folder 3/ecommerce_platform/venv/lib/python3.11/site-packages/airflow/example_dags/example_branch_day_of_week_operator.py took 0.094 seconds
[2026-03-18T01:28:20.591+0530] {processor.py:161} INFO - Started process (PID=42963) to work on /Users/vybhavswaroop/Desktop/untitled folder 3/ecommerce_platform/venv/lib/python3.11/site-packages/airflow/example_dags/example_branch_day_of_week_operator.py
[2026-03-18T01:28:20.592+0530] {processor.py:830} INFO - Processing file /Users/vybhavswaroop/Desktop/untitled folder 3/ecommerce_platform/venv/lib/python3.11/site-packages/airflow/example_dags/example_branch_day_of_week_operator.py for tasks to queue
[2026-03-18T01:28:20.593+0530] {logging_mixin.py:188} INFO - [2026-03-18T01:28:20.592+0530] {dagbag.py:540} INFO - Filling up the DagBag from /Users/vybhavswaroop/Desktop/untitled folder 3/ecommerce_platform/venv/lib/python3.11/site-packages/airflow/example_dags/example_branch_day_of_week_operator.py
[2026-03-18T01:28:20.600+0530] {processor.py:840} INFO - DAG(s) 'example_weekday_branch_operator' retrieved from /Users/vybhavswaroop/Desktop/untitled folder 3/ecommerce_platform/venv/lib/python3.11/site-packages/airflow/example_dags/example_branch_day_of_week_operator.py
[2026-03-18T01:28:20.664+0530] {logging_mixin.py:188} INFO - [2026-03-18T01:28:20.663+0530] {dag.py:3047} INFO - Sync 1 DAGs
[2026-03-18T01:28:20.674+0530] {logging_mixin.py:188} INFO - [2026-03-18T01:28:20.674+0530] {dag.py:3834} INFO - Setting next_dagrun for example_weekday_branch_operator to 2026-03-16 00:00:00+00:00, run_after=2026-03-17 00:00:00+00:00
[2026-03-18T01:28:20.685+0530] {processor.py:183} INFO - Processing /Users/vybhavswaroop/Desktop/untitled folder 3/ecommerce_platform/venv/lib/python3.11/site-packages/airflow/example_dags/example_branch_day_of_week_operator.py took 0.095 seconds
[2026-03-18T01:33:21.044+0530] {processor.py:161} INFO - Started process (PID=46117) to work on /Users/vybhavswaroop/Desktop/untitled folder 3/ecommerce_platform/venv/lib/python3.11/site-packages/airflow/example_dags/example_branch_day_of_week_operator.py
[2026-03-18T01:33:21.045+0530] {processor.py:830} INFO - Processing file /Users/vybhavswaroop/Desktop/untitled folder 3/ecommerce_platform/venv/lib/python3.11/site-packages/airflow/example_dags/example_branch_day_of_week_operator.py for tasks to queue
[2026-03-18T01:33:21.046+0530] {logging_mixin.py:188} INFO - [2026-03-18T01:33:21.046+0530] {dagbag.py:540} INFO - Filling up the DagBag from /Users/vybhavswaroop/Desktop/untitled folder 3/ecommerce_platform/venv/lib/python3.11/site-packages/airflow/example_dags/example_branch_day_of_week_operator.py
[2026-03-18T01:33:21.053+0530] {processor.py:840} INFO - DAG(s) 'example_weekday_branch_operator' retrieved from /Users/vybhavswaroop/Desktop/untitled folder 3/ecommerce_platform/venv/lib/python3.11/site-packages/airflow/example_dags/example_branch_day_of_week_operator.py
[2026-03-18T01:33:21.118+0530] {logging_mixin.py:188} INFO - [2026-03-18T01:33:21.117+0530] {dag.py:3047} INFO - Sync 1 DAGs
[2026-03-18T01:33:21.128+0530] {logging_mixin.py:188} INFO - [2026-03-18T01:33:21.128+0530] {dag.py:3834} INFO - Setting next_dagrun for example_weekday_branch_operator to 2026-03-16 00:00:00+00:00, run_after=2026-03-17 00:00:00+00:00
[2026-03-18T01:33:21.140+0530] {processor.py:183} INFO - Processing /Users/vybhavswaroop/Desktop/untitled folder 3/ecommerce_platform/venv/lib/python3.11/site-packages/airflow/example_dags/example_branch_day_of_week_operator.py took 0.097 seconds
[2026-03-18T01:38:21.899+0530] {processor.py:161} INFO - Started process (PID=49266) to work on /Users/vybhavswaroop/Desktop/untitled folder 3/ecommerce_platform/venv/lib/python3.11/site-packages/airflow/example_dags/example_branch_day_of_week_operator.py
[2026-03-18T01:38:21.901+0530] {processor.py:830} INFO - Processing file /Users/vybhavswaroop/Desktop/untitled folder 3/ecommerce_platform/venv/lib/python3.11/site-packages/airflow/example_dags/example_branch_day_of_week_operator.py for tasks to queue
[2026-03-18T01:38:21.901+0530] {logging_mixin.py:188} INFO - [2026-03-18T01:38:21.901+0530] {dagbag.py:540} INFO - Filling up the DagBag from /Users/vybhavswaroop/Desktop/untitled folder 3/ecommerce_platform/venv/lib/python3.11/site-packages/airflow/example_dags/example_branch_day_of_week_operator.py
[2026-03-18T01:38:21.912+0530] {processor.py:840} INFO - DAG(s) 'example_weekday_branch_operator' retrieved from /Users/vybhavswaroop/Desktop/untitled folder 3/ecommerce_platform/venv/lib/python3.11/site-packages/airflow/example_dags/example_branch_day_of_week_operator.py
[2026-03-18T01:38:21.997+0530] {logging_mixin.py:188} INFO - [2026-03-18T01:38:21.997+0530] {dag.py:3047} INFO - Sync 1 DAGs
[2026-03-18T01:38:22.012+0530] {logging_mixin.py:188} INFO - [2026-03-18T01:38:22.012+0530] {dag.py:3834} INFO - Setting next_dagrun for example_weekday_branch_operator to 2026-03-16 00:00:00+00:00, run_after=2026-03-17 00:00:00+00:00
[2026-03-18T01:38:22.028+0530] {processor.py:183} INFO - Processing /Users/vybhavswaroop/Desktop/untitled folder 3/ecommerce_platform/venv/lib/python3.11/site-packages/airflow/example_dags/example_branch_day_of_week_operator.py took 0.130 seconds
[2026-03-18T01:44:04.198+0530] {processor.py:161} INFO - Started process (PID=52380) to work on /Users/vybhavswaroop/Desktop/untitled folder 3/ecommerce_platform/venv/lib/python3.11/site-packages/airflow/example_dags/example_branch_day_of_week_operator.py
[2026-03-18T01:44:04.200+0530] {processor.py:830} INFO - Processing file /Users/vybhavswaroop/Desktop/untitled folder 3/ecommerce_platform/venv/lib/python3.11/site-packages/airflow/example_dags/example_branch_day_of_week_operator.py for tasks to queue
[2026-03-18T01:44:04.200+0530] {logging_mixin.py:188} INFO - [2026-03-18T01:44:04.200+0530] {dagbag.py:540} INFO - Filling up the DagBag from /Users/vybhavswaroop/Desktop/untitled folder 3/ecommerce_platform/venv/lib/python3.11/site-packages/airflow/example_dags/example_branch_day_of_week_operator.py
[2026-03-18T01:44:04.208+0530] {processor.py:840} INFO - DAG(s) 'example_weekday_branch_operator' retrieved from /Users/vybhavswaroop/Desktop/untitled folder 3/ecommerce_platform/venv/lib/python3.11/site-packages/airflow/example_dags/example_branch_day_of_week_operator.py
[2026-03-18T01:44:04.290+0530] {logging_mixin.py:188} INFO - [2026-03-18T01:44:04.290+0530] {dag.py:3047} INFO - Sync 1 DAGs
[2026-03-18T01:44:04.304+0530] {logging_mixin.py:188} INFO - [2026-03-18T01:44:04.304+0530] {dag.py:3834} INFO - Setting next_dagrun for example_weekday_branch_operator to 2026-03-16 00:00:00+00:00, run_after=2026-03-17 00:00:00+00:00
[2026-03-18T01:44:04.321+0530] {processor.py:183} INFO - Processing /Users/vybhavswaroop/Desktop/untitled folder 3/ecommerce_platform/venv/lib/python3.11/site-packages/airflow/example_dags/example_branch_day_of_week_operator.py took 0.123 seconds
[2026-03-18T01:49:44.539+0530] {processor.py:161} INFO - Started process (PID=55439) to work on /Users/vybhavswaroop/Desktop/untitled folder 3/ecommerce_platform/venv/lib/python3.11/site-packages/airflow/example_dags/example_branch_day_of_week_operator.py
[2026-03-18T01:49:44.541+0530] {processor.py:830} INFO - Processing file /Users/vybhavswaroop/Desktop/untitled folder 3/ecommerce_platform/venv/lib/python3.11/site-packages/airflow/example_dags/example_branch_day_of_week_operator.py for tasks to queue
[2026-03-18T01:49:44.541+0530] {logging_mixin.py:188} INFO - [2026-03-18T01:49:44.541+0530] {dagbag.py:540} INFO - Filling up the DagBag from /Users/vybhavswaroop/Desktop/untitled folder 3/ecommerce_platform/venv/lib/python3.11/site-packages/airflow/example_dags/example_branch_day_of_week_operator.py
[2026-03-18T01:49:44.549+0530] {processor.py:840} INFO - DAG(s) 'example_weekday_branch_operator' retrieved from /Users/vybhavswaroop/Desktop/untitled folder 3/ecommerce_platform/venv/lib/python3.11/site-packages/airflow/example_dags/example_branch_day_of_week_operator.py
[2026-03-18T01:49:44.634+0530] {logging_mixin.py:188} INFO - [2026-03-18T01:49:44.633+0530] {dag.py:3047} INFO - Sync 1 DAGs
[2026-03-18T01:49:44.648+0530] {logging_mixin.py:188} INFO - [2026-03-18T01:49:44.647+0530] {dag.py:3834} INFO - Setting next_dagrun for example_weekday_branch_operator to 2026-03-16 00:00:00+00:00, run_after=2026-03-17 00:00:00+00:00
[2026-03-18T01:49:44.663+0530] {processor.py:183} INFO - Processing /Users/vybhavswaroop/Desktop/untitled folder 3/ecommerce_platform/venv/lib/python3.11/site-packages/airflow/example_dags/example_branch_day_of_week_operator.py took 0.124 seconds
[2026-03-18T01:55:28.733+0530] {processor.py:161} INFO - Started process (PID=58568) to work on /Users/vybhavswaroop/Desktop/untitled folder 3/ecommerce_platform/venv/lib/python3.11/site-packages/airflow/example_dags/example_branch_day_of_week_operator.py
[2026-03-18T01:55:28.734+0530] {processor.py:830} INFO - Processing file /Users/vybhavswaroop/Desktop/untitled folder 3/ecommerce_platform/venv/lib/python3.11/site-packages/airflow/example_dags/example_branch_day_of_week_operator.py for tasks to queue
[2026-03-18T01:55:28.735+0530] {logging_mixin.py:188} INFO - [2026-03-18T01:55:28.735+0530] {dagbag.py:540} INFO - Filling up the DagBag from /Users/vybhavswaroop/Desktop/untitled folder 3/ecommerce_platform/venv/lib/python3.11/site-packages/airflow/example_dags/example_branch_day_of_week_operator.py
[2026-03-18T01:55:28.743+0530] {processor.py:840} INFO - DAG(s) 'example_weekday_branch_operator' retrieved from /Users/vybhavswaroop/Desktop/untitled folder 3/ecommerce_platform/venv/lib/python3.11/site-packages/airflow/example_dags/example_branch_day_of_week_operator.py
[2026-03-18T01:55:28.818+0530] {logging_mixin.py:188} INFO - [2026-03-18T01:55:28.818+0530] {dag.py:3047} INFO - Sync 1 DAGs
[2026-03-18T01:55:28.832+0530] {logging_mixin.py:188} INFO - [2026-03-18T01:55:28.832+0530] {dag.py:3834} INFO - Setting next_dagrun for example_weekday_branch_operator to 2026-03-16 00:00:00+00:00, run_after=2026-03-17 00:00:00+00:00
[2026-03-18T01:55:28.846+0530] {processor.py:183} INFO - Processing /Users/vybhavswaroop/Desktop/untitled folder 3/ecommerce_platform/venv/lib/python3.11/site-packages/airflow/example_dags/example_branch_day_of_week_operator.py took 0.113 seconds
[2026-03-18T02:01:04.871+0530] {processor.py:161} INFO - Started process (PID=61664) to work on /Users/vybhavswaroop/Desktop/untitled folder 3/ecommerce_platform/venv/lib/python3.11/site-packages/airflow/example_dags/example_branch_day_of_week_operator.py
[2026-03-18T02:01:04.872+0530] {processor.py:830} INFO - Processing file /Users/vybhavswaroop/Desktop/untitled folder 3/ecommerce_platform/venv/lib/python3.11/site-packages/airflow/example_dags/example_branch_day_of_week_operator.py for tasks to queue
[2026-03-18T02:01:04.873+0530] {logging_mixin.py:188} INFO - [2026-03-18T02:01:04.873+0530] {dagbag.py:540} INFO - Filling up the DagBag from /Users/vybhavswaroop/Desktop/untitled folder 3/ecommerce_platform/venv/lib/python3.11/site-packages/airflow/example_dags/example_branch_day_of_week_operator.py
[2026-03-18T02:01:04.880+0530] {processor.py:840} INFO - DAG(s) 'example_weekday_branch_operator' retrieved from /Users/vybhavswaroop/Desktop/untitled folder 3/ecommerce_platform/venv/lib/python3.11/site-packages/airflow/example_dags/example_branch_day_of_week_operator.py
[2026-03-18T02:01:04.954+0530] {logging_mixin.py:188} INFO - [2026-03-18T02:01:04.954+0530] {dag.py:3047} INFO - Sync 1 DAGs
[2026-03-18T02:01:04.966+0530] {logging_mixin.py:188} INFO - [2026-03-18T02:01:04.966+0530] {dag.py:3834} INFO - Setting next_dagrun for example_weekday_branch_operator to 2026-03-16 00:00:00+00:00, run_after=2026-03-17 00:00:00+00:00
[2026-03-18T02:01:04.979+0530] {processor.py:183} INFO - Processing /Users/vybhavswaroop/Desktop/untitled folder 3/ecommerce_platform/venv/lib/python3.11/site-packages/airflow/example_dags/example_branch_day_of_week_operator.py took 0.109 seconds
[2026-03-18T02:06:31.823+0530] {processor.py:161} INFO - Started process (PID=64836) to work on /Users/vybhavswaroop/Desktop/untitled folder 3/ecommerce_platform/venv/lib/python3.11/site-packages/airflow/example_dags/example_branch_day_of_week_operator.py
[2026-03-18T02:06:31.825+0530] {processor.py:830} INFO - Processing file /Users/vybhavswaroop/Desktop/untitled folder 3/ecommerce_platform/venv/lib/python3.11/site-packages/airflow/example_dags/example_branch_day_of_week_operator.py for tasks to queue
[2026-03-18T02:06:31.825+0530] {logging_mixin.py:188} INFO - [2026-03-18T02:06:31.825+0530] {dagbag.py:540} INFO - Filling up the DagBag from /Users/vybhavswaroop/Desktop/untitled folder 3/ecommerce_platform/venv/lib/python3.11/site-packages/airflow/example_dags/example_branch_day_of_week_operator.py
[2026-03-18T02:06:31.832+0530] {processor.py:840} INFO - DAG(s) 'example_weekday_branch_operator' retrieved from /Users/vybhavswaroop/Desktop/untitled folder 3/ecommerce_platform/venv/lib/python3.11/site-packages/airflow/example_dags/example_branch_day_of_week_operator.py
[2026-03-18T02:06:31.888+0530] {logging_mixin.py:188} INFO - [2026-03-18T02:06:31.888+0530] {dag.py:3047} INFO - Sync 1 DAGs
[2026-03-18T02:06:31.898+0530] {logging_mixin.py:188} INFO - [2026-03-18T02:06:31.897+0530] {dag.py:3834} INFO - Setting next_dagrun for example_weekday_branch_operator to 2026-03-16 00:00:00+00:00, run_after=2026-03-17 00:00:00+00:00
[2026-03-18T02:06:31.907+0530] {processor.py:183} INFO - Processing /Users/vybhavswaroop/Desktop/untitled folder 3/ecommerce_platform/venv/lib/python3.11/site-packages/airflow/example_dags/example_branch_day_of_week_operator.py took 0.085 seconds
[2026-03-18T02:11:10.850+0530] {processor.py:161} INFO - Started process (PID=68100) to work on /Users/vybhavswaroop/Desktop/untitled folder 3/ecommerce_platform/venv/lib/python3.11/site-packages/airflow/example_dags/example_branch_day_of_week_operator.py
[2026-03-18T02:11:10.852+0530] {processor.py:830} INFO - Processing file /Users/vybhavswaroop/Desktop/untitled folder 3/ecommerce_platform/venv/lib/python3.11/site-packages/airflow/example_dags/example_branch_day_of_week_operator.py for tasks to queue
[2026-03-18T02:11:10.853+0530] {logging_mixin.py:188} INFO - [2026-03-18T02:11:10.853+0530] {dagbag.py:540} INFO - Filling up the DagBag from /Users/vybhavswaroop/Desktop/untitled folder 3/ecommerce_platform/venv/lib/python3.11/site-packages/airflow/example_dags/example_branch_day_of_week_operator.py
[2026-03-18T02:11:10.860+0530] {processor.py:840} INFO - DAG(s) 'example_weekday_branch_operator' retrieved from /Users/vybhavswaroop/Desktop/untitled folder 3/ecommerce_platform/venv/lib/python3.11/site-packages/airflow/example_dags/example_branch_day_of_week_operator.py
[2026-03-18T02:11:10.928+0530] {logging_mixin.py:188} INFO - [2026-03-18T02:11:10.927+0530] {dag.py:3047} INFO - Sync 1 DAGs
[2026-03-18T02:11:10.939+0530] {logging_mixin.py:188} INFO - [2026-03-18T02:11:10.939+0530] {dag.py:3834} INFO - Setting next_dagrun for example_weekday_branch_operator to 2026-03-16 00:00:00+00:00, run_after=2026-03-17 00:00:00+00:00
[2026-03-18T02:11:10.951+0530] {processor.py:183} INFO - Processing /Users/vybhavswaroop/Desktop/untitled folder 3/ecommerce_platform/venv/lib/python3.11/site-packages/airflow/example_dags/example_branch_day_of_week_operator.py took 0.101 seconds
[2026-03-18T02:16:37.050+0530] {processor.py:161} INFO - Started process (PID=71244) to work on /Users/vybhavswaroop/Desktop/untitled folder 3/ecommerce_platform/venv/lib/python3.11/site-packages/airflow/example_dags/example_branch_day_of_week_operator.py
[2026-03-18T02:16:37.051+0530] {processor.py:830} INFO - Processing file /Users/vybhavswaroop/Desktop/untitled folder 3/ecommerce_platform/venv/lib/python3.11/site-packages/airflow/example_dags/example_branch_day_of_week_operator.py for tasks to queue
[2026-03-18T02:16:37.051+0530] {logging_mixin.py:188} INFO - [2026-03-18T02:16:37.051+0530] {dagbag.py:540} INFO - Filling up the DagBag from /Users/vybhavswaroop/Desktop/untitled folder 3/ecommerce_platform/venv/lib/python3.11/site-packages/airflow/example_dags/example_branch_day_of_week_operator.py
[2026-03-18T02:16:37.059+0530] {processor.py:840} INFO - DAG(s) 'example_weekday_branch_operator' retrieved from /Users/vybhavswaroop/Desktop/untitled folder 3/ecommerce_platform/venv/lib/python3.11/site-packages/airflow/example_dags/example_branch_day_of_week_operator.py
[2026-03-18T02:16:37.130+0530] {logging_mixin.py:188} INFO - [2026-03-18T02:16:37.129+0530] {dag.py:3047} INFO - Sync 1 DAGs
[2026-03-18T02:16:37.143+0530] {logging_mixin.py:188} INFO - [2026-03-18T02:16:37.142+0530] {dag.py:3834} INFO - Setting next_dagrun for example_weekday_branch_operator to 2026-03-16 00:00:00+00:00, run_after=2026-03-17 00:00:00+00:00
[2026-03-18T02:16:37.155+0530] {processor.py:183} INFO - Processing /Users/vybhavswaroop/Desktop/untitled folder 3/ecommerce_platform/venv/lib/python3.11/site-packages/airflow/example_dags/example_branch_day_of_week_operator.py took 0.106 seconds
[2026-03-18T02:22:11.146+0530] {processor.py:161} INFO - Started process (PID=74355) to work on /Users/vybhavswaroop/Desktop/untitled folder 3/ecommerce_platform/venv/lib/python3.11/site-packages/airflow/example_dags/example_branch_day_of_week_operator.py
[2026-03-18T02:22:11.148+0530] {processor.py:830} INFO - Processing file /Users/vybhavswaroop/Desktop/untitled folder 3/ecommerce_platform/venv/lib/python3.11/site-packages/airflow/example_dags/example_branch_day_of_week_operator.py for tasks to queue
[2026-03-18T02:22:11.148+0530] {logging_mixin.py:188} INFO - [2026-03-18T02:22:11.148+0530] {dagbag.py:540} INFO - Filling up the DagBag from /Users/vybhavswaroop/Desktop/untitled folder 3/ecommerce_platform/venv/lib/python3.11/site-packages/airflow/example_dags/example_branch_day_of_week_operator.py
[2026-03-18T02:22:11.156+0530] {processor.py:840} INFO - DAG(s) 'example_weekday_branch_operator' retrieved from /Users/vybhavswaroop/Desktop/untitled folder 3/ecommerce_platform/venv/lib/python3.11/site-packages/airflow/example_dags/example_branch_day_of_week_operator.py
[2026-03-18T02:22:11.231+0530] {logging_mixin.py:188} INFO - [2026-03-18T02:22:11.230+0530] {dag.py:3047} INFO - Sync 1 DAGs
[2026-03-18T02:22:11.242+0530] {logging_mixin.py:188} INFO - [2026-03-18T02:22:11.242+0530] {dag.py:3834} INFO - Setting next_dagrun for example_weekday_branch_operator to 2026-03-16 00:00:00+00:00, run_after=2026-03-17 00:00:00+00:00
[2026-03-18T02:22:11.256+0530] {processor.py:183} INFO - Processing /Users/vybhavswaroop/Desktop/untitled folder 3/ecommerce_platform/venv/lib/python3.11/site-packages/airflow/example_dags/example_branch_day_of_week_operator.py took 0.110 seconds
[2026-03-18T02:27:42.869+0530] {processor.py:161} INFO - Started process (PID=77481) to work on /Users/vybhavswaroop/Desktop/untitled folder 3/ecommerce_platform/venv/lib/python3.11/site-packages/airflow/example_dags/example_branch_day_of_week_operator.py
[2026-03-18T02:27:42.871+0530] {processor.py:830} INFO - Processing file /Users/vybhavswaroop/Desktop/untitled folder 3/ecommerce_platform/venv/lib/python3.11/site-packages/airflow/example_dags/example_branch_day_of_week_operator.py for tasks to queue
[2026-03-18T02:27:42.872+0530] {logging_mixin.py:188} INFO - [2026-03-18T02:27:42.872+0530] {dagbag.py:540} INFO - Filling up the DagBag from /Users/vybhavswaroop/Desktop/untitled folder 3/ecommerce_platform/venv/lib/python3.11/site-packages/airflow/example_dags/example_branch_day_of_week_operator.py
[2026-03-18T02:27:42.879+0530] {processor.py:840} INFO - DAG(s) 'example_weekday_branch_operator' retrieved from /Users/vybhavswaroop/Desktop/untitled folder 3/ecommerce_platform/venv/lib/python3.11/site-packages/airflow/example_dags/example_branch_day_of_week_operator.py
[2026-03-18T02:27:42.951+0530] {logging_mixin.py:188} INFO - [2026-03-18T02:27:42.951+0530] {dag.py:3047} INFO - Sync 1 DAGs
[2026-03-18T02:27:42.963+0530] {logging_mixin.py:188} INFO - [2026-03-18T02:27:42.963+0530] {dag.py:3834} INFO - Setting next_dagrun for example_weekday_branch_operator to 2026-03-16 00:00:00+00:00, run_after=2026-03-17 00:00:00+00:00
[2026-03-18T02:27:42.977+0530] {processor.py:183} INFO - Processing /Users/vybhavswaroop/Desktop/untitled folder 3/ecommerce_platform/venv/lib/python3.11/site-packages/airflow/example_dags/example_branch_day_of_week_operator.py took 0.108 seconds
[2026-03-18T02:33:10.741+0530] {processor.py:161} INFO - Started process (PID=80645) to work on /Users/vybhavswaroop/Desktop/untitled folder 3/ecommerce_platform/venv/lib/python3.11/site-packages/airflow/example_dags/example_branch_day_of_week_operator.py
[2026-03-18T02:33:10.743+0530] {processor.py:830} INFO - Processing file /Users/vybhavswaroop/Desktop/untitled folder 3/ecommerce_platform/venv/lib/python3.11/site-packages/airflow/example_dags/example_branch_day_of_week_operator.py for tasks to queue
[2026-03-18T02:33:10.743+0530] {logging_mixin.py:188} INFO - [2026-03-18T02:33:10.743+0530] {dagbag.py:540} INFO - Filling up the DagBag from /Users/vybhavswaroop/Desktop/untitled folder 3/ecommerce_platform/venv/lib/python3.11/site-packages/airflow/example_dags/example_branch_day_of_week_operator.py
[2026-03-18T02:33:10.752+0530] {processor.py:840} INFO - DAG(s) 'example_weekday_branch_operator' retrieved from /Users/vybhavswaroop/Desktop/untitled folder 3/ecommerce_platform/venv/lib/python3.11/site-packages/airflow/example_dags/example_branch_day_of_week_operator.py
[2026-03-18T02:33:10.835+0530] {logging_mixin.py:188} INFO - [2026-03-18T02:33:10.835+0530] {dag.py:3047} INFO - Sync 1 DAGs
[2026-03-18T02:33:10.847+0530] {logging_mixin.py:188} INFO - [2026-03-18T02:33:10.847+0530] {dag.py:3834} INFO - Setting next_dagrun for example_weekday_branch_operator to 2026-03-16 00:00:00+00:00, run_after=2026-03-17 00:00:00+00:00
[2026-03-18T02:33:10.860+0530] {processor.py:183} INFO - Processing /Users/vybhavswaroop/Desktop/untitled folder 3/ecommerce_platform/venv/lib/python3.11/site-packages/airflow/example_dags/example_branch_day_of_week_operator.py took 0.119 seconds
[2026-03-18T02:38:36.047+0530] {processor.py:161} INFO - Started process (PID=83766) to work on /Users/vybhavswaroop/Desktop/untitled folder 3/ecommerce_platform/venv/lib/python3.11/site-packages/airflow/example_dags/example_branch_day_of_week_operator.py
[2026-03-18T02:38:36.049+0530] {processor.py:830} INFO - Processing file /Users/vybhavswaroop/Desktop/untitled folder 3/ecommerce_platform/venv/lib/python3.11/site-packages/airflow/example_dags/example_branch_day_of_week_operator.py for tasks to queue
[2026-03-18T02:38:36.049+0530] {logging_mixin.py:188} INFO - [2026-03-18T02:38:36.049+0530] {dagbag.py:540} INFO - Filling up the DagBag from /Users/vybhavswaroop/Desktop/untitled folder 3/ecommerce_platform/venv/lib/python3.11/site-packages/airflow/example_dags/example_branch_day_of_week_operator.py
[2026-03-18T02:38:36.057+0530] {processor.py:840} INFO - DAG(s) 'example_weekday_branch_operator' retrieved from /Users/vybhavswaroop/Desktop/untitled folder 3/ecommerce_platform/venv/lib/python3.11/site-packages/airflow/example_dags/example_branch_day_of_week_operator.py
[2026-03-18T02:38:36.126+0530] {logging_mixin.py:188} INFO - [2026-03-18T02:38:36.125+0530] {dag.py:3047} INFO - Sync 1 DAGs
[2026-03-18T02:38:36.138+0530] {logging_mixin.py:188} INFO - [2026-03-18T02:38:36.137+0530] {dag.py:3834} INFO - Setting next_dagrun for example_weekday_branch_operator to 2026-03-16 00:00:00+00:00, run_after=2026-03-17 00:00:00+00:00
[2026-03-18T02:38:36.150+0530] {processor.py:183} INFO - Processing /Users/vybhavswaroop/Desktop/untitled folder 3/ecommerce_platform/venv/lib/python3.11/site-packages/airflow/example_dags/example_branch_day_of_week_operator.py took 0.104 seconds
[2026-03-18T02:43:56.905+0530] {processor.py:161} INFO - Started process (PID=86927) to work on /Users/vybhavswaroop/Desktop/untitled folder 3/ecommerce_platform/venv/lib/python3.11/site-packages/airflow/example_dags/example_branch_day_of_week_operator.py
[2026-03-18T02:43:56.907+0530] {processor.py:830} INFO - Processing file /Users/vybhavswaroop/Desktop/untitled folder 3/ecommerce_platform/venv/lib/python3.11/site-packages/airflow/example_dags/example_branch_day_of_week_operator.py for tasks to queue
[2026-03-18T02:43:56.907+0530] {logging_mixin.py:188} INFO - [2026-03-18T02:43:56.907+0530] {dagbag.py:540} INFO - Filling up the DagBag from /Users/vybhavswaroop/Desktop/untitled folder 3/ecommerce_platform/venv/lib/python3.11/site-packages/airflow/example_dags/example_branch_day_of_week_operator.py
[2026-03-18T02:43:56.913+0530] {processor.py:840} INFO - DAG(s) 'example_weekday_branch_operator' retrieved from /Users/vybhavswaroop/Desktop/untitled folder 3/ecommerce_platform/venv/lib/python3.11/site-packages/airflow/example_dags/example_branch_day_of_week_operator.py
[2026-03-18T02:43:56.968+0530] {logging_mixin.py:188} INFO - [2026-03-18T02:43:56.968+0530] {dag.py:3047} INFO - Sync 1 DAGs
[2026-03-18T02:43:56.977+0530] {logging_mixin.py:188} INFO - [2026-03-18T02:43:56.977+0530] {dag.py:3834} INFO - Setting next_dagrun for example_weekday_branch_operator to 2026-03-16 00:00:00+00:00, run_after=2026-03-17 00:00:00+00:00
[2026-03-18T02:43:56.987+0530] {processor.py:183} INFO - Processing /Users/vybhavswaroop/Desktop/untitled folder 3/ecommerce_platform/venv/lib/python3.11/site-packages/airflow/example_dags/example_branch_day_of_week_operator.py took 0.083 seconds
[2026-03-18T02:48:49.702+0530] {processor.py:161} INFO - Started process (PID=90178) to work on /Users/vybhavswaroop/Desktop/untitled folder 3/ecommerce_platform/venv/lib/python3.11/site-packages/airflow/example_dags/example_branch_day_of_week_operator.py
[2026-03-18T02:48:49.704+0530] {processor.py:830} INFO - Processing file /Users/vybhavswaroop/Desktop/untitled folder 3/ecommerce_platform/venv/lib/python3.11/site-packages/airflow/example_dags/example_branch_day_of_week_operator.py for tasks to queue
[2026-03-18T02:48:49.704+0530] {logging_mixin.py:188} INFO - [2026-03-18T02:48:49.704+0530] {dagbag.py:540} INFO - Filling up the DagBag from /Users/vybhavswaroop/Desktop/untitled folder 3/ecommerce_platform/venv/lib/python3.11/site-packages/airflow/example_dags/example_branch_day_of_week_operator.py
[2026-03-18T02:48:49.710+0530] {processor.py:840} INFO - DAG(s) 'example_weekday_branch_operator' retrieved from /Users/vybhavswaroop/Desktop/untitled folder 3/ecommerce_platform/venv/lib/python3.11/site-packages/airflow/example_dags/example_branch_day_of_week_operator.py
[2026-03-18T02:48:49.762+0530] {logging_mixin.py:188} INFO - [2026-03-18T02:48:49.762+0530] {dag.py:3047} INFO - Sync 1 DAGs
[2026-03-18T02:48:49.771+0530] {logging_mixin.py:188} INFO - [2026-03-18T02:48:49.770+0530] {dag.py:3834} INFO - Setting next_dagrun for example_weekday_branch_operator to 2026-03-16 00:00:00+00:00, run_after=2026-03-17 00:00:00+00:00
[2026-03-18T02:48:49.780+0530] {processor.py:183} INFO - Processing /Users/vybhavswaroop/Desktop/untitled folder 3/ecommerce_platform/venv/lib/python3.11/site-packages/airflow/example_dags/example_branch_day_of_week_operator.py took 0.078 seconds
[2026-03-18T02:53:24.308+0530] {processor.py:161} INFO - Started process (PID=93508) to work on /Users/vybhavswaroop/Desktop/untitled folder 3/ecommerce_platform/venv/lib/python3.11/site-packages/airflow/example_dags/example_branch_day_of_week_operator.py
[2026-03-18T02:53:24.309+0530] {processor.py:830} INFO - Processing file /Users/vybhavswaroop/Desktop/untitled folder 3/ecommerce_platform/venv/lib/python3.11/site-packages/airflow/example_dags/example_branch_day_of_week_operator.py for tasks to queue
[2026-03-18T02:53:24.309+0530] {logging_mixin.py:188} INFO - [2026-03-18T02:53:24.309+0530] {dagbag.py:540} INFO - Filling up the DagBag from /Users/vybhavswaroop/Desktop/untitled folder 3/ecommerce_platform/venv/lib/python3.11/site-packages/airflow/example_dags/example_branch_day_of_week_operator.py
[2026-03-18T02:53:24.315+0530] {processor.py:840} INFO - DAG(s) 'example_weekday_branch_operator' retrieved from /Users/vybhavswaroop/Desktop/untitled folder 3/ecommerce_platform/venv/lib/python3.11/site-packages/airflow/example_dags/example_branch_day_of_week_operator.py
[2026-03-18T02:53:24.368+0530] {logging_mixin.py:188} INFO - [2026-03-18T02:53:24.368+0530] {dag.py:3047} INFO - Sync 1 DAGs
[2026-03-18T02:53:24.377+0530] {logging_mixin.py:188} INFO - [2026-03-18T02:53:24.376+0530] {dag.py:3834} INFO - Setting next_dagrun for example_weekday_branch_operator to 2026-03-16 00:00:00+00:00, run_after=2026-03-17 00:00:00+00:00
[2026-03-18T02:53:24.386+0530] {processor.py:183} INFO - Processing /Users/vybhavswaroop/Desktop/untitled folder 3/ecommerce_platform/venv/lib/python3.11/site-packages/airflow/example_dags/example_branch_day_of_week_operator.py took 0.079 seconds
[2026-03-18T05:15:24.898+0530] {processor.py:161} INFO - Started process (PID=96712) to work on /Users/vybhavswaroop/Desktop/untitled folder 3/ecommerce_platform/venv/lib/python3.11/site-packages/airflow/example_dags/example_branch_day_of_week_operator.py
[2026-03-18T05:15:24.899+0530] {processor.py:830} INFO - Processing file /Users/vybhavswaroop/Desktop/untitled folder 3/ecommerce_platform/venv/lib/python3.11/site-packages/airflow/example_dags/example_branch_day_of_week_operator.py for tasks to queue
[2026-03-18T05:15:24.899+0530] {logging_mixin.py:188} INFO - [2026-03-18T05:15:24.899+0530] {dagbag.py:540} INFO - Filling up the DagBag from /Users/vybhavswaroop/Desktop/untitled folder 3/ecommerce_platform/venv/lib/python3.11/site-packages/airflow/example_dags/example_branch_day_of_week_operator.py
[2026-03-18T05:15:24.903+0530] {processor.py:840} INFO - DAG(s) 'example_weekday_branch_operator' retrieved from /Users/vybhavswaroop/Desktop/untitled folder 3/ecommerce_platform/venv/lib/python3.11/site-packages/airflow/example_dags/example_branch_day_of_week_operator.py
[2026-03-18T05:15:24.941+0530] {logging_mixin.py:188} INFO - [2026-03-18T05:15:24.941+0530] {dag.py:3047} INFO - Sync 1 DAGs
[2026-03-18T05:15:24.947+0530] {logging_mixin.py:188} INFO - [2026-03-18T05:15:24.947+0530] {dag.py:3834} INFO - Setting next_dagrun for example_weekday_branch_operator to 2026-03-16 00:00:00+00:00, run_after=2026-03-17 00:00:00+00:00
[2026-03-18T05:15:24.954+0530] {processor.py:183} INFO - Processing /Users/vybhavswaroop/Desktop/untitled folder 3/ecommerce_platform/venv/lib/python3.11/site-packages/airflow/example_dags/example_branch_day_of_week_operator.py took 0.057 seconds
