[2026-03-18T00:02:29.000+0530] {processor.py:161} INFO - Started process (PID=88287) to work on /Users/vybhavswaroop/Desktop/untitled folder 3/ecommerce_platform/venv/lib/python3.11/site-packages/airflow/example_dags/example_external_task_marker_dag.py
[2026-03-18T00:02:29.000+0530] {processor.py:830} INFO - Processing file /Users/vybhavswaroop/Desktop/untitled folder 3/ecommerce_platform/venv/lib/python3.11/site-packages/airflow/example_dags/example_external_task_marker_dag.py for tasks to queue
[2026-03-18T00:02:29.001+0530] {logging_mixin.py:188} INFO - [2026-03-18T00:02:29.001+0530] {dagbag.py:540} INFO - Filling up the DagBag from /Users/vybhavswaroop/Desktop/untitled folder 3/ecommerce_platform/venv/lib/python3.11/site-packages/airflow/example_dags/example_external_task_marker_dag.py
[2026-03-18T00:02:29.005+0530] {processor.py:840} INFO - DAG(s) 'example_external_task_marker_child', 'example_external_task_marker_parent' retrieved from /Users/vybhavswaroop/Desktop/untitled folder 3/ecommerce_platform/venv/lib/python3.11/site-packages/airflow/example_dags/example_external_task_marker_dag.py
[2026-03-18T00:02:29.077+0530] {logging_mixin.py:188} INFO - [2026-03-18T00:02:29.077+0530] {override.py:1769} INFO - Created Permission View: can delete on DAG:example_external_task_marker_child
[2026-03-18T00:02:29.080+0530] {logging_mixin.py:188} INFO - [2026-03-18T00:02:29.080+0530] {override.py:1769} INFO - Created Permission View: can edit on DAG:example_external_task_marker_child
[2026-03-18T00:02:29.082+0530] {logging_mixin.py:188} INFO - [2026-03-18T00:02:29.082+0530] {override.py:1769} INFO - Created Permission View: can read on DAG:example_external_task_marker_child
[2026-03-18T00:02:29.085+0530] {logging_mixin.py:188} INFO - [2026-03-18T00:02:29.085+0530] {override.py:1769} INFO - Created Permission View: can delete on DAG:example_external_task_marker_parent
[2026-03-18T00:02:29.087+0530] {logging_mixin.py:188} INFO - [2026-03-18T00:02:29.087+0530] {override.py:1769} INFO - Created Permission View: can edit on DAG:example_external_task_marker_parent
[2026-03-18T00:02:29.088+0530] {logging_mixin.py:188} INFO - [2026-03-18T00:02:29.088+0530] {override.py:1769} INFO - Created Permission View: can read on DAG:example_external_task_marker_parent
[2026-03-18T00:02:29.088+0530] {logging_mixin.py:188} INFO - [2026-03-18T00:02:29.088+0530] {dag.py:3047} INFO - Sync 2 DAGs
[2026-03-18T00:02:29.091+0530] {logging_mixin.py:188} INFO - [2026-03-18T00:02:29.091+0530] {dag.py:3069} INFO - Creating ORM DAG for example_external_task_marker_child
[2026-03-18T00:02:29.092+0530] {logging_mixin.py:188} INFO - [2026-03-18T00:02:29.091+0530] {dag.py:3069} INFO - Creating ORM DAG for example_external_task_marker_parent
[2026-03-18T00:02:29.092+0530] {logging_mixin.py:188} INFO - [2026-03-18T00:02:29.092+0530] {dag.py:3834} INFO - Setting next_dagrun for example_external_task_marker_child to None, run_after=None
[2026-03-18T00:02:29.092+0530] {logging_mixin.py:188} INFO - [2026-03-18T00:02:29.092+0530] {dag.py:3834} INFO - Setting next_dagrun for example_external_task_marker_parent to None, run_after=None
[2026-03-18T00:02:29.098+0530] {processor.py:183} INFO - Processing /Users/vybhavswaroop/Desktop/untitled folder 3/ecommerce_platform/venv/lib/python3.11/site-packages/airflow/example_dags/example_external_task_marker_dag.py took 0.099 seconds
[2026-03-18T00:04:43.560+0530] {processor.py:161} INFO - Started process (PID=90319) to work on /Users/vybhavswaroop/Desktop/untitled folder 3/ecommerce_platform/venv/lib/python3.11/site-packages/airflow/example_dags/example_external_task_marker_dag.py
[2026-03-18T00:04:43.561+0530] {processor.py:830} INFO - Processing file /Users/vybhavswaroop/Desktop/untitled folder 3/ecommerce_platform/venv/lib/python3.11/site-packages/airflow/example_dags/example_external_task_marker_dag.py for tasks to queue
[2026-03-18T00:04:43.561+0530] {logging_mixin.py:188} INFO - [2026-03-18T00:04:43.561+0530] {dagbag.py:540} INFO - Filling up the DagBag from /Users/vybhavswaroop/Desktop/untitled folder 3/ecommerce_platform/venv/lib/python3.11/site-packages/airflow/example_dags/example_external_task_marker_dag.py
[2026-03-18T00:04:43.566+0530] {processor.py:840} INFO - DAG(s) 'example_external_task_marker_parent', 'example_external_task_marker_child' retrieved from /Users/vybhavswaroop/Desktop/untitled folder 3/ecommerce_platform/venv/lib/python3.11/site-packages/airflow/example_dags/example_external_task_marker_dag.py
[2026-03-18T00:04:43.610+0530] {logging_mixin.py:188} INFO - [2026-03-18T00:04:43.610+0530] {dag.py:3047} INFO - Sync 2 DAGs
[2026-03-18T00:04:43.615+0530] {logging_mixin.py:188} INFO - [2026-03-18T00:04:43.614+0530] {dag.py:3834} INFO - Setting next_dagrun for example_external_task_marker_child to None, run_after=None
[2026-03-18T00:04:43.615+0530] {logging_mixin.py:188} INFO - [2026-03-18T00:04:43.615+0530] {dag.py:3834} INFO - Setting next_dagrun for example_external_task_marker_parent to None, run_after=None
[2026-03-18T00:04:43.623+0530] {processor.py:183} INFO - Processing /Users/vybhavswaroop/Desktop/untitled folder 3/ecommerce_platform/venv/lib/python3.11/site-packages/airflow/example_dags/example_external_task_marker_dag.py took 0.063 seconds
[2026-03-18T00:08:29.189+0530] {processor.py:161} INFO - Started process (PID=93529) to work on /Users/vybhavswaroop/Desktop/untitled folder 3/ecommerce_platform/venv/lib/python3.11/site-packages/airflow/example_dags/example_external_task_marker_dag.py
[2026-03-18T00:08:29.190+0530] {processor.py:830} INFO - Processing file /Users/vybhavswaroop/Desktop/untitled folder 3/ecommerce_platform/venv/lib/python3.11/site-packages/airflow/example_dags/example_external_task_marker_dag.py for tasks to queue
[2026-03-18T00:08:29.190+0530] {logging_mixin.py:188} INFO - [2026-03-18T00:08:29.190+0530] {dagbag.py:540} INFO - Filling up the DagBag from /Users/vybhavswaroop/Desktop/untitled folder 3/ecommerce_platform/venv/lib/python3.11/site-packages/airflow/example_dags/example_external_task_marker_dag.py
[2026-03-18T00:08:29.197+0530] {processor.py:840} INFO - DAG(s) 'example_external_task_marker_child', 'example_external_task_marker_parent' retrieved from /Users/vybhavswaroop/Desktop/untitled folder 3/ecommerce_platform/venv/lib/python3.11/site-packages/airflow/example_dags/example_external_task_marker_dag.py
[2026-03-18T00:08:29.252+0530] {logging_mixin.py:188} INFO - [2026-03-18T00:08:29.252+0530] {dag.py:3047} INFO - Sync 2 DAGs
[2026-03-18T00:08:29.256+0530] {logging_mixin.py:188} INFO - [2026-03-18T00:08:29.256+0530] {dag.py:3834} INFO - Setting next_dagrun for example_external_task_marker_child to None, run_after=None
[2026-03-18T00:08:29.257+0530] {logging_mixin.py:188} INFO - [2026-03-18T00:08:29.257+0530] {dag.py:3834} INFO - Setting next_dagrun for example_external_task_marker_parent to None, run_after=None
[2026-03-18T00:08:29.267+0530] {processor.py:183} INFO - Processing /Users/vybhavswaroop/Desktop/untitled folder 3/ecommerce_platform/venv/lib/python3.11/site-packages/airflow/example_dags/example_external_task_marker_dag.py took 0.079 seconds
[2026-03-18T00:13:27.829+0530] {processor.py:161} INFO - Started process (PID=96731) to work on /Users/vybhavswaroop/Desktop/untitled folder 3/ecommerce_platform/venv/lib/python3.11/site-packages/airflow/example_dags/example_external_task_marker_dag.py
[2026-03-18T00:13:27.830+0530] {processor.py:830} INFO - Processing file /Users/vybhavswaroop/Desktop/untitled folder 3/ecommerce_platform/venv/lib/python3.11/site-packages/airflow/example_dags/example_external_task_marker_dag.py for tasks to queue
[2026-03-18T00:13:27.831+0530] {logging_mixin.py:188} INFO - [2026-03-18T00:13:27.831+0530] {dagbag.py:540} INFO - Filling up the DagBag from /Users/vybhavswaroop/Desktop/untitled folder 3/ecommerce_platform/venv/lib/python3.11/site-packages/airflow/example_dags/example_external_task_marker_dag.py
[2026-03-18T00:13:27.840+0530] {processor.py:840} INFO - DAG(s) 'example_external_task_marker_child', 'example_external_task_marker_parent' retrieved from /Users/vybhavswaroop/Desktop/untitled folder 3/ecommerce_platform/venv/lib/python3.11/site-packages/airflow/example_dags/example_external_task_marker_dag.py
[2026-03-18T00:13:27.917+0530] {logging_mixin.py:188} INFO - [2026-03-18T00:13:27.917+0530] {dag.py:3047} INFO - Sync 2 DAGs
[2026-03-18T00:13:27.924+0530] {logging_mixin.py:188} INFO - [2026-03-18T00:13:27.924+0530] {dag.py:3834} INFO - Setting next_dagrun for example_external_task_marker_child to None, run_after=None
[2026-03-18T00:13:27.926+0530] {logging_mixin.py:188} INFO - [2026-03-18T00:13:27.926+0530] {dag.py:3834} INFO - Setting next_dagrun for example_external_task_marker_parent to None, run_after=None
[2026-03-18T00:13:27.939+0530] {processor.py:183} INFO - Processing /Users/vybhavswaroop/Desktop/untitled folder 3/ecommerce_platform/venv/lib/python3.11/site-packages/airflow/example_dags/example_external_task_marker_dag.py took 0.110 seconds
[2026-03-18T00:18:40.746+0530] {processor.py:161} INFO - Started process (PID=99978) to work on /Users/vybhavswaroop/Desktop/untitled folder 3/ecommerce_platform/venv/lib/python3.11/site-packages/airflow/example_dags/example_external_task_marker_dag.py
[2026-03-18T00:18:40.748+0530] {processor.py:830} INFO - Processing file /Users/vybhavswaroop/Desktop/untitled folder 3/ecommerce_platform/venv/lib/python3.11/site-packages/airflow/example_dags/example_external_task_marker_dag.py for tasks to queue
[2026-03-18T00:18:40.748+0530] {logging_mixin.py:188} INFO - [2026-03-18T00:18:40.748+0530] {dagbag.py:540} INFO - Filling up the DagBag from /Users/vybhavswaroop/Desktop/untitled folder 3/ecommerce_platform/venv/lib/python3.11/site-packages/airflow/example_dags/example_external_task_marker_dag.py
[2026-03-18T00:18:40.757+0530] {processor.py:840} INFO - DAG(s) 'example_external_task_marker_child', 'example_external_task_marker_parent' retrieved from /Users/vybhavswaroop/Desktop/untitled folder 3/ecommerce_platform/venv/lib/python3.11/site-packages/airflow/example_dags/example_external_task_marker_dag.py
[2026-03-18T00:18:40.833+0530] {logging_mixin.py:188} INFO - [2026-03-18T00:18:40.833+0530] {dag.py:3047} INFO - Sync 2 DAGs
[2026-03-18T00:18:40.840+0530] {logging_mixin.py:188} INFO - [2026-03-18T00:18:40.840+0530] {dag.py:3834} INFO - Setting next_dagrun for example_external_task_marker_child to None, run_after=None
[2026-03-18T00:18:40.842+0530] {logging_mixin.py:188} INFO - [2026-03-18T00:18:40.842+0530] {dag.py:3834} INFO - Setting next_dagrun for example_external_task_marker_parent to None, run_after=None
[2026-03-18T00:18:40.853+0530] {processor.py:183} INFO - Processing /Users/vybhavswaroop/Desktop/untitled folder 3/ecommerce_platform/venv/lib/python3.11/site-packages/airflow/example_dags/example_external_task_marker_dag.py took 0.107 seconds
[2026-03-18T00:23:58.456+0530] {processor.py:161} INFO - Started process (PID=3847) to work on /Users/vybhavswaroop/Desktop/untitled folder 3/ecommerce_platform/venv/lib/python3.11/site-packages/airflow/example_dags/example_external_task_marker_dag.py
[2026-03-18T00:23:58.457+0530] {processor.py:830} INFO - Processing file /Users/vybhavswaroop/Desktop/untitled folder 3/ecommerce_platform/venv/lib/python3.11/site-packages/airflow/example_dags/example_external_task_marker_dag.py for tasks to queue
[2026-03-18T00:23:58.458+0530] {logging_mixin.py:188} INFO - [2026-03-18T00:23:58.457+0530] {dagbag.py:540} INFO - Filling up the DagBag from /Users/vybhavswaroop/Desktop/untitled folder 3/ecommerce_platform/venv/lib/python3.11/site-packages/airflow/example_dags/example_external_task_marker_dag.py
[2026-03-18T00:23:58.466+0530] {processor.py:840} INFO - DAG(s) 'example_external_task_marker_child', 'example_external_task_marker_parent' retrieved from /Users/vybhavswaroop/Desktop/untitled folder 3/ecommerce_platform/venv/lib/python3.11/site-packages/airflow/example_dags/example_external_task_marker_dag.py
[2026-03-18T00:23:58.536+0530] {logging_mixin.py:188} INFO - [2026-03-18T00:23:58.536+0530] {dag.py:3047} INFO - Sync 2 DAGs
[2026-03-18T00:23:58.542+0530] {logging_mixin.py:188} INFO - [2026-03-18T00:23:58.542+0530] {dag.py:3834} INFO - Setting next_dagrun for example_external_task_marker_child to None, run_after=None
[2026-03-18T00:23:58.544+0530] {logging_mixin.py:188} INFO - [2026-03-18T00:23:58.544+0530] {dag.py:3834} INFO - Setting next_dagrun for example_external_task_marker_parent to None, run_after=None
[2026-03-18T00:23:58.555+0530] {processor.py:183} INFO - Processing /Users/vybhavswaroop/Desktop/untitled folder 3/ecommerce_platform/venv/lib/python3.11/site-packages/airflow/example_dags/example_external_task_marker_dag.py took 0.099 seconds
[2026-03-18T00:29:33.912+0530] {processor.py:161} INFO - Started process (PID=6925) to work on /Users/vybhavswaroop/Desktop/untitled folder 3/ecommerce_platform/venv/lib/python3.11/site-packages/airflow/example_dags/example_external_task_marker_dag.py
[2026-03-18T00:29:33.913+0530] {processor.py:830} INFO - Processing file /Users/vybhavswaroop/Desktop/untitled folder 3/ecommerce_platform/venv/lib/python3.11/site-packages/airflow/example_dags/example_external_task_marker_dag.py for tasks to queue
[2026-03-18T00:29:33.913+0530] {logging_mixin.py:188} INFO - [2026-03-18T00:29:33.913+0530] {dagbag.py:540} INFO - Filling up the DagBag from /Users/vybhavswaroop/Desktop/untitled folder 3/ecommerce_platform/venv/lib/python3.11/site-packages/airflow/example_dags/example_external_task_marker_dag.py
[2026-03-18T00:29:33.921+0530] {processor.py:840} INFO - DAG(s) 'example_external_task_marker_child', 'example_external_task_marker_parent' retrieved from /Users/vybhavswaroop/Desktop/untitled folder 3/ecommerce_platform/venv/lib/python3.11/site-packages/airflow/example_dags/example_external_task_marker_dag.py
[2026-03-18T00:29:33.992+0530] {logging_mixin.py:188} INFO - [2026-03-18T00:29:33.991+0530] {dag.py:3047} INFO - Sync 2 DAGs
[2026-03-18T00:29:33.998+0530] {logging_mixin.py:188} INFO - [2026-03-18T00:29:33.998+0530] {dag.py:3834} INFO - Setting next_dagrun for example_external_task_marker_child to None, run_after=None
[2026-03-18T00:29:34.000+0530] {logging_mixin.py:188} INFO - [2026-03-18T00:29:34.000+0530] {dag.py:3834} INFO - Setting next_dagrun for example_external_task_marker_parent to None, run_after=None
[2026-03-18T00:29:34.012+0530] {processor.py:183} INFO - Processing /Users/vybhavswaroop/Desktop/untitled folder 3/ecommerce_platform/venv/lib/python3.11/site-packages/airflow/example_dags/example_external_task_marker_dag.py took 0.101 seconds
[2026-03-18T00:34:52.200+0530] {processor.py:161} INFO - Started process (PID=10101) to work on /Users/vybhavswaroop/Desktop/untitled folder 3/ecommerce_platform/venv/lib/python3.11/site-packages/airflow/example_dags/example_external_task_marker_dag.py
[2026-03-18T00:34:52.201+0530] {processor.py:830} INFO - Processing file /Users/vybhavswaroop/Desktop/untitled folder 3/ecommerce_platform/venv/lib/python3.11/site-packages/airflow/example_dags/example_external_task_marker_dag.py for tasks to queue
[2026-03-18T00:34:52.201+0530] {logging_mixin.py:188} INFO - [2026-03-18T00:34:52.201+0530] {dagbag.py:540} INFO - Filling up the DagBag from /Users/vybhavswaroop/Desktop/untitled folder 3/ecommerce_platform/venv/lib/python3.11/site-packages/airflow/example_dags/example_external_task_marker_dag.py
[2026-03-18T00:34:52.212+0530] {processor.py:840} INFO - DAG(s) 'example_external_task_marker_parent', 'example_external_task_marker_child' retrieved from /Users/vybhavswaroop/Desktop/untitled folder 3/ecommerce_platform/venv/lib/python3.11/site-packages/airflow/example_dags/example_external_task_marker_dag.py
[2026-03-18T00:34:52.294+0530] {logging_mixin.py:188} INFO - [2026-03-18T00:34:52.294+0530] {dag.py:3047} INFO - Sync 2 DAGs
[2026-03-18T00:34:52.301+0530] {logging_mixin.py:188} INFO - [2026-03-18T00:34:52.301+0530] {dag.py:3834} INFO - Setting next_dagrun for example_external_task_marker_child to None, run_after=None
[2026-03-18T00:34:52.303+0530] {logging_mixin.py:188} INFO - [2026-03-18T00:34:52.303+0530] {dag.py:3834} INFO - Setting next_dagrun for example_external_task_marker_parent to None, run_after=None
[2026-03-18T00:34:52.315+0530] {processor.py:183} INFO - Processing /Users/vybhavswaroop/Desktop/untitled folder 3/ecommerce_platform/venv/lib/python3.11/site-packages/airflow/example_dags/example_external_task_marker_dag.py took 0.117 seconds
[2026-03-18T00:40:22.161+0530] {processor.py:161} INFO - Started process (PID=13342) to work on /Users/vybhavswaroop/Desktop/untitled folder 3/ecommerce_platform/venv/lib/python3.11/site-packages/airflow/example_dags/example_external_task_marker_dag.py
[2026-03-18T00:40:22.162+0530] {processor.py:830} INFO - Processing file /Users/vybhavswaroop/Desktop/untitled folder 3/ecommerce_platform/venv/lib/python3.11/site-packages/airflow/example_dags/example_external_task_marker_dag.py for tasks to queue
[2026-03-18T00:40:22.163+0530] {logging_mixin.py:188} INFO - [2026-03-18T00:40:22.163+0530] {dagbag.py:540} INFO - Filling up the DagBag from /Users/vybhavswaroop/Desktop/untitled folder 3/ecommerce_platform/venv/lib/python3.11/site-packages/airflow/example_dags/example_external_task_marker_dag.py
[2026-03-18T00:40:22.172+0530] {processor.py:840} INFO - DAG(s) 'example_external_task_marker_parent', 'example_external_task_marker_child' retrieved from /Users/vybhavswaroop/Desktop/untitled folder 3/ecommerce_platform/venv/lib/python3.11/site-packages/airflow/example_dags/example_external_task_marker_dag.py
[2026-03-18T00:40:22.258+0530] {logging_mixin.py:188} INFO - [2026-03-18T00:40:22.257+0530] {dag.py:3047} INFO - Sync 2 DAGs
[2026-03-18T00:40:22.266+0530] {logging_mixin.py:188} INFO - [2026-03-18T00:40:22.265+0530] {dag.py:3834} INFO - Setting next_dagrun for example_external_task_marker_child to None, run_after=None
[2026-03-18T00:40:22.268+0530] {logging_mixin.py:188} INFO - [2026-03-18T00:40:22.268+0530] {dag.py:3834} INFO - Setting next_dagrun for example_external_task_marker_parent to None, run_after=None
[2026-03-18T00:40:22.283+0530] {processor.py:183} INFO - Processing /Users/vybhavswaroop/Desktop/untitled folder 3/ecommerce_platform/venv/lib/python3.11/site-packages/airflow/example_dags/example_external_task_marker_dag.py took 0.123 seconds
[2026-03-18T00:45:51.396+0530] {processor.py:161} INFO - Started process (PID=16630) to work on /Users/vybhavswaroop/Desktop/untitled folder 3/ecommerce_platform/venv/lib/python3.11/site-packages/airflow/example_dags/example_external_task_marker_dag.py
[2026-03-18T00:45:51.397+0530] {processor.py:830} INFO - Processing file /Users/vybhavswaroop/Desktop/untitled folder 3/ecommerce_platform/venv/lib/python3.11/site-packages/airflow/example_dags/example_external_task_marker_dag.py for tasks to queue
[2026-03-18T00:45:51.397+0530] {logging_mixin.py:188} INFO - [2026-03-18T00:45:51.397+0530] {dagbag.py:540} INFO - Filling up the DagBag from /Users/vybhavswaroop/Desktop/untitled folder 3/ecommerce_platform/venv/lib/python3.11/site-packages/airflow/example_dags/example_external_task_marker_dag.py
[2026-03-18T00:45:51.405+0530] {processor.py:840} INFO - DAG(s) 'example_external_task_marker_child', 'example_external_task_marker_parent' retrieved from /Users/vybhavswaroop/Desktop/untitled folder 3/ecommerce_platform/venv/lib/python3.11/site-packages/airflow/example_dags/example_external_task_marker_dag.py
[2026-03-18T00:45:51.472+0530] {logging_mixin.py:188} INFO - [2026-03-18T00:45:51.471+0530] {dag.py:3047} INFO - Sync 2 DAGs
[2026-03-18T00:45:51.477+0530] {logging_mixin.py:188} INFO - [2026-03-18T00:45:51.477+0530] {dag.py:3834} INFO - Setting next_dagrun for example_external_task_marker_child to None, run_after=None
[2026-03-18T00:45:51.479+0530] {logging_mixin.py:188} INFO - [2026-03-18T00:45:51.478+0530] {dag.py:3834} INFO - Setting next_dagrun for example_external_task_marker_parent to None, run_after=None
[2026-03-18T00:45:51.488+0530] {processor.py:183} INFO - Processing /Users/vybhavswaroop/Desktop/untitled folder 3/ecommerce_platform/venv/lib/python3.11/site-packages/airflow/example_dags/example_external_task_marker_dag.py took 0.093 seconds
[2026-03-18T00:51:16.922+0530] {processor.py:161} INFO - Started process (PID=19926) to work on /Users/vybhavswaroop/Desktop/untitled folder 3/ecommerce_platform/venv/lib/python3.11/site-packages/airflow/example_dags/example_external_task_marker_dag.py
[2026-03-18T00:51:16.923+0530] {processor.py:830} INFO - Processing file /Users/vybhavswaroop/Desktop/untitled folder 3/ecommerce_platform/venv/lib/python3.11/site-packages/airflow/example_dags/example_external_task_marker_dag.py for tasks to queue
[2026-03-18T00:51:16.924+0530] {logging_mixin.py:188} INFO - [2026-03-18T00:51:16.923+0530] {dagbag.py:540} INFO - Filling up the DagBag from /Users/vybhavswaroop/Desktop/untitled folder 3/ecommerce_platform/venv/lib/python3.11/site-packages/airflow/example_dags/example_external_task_marker_dag.py
[2026-03-18T00:51:16.931+0530] {processor.py:840} INFO - DAG(s) 'example_external_task_marker_parent', 'example_external_task_marker_child' retrieved from /Users/vybhavswaroop/Desktop/untitled folder 3/ecommerce_platform/venv/lib/python3.11/site-packages/airflow/example_dags/example_external_task_marker_dag.py
[2026-03-18T00:51:17.006+0530] {logging_mixin.py:188} INFO - [2026-03-18T00:51:17.006+0530] {dag.py:3047} INFO - Sync 2 DAGs
[2026-03-18T00:51:17.013+0530] {logging_mixin.py:188} INFO - [2026-03-18T00:51:17.013+0530] {dag.py:3834} INFO - Setting next_dagrun for example_external_task_marker_child to None, run_after=None
[2026-03-18T00:51:17.015+0530] {logging_mixin.py:188} INFO - [2026-03-18T00:51:17.015+0530] {dag.py:3834} INFO - Setting next_dagrun for example_external_task_marker_parent to None, run_after=None
[2026-03-18T00:51:17.028+0530] {processor.py:183} INFO - Processing /Users/vybhavswaroop/Desktop/untitled folder 3/ecommerce_platform/venv/lib/python3.11/site-packages/airflow/example_dags/example_external_task_marker_dag.py took 0.107 seconds
[2026-03-18T00:56:43.882+0530] {processor.py:161} INFO - Started process (PID=23154) to work on /Users/vybhavswaroop/Desktop/untitled folder 3/ecommerce_platform/venv/lib/python3.11/site-packages/airflow/example_dags/example_external_task_marker_dag.py
[2026-03-18T00:56:43.883+0530] {processor.py:830} INFO - Processing file /Users/vybhavswaroop/Desktop/untitled folder 3/ecommerce_platform/venv/lib/python3.11/site-packages/airflow/example_dags/example_external_task_marker_dag.py for tasks to queue
[2026-03-18T00:56:43.884+0530] {logging_mixin.py:188} INFO - [2026-03-18T00:56:43.884+0530] {dagbag.py:540} INFO - Filling up the DagBag from /Users/vybhavswaroop/Desktop/untitled folder 3/ecommerce_platform/venv/lib/python3.11/site-packages/airflow/example_dags/example_external_task_marker_dag.py
[2026-03-18T00:56:43.892+0530] {processor.py:840} INFO - DAG(s) 'example_external_task_marker_child', 'example_external_task_marker_parent' retrieved from /Users/vybhavswaroop/Desktop/untitled folder 3/ecommerce_platform/venv/lib/python3.11/site-packages/airflow/example_dags/example_external_task_marker_dag.py
[2026-03-18T00:56:43.961+0530] {logging_mixin.py:188} INFO - [2026-03-18T00:56:43.960+0530] {dag.py:3047} INFO - Sync 2 DAGs
[2026-03-18T00:56:43.967+0530] {logging_mixin.py:188} INFO - [2026-03-18T00:56:43.966+0530] {dag.py:3834} INFO - Setting next_dagrun for example_external_task_marker_child to None, run_after=None
[2026-03-18T00:56:43.968+0530] {logging_mixin.py:188} INFO - [2026-03-18T00:56:43.968+0530] {dag.py:3834} INFO - Setting next_dagrun for example_external_task_marker_parent to None, run_after=None
[2026-03-18T00:56:43.980+0530] {processor.py:183} INFO - Processing /Users/vybhavswaroop/Desktop/untitled folder 3/ecommerce_platform/venv/lib/python3.11/site-packages/airflow/example_dags/example_external_task_marker_dag.py took 0.099 seconds
[2026-03-18T01:01:14.680+0530] {processor.py:161} INFO - Started process (PID=26372) to work on /Users/vybhavswaroop/Desktop/untitled folder 3/ecommerce_platform/venv/lib/python3.11/site-packages/airflow/example_dags/example_external_task_marker_dag.py
[2026-03-18T01:01:14.683+0530] {processor.py:830} INFO - Processing file /Users/vybhavswaroop/Desktop/untitled folder 3/ecommerce_platform/venv/lib/python3.11/site-packages/airflow/example_dags/example_external_task_marker_dag.py for tasks to queue
[2026-03-18T01:01:14.683+0530] {logging_mixin.py:188} INFO - [2026-03-18T01:01:14.683+0530] {dagbag.py:540} INFO - Filling up the DagBag from /Users/vybhavswaroop/Desktop/untitled folder 3/ecommerce_platform/venv/lib/python3.11/site-packages/airflow/example_dags/example_external_task_marker_dag.py
[2026-03-18T01:01:14.691+0530] {processor.py:840} INFO - DAG(s) 'example_external_task_marker_parent', 'example_external_task_marker_child' retrieved from /Users/vybhavswaroop/Desktop/untitled folder 3/ecommerce_platform/venv/lib/python3.11/site-packages/airflow/example_dags/example_external_task_marker_dag.py
[2026-03-18T01:01:14.762+0530] {logging_mixin.py:188} INFO - [2026-03-18T01:01:14.762+0530] {dag.py:3047} INFO - Sync 2 DAGs
[2026-03-18T01:01:14.768+0530] {logging_mixin.py:188} INFO - [2026-03-18T01:01:14.768+0530] {dag.py:3834} INFO - Setting next_dagrun for example_external_task_marker_child to None, run_after=None
[2026-03-18T01:01:14.770+0530] {logging_mixin.py:188} INFO - [2026-03-18T01:01:14.769+0530] {dag.py:3834} INFO - Setting next_dagrun for example_external_task_marker_parent to None, run_after=None
[2026-03-18T01:01:14.780+0530] {processor.py:183} INFO - Processing /Users/vybhavswaroop/Desktop/untitled folder 3/ecommerce_platform/venv/lib/python3.11/site-packages/airflow/example_dags/example_external_task_marker_dag.py took 0.100 seconds
[2026-03-18T01:04:28.951+0530] {processor.py:161} INFO - Started process (PID=28317) to work on /Users/vybhavswaroop/Desktop/untitled folder 3/ecommerce_platform/venv/lib/python3.11/site-packages/airflow/example_dags/example_external_task_marker_dag.py
[2026-03-18T01:04:28.952+0530] {processor.py:830} INFO - Processing file /Users/vybhavswaroop/Desktop/untitled folder 3/ecommerce_platform/venv/lib/python3.11/site-packages/airflow/example_dags/example_external_task_marker_dag.py for tasks to queue
[2026-03-18T01:04:28.953+0530] {logging_mixin.py:188} INFO - [2026-03-18T01:04:28.952+0530] {dagbag.py:540} INFO - Filling up the DagBag from /Users/vybhavswaroop/Desktop/untitled folder 3/ecommerce_platform/venv/lib/python3.11/site-packages/airflow/example_dags/example_external_task_marker_dag.py
[2026-03-18T01:04:28.963+0530] {processor.py:840} INFO - DAG(s) 'example_external_task_marker_child', 'example_external_task_marker_parent' retrieved from /Users/vybhavswaroop/Desktop/untitled folder 3/ecommerce_platform/venv/lib/python3.11/site-packages/airflow/example_dags/example_external_task_marker_dag.py
[2026-03-18T01:04:29.055+0530] {logging_mixin.py:188} INFO - [2026-03-18T01:04:29.055+0530] {dag.py:3047} INFO - Sync 2 DAGs
[2026-03-18T01:04:29.062+0530] {logging_mixin.py:188} INFO - [2026-03-18T01:04:29.062+0530] {dag.py:3834} INFO - Setting next_dagrun for example_external_task_marker_child to None, run_after=None
[2026-03-18T01:04:29.064+0530] {logging_mixin.py:188} INFO - [2026-03-18T01:04:29.064+0530] {dag.py:3834} INFO - Setting next_dagrun for example_external_task_marker_parent to None, run_after=None
[2026-03-18T01:04:29.077+0530] {processor.py:183} INFO - Processing /Users/vybhavswaroop/Desktop/untitled folder 3/ecommerce_platform/venv/lib/python3.11/site-packages/airflow/example_dags/example_external_task_marker_dag.py took 0.127 seconds
[2026-03-18T01:10:02.990+0530] {processor.py:161} INFO - Started process (PID=31602) to work on /Users/vybhavswaroop/Desktop/untitled folder 3/ecommerce_platform/venv/lib/python3.11/site-packages/airflow/example_dags/example_external_task_marker_dag.py
[2026-03-18T01:10:02.992+0530] {processor.py:830} INFO - Processing file /Users/vybhavswaroop/Desktop/untitled folder 3/ecommerce_platform/venv/lib/python3.11/site-packages/airflow/example_dags/example_external_task_marker_dag.py for tasks to queue
[2026-03-18T01:10:02.992+0530] {logging_mixin.py:188} INFO - [2026-03-18T01:10:02.992+0530] {dagbag.py:540} INFO - Filling up the DagBag from /Users/vybhavswaroop/Desktop/untitled folder 3/ecommerce_platform/venv/lib/python3.11/site-packages/airflow/example_dags/example_external_task_marker_dag.py
[2026-03-18T01:10:03.001+0530] {processor.py:840} INFO - DAG(s) 'example_external_task_marker_parent', 'example_external_task_marker_child' retrieved from /Users/vybhavswaroop/Desktop/untitled folder 3/ecommerce_platform/venv/lib/python3.11/site-packages/airflow/example_dags/example_external_task_marker_dag.py
[2026-03-18T01:10:03.079+0530] {logging_mixin.py:188} INFO - [2026-03-18T01:10:03.079+0530] {dag.py:3047} INFO - Sync 2 DAGs
[2026-03-18T01:10:03.087+0530] {logging_mixin.py:188} INFO - [2026-03-18T01:10:03.086+0530] {dag.py:3834} INFO - Setting next_dagrun for example_external_task_marker_child to None, run_after=None
[2026-03-18T01:10:03.089+0530] {logging_mixin.py:188} INFO - [2026-03-18T01:10:03.088+0530] {dag.py:3834} INFO - Setting next_dagrun for example_external_task_marker_parent to None, run_after=None
[2026-03-18T01:10:03.101+0530] {processor.py:183} INFO - Processing /Users/vybhavswaroop/Desktop/untitled folder 3/ecommerce_platform/venv/lib/python3.11/site-packages/airflow/example_dags/example_external_task_marker_dag.py took 0.112 seconds
[2026-03-18T01:15:28.976+0530] {processor.py:161} INFO - Started process (PID=34864) to work on /Users/vybhavswaroop/Desktop/untitled folder 3/ecommerce_platform/venv/lib/python3.11/site-packages/airflow/example_dags/example_external_task_marker_dag.py
[2026-03-18T01:15:28.977+0530] {processor.py:830} INFO - Processing file /Users/vybhavswaroop/Desktop/untitled folder 3/ecommerce_platform/venv/lib/python3.11/site-packages/airflow/example_dags/example_external_task_marker_dag.py for tasks to queue
[2026-03-18T01:15:28.978+0530] {logging_mixin.py:188} INFO - [2026-03-18T01:15:28.977+0530] {dagbag.py:540} INFO - Filling up the DagBag from /Users/vybhavswaroop/Desktop/untitled folder 3/ecommerce_platform/venv/lib/python3.11/site-packages/airflow/example_dags/example_external_task_marker_dag.py
[2026-03-18T01:15:28.986+0530] {processor.py:840} INFO - DAG(s) 'example_external_task_marker_child', 'example_external_task_marker_parent' retrieved from /Users/vybhavswaroop/Desktop/untitled folder 3/ecommerce_platform/venv/lib/python3.11/site-packages/airflow/example_dags/example_external_task_marker_dag.py
[2026-03-18T01:15:29.056+0530] {logging_mixin.py:188} INFO - [2026-03-18T01:15:29.056+0530] {dag.py:3047} INFO - Sync 2 DAGs
[2026-03-18T01:15:29.062+0530] {logging_mixin.py:188} INFO - [2026-03-18T01:15:29.062+0530] {dag.py:3834} INFO - Setting next_dagrun for example_external_task_marker_child to None, run_after=None
[2026-03-18T01:15:29.064+0530] {logging_mixin.py:188} INFO - [2026-03-18T01:15:29.064+0530] {dag.py:3834} INFO - Setting next_dagrun for example_external_task_marker_parent to None, run_after=None
[2026-03-18T01:15:29.075+0530] {processor.py:183} INFO - Processing /Users/vybhavswaroop/Desktop/untitled folder 3/ecommerce_platform/venv/lib/python3.11/site-packages/airflow/example_dags/example_external_task_marker_dag.py took 0.100 seconds
[2026-03-18T01:20:46.537+0530] {processor.py:161} INFO - Started process (PID=38108) to work on /Users/vybhavswaroop/Desktop/untitled folder 3/ecommerce_platform/venv/lib/python3.11/site-packages/airflow/example_dags/example_external_task_marker_dag.py
[2026-03-18T01:20:46.538+0530] {processor.py:830} INFO - Processing file /Users/vybhavswaroop/Desktop/untitled folder 3/ecommerce_platform/venv/lib/python3.11/site-packages/airflow/example_dags/example_external_task_marker_dag.py for tasks to queue
[2026-03-18T01:20:46.539+0530] {logging_mixin.py:188} INFO - [2026-03-18T01:20:46.539+0530] {dagbag.py:540} INFO - Filling up the DagBag from /Users/vybhavswaroop/Desktop/untitled folder 3/ecommerce_platform/venv/lib/python3.11/site-packages/airflow/example_dags/example_external_task_marker_dag.py
[2026-03-18T01:20:46.547+0530] {processor.py:840} INFO - DAG(s) 'example_external_task_marker_child', 'example_external_task_marker_parent' retrieved from /Users/vybhavswaroop/Desktop/untitled folder 3/ecommerce_platform/venv/lib/python3.11/site-packages/airflow/example_dags/example_external_task_marker_dag.py
[2026-03-18T01:20:46.618+0530] {logging_mixin.py:188} INFO - [2026-03-18T01:20:46.618+0530] {dag.py:3047} INFO - Sync 2 DAGs
[2026-03-18T01:20:46.625+0530] {logging_mixin.py:188} INFO - [2026-03-18T01:20:46.624+0530] {dag.py:3834} INFO - Setting next_dagrun for example_external_task_marker_child to None, run_after=None
[2026-03-18T01:20:46.626+0530] {logging_mixin.py:188} INFO - [2026-03-18T01:20:46.626+0530] {dag.py:3834} INFO - Setting next_dagrun for example_external_task_marker_parent to None, run_after=None
[2026-03-18T01:20:46.638+0530] {processor.py:183} INFO - Processing /Users/vybhavswaroop/Desktop/untitled folder 3/ecommerce_platform/venv/lib/python3.11/site-packages/airflow/example_dags/example_external_task_marker_dag.py took 0.102 seconds
[2026-03-18T01:25:42.968+0530] {processor.py:161} INFO - Started process (PID=41260) to work on /Users/vybhavswaroop/Desktop/untitled folder 3/ecommerce_platform/venv/lib/python3.11/site-packages/airflow/example_dags/example_external_task_marker_dag.py
[2026-03-18T01:25:42.969+0530] {processor.py:830} INFO - Processing file /Users/vybhavswaroop/Desktop/untitled folder 3/ecommerce_platform/venv/lib/python3.11/site-packages/airflow/example_dags/example_external_task_marker_dag.py for tasks to queue
[2026-03-18T01:25:42.970+0530] {logging_mixin.py:188} INFO - [2026-03-18T01:25:42.970+0530] {dagbag.py:540} INFO - Filling up the DagBag from /Users/vybhavswaroop/Desktop/untitled folder 3/ecommerce_platform/venv/lib/python3.11/site-packages/airflow/example_dags/example_external_task_marker_dag.py
[2026-03-18T01:25:42.977+0530] {processor.py:840} INFO - DAG(s) 'example_external_task_marker_parent', 'example_external_task_marker_child' retrieved from /Users/vybhavswaroop/Desktop/untitled folder 3/ecommerce_platform/venv/lib/python3.11/site-packages/airflow/example_dags/example_external_task_marker_dag.py
[2026-03-18T01:25:43.047+0530] {logging_mixin.py:188} INFO - [2026-03-18T01:25:43.047+0530] {dag.py:3047} INFO - Sync 2 DAGs
[2026-03-18T01:25:43.053+0530] {logging_mixin.py:188} INFO - [2026-03-18T01:25:43.053+0530] {dag.py:3834} INFO - Setting next_dagrun for example_external_task_marker_child to None, run_after=None
[2026-03-18T01:25:43.055+0530] {logging_mixin.py:188} INFO - [2026-03-18T01:25:43.055+0530] {dag.py:3834} INFO - Setting next_dagrun for example_external_task_marker_parent to None, run_after=None
[2026-03-18T01:25:43.066+0530] {processor.py:183} INFO - Processing /Users/vybhavswaroop/Desktop/untitled folder 3/ecommerce_platform/venv/lib/python3.11/site-packages/airflow/example_dags/example_external_task_marker_dag.py took 0.098 seconds
[2026-03-18T01:30:39.333+0530] {processor.py:161} INFO - Started process (PID=44452) to work on /Users/vybhavswaroop/Desktop/untitled folder 3/ecommerce_platform/venv/lib/python3.11/site-packages/airflow/example_dags/example_external_task_marker_dag.py
[2026-03-18T01:30:39.334+0530] {processor.py:830} INFO - Processing file /Users/vybhavswaroop/Desktop/untitled folder 3/ecommerce_platform/venv/lib/python3.11/site-packages/airflow/example_dags/example_external_task_marker_dag.py for tasks to queue
[2026-03-18T01:30:39.335+0530] {logging_mixin.py:188} INFO - [2026-03-18T01:30:39.335+0530] {dagbag.py:540} INFO - Filling up the DagBag from /Users/vybhavswaroop/Desktop/untitled folder 3/ecommerce_platform/venv/lib/python3.11/site-packages/airflow/example_dags/example_external_task_marker_dag.py
[2026-03-18T01:30:39.342+0530] {processor.py:840} INFO - DAG(s) 'example_external_task_marker_child', 'example_external_task_marker_parent' retrieved from /Users/vybhavswaroop/Desktop/untitled folder 3/ecommerce_platform/venv/lib/python3.11/site-packages/airflow/example_dags/example_external_task_marker_dag.py
[2026-03-18T01:30:39.408+0530] {logging_mixin.py:188} INFO - [2026-03-18T01:30:39.408+0530] {dag.py:3047} INFO - Sync 2 DAGs
[2026-03-18T01:30:39.414+0530] {logging_mixin.py:188} INFO - [2026-03-18T01:30:39.414+0530] {dag.py:3834} INFO - Setting next_dagrun for example_external_task_marker_child to None, run_after=None
[2026-03-18T01:30:39.416+0530] {logging_mixin.py:188} INFO - [2026-03-18T01:30:39.416+0530] {dag.py:3834} INFO - Setting next_dagrun for example_external_task_marker_parent to None, run_after=None
[2026-03-18T01:30:39.426+0530] {processor.py:183} INFO - Processing /Users/vybhavswaroop/Desktop/untitled folder 3/ecommerce_platform/venv/lib/python3.11/site-packages/airflow/example_dags/example_external_task_marker_dag.py took 0.094 seconds
[2026-03-18T01:35:43.798+0530] {processor.py:161} INFO - Started process (PID=47617) to work on /Users/vybhavswaroop/Desktop/untitled folder 3/ecommerce_platform/venv/lib/python3.11/site-packages/airflow/example_dags/example_external_task_marker_dag.py
[2026-03-18T01:35:43.799+0530] {processor.py:830} INFO - Processing file /Users/vybhavswaroop/Desktop/untitled folder 3/ecommerce_platform/venv/lib/python3.11/site-packages/airflow/example_dags/example_external_task_marker_dag.py for tasks to queue
[2026-03-18T01:35:43.800+0530] {logging_mixin.py:188} INFO - [2026-03-18T01:35:43.799+0530] {dagbag.py:540} INFO - Filling up the DagBag from /Users/vybhavswaroop/Desktop/untitled folder 3/ecommerce_platform/venv/lib/python3.11/site-packages/airflow/example_dags/example_external_task_marker_dag.py
[2026-03-18T01:35:43.806+0530] {processor.py:840} INFO - DAG(s) 'example_external_task_marker_child', 'example_external_task_marker_parent' retrieved from /Users/vybhavswaroop/Desktop/untitled folder 3/ecommerce_platform/venv/lib/python3.11/site-packages/airflow/example_dags/example_external_task_marker_dag.py
[2026-03-18T01:35:43.869+0530] {logging_mixin.py:188} INFO - [2026-03-18T01:35:43.869+0530] {dag.py:3047} INFO - Sync 2 DAGs
[2026-03-18T01:35:43.875+0530] {logging_mixin.py:188} INFO - [2026-03-18T01:35:43.875+0530] {dag.py:3834} INFO - Setting next_dagrun for example_external_task_marker_child to None, run_after=None
[2026-03-18T01:35:43.876+0530] {logging_mixin.py:188} INFO - [2026-03-18T01:35:43.876+0530] {dag.py:3834} INFO - Setting next_dagrun for example_external_task_marker_parent to None, run_after=None
[2026-03-18T01:35:43.886+0530] {processor.py:183} INFO - Processing /Users/vybhavswaroop/Desktop/untitled folder 3/ecommerce_platform/venv/lib/python3.11/site-packages/airflow/example_dags/example_external_task_marker_dag.py took 0.088 seconds
[2026-03-18T01:41:02.472+0530] {processor.py:161} INFO - Started process (PID=50737) to work on /Users/vybhavswaroop/Desktop/untitled folder 3/ecommerce_platform/venv/lib/python3.11/site-packages/airflow/example_dags/example_external_task_marker_dag.py
[2026-03-18T01:41:02.473+0530] {processor.py:830} INFO - Processing file /Users/vybhavswaroop/Desktop/untitled folder 3/ecommerce_platform/venv/lib/python3.11/site-packages/airflow/example_dags/example_external_task_marker_dag.py for tasks to queue
[2026-03-18T01:41:02.474+0530] {logging_mixin.py:188} INFO - [2026-03-18T01:41:02.474+0530] {dagbag.py:540} INFO - Filling up the DagBag from /Users/vybhavswaroop/Desktop/untitled folder 3/ecommerce_platform/venv/lib/python3.11/site-packages/airflow/example_dags/example_external_task_marker_dag.py
[2026-03-18T01:41:02.485+0530] {processor.py:840} INFO - DAG(s) 'example_external_task_marker_parent', 'example_external_task_marker_child' retrieved from /Users/vybhavswaroop/Desktop/untitled folder 3/ecommerce_platform/venv/lib/python3.11/site-packages/airflow/example_dags/example_external_task_marker_dag.py
[2026-03-18T01:41:02.579+0530] {logging_mixin.py:188} INFO - [2026-03-18T01:41:02.579+0530] {dag.py:3047} INFO - Sync 2 DAGs
[2026-03-18T01:41:02.587+0530] {logging_mixin.py:188} INFO - [2026-03-18T01:41:02.587+0530] {dag.py:3834} INFO - Setting next_dagrun for example_external_task_marker_child to None, run_after=None
[2026-03-18T01:41:02.590+0530] {logging_mixin.py:188} INFO - [2026-03-18T01:41:02.590+0530] {dag.py:3834} INFO - Setting next_dagrun for example_external_task_marker_parent to None, run_after=None
[2026-03-18T01:41:02.605+0530] {processor.py:183} INFO - Processing /Users/vybhavswaroop/Desktop/untitled folder 3/ecommerce_platform/venv/lib/python3.11/site-packages/airflow/example_dags/example_external_task_marker_dag.py took 0.134 seconds
[2026-03-18T01:46:41.372+0530] {processor.py:161} INFO - Started process (PID=53788) to work on /Users/vybhavswaroop/Desktop/untitled folder 3/ecommerce_platform/venv/lib/python3.11/site-packages/airflow/example_dags/example_external_task_marker_dag.py
[2026-03-18T01:46:41.373+0530] {processor.py:830} INFO - Processing file /Users/vybhavswaroop/Desktop/untitled folder 3/ecommerce_platform/venv/lib/python3.11/site-packages/airflow/example_dags/example_external_task_marker_dag.py for tasks to queue
[2026-03-18T01:46:41.374+0530] {logging_mixin.py:188} INFO - [2026-03-18T01:46:41.373+0530] {dagbag.py:540} INFO - Filling up the DagBag from /Users/vybhavswaroop/Desktop/untitled folder 3/ecommerce_platform/venv/lib/python3.11/site-packages/airflow/example_dags/example_external_task_marker_dag.py
[2026-03-18T01:46:41.383+0530] {processor.py:840} INFO - DAG(s) 'example_external_task_marker_child', 'example_external_task_marker_parent' retrieved from /Users/vybhavswaroop/Desktop/untitled folder 3/ecommerce_platform/venv/lib/python3.11/site-packages/airflow/example_dags/example_external_task_marker_dag.py
[2026-03-18T01:46:41.470+0530] {logging_mixin.py:188} INFO - [2026-03-18T01:46:41.469+0530] {dag.py:3047} INFO - Sync 2 DAGs
[2026-03-18T01:46:41.478+0530] {logging_mixin.py:188} INFO - [2026-03-18T01:46:41.478+0530] {dag.py:3834} INFO - Setting next_dagrun for example_external_task_marker_child to None, run_after=None
[2026-03-18T01:46:41.480+0530] {logging_mixin.py:188} INFO - [2026-03-18T01:46:41.480+0530] {dag.py:3834} INFO - Setting next_dagrun for example_external_task_marker_parent to None, run_after=None
[2026-03-18T01:46:41.495+0530] {processor.py:183} INFO - Processing /Users/vybhavswaroop/Desktop/untitled folder 3/ecommerce_platform/venv/lib/python3.11/site-packages/airflow/example_dags/example_external_task_marker_dag.py took 0.124 seconds
[2026-03-18T01:52:23.409+0530] {processor.py:161} INFO - Started process (PID=56888) to work on /Users/vybhavswaroop/Desktop/untitled folder 3/ecommerce_platform/venv/lib/python3.11/site-packages/airflow/example_dags/example_external_task_marker_dag.py
[2026-03-18T01:52:23.411+0530] {processor.py:830} INFO - Processing file /Users/vybhavswaroop/Desktop/untitled folder 3/ecommerce_platform/venv/lib/python3.11/site-packages/airflow/example_dags/example_external_task_marker_dag.py for tasks to queue
[2026-03-18T01:52:23.411+0530] {logging_mixin.py:188} INFO - [2026-03-18T01:52:23.411+0530] {dagbag.py:540} INFO - Filling up the DagBag from /Users/vybhavswaroop/Desktop/untitled folder 3/ecommerce_platform/venv/lib/python3.11/site-packages/airflow/example_dags/example_external_task_marker_dag.py
[2026-03-18T01:52:23.421+0530] {processor.py:840} INFO - DAG(s) 'example_external_task_marker_child', 'example_external_task_marker_parent' retrieved from /Users/vybhavswaroop/Desktop/untitled folder 3/ecommerce_platform/venv/lib/python3.11/site-packages/airflow/example_dags/example_external_task_marker_dag.py
[2026-03-18T01:52:23.509+0530] {logging_mixin.py:188} INFO - [2026-03-18T01:52:23.509+0530] {dag.py:3047} INFO - Sync 2 DAGs
[2026-03-18T01:52:23.517+0530] {logging_mixin.py:188} INFO - [2026-03-18T01:52:23.517+0530] {dag.py:3834} INFO - Setting next_dagrun for example_external_task_marker_child to None, run_after=None
[2026-03-18T01:52:23.519+0530] {logging_mixin.py:188} INFO - [2026-03-18T01:52:23.519+0530] {dag.py:3834} INFO - Setting next_dagrun for example_external_task_marker_parent to None, run_after=None
[2026-03-18T01:52:23.535+0530] {processor.py:183} INFO - Processing /Users/vybhavswaroop/Desktop/untitled folder 3/ecommerce_platform/venv/lib/python3.11/site-packages/airflow/example_dags/example_external_task_marker_dag.py took 0.126 seconds
[2026-03-18T01:58:05.099+0530] {processor.py:161} INFO - Started process (PID=59997) to work on /Users/vybhavswaroop/Desktop/untitled folder 3/ecommerce_platform/venv/lib/python3.11/site-packages/airflow/example_dags/example_external_task_marker_dag.py
[2026-03-18T01:58:05.100+0530] {processor.py:830} INFO - Processing file /Users/vybhavswaroop/Desktop/untitled folder 3/ecommerce_platform/venv/lib/python3.11/site-packages/airflow/example_dags/example_external_task_marker_dag.py for tasks to queue
[2026-03-18T01:58:05.101+0530] {logging_mixin.py:188} INFO - [2026-03-18T01:58:05.101+0530] {dagbag.py:540} INFO - Filling up the DagBag from /Users/vybhavswaroop/Desktop/untitled folder 3/ecommerce_platform/venv/lib/python3.11/site-packages/airflow/example_dags/example_external_task_marker_dag.py
[2026-03-18T01:58:05.109+0530] {processor.py:840} INFO - DAG(s) 'example_external_task_marker_child', 'example_external_task_marker_parent' retrieved from /Users/vybhavswaroop/Desktop/untitled folder 3/ecommerce_platform/venv/lib/python3.11/site-packages/airflow/example_dags/example_external_task_marker_dag.py
[2026-03-18T01:58:05.191+0530] {logging_mixin.py:188} INFO - [2026-03-18T01:58:05.190+0530] {dag.py:3047} INFO - Sync 2 DAGs
[2026-03-18T01:58:05.199+0530] {logging_mixin.py:188} INFO - [2026-03-18T01:58:05.198+0530] {dag.py:3834} INFO - Setting next_dagrun for example_external_task_marker_child to None, run_after=None
[2026-03-18T01:58:05.202+0530] {logging_mixin.py:188} INFO - [2026-03-18T01:58:05.201+0530] {dag.py:3834} INFO - Setting next_dagrun for example_external_task_marker_parent to None, run_after=None
[2026-03-18T01:58:05.218+0530] {processor.py:183} INFO - Processing /Users/vybhavswaroop/Desktop/untitled folder 3/ecommerce_platform/venv/lib/python3.11/site-packages/airflow/example_dags/example_external_task_marker_dag.py took 0.120 seconds
[2026-03-18T02:03:40.757+0530] {processor.py:161} INFO - Started process (PID=63118) to work on /Users/vybhavswaroop/Desktop/untitled folder 3/ecommerce_platform/venv/lib/python3.11/site-packages/airflow/example_dags/example_external_task_marker_dag.py
[2026-03-18T02:03:40.759+0530] {processor.py:830} INFO - Processing file /Users/vybhavswaroop/Desktop/untitled folder 3/ecommerce_platform/venv/lib/python3.11/site-packages/airflow/example_dags/example_external_task_marker_dag.py for tasks to queue
[2026-03-18T02:03:40.759+0530] {logging_mixin.py:188} INFO - [2026-03-18T02:03:40.759+0530] {dagbag.py:540} INFO - Filling up the DagBag from /Users/vybhavswaroop/Desktop/untitled folder 3/ecommerce_platform/venv/lib/python3.11/site-packages/airflow/example_dags/example_external_task_marker_dag.py
[2026-03-18T02:03:40.769+0530] {processor.py:840} INFO - DAG(s) 'example_external_task_marker_parent', 'example_external_task_marker_child' retrieved from /Users/vybhavswaroop/Desktop/untitled folder 3/ecommerce_platform/venv/lib/python3.11/site-packages/airflow/example_dags/example_external_task_marker_dag.py
[2026-03-18T02:03:40.856+0530] {logging_mixin.py:188} INFO - [2026-03-18T02:03:40.856+0530] {dag.py:3047} INFO - Sync 2 DAGs
[2026-03-18T02:03:40.864+0530] {logging_mixin.py:188} INFO - [2026-03-18T02:03:40.864+0530] {dag.py:3834} INFO - Setting next_dagrun for example_external_task_marker_child to None, run_after=None
[2026-03-18T02:03:40.867+0530] {logging_mixin.py:188} INFO - [2026-03-18T02:03:40.866+0530] {dag.py:3834} INFO - Setting next_dagrun for example_external_task_marker_parent to None, run_after=None
[2026-03-18T02:03:40.882+0530] {processor.py:183} INFO - Processing /Users/vybhavswaroop/Desktop/untitled folder 3/ecommerce_platform/venv/lib/python3.11/site-packages/airflow/example_dags/example_external_task_marker_dag.py took 0.125 seconds
[2026-03-18T02:08:42.065+0530] {processor.py:161} INFO - Started process (PID=66373) to work on /Users/vybhavswaroop/Desktop/untitled folder 3/ecommerce_platform/venv/lib/python3.11/site-packages/airflow/example_dags/example_external_task_marker_dag.py
[2026-03-18T02:08:42.066+0530] {processor.py:830} INFO - Processing file /Users/vybhavswaroop/Desktop/untitled folder 3/ecommerce_platform/venv/lib/python3.11/site-packages/airflow/example_dags/example_external_task_marker_dag.py for tasks to queue
[2026-03-18T02:08:42.066+0530] {logging_mixin.py:188} INFO - [2026-03-18T02:08:42.066+0530] {dagbag.py:540} INFO - Filling up the DagBag from /Users/vybhavswaroop/Desktop/untitled folder 3/ecommerce_platform/venv/lib/python3.11/site-packages/airflow/example_dags/example_external_task_marker_dag.py
[2026-03-18T02:08:42.073+0530] {processor.py:840} INFO - DAG(s) 'example_external_task_marker_parent', 'example_external_task_marker_child' retrieved from /Users/vybhavswaroop/Desktop/untitled folder 3/ecommerce_platform/venv/lib/python3.11/site-packages/airflow/example_dags/example_external_task_marker_dag.py
[2026-03-18T02:08:42.135+0530] {logging_mixin.py:188} INFO - [2026-03-18T02:08:42.134+0530] {dag.py:3047} INFO - Sync 2 DAGs
[2026-03-18T02:08:42.140+0530] {logging_mixin.py:188} INFO - [2026-03-18T02:08:42.140+0530] {dag.py:3834} INFO - Setting next_dagrun for example_external_task_marker_child to None, run_after=None
[2026-03-18T02:08:42.141+0530] {logging_mixin.py:188} INFO - [2026-03-18T02:08:42.141+0530] {dag.py:3834} INFO - Setting next_dagrun for example_external_task_marker_parent to None, run_after=None
[2026-03-18T02:08:42.151+0530] {processor.py:183} INFO - Processing /Users/vybhavswaroop/Desktop/untitled folder 3/ecommerce_platform/venv/lib/python3.11/site-packages/airflow/example_dags/example_external_task_marker_dag.py took 0.086 seconds
[2026-03-18T02:13:32.603+0530] {processor.py:161} INFO - Started process (PID=69532) to work on /Users/vybhavswaroop/Desktop/untitled folder 3/ecommerce_platform/venv/lib/python3.11/site-packages/airflow/example_dags/example_external_task_marker_dag.py
[2026-03-18T02:13:32.605+0530] {processor.py:830} INFO - Processing file /Users/vybhavswaroop/Desktop/untitled folder 3/ecommerce_platform/venv/lib/python3.11/site-packages/airflow/example_dags/example_external_task_marker_dag.py for tasks to queue
[2026-03-18T02:13:32.605+0530] {logging_mixin.py:188} INFO - [2026-03-18T02:13:32.605+0530] {dagbag.py:540} INFO - Filling up the DagBag from /Users/vybhavswaroop/Desktop/untitled folder 3/ecommerce_platform/venv/lib/python3.11/site-packages/airflow/example_dags/example_external_task_marker_dag.py
[2026-03-18T02:13:32.614+0530] {processor.py:840} INFO - DAG(s) 'example_external_task_marker_child', 'example_external_task_marker_parent' retrieved from /Users/vybhavswaroop/Desktop/untitled folder 3/ecommerce_platform/venv/lib/python3.11/site-packages/airflow/example_dags/example_external_task_marker_dag.py
[2026-03-18T02:13:32.703+0530] {logging_mixin.py:188} INFO - [2026-03-18T02:13:32.703+0530] {dag.py:3047} INFO - Sync 2 DAGs
[2026-03-18T02:13:32.711+0530] {logging_mixin.py:188} INFO - [2026-03-18T02:13:32.711+0530] {dag.py:3834} INFO - Setting next_dagrun for example_external_task_marker_child to None, run_after=None
[2026-03-18T02:13:32.714+0530] {logging_mixin.py:188} INFO - [2026-03-18T02:13:32.713+0530] {dag.py:3834} INFO - Setting next_dagrun for example_external_task_marker_parent to None, run_after=None
[2026-03-18T02:13:32.729+0530] {processor.py:183} INFO - Processing /Users/vybhavswaroop/Desktop/untitled folder 3/ecommerce_platform/venv/lib/python3.11/site-packages/airflow/example_dags/example_external_task_marker_dag.py took 0.127 seconds
[2026-03-18T02:19:12.075+0530] {processor.py:161} INFO - Started process (PID=72689) to work on /Users/vybhavswaroop/Desktop/untitled folder 3/ecommerce_platform/venv/lib/python3.11/site-packages/airflow/example_dags/example_external_task_marker_dag.py
[2026-03-18T02:19:12.077+0530] {processor.py:830} INFO - Processing file /Users/vybhavswaroop/Desktop/untitled folder 3/ecommerce_platform/venv/lib/python3.11/site-packages/airflow/example_dags/example_external_task_marker_dag.py for tasks to queue
[2026-03-18T02:19:12.077+0530] {logging_mixin.py:188} INFO - [2026-03-18T02:19:12.077+0530] {dagbag.py:540} INFO - Filling up the DagBag from /Users/vybhavswaroop/Desktop/untitled folder 3/ecommerce_platform/venv/lib/python3.11/site-packages/airflow/example_dags/example_external_task_marker_dag.py
[2026-03-18T02:19:12.087+0530] {processor.py:840} INFO - DAG(s) 'example_external_task_marker_child', 'example_external_task_marker_parent' retrieved from /Users/vybhavswaroop/Desktop/untitled folder 3/ecommerce_platform/venv/lib/python3.11/site-packages/airflow/example_dags/example_external_task_marker_dag.py
[2026-03-18T02:19:12.181+0530] {logging_mixin.py:188} INFO - [2026-03-18T02:19:12.181+0530] {dag.py:3047} INFO - Sync 2 DAGs
[2026-03-18T02:19:12.188+0530] {logging_mixin.py:188} INFO - [2026-03-18T02:19:12.188+0530] {dag.py:3834} INFO - Setting next_dagrun for example_external_task_marker_child to None, run_after=None
[2026-03-18T02:19:12.190+0530] {logging_mixin.py:188} INFO - [2026-03-18T02:19:12.190+0530] {dag.py:3834} INFO - Setting next_dagrun for example_external_task_marker_parent to None, run_after=None
[2026-03-18T02:19:12.202+0530] {processor.py:183} INFO - Processing /Users/vybhavswaroop/Desktop/untitled folder 3/ecommerce_platform/venv/lib/python3.11/site-packages/airflow/example_dags/example_external_task_marker_dag.py took 0.127 seconds
[2026-03-18T02:24:45.689+0530] {processor.py:161} INFO - Started process (PID=75810) to work on /Users/vybhavswaroop/Desktop/untitled folder 3/ecommerce_platform/venv/lib/python3.11/site-packages/airflow/example_dags/example_external_task_marker_dag.py
[2026-03-18T02:24:45.691+0530] {processor.py:830} INFO - Processing file /Users/vybhavswaroop/Desktop/untitled folder 3/ecommerce_platform/venv/lib/python3.11/site-packages/airflow/example_dags/example_external_task_marker_dag.py for tasks to queue
[2026-03-18T02:24:45.691+0530] {logging_mixin.py:188} INFO - [2026-03-18T02:24:45.691+0530] {dagbag.py:540} INFO - Filling up the DagBag from /Users/vybhavswaroop/Desktop/untitled folder 3/ecommerce_platform/venv/lib/python3.11/site-packages/airflow/example_dags/example_external_task_marker_dag.py
[2026-03-18T02:24:45.701+0530] {processor.py:840} INFO - DAG(s) 'example_external_task_marker_parent', 'example_external_task_marker_child' retrieved from /Users/vybhavswaroop/Desktop/untitled folder 3/ecommerce_platform/venv/lib/python3.11/site-packages/airflow/example_dags/example_external_task_marker_dag.py
[2026-03-18T02:24:45.794+0530] {logging_mixin.py:188} INFO - [2026-03-18T02:24:45.794+0530] {dag.py:3047} INFO - Sync 2 DAGs
[2026-03-18T02:24:45.802+0530] {logging_mixin.py:188} INFO - [2026-03-18T02:24:45.802+0530] {dag.py:3834} INFO - Setting next_dagrun for example_external_task_marker_child to None, run_after=None
[2026-03-18T02:24:45.804+0530] {logging_mixin.py:188} INFO - [2026-03-18T02:24:45.804+0530] {dag.py:3834} INFO - Setting next_dagrun for example_external_task_marker_parent to None, run_after=None
[2026-03-18T02:24:45.818+0530] {processor.py:183} INFO - Processing /Users/vybhavswaroop/Desktop/untitled folder 3/ecommerce_platform/venv/lib/python3.11/site-packages/airflow/example_dags/example_external_task_marker_dag.py took 0.130 seconds
[2026-03-18T02:30:15.980+0530] {processor.py:161} INFO - Started process (PID=78952) to work on /Users/vybhavswaroop/Desktop/untitled folder 3/ecommerce_platform/venv/lib/python3.11/site-packages/airflow/example_dags/example_external_task_marker_dag.py
[2026-03-18T02:30:15.982+0530] {processor.py:830} INFO - Processing file /Users/vybhavswaroop/Desktop/untitled folder 3/ecommerce_platform/venv/lib/python3.11/site-packages/airflow/example_dags/example_external_task_marker_dag.py for tasks to queue
[2026-03-18T02:30:15.982+0530] {logging_mixin.py:188} INFO - [2026-03-18T02:30:15.982+0530] {dagbag.py:540} INFO - Filling up the DagBag from /Users/vybhavswaroop/Desktop/untitled folder 3/ecommerce_platform/venv/lib/python3.11/site-packages/airflow/example_dags/example_external_task_marker_dag.py
[2026-03-18T02:30:15.990+0530] {processor.py:840} INFO - DAG(s) 'example_external_task_marker_parent', 'example_external_task_marker_child' retrieved from /Users/vybhavswaroop/Desktop/untitled folder 3/ecommerce_platform/venv/lib/python3.11/site-packages/airflow/example_dags/example_external_task_marker_dag.py
[2026-03-18T02:30:16.067+0530] {logging_mixin.py:188} INFO - [2026-03-18T02:30:16.067+0530] {dag.py:3047} INFO - Sync 2 DAGs
[2026-03-18T02:30:16.073+0530] {logging_mixin.py:188} INFO - [2026-03-18T02:30:16.073+0530] {dag.py:3834} INFO - Setting next_dagrun for example_external_task_marker_child to None, run_after=None
[2026-03-18T02:30:16.075+0530] {logging_mixin.py:188} INFO - [2026-03-18T02:30:16.075+0530] {dag.py:3834} INFO - Setting next_dagrun for example_external_task_marker_parent to None, run_after=None
[2026-03-18T02:30:16.087+0530] {processor.py:183} INFO - Processing /Users/vybhavswaroop/Desktop/untitled folder 3/ecommerce_platform/venv/lib/python3.11/site-packages/airflow/example_dags/example_external_task_marker_dag.py took 0.108 seconds
[2026-03-18T02:35:41.324+0530] {processor.py:161} INFO - Started process (PID=82086) to work on /Users/vybhavswaroop/Desktop/untitled folder 3/ecommerce_platform/venv/lib/python3.11/site-packages/airflow/example_dags/example_external_task_marker_dag.py
[2026-03-18T02:35:41.326+0530] {processor.py:830} INFO - Processing file /Users/vybhavswaroop/Desktop/untitled folder 3/ecommerce_platform/venv/lib/python3.11/site-packages/airflow/example_dags/example_external_task_marker_dag.py for tasks to queue
[2026-03-18T02:35:41.326+0530] {logging_mixin.py:188} INFO - [2026-03-18T02:35:41.326+0530] {dagbag.py:540} INFO - Filling up the DagBag from /Users/vybhavswaroop/Desktop/untitled folder 3/ecommerce_platform/venv/lib/python3.11/site-packages/airflow/example_dags/example_external_task_marker_dag.py
[2026-03-18T02:35:41.335+0530] {processor.py:840} INFO - DAG(s) 'example_external_task_marker_child', 'example_external_task_marker_parent' retrieved from /Users/vybhavswaroop/Desktop/untitled folder 3/ecommerce_platform/venv/lib/python3.11/site-packages/airflow/example_dags/example_external_task_marker_dag.py
[2026-03-18T02:35:41.411+0530] {logging_mixin.py:188} INFO - [2026-03-18T02:35:41.411+0530] {dag.py:3047} INFO - Sync 2 DAGs
[2026-03-18T02:35:41.418+0530] {logging_mixin.py:188} INFO - [2026-03-18T02:35:41.418+0530] {dag.py:3834} INFO - Setting next_dagrun for example_external_task_marker_child to None, run_after=None
[2026-03-18T02:35:41.420+0530] {logging_mixin.py:188} INFO - [2026-03-18T02:35:41.420+0530] {dag.py:3834} INFO - Setting next_dagrun for example_external_task_marker_parent to None, run_after=None
[2026-03-18T02:35:41.431+0530] {processor.py:183} INFO - Processing /Users/vybhavswaroop/Desktop/untitled folder 3/ecommerce_platform/venv/lib/python3.11/site-packages/airflow/example_dags/example_external_task_marker_dag.py took 0.107 seconds
[2026-03-18T02:41:07.186+0530] {processor.py:161} INFO - Started process (PID=85232) to work on /Users/vybhavswaroop/Desktop/untitled folder 3/ecommerce_platform/venv/lib/python3.11/site-packages/airflow/example_dags/example_external_task_marker_dag.py
[2026-03-18T02:41:07.189+0530] {processor.py:830} INFO - Processing file /Users/vybhavswaroop/Desktop/untitled folder 3/ecommerce_platform/venv/lib/python3.11/site-packages/airflow/example_dags/example_external_task_marker_dag.py for tasks to queue
[2026-03-18T02:41:07.189+0530] {logging_mixin.py:188} INFO - [2026-03-18T02:41:07.189+0530] {dagbag.py:540} INFO - Filling up the DagBag from /Users/vybhavswaroop/Desktop/untitled folder 3/ecommerce_platform/venv/lib/python3.11/site-packages/airflow/example_dags/example_external_task_marker_dag.py
[2026-03-18T02:41:07.199+0530] {processor.py:840} INFO - DAG(s) 'example_external_task_marker_child', 'example_external_task_marker_parent' retrieved from /Users/vybhavswaroop/Desktop/untitled folder 3/ecommerce_platform/venv/lib/python3.11/site-packages/airflow/example_dags/example_external_task_marker_dag.py
[2026-03-18T02:41:07.283+0530] {logging_mixin.py:188} INFO - [2026-03-18T02:41:07.282+0530] {dag.py:3047} INFO - Sync 2 DAGs
[2026-03-18T02:41:07.291+0530] {logging_mixin.py:188} INFO - [2026-03-18T02:41:07.290+0530] {dag.py:3834} INFO - Setting next_dagrun for example_external_task_marker_child to None, run_after=None
[2026-03-18T02:41:07.293+0530] {logging_mixin.py:188} INFO - [2026-03-18T02:41:07.293+0530] {dag.py:3834} INFO - Setting next_dagrun for example_external_task_marker_parent to None, run_after=None
[2026-03-18T02:41:07.306+0530] {processor.py:183} INFO - Processing /Users/vybhavswaroop/Desktop/untitled folder 3/ecommerce_platform/venv/lib/python3.11/site-packages/airflow/example_dags/example_external_task_marker_dag.py took 0.120 seconds
[2026-03-18T02:46:10.427+0530] {processor.py:161} INFO - Started process (PID=88389) to work on /Users/vybhavswaroop/Desktop/untitled folder 3/ecommerce_platform/venv/lib/python3.11/site-packages/airflow/example_dags/example_external_task_marker_dag.py
[2026-03-18T02:46:10.429+0530] {processor.py:830} INFO - Processing file /Users/vybhavswaroop/Desktop/untitled folder 3/ecommerce_platform/venv/lib/python3.11/site-packages/airflow/example_dags/example_external_task_marker_dag.py for tasks to queue
[2026-03-18T02:46:10.429+0530] {logging_mixin.py:188} INFO - [2026-03-18T02:46:10.429+0530] {dagbag.py:540} INFO - Filling up the DagBag from /Users/vybhavswaroop/Desktop/untitled folder 3/ecommerce_platform/venv/lib/python3.11/site-packages/airflow/example_dags/example_external_task_marker_dag.py
[2026-03-18T02:46:10.437+0530] {processor.py:840} INFO - DAG(s) 'example_external_task_marker_child', 'example_external_task_marker_parent' retrieved from /Users/vybhavswaroop/Desktop/untitled folder 3/ecommerce_platform/venv/lib/python3.11/site-packages/airflow/example_dags/example_external_task_marker_dag.py
[2026-03-18T02:46:10.507+0530] {logging_mixin.py:188} INFO - [2026-03-18T02:46:10.507+0530] {dag.py:3047} INFO - Sync 2 DAGs
[2026-03-18T02:46:10.513+0530] {logging_mixin.py:188} INFO - [2026-03-18T02:46:10.513+0530] {dag.py:3834} INFO - Setting next_dagrun for example_external_task_marker_child to None, run_after=None
[2026-03-18T02:46:10.515+0530] {logging_mixin.py:188} INFO - [2026-03-18T02:46:10.515+0530] {dag.py:3834} INFO - Setting next_dagrun for example_external_task_marker_parent to None, run_after=None
[2026-03-18T02:46:10.526+0530] {processor.py:183} INFO - Processing /Users/vybhavswaroop/Desktop/untitled folder 3/ecommerce_platform/venv/lib/python3.11/site-packages/airflow/example_dags/example_external_task_marker_dag.py took 0.099 seconds
[2026-03-18T02:50:57.539+0530] {processor.py:161} INFO - Started process (PID=91693) to work on /Users/vybhavswaroop/Desktop/untitled folder 3/ecommerce_platform/venv/lib/python3.11/site-packages/airflow/example_dags/example_external_task_marker_dag.py
[2026-03-18T02:50:57.541+0530] {processor.py:830} INFO - Processing file /Users/vybhavswaroop/Desktop/untitled folder 3/ecommerce_platform/venv/lib/python3.11/site-packages/airflow/example_dags/example_external_task_marker_dag.py for tasks to queue
[2026-03-18T02:50:57.542+0530] {logging_mixin.py:188} INFO - [2026-03-18T02:50:57.542+0530] {dagbag.py:540} INFO - Filling up the DagBag from /Users/vybhavswaroop/Desktop/untitled folder 3/ecommerce_platform/venv/lib/python3.11/site-packages/airflow/example_dags/example_external_task_marker_dag.py
[2026-03-18T02:50:57.548+0530] {processor.py:840} INFO - DAG(s) 'example_external_task_marker_child', 'example_external_task_marker_parent' retrieved from /Users/vybhavswaroop/Desktop/untitled folder 3/ecommerce_platform/venv/lib/python3.11/site-packages/airflow/example_dags/example_external_task_marker_dag.py
[2026-03-18T02:50:57.605+0530] {logging_mixin.py:188} INFO - [2026-03-18T02:50:57.605+0530] {dag.py:3047} INFO - Sync 2 DAGs
[2026-03-18T02:50:57.610+0530] {logging_mixin.py:188} INFO - [2026-03-18T02:50:57.610+0530] {dag.py:3834} INFO - Setting next_dagrun for example_external_task_marker_child to None, run_after=None
[2026-03-18T02:50:57.612+0530] {logging_mixin.py:188} INFO - [2026-03-18T02:50:57.611+0530] {dag.py:3834} INFO - Setting next_dagrun for example_external_task_marker_parent to None, run_after=None
[2026-03-18T02:50:57.620+0530] {processor.py:183} INFO - Processing /Users/vybhavswaroop/Desktop/untitled folder 3/ecommerce_platform/venv/lib/python3.11/site-packages/airflow/example_dags/example_external_task_marker_dag.py took 0.082 seconds
[2026-03-18T02:55:35.262+0530] {processor.py:161} INFO - Started process (PID=94956) to work on /Users/vybhavswaroop/Desktop/untitled folder 3/ecommerce_platform/venv/lib/python3.11/site-packages/airflow/example_dags/example_external_task_marker_dag.py
[2026-03-18T02:55:35.265+0530] {processor.py:830} INFO - Processing file /Users/vybhavswaroop/Desktop/untitled folder 3/ecommerce_platform/venv/lib/python3.11/site-packages/airflow/example_dags/example_external_task_marker_dag.py for tasks to queue
[2026-03-18T02:55:35.265+0530] {logging_mixin.py:188} INFO - [2026-03-18T02:55:35.265+0530] {dagbag.py:540} INFO - Filling up the DagBag from /Users/vybhavswaroop/Desktop/untitled folder 3/ecommerce_platform/venv/lib/python3.11/site-packages/airflow/example_dags/example_external_task_marker_dag.py
[2026-03-18T02:55:35.272+0530] {processor.py:840} INFO - DAG(s) 'example_external_task_marker_parent', 'example_external_task_marker_child' retrieved from /Users/vybhavswaroop/Desktop/untitled folder 3/ecommerce_platform/venv/lib/python3.11/site-packages/airflow/example_dags/example_external_task_marker_dag.py
[2026-03-18T02:55:35.332+0530] {logging_mixin.py:188} INFO - [2026-03-18T02:55:35.332+0530] {dag.py:3047} INFO - Sync 2 DAGs
[2026-03-18T02:55:35.337+0530] {logging_mixin.py:188} INFO - [2026-03-18T02:55:35.337+0530] {dag.py:3834} INFO - Setting next_dagrun for example_external_task_marker_child to None, run_after=None
[2026-03-18T02:55:35.338+0530] {logging_mixin.py:188} INFO - [2026-03-18T02:55:35.338+0530] {dag.py:3834} INFO - Setting next_dagrun for example_external_task_marker_parent to None, run_after=None
[2026-03-18T02:55:35.347+0530] {processor.py:183} INFO - Processing /Users/vybhavswaroop/Desktop/untitled folder 3/ecommerce_platform/venv/lib/python3.11/site-packages/airflow/example_dags/example_external_task_marker_dag.py took 0.085 seconds
