[2026-03-18T00:02:23.242+0530] {processor.py:161} INFO - Started process (PID=88203) to work on /Users/vybhavswaroop/Desktop/untitled folder 3/ecommerce_platform/venv/lib/python3.11/site-packages/airflow/example_dags/example_latest_only.py
[2026-03-18T00:02:23.242+0530] {processor.py:830} INFO - Processing file /Users/vybhavswaroop/Desktop/untitled folder 3/ecommerce_platform/venv/lib/python3.11/site-packages/airflow/example_dags/example_latest_only.py for tasks to queue
[2026-03-18T00:02:23.243+0530] {logging_mixin.py:188} INFO - [2026-03-18T00:02:23.243+0530] {dagbag.py:540} INFO - Filling up the DagBag from /Users/vybhavswaroop/Desktop/untitled folder 3/ecommerce_platform/venv/lib/python3.11/site-packages/airflow/example_dags/example_latest_only.py
[2026-03-18T00:02:23.246+0530] {processor.py:840} INFO - DAG(s) 'latest_only' retrieved from /Users/vybhavswaroop/Desktop/untitled folder 3/ecommerce_platform/venv/lib/python3.11/site-packages/airflow/example_dags/example_latest_only.py
[2026-03-18T00:02:23.314+0530] {logging_mixin.py:188} INFO - [2026-03-18T00:02:23.314+0530] {override.py:1769} INFO - Created Permission View: can read on DAG:latest_only
[2026-03-18T00:02:23.317+0530] {logging_mixin.py:188} INFO - [2026-03-18T00:02:23.317+0530] {override.py:1769} INFO - Created Permission View: can delete on DAG:latest_only
[2026-03-18T00:02:23.319+0530] {logging_mixin.py:188} INFO - [2026-03-18T00:02:23.319+0530] {override.py:1769} INFO - Created Permission View: can edit on DAG:latest_only
[2026-03-18T00:02:23.319+0530] {logging_mixin.py:188} INFO - [2026-03-18T00:02:23.319+0530] {dag.py:3047} INFO - Sync 1 DAGs
[2026-03-18T00:02:23.322+0530] {logging_mixin.py:188} INFO - [2026-03-18T00:02:23.322+0530] {dag.py:3069} INFO - Creating ORM DAG for latest_only
[2026-03-18T00:02:23.325+0530] {logging_mixin.py:188} INFO - [2026-03-18T00:02:23.325+0530] {dag.py:3834} INFO - Setting next_dagrun for latest_only to 2026-03-17 12:00:00+00:00, run_after=2026-03-17 16:00:00+00:00
[2026-03-18T00:02:23.331+0530] {processor.py:183} INFO - Processing /Users/vybhavswaroop/Desktop/untitled folder 3/ecommerce_platform/venv/lib/python3.11/site-packages/airflow/example_dags/example_latest_only.py took 0.090 seconds
[2026-03-18T00:04:37.958+0530] {processor.py:161} INFO - Started process (PID=90238) to work on /Users/vybhavswaroop/Desktop/untitled folder 3/ecommerce_platform/venv/lib/python3.11/site-packages/airflow/example_dags/example_latest_only.py
[2026-03-18T00:04:37.959+0530] {processor.py:830} INFO - Processing file /Users/vybhavswaroop/Desktop/untitled folder 3/ecommerce_platform/venv/lib/python3.11/site-packages/airflow/example_dags/example_latest_only.py for tasks to queue
[2026-03-18T00:04:37.959+0530] {logging_mixin.py:188} INFO - [2026-03-18T00:04:37.959+0530] {dagbag.py:540} INFO - Filling up the DagBag from /Users/vybhavswaroop/Desktop/untitled folder 3/ecommerce_platform/venv/lib/python3.11/site-packages/airflow/example_dags/example_latest_only.py
[2026-03-18T00:04:37.962+0530] {processor.py:840} INFO - DAG(s) 'latest_only' retrieved from /Users/vybhavswaroop/Desktop/untitled folder 3/ecommerce_platform/venv/lib/python3.11/site-packages/airflow/example_dags/example_latest_only.py
[2026-03-18T00:04:38.003+0530] {logging_mixin.py:188} INFO - [2026-03-18T00:04:38.003+0530] {dag.py:3047} INFO - Sync 1 DAGs
[2026-03-18T00:04:38.010+0530] {logging_mixin.py:188} INFO - [2026-03-18T00:04:38.010+0530] {dag.py:3834} INFO - Setting next_dagrun for latest_only to 2026-03-17 12:00:00+00:00, run_after=2026-03-17 16:00:00+00:00
[2026-03-18T00:04:38.017+0530] {processor.py:183} INFO - Processing /Users/vybhavswaroop/Desktop/untitled folder 3/ecommerce_platform/venv/lib/python3.11/site-packages/airflow/example_dags/example_latest_only.py took 0.060 seconds
[2026-03-18T00:08:21.960+0530] {processor.py:161} INFO - Started process (PID=93443) to work on /Users/vybhavswaroop/Desktop/untitled folder 3/ecommerce_platform/venv/lib/python3.11/site-packages/airflow/example_dags/example_latest_only.py
[2026-03-18T00:08:21.961+0530] {processor.py:830} INFO - Processing file /Users/vybhavswaroop/Desktop/untitled folder 3/ecommerce_platform/venv/lib/python3.11/site-packages/airflow/example_dags/example_latest_only.py for tasks to queue
[2026-03-18T00:08:21.961+0530] {logging_mixin.py:188} INFO - [2026-03-18T00:08:21.961+0530] {dagbag.py:540} INFO - Filling up the DagBag from /Users/vybhavswaroop/Desktop/untitled folder 3/ecommerce_platform/venv/lib/python3.11/site-packages/airflow/example_dags/example_latest_only.py
[2026-03-18T00:08:21.965+0530] {processor.py:840} INFO - DAG(s) 'latest_only' retrieved from /Users/vybhavswaroop/Desktop/untitled folder 3/ecommerce_platform/venv/lib/python3.11/site-packages/airflow/example_dags/example_latest_only.py
[2026-03-18T00:08:22.017+0530] {logging_mixin.py:188} INFO - [2026-03-18T00:08:22.016+0530] {dag.py:3047} INFO - Sync 1 DAGs
[2026-03-18T00:08:22.025+0530] {logging_mixin.py:188} INFO - [2026-03-18T00:08:22.025+0530] {dag.py:3834} INFO - Setting next_dagrun for latest_only to 2026-03-17 12:00:00+00:00, run_after=2026-03-17 16:00:00+00:00
[2026-03-18T00:08:22.035+0530] {processor.py:183} INFO - Processing /Users/vybhavswaroop/Desktop/untitled folder 3/ecommerce_platform/venv/lib/python3.11/site-packages/airflow/example_dags/example_latest_only.py took 0.076 seconds
[2026-03-18T00:13:19.822+0530] {processor.py:161} INFO - Started process (PID=96654) to work on /Users/vybhavswaroop/Desktop/untitled folder 3/ecommerce_platform/venv/lib/python3.11/site-packages/airflow/example_dags/example_latest_only.py
[2026-03-18T00:13:19.823+0530] {processor.py:830} INFO - Processing file /Users/vybhavswaroop/Desktop/untitled folder 3/ecommerce_platform/venv/lib/python3.11/site-packages/airflow/example_dags/example_latest_only.py for tasks to queue
[2026-03-18T00:13:19.824+0530] {logging_mixin.py:188} INFO - [2026-03-18T00:13:19.824+0530] {dagbag.py:540} INFO - Filling up the DagBag from /Users/vybhavswaroop/Desktop/untitled folder 3/ecommerce_platform/venv/lib/python3.11/site-packages/airflow/example_dags/example_latest_only.py
[2026-03-18T00:13:19.830+0530] {processor.py:840} INFO - DAG(s) 'latest_only' retrieved from /Users/vybhavswaroop/Desktop/untitled folder 3/ecommerce_platform/venv/lib/python3.11/site-packages/airflow/example_dags/example_latest_only.py
[2026-03-18T00:13:19.900+0530] {logging_mixin.py:188} INFO - [2026-03-18T00:13:19.900+0530] {dag.py:3047} INFO - Sync 1 DAGs
[2026-03-18T00:13:19.913+0530] {logging_mixin.py:188} INFO - [2026-03-18T00:13:19.912+0530] {dag.py:3834} INFO - Setting next_dagrun for latest_only to 2026-03-17 12:00:00+00:00, run_after=2026-03-17 16:00:00+00:00
[2026-03-18T00:13:19.926+0530] {processor.py:183} INFO - Processing /Users/vybhavswaroop/Desktop/untitled folder 3/ecommerce_platform/venv/lib/python3.11/site-packages/airflow/example_dags/example_latest_only.py took 0.105 seconds
[2026-03-18T00:18:32.847+0530] {processor.py:161} INFO - Started process (PID=99901) to work on /Users/vybhavswaroop/Desktop/untitled folder 3/ecommerce_platform/venv/lib/python3.11/site-packages/airflow/example_dags/example_latest_only.py
[2026-03-18T00:18:32.848+0530] {processor.py:830} INFO - Processing file /Users/vybhavswaroop/Desktop/untitled folder 3/ecommerce_platform/venv/lib/python3.11/site-packages/airflow/example_dags/example_latest_only.py for tasks to queue
[2026-03-18T00:18:32.848+0530] {logging_mixin.py:188} INFO - [2026-03-18T00:18:32.848+0530] {dagbag.py:540} INFO - Filling up the DagBag from /Users/vybhavswaroop/Desktop/untitled folder 3/ecommerce_platform/venv/lib/python3.11/site-packages/airflow/example_dags/example_latest_only.py
[2026-03-18T00:18:32.854+0530] {processor.py:840} INFO - DAG(s) 'latest_only' retrieved from /Users/vybhavswaroop/Desktop/untitled folder 3/ecommerce_platform/venv/lib/python3.11/site-packages/airflow/example_dags/example_latest_only.py
[2026-03-18T00:18:32.931+0530] {logging_mixin.py:188} INFO - [2026-03-18T00:18:32.930+0530] {dag.py:3047} INFO - Sync 1 DAGs
[2026-03-18T00:18:32.942+0530] {logging_mixin.py:188} INFO - [2026-03-18T00:18:32.942+0530] {dag.py:3834} INFO - Setting next_dagrun for latest_only to 2026-03-17 12:00:00+00:00, run_after=2026-03-17 16:00:00+00:00
[2026-03-18T00:18:32.956+0530] {processor.py:183} INFO - Processing /Users/vybhavswaroop/Desktop/untitled folder 3/ecommerce_platform/venv/lib/python3.11/site-packages/airflow/example_dags/example_latest_only.py took 0.110 seconds
[2026-03-18T00:23:50.937+0530] {processor.py:161} INFO - Started process (PID=3766) to work on /Users/vybhavswaroop/Desktop/untitled folder 3/ecommerce_platform/venv/lib/python3.11/site-packages/airflow/example_dags/example_latest_only.py
[2026-03-18T00:23:50.939+0530] {processor.py:830} INFO - Processing file /Users/vybhavswaroop/Desktop/untitled folder 3/ecommerce_platform/venv/lib/python3.11/site-packages/airflow/example_dags/example_latest_only.py for tasks to queue
[2026-03-18T00:23:50.939+0530] {logging_mixin.py:188} INFO - [2026-03-18T00:23:50.939+0530] {dagbag.py:540} INFO - Filling up the DagBag from /Users/vybhavswaroop/Desktop/untitled folder 3/ecommerce_platform/venv/lib/python3.11/site-packages/airflow/example_dags/example_latest_only.py
[2026-03-18T00:23:50.945+0530] {processor.py:840} INFO - DAG(s) 'latest_only' retrieved from /Users/vybhavswaroop/Desktop/untitled folder 3/ecommerce_platform/venv/lib/python3.11/site-packages/airflow/example_dags/example_latest_only.py
[2026-03-18T00:23:51.016+0530] {logging_mixin.py:188} INFO - [2026-03-18T00:23:51.016+0530] {dag.py:3047} INFO - Sync 1 DAGs
[2026-03-18T00:23:51.028+0530] {logging_mixin.py:188} INFO - [2026-03-18T00:23:51.028+0530] {dag.py:3834} INFO - Setting next_dagrun for latest_only to 2026-03-17 12:00:00+00:00, run_after=2026-03-17 16:00:00+00:00
[2026-03-18T00:23:51.044+0530] {processor.py:183} INFO - Processing /Users/vybhavswaroop/Desktop/untitled folder 3/ecommerce_platform/venv/lib/python3.11/site-packages/airflow/example_dags/example_latest_only.py took 0.108 seconds
[2026-03-18T00:29:26.462+0530] {processor.py:161} INFO - Started process (PID=6844) to work on /Users/vybhavswaroop/Desktop/untitled folder 3/ecommerce_platform/venv/lib/python3.11/site-packages/airflow/example_dags/example_latest_only.py
[2026-03-18T00:29:26.463+0530] {processor.py:830} INFO - Processing file /Users/vybhavswaroop/Desktop/untitled folder 3/ecommerce_platform/venv/lib/python3.11/site-packages/airflow/example_dags/example_latest_only.py for tasks to queue
[2026-03-18T00:29:26.463+0530] {logging_mixin.py:188} INFO - [2026-03-18T00:29:26.463+0530] {dagbag.py:540} INFO - Filling up the DagBag from /Users/vybhavswaroop/Desktop/untitled folder 3/ecommerce_platform/venv/lib/python3.11/site-packages/airflow/example_dags/example_latest_only.py
[2026-03-18T00:29:26.469+0530] {processor.py:840} INFO - DAG(s) 'latest_only' retrieved from /Users/vybhavswaroop/Desktop/untitled folder 3/ecommerce_platform/venv/lib/python3.11/site-packages/airflow/example_dags/example_latest_only.py
[2026-03-18T00:29:26.531+0530] {logging_mixin.py:188} INFO - [2026-03-18T00:29:26.531+0530] {dag.py:3047} INFO - Sync 1 DAGs
[2026-03-18T00:29:26.541+0530] {logging_mixin.py:188} INFO - [2026-03-18T00:29:26.541+0530] {dag.py:3834} INFO - Setting next_dagrun for latest_only to 2026-03-17 12:00:00+00:00, run_after=2026-03-17 16:00:00+00:00
[2026-03-18T00:29:26.552+0530] {processor.py:183} INFO - Processing /Users/vybhavswaroop/Desktop/untitled folder 3/ecommerce_platform/venv/lib/python3.11/site-packages/airflow/example_dags/example_latest_only.py took 0.091 seconds
[2026-03-18T00:34:44.132+0530] {processor.py:161} INFO - Started process (PID=10023) to work on /Users/vybhavswaroop/Desktop/untitled folder 3/ecommerce_platform/venv/lib/python3.11/site-packages/airflow/example_dags/example_latest_only.py
[2026-03-18T00:34:44.133+0530] {processor.py:830} INFO - Processing file /Users/vybhavswaroop/Desktop/untitled folder 3/ecommerce_platform/venv/lib/python3.11/site-packages/airflow/example_dags/example_latest_only.py for tasks to queue
[2026-03-18T00:34:44.134+0530] {logging_mixin.py:188} INFO - [2026-03-18T00:34:44.134+0530] {dagbag.py:540} INFO - Filling up the DagBag from /Users/vybhavswaroop/Desktop/untitled folder 3/ecommerce_platform/venv/lib/python3.11/site-packages/airflow/example_dags/example_latest_only.py
[2026-03-18T00:34:44.139+0530] {processor.py:840} INFO - DAG(s) 'latest_only' retrieved from /Users/vybhavswaroop/Desktop/untitled folder 3/ecommerce_platform/venv/lib/python3.11/site-packages/airflow/example_dags/example_latest_only.py
[2026-03-18T00:34:44.211+0530] {logging_mixin.py:188} INFO - [2026-03-18T00:34:44.211+0530] {dag.py:3047} INFO - Sync 1 DAGs
[2026-03-18T00:34:44.222+0530] {logging_mixin.py:188} INFO - [2026-03-18T00:34:44.222+0530] {dag.py:3834} INFO - Setting next_dagrun for latest_only to 2026-03-17 12:00:00+00:00, run_after=2026-03-17 16:00:00+00:00
[2026-03-18T00:34:44.234+0530] {processor.py:183} INFO - Processing /Users/vybhavswaroop/Desktop/untitled folder 3/ecommerce_platform/venv/lib/python3.11/site-packages/airflow/example_dags/example_latest_only.py took 0.103 seconds
[2026-03-18T00:40:13.621+0530] {processor.py:161} INFO - Started process (PID=13263) to work on /Users/vybhavswaroop/Desktop/untitled folder 3/ecommerce_platform/venv/lib/python3.11/site-packages/airflow/example_dags/example_latest_only.py
[2026-03-18T00:40:13.624+0530] {processor.py:830} INFO - Processing file /Users/vybhavswaroop/Desktop/untitled folder 3/ecommerce_platform/venv/lib/python3.11/site-packages/airflow/example_dags/example_latest_only.py for tasks to queue
[2026-03-18T00:40:13.625+0530] {logging_mixin.py:188} INFO - [2026-03-18T00:40:13.625+0530] {dagbag.py:540} INFO - Filling up the DagBag from /Users/vybhavswaroop/Desktop/untitled folder 3/ecommerce_platform/venv/lib/python3.11/site-packages/airflow/example_dags/example_latest_only.py
[2026-03-18T00:40:13.630+0530] {processor.py:840} INFO - DAG(s) 'latest_only' retrieved from /Users/vybhavswaroop/Desktop/untitled folder 3/ecommerce_platform/venv/lib/python3.11/site-packages/airflow/example_dags/example_latest_only.py
[2026-03-18T00:40:13.705+0530] {logging_mixin.py:188} INFO - [2026-03-18T00:40:13.705+0530] {dag.py:3047} INFO - Sync 1 DAGs
[2026-03-18T00:40:13.717+0530] {logging_mixin.py:188} INFO - [2026-03-18T00:40:13.717+0530] {dag.py:3834} INFO - Setting next_dagrun for latest_only to 2026-03-17 12:00:00+00:00, run_after=2026-03-17 16:00:00+00:00
[2026-03-18T00:40:13.730+0530] {processor.py:183} INFO - Processing /Users/vybhavswaroop/Desktop/untitled folder 3/ecommerce_platform/venv/lib/python3.11/site-packages/airflow/example_dags/example_latest_only.py took 0.110 seconds
[2026-03-18T00:43:03.599+0530] {processor.py:161} INFO - Started process (PID=14937) to work on /Users/vybhavswaroop/Desktop/untitled folder 3/ecommerce_platform/venv/lib/python3.11/site-packages/airflow/example_dags/example_latest_only.py
[2026-03-18T00:43:03.601+0530] {processor.py:830} INFO - Processing file /Users/vybhavswaroop/Desktop/untitled folder 3/ecommerce_platform/venv/lib/python3.11/site-packages/airflow/example_dags/example_latest_only.py for tasks to queue
[2026-03-18T00:43:03.601+0530] {logging_mixin.py:188} INFO - [2026-03-18T00:43:03.601+0530] {dagbag.py:540} INFO - Filling up the DagBag from /Users/vybhavswaroop/Desktop/untitled folder 3/ecommerce_platform/venv/lib/python3.11/site-packages/airflow/example_dags/example_latest_only.py
[2026-03-18T00:43:03.606+0530] {processor.py:840} INFO - DAG(s) 'latest_only' retrieved from /Users/vybhavswaroop/Desktop/untitled folder 3/ecommerce_platform/venv/lib/python3.11/site-packages/airflow/example_dags/example_latest_only.py
[2026-03-18T00:43:03.670+0530] {logging_mixin.py:188} INFO - [2026-03-18T00:43:03.670+0530] {dag.py:3047} INFO - Sync 1 DAGs
[2026-03-18T00:43:03.681+0530] {logging_mixin.py:188} INFO - [2026-03-18T00:43:03.681+0530] {dag.py:3834} INFO - Setting next_dagrun for latest_only to 2026-03-17 12:00:00+00:00, run_after=2026-03-17 16:00:00+00:00
[2026-03-18T00:43:03.693+0530] {processor.py:183} INFO - Processing /Users/vybhavswaroop/Desktop/untitled folder 3/ecommerce_platform/venv/lib/python3.11/site-packages/airflow/example_dags/example_latest_only.py took 0.094 seconds
[2026-03-18T00:48:24.761+0530] {processor.py:161} INFO - Started process (PID=18190) to work on /Users/vybhavswaroop/Desktop/untitled folder 3/ecommerce_platform/venv/lib/python3.11/site-packages/airflow/example_dags/example_latest_only.py
[2026-03-18T00:48:24.762+0530] {processor.py:830} INFO - Processing file /Users/vybhavswaroop/Desktop/untitled folder 3/ecommerce_platform/venv/lib/python3.11/site-packages/airflow/example_dags/example_latest_only.py for tasks to queue
[2026-03-18T00:48:24.763+0530] {logging_mixin.py:188} INFO - [2026-03-18T00:48:24.763+0530] {dagbag.py:540} INFO - Filling up the DagBag from /Users/vybhavswaroop/Desktop/untitled folder 3/ecommerce_platform/venv/lib/python3.11/site-packages/airflow/example_dags/example_latest_only.py
[2026-03-18T00:48:24.768+0530] {processor.py:840} INFO - DAG(s) 'latest_only' retrieved from /Users/vybhavswaroop/Desktop/untitled folder 3/ecommerce_platform/venv/lib/python3.11/site-packages/airflow/example_dags/example_latest_only.py
[2026-03-18T00:48:24.831+0530] {logging_mixin.py:188} INFO - [2026-03-18T00:48:24.830+0530] {dag.py:3047} INFO - Sync 1 DAGs
[2026-03-18T00:48:24.841+0530] {logging_mixin.py:188} INFO - [2026-03-18T00:48:24.841+0530] {dag.py:3834} INFO - Setting next_dagrun for latest_only to 2026-03-17 12:00:00+00:00, run_after=2026-03-17 16:00:00+00:00
[2026-03-18T00:48:24.853+0530] {processor.py:183} INFO - Processing /Users/vybhavswaroop/Desktop/untitled folder 3/ecommerce_platform/venv/lib/python3.11/site-packages/airflow/example_dags/example_latest_only.py took 0.093 seconds
[2026-03-18T00:53:54.347+0530] {processor.py:161} INFO - Started process (PID=21462) to work on /Users/vybhavswaroop/Desktop/untitled folder 3/ecommerce_platform/venv/lib/python3.11/site-packages/airflow/example_dags/example_latest_only.py
[2026-03-18T00:53:54.349+0530] {processor.py:830} INFO - Processing file /Users/vybhavswaroop/Desktop/untitled folder 3/ecommerce_platform/venv/lib/python3.11/site-packages/airflow/example_dags/example_latest_only.py for tasks to queue
[2026-03-18T00:53:54.350+0530] {logging_mixin.py:188} INFO - [2026-03-18T00:53:54.350+0530] {dagbag.py:540} INFO - Filling up the DagBag from /Users/vybhavswaroop/Desktop/untitled folder 3/ecommerce_platform/venv/lib/python3.11/site-packages/airflow/example_dags/example_latest_only.py
[2026-03-18T00:53:54.356+0530] {processor.py:840} INFO - DAG(s) 'latest_only' retrieved from /Users/vybhavswaroop/Desktop/untitled folder 3/ecommerce_platform/venv/lib/python3.11/site-packages/airflow/example_dags/example_latest_only.py
[2026-03-18T00:53:54.427+0530] {logging_mixin.py:188} INFO - [2026-03-18T00:53:54.426+0530] {dag.py:3047} INFO - Sync 1 DAGs
[2026-03-18T00:53:54.438+0530] {logging_mixin.py:188} INFO - [2026-03-18T00:53:54.438+0530] {dag.py:3834} INFO - Setting next_dagrun for latest_only to 2026-03-17 12:00:00+00:00, run_after=2026-03-17 16:00:00+00:00
[2026-03-18T00:53:54.451+0530] {processor.py:183} INFO - Processing /Users/vybhavswaroop/Desktop/untitled folder 3/ecommerce_platform/venv/lib/python3.11/site-packages/airflow/example_dags/example_latest_only.py took 0.105 seconds
[2026-03-18T01:01:06.974+0530] {processor.py:161} INFO - Started process (PID=26296) to work on /Users/vybhavswaroop/Desktop/untitled folder 3/ecommerce_platform/venv/lib/python3.11/site-packages/airflow/example_dags/example_latest_only.py
[2026-03-18T01:01:06.976+0530] {processor.py:830} INFO - Processing file /Users/vybhavswaroop/Desktop/untitled folder 3/ecommerce_platform/venv/lib/python3.11/site-packages/airflow/example_dags/example_latest_only.py for tasks to queue
[2026-03-18T01:01:06.976+0530] {logging_mixin.py:188} INFO - [2026-03-18T01:01:06.976+0530] {dagbag.py:540} INFO - Filling up the DagBag from /Users/vybhavswaroop/Desktop/untitled folder 3/ecommerce_platform/venv/lib/python3.11/site-packages/airflow/example_dags/example_latest_only.py
[2026-03-18T01:01:06.981+0530] {processor.py:840} INFO - DAG(s) 'latest_only' retrieved from /Users/vybhavswaroop/Desktop/untitled folder 3/ecommerce_platform/venv/lib/python3.11/site-packages/airflow/example_dags/example_latest_only.py
[2026-03-18T01:01:07.045+0530] {logging_mixin.py:188} INFO - [2026-03-18T01:01:07.044+0530] {dag.py:3047} INFO - Sync 1 DAGs
[2026-03-18T01:01:07.055+0530] {logging_mixin.py:188} INFO - [2026-03-18T01:01:07.055+0530] {dag.py:3834} INFO - Setting next_dagrun for latest_only to 2026-03-17 12:00:00+00:00, run_after=2026-03-17 16:00:00+00:00
[2026-03-18T01:01:07.066+0530] {processor.py:183} INFO - Processing /Users/vybhavswaroop/Desktop/untitled folder 3/ecommerce_platform/venv/lib/python3.11/site-packages/airflow/example_dags/example_latest_only.py took 0.092 seconds
[2026-03-18T01:04:20.660+0530] {processor.py:161} INFO - Started process (PID=28240) to work on /Users/vybhavswaroop/Desktop/untitled folder 3/ecommerce_platform/venv/lib/python3.11/site-packages/airflow/example_dags/example_latest_only.py
[2026-03-18T01:04:20.662+0530] {processor.py:830} INFO - Processing file /Users/vybhavswaroop/Desktop/untitled folder 3/ecommerce_platform/venv/lib/python3.11/site-packages/airflow/example_dags/example_latest_only.py for tasks to queue
[2026-03-18T01:04:20.663+0530] {logging_mixin.py:188} INFO - [2026-03-18T01:04:20.663+0530] {dagbag.py:540} INFO - Filling up the DagBag from /Users/vybhavswaroop/Desktop/untitled folder 3/ecommerce_platform/venv/lib/python3.11/site-packages/airflow/example_dags/example_latest_only.py
[2026-03-18T01:04:20.669+0530] {processor.py:840} INFO - DAG(s) 'latest_only' retrieved from /Users/vybhavswaroop/Desktop/untitled folder 3/ecommerce_platform/venv/lib/python3.11/site-packages/airflow/example_dags/example_latest_only.py
[2026-03-18T01:04:20.751+0530] {logging_mixin.py:188} INFO - [2026-03-18T01:04:20.751+0530] {dag.py:3047} INFO - Sync 1 DAGs
[2026-03-18T01:04:20.765+0530] {logging_mixin.py:188} INFO - [2026-03-18T01:04:20.765+0530] {dag.py:3834} INFO - Setting next_dagrun for latest_only to 2026-03-17 12:00:00+00:00, run_after=2026-03-17 16:00:00+00:00
[2026-03-18T01:04:20.779+0530] {processor.py:183} INFO - Processing /Users/vybhavswaroop/Desktop/untitled folder 3/ecommerce_platform/venv/lib/python3.11/site-packages/airflow/example_dags/example_latest_only.py took 0.119 seconds
[2026-03-18T01:09:52.039+0530] {processor.py:161} INFO - Started process (PID=31524) to work on /Users/vybhavswaroop/Desktop/untitled folder 3/ecommerce_platform/venv/lib/python3.11/site-packages/airflow/example_dags/example_latest_only.py
[2026-03-18T01:09:52.041+0530] {processor.py:830} INFO - Processing file /Users/vybhavswaroop/Desktop/untitled folder 3/ecommerce_platform/venv/lib/python3.11/site-packages/airflow/example_dags/example_latest_only.py for tasks to queue
[2026-03-18T01:09:52.042+0530] {logging_mixin.py:188} INFO - [2026-03-18T01:09:52.041+0530] {dagbag.py:540} INFO - Filling up the DagBag from /Users/vybhavswaroop/Desktop/untitled folder 3/ecommerce_platform/venv/lib/python3.11/site-packages/airflow/example_dags/example_latest_only.py
[2026-03-18T01:09:52.049+0530] {processor.py:840} INFO - DAG(s) 'latest_only' retrieved from /Users/vybhavswaroop/Desktop/untitled folder 3/ecommerce_platform/venv/lib/python3.11/site-packages/airflow/example_dags/example_latest_only.py
[2026-03-18T01:09:52.154+0530] {logging_mixin.py:188} INFO - [2026-03-18T01:09:52.154+0530] {dag.py:3047} INFO - Sync 1 DAGs
[2026-03-18T01:09:52.173+0530] {logging_mixin.py:188} INFO - [2026-03-18T01:09:52.173+0530] {dag.py:3834} INFO - Setting next_dagrun for latest_only to 2026-03-17 12:00:00+00:00, run_after=2026-03-17 16:00:00+00:00
[2026-03-18T01:09:52.194+0530] {processor.py:183} INFO - Processing /Users/vybhavswaroop/Desktop/untitled folder 3/ecommerce_platform/venv/lib/python3.11/site-packages/airflow/example_dags/example_latest_only.py took 0.157 seconds
[2026-03-18T01:15:21.653+0530] {processor.py:161} INFO - Started process (PID=34786) to work on /Users/vybhavswaroop/Desktop/untitled folder 3/ecommerce_platform/venv/lib/python3.11/site-packages/airflow/example_dags/example_latest_only.py
[2026-03-18T01:15:21.654+0530] {processor.py:830} INFO - Processing file /Users/vybhavswaroop/Desktop/untitled folder 3/ecommerce_platform/venv/lib/python3.11/site-packages/airflow/example_dags/example_latest_only.py for tasks to queue
[2026-03-18T01:15:21.654+0530] {logging_mixin.py:188} INFO - [2026-03-18T01:15:21.654+0530] {dagbag.py:540} INFO - Filling up the DagBag from /Users/vybhavswaroop/Desktop/untitled folder 3/ecommerce_platform/venv/lib/python3.11/site-packages/airflow/example_dags/example_latest_only.py
[2026-03-18T01:15:21.659+0530] {processor.py:840} INFO - DAG(s) 'latest_only' retrieved from /Users/vybhavswaroop/Desktop/untitled folder 3/ecommerce_platform/venv/lib/python3.11/site-packages/airflow/example_dags/example_latest_only.py
[2026-03-18T01:15:21.726+0530] {logging_mixin.py:188} INFO - [2026-03-18T01:15:21.725+0530] {dag.py:3047} INFO - Sync 1 DAGs
[2026-03-18T01:15:21.737+0530] {logging_mixin.py:188} INFO - [2026-03-18T01:15:21.736+0530] {dag.py:3834} INFO - Setting next_dagrun for latest_only to 2026-03-17 12:00:00+00:00, run_after=2026-03-17 16:00:00+00:00
[2026-03-18T01:15:21.750+0530] {processor.py:183} INFO - Processing /Users/vybhavswaroop/Desktop/untitled folder 3/ecommerce_platform/venv/lib/python3.11/site-packages/airflow/example_dags/example_latest_only.py took 0.098 seconds
[2026-03-18T01:20:40.026+0530] {processor.py:161} INFO - Started process (PID=38038) to work on /Users/vybhavswaroop/Desktop/untitled folder 3/ecommerce_platform/venv/lib/python3.11/site-packages/airflow/example_dags/example_latest_only.py
[2026-03-18T01:20:40.027+0530] {processor.py:830} INFO - Processing file /Users/vybhavswaroop/Desktop/untitled folder 3/ecommerce_platform/venv/lib/python3.11/site-packages/airflow/example_dags/example_latest_only.py for tasks to queue
[2026-03-18T01:20:40.028+0530] {logging_mixin.py:188} INFO - [2026-03-18T01:20:40.028+0530] {dagbag.py:540} INFO - Filling up the DagBag from /Users/vybhavswaroop/Desktop/untitled folder 3/ecommerce_platform/venv/lib/python3.11/site-packages/airflow/example_dags/example_latest_only.py
[2026-03-18T01:20:40.033+0530] {processor.py:840} INFO - DAG(s) 'latest_only' retrieved from /Users/vybhavswaroop/Desktop/untitled folder 3/ecommerce_platform/venv/lib/python3.11/site-packages/airflow/example_dags/example_latest_only.py
[2026-03-18T01:20:40.090+0530] {logging_mixin.py:188} INFO - [2026-03-18T01:20:40.090+0530] {dag.py:3047} INFO - Sync 1 DAGs
[2026-03-18T01:20:40.099+0530] {logging_mixin.py:188} INFO - [2026-03-18T01:20:40.099+0530] {dag.py:3834} INFO - Setting next_dagrun for latest_only to 2026-03-17 12:00:00+00:00, run_after=2026-03-17 16:00:00+00:00
[2026-03-18T01:20:40.110+0530] {processor.py:183} INFO - Processing /Users/vybhavswaroop/Desktop/untitled folder 3/ecommerce_platform/venv/lib/python3.11/site-packages/airflow/example_dags/example_latest_only.py took 0.085 seconds
[2026-03-18T01:25:36.618+0530] {processor.py:161} INFO - Started process (PID=41192) to work on /Users/vybhavswaroop/Desktop/untitled folder 3/ecommerce_platform/venv/lib/python3.11/site-packages/airflow/example_dags/example_latest_only.py
[2026-03-18T01:25:36.619+0530] {processor.py:830} INFO - Processing file /Users/vybhavswaroop/Desktop/untitled folder 3/ecommerce_platform/venv/lib/python3.11/site-packages/airflow/example_dags/example_latest_only.py for tasks to queue
[2026-03-18T01:25:36.620+0530] {logging_mixin.py:188} INFO - [2026-03-18T01:25:36.619+0530] {dagbag.py:540} INFO - Filling up the DagBag from /Users/vybhavswaroop/Desktop/untitled folder 3/ecommerce_platform/venv/lib/python3.11/site-packages/airflow/example_dags/example_latest_only.py
[2026-03-18T01:25:36.624+0530] {processor.py:840} INFO - DAG(s) 'latest_only' retrieved from /Users/vybhavswaroop/Desktop/untitled folder 3/ecommerce_platform/venv/lib/python3.11/site-packages/airflow/example_dags/example_latest_only.py
[2026-03-18T01:25:36.686+0530] {logging_mixin.py:188} INFO - [2026-03-18T01:25:36.686+0530] {dag.py:3047} INFO - Sync 1 DAGs
[2026-03-18T01:25:36.695+0530] {logging_mixin.py:188} INFO - [2026-03-18T01:25:36.695+0530] {dag.py:3834} INFO - Setting next_dagrun for latest_only to 2026-03-17 12:00:00+00:00, run_after=2026-03-17 16:00:00+00:00
[2026-03-18T01:25:36.707+0530] {processor.py:183} INFO - Processing /Users/vybhavswaroop/Desktop/untitled folder 3/ecommerce_platform/venv/lib/python3.11/site-packages/airflow/example_dags/example_latest_only.py took 0.090 seconds
[2026-03-18T01:30:31.552+0530] {processor.py:161} INFO - Started process (PID=44374) to work on /Users/vybhavswaroop/Desktop/untitled folder 3/ecommerce_platform/venv/lib/python3.11/site-packages/airflow/example_dags/example_latest_only.py
[2026-03-18T01:30:31.554+0530] {processor.py:830} INFO - Processing file /Users/vybhavswaroop/Desktop/untitled folder 3/ecommerce_platform/venv/lib/python3.11/site-packages/airflow/example_dags/example_latest_only.py for tasks to queue
[2026-03-18T01:30:31.554+0530] {logging_mixin.py:188} INFO - [2026-03-18T01:30:31.554+0530] {dagbag.py:540} INFO - Filling up the DagBag from /Users/vybhavswaroop/Desktop/untitled folder 3/ecommerce_platform/venv/lib/python3.11/site-packages/airflow/example_dags/example_latest_only.py
[2026-03-18T01:30:31.559+0530] {processor.py:840} INFO - DAG(s) 'latest_only' retrieved from /Users/vybhavswaroop/Desktop/untitled folder 3/ecommerce_platform/venv/lib/python3.11/site-packages/airflow/example_dags/example_latest_only.py
[2026-03-18T01:30:31.626+0530] {logging_mixin.py:188} INFO - [2026-03-18T01:30:31.626+0530] {dag.py:3047} INFO - Sync 1 DAGs
[2026-03-18T01:30:31.636+0530] {logging_mixin.py:188} INFO - [2026-03-18T01:30:31.636+0530] {dag.py:3834} INFO - Setting next_dagrun for latest_only to 2026-03-17 16:00:00+00:00, run_after=2026-03-17 20:00:00+00:00
[2026-03-18T01:30:31.649+0530] {processor.py:183} INFO - Processing /Users/vybhavswaroop/Desktop/untitled folder 3/ecommerce_platform/venv/lib/python3.11/site-packages/airflow/example_dags/example_latest_only.py took 0.098 seconds
[2026-03-18T01:35:36.571+0530] {processor.py:161} INFO - Started process (PID=47536) to work on /Users/vybhavswaroop/Desktop/untitled folder 3/ecommerce_platform/venv/lib/python3.11/site-packages/airflow/example_dags/example_latest_only.py
[2026-03-18T01:35:36.573+0530] {processor.py:830} INFO - Processing file /Users/vybhavswaroop/Desktop/untitled folder 3/ecommerce_platform/venv/lib/python3.11/site-packages/airflow/example_dags/example_latest_only.py for tasks to queue
[2026-03-18T01:35:36.573+0530] {logging_mixin.py:188} INFO - [2026-03-18T01:35:36.573+0530] {dagbag.py:540} INFO - Filling up the DagBag from /Users/vybhavswaroop/Desktop/untitled folder 3/ecommerce_platform/venv/lib/python3.11/site-packages/airflow/example_dags/example_latest_only.py
[2026-03-18T01:35:36.577+0530] {processor.py:840} INFO - DAG(s) 'latest_only' retrieved from /Users/vybhavswaroop/Desktop/untitled folder 3/ecommerce_platform/venv/lib/python3.11/site-packages/airflow/example_dags/example_latest_only.py
[2026-03-18T01:35:36.638+0530] {logging_mixin.py:188} INFO - [2026-03-18T01:35:36.638+0530] {dag.py:3047} INFO - Sync 1 DAGs
[2026-03-18T01:35:36.648+0530] {logging_mixin.py:188} INFO - [2026-03-18T01:35:36.648+0530] {dag.py:3834} INFO - Setting next_dagrun for latest_only to 2026-03-17 16:00:00+00:00, run_after=2026-03-17 20:00:00+00:00
[2026-03-18T01:35:36.659+0530] {processor.py:183} INFO - Processing /Users/vybhavswaroop/Desktop/untitled folder 3/ecommerce_platform/venv/lib/python3.11/site-packages/airflow/example_dags/example_latest_only.py took 0.088 seconds
[2026-03-18T01:40:54.412+0530] {processor.py:161} INFO - Started process (PID=50663) to work on /Users/vybhavswaroop/Desktop/untitled folder 3/ecommerce_platform/venv/lib/python3.11/site-packages/airflow/example_dags/example_latest_only.py
[2026-03-18T01:40:54.414+0530] {processor.py:830} INFO - Processing file /Users/vybhavswaroop/Desktop/untitled folder 3/ecommerce_platform/venv/lib/python3.11/site-packages/airflow/example_dags/example_latest_only.py for tasks to queue
[2026-03-18T01:40:54.415+0530] {logging_mixin.py:188} INFO - [2026-03-18T01:40:54.414+0530] {dagbag.py:540} INFO - Filling up the DagBag from /Users/vybhavswaroop/Desktop/untitled folder 3/ecommerce_platform/venv/lib/python3.11/site-packages/airflow/example_dags/example_latest_only.py
[2026-03-18T01:40:54.421+0530] {processor.py:840} INFO - DAG(s) 'latest_only' retrieved from /Users/vybhavswaroop/Desktop/untitled folder 3/ecommerce_platform/venv/lib/python3.11/site-packages/airflow/example_dags/example_latest_only.py
[2026-03-18T01:40:54.507+0530] {logging_mixin.py:188} INFO - [2026-03-18T01:40:54.507+0530] {dag.py:3047} INFO - Sync 1 DAGs
[2026-03-18T01:40:54.521+0530] {logging_mixin.py:188} INFO - [2026-03-18T01:40:54.521+0530] {dag.py:3834} INFO - Setting next_dagrun for latest_only to 2026-03-17 16:00:00+00:00, run_after=2026-03-17 20:00:00+00:00
[2026-03-18T01:40:54.538+0530] {processor.py:183} INFO - Processing /Users/vybhavswaroop/Desktop/untitled folder 3/ecommerce_platform/venv/lib/python3.11/site-packages/airflow/example_dags/example_latest_only.py took 0.127 seconds
[2026-03-18T01:46:33.219+0530] {processor.py:161} INFO - Started process (PID=53715) to work on /Users/vybhavswaroop/Desktop/untitled folder 3/ecommerce_platform/venv/lib/python3.11/site-packages/airflow/example_dags/example_latest_only.py
[2026-03-18T01:46:33.220+0530] {processor.py:830} INFO - Processing file /Users/vybhavswaroop/Desktop/untitled folder 3/ecommerce_platform/venv/lib/python3.11/site-packages/airflow/example_dags/example_latest_only.py for tasks to queue
[2026-03-18T01:46:33.220+0530] {logging_mixin.py:188} INFO - [2026-03-18T01:46:33.220+0530] {dagbag.py:540} INFO - Filling up the DagBag from /Users/vybhavswaroop/Desktop/untitled folder 3/ecommerce_platform/venv/lib/python3.11/site-packages/airflow/example_dags/example_latest_only.py
[2026-03-18T01:46:33.227+0530] {processor.py:840} INFO - DAG(s) 'latest_only' retrieved from /Users/vybhavswaroop/Desktop/untitled folder 3/ecommerce_platform/venv/lib/python3.11/site-packages/airflow/example_dags/example_latest_only.py
[2026-03-18T01:46:33.316+0530] {logging_mixin.py:188} INFO - [2026-03-18T01:46:33.315+0530] {dag.py:3047} INFO - Sync 1 DAGs
[2026-03-18T01:46:33.330+0530] {logging_mixin.py:188} INFO - [2026-03-18T01:46:33.329+0530] {dag.py:3834} INFO - Setting next_dagrun for latest_only to 2026-03-17 16:00:00+00:00, run_after=2026-03-17 20:00:00+00:00
[2026-03-18T01:46:33.346+0530] {processor.py:183} INFO - Processing /Users/vybhavswaroop/Desktop/untitled folder 3/ecommerce_platform/venv/lib/python3.11/site-packages/airflow/example_dags/example_latest_only.py took 0.128 seconds
[2026-03-18T01:52:15.163+0530] {processor.py:161} INFO - Started process (PID=56814) to work on /Users/vybhavswaroop/Desktop/untitled folder 3/ecommerce_platform/venv/lib/python3.11/site-packages/airflow/example_dags/example_latest_only.py
[2026-03-18T01:52:15.165+0530] {processor.py:830} INFO - Processing file /Users/vybhavswaroop/Desktop/untitled folder 3/ecommerce_platform/venv/lib/python3.11/site-packages/airflow/example_dags/example_latest_only.py for tasks to queue
[2026-03-18T01:52:15.166+0530] {logging_mixin.py:188} INFO - [2026-03-18T01:52:15.165+0530] {dagbag.py:540} INFO - Filling up the DagBag from /Users/vybhavswaroop/Desktop/untitled folder 3/ecommerce_platform/venv/lib/python3.11/site-packages/airflow/example_dags/example_latest_only.py
[2026-03-18T01:52:15.172+0530] {processor.py:840} INFO - DAG(s) 'latest_only' retrieved from /Users/vybhavswaroop/Desktop/untitled folder 3/ecommerce_platform/venv/lib/python3.11/site-packages/airflow/example_dags/example_latest_only.py
[2026-03-18T01:52:15.251+0530] {logging_mixin.py:188} INFO - [2026-03-18T01:52:15.251+0530] {dag.py:3047} INFO - Sync 1 DAGs
[2026-03-18T01:52:15.263+0530] {logging_mixin.py:188} INFO - [2026-03-18T01:52:15.263+0530] {dag.py:3834} INFO - Setting next_dagrun for latest_only to 2026-03-17 16:00:00+00:00, run_after=2026-03-17 20:00:00+00:00
[2026-03-18T01:52:15.277+0530] {processor.py:183} INFO - Processing /Users/vybhavswaroop/Desktop/untitled folder 3/ecommerce_platform/venv/lib/python3.11/site-packages/airflow/example_dags/example_latest_only.py took 0.115 seconds
[2026-03-18T01:55:08.877+0530] {processor.py:161} INFO - Started process (PID=58388) to work on /Users/vybhavswaroop/Desktop/untitled folder 3/ecommerce_platform/venv/lib/python3.11/site-packages/airflow/example_dags/example_latest_only.py
[2026-03-18T01:55:08.878+0530] {processor.py:830} INFO - Processing file /Users/vybhavswaroop/Desktop/untitled folder 3/ecommerce_platform/venv/lib/python3.11/site-packages/airflow/example_dags/example_latest_only.py for tasks to queue
[2026-03-18T01:55:08.879+0530] {logging_mixin.py:188} INFO - [2026-03-18T01:55:08.879+0530] {dagbag.py:540} INFO - Filling up the DagBag from /Users/vybhavswaroop/Desktop/untitled folder 3/ecommerce_platform/venv/lib/python3.11/site-packages/airflow/example_dags/example_latest_only.py
[2026-03-18T01:55:08.884+0530] {processor.py:840} INFO - DAG(s) 'latest_only' retrieved from /Users/vybhavswaroop/Desktop/untitled folder 3/ecommerce_platform/venv/lib/python3.11/site-packages/airflow/example_dags/example_latest_only.py
[2026-03-18T01:55:08.960+0530] {logging_mixin.py:188} INFO - [2026-03-18T01:55:08.959+0530] {dag.py:3047} INFO - Sync 1 DAGs
[2026-03-18T01:55:08.973+0530] {logging_mixin.py:188} INFO - [2026-03-18T01:55:08.972+0530] {dag.py:3834} INFO - Setting next_dagrun for latest_only to 2026-03-17 16:00:00+00:00, run_after=2026-03-17 20:00:00+00:00
[2026-03-18T01:55:08.987+0530] {processor.py:183} INFO - Processing /Users/vybhavswaroop/Desktop/untitled folder 3/ecommerce_platform/venv/lib/python3.11/site-packages/airflow/example_dags/example_latest_only.py took 0.110 seconds
[2026-03-18T02:00:44.177+0530] {processor.py:161} INFO - Started process (PID=61477) to work on /Users/vybhavswaroop/Desktop/untitled folder 3/ecommerce_platform/venv/lib/python3.11/site-packages/airflow/example_dags/example_latest_only.py
[2026-03-18T02:00:44.179+0530] {processor.py:830} INFO - Processing file /Users/vybhavswaroop/Desktop/untitled folder 3/ecommerce_platform/venv/lib/python3.11/site-packages/airflow/example_dags/example_latest_only.py for tasks to queue
[2026-03-18T02:00:44.179+0530] {logging_mixin.py:188} INFO - [2026-03-18T02:00:44.179+0530] {dagbag.py:540} INFO - Filling up the DagBag from /Users/vybhavswaroop/Desktop/untitled folder 3/ecommerce_platform/venv/lib/python3.11/site-packages/airflow/example_dags/example_latest_only.py
[2026-03-18T02:00:44.184+0530] {processor.py:840} INFO - DAG(s) 'latest_only' retrieved from /Users/vybhavswaroop/Desktop/untitled folder 3/ecommerce_platform/venv/lib/python3.11/site-packages/airflow/example_dags/example_latest_only.py
[2026-03-18T02:00:44.256+0530] {logging_mixin.py:188} INFO - [2026-03-18T02:00:44.256+0530] {dag.py:3047} INFO - Sync 1 DAGs
[2026-03-18T02:00:44.268+0530] {logging_mixin.py:188} INFO - [2026-03-18T02:00:44.268+0530] {dag.py:3834} INFO - Setting next_dagrun for latest_only to 2026-03-17 16:00:00+00:00, run_after=2026-03-17 20:00:00+00:00
[2026-03-18T02:00:44.281+0530] {processor.py:183} INFO - Processing /Users/vybhavswaroop/Desktop/untitled folder 3/ecommerce_platform/venv/lib/python3.11/site-packages/airflow/example_dags/example_latest_only.py took 0.105 seconds
[2026-03-18T02:06:14.469+0530] {processor.py:161} INFO - Started process (PID=64624) to work on /Users/vybhavswaroop/Desktop/untitled folder 3/ecommerce_platform/venv/lib/python3.11/site-packages/airflow/example_dags/example_latest_only.py
[2026-03-18T02:06:14.470+0530] {processor.py:830} INFO - Processing file /Users/vybhavswaroop/Desktop/untitled folder 3/ecommerce_platform/venv/lib/python3.11/site-packages/airflow/example_dags/example_latest_only.py for tasks to queue
[2026-03-18T02:06:14.471+0530] {logging_mixin.py:188} INFO - [2026-03-18T02:06:14.471+0530] {dagbag.py:540} INFO - Filling up the DagBag from /Users/vybhavswaroop/Desktop/untitled folder 3/ecommerce_platform/venv/lib/python3.11/site-packages/airflow/example_dags/example_latest_only.py
[2026-03-18T02:06:14.476+0530] {processor.py:840} INFO - DAG(s) 'latest_only' retrieved from /Users/vybhavswaroop/Desktop/untitled folder 3/ecommerce_platform/venv/lib/python3.11/site-packages/airflow/example_dags/example_latest_only.py
[2026-03-18T02:06:14.529+0530] {logging_mixin.py:188} INFO - [2026-03-18T02:06:14.529+0530] {dag.py:3047} INFO - Sync 1 DAGs
[2026-03-18T02:06:14.539+0530] {logging_mixin.py:188} INFO - [2026-03-18T02:06:14.539+0530] {dag.py:3834} INFO - Setting next_dagrun for latest_only to 2026-03-17 16:00:00+00:00, run_after=2026-03-17 20:00:00+00:00
[2026-03-18T02:06:14.549+0530] {processor.py:183} INFO - Processing /Users/vybhavswaroop/Desktop/untitled folder 3/ecommerce_platform/venv/lib/python3.11/site-packages/airflow/example_dags/example_latest_only.py took 0.080 seconds
[2026-03-18T02:10:52.935+0530] {processor.py:161} INFO - Started process (PID=67913) to work on /Users/vybhavswaroop/Desktop/untitled folder 3/ecommerce_platform/venv/lib/python3.11/site-packages/airflow/example_dags/example_latest_only.py
[2026-03-18T02:10:52.938+0530] {processor.py:830} INFO - Processing file /Users/vybhavswaroop/Desktop/untitled folder 3/ecommerce_platform/venv/lib/python3.11/site-packages/airflow/example_dags/example_latest_only.py for tasks to queue
[2026-03-18T02:10:52.938+0530] {logging_mixin.py:188} INFO - [2026-03-18T02:10:52.938+0530] {dagbag.py:540} INFO - Filling up the DagBag from /Users/vybhavswaroop/Desktop/untitled folder 3/ecommerce_platform/venv/lib/python3.11/site-packages/airflow/example_dags/example_latest_only.py
[2026-03-18T02:10:52.942+0530] {processor.py:840} INFO - DAG(s) 'latest_only' retrieved from /Users/vybhavswaroop/Desktop/untitled folder 3/ecommerce_platform/venv/lib/python3.11/site-packages/airflow/example_dags/example_latest_only.py
[2026-03-18T02:10:53.000+0530] {logging_mixin.py:188} INFO - [2026-03-18T02:10:52.999+0530] {dag.py:3047} INFO - Sync 1 DAGs
[2026-03-18T02:10:53.009+0530] {logging_mixin.py:188} INFO - [2026-03-18T02:10:53.009+0530] {dag.py:3834} INFO - Setting next_dagrun for latest_only to 2026-03-17 16:00:00+00:00, run_after=2026-03-17 20:00:00+00:00
[2026-03-18T02:10:53.020+0530] {processor.py:183} INFO - Processing /Users/vybhavswaroop/Desktop/untitled folder 3/ecommerce_platform/venv/lib/python3.11/site-packages/airflow/example_dags/example_latest_only.py took 0.085 seconds
[2026-03-18T02:16:16.708+0530] {processor.py:161} INFO - Started process (PID=71049) to work on /Users/vybhavswaroop/Desktop/untitled folder 3/ecommerce_platform/venv/lib/python3.11/site-packages/airflow/example_dags/example_latest_only.py
[2026-03-18T02:16:16.709+0530] {processor.py:830} INFO - Processing file /Users/vybhavswaroop/Desktop/untitled folder 3/ecommerce_platform/venv/lib/python3.11/site-packages/airflow/example_dags/example_latest_only.py for tasks to queue
[2026-03-18T02:16:16.710+0530] {logging_mixin.py:188} INFO - [2026-03-18T02:16:16.710+0530] {dagbag.py:540} INFO - Filling up the DagBag from /Users/vybhavswaroop/Desktop/untitled folder 3/ecommerce_platform/venv/lib/python3.11/site-packages/airflow/example_dags/example_latest_only.py
[2026-03-18T02:16:16.715+0530] {processor.py:840} INFO - DAG(s) 'latest_only' retrieved from /Users/vybhavswaroop/Desktop/untitled folder 3/ecommerce_platform/venv/lib/python3.11/site-packages/airflow/example_dags/example_latest_only.py
[2026-03-18T02:16:16.785+0530] {logging_mixin.py:188} INFO - [2026-03-18T02:16:16.785+0530] {dag.py:3047} INFO - Sync 1 DAGs
[2026-03-18T02:16:16.797+0530] {logging_mixin.py:188} INFO - [2026-03-18T02:16:16.796+0530] {dag.py:3834} INFO - Setting next_dagrun for latest_only to 2026-03-17 16:00:00+00:00, run_after=2026-03-17 20:00:00+00:00
[2026-03-18T02:16:16.809+0530] {processor.py:183} INFO - Processing /Users/vybhavswaroop/Desktop/untitled folder 3/ecommerce_platform/venv/lib/python3.11/site-packages/airflow/example_dags/example_latest_only.py took 0.101 seconds
[2026-03-18T02:21:50.650+0530] {processor.py:161} INFO - Started process (PID=74166) to work on /Users/vybhavswaroop/Desktop/untitled folder 3/ecommerce_platform/venv/lib/python3.11/site-packages/airflow/example_dags/example_latest_only.py
[2026-03-18T02:21:50.651+0530] {processor.py:830} INFO - Processing file /Users/vybhavswaroop/Desktop/untitled folder 3/ecommerce_platform/venv/lib/python3.11/site-packages/airflow/example_dags/example_latest_only.py for tasks to queue
[2026-03-18T02:21:50.652+0530] {logging_mixin.py:188} INFO - [2026-03-18T02:21:50.652+0530] {dagbag.py:540} INFO - Filling up the DagBag from /Users/vybhavswaroop/Desktop/untitled folder 3/ecommerce_platform/venv/lib/python3.11/site-packages/airflow/example_dags/example_latest_only.py
[2026-03-18T02:21:50.657+0530] {processor.py:840} INFO - DAG(s) 'latest_only' retrieved from /Users/vybhavswaroop/Desktop/untitled folder 3/ecommerce_platform/venv/lib/python3.11/site-packages/airflow/example_dags/example_latest_only.py
[2026-03-18T02:21:50.730+0530] {logging_mixin.py:188} INFO - [2026-03-18T02:21:50.730+0530] {dag.py:3047} INFO - Sync 1 DAGs
[2026-03-18T02:21:50.741+0530] {logging_mixin.py:188} INFO - [2026-03-18T02:21:50.741+0530] {dag.py:3834} INFO - Setting next_dagrun for latest_only to 2026-03-17 16:00:00+00:00, run_after=2026-03-17 20:00:00+00:00
[2026-03-18T02:21:50.754+0530] {processor.py:183} INFO - Processing /Users/vybhavswaroop/Desktop/untitled folder 3/ecommerce_platform/venv/lib/python3.11/site-packages/airflow/example_dags/example_latest_only.py took 0.105 seconds
[2026-03-18T02:27:22.757+0530] {processor.py:161} INFO - Started process (PID=77291) to work on /Users/vybhavswaroop/Desktop/untitled folder 3/ecommerce_platform/venv/lib/python3.11/site-packages/airflow/example_dags/example_latest_only.py
[2026-03-18T02:27:22.759+0530] {processor.py:830} INFO - Processing file /Users/vybhavswaroop/Desktop/untitled folder 3/ecommerce_platform/venv/lib/python3.11/site-packages/airflow/example_dags/example_latest_only.py for tasks to queue
[2026-03-18T02:27:22.759+0530] {logging_mixin.py:188} INFO - [2026-03-18T02:27:22.759+0530] {dagbag.py:540} INFO - Filling up the DagBag from /Users/vybhavswaroop/Desktop/untitled folder 3/ecommerce_platform/venv/lib/python3.11/site-packages/airflow/example_dags/example_latest_only.py
[2026-03-18T02:27:22.765+0530] {processor.py:840} INFO - DAG(s) 'latest_only' retrieved from /Users/vybhavswaroop/Desktop/untitled folder 3/ecommerce_platform/venv/lib/python3.11/site-packages/airflow/example_dags/example_latest_only.py
[2026-03-18T02:27:22.846+0530] {logging_mixin.py:188} INFO - [2026-03-18T02:27:22.845+0530] {dag.py:3047} INFO - Sync 1 DAGs
[2026-03-18T02:27:22.857+0530] {logging_mixin.py:188} INFO - [2026-03-18T02:27:22.857+0530] {dag.py:3834} INFO - Setting next_dagrun for latest_only to 2026-03-17 16:00:00+00:00, run_after=2026-03-17 20:00:00+00:00
[2026-03-18T02:27:22.872+0530] {processor.py:183} INFO - Processing /Users/vybhavswaroop/Desktop/untitled folder 3/ecommerce_platform/venv/lib/python3.11/site-packages/airflow/example_dags/example_latest_only.py took 0.116 seconds
[2026-03-18T02:32:50.673+0530] {processor.py:161} INFO - Started process (PID=80454) to work on /Users/vybhavswaroop/Desktop/untitled folder 3/ecommerce_platform/venv/lib/python3.11/site-packages/airflow/example_dags/example_latest_only.py
[2026-03-18T02:32:50.678+0530] {processor.py:830} INFO - Processing file /Users/vybhavswaroop/Desktop/untitled folder 3/ecommerce_platform/venv/lib/python3.11/site-packages/airflow/example_dags/example_latest_only.py for tasks to queue
[2026-03-18T02:32:50.679+0530] {logging_mixin.py:188} INFO - [2026-03-18T02:32:50.678+0530] {dagbag.py:540} INFO - Filling up the DagBag from /Users/vybhavswaroop/Desktop/untitled folder 3/ecommerce_platform/venv/lib/python3.11/site-packages/airflow/example_dags/example_latest_only.py
[2026-03-18T02:32:50.684+0530] {processor.py:840} INFO - DAG(s) 'latest_only' retrieved from /Users/vybhavswaroop/Desktop/untitled folder 3/ecommerce_platform/venv/lib/python3.11/site-packages/airflow/example_dags/example_latest_only.py
[2026-03-18T02:32:50.755+0530] {logging_mixin.py:188} INFO - [2026-03-18T02:32:50.754+0530] {dag.py:3047} INFO - Sync 1 DAGs
[2026-03-18T02:32:50.767+0530] {logging_mixin.py:188} INFO - [2026-03-18T02:32:50.767+0530] {dag.py:3834} INFO - Setting next_dagrun for latest_only to 2026-03-17 16:00:00+00:00, run_after=2026-03-17 20:00:00+00:00
[2026-03-18T02:32:50.780+0530] {processor.py:183} INFO - Processing /Users/vybhavswaroop/Desktop/untitled folder 3/ecommerce_platform/venv/lib/python3.11/site-packages/airflow/example_dags/example_latest_only.py took 0.108 seconds
[2026-03-18T02:38:16.170+0530] {processor.py:161} INFO - Started process (PID=83574) to work on /Users/vybhavswaroop/Desktop/untitled folder 3/ecommerce_platform/venv/lib/python3.11/site-packages/airflow/example_dags/example_latest_only.py
[2026-03-18T02:38:16.172+0530] {processor.py:830} INFO - Processing file /Users/vybhavswaroop/Desktop/untitled folder 3/ecommerce_platform/venv/lib/python3.11/site-packages/airflow/example_dags/example_latest_only.py for tasks to queue
[2026-03-18T02:38:16.172+0530] {logging_mixin.py:188} INFO - [2026-03-18T02:38:16.172+0530] {dagbag.py:540} INFO - Filling up the DagBag from /Users/vybhavswaroop/Desktop/untitled folder 3/ecommerce_platform/venv/lib/python3.11/site-packages/airflow/example_dags/example_latest_only.py
[2026-03-18T02:38:16.177+0530] {processor.py:840} INFO - DAG(s) 'latest_only' retrieved from /Users/vybhavswaroop/Desktop/untitled folder 3/ecommerce_platform/venv/lib/python3.11/site-packages/airflow/example_dags/example_latest_only.py
[2026-03-18T02:38:16.244+0530] {logging_mixin.py:188} INFO - [2026-03-18T02:38:16.243+0530] {dag.py:3047} INFO - Sync 1 DAGs
[2026-03-18T02:38:16.255+0530] {logging_mixin.py:188} INFO - [2026-03-18T02:38:16.255+0530] {dag.py:3834} INFO - Setting next_dagrun for latest_only to 2026-03-17 16:00:00+00:00, run_after=2026-03-17 20:00:00+00:00
[2026-03-18T02:38:16.268+0530] {processor.py:183} INFO - Processing /Users/vybhavswaroop/Desktop/untitled folder 3/ecommerce_platform/venv/lib/python3.11/site-packages/airflow/example_dags/example_latest_only.py took 0.099 seconds
[2026-03-18T02:43:39.683+0530] {processor.py:161} INFO - Started process (PID=86735) to work on /Users/vybhavswaroop/Desktop/untitled folder 3/ecommerce_platform/venv/lib/python3.11/site-packages/airflow/example_dags/example_latest_only.py
[2026-03-18T02:43:39.684+0530] {processor.py:830} INFO - Processing file /Users/vybhavswaroop/Desktop/untitled folder 3/ecommerce_platform/venv/lib/python3.11/site-packages/airflow/example_dags/example_latest_only.py for tasks to queue
[2026-03-18T02:43:39.685+0530] {logging_mixin.py:188} INFO - [2026-03-18T02:43:39.685+0530] {dagbag.py:540} INFO - Filling up the DagBag from /Users/vybhavswaroop/Desktop/untitled folder 3/ecommerce_platform/venv/lib/python3.11/site-packages/airflow/example_dags/example_latest_only.py
[2026-03-18T02:43:39.690+0530] {processor.py:840} INFO - DAG(s) 'latest_only' retrieved from /Users/vybhavswaroop/Desktop/untitled folder 3/ecommerce_platform/venv/lib/python3.11/site-packages/airflow/example_dags/example_latest_only.py
[2026-03-18T02:43:39.749+0530] {logging_mixin.py:188} INFO - [2026-03-18T02:43:39.749+0530] {dag.py:3047} INFO - Sync 1 DAGs
[2026-03-18T02:43:39.759+0530] {logging_mixin.py:188} INFO - [2026-03-18T02:43:39.759+0530] {dag.py:3834} INFO - Setting next_dagrun for latest_only to 2026-03-17 16:00:00+00:00, run_after=2026-03-17 20:00:00+00:00
[2026-03-18T02:43:39.769+0530] {processor.py:183} INFO - Processing /Users/vybhavswaroop/Desktop/untitled folder 3/ecommerce_platform/venv/lib/python3.11/site-packages/airflow/example_dags/example_latest_only.py took 0.087 seconds
[2026-03-18T02:48:32.422+0530] {processor.py:161} INFO - Started process (PID=89974) to work on /Users/vybhavswaroop/Desktop/untitled folder 3/ecommerce_platform/venv/lib/python3.11/site-packages/airflow/example_dags/example_latest_only.py
[2026-03-18T02:48:32.424+0530] {processor.py:830} INFO - Processing file /Users/vybhavswaroop/Desktop/untitled folder 3/ecommerce_platform/venv/lib/python3.11/site-packages/airflow/example_dags/example_latest_only.py for tasks to queue
[2026-03-18T02:48:32.424+0530] {logging_mixin.py:188} INFO - [2026-03-18T02:48:32.424+0530] {dagbag.py:540} INFO - Filling up the DagBag from /Users/vybhavswaroop/Desktop/untitled folder 3/ecommerce_platform/venv/lib/python3.11/site-packages/airflow/example_dags/example_latest_only.py
[2026-03-18T02:48:32.429+0530] {processor.py:840} INFO - DAG(s) 'latest_only' retrieved from /Users/vybhavswaroop/Desktop/untitled folder 3/ecommerce_platform/venv/lib/python3.11/site-packages/airflow/example_dags/example_latest_only.py
[2026-03-18T02:48:32.480+0530] {logging_mixin.py:188} INFO - [2026-03-18T02:48:32.479+0530] {dag.py:3047} INFO - Sync 1 DAGs
[2026-03-18T02:48:32.488+0530] {logging_mixin.py:188} INFO - [2026-03-18T02:48:32.487+0530] {dag.py:3834} INFO - Setting next_dagrun for latest_only to 2026-03-17 16:00:00+00:00, run_after=2026-03-17 20:00:00+00:00
[2026-03-18T02:48:32.497+0530] {processor.py:183} INFO - Processing /Users/vybhavswaroop/Desktop/untitled folder 3/ecommerce_platform/venv/lib/python3.11/site-packages/airflow/example_dags/example_latest_only.py took 0.075 seconds
[2026-03-18T02:53:07.146+0530] {processor.py:161} INFO - Started process (PID=93306) to work on /Users/vybhavswaroop/Desktop/untitled folder 3/ecommerce_platform/venv/lib/python3.11/site-packages/airflow/example_dags/example_latest_only.py
[2026-03-18T02:53:07.148+0530] {processor.py:830} INFO - Processing file /Users/vybhavswaroop/Desktop/untitled folder 3/ecommerce_platform/venv/lib/python3.11/site-packages/airflow/example_dags/example_latest_only.py for tasks to queue
[2026-03-18T02:53:07.149+0530] {logging_mixin.py:188} INFO - [2026-03-18T02:53:07.149+0530] {dagbag.py:540} INFO - Filling up the DagBag from /Users/vybhavswaroop/Desktop/untitled folder 3/ecommerce_platform/venv/lib/python3.11/site-packages/airflow/example_dags/example_latest_only.py
[2026-03-18T02:53:07.154+0530] {processor.py:840} INFO - DAG(s) 'latest_only' retrieved from /Users/vybhavswaroop/Desktop/untitled folder 3/ecommerce_platform/venv/lib/python3.11/site-packages/airflow/example_dags/example_latest_only.py
[2026-03-18T02:53:07.212+0530] {logging_mixin.py:188} INFO - [2026-03-18T02:53:07.212+0530] {dag.py:3047} INFO - Sync 1 DAGs
[2026-03-18T02:53:07.222+0530] {logging_mixin.py:188} INFO - [2026-03-18T02:53:07.222+0530] {dag.py:3834} INFO - Setting next_dagrun for latest_only to 2026-03-17 16:00:00+00:00, run_after=2026-03-17 20:00:00+00:00
[2026-03-18T02:53:07.233+0530] {processor.py:183} INFO - Processing /Users/vybhavswaroop/Desktop/untitled folder 3/ecommerce_platform/venv/lib/python3.11/site-packages/airflow/example_dags/example_latest_only.py took 0.088 seconds
[2026-03-18T04:52:27.939+0530] {processor.py:161} INFO - Started process (PID=96493) to work on /Users/vybhavswaroop/Desktop/untitled folder 3/ecommerce_platform/venv/lib/python3.11/site-packages/airflow/example_dags/example_latest_only.py
[2026-03-18T04:52:27.940+0530] {processor.py:830} INFO - Processing file /Users/vybhavswaroop/Desktop/untitled folder 3/ecommerce_platform/venv/lib/python3.11/site-packages/airflow/example_dags/example_latest_only.py for tasks to queue
[2026-03-18T04:52:27.940+0530] {logging_mixin.py:188} INFO - [2026-03-18T04:52:27.940+0530] {dagbag.py:540} INFO - Filling up the DagBag from /Users/vybhavswaroop/Desktop/untitled folder 3/ecommerce_platform/venv/lib/python3.11/site-packages/airflow/example_dags/example_latest_only.py
[2026-03-18T04:52:27.943+0530] {processor.py:840} INFO - DAG(s) 'latest_only' retrieved from /Users/vybhavswaroop/Desktop/untitled folder 3/ecommerce_platform/venv/lib/python3.11/site-packages/airflow/example_dags/example_latest_only.py
[2026-03-18T04:52:27.981+0530] {logging_mixin.py:188} INFO - [2026-03-18T04:52:27.980+0530] {dag.py:3047} INFO - Sync 1 DAGs
[2026-03-18T04:52:27.988+0530] {logging_mixin.py:188} INFO - [2026-03-18T04:52:27.988+0530] {dag.py:3834} INFO - Setting next_dagrun for latest_only to 2026-03-17 16:00:00+00:00, run_after=2026-03-17 20:00:00+00:00
[2026-03-18T04:52:27.995+0530] {processor.py:183} INFO - Processing /Users/vybhavswaroop/Desktop/untitled folder 3/ecommerce_platform/venv/lib/python3.11/site-packages/airflow/example_dags/example_latest_only.py took 0.057 seconds
