[2026-03-18T00:02:37.711+0530] {processor.py:161} INFO - Started process (PID=88434) to work on /Users/vybhavswaroop/Desktop/untitled folder 3/ecommerce_platform/venv/lib/python3.11/site-packages/airflow/example_dags/example_datasets.py
[2026-03-18T00:02:37.712+0530] {processor.py:830} INFO - Processing file /Users/vybhavswaroop/Desktop/untitled folder 3/ecommerce_platform/venv/lib/python3.11/site-packages/airflow/example_dags/example_datasets.py for tasks to queue
[2026-03-18T00:02:37.712+0530] {logging_mixin.py:188} INFO - [2026-03-18T00:02:37.712+0530] {dagbag.py:540} INFO - Filling up the DagBag from /Users/vybhavswaroop/Desktop/untitled folder 3/ecommerce_platform/venv/lib/python3.11/site-packages/airflow/example_dags/example_datasets.py
[2026-03-18T00:02:37.717+0530] {processor.py:840} INFO - DAG(s) 'dataset_consumes_unknown_never_scheduled', 'dataset_produces_1', 'dataset_consumes_1_never_scheduled', 'dataset_consumes_1', 'dataset_consumes_1_and_2', 'dataset_produces_2' retrieved from /Users/vybhavswaroop/Desktop/untitled folder 3/ecommerce_platform/venv/lib/python3.11/site-packages/airflow/example_dags/example_datasets.py
[2026-03-18T00:02:37.792+0530] {logging_mixin.py:188} INFO - [2026-03-18T00:02:37.792+0530] {override.py:1769} INFO - Created Permission View: can edit on DAG:dataset_consumes_unknown_never_scheduled
[2026-03-18T00:02:37.796+0530] {logging_mixin.py:188} INFO - [2026-03-18T00:02:37.796+0530] {override.py:1769} INFO - Created Permission View: can read on DAG:dataset_consumes_unknown_never_scheduled
[2026-03-18T00:02:37.798+0530] {logging_mixin.py:188} INFO - [2026-03-18T00:02:37.798+0530] {override.py:1769} INFO - Created Permission View: can delete on DAG:dataset_consumes_unknown_never_scheduled
[2026-03-18T00:02:37.802+0530] {logging_mixin.py:188} INFO - [2026-03-18T00:02:37.802+0530] {override.py:1769} INFO - Created Permission View: can edit on DAG:dataset_produces_1
[2026-03-18T00:02:37.804+0530] {logging_mixin.py:188} INFO - [2026-03-18T00:02:37.804+0530] {override.py:1769} INFO - Created Permission View: can read on DAG:dataset_produces_1
[2026-03-18T00:02:37.805+0530] {logging_mixin.py:188} INFO - [2026-03-18T00:02:37.805+0530] {override.py:1769} INFO - Created Permission View: can delete on DAG:dataset_produces_1
[2026-03-18T00:02:37.809+0530] {logging_mixin.py:188} INFO - [2026-03-18T00:02:37.809+0530] {override.py:1769} INFO - Created Permission View: can edit on DAG:dataset_consumes_1_never_scheduled
[2026-03-18T00:02:37.810+0530] {logging_mixin.py:188} INFO - [2026-03-18T00:02:37.810+0530] {override.py:1769} INFO - Created Permission View: can read on DAG:dataset_consumes_1_never_scheduled
[2026-03-18T00:02:37.812+0530] {logging_mixin.py:188} INFO - [2026-03-18T00:02:37.812+0530] {override.py:1769} INFO - Created Permission View: can delete on DAG:dataset_consumes_1_never_scheduled
[2026-03-18T00:02:37.815+0530] {logging_mixin.py:188} INFO - [2026-03-18T00:02:37.815+0530] {override.py:1769} INFO - Created Permission View: can edit on DAG:dataset_consumes_1
[2026-03-18T00:02:37.817+0530] {logging_mixin.py:188} INFO - [2026-03-18T00:02:37.817+0530] {override.py:1769} INFO - Created Permission View: can read on DAG:dataset_consumes_1
[2026-03-18T00:02:37.818+0530] {logging_mixin.py:188} INFO - [2026-03-18T00:02:37.818+0530] {override.py:1769} INFO - Created Permission View: can delete on DAG:dataset_consumes_1
[2026-03-18T00:02:37.822+0530] {logging_mixin.py:188} INFO - [2026-03-18T00:02:37.822+0530] {override.py:1769} INFO - Created Permission View: can edit on DAG:dataset_consumes_1_and_2
[2026-03-18T00:02:37.823+0530] {logging_mixin.py:188} INFO - [2026-03-18T00:02:37.823+0530] {override.py:1769} INFO - Created Permission View: can read on DAG:dataset_consumes_1_and_2
[2026-03-18T00:02:37.825+0530] {logging_mixin.py:188} INFO - [2026-03-18T00:02:37.825+0530] {override.py:1769} INFO - Created Permission View: can delete on DAG:dataset_consumes_1_and_2
[2026-03-18T00:02:37.828+0530] {logging_mixin.py:188} INFO - [2026-03-18T00:02:37.828+0530] {override.py:1769} INFO - Created Permission View: can edit on DAG:dataset_produces_2
[2026-03-18T00:02:37.829+0530] {logging_mixin.py:188} INFO - [2026-03-18T00:02:37.829+0530] {override.py:1769} INFO - Created Permission View: can read on DAG:dataset_produces_2
[2026-03-18T00:02:37.830+0530] {logging_mixin.py:188} INFO - [2026-03-18T00:02:37.830+0530] {override.py:1769} INFO - Created Permission View: can delete on DAG:dataset_produces_2
[2026-03-18T00:02:37.831+0530] {logging_mixin.py:188} INFO - [2026-03-18T00:02:37.831+0530] {dag.py:3047} INFO - Sync 6 DAGs
[2026-03-18T00:02:37.834+0530] {logging_mixin.py:188} INFO - [2026-03-18T00:02:37.834+0530] {dag.py:3069} INFO - Creating ORM DAG for dataset_consumes_unknown_never_scheduled
[2026-03-18T00:02:37.834+0530] {logging_mixin.py:188} INFO - [2026-03-18T00:02:37.834+0530] {dag.py:3069} INFO - Creating ORM DAG for dataset_produces_2
[2026-03-18T00:02:37.834+0530] {logging_mixin.py:188} INFO - [2026-03-18T00:02:37.834+0530] {dag.py:3069} INFO - Creating ORM DAG for dataset_consumes_1_and_2
[2026-03-18T00:02:37.834+0530] {logging_mixin.py:188} INFO - [2026-03-18T00:02:37.834+0530] {dag.py:3069} INFO - Creating ORM DAG for dataset_consumes_1_never_scheduled
[2026-03-18T00:02:37.834+0530] {logging_mixin.py:188} INFO - [2026-03-18T00:02:37.834+0530] {dag.py:3069} INFO - Creating ORM DAG for dataset_produces_1
[2026-03-18T00:02:37.835+0530] {logging_mixin.py:188} INFO - [2026-03-18T00:02:37.835+0530] {dag.py:3069} INFO - Creating ORM DAG for dataset_consumes_1
[2026-03-18T00:02:37.837+0530] {logging_mixin.py:188} INFO - [2026-03-18T00:02:37.837+0530] {dag.py:3834} INFO - Setting next_dagrun for dataset_consumes_1 to None, run_after=None
[2026-03-18T00:02:37.837+0530] {logging_mixin.py:188} INFO - [2026-03-18T00:02:37.837+0530] {dag.py:3834} INFO - Setting next_dagrun for dataset_consumes_1_and_2 to None, run_after=None
[2026-03-18T00:02:37.837+0530] {logging_mixin.py:188} INFO - [2026-03-18T00:02:37.837+0530] {dag.py:3834} INFO - Setting next_dagrun for dataset_consumes_1_never_scheduled to None, run_after=None
[2026-03-18T00:02:37.837+0530] {logging_mixin.py:188} INFO - [2026-03-18T00:02:37.837+0530] {dag.py:3834} INFO - Setting next_dagrun for dataset_consumes_unknown_never_scheduled to None, run_after=None
[2026-03-18T00:02:37.838+0530] {logging_mixin.py:188} INFO - [2026-03-18T00:02:37.838+0530] {dag.py:3834} INFO - Setting next_dagrun for dataset_produces_1 to 2026-03-16 00:00:00+00:00, run_after=2026-03-17 00:00:00+00:00
[2026-03-18T00:02:37.838+0530] {logging_mixin.py:188} INFO - [2026-03-18T00:02:37.838+0530] {dag.py:3834} INFO - Setting next_dagrun for dataset_produces_2 to None, run_after=None
[2026-03-18T00:02:37.855+0530] {processor.py:183} INFO - Processing /Users/vybhavswaroop/Desktop/untitled folder 3/ecommerce_platform/venv/lib/python3.11/site-packages/airflow/example_dags/example_datasets.py took 0.144 seconds
[2026-03-18T00:06:07.284+0530] {processor.py:161} INFO - Started process (PID=91633) to work on /Users/vybhavswaroop/Desktop/untitled folder 3/ecommerce_platform/venv/lib/python3.11/site-packages/airflow/example_dags/example_datasets.py
[2026-03-18T00:06:07.285+0530] {processor.py:830} INFO - Processing file /Users/vybhavswaroop/Desktop/untitled folder 3/ecommerce_platform/venv/lib/python3.11/site-packages/airflow/example_dags/example_datasets.py for tasks to queue
[2026-03-18T00:06:07.285+0530] {logging_mixin.py:188} INFO - [2026-03-18T00:06:07.285+0530] {dagbag.py:540} INFO - Filling up the DagBag from /Users/vybhavswaroop/Desktop/untitled folder 3/ecommerce_platform/venv/lib/python3.11/site-packages/airflow/example_dags/example_datasets.py
[2026-03-18T00:06:07.290+0530] {processor.py:840} INFO - DAG(s) 'dataset_produces_2', 'dataset_produces_1', 'dataset_consumes_unknown_never_scheduled', 'dataset_consumes_1_never_scheduled', 'dataset_consumes_1', 'dataset_consumes_1_and_2' retrieved from /Users/vybhavswaroop/Desktop/untitled folder 3/ecommerce_platform/venv/lib/python3.11/site-packages/airflow/example_dags/example_datasets.py
[2026-03-18T00:06:07.335+0530] {logging_mixin.py:188} INFO - [2026-03-18T00:06:07.335+0530] {dag.py:3047} INFO - Sync 6 DAGs
[2026-03-18T00:06:07.342+0530] {logging_mixin.py:188} INFO - [2026-03-18T00:06:07.342+0530] {dag.py:3834} INFO - Setting next_dagrun for dataset_consumes_1 to None, run_after=None
[2026-03-18T00:06:07.343+0530] {logging_mixin.py:188} INFO - [2026-03-18T00:06:07.343+0530] {dag.py:3834} INFO - Setting next_dagrun for dataset_consumes_1_and_2 to None, run_after=None
[2026-03-18T00:06:07.344+0530] {logging_mixin.py:188} INFO - [2026-03-18T00:06:07.344+0530] {dag.py:3834} INFO - Setting next_dagrun for dataset_consumes_1_never_scheduled to None, run_after=None
[2026-03-18T00:06:07.344+0530] {logging_mixin.py:188} INFO - [2026-03-18T00:06:07.344+0530] {dag.py:3834} INFO - Setting next_dagrun for dataset_consumes_unknown_never_scheduled to None, run_after=None
[2026-03-18T00:06:07.348+0530] {logging_mixin.py:188} INFO - [2026-03-18T00:06:07.348+0530] {dag.py:3834} INFO - Setting next_dagrun for dataset_produces_1 to 2026-03-16 00:00:00+00:00, run_after=2026-03-17 00:00:00+00:00
[2026-03-18T00:06:07.348+0530] {logging_mixin.py:188} INFO - [2026-03-18T00:06:07.348+0530] {dag.py:3834} INFO - Setting next_dagrun for dataset_produces_2 to None, run_after=None
[2026-03-18T00:06:07.358+0530] {processor.py:183} INFO - Processing /Users/vybhavswaroop/Desktop/untitled folder 3/ecommerce_platform/venv/lib/python3.11/site-packages/airflow/example_dags/example_datasets.py took 0.074 seconds
[2026-03-18T00:10:16.591+0530] {processor.py:161} INFO - Started process (PID=94878) to work on /Users/vybhavswaroop/Desktop/untitled folder 3/ecommerce_platform/venv/lib/python3.11/site-packages/airflow/example_dags/example_datasets.py
[2026-03-18T00:10:16.595+0530] {processor.py:830} INFO - Processing file /Users/vybhavswaroop/Desktop/untitled folder 3/ecommerce_platform/venv/lib/python3.11/site-packages/airflow/example_dags/example_datasets.py for tasks to queue
[2026-03-18T00:10:16.595+0530] {logging_mixin.py:188} INFO - [2026-03-18T00:10:16.595+0530] {dagbag.py:540} INFO - Filling up the DagBag from /Users/vybhavswaroop/Desktop/untitled folder 3/ecommerce_platform/venv/lib/python3.11/site-packages/airflow/example_dags/example_datasets.py
[2026-03-18T00:10:16.602+0530] {processor.py:840} INFO - DAG(s) 'dataset_consumes_unknown_never_scheduled', 'dataset_produces_1', 'dataset_consumes_1', 'dataset_consumes_1_never_scheduled', 'dataset_produces_2', 'dataset_consumes_1_and_2' retrieved from /Users/vybhavswaroop/Desktop/untitled folder 3/ecommerce_platform/venv/lib/python3.11/site-packages/airflow/example_dags/example_datasets.py
[2026-03-18T00:10:16.661+0530] {logging_mixin.py:188} INFO - [2026-03-18T00:10:16.661+0530] {dag.py:3047} INFO - Sync 6 DAGs
[2026-03-18T00:10:16.670+0530] {logging_mixin.py:188} INFO - [2026-03-18T00:10:16.669+0530] {dag.py:3834} INFO - Setting next_dagrun for dataset_consumes_1 to None, run_after=None
[2026-03-18T00:10:16.671+0530] {logging_mixin.py:188} INFO - [2026-03-18T00:10:16.671+0530] {dag.py:3834} INFO - Setting next_dagrun for dataset_consumes_1_and_2 to None, run_after=None
[2026-03-18T00:10:16.671+0530] {logging_mixin.py:188} INFO - [2026-03-18T00:10:16.671+0530] {dag.py:3834} INFO - Setting next_dagrun for dataset_consumes_1_never_scheduled to None, run_after=None
[2026-03-18T00:10:16.672+0530] {logging_mixin.py:188} INFO - [2026-03-18T00:10:16.672+0530] {dag.py:3834} INFO - Setting next_dagrun for dataset_consumes_unknown_never_scheduled to None, run_after=None
[2026-03-18T00:10:16.673+0530] {logging_mixin.py:188} INFO - [2026-03-18T00:10:16.673+0530] {dag.py:3834} INFO - Setting next_dagrun for dataset_produces_1 to 2026-03-16 00:00:00+00:00, run_after=2026-03-17 00:00:00+00:00
[2026-03-18T00:10:16.673+0530] {logging_mixin.py:188} INFO - [2026-03-18T00:10:16.673+0530] {dag.py:3834} INFO - Setting next_dagrun for dataset_produces_2 to None, run_after=None
[2026-03-18T00:10:16.686+0530] {processor.py:183} INFO - Processing /Users/vybhavswaroop/Desktop/untitled folder 3/ecommerce_platform/venv/lib/python3.11/site-packages/airflow/example_dags/example_datasets.py took 0.095 seconds
[2026-03-18T00:13:39.253+0530] {processor.py:161} INFO - Started process (PID=96845) to work on /Users/vybhavswaroop/Desktop/untitled folder 3/ecommerce_platform/venv/lib/python3.11/site-packages/airflow/example_dags/example_datasets.py
[2026-03-18T00:13:39.256+0530] {processor.py:830} INFO - Processing file /Users/vybhavswaroop/Desktop/untitled folder 3/ecommerce_platform/venv/lib/python3.11/site-packages/airflow/example_dags/example_datasets.py for tasks to queue
[2026-03-18T00:13:39.256+0530] {logging_mixin.py:188} INFO - [2026-03-18T00:13:39.256+0530] {dagbag.py:540} INFO - Filling up the DagBag from /Users/vybhavswaroop/Desktop/untitled folder 3/ecommerce_platform/venv/lib/python3.11/site-packages/airflow/example_dags/example_datasets.py
[2026-03-18T00:13:39.263+0530] {processor.py:840} INFO - DAG(s) 'dataset_consumes_1_never_scheduled', 'dataset_consumes_1_and_2', 'dataset_produces_1', 'dataset_produces_2', 'dataset_consumes_unknown_never_scheduled', 'dataset_consumes_1' retrieved from /Users/vybhavswaroop/Desktop/untitled folder 3/ecommerce_platform/venv/lib/python3.11/site-packages/airflow/example_dags/example_datasets.py
[2026-03-18T00:13:39.331+0530] {logging_mixin.py:188} INFO - [2026-03-18T00:13:39.331+0530] {dag.py:3047} INFO - Sync 6 DAGs
[2026-03-18T00:13:39.341+0530] {logging_mixin.py:188} INFO - [2026-03-18T00:13:39.341+0530] {dag.py:3834} INFO - Setting next_dagrun for dataset_consumes_1 to None, run_after=None
[2026-03-18T00:13:39.343+0530] {logging_mixin.py:188} INFO - [2026-03-18T00:13:39.343+0530] {dag.py:3834} INFO - Setting next_dagrun for dataset_consumes_1_and_2 to None, run_after=None
[2026-03-18T00:13:39.343+0530] {logging_mixin.py:188} INFO - [2026-03-18T00:13:39.343+0530] {dag.py:3834} INFO - Setting next_dagrun for dataset_consumes_1_never_scheduled to None, run_after=None
[2026-03-18T00:13:39.344+0530] {logging_mixin.py:188} INFO - [2026-03-18T00:13:39.344+0530] {dag.py:3834} INFO - Setting next_dagrun for dataset_consumes_unknown_never_scheduled to None, run_after=None
[2026-03-18T00:13:39.345+0530] {logging_mixin.py:188} INFO - [2026-03-18T00:13:39.345+0530] {dag.py:3834} INFO - Setting next_dagrun for dataset_produces_1 to 2026-03-16 00:00:00+00:00, run_after=2026-03-17 00:00:00+00:00
[2026-03-18T00:13:39.345+0530] {logging_mixin.py:188} INFO - [2026-03-18T00:13:39.345+0530] {dag.py:3834} INFO - Setting next_dagrun for dataset_produces_2 to None, run_after=None
[2026-03-18T00:13:39.361+0530] {processor.py:183} INFO - Processing /Users/vybhavswaroop/Desktop/untitled folder 3/ecommerce_platform/venv/lib/python3.11/site-packages/airflow/example_dags/example_datasets.py took 0.108 seconds
[2026-03-18T00:18:52.583+0530] {processor.py:161} INFO - Started process (PID=198) to work on /Users/vybhavswaroop/Desktop/untitled folder 3/ecommerce_platform/venv/lib/python3.11/site-packages/airflow/example_dags/example_datasets.py
[2026-03-18T00:18:52.585+0530] {processor.py:830} INFO - Processing file /Users/vybhavswaroop/Desktop/untitled folder 3/ecommerce_platform/venv/lib/python3.11/site-packages/airflow/example_dags/example_datasets.py for tasks to queue
[2026-03-18T00:18:52.586+0530] {logging_mixin.py:188} INFO - [2026-03-18T00:18:52.586+0530] {dagbag.py:540} INFO - Filling up the DagBag from /Users/vybhavswaroop/Desktop/untitled folder 3/ecommerce_platform/venv/lib/python3.11/site-packages/airflow/example_dags/example_datasets.py
[2026-03-18T00:18:52.593+0530] {processor.py:840} INFO - DAG(s) 'dataset_produces_2', 'dataset_consumes_1', 'dataset_consumes_1_and_2', 'dataset_consumes_unknown_never_scheduled', 'dataset_consumes_1_never_scheduled', 'dataset_produces_1' retrieved from /Users/vybhavswaroop/Desktop/untitled folder 3/ecommerce_platform/venv/lib/python3.11/site-packages/airflow/example_dags/example_datasets.py
[2026-03-18T00:18:52.666+0530] {logging_mixin.py:188} INFO - [2026-03-18T00:18:52.666+0530] {dag.py:3047} INFO - Sync 6 DAGs
[2026-03-18T00:18:52.678+0530] {logging_mixin.py:188} INFO - [2026-03-18T00:18:52.678+0530] {dag.py:3834} INFO - Setting next_dagrun for dataset_consumes_1 to None, run_after=None
[2026-03-18T00:18:52.680+0530] {logging_mixin.py:188} INFO - [2026-03-18T00:18:52.680+0530] {dag.py:3834} INFO - Setting next_dagrun for dataset_consumes_1_and_2 to None, run_after=None
[2026-03-18T00:18:52.681+0530] {logging_mixin.py:188} INFO - [2026-03-18T00:18:52.681+0530] {dag.py:3834} INFO - Setting next_dagrun for dataset_consumes_1_never_scheduled to None, run_after=None
[2026-03-18T00:18:52.681+0530] {logging_mixin.py:188} INFO - [2026-03-18T00:18:52.681+0530] {dag.py:3834} INFO - Setting next_dagrun for dataset_consumes_unknown_never_scheduled to None, run_after=None
[2026-03-18T00:18:52.683+0530] {logging_mixin.py:188} INFO - [2026-03-18T00:18:52.682+0530] {dag.py:3834} INFO - Setting next_dagrun for dataset_produces_1 to 2026-03-16 00:00:00+00:00, run_after=2026-03-17 00:00:00+00:00
[2026-03-18T00:18:52.683+0530] {logging_mixin.py:188} INFO - [2026-03-18T00:18:52.683+0530] {dag.py:3834} INFO - Setting next_dagrun for dataset_produces_2 to None, run_after=None
[2026-03-18T00:18:52.701+0530] {processor.py:183} INFO - Processing /Users/vybhavswaroop/Desktop/untitled folder 3/ecommerce_platform/venv/lib/python3.11/site-packages/airflow/example_dags/example_datasets.py took 0.119 seconds
[2026-03-18T00:24:09.837+0530] {processor.py:161} INFO - Started process (PID=3965) to work on /Users/vybhavswaroop/Desktop/untitled folder 3/ecommerce_platform/venv/lib/python3.11/site-packages/airflow/example_dags/example_datasets.py
[2026-03-18T00:24:09.838+0530] {processor.py:830} INFO - Processing file /Users/vybhavswaroop/Desktop/untitled folder 3/ecommerce_platform/venv/lib/python3.11/site-packages/airflow/example_dags/example_datasets.py for tasks to queue
[2026-03-18T00:24:09.839+0530] {logging_mixin.py:188} INFO - [2026-03-18T00:24:09.839+0530] {dagbag.py:540} INFO - Filling up the DagBag from /Users/vybhavswaroop/Desktop/untitled folder 3/ecommerce_platform/venv/lib/python3.11/site-packages/airflow/example_dags/example_datasets.py
[2026-03-18T00:24:09.845+0530] {processor.py:840} INFO - DAG(s) 'dataset_consumes_1', 'dataset_consumes_1_never_scheduled', 'dataset_consumes_unknown_never_scheduled', 'dataset_consumes_1_and_2', 'dataset_produces_2', 'dataset_produces_1' retrieved from /Users/vybhavswaroop/Desktop/untitled folder 3/ecommerce_platform/venv/lib/python3.11/site-packages/airflow/example_dags/example_datasets.py
[2026-03-18T00:24:09.914+0530] {logging_mixin.py:188} INFO - [2026-03-18T00:24:09.914+0530] {dag.py:3047} INFO - Sync 6 DAGs
[2026-03-18T00:24:09.925+0530] {logging_mixin.py:188} INFO - [2026-03-18T00:24:09.925+0530] {dag.py:3834} INFO - Setting next_dagrun for dataset_consumes_1 to None, run_after=None
[2026-03-18T00:24:09.926+0530] {logging_mixin.py:188} INFO - [2026-03-18T00:24:09.926+0530] {dag.py:3834} INFO - Setting next_dagrun for dataset_consumes_1_and_2 to None, run_after=None
[2026-03-18T00:24:09.927+0530] {logging_mixin.py:188} INFO - [2026-03-18T00:24:09.927+0530] {dag.py:3834} INFO - Setting next_dagrun for dataset_consumes_1_never_scheduled to None, run_after=None
[2026-03-18T00:24:09.927+0530] {logging_mixin.py:188} INFO - [2026-03-18T00:24:09.927+0530] {dag.py:3834} INFO - Setting next_dagrun for dataset_consumes_unknown_never_scheduled to None, run_after=None
[2026-03-18T00:24:09.928+0530] {logging_mixin.py:188} INFO - [2026-03-18T00:24:09.928+0530] {dag.py:3834} INFO - Setting next_dagrun for dataset_produces_1 to 2026-03-16 00:00:00+00:00, run_after=2026-03-17 00:00:00+00:00
[2026-03-18T00:24:09.929+0530] {logging_mixin.py:188} INFO - [2026-03-18T00:24:09.929+0530] {dag.py:3834} INFO - Setting next_dagrun for dataset_produces_2 to None, run_after=None
[2026-03-18T00:24:09.944+0530] {processor.py:183} INFO - Processing /Users/vybhavswaroop/Desktop/untitled folder 3/ecommerce_platform/venv/lib/python3.11/site-packages/airflow/example_dags/example_datasets.py took 0.107 seconds
[2026-03-18T00:29:44.157+0530] {processor.py:161} INFO - Started process (PID=7036) to work on /Users/vybhavswaroop/Desktop/untitled folder 3/ecommerce_platform/venv/lib/python3.11/site-packages/airflow/example_dags/example_datasets.py
[2026-03-18T00:29:44.158+0530] {processor.py:830} INFO - Processing file /Users/vybhavswaroop/Desktop/untitled folder 3/ecommerce_platform/venv/lib/python3.11/site-packages/airflow/example_dags/example_datasets.py for tasks to queue
[2026-03-18T00:29:44.159+0530] {logging_mixin.py:188} INFO - [2026-03-18T00:29:44.159+0530] {dagbag.py:540} INFO - Filling up the DagBag from /Users/vybhavswaroop/Desktop/untitled folder 3/ecommerce_platform/venv/lib/python3.11/site-packages/airflow/example_dags/example_datasets.py
[2026-03-18T00:29:44.165+0530] {processor.py:840} INFO - DAG(s) 'dataset_produces_2', 'dataset_consumes_1', 'dataset_consumes_1_never_scheduled', 'dataset_consumes_1_and_2', 'dataset_consumes_unknown_never_scheduled', 'dataset_produces_1' retrieved from /Users/vybhavswaroop/Desktop/untitled folder 3/ecommerce_platform/venv/lib/python3.11/site-packages/airflow/example_dags/example_datasets.py
[2026-03-18T00:29:44.231+0530] {logging_mixin.py:188} INFO - [2026-03-18T00:29:44.231+0530] {dag.py:3047} INFO - Sync 6 DAGs
[2026-03-18T00:29:44.241+0530] {logging_mixin.py:188} INFO - [2026-03-18T00:29:44.241+0530] {dag.py:3834} INFO - Setting next_dagrun for dataset_consumes_1 to None, run_after=None
[2026-03-18T00:29:44.243+0530] {logging_mixin.py:188} INFO - [2026-03-18T00:29:44.242+0530] {dag.py:3834} INFO - Setting next_dagrun for dataset_consumes_1_and_2 to None, run_after=None
[2026-03-18T00:29:44.243+0530] {logging_mixin.py:188} INFO - [2026-03-18T00:29:44.243+0530] {dag.py:3834} INFO - Setting next_dagrun for dataset_consumes_1_never_scheduled to None, run_after=None
[2026-03-18T00:29:44.243+0530] {logging_mixin.py:188} INFO - [2026-03-18T00:29:44.243+0530] {dag.py:3834} INFO - Setting next_dagrun for dataset_consumes_unknown_never_scheduled to None, run_after=None
[2026-03-18T00:29:44.244+0530] {logging_mixin.py:188} INFO - [2026-03-18T00:29:44.244+0530] {dag.py:3834} INFO - Setting next_dagrun for dataset_produces_1 to 2026-03-16 00:00:00+00:00, run_after=2026-03-17 00:00:00+00:00
[2026-03-18T00:29:44.245+0530] {logging_mixin.py:188} INFO - [2026-03-18T00:29:44.245+0530] {dag.py:3834} INFO - Setting next_dagrun for dataset_produces_2 to None, run_after=None
[2026-03-18T00:29:44.258+0530] {processor.py:183} INFO - Processing /Users/vybhavswaroop/Desktop/untitled folder 3/ecommerce_platform/venv/lib/python3.11/site-packages/airflow/example_dags/example_datasets.py took 0.101 seconds
[2026-03-18T00:35:04.430+0530] {processor.py:161} INFO - Started process (PID=10215) to work on /Users/vybhavswaroop/Desktop/untitled folder 3/ecommerce_platform/venv/lib/python3.11/site-packages/airflow/example_dags/example_datasets.py
[2026-03-18T00:35:04.431+0530] {processor.py:830} INFO - Processing file /Users/vybhavswaroop/Desktop/untitled folder 3/ecommerce_platform/venv/lib/python3.11/site-packages/airflow/example_dags/example_datasets.py for tasks to queue
[2026-03-18T00:35:04.431+0530] {logging_mixin.py:188} INFO - [2026-03-18T00:35:04.431+0530] {dagbag.py:540} INFO - Filling up the DagBag from /Users/vybhavswaroop/Desktop/untitled folder 3/ecommerce_platform/venv/lib/python3.11/site-packages/airflow/example_dags/example_datasets.py
[2026-03-18T00:35:04.438+0530] {processor.py:840} INFO - DAG(s) 'dataset_produces_1', 'dataset_produces_2', 'dataset_consumes_1', 'dataset_consumes_1_and_2', 'dataset_consumes_unknown_never_scheduled', 'dataset_consumes_1_never_scheduled' retrieved from /Users/vybhavswaroop/Desktop/untitled folder 3/ecommerce_platform/venv/lib/python3.11/site-packages/airflow/example_dags/example_datasets.py
[2026-03-18T00:35:04.509+0530] {logging_mixin.py:188} INFO - [2026-03-18T00:35:04.508+0530] {dag.py:3047} INFO - Sync 6 DAGs
[2026-03-18T00:35:04.519+0530] {logging_mixin.py:188} INFO - [2026-03-18T00:35:04.519+0530] {dag.py:3834} INFO - Setting next_dagrun for dataset_consumes_1 to None, run_after=None
[2026-03-18T00:35:04.521+0530] {logging_mixin.py:188} INFO - [2026-03-18T00:35:04.520+0530] {dag.py:3834} INFO - Setting next_dagrun for dataset_consumes_1_and_2 to None, run_after=None
[2026-03-18T00:35:04.521+0530] {logging_mixin.py:188} INFO - [2026-03-18T00:35:04.521+0530] {dag.py:3834} INFO - Setting next_dagrun for dataset_consumes_1_never_scheduled to None, run_after=None
[2026-03-18T00:35:04.521+0530] {logging_mixin.py:188} INFO - [2026-03-18T00:35:04.521+0530] {dag.py:3834} INFO - Setting next_dagrun for dataset_consumes_unknown_never_scheduled to None, run_after=None
[2026-03-18T00:35:04.523+0530] {logging_mixin.py:188} INFO - [2026-03-18T00:35:04.522+0530] {dag.py:3834} INFO - Setting next_dagrun for dataset_produces_1 to 2026-03-16 00:00:00+00:00, run_after=2026-03-17 00:00:00+00:00
[2026-03-18T00:35:04.523+0530] {logging_mixin.py:188} INFO - [2026-03-18T00:35:04.523+0530] {dag.py:3834} INFO - Setting next_dagrun for dataset_produces_2 to None, run_after=None
[2026-03-18T00:35:04.538+0530] {processor.py:183} INFO - Processing /Users/vybhavswaroop/Desktop/untitled folder 3/ecommerce_platform/venv/lib/python3.11/site-packages/airflow/example_dags/example_datasets.py took 0.109 seconds
[2026-03-18T00:40:34.302+0530] {processor.py:161} INFO - Started process (PID=13465) to work on /Users/vybhavswaroop/Desktop/untitled folder 3/ecommerce_platform/venv/lib/python3.11/site-packages/airflow/example_dags/example_datasets.py
[2026-03-18T00:40:34.304+0530] {processor.py:830} INFO - Processing file /Users/vybhavswaroop/Desktop/untitled folder 3/ecommerce_platform/venv/lib/python3.11/site-packages/airflow/example_dags/example_datasets.py for tasks to queue
[2026-03-18T00:40:34.305+0530] {logging_mixin.py:188} INFO - [2026-03-18T00:40:34.304+0530] {dagbag.py:540} INFO - Filling up the DagBag from /Users/vybhavswaroop/Desktop/untitled folder 3/ecommerce_platform/venv/lib/python3.11/site-packages/airflow/example_dags/example_datasets.py
[2026-03-18T00:40:34.313+0530] {processor.py:840} INFO - DAG(s) 'dataset_produces_1', 'dataset_consumes_1_never_scheduled', 'dataset_consumes_unknown_never_scheduled', 'dataset_consumes_1', 'dataset_produces_2', 'dataset_consumes_1_and_2' retrieved from /Users/vybhavswaroop/Desktop/untitled folder 3/ecommerce_platform/venv/lib/python3.11/site-packages/airflow/example_dags/example_datasets.py
[2026-03-18T00:40:34.403+0530] {logging_mixin.py:188} INFO - [2026-03-18T00:40:34.402+0530] {dag.py:3047} INFO - Sync 6 DAGs
[2026-03-18T00:40:34.415+0530] {logging_mixin.py:188} INFO - [2026-03-18T00:40:34.415+0530] {dag.py:3834} INFO - Setting next_dagrun for dataset_consumes_1 to None, run_after=None
[2026-03-18T00:40:34.417+0530] {logging_mixin.py:188} INFO - [2026-03-18T00:40:34.417+0530] {dag.py:3834} INFO - Setting next_dagrun for dataset_consumes_1_and_2 to None, run_after=None
[2026-03-18T00:40:34.417+0530] {logging_mixin.py:188} INFO - [2026-03-18T00:40:34.417+0530] {dag.py:3834} INFO - Setting next_dagrun for dataset_consumes_1_never_scheduled to None, run_after=None
[2026-03-18T00:40:34.418+0530] {logging_mixin.py:188} INFO - [2026-03-18T00:40:34.418+0530] {dag.py:3834} INFO - Setting next_dagrun for dataset_consumes_unknown_never_scheduled to None, run_after=None
[2026-03-18T00:40:34.419+0530] {logging_mixin.py:188} INFO - [2026-03-18T00:40:34.419+0530] {dag.py:3834} INFO - Setting next_dagrun for dataset_produces_1 to 2026-03-16 00:00:00+00:00, run_after=2026-03-17 00:00:00+00:00
[2026-03-18T00:40:34.420+0530] {logging_mixin.py:188} INFO - [2026-03-18T00:40:34.420+0530] {dag.py:3834} INFO - Setting next_dagrun for dataset_produces_2 to None, run_after=None
[2026-03-18T00:40:34.437+0530] {processor.py:183} INFO - Processing /Users/vybhavswaroop/Desktop/untitled folder 3/ecommerce_platform/venv/lib/python3.11/site-packages/airflow/example_dags/example_datasets.py took 0.135 seconds
[2026-03-18T00:46:03.729+0530] {processor.py:161} INFO - Started process (PID=16753) to work on /Users/vybhavswaroop/Desktop/untitled folder 3/ecommerce_platform/venv/lib/python3.11/site-packages/airflow/example_dags/example_datasets.py
[2026-03-18T00:46:03.731+0530] {processor.py:830} INFO - Processing file /Users/vybhavswaroop/Desktop/untitled folder 3/ecommerce_platform/venv/lib/python3.11/site-packages/airflow/example_dags/example_datasets.py for tasks to queue
[2026-03-18T00:46:03.731+0530] {logging_mixin.py:188} INFO - [2026-03-18T00:46:03.731+0530] {dagbag.py:540} INFO - Filling up the DagBag from /Users/vybhavswaroop/Desktop/untitled folder 3/ecommerce_platform/venv/lib/python3.11/site-packages/airflow/example_dags/example_datasets.py
[2026-03-18T00:46:03.738+0530] {processor.py:840} INFO - DAG(s) 'dataset_consumes_1_and_2', 'dataset_produces_2', 'dataset_consumes_1', 'dataset_consumes_unknown_never_scheduled', 'dataset_produces_1', 'dataset_consumes_1_never_scheduled' retrieved from /Users/vybhavswaroop/Desktop/untitled folder 3/ecommerce_platform/venv/lib/python3.11/site-packages/airflow/example_dags/example_datasets.py
[2026-03-18T00:46:03.806+0530] {logging_mixin.py:188} INFO - [2026-03-18T00:46:03.806+0530] {dag.py:3047} INFO - Sync 6 DAGs
[2026-03-18T00:46:03.816+0530] {logging_mixin.py:188} INFO - [2026-03-18T00:46:03.816+0530] {dag.py:3834} INFO - Setting next_dagrun for dataset_consumes_1 to None, run_after=None
[2026-03-18T00:46:03.818+0530] {logging_mixin.py:188} INFO - [2026-03-18T00:46:03.818+0530] {dag.py:3834} INFO - Setting next_dagrun for dataset_consumes_1_and_2 to None, run_after=None
[2026-03-18T00:46:03.818+0530] {logging_mixin.py:188} INFO - [2026-03-18T00:46:03.818+0530] {dag.py:3834} INFO - Setting next_dagrun for dataset_consumes_1_never_scheduled to None, run_after=None
[2026-03-18T00:46:03.819+0530] {logging_mixin.py:188} INFO - [2026-03-18T00:46:03.819+0530] {dag.py:3834} INFO - Setting next_dagrun for dataset_consumes_unknown_never_scheduled to None, run_after=None
[2026-03-18T00:46:03.820+0530] {logging_mixin.py:188} INFO - [2026-03-18T00:46:03.820+0530] {dag.py:3834} INFO - Setting next_dagrun for dataset_produces_1 to 2026-03-16 00:00:00+00:00, run_after=2026-03-17 00:00:00+00:00
[2026-03-18T00:46:03.820+0530] {logging_mixin.py:188} INFO - [2026-03-18T00:46:03.820+0530] {dag.py:3834} INFO - Setting next_dagrun for dataset_produces_2 to None, run_after=None
[2026-03-18T00:46:03.835+0530] {processor.py:183} INFO - Processing /Users/vybhavswaroop/Desktop/untitled folder 3/ecommerce_platform/venv/lib/python3.11/site-packages/airflow/example_dags/example_datasets.py took 0.107 seconds
[2026-03-18T00:51:28.710+0530] {processor.py:161} INFO - Started process (PID=20035) to work on /Users/vybhavswaroop/Desktop/untitled folder 3/ecommerce_platform/venv/lib/python3.11/site-packages/airflow/example_dags/example_datasets.py
[2026-03-18T00:51:28.712+0530] {processor.py:830} INFO - Processing file /Users/vybhavswaroop/Desktop/untitled folder 3/ecommerce_platform/venv/lib/python3.11/site-packages/airflow/example_dags/example_datasets.py for tasks to queue
[2026-03-18T00:51:28.712+0530] {logging_mixin.py:188} INFO - [2026-03-18T00:51:28.712+0530] {dagbag.py:540} INFO - Filling up the DagBag from /Users/vybhavswaroop/Desktop/untitled folder 3/ecommerce_platform/venv/lib/python3.11/site-packages/airflow/example_dags/example_datasets.py
[2026-03-18T00:51:28.719+0530] {processor.py:840} INFO - DAG(s) 'dataset_produces_2', 'dataset_consumes_1_and_2', 'dataset_consumes_1', 'dataset_consumes_1_never_scheduled', 'dataset_consumes_unknown_never_scheduled', 'dataset_produces_1' retrieved from /Users/vybhavswaroop/Desktop/untitled folder 3/ecommerce_platform/venv/lib/python3.11/site-packages/airflow/example_dags/example_datasets.py
[2026-03-18T00:51:28.798+0530] {logging_mixin.py:188} INFO - [2026-03-18T00:51:28.798+0530] {dag.py:3047} INFO - Sync 6 DAGs
[2026-03-18T00:51:28.809+0530] {logging_mixin.py:188} INFO - [2026-03-18T00:51:28.809+0530] {dag.py:3834} INFO - Setting next_dagrun for dataset_consumes_1 to None, run_after=None
[2026-03-18T00:51:28.811+0530] {logging_mixin.py:188} INFO - [2026-03-18T00:51:28.810+0530] {dag.py:3834} INFO - Setting next_dagrun for dataset_consumes_1_and_2 to None, run_after=None
[2026-03-18T00:51:28.811+0530] {logging_mixin.py:188} INFO - [2026-03-18T00:51:28.811+0530] {dag.py:3834} INFO - Setting next_dagrun for dataset_consumes_1_never_scheduled to None, run_after=None
[2026-03-18T00:51:28.811+0530] {logging_mixin.py:188} INFO - [2026-03-18T00:51:28.811+0530] {dag.py:3834} INFO - Setting next_dagrun for dataset_consumes_unknown_never_scheduled to None, run_after=None
[2026-03-18T00:51:28.813+0530] {logging_mixin.py:188} INFO - [2026-03-18T00:51:28.812+0530] {dag.py:3834} INFO - Setting next_dagrun for dataset_produces_1 to 2026-03-16 00:00:00+00:00, run_after=2026-03-17 00:00:00+00:00
[2026-03-18T00:51:28.813+0530] {logging_mixin.py:188} INFO - [2026-03-18T00:51:28.813+0530] {dag.py:3834} INFO - Setting next_dagrun for dataset_produces_2 to None, run_after=None
[2026-03-18T00:51:28.830+0530] {processor.py:183} INFO - Processing /Users/vybhavswaroop/Desktop/untitled folder 3/ecommerce_platform/venv/lib/python3.11/site-packages/airflow/example_dags/example_datasets.py took 0.121 seconds
[2026-03-18T00:56:55.476+0530] {processor.py:161} INFO - Started process (PID=23272) to work on /Users/vybhavswaroop/Desktop/untitled folder 3/ecommerce_platform/venv/lib/python3.11/site-packages/airflow/example_dags/example_datasets.py
[2026-03-18T00:56:55.477+0530] {processor.py:830} INFO - Processing file /Users/vybhavswaroop/Desktop/untitled folder 3/ecommerce_platform/venv/lib/python3.11/site-packages/airflow/example_dags/example_datasets.py for tasks to queue
[2026-03-18T00:56:55.478+0530] {logging_mixin.py:188} INFO - [2026-03-18T00:56:55.478+0530] {dagbag.py:540} INFO - Filling up the DagBag from /Users/vybhavswaroop/Desktop/untitled folder 3/ecommerce_platform/venv/lib/python3.11/site-packages/airflow/example_dags/example_datasets.py
[2026-03-18T00:56:55.485+0530] {processor.py:840} INFO - DAG(s) 'dataset_consumes_1_and_2', 'dataset_consumes_unknown_never_scheduled', 'dataset_consumes_1_never_scheduled', 'dataset_produces_1', 'dataset_consumes_1', 'dataset_produces_2' retrieved from /Users/vybhavswaroop/Desktop/untitled folder 3/ecommerce_platform/venv/lib/python3.11/site-packages/airflow/example_dags/example_datasets.py
[2026-03-18T00:56:55.564+0530] {logging_mixin.py:188} INFO - [2026-03-18T00:56:55.564+0530] {dag.py:3047} INFO - Sync 6 DAGs
[2026-03-18T00:56:55.576+0530] {logging_mixin.py:188} INFO - [2026-03-18T00:56:55.576+0530] {dag.py:3834} INFO - Setting next_dagrun for dataset_consumes_1 to None, run_after=None
[2026-03-18T00:56:55.578+0530] {logging_mixin.py:188} INFO - [2026-03-18T00:56:55.578+0530] {dag.py:3834} INFO - Setting next_dagrun for dataset_consumes_1_and_2 to None, run_after=None
[2026-03-18T00:56:55.579+0530] {logging_mixin.py:188} INFO - [2026-03-18T00:56:55.579+0530] {dag.py:3834} INFO - Setting next_dagrun for dataset_consumes_1_never_scheduled to None, run_after=None
[2026-03-18T00:56:55.579+0530] {logging_mixin.py:188} INFO - [2026-03-18T00:56:55.579+0530] {dag.py:3834} INFO - Setting next_dagrun for dataset_consumes_unknown_never_scheduled to None, run_after=None
[2026-03-18T00:56:55.581+0530] {logging_mixin.py:188} INFO - [2026-03-18T00:56:55.580+0530] {dag.py:3834} INFO - Setting next_dagrun for dataset_produces_1 to 2026-03-16 00:00:00+00:00, run_after=2026-03-17 00:00:00+00:00
[2026-03-18T00:56:55.581+0530] {logging_mixin.py:188} INFO - [2026-03-18T00:56:55.581+0530] {dag.py:3834} INFO - Setting next_dagrun for dataset_produces_2 to None, run_after=None
[2026-03-18T00:56:55.599+0530] {processor.py:183} INFO - Processing /Users/vybhavswaroop/Desktop/untitled folder 3/ecommerce_platform/venv/lib/python3.11/site-packages/airflow/example_dags/example_datasets.py took 0.124 seconds
[2026-03-18T01:01:26.392+0530] {processor.py:161} INFO - Started process (PID=26495) to work on /Users/vybhavswaroop/Desktop/untitled folder 3/ecommerce_platform/venv/lib/python3.11/site-packages/airflow/example_dags/example_datasets.py
[2026-03-18T01:01:26.396+0530] {processor.py:830} INFO - Processing file /Users/vybhavswaroop/Desktop/untitled folder 3/ecommerce_platform/venv/lib/python3.11/site-packages/airflow/example_dags/example_datasets.py for tasks to queue
[2026-03-18T01:01:26.397+0530] {logging_mixin.py:188} INFO - [2026-03-18T01:01:26.397+0530] {dagbag.py:540} INFO - Filling up the DagBag from /Users/vybhavswaroop/Desktop/untitled folder 3/ecommerce_platform/venv/lib/python3.11/site-packages/airflow/example_dags/example_datasets.py
[2026-03-18T01:01:26.404+0530] {processor.py:840} INFO - DAG(s) 'dataset_consumes_1_never_scheduled', 'dataset_consumes_1_and_2', 'dataset_produces_2', 'dataset_consumes_unknown_never_scheduled', 'dataset_produces_1', 'dataset_consumes_1' retrieved from /Users/vybhavswaroop/Desktop/untitled folder 3/ecommerce_platform/venv/lib/python3.11/site-packages/airflow/example_dags/example_datasets.py
[2026-03-18T01:01:26.481+0530] {logging_mixin.py:188} INFO - [2026-03-18T01:01:26.481+0530] {dag.py:3047} INFO - Sync 6 DAGs
[2026-03-18T01:01:26.493+0530] {logging_mixin.py:188} INFO - [2026-03-18T01:01:26.493+0530] {dag.py:3834} INFO - Setting next_dagrun for dataset_consumes_1 to None, run_after=None
[2026-03-18T01:01:26.495+0530] {logging_mixin.py:188} INFO - [2026-03-18T01:01:26.495+0530] {dag.py:3834} INFO - Setting next_dagrun for dataset_consumes_1_and_2 to None, run_after=None
[2026-03-18T01:01:26.495+0530] {logging_mixin.py:188} INFO - [2026-03-18T01:01:26.495+0530] {dag.py:3834} INFO - Setting next_dagrun for dataset_consumes_1_never_scheduled to None, run_after=None
[2026-03-18T01:01:26.496+0530] {logging_mixin.py:188} INFO - [2026-03-18T01:01:26.496+0530] {dag.py:3834} INFO - Setting next_dagrun for dataset_consumes_unknown_never_scheduled to None, run_after=None
[2026-03-18T01:01:26.497+0530] {logging_mixin.py:188} INFO - [2026-03-18T01:01:26.497+0530] {dag.py:3834} INFO - Setting next_dagrun for dataset_produces_1 to 2026-03-16 00:00:00+00:00, run_after=2026-03-17 00:00:00+00:00
[2026-03-18T01:01:26.497+0530] {logging_mixin.py:188} INFO - [2026-03-18T01:01:26.497+0530] {dag.py:3834} INFO - Setting next_dagrun for dataset_produces_2 to None, run_after=None
[2026-03-18T01:01:26.515+0530] {processor.py:183} INFO - Processing /Users/vybhavswaroop/Desktop/untitled folder 3/ecommerce_platform/venv/lib/python3.11/site-packages/airflow/example_dags/example_datasets.py took 0.124 seconds
[2026-03-18T01:04:41.567+0530] {processor.py:161} INFO - Started process (PID=28433) to work on /Users/vybhavswaroop/Desktop/untitled folder 3/ecommerce_platform/venv/lib/python3.11/site-packages/airflow/example_dags/example_datasets.py
[2026-03-18T01:04:41.569+0530] {processor.py:830} INFO - Processing file /Users/vybhavswaroop/Desktop/untitled folder 3/ecommerce_platform/venv/lib/python3.11/site-packages/airflow/example_dags/example_datasets.py for tasks to queue
[2026-03-18T01:04:41.570+0530] {logging_mixin.py:188} INFO - [2026-03-18T01:04:41.570+0530] {dagbag.py:540} INFO - Filling up the DagBag from /Users/vybhavswaroop/Desktop/untitled folder 3/ecommerce_platform/venv/lib/python3.11/site-packages/airflow/example_dags/example_datasets.py
[2026-03-18T01:04:41.579+0530] {processor.py:840} INFO - DAG(s) 'dataset_consumes_1', 'dataset_consumes_1_and_2', 'dataset_produces_1', 'dataset_produces_2', 'dataset_consumes_1_never_scheduled', 'dataset_consumes_unknown_never_scheduled' retrieved from /Users/vybhavswaroop/Desktop/untitled folder 3/ecommerce_platform/venv/lib/python3.11/site-packages/airflow/example_dags/example_datasets.py
[2026-03-18T01:04:41.659+0530] {logging_mixin.py:188} INFO - [2026-03-18T01:04:41.659+0530] {dag.py:3047} INFO - Sync 6 DAGs
[2026-03-18T01:04:41.674+0530] {logging_mixin.py:188} INFO - [2026-03-18T01:04:41.673+0530] {dag.py:3834} INFO - Setting next_dagrun for dataset_consumes_1 to None, run_after=None
[2026-03-18T01:04:41.676+0530] {logging_mixin.py:188} INFO - [2026-03-18T01:04:41.676+0530] {dag.py:3834} INFO - Setting next_dagrun for dataset_consumes_1_and_2 to None, run_after=None
[2026-03-18T01:04:41.677+0530] {logging_mixin.py:188} INFO - [2026-03-18T01:04:41.676+0530] {dag.py:3834} INFO - Setting next_dagrun for dataset_consumes_1_never_scheduled to None, run_after=None
[2026-03-18T01:04:41.677+0530] {logging_mixin.py:188} INFO - [2026-03-18T01:04:41.677+0530] {dag.py:3834} INFO - Setting next_dagrun for dataset_consumes_unknown_never_scheduled to None, run_after=None
[2026-03-18T01:04:41.678+0530] {logging_mixin.py:188} INFO - [2026-03-18T01:04:41.678+0530] {dag.py:3834} INFO - Setting next_dagrun for dataset_produces_1 to 2026-03-16 00:00:00+00:00, run_after=2026-03-17 00:00:00+00:00
[2026-03-18T01:04:41.679+0530] {logging_mixin.py:188} INFO - [2026-03-18T01:04:41.679+0530] {dag.py:3834} INFO - Setting next_dagrun for dataset_produces_2 to None, run_after=None
[2026-03-18T01:04:41.697+0530] {processor.py:183} INFO - Processing /Users/vybhavswaroop/Desktop/untitled folder 3/ecommerce_platform/venv/lib/python3.11/site-packages/airflow/example_dags/example_datasets.py took 0.130 seconds
[2026-03-18T01:10:14.617+0530] {processor.py:161} INFO - Started process (PID=31722) to work on /Users/vybhavswaroop/Desktop/untitled folder 3/ecommerce_platform/venv/lib/python3.11/site-packages/airflow/example_dags/example_datasets.py
[2026-03-18T01:10:14.619+0530] {processor.py:830} INFO - Processing file /Users/vybhavswaroop/Desktop/untitled folder 3/ecommerce_platform/venv/lib/python3.11/site-packages/airflow/example_dags/example_datasets.py for tasks to queue
[2026-03-18T01:10:14.619+0530] {logging_mixin.py:188} INFO - [2026-03-18T01:10:14.619+0530] {dagbag.py:540} INFO - Filling up the DagBag from /Users/vybhavswaroop/Desktop/untitled folder 3/ecommerce_platform/venv/lib/python3.11/site-packages/airflow/example_dags/example_datasets.py
[2026-03-18T01:10:14.627+0530] {processor.py:840} INFO - DAG(s) 'dataset_consumes_1_never_scheduled', 'dataset_produces_2', 'dataset_consumes_1', 'dataset_consumes_1_and_2', 'dataset_produces_1', 'dataset_consumes_unknown_never_scheduled' retrieved from /Users/vybhavswaroop/Desktop/untitled folder 3/ecommerce_platform/venv/lib/python3.11/site-packages/airflow/example_dags/example_datasets.py
[2026-03-18T01:10:14.692+0530] {logging_mixin.py:188} INFO - [2026-03-18T01:10:14.692+0530] {dag.py:3047} INFO - Sync 6 DAGs
[2026-03-18T01:10:14.701+0530] {logging_mixin.py:188} INFO - [2026-03-18T01:10:14.701+0530] {dag.py:3834} INFO - Setting next_dagrun for dataset_consumes_1 to None, run_after=None
[2026-03-18T01:10:14.703+0530] {logging_mixin.py:188} INFO - [2026-03-18T01:10:14.702+0530] {dag.py:3834} INFO - Setting next_dagrun for dataset_consumes_1_and_2 to None, run_after=None
[2026-03-18T01:10:14.703+0530] {logging_mixin.py:188} INFO - [2026-03-18T01:10:14.703+0530] {dag.py:3834} INFO - Setting next_dagrun for dataset_consumes_1_never_scheduled to None, run_after=None
[2026-03-18T01:10:14.703+0530] {logging_mixin.py:188} INFO - [2026-03-18T01:10:14.703+0530] {dag.py:3834} INFO - Setting next_dagrun for dataset_consumes_unknown_never_scheduled to None, run_after=None
[2026-03-18T01:10:14.704+0530] {logging_mixin.py:188} INFO - [2026-03-18T01:10:14.704+0530] {dag.py:3834} INFO - Setting next_dagrun for dataset_produces_1 to 2026-03-16 00:00:00+00:00, run_after=2026-03-17 00:00:00+00:00
[2026-03-18T01:10:14.705+0530] {logging_mixin.py:188} INFO - [2026-03-18T01:10:14.705+0530] {dag.py:3834} INFO - Setting next_dagrun for dataset_produces_2 to None, run_after=None
[2026-03-18T01:10:14.719+0530] {processor.py:183} INFO - Processing /Users/vybhavswaroop/Desktop/untitled folder 3/ecommerce_platform/venv/lib/python3.11/site-packages/airflow/example_dags/example_datasets.py took 0.102 seconds
[2026-03-18T01:15:40.630+0530] {processor.py:161} INFO - Started process (PID=34983) to work on /Users/vybhavswaroop/Desktop/untitled folder 3/ecommerce_platform/venv/lib/python3.11/site-packages/airflow/example_dags/example_datasets.py
[2026-03-18T01:15:40.632+0530] {processor.py:830} INFO - Processing file /Users/vybhavswaroop/Desktop/untitled folder 3/ecommerce_platform/venv/lib/python3.11/site-packages/airflow/example_dags/example_datasets.py for tasks to queue
[2026-03-18T01:15:40.633+0530] {logging_mixin.py:188} INFO - [2026-03-18T01:15:40.633+0530] {dagbag.py:540} INFO - Filling up the DagBag from /Users/vybhavswaroop/Desktop/untitled folder 3/ecommerce_platform/venv/lib/python3.11/site-packages/airflow/example_dags/example_datasets.py
[2026-03-18T01:15:40.640+0530] {processor.py:840} INFO - DAG(s) 'dataset_produces_1', 'dataset_consumes_1_and_2', 'dataset_produces_2', 'dataset_consumes_1_never_scheduled', 'dataset_consumes_unknown_never_scheduled', 'dataset_consumes_1' retrieved from /Users/vybhavswaroop/Desktop/untitled folder 3/ecommerce_platform/venv/lib/python3.11/site-packages/airflow/example_dags/example_datasets.py
[2026-03-18T01:15:40.718+0530] {logging_mixin.py:188} INFO - [2026-03-18T01:15:40.718+0530] {dag.py:3047} INFO - Sync 6 DAGs
[2026-03-18T01:15:40.729+0530] {logging_mixin.py:188} INFO - [2026-03-18T01:15:40.729+0530] {dag.py:3834} INFO - Setting next_dagrun for dataset_consumes_1 to None, run_after=None
[2026-03-18T01:15:40.731+0530] {logging_mixin.py:188} INFO - [2026-03-18T01:15:40.731+0530] {dag.py:3834} INFO - Setting next_dagrun for dataset_consumes_1_and_2 to None, run_after=None
[2026-03-18T01:15:40.732+0530] {logging_mixin.py:188} INFO - [2026-03-18T01:15:40.732+0530] {dag.py:3834} INFO - Setting next_dagrun for dataset_consumes_1_never_scheduled to None, run_after=None
[2026-03-18T01:15:40.732+0530] {logging_mixin.py:188} INFO - [2026-03-18T01:15:40.732+0530] {dag.py:3834} INFO - Setting next_dagrun for dataset_consumes_unknown_never_scheduled to None, run_after=None
[2026-03-18T01:15:40.733+0530] {logging_mixin.py:188} INFO - [2026-03-18T01:15:40.733+0530] {dag.py:3834} INFO - Setting next_dagrun for dataset_produces_1 to 2026-03-16 00:00:00+00:00, run_after=2026-03-17 00:00:00+00:00
[2026-03-18T01:15:40.734+0530] {logging_mixin.py:188} INFO - [2026-03-18T01:15:40.734+0530] {dag.py:3834} INFO - Setting next_dagrun for dataset_produces_2 to None, run_after=None
[2026-03-18T01:15:40.752+0530] {processor.py:183} INFO - Processing /Users/vybhavswaroop/Desktop/untitled folder 3/ecommerce_platform/venv/lib/python3.11/site-packages/airflow/example_dags/example_datasets.py took 0.122 seconds
[2026-03-18T01:20:57.214+0530] {processor.py:161} INFO - Started process (PID=38225) to work on /Users/vybhavswaroop/Desktop/untitled folder 3/ecommerce_platform/venv/lib/python3.11/site-packages/airflow/example_dags/example_datasets.py
[2026-03-18T01:20:57.216+0530] {processor.py:830} INFO - Processing file /Users/vybhavswaroop/Desktop/untitled folder 3/ecommerce_platform/venv/lib/python3.11/site-packages/airflow/example_dags/example_datasets.py for tasks to queue
[2026-03-18T01:20:57.216+0530] {logging_mixin.py:188} INFO - [2026-03-18T01:20:57.216+0530] {dagbag.py:540} INFO - Filling up the DagBag from /Users/vybhavswaroop/Desktop/untitled folder 3/ecommerce_platform/venv/lib/python3.11/site-packages/airflow/example_dags/example_datasets.py
[2026-03-18T01:20:57.223+0530] {processor.py:840} INFO - DAG(s) 'dataset_consumes_1', 'dataset_consumes_unknown_never_scheduled', 'dataset_consumes_1_never_scheduled', 'dataset_consumes_1_and_2', 'dataset_produces_2', 'dataset_produces_1' retrieved from /Users/vybhavswaroop/Desktop/untitled folder 3/ecommerce_platform/venv/lib/python3.11/site-packages/airflow/example_dags/example_datasets.py
[2026-03-18T01:20:57.294+0530] {logging_mixin.py:188} INFO - [2026-03-18T01:20:57.294+0530] {dag.py:3047} INFO - Sync 6 DAGs
[2026-03-18T01:20:57.305+0530] {logging_mixin.py:188} INFO - [2026-03-18T01:20:57.305+0530] {dag.py:3834} INFO - Setting next_dagrun for dataset_consumes_1 to None, run_after=None
[2026-03-18T01:20:57.306+0530] {logging_mixin.py:188} INFO - [2026-03-18T01:20:57.306+0530] {dag.py:3834} INFO - Setting next_dagrun for dataset_consumes_1_and_2 to None, run_after=None
[2026-03-18T01:20:57.307+0530] {logging_mixin.py:188} INFO - [2026-03-18T01:20:57.307+0530] {dag.py:3834} INFO - Setting next_dagrun for dataset_consumes_1_never_scheduled to None, run_after=None
[2026-03-18T01:20:57.307+0530] {logging_mixin.py:188} INFO - [2026-03-18T01:20:57.307+0530] {dag.py:3834} INFO - Setting next_dagrun for dataset_consumes_unknown_never_scheduled to None, run_after=None
[2026-03-18T01:20:57.309+0530] {logging_mixin.py:188} INFO - [2026-03-18T01:20:57.308+0530] {dag.py:3834} INFO - Setting next_dagrun for dataset_produces_1 to 2026-03-16 00:00:00+00:00, run_after=2026-03-17 00:00:00+00:00
[2026-03-18T01:20:57.309+0530] {logging_mixin.py:188} INFO - [2026-03-18T01:20:57.309+0530] {dag.py:3834} INFO - Setting next_dagrun for dataset_produces_2 to None, run_after=None
[2026-03-18T01:20:57.324+0530] {processor.py:183} INFO - Processing /Users/vybhavswaroop/Desktop/untitled folder 3/ecommerce_platform/venv/lib/python3.11/site-packages/airflow/example_dags/example_datasets.py took 0.111 seconds
[2026-03-18T01:25:54.794+0530] {processor.py:161} INFO - Started process (PID=41394) to work on /Users/vybhavswaroop/Desktop/untitled folder 3/ecommerce_platform/venv/lib/python3.11/site-packages/airflow/example_dags/example_datasets.py
[2026-03-18T01:25:54.796+0530] {processor.py:830} INFO - Processing file /Users/vybhavswaroop/Desktop/untitled folder 3/ecommerce_platform/venv/lib/python3.11/site-packages/airflow/example_dags/example_datasets.py for tasks to queue
[2026-03-18T01:25:54.796+0530] {logging_mixin.py:188} INFO - [2026-03-18T01:25:54.796+0530] {dagbag.py:540} INFO - Filling up the DagBag from /Users/vybhavswaroop/Desktop/untitled folder 3/ecommerce_platform/venv/lib/python3.11/site-packages/airflow/example_dags/example_datasets.py
[2026-03-18T01:25:54.804+0530] {processor.py:840} INFO - DAG(s) 'dataset_consumes_unknown_never_scheduled', 'dataset_consumes_1_never_scheduled', 'dataset_produces_1', 'dataset_consumes_1', 'dataset_produces_2', 'dataset_consumes_1_and_2' retrieved from /Users/vybhavswaroop/Desktop/untitled folder 3/ecommerce_platform/venv/lib/python3.11/site-packages/airflow/example_dags/example_datasets.py
[2026-03-18T01:25:54.876+0530] {logging_mixin.py:188} INFO - [2026-03-18T01:25:54.876+0530] {dag.py:3047} INFO - Sync 6 DAGs
[2026-03-18T01:25:54.886+0530] {logging_mixin.py:188} INFO - [2026-03-18T01:25:54.886+0530] {dag.py:3834} INFO - Setting next_dagrun for dataset_consumes_1 to None, run_after=None
[2026-03-18T01:25:54.888+0530] {logging_mixin.py:188} INFO - [2026-03-18T01:25:54.888+0530] {dag.py:3834} INFO - Setting next_dagrun for dataset_consumes_1_and_2 to None, run_after=None
[2026-03-18T01:25:54.888+0530] {logging_mixin.py:188} INFO - [2026-03-18T01:25:54.888+0530] {dag.py:3834} INFO - Setting next_dagrun for dataset_consumes_1_never_scheduled to None, run_after=None
[2026-03-18T01:25:54.889+0530] {logging_mixin.py:188} INFO - [2026-03-18T01:25:54.889+0530] {dag.py:3834} INFO - Setting next_dagrun for dataset_consumes_unknown_never_scheduled to None, run_after=None
[2026-03-18T01:25:54.890+0530] {logging_mixin.py:188} INFO - [2026-03-18T01:25:54.890+0530] {dag.py:3834} INFO - Setting next_dagrun for dataset_produces_1 to 2026-03-16 00:00:00+00:00, run_after=2026-03-17 00:00:00+00:00
[2026-03-18T01:25:54.890+0530] {logging_mixin.py:188} INFO - [2026-03-18T01:25:54.890+0530] {dag.py:3834} INFO - Setting next_dagrun for dataset_produces_2 to None, run_after=None
[2026-03-18T01:25:54.905+0530] {processor.py:183} INFO - Processing /Users/vybhavswaroop/Desktop/untitled folder 3/ecommerce_platform/venv/lib/python3.11/site-packages/airflow/example_dags/example_datasets.py took 0.112 seconds
[2026-03-18T01:30:50.142+0530] {processor.py:161} INFO - Started process (PID=44574) to work on /Users/vybhavswaroop/Desktop/untitled folder 3/ecommerce_platform/venv/lib/python3.11/site-packages/airflow/example_dags/example_datasets.py
[2026-03-18T01:30:50.144+0530] {processor.py:830} INFO - Processing file /Users/vybhavswaroop/Desktop/untitled folder 3/ecommerce_platform/venv/lib/python3.11/site-packages/airflow/example_dags/example_datasets.py for tasks to queue
[2026-03-18T01:30:50.144+0530] {logging_mixin.py:188} INFO - [2026-03-18T01:30:50.144+0530] {dagbag.py:540} INFO - Filling up the DagBag from /Users/vybhavswaroop/Desktop/untitled folder 3/ecommerce_platform/venv/lib/python3.11/site-packages/airflow/example_dags/example_datasets.py
[2026-03-18T01:30:50.150+0530] {processor.py:840} INFO - DAG(s) 'dataset_produces_2', 'dataset_produces_1', 'dataset_consumes_1_and_2', 'dataset_consumes_1_never_scheduled', 'dataset_consumes_1', 'dataset_consumes_unknown_never_scheduled' retrieved from /Users/vybhavswaroop/Desktop/untitled folder 3/ecommerce_platform/venv/lib/python3.11/site-packages/airflow/example_dags/example_datasets.py
[2026-03-18T01:30:50.218+0530] {logging_mixin.py:188} INFO - [2026-03-18T01:30:50.218+0530] {dag.py:3047} INFO - Sync 6 DAGs
[2026-03-18T01:30:50.229+0530] {logging_mixin.py:188} INFO - [2026-03-18T01:30:50.228+0530] {dag.py:3834} INFO - Setting next_dagrun for dataset_consumes_1 to None, run_after=None
[2026-03-18T01:30:50.230+0530] {logging_mixin.py:188} INFO - [2026-03-18T01:30:50.230+0530] {dag.py:3834} INFO - Setting next_dagrun for dataset_consumes_1_and_2 to None, run_after=None
[2026-03-18T01:30:50.231+0530] {logging_mixin.py:188} INFO - [2026-03-18T01:30:50.230+0530] {dag.py:3834} INFO - Setting next_dagrun for dataset_consumes_1_never_scheduled to None, run_after=None
[2026-03-18T01:30:50.231+0530] {logging_mixin.py:188} INFO - [2026-03-18T01:30:50.231+0530] {dag.py:3834} INFO - Setting next_dagrun for dataset_consumes_unknown_never_scheduled to None, run_after=None
[2026-03-18T01:30:50.232+0530] {logging_mixin.py:188} INFO - [2026-03-18T01:30:50.232+0530] {dag.py:3834} INFO - Setting next_dagrun for dataset_produces_1 to 2026-03-16 00:00:00+00:00, run_after=2026-03-17 00:00:00+00:00
[2026-03-18T01:30:50.232+0530] {logging_mixin.py:188} INFO - [2026-03-18T01:30:50.232+0530] {dag.py:3834} INFO - Setting next_dagrun for dataset_produces_2 to None, run_after=None
[2026-03-18T01:30:50.247+0530] {processor.py:183} INFO - Processing /Users/vybhavswaroop/Desktop/untitled folder 3/ecommerce_platform/venv/lib/python3.11/site-packages/airflow/example_dags/example_datasets.py took 0.105 seconds
[2026-03-18T01:35:54.763+0530] {processor.py:161} INFO - Started process (PID=47737) to work on /Users/vybhavswaroop/Desktop/untitled folder 3/ecommerce_platform/venv/lib/python3.11/site-packages/airflow/example_dags/example_datasets.py
[2026-03-18T01:35:54.765+0530] {processor.py:830} INFO - Processing file /Users/vybhavswaroop/Desktop/untitled folder 3/ecommerce_platform/venv/lib/python3.11/site-packages/airflow/example_dags/example_datasets.py for tasks to queue
[2026-03-18T01:35:54.765+0530] {logging_mixin.py:188} INFO - [2026-03-18T01:35:54.765+0530] {dagbag.py:540} INFO - Filling up the DagBag from /Users/vybhavswaroop/Desktop/untitled folder 3/ecommerce_platform/venv/lib/python3.11/site-packages/airflow/example_dags/example_datasets.py
[2026-03-18T01:35:54.772+0530] {processor.py:840} INFO - DAG(s) 'dataset_consumes_1_never_scheduled', 'dataset_consumes_1_and_2', 'dataset_consumes_1', 'dataset_consumes_unknown_never_scheduled', 'dataset_produces_2', 'dataset_produces_1' retrieved from /Users/vybhavswaroop/Desktop/untitled folder 3/ecommerce_platform/venv/lib/python3.11/site-packages/airflow/example_dags/example_datasets.py
[2026-03-18T01:35:54.841+0530] {logging_mixin.py:188} INFO - [2026-03-18T01:35:54.841+0530] {dag.py:3047} INFO - Sync 6 DAGs
[2026-03-18T01:35:54.851+0530] {logging_mixin.py:188} INFO - [2026-03-18T01:35:54.851+0530] {dag.py:3834} INFO - Setting next_dagrun for dataset_consumes_1 to None, run_after=None
[2026-03-18T01:35:54.853+0530] {logging_mixin.py:188} INFO - [2026-03-18T01:35:54.853+0530] {dag.py:3834} INFO - Setting next_dagrun for dataset_consumes_1_and_2 to None, run_after=None
[2026-03-18T01:35:54.853+0530] {logging_mixin.py:188} INFO - [2026-03-18T01:35:54.853+0530] {dag.py:3834} INFO - Setting next_dagrun for dataset_consumes_1_never_scheduled to None, run_after=None
[2026-03-18T01:35:54.854+0530] {logging_mixin.py:188} INFO - [2026-03-18T01:35:54.854+0530] {dag.py:3834} INFO - Setting next_dagrun for dataset_consumes_unknown_never_scheduled to None, run_after=None
[2026-03-18T01:35:54.855+0530] {logging_mixin.py:188} INFO - [2026-03-18T01:35:54.855+0530] {dag.py:3834} INFO - Setting next_dagrun for dataset_produces_1 to 2026-03-16 00:00:00+00:00, run_after=2026-03-17 00:00:00+00:00
[2026-03-18T01:35:54.855+0530] {logging_mixin.py:188} INFO - [2026-03-18T01:35:54.855+0530] {dag.py:3834} INFO - Setting next_dagrun for dataset_produces_2 to None, run_after=None
[2026-03-18T01:35:54.871+0530] {processor.py:183} INFO - Processing /Users/vybhavswaroop/Desktop/untitled folder 3/ecommerce_platform/venv/lib/python3.11/site-packages/airflow/example_dags/example_datasets.py took 0.109 seconds
[2026-03-18T01:41:14.680+0530] {processor.py:161} INFO - Started process (PID=50846) to work on /Users/vybhavswaroop/Desktop/untitled folder 3/ecommerce_platform/venv/lib/python3.11/site-packages/airflow/example_dags/example_datasets.py
[2026-03-18T01:41:14.682+0530] {processor.py:830} INFO - Processing file /Users/vybhavswaroop/Desktop/untitled folder 3/ecommerce_platform/venv/lib/python3.11/site-packages/airflow/example_dags/example_datasets.py for tasks to queue
[2026-03-18T01:41:14.682+0530] {logging_mixin.py:188} INFO - [2026-03-18T01:41:14.682+0530] {dagbag.py:540} INFO - Filling up the DagBag from /Users/vybhavswaroop/Desktop/untitled folder 3/ecommerce_platform/venv/lib/python3.11/site-packages/airflow/example_dags/example_datasets.py
[2026-03-18T01:41:14.691+0530] {processor.py:840} INFO - DAG(s) 'dataset_consumes_1', 'dataset_consumes_1_never_scheduled', 'dataset_consumes_1_and_2', 'dataset_consumes_unknown_never_scheduled', 'dataset_produces_2', 'dataset_produces_1' retrieved from /Users/vybhavswaroop/Desktop/untitled folder 3/ecommerce_platform/venv/lib/python3.11/site-packages/airflow/example_dags/example_datasets.py
[2026-03-18T01:41:14.771+0530] {logging_mixin.py:188} INFO - [2026-03-18T01:41:14.771+0530] {dag.py:3047} INFO - Sync 6 DAGs
[2026-03-18T01:41:14.783+0530] {logging_mixin.py:188} INFO - [2026-03-18T01:41:14.782+0530] {dag.py:3834} INFO - Setting next_dagrun for dataset_consumes_1 to None, run_after=None
[2026-03-18T01:41:14.785+0530] {logging_mixin.py:188} INFO - [2026-03-18T01:41:14.784+0530] {dag.py:3834} INFO - Setting next_dagrun for dataset_consumes_1_and_2 to None, run_after=None
[2026-03-18T01:41:14.785+0530] {logging_mixin.py:188} INFO - [2026-03-18T01:41:14.785+0530] {dag.py:3834} INFO - Setting next_dagrun for dataset_consumes_1_never_scheduled to None, run_after=None
[2026-03-18T01:41:14.786+0530] {logging_mixin.py:188} INFO - [2026-03-18T01:41:14.785+0530] {dag.py:3834} INFO - Setting next_dagrun for dataset_consumes_unknown_never_scheduled to None, run_after=None
[2026-03-18T01:41:14.787+0530] {logging_mixin.py:188} INFO - [2026-03-18T01:41:14.787+0530] {dag.py:3834} INFO - Setting next_dagrun for dataset_produces_1 to 2026-03-16 00:00:00+00:00, run_after=2026-03-17 00:00:00+00:00
[2026-03-18T01:41:14.787+0530] {logging_mixin.py:188} INFO - [2026-03-18T01:41:14.787+0530] {dag.py:3834} INFO - Setting next_dagrun for dataset_produces_2 to None, run_after=None
[2026-03-18T01:41:14.806+0530] {processor.py:183} INFO - Processing /Users/vybhavswaroop/Desktop/untitled folder 3/ecommerce_platform/venv/lib/python3.11/site-packages/airflow/example_dags/example_datasets.py took 0.127 seconds
[2026-03-18T01:46:53.843+0530] {processor.py:161} INFO - Started process (PID=53904) to work on /Users/vybhavswaroop/Desktop/untitled folder 3/ecommerce_platform/venv/lib/python3.11/site-packages/airflow/example_dags/example_datasets.py
[2026-03-18T01:46:53.845+0530] {processor.py:830} INFO - Processing file /Users/vybhavswaroop/Desktop/untitled folder 3/ecommerce_platform/venv/lib/python3.11/site-packages/airflow/example_dags/example_datasets.py for tasks to queue
[2026-03-18T01:46:53.845+0530] {logging_mixin.py:188} INFO - [2026-03-18T01:46:53.845+0530] {dagbag.py:540} INFO - Filling up the DagBag from /Users/vybhavswaroop/Desktop/untitled folder 3/ecommerce_platform/venv/lib/python3.11/site-packages/airflow/example_dags/example_datasets.py
[2026-03-18T01:46:53.852+0530] {processor.py:840} INFO - DAG(s) 'dataset_produces_2', 'dataset_consumes_1', 'dataset_consumes_1_and_2', 'dataset_consumes_unknown_never_scheduled', 'dataset_consumes_1_never_scheduled', 'dataset_produces_1' retrieved from /Users/vybhavswaroop/Desktop/untitled folder 3/ecommerce_platform/venv/lib/python3.11/site-packages/airflow/example_dags/example_datasets.py
[2026-03-18T01:46:53.936+0530] {logging_mixin.py:188} INFO - [2026-03-18T01:46:53.936+0530] {dag.py:3047} INFO - Sync 6 DAGs
[2026-03-18T01:46:53.949+0530] {logging_mixin.py:188} INFO - [2026-03-18T01:46:53.949+0530] {dag.py:3834} INFO - Setting next_dagrun for dataset_consumes_1 to None, run_after=None
[2026-03-18T01:46:53.951+0530] {logging_mixin.py:188} INFO - [2026-03-18T01:46:53.951+0530] {dag.py:3834} INFO - Setting next_dagrun for dataset_consumes_1_and_2 to None, run_after=None
[2026-03-18T01:46:53.951+0530] {logging_mixin.py:188} INFO - [2026-03-18T01:46:53.951+0530] {dag.py:3834} INFO - Setting next_dagrun for dataset_consumes_1_never_scheduled to None, run_after=None
[2026-03-18T01:46:53.952+0530] {logging_mixin.py:188} INFO - [2026-03-18T01:46:53.952+0530] {dag.py:3834} INFO - Setting next_dagrun for dataset_consumes_unknown_never_scheduled to None, run_after=None
[2026-03-18T01:46:53.953+0530] {logging_mixin.py:188} INFO - [2026-03-18T01:46:53.953+0530] {dag.py:3834} INFO - Setting next_dagrun for dataset_produces_1 to 2026-03-16 00:00:00+00:00, run_after=2026-03-17 00:00:00+00:00
[2026-03-18T01:46:53.953+0530] {logging_mixin.py:188} INFO - [2026-03-18T01:46:53.953+0530] {dag.py:3834} INFO - Setting next_dagrun for dataset_produces_2 to None, run_after=None
[2026-03-18T01:46:53.970+0530] {processor.py:183} INFO - Processing /Users/vybhavswaroop/Desktop/untitled folder 3/ecommerce_platform/venv/lib/python3.11/site-packages/airflow/example_dags/example_datasets.py took 0.128 seconds
[2026-03-18T01:52:36.045+0530] {processor.py:161} INFO - Started process (PID=56999) to work on /Users/vybhavswaroop/Desktop/untitled folder 3/ecommerce_platform/venv/lib/python3.11/site-packages/airflow/example_dags/example_datasets.py
[2026-03-18T01:52:36.048+0530] {processor.py:830} INFO - Processing file /Users/vybhavswaroop/Desktop/untitled folder 3/ecommerce_platform/venv/lib/python3.11/site-packages/airflow/example_dags/example_datasets.py for tasks to queue
[2026-03-18T01:52:36.048+0530] {logging_mixin.py:188} INFO - [2026-03-18T01:52:36.048+0530] {dagbag.py:540} INFO - Filling up the DagBag from /Users/vybhavswaroop/Desktop/untitled folder 3/ecommerce_platform/venv/lib/python3.11/site-packages/airflow/example_dags/example_datasets.py
[2026-03-18T01:52:36.057+0530] {processor.py:840} INFO - DAG(s) 'dataset_produces_2', 'dataset_consumes_1_never_scheduled', 'dataset_consumes_unknown_never_scheduled', 'dataset_consumes_1', 'dataset_consumes_1_and_2', 'dataset_produces_1' retrieved from /Users/vybhavswaroop/Desktop/untitled folder 3/ecommerce_platform/venv/lib/python3.11/site-packages/airflow/example_dags/example_datasets.py
[2026-03-18T01:52:36.148+0530] {logging_mixin.py:188} INFO - [2026-03-18T01:52:36.148+0530] {dag.py:3047} INFO - Sync 6 DAGs
[2026-03-18T01:52:36.161+0530] {logging_mixin.py:188} INFO - [2026-03-18T01:52:36.161+0530] {dag.py:3834} INFO - Setting next_dagrun for dataset_consumes_1 to None, run_after=None
[2026-03-18T01:52:36.164+0530] {logging_mixin.py:188} INFO - [2026-03-18T01:52:36.163+0530] {dag.py:3834} INFO - Setting next_dagrun for dataset_consumes_1_and_2 to None, run_after=None
[2026-03-18T01:52:36.164+0530] {logging_mixin.py:188} INFO - [2026-03-18T01:52:36.164+0530] {dag.py:3834} INFO - Setting next_dagrun for dataset_consumes_1_never_scheduled to None, run_after=None
[2026-03-18T01:52:36.165+0530] {logging_mixin.py:188} INFO - [2026-03-18T01:52:36.165+0530] {dag.py:3834} INFO - Setting next_dagrun for dataset_consumes_unknown_never_scheduled to None, run_after=None
[2026-03-18T01:52:36.166+0530] {logging_mixin.py:188} INFO - [2026-03-18T01:52:36.166+0530] {dag.py:3834} INFO - Setting next_dagrun for dataset_produces_1 to 2026-03-16 00:00:00+00:00, run_after=2026-03-17 00:00:00+00:00
[2026-03-18T01:52:36.167+0530] {logging_mixin.py:188} INFO - [2026-03-18T01:52:36.167+0530] {dag.py:3834} INFO - Setting next_dagrun for dataset_produces_2 to None, run_after=None
[2026-03-18T01:52:36.187+0530] {processor.py:183} INFO - Processing /Users/vybhavswaroop/Desktop/untitled folder 3/ecommerce_platform/venv/lib/python3.11/site-packages/airflow/example_dags/example_datasets.py took 0.143 seconds
[2026-03-18T01:58:17.289+0530] {processor.py:161} INFO - Started process (PID=60107) to work on /Users/vybhavswaroop/Desktop/untitled folder 3/ecommerce_platform/venv/lib/python3.11/site-packages/airflow/example_dags/example_datasets.py
[2026-03-18T01:58:17.291+0530] {processor.py:830} INFO - Processing file /Users/vybhavswaroop/Desktop/untitled folder 3/ecommerce_platform/venv/lib/python3.11/site-packages/airflow/example_dags/example_datasets.py for tasks to queue
[2026-03-18T01:58:17.292+0530] {logging_mixin.py:188} INFO - [2026-03-18T01:58:17.292+0530] {dagbag.py:540} INFO - Filling up the DagBag from /Users/vybhavswaroop/Desktop/untitled folder 3/ecommerce_platform/venv/lib/python3.11/site-packages/airflow/example_dags/example_datasets.py
[2026-03-18T01:58:17.299+0530] {processor.py:840} INFO - DAG(s) 'dataset_produces_1', 'dataset_consumes_1_never_scheduled', 'dataset_consumes_1_and_2', 'dataset_consumes_unknown_never_scheduled', 'dataset_produces_2', 'dataset_consumes_1' retrieved from /Users/vybhavswaroop/Desktop/untitled folder 3/ecommerce_platform/venv/lib/python3.11/site-packages/airflow/example_dags/example_datasets.py
[2026-03-18T01:58:17.377+0530] {logging_mixin.py:188} INFO - [2026-03-18T01:58:17.377+0530] {dag.py:3047} INFO - Sync 6 DAGs
[2026-03-18T01:58:17.388+0530] {logging_mixin.py:188} INFO - [2026-03-18T01:58:17.388+0530] {dag.py:3834} INFO - Setting next_dagrun for dataset_consumes_1 to None, run_after=None
[2026-03-18T01:58:17.390+0530] {logging_mixin.py:188} INFO - [2026-03-18T01:58:17.390+0530] {dag.py:3834} INFO - Setting next_dagrun for dataset_consumes_1_and_2 to None, run_after=None
[2026-03-18T01:58:17.391+0530] {logging_mixin.py:188} INFO - [2026-03-18T01:58:17.391+0530] {dag.py:3834} INFO - Setting next_dagrun for dataset_consumes_1_never_scheduled to None, run_after=None
[2026-03-18T01:58:17.391+0530] {logging_mixin.py:188} INFO - [2026-03-18T01:58:17.391+0530] {dag.py:3834} INFO - Setting next_dagrun for dataset_consumes_unknown_never_scheduled to None, run_after=None
[2026-03-18T01:58:17.393+0530] {logging_mixin.py:188} INFO - [2026-03-18T01:58:17.393+0530] {dag.py:3834} INFO - Setting next_dagrun for dataset_produces_1 to 2026-03-16 00:00:00+00:00, run_after=2026-03-17 00:00:00+00:00
[2026-03-18T01:58:17.393+0530] {logging_mixin.py:188} INFO - [2026-03-18T01:58:17.393+0530] {dag.py:3834} INFO - Setting next_dagrun for dataset_produces_2 to None, run_after=None
[2026-03-18T01:58:17.412+0530] {processor.py:183} INFO - Processing /Users/vybhavswaroop/Desktop/untitled folder 3/ecommerce_platform/venv/lib/python3.11/site-packages/airflow/example_dags/example_datasets.py took 0.124 seconds
[2026-03-18T02:03:52.846+0530] {processor.py:161} INFO - Started process (PID=63228) to work on /Users/vybhavswaroop/Desktop/untitled folder 3/ecommerce_platform/venv/lib/python3.11/site-packages/airflow/example_dags/example_datasets.py
[2026-03-18T02:03:52.849+0530] {processor.py:830} INFO - Processing file /Users/vybhavswaroop/Desktop/untitled folder 3/ecommerce_platform/venv/lib/python3.11/site-packages/airflow/example_dags/example_datasets.py for tasks to queue
[2026-03-18T02:03:52.850+0530] {logging_mixin.py:188} INFO - [2026-03-18T02:03:52.849+0530] {dagbag.py:540} INFO - Filling up the DagBag from /Users/vybhavswaroop/Desktop/untitled folder 3/ecommerce_platform/venv/lib/python3.11/site-packages/airflow/example_dags/example_datasets.py
[2026-03-18T02:03:52.857+0530] {processor.py:840} INFO - DAG(s) 'dataset_consumes_1_never_scheduled', 'dataset_produces_1', 'dataset_consumes_unknown_never_scheduled', 'dataset_consumes_1', 'dataset_produces_2', 'dataset_consumes_1_and_2' retrieved from /Users/vybhavswaroop/Desktop/untitled folder 3/ecommerce_platform/venv/lib/python3.11/site-packages/airflow/example_dags/example_datasets.py
[2026-03-18T02:03:52.938+0530] {logging_mixin.py:188} INFO - [2026-03-18T02:03:52.938+0530] {dag.py:3047} INFO - Sync 6 DAGs
[2026-03-18T02:03:52.952+0530] {logging_mixin.py:188} INFO - [2026-03-18T02:03:52.952+0530] {dag.py:3834} INFO - Setting next_dagrun for dataset_consumes_1 to None, run_after=None
[2026-03-18T02:03:52.954+0530] {logging_mixin.py:188} INFO - [2026-03-18T02:03:52.954+0530] {dag.py:3834} INFO - Setting next_dagrun for dataset_consumes_1_and_2 to None, run_after=None
[2026-03-18T02:03:52.955+0530] {logging_mixin.py:188} INFO - [2026-03-18T02:03:52.955+0530] {dag.py:3834} INFO - Setting next_dagrun for dataset_consumes_1_never_scheduled to None, run_after=None
[2026-03-18T02:03:52.956+0530] {logging_mixin.py:188} INFO - [2026-03-18T02:03:52.956+0530] {dag.py:3834} INFO - Setting next_dagrun for dataset_consumes_unknown_never_scheduled to None, run_after=None
[2026-03-18T02:03:52.957+0530] {logging_mixin.py:188} INFO - [2026-03-18T02:03:52.957+0530] {dag.py:3834} INFO - Setting next_dagrun for dataset_produces_1 to 2026-03-16 00:00:00+00:00, run_after=2026-03-17 00:00:00+00:00
[2026-03-18T02:03:52.958+0530] {logging_mixin.py:188} INFO - [2026-03-18T02:03:52.958+0530] {dag.py:3834} INFO - Setting next_dagrun for dataset_produces_2 to None, run_after=None
[2026-03-18T02:03:52.979+0530] {processor.py:183} INFO - Processing /Users/vybhavswaroop/Desktop/untitled folder 3/ecommerce_platform/venv/lib/python3.11/site-packages/airflow/example_dags/example_datasets.py took 0.134 seconds
[2026-03-18T02:08:52.514+0530] {processor.py:161} INFO - Started process (PID=66495) to work on /Users/vybhavswaroop/Desktop/untitled folder 3/ecommerce_platform/venv/lib/python3.11/site-packages/airflow/example_dags/example_datasets.py
[2026-03-18T02:08:52.517+0530] {processor.py:830} INFO - Processing file /Users/vybhavswaroop/Desktop/untitled folder 3/ecommerce_platform/venv/lib/python3.11/site-packages/airflow/example_dags/example_datasets.py for tasks to queue
[2026-03-18T02:08:52.517+0530] {logging_mixin.py:188} INFO - [2026-03-18T02:08:52.517+0530] {dagbag.py:540} INFO - Filling up the DagBag from /Users/vybhavswaroop/Desktop/untitled folder 3/ecommerce_platform/venv/lib/python3.11/site-packages/airflow/example_dags/example_datasets.py
[2026-03-18T02:08:52.523+0530] {processor.py:840} INFO - DAG(s) 'dataset_consumes_1', 'dataset_produces_1', 'dataset_consumes_1_and_2', 'dataset_consumes_unknown_never_scheduled', 'dataset_consumes_1_never_scheduled', 'dataset_produces_2' retrieved from /Users/vybhavswaroop/Desktop/untitled folder 3/ecommerce_platform/venv/lib/python3.11/site-packages/airflow/example_dags/example_datasets.py
[2026-03-18T02:08:52.586+0530] {logging_mixin.py:188} INFO - [2026-03-18T02:08:52.585+0530] {dag.py:3047} INFO - Sync 6 DAGs
[2026-03-18T02:08:52.596+0530] {logging_mixin.py:188} INFO - [2026-03-18T02:08:52.596+0530] {dag.py:3834} INFO - Setting next_dagrun for dataset_consumes_1 to None, run_after=None
[2026-03-18T02:08:52.598+0530] {logging_mixin.py:188} INFO - [2026-03-18T02:08:52.598+0530] {dag.py:3834} INFO - Setting next_dagrun for dataset_consumes_1_and_2 to None, run_after=None
[2026-03-18T02:08:52.598+0530] {logging_mixin.py:188} INFO - [2026-03-18T02:08:52.598+0530] {dag.py:3834} INFO - Setting next_dagrun for dataset_consumes_1_never_scheduled to None, run_after=None
[2026-03-18T02:08:52.599+0530] {logging_mixin.py:188} INFO - [2026-03-18T02:08:52.599+0530] {dag.py:3834} INFO - Setting next_dagrun for dataset_consumes_unknown_never_scheduled to None, run_after=None
[2026-03-18T02:08:52.600+0530] {logging_mixin.py:188} INFO - [2026-03-18T02:08:52.600+0530] {dag.py:3834} INFO - Setting next_dagrun for dataset_produces_1 to 2026-03-16 00:00:00+00:00, run_after=2026-03-17 00:00:00+00:00
[2026-03-18T02:08:52.600+0530] {logging_mixin.py:188} INFO - [2026-03-18T02:08:52.600+0530] {dag.py:3834} INFO - Setting next_dagrun for dataset_produces_2 to None, run_after=None
[2026-03-18T02:08:52.613+0530] {processor.py:183} INFO - Processing /Users/vybhavswaroop/Desktop/untitled folder 3/ecommerce_platform/venv/lib/python3.11/site-packages/airflow/example_dags/example_datasets.py took 0.100 seconds
[2026-03-18T02:13:45.103+0530] {processor.py:161} INFO - Started process (PID=69647) to work on /Users/vybhavswaroop/Desktop/untitled folder 3/ecommerce_platform/venv/lib/python3.11/site-packages/airflow/example_dags/example_datasets.py
[2026-03-18T02:13:45.105+0530] {processor.py:830} INFO - Processing file /Users/vybhavswaroop/Desktop/untitled folder 3/ecommerce_platform/venv/lib/python3.11/site-packages/airflow/example_dags/example_datasets.py for tasks to queue
[2026-03-18T02:13:45.105+0530] {logging_mixin.py:188} INFO - [2026-03-18T02:13:45.105+0530] {dagbag.py:540} INFO - Filling up the DagBag from /Users/vybhavswaroop/Desktop/untitled folder 3/ecommerce_platform/venv/lib/python3.11/site-packages/airflow/example_dags/example_datasets.py
[2026-03-18T02:13:45.113+0530] {processor.py:840} INFO - DAG(s) 'dataset_produces_2', 'dataset_consumes_1_and_2', 'dataset_produces_1', 'dataset_consumes_1_never_scheduled', 'dataset_consumes_1', 'dataset_consumes_unknown_never_scheduled' retrieved from /Users/vybhavswaroop/Desktop/untitled folder 3/ecommerce_platform/venv/lib/python3.11/site-packages/airflow/example_dags/example_datasets.py
[2026-03-18T02:13:45.190+0530] {logging_mixin.py:188} INFO - [2026-03-18T02:13:45.190+0530] {dag.py:3047} INFO - Sync 6 DAGs
[2026-03-18T02:13:45.204+0530] {logging_mixin.py:188} INFO - [2026-03-18T02:13:45.203+0530] {dag.py:3834} INFO - Setting next_dagrun for dataset_consumes_1 to None, run_after=None
[2026-03-18T02:13:45.206+0530] {logging_mixin.py:188} INFO - [2026-03-18T02:13:45.206+0530] {dag.py:3834} INFO - Setting next_dagrun for dataset_consumes_1_and_2 to None, run_after=None
[2026-03-18T02:13:45.206+0530] {logging_mixin.py:188} INFO - [2026-03-18T02:13:45.206+0530] {dag.py:3834} INFO - Setting next_dagrun for dataset_consumes_1_never_scheduled to None, run_after=None
[2026-03-18T02:13:45.207+0530] {logging_mixin.py:188} INFO - [2026-03-18T02:13:45.207+0530] {dag.py:3834} INFO - Setting next_dagrun for dataset_consumes_unknown_never_scheduled to None, run_after=None
[2026-03-18T02:13:45.208+0530] {logging_mixin.py:188} INFO - [2026-03-18T02:13:45.208+0530] {dag.py:3834} INFO - Setting next_dagrun for dataset_produces_1 to 2026-03-16 00:00:00+00:00, run_after=2026-03-17 00:00:00+00:00
[2026-03-18T02:13:45.209+0530] {logging_mixin.py:188} INFO - [2026-03-18T02:13:45.209+0530] {dag.py:3834} INFO - Setting next_dagrun for dataset_produces_2 to None, run_after=None
[2026-03-18T02:13:45.228+0530] {processor.py:183} INFO - Processing /Users/vybhavswaroop/Desktop/untitled folder 3/ecommerce_platform/venv/lib/python3.11/site-packages/airflow/example_dags/example_datasets.py took 0.126 seconds
[2026-03-18T02:19:24.332+0530] {processor.py:161} INFO - Started process (PID=72802) to work on /Users/vybhavswaroop/Desktop/untitled folder 3/ecommerce_platform/venv/lib/python3.11/site-packages/airflow/example_dags/example_datasets.py
[2026-03-18T02:19:24.334+0530] {processor.py:830} INFO - Processing file /Users/vybhavswaroop/Desktop/untitled folder 3/ecommerce_platform/venv/lib/python3.11/site-packages/airflow/example_dags/example_datasets.py for tasks to queue
[2026-03-18T02:19:24.334+0530] {logging_mixin.py:188} INFO - [2026-03-18T02:19:24.334+0530] {dagbag.py:540} INFO - Filling up the DagBag from /Users/vybhavswaroop/Desktop/untitled folder 3/ecommerce_platform/venv/lib/python3.11/site-packages/airflow/example_dags/example_datasets.py
[2026-03-18T02:19:24.342+0530] {processor.py:840} INFO - DAG(s) 'dataset_consumes_1_never_scheduled', 'dataset_consumes_1_and_2', 'dataset_produces_2', 'dataset_produces_1', 'dataset_consumes_1', 'dataset_consumes_unknown_never_scheduled' retrieved from /Users/vybhavswaroop/Desktop/untitled folder 3/ecommerce_platform/venv/lib/python3.11/site-packages/airflow/example_dags/example_datasets.py
[2026-03-18T02:19:24.422+0530] {logging_mixin.py:188} INFO - [2026-03-18T02:19:24.422+0530] {dag.py:3047} INFO - Sync 6 DAGs
[2026-03-18T02:19:24.434+0530] {logging_mixin.py:188} INFO - [2026-03-18T02:19:24.434+0530] {dag.py:3834} INFO - Setting next_dagrun for dataset_consumes_1 to None, run_after=None
[2026-03-18T02:19:24.436+0530] {logging_mixin.py:188} INFO - [2026-03-18T02:19:24.436+0530] {dag.py:3834} INFO - Setting next_dagrun for dataset_consumes_1_and_2 to None, run_after=None
[2026-03-18T02:19:24.437+0530] {logging_mixin.py:188} INFO - [2026-03-18T02:19:24.437+0530] {dag.py:3834} INFO - Setting next_dagrun for dataset_consumes_1_never_scheduled to None, run_after=None
[2026-03-18T02:19:24.437+0530] {logging_mixin.py:188} INFO - [2026-03-18T02:19:24.437+0530] {dag.py:3834} INFO - Setting next_dagrun for dataset_consumes_unknown_never_scheduled to None, run_after=None
[2026-03-18T02:19:24.438+0530] {logging_mixin.py:188} INFO - [2026-03-18T02:19:24.438+0530] {dag.py:3834} INFO - Setting next_dagrun for dataset_produces_1 to 2026-03-16 00:00:00+00:00, run_after=2026-03-17 00:00:00+00:00
[2026-03-18T02:19:24.439+0530] {logging_mixin.py:188} INFO - [2026-03-18T02:19:24.439+0530] {dag.py:3834} INFO - Setting next_dagrun for dataset_produces_2 to None, run_after=None
[2026-03-18T02:19:24.456+0530] {processor.py:183} INFO - Processing /Users/vybhavswaroop/Desktop/untitled folder 3/ecommerce_platform/venv/lib/python3.11/site-packages/airflow/example_dags/example_datasets.py took 0.124 seconds
[2026-03-18T02:24:57.750+0530] {processor.py:161} INFO - Started process (PID=75921) to work on /Users/vybhavswaroop/Desktop/untitled folder 3/ecommerce_platform/venv/lib/python3.11/site-packages/airflow/example_dags/example_datasets.py
[2026-03-18T02:24:57.752+0530] {processor.py:830} INFO - Processing file /Users/vybhavswaroop/Desktop/untitled folder 3/ecommerce_platform/venv/lib/python3.11/site-packages/airflow/example_dags/example_datasets.py for tasks to queue
[2026-03-18T02:24:57.752+0530] {logging_mixin.py:188} INFO - [2026-03-18T02:24:57.752+0530] {dagbag.py:540} INFO - Filling up the DagBag from /Users/vybhavswaroop/Desktop/untitled folder 3/ecommerce_platform/venv/lib/python3.11/site-packages/airflow/example_dags/example_datasets.py
[2026-03-18T02:24:57.760+0530] {processor.py:840} INFO - DAG(s) 'dataset_consumes_1_never_scheduled', 'dataset_produces_2', 'dataset_produces_1', 'dataset_consumes_1', 'dataset_consumes_1_and_2', 'dataset_consumes_unknown_never_scheduled' retrieved from /Users/vybhavswaroop/Desktop/untitled folder 3/ecommerce_platform/venv/lib/python3.11/site-packages/airflow/example_dags/example_datasets.py
[2026-03-18T02:24:57.835+0530] {logging_mixin.py:188} INFO - [2026-03-18T02:24:57.835+0530] {dag.py:3047} INFO - Sync 6 DAGs
[2026-03-18T02:24:57.848+0530] {logging_mixin.py:188} INFO - [2026-03-18T02:24:57.847+0530] {dag.py:3834} INFO - Setting next_dagrun for dataset_consumes_1 to None, run_after=None
[2026-03-18T02:24:57.850+0530] {logging_mixin.py:188} INFO - [2026-03-18T02:24:57.850+0530] {dag.py:3834} INFO - Setting next_dagrun for dataset_consumes_1_and_2 to None, run_after=None
[2026-03-18T02:24:57.850+0530] {logging_mixin.py:188} INFO - [2026-03-18T02:24:57.850+0530] {dag.py:3834} INFO - Setting next_dagrun for dataset_consumes_1_never_scheduled to None, run_after=None
[2026-03-18T02:24:57.851+0530] {logging_mixin.py:188} INFO - [2026-03-18T02:24:57.851+0530] {dag.py:3834} INFO - Setting next_dagrun for dataset_consumes_unknown_never_scheduled to None, run_after=None
[2026-03-18T02:24:57.852+0530] {logging_mixin.py:188} INFO - [2026-03-18T02:24:57.852+0530] {dag.py:3834} INFO - Setting next_dagrun for dataset_produces_1 to 2026-03-16 00:00:00+00:00, run_after=2026-03-17 00:00:00+00:00
[2026-03-18T02:24:57.852+0530] {logging_mixin.py:188} INFO - [2026-03-18T02:24:57.852+0530] {dag.py:3834} INFO - Setting next_dagrun for dataset_produces_2 to None, run_after=None
[2026-03-18T02:24:57.868+0530] {processor.py:183} INFO - Processing /Users/vybhavswaroop/Desktop/untitled folder 3/ecommerce_platform/venv/lib/python3.11/site-packages/airflow/example_dags/example_datasets.py took 0.119 seconds
[2026-03-18T02:30:27.948+0530] {processor.py:161} INFO - Started process (PID=79067) to work on /Users/vybhavswaroop/Desktop/untitled folder 3/ecommerce_platform/venv/lib/python3.11/site-packages/airflow/example_dags/example_datasets.py
[2026-03-18T02:30:27.951+0530] {processor.py:830} INFO - Processing file /Users/vybhavswaroop/Desktop/untitled folder 3/ecommerce_platform/venv/lib/python3.11/site-packages/airflow/example_dags/example_datasets.py for tasks to queue
[2026-03-18T02:30:27.951+0530] {logging_mixin.py:188} INFO - [2026-03-18T02:30:27.951+0530] {dagbag.py:540} INFO - Filling up the DagBag from /Users/vybhavswaroop/Desktop/untitled folder 3/ecommerce_platform/venv/lib/python3.11/site-packages/airflow/example_dags/example_datasets.py
[2026-03-18T02:30:27.958+0530] {processor.py:840} INFO - DAG(s) 'dataset_produces_2', 'dataset_consumes_1_never_scheduled', 'dataset_consumes_1_and_2', 'dataset_consumes_unknown_never_scheduled', 'dataset_produces_1', 'dataset_consumes_1' retrieved from /Users/vybhavswaroop/Desktop/untitled folder 3/ecommerce_platform/venv/lib/python3.11/site-packages/airflow/example_dags/example_datasets.py
[2026-03-18T02:30:28.035+0530] {logging_mixin.py:188} INFO - [2026-03-18T02:30:28.035+0530] {dag.py:3047} INFO - Sync 6 DAGs
[2026-03-18T02:30:28.047+0530] {logging_mixin.py:188} INFO - [2026-03-18T02:30:28.046+0530] {dag.py:3834} INFO - Setting next_dagrun for dataset_consumes_1 to None, run_after=None
[2026-03-18T02:30:28.049+0530] {logging_mixin.py:188} INFO - [2026-03-18T02:30:28.048+0530] {dag.py:3834} INFO - Setting next_dagrun for dataset_consumes_1_and_2 to None, run_after=None
[2026-03-18T02:30:28.049+0530] {logging_mixin.py:188} INFO - [2026-03-18T02:30:28.049+0530] {dag.py:3834} INFO - Setting next_dagrun for dataset_consumes_1_never_scheduled to None, run_after=None
[2026-03-18T02:30:28.049+0530] {logging_mixin.py:188} INFO - [2026-03-18T02:30:28.049+0530] {dag.py:3834} INFO - Setting next_dagrun for dataset_consumes_unknown_never_scheduled to None, run_after=None
[2026-03-18T02:30:28.051+0530] {logging_mixin.py:188} INFO - [2026-03-18T02:30:28.051+0530] {dag.py:3834} INFO - Setting next_dagrun for dataset_produces_1 to 2026-03-16 00:00:00+00:00, run_after=2026-03-17 00:00:00+00:00
[2026-03-18T02:30:28.051+0530] {logging_mixin.py:188} INFO - [2026-03-18T02:30:28.051+0530] {dag.py:3834} INFO - Setting next_dagrun for dataset_produces_2 to None, run_after=None
[2026-03-18T02:30:28.066+0530] {processor.py:183} INFO - Processing /Users/vybhavswaroop/Desktop/untitled folder 3/ecommerce_platform/venv/lib/python3.11/site-packages/airflow/example_dags/example_datasets.py took 0.119 seconds
[2026-03-18T02:35:53.367+0530] {processor.py:161} INFO - Started process (PID=82202) to work on /Users/vybhavswaroop/Desktop/untitled folder 3/ecommerce_platform/venv/lib/python3.11/site-packages/airflow/example_dags/example_datasets.py
[2026-03-18T02:35:53.369+0530] {processor.py:830} INFO - Processing file /Users/vybhavswaroop/Desktop/untitled folder 3/ecommerce_platform/venv/lib/python3.11/site-packages/airflow/example_dags/example_datasets.py for tasks to queue
[2026-03-18T02:35:53.370+0530] {logging_mixin.py:188} INFO - [2026-03-18T02:35:53.370+0530] {dagbag.py:540} INFO - Filling up the DagBag from /Users/vybhavswaroop/Desktop/untitled folder 3/ecommerce_platform/venv/lib/python3.11/site-packages/airflow/example_dags/example_datasets.py
[2026-03-18T02:35:53.379+0530] {processor.py:840} INFO - DAG(s) 'dataset_produces_2', 'dataset_consumes_1_and_2', 'dataset_produces_1', 'dataset_consumes_1_never_scheduled', 'dataset_consumes_unknown_never_scheduled', 'dataset_consumes_1' retrieved from /Users/vybhavswaroop/Desktop/untitled folder 3/ecommerce_platform/venv/lib/python3.11/site-packages/airflow/example_dags/example_datasets.py
[2026-03-18T02:35:53.466+0530] {logging_mixin.py:188} INFO - [2026-03-18T02:35:53.466+0530] {dag.py:3047} INFO - Sync 6 DAGs
[2026-03-18T02:35:53.478+0530] {logging_mixin.py:188} INFO - [2026-03-18T02:35:53.478+0530] {dag.py:3834} INFO - Setting next_dagrun for dataset_consumes_1 to None, run_after=None
[2026-03-18T02:35:53.480+0530] {logging_mixin.py:188} INFO - [2026-03-18T02:35:53.480+0530] {dag.py:3834} INFO - Setting next_dagrun for dataset_consumes_1_and_2 to None, run_after=None
[2026-03-18T02:35:53.480+0530] {logging_mixin.py:188} INFO - [2026-03-18T02:35:53.480+0530] {dag.py:3834} INFO - Setting next_dagrun for dataset_consumes_1_never_scheduled to None, run_after=None
[2026-03-18T02:35:53.481+0530] {logging_mixin.py:188} INFO - [2026-03-18T02:35:53.481+0530] {dag.py:3834} INFO - Setting next_dagrun for dataset_consumes_unknown_never_scheduled to None, run_after=None
[2026-03-18T02:35:53.482+0530] {logging_mixin.py:188} INFO - [2026-03-18T02:35:53.482+0530] {dag.py:3834} INFO - Setting next_dagrun for dataset_produces_1 to 2026-03-16 00:00:00+00:00, run_after=2026-03-17 00:00:00+00:00
[2026-03-18T02:35:53.483+0530] {logging_mixin.py:188} INFO - [2026-03-18T02:35:53.482+0530] {dag.py:3834} INFO - Setting next_dagrun for dataset_produces_2 to None, run_after=None
[2026-03-18T02:35:53.503+0530] {processor.py:183} INFO - Processing /Users/vybhavswaroop/Desktop/untitled folder 3/ecommerce_platform/venv/lib/python3.11/site-packages/airflow/example_dags/example_datasets.py took 0.136 seconds
[2026-03-18T02:41:19.094+0530] {processor.py:161} INFO - Started process (PID=85348) to work on /Users/vybhavswaroop/Desktop/untitled folder 3/ecommerce_platform/venv/lib/python3.11/site-packages/airflow/example_dags/example_datasets.py
[2026-03-18T02:41:19.097+0530] {processor.py:830} INFO - Processing file /Users/vybhavswaroop/Desktop/untitled folder 3/ecommerce_platform/venv/lib/python3.11/site-packages/airflow/example_dags/example_datasets.py for tasks to queue
[2026-03-18T02:41:19.097+0530] {logging_mixin.py:188} INFO - [2026-03-18T02:41:19.097+0530] {dagbag.py:540} INFO - Filling up the DagBag from /Users/vybhavswaroop/Desktop/untitled folder 3/ecommerce_platform/venv/lib/python3.11/site-packages/airflow/example_dags/example_datasets.py
[2026-03-18T02:41:19.105+0530] {processor.py:840} INFO - DAG(s) 'dataset_produces_2', 'dataset_consumes_1_never_scheduled', 'dataset_consumes_1', 'dataset_consumes_unknown_never_scheduled', 'dataset_produces_1', 'dataset_consumes_1_and_2' retrieved from /Users/vybhavswaroop/Desktop/untitled folder 3/ecommerce_platform/venv/lib/python3.11/site-packages/airflow/example_dags/example_datasets.py
[2026-03-18T02:41:19.184+0530] {logging_mixin.py:188} INFO - [2026-03-18T02:41:19.184+0530] {dag.py:3047} INFO - Sync 6 DAGs
[2026-03-18T02:41:19.196+0530] {logging_mixin.py:188} INFO - [2026-03-18T02:41:19.196+0530] {dag.py:3834} INFO - Setting next_dagrun for dataset_consumes_1 to None, run_after=None
[2026-03-18T02:41:19.198+0530] {logging_mixin.py:188} INFO - [2026-03-18T02:41:19.198+0530] {dag.py:3834} INFO - Setting next_dagrun for dataset_consumes_1_and_2 to None, run_after=None
[2026-03-18T02:41:19.199+0530] {logging_mixin.py:188} INFO - [2026-03-18T02:41:19.199+0530] {dag.py:3834} INFO - Setting next_dagrun for dataset_consumes_1_never_scheduled to None, run_after=None
[2026-03-18T02:41:19.199+0530] {logging_mixin.py:188} INFO - [2026-03-18T02:41:19.199+0530] {dag.py:3834} INFO - Setting next_dagrun for dataset_consumes_unknown_never_scheduled to None, run_after=None
[2026-03-18T02:41:19.201+0530] {logging_mixin.py:188} INFO - [2026-03-18T02:41:19.200+0530] {dag.py:3834} INFO - Setting next_dagrun for dataset_produces_1 to 2026-03-16 00:00:00+00:00, run_after=2026-03-17 00:00:00+00:00
[2026-03-18T02:41:19.201+0530] {logging_mixin.py:188} INFO - [2026-03-18T02:41:19.201+0530] {dag.py:3834} INFO - Setting next_dagrun for dataset_produces_2 to None, run_after=None
[2026-03-18T02:41:19.217+0530] {processor.py:183} INFO - Processing /Users/vybhavswaroop/Desktop/untitled folder 3/ecommerce_platform/venv/lib/python3.11/site-packages/airflow/example_dags/example_datasets.py took 0.123 seconds
[2026-03-18T02:46:21.277+0530] {processor.py:161} INFO - Started process (PID=88502) to work on /Users/vybhavswaroop/Desktop/untitled folder 3/ecommerce_platform/venv/lib/python3.11/site-packages/airflow/example_dags/example_datasets.py
[2026-03-18T02:46:21.279+0530] {processor.py:830} INFO - Processing file /Users/vybhavswaroop/Desktop/untitled folder 3/ecommerce_platform/venv/lib/python3.11/site-packages/airflow/example_dags/example_datasets.py for tasks to queue
[2026-03-18T02:46:21.279+0530] {logging_mixin.py:188} INFO - [2026-03-18T02:46:21.279+0530] {dagbag.py:540} INFO - Filling up the DagBag from /Users/vybhavswaroop/Desktop/untitled folder 3/ecommerce_platform/venv/lib/python3.11/site-packages/airflow/example_dags/example_datasets.py
[2026-03-18T02:46:21.287+0530] {processor.py:840} INFO - DAG(s) 'dataset_consumes_1_never_scheduled', 'dataset_consumes_1', 'dataset_produces_2', 'dataset_consumes_1_and_2', 'dataset_produces_1', 'dataset_consumes_unknown_never_scheduled' retrieved from /Users/vybhavswaroop/Desktop/untitled folder 3/ecommerce_platform/venv/lib/python3.11/site-packages/airflow/example_dags/example_datasets.py
[2026-03-18T02:46:21.356+0530] {logging_mixin.py:188} INFO - [2026-03-18T02:46:21.356+0530] {dag.py:3047} INFO - Sync 6 DAGs
[2026-03-18T02:46:21.367+0530] {logging_mixin.py:188} INFO - [2026-03-18T02:46:21.367+0530] {dag.py:3834} INFO - Setting next_dagrun for dataset_consumes_1 to None, run_after=None
[2026-03-18T02:46:21.368+0530] {logging_mixin.py:188} INFO - [2026-03-18T02:46:21.368+0530] {dag.py:3834} INFO - Setting next_dagrun for dataset_consumes_1_and_2 to None, run_after=None
[2026-03-18T02:46:21.369+0530] {logging_mixin.py:188} INFO - [2026-03-18T02:46:21.369+0530] {dag.py:3834} INFO - Setting next_dagrun for dataset_consumes_1_never_scheduled to None, run_after=None
[2026-03-18T02:46:21.369+0530] {logging_mixin.py:188} INFO - [2026-03-18T02:46:21.369+0530] {dag.py:3834} INFO - Setting next_dagrun for dataset_consumes_unknown_never_scheduled to None, run_after=None
[2026-03-18T02:46:21.370+0530] {logging_mixin.py:188} INFO - [2026-03-18T02:46:21.370+0530] {dag.py:3834} INFO - Setting next_dagrun for dataset_produces_1 to 2026-03-16 00:00:00+00:00, run_after=2026-03-17 00:00:00+00:00
[2026-03-18T02:46:21.371+0530] {logging_mixin.py:188} INFO - [2026-03-18T02:46:21.371+0530] {dag.py:3834} INFO - Setting next_dagrun for dataset_produces_2 to None, run_after=None
[2026-03-18T02:46:21.386+0530] {processor.py:183} INFO - Processing /Users/vybhavswaroop/Desktop/untitled folder 3/ecommerce_platform/venv/lib/python3.11/site-packages/airflow/example_dags/example_datasets.py took 0.109 seconds
[2026-03-18T02:51:08.623+0530] {processor.py:161} INFO - Started process (PID=91821) to work on /Users/vybhavswaroop/Desktop/untitled folder 3/ecommerce_platform/venv/lib/python3.11/site-packages/airflow/example_dags/example_datasets.py
[2026-03-18T02:51:08.626+0530] {processor.py:830} INFO - Processing file /Users/vybhavswaroop/Desktop/untitled folder 3/ecommerce_platform/venv/lib/python3.11/site-packages/airflow/example_dags/example_datasets.py for tasks to queue
[2026-03-18T02:51:08.627+0530] {logging_mixin.py:188} INFO - [2026-03-18T02:51:08.626+0530] {dagbag.py:540} INFO - Filling up the DagBag from /Users/vybhavswaroop/Desktop/untitled folder 3/ecommerce_platform/venv/lib/python3.11/site-packages/airflow/example_dags/example_datasets.py
[2026-03-18T02:51:08.632+0530] {processor.py:840} INFO - DAG(s) 'dataset_produces_1', 'dataset_consumes_1_and_2', 'dataset_produces_2', 'dataset_consumes_1_never_scheduled', 'dataset_consumes_1', 'dataset_consumes_unknown_never_scheduled' retrieved from /Users/vybhavswaroop/Desktop/untitled folder 3/ecommerce_platform/venv/lib/python3.11/site-packages/airflow/example_dags/example_datasets.py
[2026-03-18T02:51:08.698+0530] {logging_mixin.py:188} INFO - [2026-03-18T02:51:08.698+0530] {dag.py:3047} INFO - Sync 6 DAGs
[2026-03-18T02:51:08.708+0530] {logging_mixin.py:188} INFO - [2026-03-18T02:51:08.708+0530] {dag.py:3834} INFO - Setting next_dagrun for dataset_consumes_1 to None, run_after=None
[2026-03-18T02:51:08.709+0530] {logging_mixin.py:188} INFO - [2026-03-18T02:51:08.709+0530] {dag.py:3834} INFO - Setting next_dagrun for dataset_consumes_1_and_2 to None, run_after=None
[2026-03-18T02:51:08.710+0530] {logging_mixin.py:188} INFO - [2026-03-18T02:51:08.710+0530] {dag.py:3834} INFO - Setting next_dagrun for dataset_consumes_1_never_scheduled to None, run_after=None
[2026-03-18T02:51:08.710+0530] {logging_mixin.py:188} INFO - [2026-03-18T02:51:08.710+0530] {dag.py:3834} INFO - Setting next_dagrun for dataset_consumes_unknown_never_scheduled to None, run_after=None
[2026-03-18T02:51:08.711+0530] {logging_mixin.py:188} INFO - [2026-03-18T02:51:08.711+0530] {dag.py:3834} INFO - Setting next_dagrun for dataset_produces_1 to 2026-03-16 00:00:00+00:00, run_after=2026-03-17 00:00:00+00:00
[2026-03-18T02:51:08.711+0530] {logging_mixin.py:188} INFO - [2026-03-18T02:51:08.711+0530] {dag.py:3834} INFO - Setting next_dagrun for dataset_produces_2 to None, run_after=None
[2026-03-18T02:51:08.725+0530] {processor.py:183} INFO - Processing /Users/vybhavswaroop/Desktop/untitled folder 3/ecommerce_platform/venv/lib/python3.11/site-packages/airflow/example_dags/example_datasets.py took 0.103 seconds
[2026-03-18T02:55:44.444+0530] {processor.py:161} INFO - Started process (PID=95083) to work on /Users/vybhavswaroop/Desktop/untitled folder 3/ecommerce_platform/venv/lib/python3.11/site-packages/airflow/example_dags/example_datasets.py
[2026-03-18T02:55:44.447+0530] {processor.py:830} INFO - Processing file /Users/vybhavswaroop/Desktop/untitled folder 3/ecommerce_platform/venv/lib/python3.11/site-packages/airflow/example_dags/example_datasets.py for tasks to queue
[2026-03-18T02:55:44.448+0530] {logging_mixin.py:188} INFO - [2026-03-18T02:55:44.447+0530] {dagbag.py:540} INFO - Filling up the DagBag from /Users/vybhavswaroop/Desktop/untitled folder 3/ecommerce_platform/venv/lib/python3.11/site-packages/airflow/example_dags/example_datasets.py
[2026-03-18T02:55:44.453+0530] {processor.py:840} INFO - DAG(s) 'dataset_consumes_1_and_2', 'dataset_consumes_1_never_scheduled', 'dataset_consumes_1', 'dataset_consumes_unknown_never_scheduled', 'dataset_produces_1', 'dataset_produces_2' retrieved from /Users/vybhavswaroop/Desktop/untitled folder 3/ecommerce_platform/venv/lib/python3.11/site-packages/airflow/example_dags/example_datasets.py
[2026-03-18T02:55:44.508+0530] {logging_mixin.py:188} INFO - [2026-03-18T02:55:44.508+0530] {dag.py:3047} INFO - Sync 6 DAGs
[2026-03-18T02:55:44.516+0530] {logging_mixin.py:188} INFO - [2026-03-18T02:55:44.516+0530] {dag.py:3834} INFO - Setting next_dagrun for dataset_consumes_1 to None, run_after=None
[2026-03-18T02:55:44.517+0530] {logging_mixin.py:188} INFO - [2026-03-18T02:55:44.517+0530] {dag.py:3834} INFO - Setting next_dagrun for dataset_consumes_1_and_2 to None, run_after=None
[2026-03-18T02:55:44.518+0530] {logging_mixin.py:188} INFO - [2026-03-18T02:55:44.518+0530] {dag.py:3834} INFO - Setting next_dagrun for dataset_consumes_1_never_scheduled to None, run_after=None
[2026-03-18T02:55:44.518+0530] {logging_mixin.py:188} INFO - [2026-03-18T02:55:44.518+0530] {dag.py:3834} INFO - Setting next_dagrun for dataset_consumes_unknown_never_scheduled to None, run_after=None
[2026-03-18T02:55:44.519+0530] {logging_mixin.py:188} INFO - [2026-03-18T02:55:44.519+0530] {dag.py:3834} INFO - Setting next_dagrun for dataset_produces_1 to 2026-03-16 00:00:00+00:00, run_after=2026-03-17 00:00:00+00:00
[2026-03-18T02:55:44.519+0530] {logging_mixin.py:188} INFO - [2026-03-18T02:55:44.519+0530] {dag.py:3834} INFO - Setting next_dagrun for dataset_produces_2 to None, run_after=None
[2026-03-18T02:55:44.530+0530] {processor.py:183} INFO - Processing /Users/vybhavswaroop/Desktop/untitled folder 3/ecommerce_platform/venv/lib/python3.11/site-packages/airflow/example_dags/example_datasets.py took 0.087 seconds
