[2026-03-18T00:03:01.571+0530] {processor.py:161} INFO - Started process (PID=88802) to work on /Users/vybhavswaroop/Desktop/untitled folder 3/ecommerce_platform/venv/lib/python3.11/site-packages/airflow/example_dags/example_bash_operator.py
[2026-03-18T00:03:01.571+0530] {processor.py:830} INFO - Processing file /Users/vybhavswaroop/Desktop/untitled folder 3/ecommerce_platform/venv/lib/python3.11/site-packages/airflow/example_dags/example_bash_operator.py for tasks to queue
[2026-03-18T00:03:01.572+0530] {logging_mixin.py:188} INFO - [2026-03-18T00:03:01.572+0530] {dagbag.py:540} INFO - Filling up the DagBag from /Users/vybhavswaroop/Desktop/untitled folder 3/ecommerce_platform/venv/lib/python3.11/site-packages/airflow/example_dags/example_bash_operator.py
[2026-03-18T00:03:01.577+0530] {processor.py:840} INFO - DAG(s) 'example_bash_operator' retrieved from /Users/vybhavswaroop/Desktop/untitled folder 3/ecommerce_platform/venv/lib/python3.11/site-packages/airflow/example_dags/example_bash_operator.py
[2026-03-18T00:03:01.654+0530] {logging_mixin.py:188} INFO - [2026-03-18T00:03:01.653+0530] {override.py:1769} INFO - Created Permission View: can edit on DAG:example_bash_operator
[2026-03-18T00:03:01.657+0530] {logging_mixin.py:188} INFO - [2026-03-18T00:03:01.657+0530] {override.py:1769} INFO - Created Permission View: can delete on DAG:example_bash_operator
[2026-03-18T00:03:01.658+0530] {logging_mixin.py:188} INFO - [2026-03-18T00:03:01.658+0530] {override.py:1769} INFO - Created Permission View: can read on DAG:example_bash_operator
[2026-03-18T00:03:01.659+0530] {logging_mixin.py:188} INFO - [2026-03-18T00:03:01.659+0530] {dag.py:3047} INFO - Sync 1 DAGs
[2026-03-18T00:03:01.662+0530] {logging_mixin.py:188} INFO - [2026-03-18T00:03:01.662+0530] {dag.py:3069} INFO - Creating ORM DAG for example_bash_operator
[2026-03-18T00:03:01.665+0530] {logging_mixin.py:188} INFO - [2026-03-18T00:03:01.665+0530] {dag.py:3834} INFO - Setting next_dagrun for example_bash_operator to 2026-03-16 00:00:00+00:00, run_after=2026-03-17 00:00:00+00:00
[2026-03-18T00:03:01.671+0530] {processor.py:183} INFO - Processing /Users/vybhavswaroop/Desktop/untitled folder 3/ecommerce_platform/venv/lib/python3.11/site-packages/airflow/example_dags/example_bash_operator.py took 0.101 seconds
[2026-03-18T00:06:33.143+0530] {processor.py:161} INFO - Started process (PID=92022) to work on /Users/vybhavswaroop/Desktop/untitled folder 3/ecommerce_platform/venv/lib/python3.11/site-packages/airflow/example_dags/example_bash_operator.py
[2026-03-18T00:06:33.144+0530] {processor.py:830} INFO - Processing file /Users/vybhavswaroop/Desktop/untitled folder 3/ecommerce_platform/venv/lib/python3.11/site-packages/airflow/example_dags/example_bash_operator.py for tasks to queue
[2026-03-18T00:06:33.145+0530] {logging_mixin.py:188} INFO - [2026-03-18T00:06:33.145+0530] {dagbag.py:540} INFO - Filling up the DagBag from /Users/vybhavswaroop/Desktop/untitled folder 3/ecommerce_platform/venv/lib/python3.11/site-packages/airflow/example_dags/example_bash_operator.py
[2026-03-18T00:06:33.150+0530] {processor.py:840} INFO - DAG(s) 'example_bash_operator' retrieved from /Users/vybhavswaroop/Desktop/untitled folder 3/ecommerce_platform/venv/lib/python3.11/site-packages/airflow/example_dags/example_bash_operator.py
[2026-03-18T00:06:33.194+0530] {logging_mixin.py:188} INFO - [2026-03-18T00:06:33.194+0530] {dag.py:3047} INFO - Sync 1 DAGs
[2026-03-18T00:06:33.202+0530] {logging_mixin.py:188} INFO - [2026-03-18T00:06:33.202+0530] {dag.py:3834} INFO - Setting next_dagrun for example_bash_operator to 2026-03-16 00:00:00+00:00, run_after=2026-03-17 00:00:00+00:00
[2026-03-18T00:06:33.210+0530] {processor.py:183} INFO - Processing /Users/vybhavswaroop/Desktop/untitled folder 3/ecommerce_platform/venv/lib/python3.11/site-packages/airflow/example_dags/example_bash_operator.py took 0.067 seconds
[2026-03-18T00:10:52.249+0530] {processor.py:161} INFO - Started process (PID=95268) to work on /Users/vybhavswaroop/Desktop/untitled folder 3/ecommerce_platform/venv/lib/python3.11/site-packages/airflow/example_dags/example_bash_operator.py
[2026-03-18T00:10:52.251+0530] {processor.py:830} INFO - Processing file /Users/vybhavswaroop/Desktop/untitled folder 3/ecommerce_platform/venv/lib/python3.11/site-packages/airflow/example_dags/example_bash_operator.py for tasks to queue
[2026-03-18T00:10:52.251+0530] {logging_mixin.py:188} INFO - [2026-03-18T00:10:52.251+0530] {dagbag.py:540} INFO - Filling up the DagBag from /Users/vybhavswaroop/Desktop/untitled folder 3/ecommerce_platform/venv/lib/python3.11/site-packages/airflow/example_dags/example_bash_operator.py
[2026-03-18T00:10:52.259+0530] {processor.py:840} INFO - DAG(s) 'example_bash_operator' retrieved from /Users/vybhavswaroop/Desktop/untitled folder 3/ecommerce_platform/venv/lib/python3.11/site-packages/airflow/example_dags/example_bash_operator.py
[2026-03-18T00:10:52.325+0530] {logging_mixin.py:188} INFO - [2026-03-18T00:10:52.325+0530] {dag.py:3047} INFO - Sync 1 DAGs
[2026-03-18T00:10:52.336+0530] {logging_mixin.py:188} INFO - [2026-03-18T00:10:52.335+0530] {dag.py:3834} INFO - Setting next_dagrun for example_bash_operator to 2026-03-16 00:00:00+00:00, run_after=2026-03-17 00:00:00+00:00
[2026-03-18T00:10:52.347+0530] {processor.py:183} INFO - Processing /Users/vybhavswaroop/Desktop/untitled folder 3/ecommerce_platform/venv/lib/python3.11/site-packages/airflow/example_dags/example_bash_operator.py took 0.099 seconds
[2026-03-18T00:16:21.570+0530] {processor.py:161} INFO - Started process (PID=98496) to work on /Users/vybhavswaroop/Desktop/untitled folder 3/ecommerce_platform/venv/lib/python3.11/site-packages/airflow/example_dags/example_bash_operator.py
[2026-03-18T00:16:21.571+0530] {processor.py:830} INFO - Processing file /Users/vybhavswaroop/Desktop/untitled folder 3/ecommerce_platform/venv/lib/python3.11/site-packages/airflow/example_dags/example_bash_operator.py for tasks to queue
[2026-03-18T00:16:21.572+0530] {logging_mixin.py:188} INFO - [2026-03-18T00:16:21.572+0530] {dagbag.py:540} INFO - Filling up the DagBag from /Users/vybhavswaroop/Desktop/untitled folder 3/ecommerce_platform/venv/lib/python3.11/site-packages/airflow/example_dags/example_bash_operator.py
[2026-03-18T00:16:21.579+0530] {processor.py:840} INFO - DAG(s) 'example_bash_operator' retrieved from /Users/vybhavswaroop/Desktop/untitled folder 3/ecommerce_platform/venv/lib/python3.11/site-packages/airflow/example_dags/example_bash_operator.py
[2026-03-18T00:16:21.644+0530] {logging_mixin.py:188} INFO - [2026-03-18T00:16:21.643+0530] {dag.py:3047} INFO - Sync 1 DAGs
[2026-03-18T00:16:21.655+0530] {logging_mixin.py:188} INFO - [2026-03-18T00:16:21.654+0530] {dag.py:3834} INFO - Setting next_dagrun for example_bash_operator to 2026-03-16 00:00:00+00:00, run_after=2026-03-17 00:00:00+00:00
[2026-03-18T00:16:21.667+0530] {processor.py:183} INFO - Processing /Users/vybhavswaroop/Desktop/untitled folder 3/ecommerce_platform/venv/lib/python3.11/site-packages/airflow/example_dags/example_bash_operator.py took 0.097 seconds
[2026-03-18T00:21:33.411+0530] {processor.py:161} INFO - Started process (PID=2363) to work on /Users/vybhavswaroop/Desktop/untitled folder 3/ecommerce_platform/venv/lib/python3.11/site-packages/airflow/example_dags/example_bash_operator.py
[2026-03-18T00:21:33.412+0530] {processor.py:830} INFO - Processing file /Users/vybhavswaroop/Desktop/untitled folder 3/ecommerce_platform/venv/lib/python3.11/site-packages/airflow/example_dags/example_bash_operator.py for tasks to queue
[2026-03-18T00:21:33.413+0530] {logging_mixin.py:188} INFO - [2026-03-18T00:21:33.413+0530] {dagbag.py:540} INFO - Filling up the DagBag from /Users/vybhavswaroop/Desktop/untitled folder 3/ecommerce_platform/venv/lib/python3.11/site-packages/airflow/example_dags/example_bash_operator.py
[2026-03-18T00:21:33.422+0530] {processor.py:840} INFO - DAG(s) 'example_bash_operator' retrieved from /Users/vybhavswaroop/Desktop/untitled folder 3/ecommerce_platform/venv/lib/python3.11/site-packages/airflow/example_dags/example_bash_operator.py
[2026-03-18T00:21:33.501+0530] {logging_mixin.py:188} INFO - [2026-03-18T00:21:33.501+0530] {dag.py:3047} INFO - Sync 1 DAGs
[2026-03-18T00:21:33.515+0530] {logging_mixin.py:188} INFO - [2026-03-18T00:21:33.514+0530] {dag.py:3834} INFO - Setting next_dagrun for example_bash_operator to 2026-03-16 00:00:00+00:00, run_after=2026-03-17 00:00:00+00:00
[2026-03-18T00:21:33.531+0530] {processor.py:183} INFO - Processing /Users/vybhavswaroop/Desktop/untitled folder 3/ecommerce_platform/venv/lib/python3.11/site-packages/airflow/example_dags/example_bash_operator.py took 0.121 seconds
[2026-03-18T00:26:59.212+0530] {processor.py:161} INFO - Started process (PID=5580) to work on /Users/vybhavswaroop/Desktop/untitled folder 3/ecommerce_platform/venv/lib/python3.11/site-packages/airflow/example_dags/example_bash_operator.py
[2026-03-18T00:26:59.213+0530] {processor.py:830} INFO - Processing file /Users/vybhavswaroop/Desktop/untitled folder 3/ecommerce_platform/venv/lib/python3.11/site-packages/airflow/example_dags/example_bash_operator.py for tasks to queue
[2026-03-18T00:26:59.214+0530] {logging_mixin.py:188} INFO - [2026-03-18T00:26:59.214+0530] {dagbag.py:540} INFO - Filling up the DagBag from /Users/vybhavswaroop/Desktop/untitled folder 3/ecommerce_platform/venv/lib/python3.11/site-packages/airflow/example_dags/example_bash_operator.py
[2026-03-18T00:26:59.221+0530] {processor.py:840} INFO - DAG(s) 'example_bash_operator' retrieved from /Users/vybhavswaroop/Desktop/untitled folder 3/ecommerce_platform/venv/lib/python3.11/site-packages/airflow/example_dags/example_bash_operator.py
[2026-03-18T00:26:59.286+0530] {logging_mixin.py:188} INFO - [2026-03-18T00:26:59.286+0530] {dag.py:3047} INFO - Sync 1 DAGs
[2026-03-18T00:26:59.296+0530] {logging_mixin.py:188} INFO - [2026-03-18T00:26:59.296+0530] {dag.py:3834} INFO - Setting next_dagrun for example_bash_operator to 2026-03-16 00:00:00+00:00, run_after=2026-03-17 00:00:00+00:00
[2026-03-18T00:26:59.308+0530] {processor.py:183} INFO - Processing /Users/vybhavswaroop/Desktop/untitled folder 3/ecommerce_platform/venv/lib/python3.11/site-packages/airflow/example_dags/example_bash_operator.py took 0.097 seconds
[2026-03-18T00:32:25.172+0530] {processor.py:161} INFO - Started process (PID=8656) to work on /Users/vybhavswaroop/Desktop/untitled folder 3/ecommerce_platform/venv/lib/python3.11/site-packages/airflow/example_dags/example_bash_operator.py
[2026-03-18T00:32:25.173+0530] {processor.py:830} INFO - Processing file /Users/vybhavswaroop/Desktop/untitled folder 3/ecommerce_platform/venv/lib/python3.11/site-packages/airflow/example_dags/example_bash_operator.py for tasks to queue
[2026-03-18T00:32:25.173+0530] {logging_mixin.py:188} INFO - [2026-03-18T00:32:25.173+0530] {dagbag.py:540} INFO - Filling up the DagBag from /Users/vybhavswaroop/Desktop/untitled folder 3/ecommerce_platform/venv/lib/python3.11/site-packages/airflow/example_dags/example_bash_operator.py
[2026-03-18T00:32:25.181+0530] {processor.py:840} INFO - DAG(s) 'example_bash_operator' retrieved from /Users/vybhavswaroop/Desktop/untitled folder 3/ecommerce_platform/venv/lib/python3.11/site-packages/airflow/example_dags/example_bash_operator.py
[2026-03-18T00:32:25.252+0530] {logging_mixin.py:188} INFO - [2026-03-18T00:32:25.252+0530] {dag.py:3047} INFO - Sync 1 DAGs
[2026-03-18T00:32:25.263+0530] {logging_mixin.py:188} INFO - [2026-03-18T00:32:25.262+0530] {dag.py:3834} INFO - Setting next_dagrun for example_bash_operator to 2026-03-16 00:00:00+00:00, run_after=2026-03-17 00:00:00+00:00
[2026-03-18T00:32:25.275+0530] {processor.py:183} INFO - Processing /Users/vybhavswaroop/Desktop/untitled folder 3/ecommerce_platform/venv/lib/python3.11/site-packages/airflow/example_dags/example_bash_operator.py took 0.104 seconds
[2026-03-18T00:37:52.371+0530] {processor.py:161} INFO - Started process (PID=11894) to work on /Users/vybhavswaroop/Desktop/untitled folder 3/ecommerce_platform/venv/lib/python3.11/site-packages/airflow/example_dags/example_bash_operator.py
[2026-03-18T00:37:52.373+0530] {processor.py:830} INFO - Processing file /Users/vybhavswaroop/Desktop/untitled folder 3/ecommerce_platform/venv/lib/python3.11/site-packages/airflow/example_dags/example_bash_operator.py for tasks to queue
[2026-03-18T00:37:52.374+0530] {logging_mixin.py:188} INFO - [2026-03-18T00:37:52.374+0530] {dagbag.py:540} INFO - Filling up the DagBag from /Users/vybhavswaroop/Desktop/untitled folder 3/ecommerce_platform/venv/lib/python3.11/site-packages/airflow/example_dags/example_bash_operator.py
[2026-03-18T00:37:52.384+0530] {processor.py:840} INFO - DAG(s) 'example_bash_operator' retrieved from /Users/vybhavswaroop/Desktop/untitled folder 3/ecommerce_platform/venv/lib/python3.11/site-packages/airflow/example_dags/example_bash_operator.py
[2026-03-18T00:37:52.472+0530] {logging_mixin.py:188} INFO - [2026-03-18T00:37:52.471+0530] {dag.py:3047} INFO - Sync 1 DAGs
[2026-03-18T00:37:52.487+0530] {logging_mixin.py:188} INFO - [2026-03-18T00:37:52.487+0530] {dag.py:3834} INFO - Setting next_dagrun for example_bash_operator to 2026-03-16 00:00:00+00:00, run_after=2026-03-17 00:00:00+00:00
[2026-03-18T00:37:52.505+0530] {processor.py:183} INFO - Processing /Users/vybhavswaroop/Desktop/untitled folder 3/ecommerce_platform/venv/lib/python3.11/site-packages/airflow/example_dags/example_bash_operator.py took 0.135 seconds
[2026-03-18T00:43:28.793+0530] {processor.py:161} INFO - Started process (PID=15194) to work on /Users/vybhavswaroop/Desktop/untitled folder 3/ecommerce_platform/venv/lib/python3.11/site-packages/airflow/example_dags/example_bash_operator.py
[2026-03-18T00:43:28.795+0530] {processor.py:830} INFO - Processing file /Users/vybhavswaroop/Desktop/untitled folder 3/ecommerce_platform/venv/lib/python3.11/site-packages/airflow/example_dags/example_bash_operator.py for tasks to queue
[2026-03-18T00:43:28.795+0530] {logging_mixin.py:188} INFO - [2026-03-18T00:43:28.795+0530] {dagbag.py:540} INFO - Filling up the DagBag from /Users/vybhavswaroop/Desktop/untitled folder 3/ecommerce_platform/venv/lib/python3.11/site-packages/airflow/example_dags/example_bash_operator.py
[2026-03-18T00:43:28.803+0530] {processor.py:840} INFO - DAG(s) 'example_bash_operator' retrieved from /Users/vybhavswaroop/Desktop/untitled folder 3/ecommerce_platform/venv/lib/python3.11/site-packages/airflow/example_dags/example_bash_operator.py
[2026-03-18T00:43:28.870+0530] {logging_mixin.py:188} INFO - [2026-03-18T00:43:28.870+0530] {dag.py:3047} INFO - Sync 1 DAGs
[2026-03-18T00:43:28.882+0530] {logging_mixin.py:188} INFO - [2026-03-18T00:43:28.882+0530] {dag.py:3834} INFO - Setting next_dagrun for example_bash_operator to 2026-03-16 00:00:00+00:00, run_after=2026-03-17 00:00:00+00:00
[2026-03-18T00:43:28.895+0530] {processor.py:183} INFO - Processing /Users/vybhavswaroop/Desktop/untitled folder 3/ecommerce_platform/venv/lib/python3.11/site-packages/airflow/example_dags/example_bash_operator.py took 0.103 seconds
[2026-03-18T00:48:51.727+0530] {processor.py:161} INFO - Started process (PID=18462) to work on /Users/vybhavswaroop/Desktop/untitled folder 3/ecommerce_platform/venv/lib/python3.11/site-packages/airflow/example_dags/example_bash_operator.py
[2026-03-18T00:48:51.730+0530] {processor.py:830} INFO - Processing file /Users/vybhavswaroop/Desktop/untitled folder 3/ecommerce_platform/venv/lib/python3.11/site-packages/airflow/example_dags/example_bash_operator.py for tasks to queue
[2026-03-18T00:48:51.730+0530] {logging_mixin.py:188} INFO - [2026-03-18T00:48:51.730+0530] {dagbag.py:540} INFO - Filling up the DagBag from /Users/vybhavswaroop/Desktop/untitled folder 3/ecommerce_platform/venv/lib/python3.11/site-packages/airflow/example_dags/example_bash_operator.py
[2026-03-18T00:48:51.740+0530] {processor.py:840} INFO - DAG(s) 'example_bash_operator' retrieved from /Users/vybhavswaroop/Desktop/untitled folder 3/ecommerce_platform/venv/lib/python3.11/site-packages/airflow/example_dags/example_bash_operator.py
[2026-03-18T00:48:51.825+0530] {logging_mixin.py:188} INFO - [2026-03-18T00:48:51.825+0530] {dag.py:3047} INFO - Sync 1 DAGs
[2026-03-18T00:48:51.839+0530] {logging_mixin.py:188} INFO - [2026-03-18T00:48:51.839+0530] {dag.py:3834} INFO - Setting next_dagrun for example_bash_operator to 2026-03-16 00:00:00+00:00, run_after=2026-03-17 00:00:00+00:00
[2026-03-18T00:48:51.855+0530] {processor.py:183} INFO - Processing /Users/vybhavswaroop/Desktop/untitled folder 3/ecommerce_platform/venv/lib/python3.11/site-packages/airflow/example_dags/example_bash_operator.py took 0.128 seconds
[2026-03-18T00:54:22.840+0530] {processor.py:161} INFO - Started process (PID=21739) to work on /Users/vybhavswaroop/Desktop/untitled folder 3/ecommerce_platform/venv/lib/python3.11/site-packages/airflow/example_dags/example_bash_operator.py
[2026-03-18T00:54:22.842+0530] {processor.py:830} INFO - Processing file /Users/vybhavswaroop/Desktop/untitled folder 3/ecommerce_platform/venv/lib/python3.11/site-packages/airflow/example_dags/example_bash_operator.py for tasks to queue
[2026-03-18T00:54:22.842+0530] {logging_mixin.py:188} INFO - [2026-03-18T00:54:22.842+0530] {dagbag.py:540} INFO - Filling up the DagBag from /Users/vybhavswaroop/Desktop/untitled folder 3/ecommerce_platform/venv/lib/python3.11/site-packages/airflow/example_dags/example_bash_operator.py
[2026-03-18T00:54:22.850+0530] {processor.py:840} INFO - DAG(s) 'example_bash_operator' retrieved from /Users/vybhavswaroop/Desktop/untitled folder 3/ecommerce_platform/venv/lib/python3.11/site-packages/airflow/example_dags/example_bash_operator.py
[2026-03-18T00:54:22.918+0530] {logging_mixin.py:188} INFO - [2026-03-18T00:54:22.917+0530] {dag.py:3047} INFO - Sync 1 DAGs
[2026-03-18T00:54:22.928+0530] {logging_mixin.py:188} INFO - [2026-03-18T00:54:22.928+0530] {dag.py:3834} INFO - Setting next_dagrun for example_bash_operator to 2026-03-16 00:00:00+00:00, run_after=2026-03-17 00:00:00+00:00
[2026-03-18T00:54:22.941+0530] {processor.py:183} INFO - Processing /Users/vybhavswaroop/Desktop/untitled folder 3/ecommerce_platform/venv/lib/python3.11/site-packages/airflow/example_dags/example_bash_operator.py took 0.101 seconds
[2026-03-18T01:02:03.198+0530] {processor.py:161} INFO - Started process (PID=26863) to work on /Users/vybhavswaroop/Desktop/untitled folder 3/ecommerce_platform/venv/lib/python3.11/site-packages/airflow/example_dags/example_bash_operator.py
[2026-03-18T01:02:03.199+0530] {processor.py:830} INFO - Processing file /Users/vybhavswaroop/Desktop/untitled folder 3/ecommerce_platform/venv/lib/python3.11/site-packages/airflow/example_dags/example_bash_operator.py for tasks to queue
[2026-03-18T01:02:03.200+0530] {logging_mixin.py:188} INFO - [2026-03-18T01:02:03.200+0530] {dagbag.py:540} INFO - Filling up the DagBag from /Users/vybhavswaroop/Desktop/untitled folder 3/ecommerce_platform/venv/lib/python3.11/site-packages/airflow/example_dags/example_bash_operator.py
[2026-03-18T01:02:03.209+0530] {processor.py:840} INFO - DAG(s) 'example_bash_operator' retrieved from /Users/vybhavswaroop/Desktop/untitled folder 3/ecommerce_platform/venv/lib/python3.11/site-packages/airflow/example_dags/example_bash_operator.py
[2026-03-18T01:02:03.294+0530] {logging_mixin.py:188} INFO - [2026-03-18T01:02:03.294+0530] {dag.py:3047} INFO - Sync 1 DAGs
[2026-03-18T01:02:03.306+0530] {logging_mixin.py:188} INFO - [2026-03-18T01:02:03.306+0530] {dag.py:3834} INFO - Setting next_dagrun for example_bash_operator to 2026-03-16 00:00:00+00:00, run_after=2026-03-17 00:00:00+00:00
[2026-03-18T01:02:03.319+0530] {processor.py:183} INFO - Processing /Users/vybhavswaroop/Desktop/untitled folder 3/ecommerce_platform/venv/lib/python3.11/site-packages/airflow/example_dags/example_bash_operator.py took 0.122 seconds
[2026-03-18T01:07:30.045+0530] {processor.py:161} INFO - Started process (PID=30152) to work on /Users/vybhavswaroop/Desktop/untitled folder 3/ecommerce_platform/venv/lib/python3.11/site-packages/airflow/example_dags/example_bash_operator.py
[2026-03-18T01:07:30.046+0530] {processor.py:830} INFO - Processing file /Users/vybhavswaroop/Desktop/untitled folder 3/ecommerce_platform/venv/lib/python3.11/site-packages/airflow/example_dags/example_bash_operator.py for tasks to queue
[2026-03-18T01:07:30.047+0530] {logging_mixin.py:188} INFO - [2026-03-18T01:07:30.047+0530] {dagbag.py:540} INFO - Filling up the DagBag from /Users/vybhavswaroop/Desktop/untitled folder 3/ecommerce_platform/venv/lib/python3.11/site-packages/airflow/example_dags/example_bash_operator.py
[2026-03-18T01:07:30.054+0530] {processor.py:840} INFO - DAG(s) 'example_bash_operator' retrieved from /Users/vybhavswaroop/Desktop/untitled folder 3/ecommerce_platform/venv/lib/python3.11/site-packages/airflow/example_dags/example_bash_operator.py
[2026-03-18T01:07:30.119+0530] {logging_mixin.py:188} INFO - [2026-03-18T01:07:30.119+0530] {dag.py:3047} INFO - Sync 1 DAGs
[2026-03-18T01:07:30.129+0530] {logging_mixin.py:188} INFO - [2026-03-18T01:07:30.129+0530] {dag.py:3834} INFO - Setting next_dagrun for example_bash_operator to 2026-03-16 00:00:00+00:00, run_after=2026-03-17 00:00:00+00:00
[2026-03-18T01:07:30.141+0530] {processor.py:183} INFO - Processing /Users/vybhavswaroop/Desktop/untitled folder 3/ecommerce_platform/venv/lib/python3.11/site-packages/airflow/example_dags/example_bash_operator.py took 0.097 seconds
[2026-03-18T01:13:08.537+0530] {processor.py:161} INFO - Started process (PID=33425) to work on /Users/vybhavswaroop/Desktop/untitled folder 3/ecommerce_platform/venv/lib/python3.11/site-packages/airflow/example_dags/example_bash_operator.py
[2026-03-18T01:13:08.541+0530] {processor.py:830} INFO - Processing file /Users/vybhavswaroop/Desktop/untitled folder 3/ecommerce_platform/venv/lib/python3.11/site-packages/airflow/example_dags/example_bash_operator.py for tasks to queue
[2026-03-18T01:13:08.542+0530] {logging_mixin.py:188} INFO - [2026-03-18T01:13:08.542+0530] {dagbag.py:540} INFO - Filling up the DagBag from /Users/vybhavswaroop/Desktop/untitled folder 3/ecommerce_platform/venv/lib/python3.11/site-packages/airflow/example_dags/example_bash_operator.py
[2026-03-18T01:13:08.553+0530] {processor.py:840} INFO - DAG(s) 'example_bash_operator' retrieved from /Users/vybhavswaroop/Desktop/untitled folder 3/ecommerce_platform/venv/lib/python3.11/site-packages/airflow/example_dags/example_bash_operator.py
[2026-03-18T01:13:08.649+0530] {logging_mixin.py:188} INFO - [2026-03-18T01:13:08.649+0530] {dag.py:3047} INFO - Sync 1 DAGs
[2026-03-18T01:13:08.664+0530] {logging_mixin.py:188} INFO - [2026-03-18T01:13:08.664+0530] {dag.py:3834} INFO - Setting next_dagrun for example_bash_operator to 2026-03-16 00:00:00+00:00, run_after=2026-03-17 00:00:00+00:00
[2026-03-18T01:13:08.683+0530] {processor.py:183} INFO - Processing /Users/vybhavswaroop/Desktop/untitled folder 3/ecommerce_platform/venv/lib/python3.11/site-packages/airflow/example_dags/example_bash_operator.py took 0.147 seconds
[2026-03-18T01:18:22.120+0530] {processor.py:161} INFO - Started process (PID=36646) to work on /Users/vybhavswaroop/Desktop/untitled folder 3/ecommerce_platform/venv/lib/python3.11/site-packages/airflow/example_dags/example_bash_operator.py
[2026-03-18T01:18:22.122+0530] {processor.py:830} INFO - Processing file /Users/vybhavswaroop/Desktop/untitled folder 3/ecommerce_platform/venv/lib/python3.11/site-packages/airflow/example_dags/example_bash_operator.py for tasks to queue
[2026-03-18T01:18:22.122+0530] {logging_mixin.py:188} INFO - [2026-03-18T01:18:22.122+0530] {dagbag.py:540} INFO - Filling up the DagBag from /Users/vybhavswaroop/Desktop/untitled folder 3/ecommerce_platform/venv/lib/python3.11/site-packages/airflow/example_dags/example_bash_operator.py
[2026-03-18T01:18:22.130+0530] {processor.py:840} INFO - DAG(s) 'example_bash_operator' retrieved from /Users/vybhavswaroop/Desktop/untitled folder 3/ecommerce_platform/venv/lib/python3.11/site-packages/airflow/example_dags/example_bash_operator.py
[2026-03-18T01:18:22.199+0530] {logging_mixin.py:188} INFO - [2026-03-18T01:18:22.199+0530] {dag.py:3047} INFO - Sync 1 DAGs
[2026-03-18T01:18:22.210+0530] {logging_mixin.py:188} INFO - [2026-03-18T01:18:22.210+0530] {dag.py:3834} INFO - Setting next_dagrun for example_bash_operator to 2026-03-16 00:00:00+00:00, run_after=2026-03-17 00:00:00+00:00
[2026-03-18T01:18:22.222+0530] {processor.py:183} INFO - Processing /Users/vybhavswaroop/Desktop/untitled folder 3/ecommerce_platform/venv/lib/python3.11/site-packages/airflow/example_dags/example_bash_operator.py took 0.103 seconds
[2026-03-18T01:23:30.808+0530] {processor.py:161} INFO - Started process (PID=39850) to work on /Users/vybhavswaroop/Desktop/untitled folder 3/ecommerce_platform/venv/lib/python3.11/site-packages/airflow/example_dags/example_bash_operator.py
[2026-03-18T01:23:30.810+0530] {processor.py:830} INFO - Processing file /Users/vybhavswaroop/Desktop/untitled folder 3/ecommerce_platform/venv/lib/python3.11/site-packages/airflow/example_dags/example_bash_operator.py for tasks to queue
[2026-03-18T01:23:30.810+0530] {logging_mixin.py:188} INFO - [2026-03-18T01:23:30.810+0530] {dagbag.py:540} INFO - Filling up the DagBag from /Users/vybhavswaroop/Desktop/untitled folder 3/ecommerce_platform/venv/lib/python3.11/site-packages/airflow/example_dags/example_bash_operator.py
[2026-03-18T01:23:30.818+0530] {processor.py:840} INFO - DAG(s) 'example_bash_operator' retrieved from /Users/vybhavswaroop/Desktop/untitled folder 3/ecommerce_platform/venv/lib/python3.11/site-packages/airflow/example_dags/example_bash_operator.py
[2026-03-18T01:23:30.883+0530] {logging_mixin.py:188} INFO - [2026-03-18T01:23:30.883+0530] {dag.py:3047} INFO - Sync 1 DAGs
[2026-03-18T01:23:30.893+0530] {logging_mixin.py:188} INFO - [2026-03-18T01:23:30.893+0530] {dag.py:3834} INFO - Setting next_dagrun for example_bash_operator to 2026-03-16 00:00:00+00:00, run_after=2026-03-17 00:00:00+00:00
[2026-03-18T01:23:30.905+0530] {processor.py:183} INFO - Processing /Users/vybhavswaroop/Desktop/untitled folder 3/ecommerce_platform/venv/lib/python3.11/site-packages/airflow/example_dags/example_bash_operator.py took 0.098 seconds
[2026-03-18T01:28:28.079+0530] {processor.py:161} INFO - Started process (PID=43042) to work on /Users/vybhavswaroop/Desktop/untitled folder 3/ecommerce_platform/venv/lib/python3.11/site-packages/airflow/example_dags/example_bash_operator.py
[2026-03-18T01:28:28.080+0530] {processor.py:830} INFO - Processing file /Users/vybhavswaroop/Desktop/untitled folder 3/ecommerce_platform/venv/lib/python3.11/site-packages/airflow/example_dags/example_bash_operator.py for tasks to queue
[2026-03-18T01:28:28.081+0530] {logging_mixin.py:188} INFO - [2026-03-18T01:28:28.081+0530] {dagbag.py:540} INFO - Filling up the DagBag from /Users/vybhavswaroop/Desktop/untitled folder 3/ecommerce_platform/venv/lib/python3.11/site-packages/airflow/example_dags/example_bash_operator.py
[2026-03-18T01:28:28.088+0530] {processor.py:840} INFO - DAG(s) 'example_bash_operator' retrieved from /Users/vybhavswaroop/Desktop/untitled folder 3/ecommerce_platform/venv/lib/python3.11/site-packages/airflow/example_dags/example_bash_operator.py
[2026-03-18T01:28:28.154+0530] {logging_mixin.py:188} INFO - [2026-03-18T01:28:28.154+0530] {dag.py:3047} INFO - Sync 1 DAGs
[2026-03-18T01:28:28.165+0530] {logging_mixin.py:188} INFO - [2026-03-18T01:28:28.165+0530] {dag.py:3834} INFO - Setting next_dagrun for example_bash_operator to 2026-03-16 00:00:00+00:00, run_after=2026-03-17 00:00:00+00:00
[2026-03-18T01:28:28.177+0530] {processor.py:183} INFO - Processing /Users/vybhavswaroop/Desktop/untitled folder 3/ecommerce_platform/venv/lib/python3.11/site-packages/airflow/example_dags/example_bash_operator.py took 0.098 seconds
[2026-03-18T01:33:28.322+0530] {processor.py:161} INFO - Started process (PID=46197) to work on /Users/vybhavswaroop/Desktop/untitled folder 3/ecommerce_platform/venv/lib/python3.11/site-packages/airflow/example_dags/example_bash_operator.py
[2026-03-18T01:33:28.324+0530] {processor.py:830} INFO - Processing file /Users/vybhavswaroop/Desktop/untitled folder 3/ecommerce_platform/venv/lib/python3.11/site-packages/airflow/example_dags/example_bash_operator.py for tasks to queue
[2026-03-18T01:33:28.324+0530] {logging_mixin.py:188} INFO - [2026-03-18T01:33:28.324+0530] {dagbag.py:540} INFO - Filling up the DagBag from /Users/vybhavswaroop/Desktop/untitled folder 3/ecommerce_platform/venv/lib/python3.11/site-packages/airflow/example_dags/example_bash_operator.py
[2026-03-18T01:33:28.331+0530] {processor.py:840} INFO - DAG(s) 'example_bash_operator' retrieved from /Users/vybhavswaroop/Desktop/untitled folder 3/ecommerce_platform/venv/lib/python3.11/site-packages/airflow/example_dags/example_bash_operator.py
[2026-03-18T01:33:28.396+0530] {logging_mixin.py:188} INFO - [2026-03-18T01:33:28.396+0530] {dag.py:3047} INFO - Sync 1 DAGs
[2026-03-18T01:33:28.407+0530] {logging_mixin.py:188} INFO - [2026-03-18T01:33:28.407+0530] {dag.py:3834} INFO - Setting next_dagrun for example_bash_operator to 2026-03-16 00:00:00+00:00, run_after=2026-03-17 00:00:00+00:00
[2026-03-18T01:33:28.417+0530] {processor.py:183} INFO - Processing /Users/vybhavswaroop/Desktop/untitled folder 3/ecommerce_platform/venv/lib/python3.11/site-packages/airflow/example_dags/example_bash_operator.py took 0.096 seconds
[2026-03-18T01:38:30.271+0530] {processor.py:161} INFO - Started process (PID=49343) to work on /Users/vybhavswaroop/Desktop/untitled folder 3/ecommerce_platform/venv/lib/python3.11/site-packages/airflow/example_dags/example_bash_operator.py
[2026-03-18T01:38:30.273+0530] {processor.py:830} INFO - Processing file /Users/vybhavswaroop/Desktop/untitled folder 3/ecommerce_platform/venv/lib/python3.11/site-packages/airflow/example_dags/example_bash_operator.py for tasks to queue
[2026-03-18T01:38:30.273+0530] {logging_mixin.py:188} INFO - [2026-03-18T01:38:30.273+0530] {dagbag.py:540} INFO - Filling up the DagBag from /Users/vybhavswaroop/Desktop/untitled folder 3/ecommerce_platform/venv/lib/python3.11/site-packages/airflow/example_dags/example_bash_operator.py
[2026-03-18T01:38:30.283+0530] {processor.py:840} INFO - DAG(s) 'example_bash_operator' retrieved from /Users/vybhavswaroop/Desktop/untitled folder 3/ecommerce_platform/venv/lib/python3.11/site-packages/airflow/example_dags/example_bash_operator.py
[2026-03-18T01:38:30.374+0530] {logging_mixin.py:188} INFO - [2026-03-18T01:38:30.374+0530] {dag.py:3047} INFO - Sync 1 DAGs
[2026-03-18T01:38:30.388+0530] {logging_mixin.py:188} INFO - [2026-03-18T01:38:30.388+0530] {dag.py:3834} INFO - Setting next_dagrun for example_bash_operator to 2026-03-16 00:00:00+00:00, run_after=2026-03-17 00:00:00+00:00
[2026-03-18T01:38:30.404+0530] {processor.py:183} INFO - Processing /Users/vybhavswaroop/Desktop/untitled folder 3/ecommerce_platform/venv/lib/python3.11/site-packages/airflow/example_dags/example_bash_operator.py took 0.134 seconds
[2026-03-18T01:44:12.497+0530] {processor.py:161} INFO - Started process (PID=52455) to work on /Users/vybhavswaroop/Desktop/untitled folder 3/ecommerce_platform/venv/lib/python3.11/site-packages/airflow/example_dags/example_bash_operator.py
[2026-03-18T01:44:12.498+0530] {processor.py:830} INFO - Processing file /Users/vybhavswaroop/Desktop/untitled folder 3/ecommerce_platform/venv/lib/python3.11/site-packages/airflow/example_dags/example_bash_operator.py for tasks to queue
[2026-03-18T01:44:12.498+0530] {logging_mixin.py:188} INFO - [2026-03-18T01:44:12.498+0530] {dagbag.py:540} INFO - Filling up the DagBag from /Users/vybhavswaroop/Desktop/untitled folder 3/ecommerce_platform/venv/lib/python3.11/site-packages/airflow/example_dags/example_bash_operator.py
[2026-03-18T01:44:12.509+0530] {processor.py:840} INFO - DAG(s) 'example_bash_operator' retrieved from /Users/vybhavswaroop/Desktop/untitled folder 3/ecommerce_platform/venv/lib/python3.11/site-packages/airflow/example_dags/example_bash_operator.py
[2026-03-18T01:44:12.590+0530] {logging_mixin.py:188} INFO - [2026-03-18T01:44:12.590+0530] {dag.py:3047} INFO - Sync 1 DAGs
[2026-03-18T01:44:12.603+0530] {logging_mixin.py:188} INFO - [2026-03-18T01:44:12.603+0530] {dag.py:3834} INFO - Setting next_dagrun for example_bash_operator to 2026-03-16 00:00:00+00:00, run_after=2026-03-17 00:00:00+00:00
[2026-03-18T01:44:12.616+0530] {processor.py:183} INFO - Processing /Users/vybhavswaroop/Desktop/untitled folder 3/ecommerce_platform/venv/lib/python3.11/site-packages/airflow/example_dags/example_bash_operator.py took 0.120 seconds
[2026-03-18T01:49:52.845+0530] {processor.py:161} INFO - Started process (PID=55511) to work on /Users/vybhavswaroop/Desktop/untitled folder 3/ecommerce_platform/venv/lib/python3.11/site-packages/airflow/example_dags/example_bash_operator.py
[2026-03-18T01:49:52.846+0530] {processor.py:830} INFO - Processing file /Users/vybhavswaroop/Desktop/untitled folder 3/ecommerce_platform/venv/lib/python3.11/site-packages/airflow/example_dags/example_bash_operator.py for tasks to queue
[2026-03-18T01:49:52.847+0530] {logging_mixin.py:188} INFO - [2026-03-18T01:49:52.847+0530] {dagbag.py:540} INFO - Filling up the DagBag from /Users/vybhavswaroop/Desktop/untitled folder 3/ecommerce_platform/venv/lib/python3.11/site-packages/airflow/example_dags/example_bash_operator.py
[2026-03-18T01:49:52.856+0530] {processor.py:840} INFO - DAG(s) 'example_bash_operator' retrieved from /Users/vybhavswaroop/Desktop/untitled folder 3/ecommerce_platform/venv/lib/python3.11/site-packages/airflow/example_dags/example_bash_operator.py
[2026-03-18T01:49:52.945+0530] {logging_mixin.py:188} INFO - [2026-03-18T01:49:52.944+0530] {dag.py:3047} INFO - Sync 1 DAGs
[2026-03-18T01:49:52.959+0530] {logging_mixin.py:188} INFO - [2026-03-18T01:49:52.958+0530] {dag.py:3834} INFO - Setting next_dagrun for example_bash_operator to 2026-03-16 00:00:00+00:00, run_after=2026-03-17 00:00:00+00:00
[2026-03-18T01:49:52.975+0530] {processor.py:183} INFO - Processing /Users/vybhavswaroop/Desktop/untitled folder 3/ecommerce_platform/venv/lib/python3.11/site-packages/airflow/example_dags/example_bash_operator.py took 0.131 seconds
[2026-03-18T01:55:37.328+0530] {processor.py:161} INFO - Started process (PID=58647) to work on /Users/vybhavswaroop/Desktop/untitled folder 3/ecommerce_platform/venv/lib/python3.11/site-packages/airflow/example_dags/example_bash_operator.py
[2026-03-18T01:55:37.330+0530] {processor.py:830} INFO - Processing file /Users/vybhavswaroop/Desktop/untitled folder 3/ecommerce_platform/venv/lib/python3.11/site-packages/airflow/example_dags/example_bash_operator.py for tasks to queue
[2026-03-18T01:55:37.330+0530] {logging_mixin.py:188} INFO - [2026-03-18T01:55:37.330+0530] {dagbag.py:540} INFO - Filling up the DagBag from /Users/vybhavswaroop/Desktop/untitled folder 3/ecommerce_platform/venv/lib/python3.11/site-packages/airflow/example_dags/example_bash_operator.py
[2026-03-18T01:55:37.340+0530] {processor.py:840} INFO - DAG(s) 'example_bash_operator' retrieved from /Users/vybhavswaroop/Desktop/untitled folder 3/ecommerce_platform/venv/lib/python3.11/site-packages/airflow/example_dags/example_bash_operator.py
[2026-03-18T01:55:37.430+0530] {logging_mixin.py:188} INFO - [2026-03-18T01:55:37.429+0530] {dag.py:3047} INFO - Sync 1 DAGs
[2026-03-18T01:55:37.444+0530] {logging_mixin.py:188} INFO - [2026-03-18T01:55:37.444+0530] {dag.py:3834} INFO - Setting next_dagrun for example_bash_operator to 2026-03-16 00:00:00+00:00, run_after=2026-03-17 00:00:00+00:00
[2026-03-18T01:55:37.460+0530] {processor.py:183} INFO - Processing /Users/vybhavswaroop/Desktop/untitled folder 3/ecommerce_platform/venv/lib/python3.11/site-packages/airflow/example_dags/example_bash_operator.py took 0.133 seconds
[2026-03-18T02:01:13.111+0530] {processor.py:161} INFO - Started process (PID=61740) to work on /Users/vybhavswaroop/Desktop/untitled folder 3/ecommerce_platform/venv/lib/python3.11/site-packages/airflow/example_dags/example_bash_operator.py
[2026-03-18T02:01:13.114+0530] {processor.py:830} INFO - Processing file /Users/vybhavswaroop/Desktop/untitled folder 3/ecommerce_platform/venv/lib/python3.11/site-packages/airflow/example_dags/example_bash_operator.py for tasks to queue
[2026-03-18T02:01:13.114+0530] {logging_mixin.py:188} INFO - [2026-03-18T02:01:13.114+0530] {dagbag.py:540} INFO - Filling up the DagBag from /Users/vybhavswaroop/Desktop/untitled folder 3/ecommerce_platform/venv/lib/python3.11/site-packages/airflow/example_dags/example_bash_operator.py
[2026-03-18T02:01:13.124+0530] {processor.py:840} INFO - DAG(s) 'example_bash_operator' retrieved from /Users/vybhavswaroop/Desktop/untitled folder 3/ecommerce_platform/venv/lib/python3.11/site-packages/airflow/example_dags/example_bash_operator.py
[2026-03-18T02:01:13.216+0530] {logging_mixin.py:188} INFO - [2026-03-18T02:01:13.216+0530] {dag.py:3047} INFO - Sync 1 DAGs
[2026-03-18T02:01:13.230+0530] {logging_mixin.py:188} INFO - [2026-03-18T02:01:13.230+0530] {dag.py:3834} INFO - Setting next_dagrun for example_bash_operator to 2026-03-16 00:00:00+00:00, run_after=2026-03-17 00:00:00+00:00
[2026-03-18T02:01:13.246+0530] {processor.py:183} INFO - Processing /Users/vybhavswaroop/Desktop/untitled folder 3/ecommerce_platform/venv/lib/python3.11/site-packages/airflow/example_dags/example_bash_operator.py took 0.136 seconds
[2026-03-18T02:06:38.904+0530] {processor.py:161} INFO - Started process (PID=64925) to work on /Users/vybhavswaroop/Desktop/untitled folder 3/ecommerce_platform/venv/lib/python3.11/site-packages/airflow/example_dags/example_bash_operator.py
[2026-03-18T02:06:38.905+0530] {processor.py:830} INFO - Processing file /Users/vybhavswaroop/Desktop/untitled folder 3/ecommerce_platform/venv/lib/python3.11/site-packages/airflow/example_dags/example_bash_operator.py for tasks to queue
[2026-03-18T02:06:38.906+0530] {logging_mixin.py:188} INFO - [2026-03-18T02:06:38.905+0530] {dagbag.py:540} INFO - Filling up the DagBag from /Users/vybhavswaroop/Desktop/untitled folder 3/ecommerce_platform/venv/lib/python3.11/site-packages/airflow/example_dags/example_bash_operator.py
[2026-03-18T02:06:38.913+0530] {processor.py:840} INFO - DAG(s) 'example_bash_operator' retrieved from /Users/vybhavswaroop/Desktop/untitled folder 3/ecommerce_platform/venv/lib/python3.11/site-packages/airflow/example_dags/example_bash_operator.py
[2026-03-18T02:06:38.972+0530] {logging_mixin.py:188} INFO - [2026-03-18T02:06:38.972+0530] {dag.py:3047} INFO - Sync 1 DAGs
[2026-03-18T02:06:38.981+0530] {logging_mixin.py:188} INFO - [2026-03-18T02:06:38.981+0530] {dag.py:3834} INFO - Setting next_dagrun for example_bash_operator to 2026-03-16 00:00:00+00:00, run_after=2026-03-17 00:00:00+00:00
[2026-03-18T02:06:38.992+0530] {processor.py:183} INFO - Processing /Users/vybhavswaroop/Desktop/untitled folder 3/ecommerce_platform/venv/lib/python3.11/site-packages/airflow/example_dags/example_bash_operator.py took 0.089 seconds
[2026-03-18T02:11:18.439+0530] {processor.py:161} INFO - Started process (PID=68181) to work on /Users/vybhavswaroop/Desktop/untitled folder 3/ecommerce_platform/venv/lib/python3.11/site-packages/airflow/example_dags/example_bash_operator.py
[2026-03-18T02:11:18.442+0530] {processor.py:830} INFO - Processing file /Users/vybhavswaroop/Desktop/untitled folder 3/ecommerce_platform/venv/lib/python3.11/site-packages/airflow/example_dags/example_bash_operator.py for tasks to queue
[2026-03-18T02:11:18.442+0530] {logging_mixin.py:188} INFO - [2026-03-18T02:11:18.442+0530] {dagbag.py:540} INFO - Filling up the DagBag from /Users/vybhavswaroop/Desktop/untitled folder 3/ecommerce_platform/venv/lib/python3.11/site-packages/airflow/example_dags/example_bash_operator.py
[2026-03-18T02:11:18.450+0530] {processor.py:840} INFO - DAG(s) 'example_bash_operator' retrieved from /Users/vybhavswaroop/Desktop/untitled folder 3/ecommerce_platform/venv/lib/python3.11/site-packages/airflow/example_dags/example_bash_operator.py
[2026-03-18T02:11:18.517+0530] {logging_mixin.py:188} INFO - [2026-03-18T02:11:18.517+0530] {dag.py:3047} INFO - Sync 1 DAGs
[2026-03-18T02:11:18.528+0530] {logging_mixin.py:188} INFO - [2026-03-18T02:11:18.528+0530] {dag.py:3834} INFO - Setting next_dagrun for example_bash_operator to 2026-03-16 00:00:00+00:00, run_after=2026-03-17 00:00:00+00:00
[2026-03-18T02:11:18.540+0530] {processor.py:183} INFO - Processing /Users/vybhavswaroop/Desktop/untitled folder 3/ecommerce_platform/venv/lib/python3.11/site-packages/airflow/example_dags/example_bash_operator.py took 0.101 seconds
[2026-03-18T02:16:45.136+0530] {processor.py:161} INFO - Started process (PID=71318) to work on /Users/vybhavswaroop/Desktop/untitled folder 3/ecommerce_platform/venv/lib/python3.11/site-packages/airflow/example_dags/example_bash_operator.py
[2026-03-18T02:16:45.137+0530] {processor.py:830} INFO - Processing file /Users/vybhavswaroop/Desktop/untitled folder 3/ecommerce_platform/venv/lib/python3.11/site-packages/airflow/example_dags/example_bash_operator.py for tasks to queue
[2026-03-18T02:16:45.138+0530] {logging_mixin.py:188} INFO - [2026-03-18T02:16:45.138+0530] {dagbag.py:540} INFO - Filling up the DagBag from /Users/vybhavswaroop/Desktop/untitled folder 3/ecommerce_platform/venv/lib/python3.11/site-packages/airflow/example_dags/example_bash_operator.py
[2026-03-18T02:16:45.146+0530] {processor.py:840} INFO - DAG(s) 'example_bash_operator' retrieved from /Users/vybhavswaroop/Desktop/untitled folder 3/ecommerce_platform/venv/lib/python3.11/site-packages/airflow/example_dags/example_bash_operator.py
[2026-03-18T02:16:45.235+0530] {logging_mixin.py:188} INFO - [2026-03-18T02:16:45.234+0530] {dag.py:3047} INFO - Sync 1 DAGs
[2026-03-18T02:16:45.249+0530] {logging_mixin.py:188} INFO - [2026-03-18T02:16:45.249+0530] {dag.py:3834} INFO - Setting next_dagrun for example_bash_operator to 2026-03-16 00:00:00+00:00, run_after=2026-03-17 00:00:00+00:00
[2026-03-18T02:16:45.265+0530] {processor.py:183} INFO - Processing /Users/vybhavswaroop/Desktop/untitled folder 3/ecommerce_platform/venv/lib/python3.11/site-packages/airflow/example_dags/example_bash_operator.py took 0.130 seconds
[2026-03-18T02:22:19.335+0530] {processor.py:161} INFO - Started process (PID=74430) to work on /Users/vybhavswaroop/Desktop/untitled folder 3/ecommerce_platform/venv/lib/python3.11/site-packages/airflow/example_dags/example_bash_operator.py
[2026-03-18T02:22:19.336+0530] {processor.py:830} INFO - Processing file /Users/vybhavswaroop/Desktop/untitled folder 3/ecommerce_platform/venv/lib/python3.11/site-packages/airflow/example_dags/example_bash_operator.py for tasks to queue
[2026-03-18T02:22:19.337+0530] {logging_mixin.py:188} INFO - [2026-03-18T02:22:19.337+0530] {dagbag.py:540} INFO - Filling up the DagBag from /Users/vybhavswaroop/Desktop/untitled folder 3/ecommerce_platform/venv/lib/python3.11/site-packages/airflow/example_dags/example_bash_operator.py
[2026-03-18T02:22:19.347+0530] {processor.py:840} INFO - DAG(s) 'example_bash_operator' retrieved from /Users/vybhavswaroop/Desktop/untitled folder 3/ecommerce_platform/venv/lib/python3.11/site-packages/airflow/example_dags/example_bash_operator.py
[2026-03-18T02:22:19.437+0530] {logging_mixin.py:188} INFO - [2026-03-18T02:22:19.437+0530] {dag.py:3047} INFO - Sync 1 DAGs
[2026-03-18T02:22:19.452+0530] {logging_mixin.py:188} INFO - [2026-03-18T02:22:19.452+0530] {dag.py:3834} INFO - Setting next_dagrun for example_bash_operator to 2026-03-16 00:00:00+00:00, run_after=2026-03-17 00:00:00+00:00
[2026-03-18T02:22:19.466+0530] {processor.py:183} INFO - Processing /Users/vybhavswaroop/Desktop/untitled folder 3/ecommerce_platform/venv/lib/python3.11/site-packages/airflow/example_dags/example_bash_operator.py took 0.132 seconds
[2026-03-18T02:27:51.161+0530] {processor.py:161} INFO - Started process (PID=77558) to work on /Users/vybhavswaroop/Desktop/untitled folder 3/ecommerce_platform/venv/lib/python3.11/site-packages/airflow/example_dags/example_bash_operator.py
[2026-03-18T02:27:51.163+0530] {processor.py:830} INFO - Processing file /Users/vybhavswaroop/Desktop/untitled folder 3/ecommerce_platform/venv/lib/python3.11/site-packages/airflow/example_dags/example_bash_operator.py for tasks to queue
[2026-03-18T02:27:51.164+0530] {logging_mixin.py:188} INFO - [2026-03-18T02:27:51.164+0530] {dagbag.py:540} INFO - Filling up the DagBag from /Users/vybhavswaroop/Desktop/untitled folder 3/ecommerce_platform/venv/lib/python3.11/site-packages/airflow/example_dags/example_bash_operator.py
[2026-03-18T02:27:51.173+0530] {processor.py:840} INFO - DAG(s) 'example_bash_operator' retrieved from /Users/vybhavswaroop/Desktop/untitled folder 3/ecommerce_platform/venv/lib/python3.11/site-packages/airflow/example_dags/example_bash_operator.py
[2026-03-18T02:27:51.254+0530] {logging_mixin.py:188} INFO - [2026-03-18T02:27:51.254+0530] {dag.py:3047} INFO - Sync 1 DAGs
[2026-03-18T02:27:51.267+0530] {logging_mixin.py:188} INFO - [2026-03-18T02:27:51.267+0530] {dag.py:3834} INFO - Setting next_dagrun for example_bash_operator to 2026-03-16 00:00:00+00:00, run_after=2026-03-17 00:00:00+00:00
[2026-03-18T02:27:51.284+0530] {processor.py:183} INFO - Processing /Users/vybhavswaroop/Desktop/untitled folder 3/ecommerce_platform/venv/lib/python3.11/site-packages/airflow/example_dags/example_bash_operator.py took 0.123 seconds
[2026-03-18T02:33:18.763+0530] {processor.py:161} INFO - Started process (PID=80721) to work on /Users/vybhavswaroop/Desktop/untitled folder 3/ecommerce_platform/venv/lib/python3.11/site-packages/airflow/example_dags/example_bash_operator.py
[2026-03-18T02:33:18.765+0530] {processor.py:830} INFO - Processing file /Users/vybhavswaroop/Desktop/untitled folder 3/ecommerce_platform/venv/lib/python3.11/site-packages/airflow/example_dags/example_bash_operator.py for tasks to queue
[2026-03-18T02:33:18.765+0530] {logging_mixin.py:188} INFO - [2026-03-18T02:33:18.765+0530] {dagbag.py:540} INFO - Filling up the DagBag from /Users/vybhavswaroop/Desktop/untitled folder 3/ecommerce_platform/venv/lib/python3.11/site-packages/airflow/example_dags/example_bash_operator.py
[2026-03-18T02:33:18.774+0530] {processor.py:840} INFO - DAG(s) 'example_bash_operator' retrieved from /Users/vybhavswaroop/Desktop/untitled folder 3/ecommerce_platform/venv/lib/python3.11/site-packages/airflow/example_dags/example_bash_operator.py
[2026-03-18T02:33:18.849+0530] {logging_mixin.py:188} INFO - [2026-03-18T02:33:18.849+0530] {dag.py:3047} INFO - Sync 1 DAGs
[2026-03-18T02:33:18.861+0530] {logging_mixin.py:188} INFO - [2026-03-18T02:33:18.861+0530] {dag.py:3834} INFO - Setting next_dagrun for example_bash_operator to 2026-03-16 00:00:00+00:00, run_after=2026-03-17 00:00:00+00:00
[2026-03-18T02:33:18.873+0530] {processor.py:183} INFO - Processing /Users/vybhavswaroop/Desktop/untitled folder 3/ecommerce_platform/venv/lib/python3.11/site-packages/airflow/example_dags/example_bash_operator.py took 0.111 seconds
[2026-03-18T02:38:44.001+0530] {processor.py:161} INFO - Started process (PID=83843) to work on /Users/vybhavswaroop/Desktop/untitled folder 3/ecommerce_platform/venv/lib/python3.11/site-packages/airflow/example_dags/example_bash_operator.py
[2026-03-18T02:38:44.003+0530] {processor.py:830} INFO - Processing file /Users/vybhavswaroop/Desktop/untitled folder 3/ecommerce_platform/venv/lib/python3.11/site-packages/airflow/example_dags/example_bash_operator.py for tasks to queue
[2026-03-18T02:38:44.003+0530] {logging_mixin.py:188} INFO - [2026-03-18T02:38:44.003+0530] {dagbag.py:540} INFO - Filling up the DagBag from /Users/vybhavswaroop/Desktop/untitled folder 3/ecommerce_platform/venv/lib/python3.11/site-packages/airflow/example_dags/example_bash_operator.py
[2026-03-18T02:38:44.011+0530] {processor.py:840} INFO - DAG(s) 'example_bash_operator' retrieved from /Users/vybhavswaroop/Desktop/untitled folder 3/ecommerce_platform/venv/lib/python3.11/site-packages/airflow/example_dags/example_bash_operator.py
[2026-03-18T02:38:44.084+0530] {logging_mixin.py:188} INFO - [2026-03-18T02:38:44.083+0530] {dag.py:3047} INFO - Sync 1 DAGs
[2026-03-18T02:38:44.094+0530] {logging_mixin.py:188} INFO - [2026-03-18T02:38:44.094+0530] {dag.py:3834} INFO - Setting next_dagrun for example_bash_operator to 2026-03-16 00:00:00+00:00, run_after=2026-03-17 00:00:00+00:00
[2026-03-18T02:38:44.106+0530] {processor.py:183} INFO - Processing /Users/vybhavswaroop/Desktop/untitled folder 3/ecommerce_platform/venv/lib/python3.11/site-packages/airflow/example_dags/example_bash_operator.py took 0.105 seconds
[2026-03-18T02:44:03.856+0530] {processor.py:161} INFO - Started process (PID=87005) to work on /Users/vybhavswaroop/Desktop/untitled folder 3/ecommerce_platform/venv/lib/python3.11/site-packages/airflow/example_dags/example_bash_operator.py
[2026-03-18T02:44:03.858+0530] {processor.py:830} INFO - Processing file /Users/vybhavswaroop/Desktop/untitled folder 3/ecommerce_platform/venv/lib/python3.11/site-packages/airflow/example_dags/example_bash_operator.py for tasks to queue
[2026-03-18T02:44:03.859+0530] {logging_mixin.py:188} INFO - [2026-03-18T02:44:03.859+0530] {dagbag.py:540} INFO - Filling up the DagBag from /Users/vybhavswaroop/Desktop/untitled folder 3/ecommerce_platform/venv/lib/python3.11/site-packages/airflow/example_dags/example_bash_operator.py
[2026-03-18T02:44:03.865+0530] {processor.py:840} INFO - DAG(s) 'example_bash_operator' retrieved from /Users/vybhavswaroop/Desktop/untitled folder 3/ecommerce_platform/venv/lib/python3.11/site-packages/airflow/example_dags/example_bash_operator.py
[2026-03-18T02:44:03.923+0530] {logging_mixin.py:188} INFO - [2026-03-18T02:44:03.922+0530] {dag.py:3047} INFO - Sync 1 DAGs
[2026-03-18T02:44:03.932+0530] {logging_mixin.py:188} INFO - [2026-03-18T02:44:03.932+0530] {dag.py:3834} INFO - Setting next_dagrun for example_bash_operator to 2026-03-16 00:00:00+00:00, run_after=2026-03-17 00:00:00+00:00
[2026-03-18T02:44:03.942+0530] {processor.py:183} INFO - Processing /Users/vybhavswaroop/Desktop/untitled folder 3/ecommerce_platform/venv/lib/python3.11/site-packages/airflow/example_dags/example_bash_operator.py took 0.087 seconds
[2026-03-18T02:48:56.967+0530] {processor.py:161} INFO - Started process (PID=90260) to work on /Users/vybhavswaroop/Desktop/untitled folder 3/ecommerce_platform/venv/lib/python3.11/site-packages/airflow/example_dags/example_bash_operator.py
[2026-03-18T02:48:56.969+0530] {processor.py:830} INFO - Processing file /Users/vybhavswaroop/Desktop/untitled folder 3/ecommerce_platform/venv/lib/python3.11/site-packages/airflow/example_dags/example_bash_operator.py for tasks to queue
[2026-03-18T02:48:56.969+0530] {logging_mixin.py:188} INFO - [2026-03-18T02:48:56.969+0530] {dagbag.py:540} INFO - Filling up the DagBag from /Users/vybhavswaroop/Desktop/untitled folder 3/ecommerce_platform/venv/lib/python3.11/site-packages/airflow/example_dags/example_bash_operator.py
[2026-03-18T02:48:56.976+0530] {processor.py:840} INFO - DAG(s) 'example_bash_operator' retrieved from /Users/vybhavswaroop/Desktop/untitled folder 3/ecommerce_platform/venv/lib/python3.11/site-packages/airflow/example_dags/example_bash_operator.py
[2026-03-18T02:48:57.036+0530] {logging_mixin.py:188} INFO - [2026-03-18T02:48:57.036+0530] {dag.py:3047} INFO - Sync 1 DAGs
[2026-03-18T02:48:57.046+0530] {logging_mixin.py:188} INFO - [2026-03-18T02:48:57.045+0530] {dag.py:3834} INFO - Setting next_dagrun for example_bash_operator to 2026-03-16 00:00:00+00:00, run_after=2026-03-17 00:00:00+00:00
[2026-03-18T02:48:57.056+0530] {processor.py:183} INFO - Processing /Users/vybhavswaroop/Desktop/untitled folder 3/ecommerce_platform/venv/lib/python3.11/site-packages/airflow/example_dags/example_bash_operator.py took 0.089 seconds
[2026-03-18T02:53:30.121+0530] {processor.py:161} INFO - Started process (PID=93578) to work on /Users/vybhavswaroop/Desktop/untitled folder 3/ecommerce_platform/venv/lib/python3.11/site-packages/airflow/example_dags/example_bash_operator.py
[2026-03-18T02:53:30.123+0530] {processor.py:830} INFO - Processing file /Users/vybhavswaroop/Desktop/untitled folder 3/ecommerce_platform/venv/lib/python3.11/site-packages/airflow/example_dags/example_bash_operator.py for tasks to queue
[2026-03-18T02:53:30.123+0530] {logging_mixin.py:188} INFO - [2026-03-18T02:53:30.123+0530] {dagbag.py:540} INFO - Filling up the DagBag from /Users/vybhavswaroop/Desktop/untitled folder 3/ecommerce_platform/venv/lib/python3.11/site-packages/airflow/example_dags/example_bash_operator.py
[2026-03-18T02:53:30.130+0530] {processor.py:840} INFO - DAG(s) 'example_bash_operator' retrieved from /Users/vybhavswaroop/Desktop/untitled folder 3/ecommerce_platform/venv/lib/python3.11/site-packages/airflow/example_dags/example_bash_operator.py
[2026-03-18T02:53:30.187+0530] {logging_mixin.py:188} INFO - [2026-03-18T02:53:30.187+0530] {dag.py:3047} INFO - Sync 1 DAGs
[2026-03-18T02:53:30.197+0530] {logging_mixin.py:188} INFO - [2026-03-18T02:53:30.197+0530] {dag.py:3834} INFO - Setting next_dagrun for example_bash_operator to 2026-03-16 00:00:00+00:00, run_after=2026-03-17 00:00:00+00:00
[2026-03-18T02:53:30.208+0530] {processor.py:183} INFO - Processing /Users/vybhavswaroop/Desktop/untitled folder 3/ecommerce_platform/venv/lib/python3.11/site-packages/airflow/example_dags/example_bash_operator.py took 0.088 seconds
[2026-03-18T05:23:01.246+0530] {processor.py:161} INFO - Started process (PID=96801) to work on /Users/vybhavswaroop/Desktop/untitled folder 3/ecommerce_platform/venv/lib/python3.11/site-packages/airflow/example_dags/example_bash_operator.py
[2026-03-18T05:23:01.247+0530] {processor.py:830} INFO - Processing file /Users/vybhavswaroop/Desktop/untitled folder 3/ecommerce_platform/venv/lib/python3.11/site-packages/airflow/example_dags/example_bash_operator.py for tasks to queue
[2026-03-18T05:23:01.248+0530] {logging_mixin.py:188} INFO - [2026-03-18T05:23:01.248+0530] {dagbag.py:540} INFO - Filling up the DagBag from /Users/vybhavswaroop/Desktop/untitled folder 3/ecommerce_platform/venv/lib/python3.11/site-packages/airflow/example_dags/example_bash_operator.py
[2026-03-18T05:23:01.252+0530] {processor.py:840} INFO - DAG(s) 'example_bash_operator' retrieved from /Users/vybhavswaroop/Desktop/untitled folder 3/ecommerce_platform/venv/lib/python3.11/site-packages/airflow/example_dags/example_bash_operator.py
[2026-03-18T05:23:01.292+0530] {logging_mixin.py:188} INFO - [2026-03-18T05:23:01.292+0530] {dag.py:3047} INFO - Sync 1 DAGs
[2026-03-18T05:23:01.299+0530] {logging_mixin.py:188} INFO - [2026-03-18T05:23:01.299+0530] {dag.py:3834} INFO - Setting next_dagrun for example_bash_operator to 2026-03-16 00:00:00+00:00, run_after=2026-03-17 00:00:00+00:00
[2026-03-18T05:23:01.305+0530] {processor.py:183} INFO - Processing /Users/vybhavswaroop/Desktop/untitled folder 3/ecommerce_platform/venv/lib/python3.11/site-packages/airflow/example_dags/example_bash_operator.py took 0.059 seconds
