[2026-03-18T00:02:53.001+0530] {processor.py:161} INFO - Started process (PID=88664) to work on /Users/vybhavswaroop/Desktop/untitled folder 3/ecommerce_platform/venv/lib/python3.11/site-packages/airflow/example_dags/example_branch_labels.py
[2026-03-18T00:02:53.002+0530] {processor.py:830} INFO - Processing file /Users/vybhavswaroop/Desktop/untitled folder 3/ecommerce_platform/venv/lib/python3.11/site-packages/airflow/example_dags/example_branch_labels.py for tasks to queue
[2026-03-18T00:02:53.002+0530] {logging_mixin.py:188} INFO - [2026-03-18T00:02:53.002+0530] {dagbag.py:540} INFO - Filling up the DagBag from /Users/vybhavswaroop/Desktop/untitled folder 3/ecommerce_platform/venv/lib/python3.11/site-packages/airflow/example_dags/example_branch_labels.py
[2026-03-18T00:02:53.006+0530] {processor.py:840} INFO - DAG(s) 'example_branch_labels' retrieved from /Users/vybhavswaroop/Desktop/untitled folder 3/ecommerce_platform/venv/lib/python3.11/site-packages/airflow/example_dags/example_branch_labels.py
[2026-03-18T00:02:53.077+0530] {logging_mixin.py:188} INFO - [2026-03-18T00:02:53.077+0530] {override.py:1769} INFO - Created Permission View: can delete on DAG:example_branch_labels
[2026-03-18T00:02:53.080+0530] {logging_mixin.py:188} INFO - [2026-03-18T00:02:53.080+0530] {override.py:1769} INFO - Created Permission View: can edit on DAG:example_branch_labels
[2026-03-18T00:02:53.081+0530] {logging_mixin.py:188} INFO - [2026-03-18T00:02:53.081+0530] {override.py:1769} INFO - Created Permission View: can read on DAG:example_branch_labels
[2026-03-18T00:02:53.082+0530] {logging_mixin.py:188} INFO - [2026-03-18T00:02:53.082+0530] {dag.py:3047} INFO - Sync 1 DAGs
[2026-03-18T00:02:53.085+0530] {logging_mixin.py:188} INFO - [2026-03-18T00:02:53.085+0530] {dag.py:3069} INFO - Creating ORM DAG for example_branch_labels
[2026-03-18T00:02:53.087+0530] {logging_mixin.py:188} INFO - [2026-03-18T00:02:53.087+0530] {dag.py:3834} INFO - Setting next_dagrun for example_branch_labels to 2026-03-16 00:00:00+00:00, run_after=2026-03-17 00:00:00+00:00
[2026-03-18T00:02:53.093+0530] {processor.py:183} INFO - Processing /Users/vybhavswaroop/Desktop/untitled folder 3/ecommerce_platform/venv/lib/python3.11/site-packages/airflow/example_dags/example_branch_labels.py took 0.093 seconds
[2026-03-18T00:06:24.126+0530] {processor.py:161} INFO - Started process (PID=91891) to work on /Users/vybhavswaroop/Desktop/untitled folder 3/ecommerce_platform/venv/lib/python3.11/site-packages/airflow/example_dags/example_branch_labels.py
[2026-03-18T00:06:24.127+0530] {processor.py:830} INFO - Processing file /Users/vybhavswaroop/Desktop/untitled folder 3/ecommerce_platform/venv/lib/python3.11/site-packages/airflow/example_dags/example_branch_labels.py for tasks to queue
[2026-03-18T00:06:24.127+0530] {logging_mixin.py:188} INFO - [2026-03-18T00:06:24.127+0530] {dagbag.py:540} INFO - Filling up the DagBag from /Users/vybhavswaroop/Desktop/untitled folder 3/ecommerce_platform/venv/lib/python3.11/site-packages/airflow/example_dags/example_branch_labels.py
[2026-03-18T00:06:24.131+0530] {processor.py:840} INFO - DAG(s) 'example_branch_labels' retrieved from /Users/vybhavswaroop/Desktop/untitled folder 3/ecommerce_platform/venv/lib/python3.11/site-packages/airflow/example_dags/example_branch_labels.py
[2026-03-18T00:06:24.173+0530] {logging_mixin.py:188} INFO - [2026-03-18T00:06:24.173+0530] {dag.py:3047} INFO - Sync 1 DAGs
[2026-03-18T00:06:24.180+0530] {logging_mixin.py:188} INFO - [2026-03-18T00:06:24.180+0530] {dag.py:3834} INFO - Setting next_dagrun for example_branch_labels to 2026-03-16 00:00:00+00:00, run_after=2026-03-17 00:00:00+00:00
[2026-03-18T00:06:24.187+0530] {processor.py:183} INFO - Processing /Users/vybhavswaroop/Desktop/untitled folder 3/ecommerce_platform/venv/lib/python3.11/site-packages/airflow/example_dags/example_branch_labels.py took 0.062 seconds
[2026-03-18T00:10:40.376+0530] {processor.py:161} INFO - Started process (PID=95133) to work on /Users/vybhavswaroop/Desktop/untitled folder 3/ecommerce_platform/venv/lib/python3.11/site-packages/airflow/example_dags/example_branch_labels.py
[2026-03-18T00:10:40.377+0530] {processor.py:830} INFO - Processing file /Users/vybhavswaroop/Desktop/untitled folder 3/ecommerce_platform/venv/lib/python3.11/site-packages/airflow/example_dags/example_branch_labels.py for tasks to queue
[2026-03-18T00:10:40.378+0530] {logging_mixin.py:188} INFO - [2026-03-18T00:10:40.378+0530] {dagbag.py:540} INFO - Filling up the DagBag from /Users/vybhavswaroop/Desktop/untitled folder 3/ecommerce_platform/venv/lib/python3.11/site-packages/airflow/example_dags/example_branch_labels.py
[2026-03-18T00:10:40.386+0530] {processor.py:840} INFO - DAG(s) 'example_branch_labels' retrieved from /Users/vybhavswaroop/Desktop/untitled folder 3/ecommerce_platform/venv/lib/python3.11/site-packages/airflow/example_dags/example_branch_labels.py
[2026-03-18T00:10:40.467+0530] {logging_mixin.py:188} INFO - [2026-03-18T00:10:40.467+0530] {dag.py:3047} INFO - Sync 1 DAGs
[2026-03-18T00:10:40.478+0530] {logging_mixin.py:188} INFO - [2026-03-18T00:10:40.477+0530] {dag.py:3834} INFO - Setting next_dagrun for example_branch_labels to 2026-03-16 00:00:00+00:00, run_after=2026-03-17 00:00:00+00:00
[2026-03-18T00:10:40.489+0530] {processor.py:183} INFO - Processing /Users/vybhavswaroop/Desktop/untitled folder 3/ecommerce_platform/venv/lib/python3.11/site-packages/airflow/example_dags/example_branch_labels.py took 0.114 seconds
[2026-03-18T00:16:10.829+0530] {processor.py:161} INFO - Started process (PID=98387) to work on /Users/vybhavswaroop/Desktop/untitled folder 3/ecommerce_platform/venv/lib/python3.11/site-packages/airflow/example_dags/example_branch_labels.py
[2026-03-18T00:16:10.831+0530] {processor.py:830} INFO - Processing file /Users/vybhavswaroop/Desktop/untitled folder 3/ecommerce_platform/venv/lib/python3.11/site-packages/airflow/example_dags/example_branch_labels.py for tasks to queue
[2026-03-18T00:16:10.831+0530] {logging_mixin.py:188} INFO - [2026-03-18T00:16:10.831+0530] {dagbag.py:540} INFO - Filling up the DagBag from /Users/vybhavswaroop/Desktop/untitled folder 3/ecommerce_platform/venv/lib/python3.11/site-packages/airflow/example_dags/example_branch_labels.py
[2026-03-18T00:16:10.837+0530] {processor.py:840} INFO - DAG(s) 'example_branch_labels' retrieved from /Users/vybhavswaroop/Desktop/untitled folder 3/ecommerce_platform/venv/lib/python3.11/site-packages/airflow/example_dags/example_branch_labels.py
[2026-03-18T00:16:10.903+0530] {logging_mixin.py:188} INFO - [2026-03-18T00:16:10.903+0530] {dag.py:3047} INFO - Sync 1 DAGs
[2026-03-18T00:16:10.913+0530] {logging_mixin.py:188} INFO - [2026-03-18T00:16:10.913+0530] {dag.py:3834} INFO - Setting next_dagrun for example_branch_labels to 2026-03-16 00:00:00+00:00, run_after=2026-03-17 00:00:00+00:00
[2026-03-18T00:16:10.925+0530] {processor.py:183} INFO - Processing /Users/vybhavswaroop/Desktop/untitled folder 3/ecommerce_platform/venv/lib/python3.11/site-packages/airflow/example_dags/example_branch_labels.py took 0.096 seconds
[2026-03-18T00:21:20.784+0530] {processor.py:161} INFO - Started process (PID=2236) to work on /Users/vybhavswaroop/Desktop/untitled folder 3/ecommerce_platform/venv/lib/python3.11/site-packages/airflow/example_dags/example_branch_labels.py
[2026-03-18T00:21:20.785+0530] {processor.py:830} INFO - Processing file /Users/vybhavswaroop/Desktop/untitled folder 3/ecommerce_platform/venv/lib/python3.11/site-packages/airflow/example_dags/example_branch_labels.py for tasks to queue
[2026-03-18T00:21:20.786+0530] {logging_mixin.py:188} INFO - [2026-03-18T00:21:20.786+0530] {dagbag.py:540} INFO - Filling up the DagBag from /Users/vybhavswaroop/Desktop/untitled folder 3/ecommerce_platform/venv/lib/python3.11/site-packages/airflow/example_dags/example_branch_labels.py
[2026-03-18T00:21:20.794+0530] {processor.py:840} INFO - DAG(s) 'example_branch_labels' retrieved from /Users/vybhavswaroop/Desktop/untitled folder 3/ecommerce_platform/venv/lib/python3.11/site-packages/airflow/example_dags/example_branch_labels.py
[2026-03-18T00:21:20.874+0530] {logging_mixin.py:188} INFO - [2026-03-18T00:21:20.874+0530] {dag.py:3047} INFO - Sync 1 DAGs
[2026-03-18T00:21:20.885+0530] {logging_mixin.py:188} INFO - [2026-03-18T00:21:20.885+0530] {dag.py:3834} INFO - Setting next_dagrun for example_branch_labels to 2026-03-16 00:00:00+00:00, run_after=2026-03-17 00:00:00+00:00
[2026-03-18T00:21:20.898+0530] {processor.py:183} INFO - Processing /Users/vybhavswaroop/Desktop/untitled folder 3/ecommerce_platform/venv/lib/python3.11/site-packages/airflow/example_dags/example_branch_labels.py took 0.115 seconds
[2026-03-18T00:26:48.027+0530] {processor.py:161} INFO - Started process (PID=5460) to work on /Users/vybhavswaroop/Desktop/untitled folder 3/ecommerce_platform/venv/lib/python3.11/site-packages/airflow/example_dags/example_branch_labels.py
[2026-03-18T00:26:48.028+0530] {processor.py:830} INFO - Processing file /Users/vybhavswaroop/Desktop/untitled folder 3/ecommerce_platform/venv/lib/python3.11/site-packages/airflow/example_dags/example_branch_labels.py for tasks to queue
[2026-03-18T00:26:48.029+0530] {logging_mixin.py:188} INFO - [2026-03-18T00:26:48.029+0530] {dagbag.py:540} INFO - Filling up the DagBag from /Users/vybhavswaroop/Desktop/untitled folder 3/ecommerce_platform/venv/lib/python3.11/site-packages/airflow/example_dags/example_branch_labels.py
[2026-03-18T00:26:48.034+0530] {processor.py:840} INFO - DAG(s) 'example_branch_labels' retrieved from /Users/vybhavswaroop/Desktop/untitled folder 3/ecommerce_platform/venv/lib/python3.11/site-packages/airflow/example_dags/example_branch_labels.py
[2026-03-18T00:26:48.099+0530] {logging_mixin.py:188} INFO - [2026-03-18T00:26:48.099+0530] {dag.py:3047} INFO - Sync 1 DAGs
[2026-03-18T00:26:48.110+0530] {logging_mixin.py:188} INFO - [2026-03-18T00:26:48.110+0530] {dag.py:3834} INFO - Setting next_dagrun for example_branch_labels to 2026-03-16 00:00:00+00:00, run_after=2026-03-17 00:00:00+00:00
[2026-03-18T00:26:48.122+0530] {processor.py:183} INFO - Processing /Users/vybhavswaroop/Desktop/untitled folder 3/ecommerce_platform/venv/lib/python3.11/site-packages/airflow/example_dags/example_branch_labels.py took 0.095 seconds
[2026-03-18T00:32:13.459+0530] {processor.py:161} INFO - Started process (PID=8530) to work on /Users/vybhavswaroop/Desktop/untitled folder 3/ecommerce_platform/venv/lib/python3.11/site-packages/airflow/example_dags/example_branch_labels.py
[2026-03-18T00:32:13.460+0530] {processor.py:830} INFO - Processing file /Users/vybhavswaroop/Desktop/untitled folder 3/ecommerce_platform/venv/lib/python3.11/site-packages/airflow/example_dags/example_branch_labels.py for tasks to queue
[2026-03-18T00:32:13.461+0530] {logging_mixin.py:188} INFO - [2026-03-18T00:32:13.461+0530] {dagbag.py:540} INFO - Filling up the DagBag from /Users/vybhavswaroop/Desktop/untitled folder 3/ecommerce_platform/venv/lib/python3.11/site-packages/airflow/example_dags/example_branch_labels.py
[2026-03-18T00:32:13.467+0530] {processor.py:840} INFO - DAG(s) 'example_branch_labels' retrieved from /Users/vybhavswaroop/Desktop/untitled folder 3/ecommerce_platform/venv/lib/python3.11/site-packages/airflow/example_dags/example_branch_labels.py
[2026-03-18T00:32:13.533+0530] {logging_mixin.py:188} INFO - [2026-03-18T00:32:13.533+0530] {dag.py:3047} INFO - Sync 1 DAGs
[2026-03-18T00:32:13.544+0530] {logging_mixin.py:188} INFO - [2026-03-18T00:32:13.543+0530] {dag.py:3834} INFO - Setting next_dagrun for example_branch_labels to 2026-03-16 00:00:00+00:00, run_after=2026-03-17 00:00:00+00:00
[2026-03-18T00:32:13.556+0530] {processor.py:183} INFO - Processing /Users/vybhavswaroop/Desktop/untitled folder 3/ecommerce_platform/venv/lib/python3.11/site-packages/airflow/example_dags/example_branch_labels.py took 0.097 seconds
[2026-03-18T00:37:39.854+0530] {processor.py:161} INFO - Started process (PID=11778) to work on /Users/vybhavswaroop/Desktop/untitled folder 3/ecommerce_platform/venv/lib/python3.11/site-packages/airflow/example_dags/example_branch_labels.py
[2026-03-18T00:37:39.856+0530] {processor.py:830} INFO - Processing file /Users/vybhavswaroop/Desktop/untitled folder 3/ecommerce_platform/venv/lib/python3.11/site-packages/airflow/example_dags/example_branch_labels.py for tasks to queue
[2026-03-18T00:37:39.856+0530] {logging_mixin.py:188} INFO - [2026-03-18T00:37:39.856+0530] {dagbag.py:540} INFO - Filling up the DagBag from /Users/vybhavswaroop/Desktop/untitled folder 3/ecommerce_platform/venv/lib/python3.11/site-packages/airflow/example_dags/example_branch_labels.py
[2026-03-18T00:37:39.863+0530] {processor.py:840} INFO - DAG(s) 'example_branch_labels' retrieved from /Users/vybhavswaroop/Desktop/untitled folder 3/ecommerce_platform/venv/lib/python3.11/site-packages/airflow/example_dags/example_branch_labels.py
[2026-03-18T00:37:39.934+0530] {logging_mixin.py:188} INFO - [2026-03-18T00:37:39.933+0530] {dag.py:3047} INFO - Sync 1 DAGs
[2026-03-18T00:37:39.944+0530] {logging_mixin.py:188} INFO - [2026-03-18T00:37:39.944+0530] {dag.py:3834} INFO - Setting next_dagrun for example_branch_labels to 2026-03-16 00:00:00+00:00, run_after=2026-03-17 00:00:00+00:00
[2026-03-18T00:37:39.958+0530] {processor.py:183} INFO - Processing /Users/vybhavswaroop/Desktop/untitled folder 3/ecommerce_platform/venv/lib/python3.11/site-packages/airflow/example_dags/example_branch_labels.py took 0.104 seconds
[2026-03-18T00:43:17.674+0530] {processor.py:161} INFO - Started process (PID=15083) to work on /Users/vybhavswaroop/Desktop/untitled folder 3/ecommerce_platform/venv/lib/python3.11/site-packages/airflow/example_dags/example_branch_labels.py
[2026-03-18T00:43:17.676+0530] {processor.py:830} INFO - Processing file /Users/vybhavswaroop/Desktop/untitled folder 3/ecommerce_platform/venv/lib/python3.11/site-packages/airflow/example_dags/example_branch_labels.py for tasks to queue
[2026-03-18T00:43:17.676+0530] {logging_mixin.py:188} INFO - [2026-03-18T00:43:17.676+0530] {dagbag.py:540} INFO - Filling up the DagBag from /Users/vybhavswaroop/Desktop/untitled folder 3/ecommerce_platform/venv/lib/python3.11/site-packages/airflow/example_dags/example_branch_labels.py
[2026-03-18T00:43:17.682+0530] {processor.py:840} INFO - DAG(s) 'example_branch_labels' retrieved from /Users/vybhavswaroop/Desktop/untitled folder 3/ecommerce_platform/venv/lib/python3.11/site-packages/airflow/example_dags/example_branch_labels.py
[2026-03-18T00:43:17.747+0530] {logging_mixin.py:188} INFO - [2026-03-18T00:43:17.747+0530] {dag.py:3047} INFO - Sync 1 DAGs
[2026-03-18T00:43:17.758+0530] {logging_mixin.py:188} INFO - [2026-03-18T00:43:17.757+0530] {dag.py:3834} INFO - Setting next_dagrun for example_branch_labels to 2026-03-16 00:00:00+00:00, run_after=2026-03-17 00:00:00+00:00
[2026-03-18T00:43:17.768+0530] {processor.py:183} INFO - Processing /Users/vybhavswaroop/Desktop/untitled folder 3/ecommerce_platform/venv/lib/python3.11/site-packages/airflow/example_dags/example_branch_labels.py took 0.095 seconds
[2026-03-18T00:48:39.955+0530] {processor.py:161} INFO - Started process (PID=18344) to work on /Users/vybhavswaroop/Desktop/untitled folder 3/ecommerce_platform/venv/lib/python3.11/site-packages/airflow/example_dags/example_branch_labels.py
[2026-03-18T00:48:39.956+0530] {processor.py:830} INFO - Processing file /Users/vybhavswaroop/Desktop/untitled folder 3/ecommerce_platform/venv/lib/python3.11/site-packages/airflow/example_dags/example_branch_labels.py for tasks to queue
[2026-03-18T00:48:39.956+0530] {logging_mixin.py:188} INFO - [2026-03-18T00:48:39.956+0530] {dagbag.py:540} INFO - Filling up the DagBag from /Users/vybhavswaroop/Desktop/untitled folder 3/ecommerce_platform/venv/lib/python3.11/site-packages/airflow/example_dags/example_branch_labels.py
[2026-03-18T00:48:39.962+0530] {processor.py:840} INFO - DAG(s) 'example_branch_labels' retrieved from /Users/vybhavswaroop/Desktop/untitled folder 3/ecommerce_platform/venv/lib/python3.11/site-packages/airflow/example_dags/example_branch_labels.py
[2026-03-18T00:48:40.026+0530] {logging_mixin.py:188} INFO - [2026-03-18T00:48:40.025+0530] {dag.py:3047} INFO - Sync 1 DAGs
[2026-03-18T00:48:40.036+0530] {logging_mixin.py:188} INFO - [2026-03-18T00:48:40.036+0530] {dag.py:3834} INFO - Setting next_dagrun for example_branch_labels to 2026-03-16 00:00:00+00:00, run_after=2026-03-17 00:00:00+00:00
[2026-03-18T00:48:40.047+0530] {processor.py:183} INFO - Processing /Users/vybhavswaroop/Desktop/untitled folder 3/ecommerce_platform/venv/lib/python3.11/site-packages/airflow/example_dags/example_branch_labels.py took 0.093 seconds
[2026-03-18T00:54:10.633+0530] {processor.py:161} INFO - Started process (PID=21620) to work on /Users/vybhavswaroop/Desktop/untitled folder 3/ecommerce_platform/venv/lib/python3.11/site-packages/airflow/example_dags/example_branch_labels.py
[2026-03-18T00:54:10.635+0530] {processor.py:830} INFO - Processing file /Users/vybhavswaroop/Desktop/untitled folder 3/ecommerce_platform/venv/lib/python3.11/site-packages/airflow/example_dags/example_branch_labels.py for tasks to queue
[2026-03-18T00:54:10.636+0530] {logging_mixin.py:188} INFO - [2026-03-18T00:54:10.635+0530] {dagbag.py:540} INFO - Filling up the DagBag from /Users/vybhavswaroop/Desktop/untitled folder 3/ecommerce_platform/venv/lib/python3.11/site-packages/airflow/example_dags/example_branch_labels.py
[2026-03-18T00:54:10.643+0530] {processor.py:840} INFO - DAG(s) 'example_branch_labels' retrieved from /Users/vybhavswaroop/Desktop/untitled folder 3/ecommerce_platform/venv/lib/python3.11/site-packages/airflow/example_dags/example_branch_labels.py
[2026-03-18T00:54:10.728+0530] {logging_mixin.py:188} INFO - [2026-03-18T00:54:10.727+0530] {dag.py:3047} INFO - Sync 1 DAGs
[2026-03-18T00:54:10.740+0530] {logging_mixin.py:188} INFO - [2026-03-18T00:54:10.740+0530] {dag.py:3834} INFO - Setting next_dagrun for example_branch_labels to 2026-03-16 00:00:00+00:00, run_after=2026-03-17 00:00:00+00:00
[2026-03-18T00:54:10.753+0530] {processor.py:183} INFO - Processing /Users/vybhavswaroop/Desktop/untitled folder 3/ecommerce_platform/venv/lib/python3.11/site-packages/airflow/example_dags/example_branch_labels.py took 0.120 seconds
[2026-03-18T01:01:50.849+0530] {processor.py:161} INFO - Started process (PID=26736) to work on /Users/vybhavswaroop/Desktop/untitled folder 3/ecommerce_platform/venv/lib/python3.11/site-packages/airflow/example_dags/example_branch_labels.py
[2026-03-18T01:01:50.853+0530] {processor.py:830} INFO - Processing file /Users/vybhavswaroop/Desktop/untitled folder 3/ecommerce_platform/venv/lib/python3.11/site-packages/airflow/example_dags/example_branch_labels.py for tasks to queue
[2026-03-18T01:01:50.853+0530] {logging_mixin.py:188} INFO - [2026-03-18T01:01:50.853+0530] {dagbag.py:540} INFO - Filling up the DagBag from /Users/vybhavswaroop/Desktop/untitled folder 3/ecommerce_platform/venv/lib/python3.11/site-packages/airflow/example_dags/example_branch_labels.py
[2026-03-18T01:01:50.863+0530] {processor.py:840} INFO - DAG(s) 'example_branch_labels' retrieved from /Users/vybhavswaroop/Desktop/untitled folder 3/ecommerce_platform/venv/lib/python3.11/site-packages/airflow/example_dags/example_branch_labels.py
[2026-03-18T01:01:50.960+0530] {logging_mixin.py:188} INFO - [2026-03-18T01:01:50.960+0530] {dag.py:3047} INFO - Sync 1 DAGs
[2026-03-18T01:01:50.975+0530] {logging_mixin.py:188} INFO - [2026-03-18T01:01:50.974+0530] {dag.py:3834} INFO - Setting next_dagrun for example_branch_labels to 2026-03-16 00:00:00+00:00, run_after=2026-03-17 00:00:00+00:00
[2026-03-18T01:01:50.988+0530] {processor.py:183} INFO - Processing /Users/vybhavswaroop/Desktop/untitled folder 3/ecommerce_platform/venv/lib/python3.11/site-packages/airflow/example_dags/example_branch_labels.py took 0.139 seconds
[2026-03-18T01:07:18.992+0530] {processor.py:161} INFO - Started process (PID=30031) to work on /Users/vybhavswaroop/Desktop/untitled folder 3/ecommerce_platform/venv/lib/python3.11/site-packages/airflow/example_dags/example_branch_labels.py
[2026-03-18T01:07:18.994+0530] {processor.py:830} INFO - Processing file /Users/vybhavswaroop/Desktop/untitled folder 3/ecommerce_platform/venv/lib/python3.11/site-packages/airflow/example_dags/example_branch_labels.py for tasks to queue
[2026-03-18T01:07:18.994+0530] {logging_mixin.py:188} INFO - [2026-03-18T01:07:18.994+0530] {dagbag.py:540} INFO - Filling up the DagBag from /Users/vybhavswaroop/Desktop/untitled folder 3/ecommerce_platform/venv/lib/python3.11/site-packages/airflow/example_dags/example_branch_labels.py
[2026-03-18T01:07:19.000+0530] {processor.py:840} INFO - DAG(s) 'example_branch_labels' retrieved from /Users/vybhavswaroop/Desktop/untitled folder 3/ecommerce_platform/venv/lib/python3.11/site-packages/airflow/example_dags/example_branch_labels.py
[2026-03-18T01:07:19.065+0530] {logging_mixin.py:188} INFO - [2026-03-18T01:07:19.065+0530] {dag.py:3047} INFO - Sync 1 DAGs
[2026-03-18T01:07:19.076+0530] {logging_mixin.py:188} INFO - [2026-03-18T01:07:19.075+0530] {dag.py:3834} INFO - Setting next_dagrun for example_branch_labels to 2026-03-16 00:00:00+00:00, run_after=2026-03-17 00:00:00+00:00
[2026-03-18T01:07:19.087+0530] {processor.py:183} INFO - Processing /Users/vybhavswaroop/Desktop/untitled folder 3/ecommerce_platform/venv/lib/python3.11/site-packages/airflow/example_dags/example_branch_labels.py took 0.096 seconds
[2026-03-18T01:12:56.358+0530] {processor.py:161} INFO - Started process (PID=33305) to work on /Users/vybhavswaroop/Desktop/untitled folder 3/ecommerce_platform/venv/lib/python3.11/site-packages/airflow/example_dags/example_branch_labels.py
[2026-03-18T01:12:56.360+0530] {processor.py:830} INFO - Processing file /Users/vybhavswaroop/Desktop/untitled folder 3/ecommerce_platform/venv/lib/python3.11/site-packages/airflow/example_dags/example_branch_labels.py for tasks to queue
[2026-03-18T01:12:56.361+0530] {logging_mixin.py:188} INFO - [2026-03-18T01:12:56.360+0530] {dagbag.py:540} INFO - Filling up the DagBag from /Users/vybhavswaroop/Desktop/untitled folder 3/ecommerce_platform/venv/lib/python3.11/site-packages/airflow/example_dags/example_branch_labels.py
[2026-03-18T01:12:56.366+0530] {processor.py:840} INFO - DAG(s) 'example_branch_labels' retrieved from /Users/vybhavswaroop/Desktop/untitled folder 3/ecommerce_platform/venv/lib/python3.11/site-packages/airflow/example_dags/example_branch_labels.py
[2026-03-18T01:12:56.430+0530] {logging_mixin.py:188} INFO - [2026-03-18T01:12:56.430+0530] {dag.py:3047} INFO - Sync 1 DAGs
[2026-03-18T01:12:56.441+0530] {logging_mixin.py:188} INFO - [2026-03-18T01:12:56.440+0530] {dag.py:3834} INFO - Setting next_dagrun for example_branch_labels to 2026-03-16 00:00:00+00:00, run_after=2026-03-17 00:00:00+00:00
[2026-03-18T01:12:56.453+0530] {processor.py:183} INFO - Processing /Users/vybhavswaroop/Desktop/untitled folder 3/ecommerce_platform/venv/lib/python3.11/site-packages/airflow/example_dags/example_branch_labels.py took 0.095 seconds
[2026-03-18T01:18:10.378+0530] {processor.py:161} INFO - Started process (PID=36525) to work on /Users/vybhavswaroop/Desktop/untitled folder 3/ecommerce_platform/venv/lib/python3.11/site-packages/airflow/example_dags/example_branch_labels.py
[2026-03-18T01:18:10.380+0530] {processor.py:830} INFO - Processing file /Users/vybhavswaroop/Desktop/untitled folder 3/ecommerce_platform/venv/lib/python3.11/site-packages/airflow/example_dags/example_branch_labels.py for tasks to queue
[2026-03-18T01:18:10.380+0530] {logging_mixin.py:188} INFO - [2026-03-18T01:18:10.380+0530] {dagbag.py:540} INFO - Filling up the DagBag from /Users/vybhavswaroop/Desktop/untitled folder 3/ecommerce_platform/venv/lib/python3.11/site-packages/airflow/example_dags/example_branch_labels.py
[2026-03-18T01:18:10.386+0530] {processor.py:840} INFO - DAG(s) 'example_branch_labels' retrieved from /Users/vybhavswaroop/Desktop/untitled folder 3/ecommerce_platform/venv/lib/python3.11/site-packages/airflow/example_dags/example_branch_labels.py
[2026-03-18T01:18:10.453+0530] {logging_mixin.py:188} INFO - [2026-03-18T01:18:10.453+0530] {dag.py:3047} INFO - Sync 1 DAGs
[2026-03-18T01:18:10.464+0530] {logging_mixin.py:188} INFO - [2026-03-18T01:18:10.463+0530] {dag.py:3834} INFO - Setting next_dagrun for example_branch_labels to 2026-03-16 00:00:00+00:00, run_after=2026-03-17 00:00:00+00:00
[2026-03-18T01:18:10.476+0530] {processor.py:183} INFO - Processing /Users/vybhavswaroop/Desktop/untitled folder 3/ecommerce_platform/venv/lib/python3.11/site-packages/airflow/example_dags/example_branch_labels.py took 0.099 seconds
[2026-03-18T01:23:20.594+0530] {processor.py:161} INFO - Started process (PID=39737) to work on /Users/vybhavswaroop/Desktop/untitled folder 3/ecommerce_platform/venv/lib/python3.11/site-packages/airflow/example_dags/example_branch_labels.py
[2026-03-18T01:23:20.595+0530] {processor.py:830} INFO - Processing file /Users/vybhavswaroop/Desktop/untitled folder 3/ecommerce_platform/venv/lib/python3.11/site-packages/airflow/example_dags/example_branch_labels.py for tasks to queue
[2026-03-18T01:23:20.595+0530] {logging_mixin.py:188} INFO - [2026-03-18T01:23:20.595+0530] {dagbag.py:540} INFO - Filling up the DagBag from /Users/vybhavswaroop/Desktop/untitled folder 3/ecommerce_platform/venv/lib/python3.11/site-packages/airflow/example_dags/example_branch_labels.py
[2026-03-18T01:23:20.601+0530] {processor.py:840} INFO - DAG(s) 'example_branch_labels' retrieved from /Users/vybhavswaroop/Desktop/untitled folder 3/ecommerce_platform/venv/lib/python3.11/site-packages/airflow/example_dags/example_branch_labels.py
[2026-03-18T01:23:20.661+0530] {logging_mixin.py:188} INFO - [2026-03-18T01:23:20.661+0530] {dag.py:3047} INFO - Sync 1 DAGs
[2026-03-18T01:23:20.670+0530] {logging_mixin.py:188} INFO - [2026-03-18T01:23:20.670+0530] {dag.py:3834} INFO - Setting next_dagrun for example_branch_labels to 2026-03-16 00:00:00+00:00, run_after=2026-03-17 00:00:00+00:00
[2026-03-18T01:23:20.682+0530] {processor.py:183} INFO - Processing /Users/vybhavswaroop/Desktop/untitled folder 3/ecommerce_platform/venv/lib/python3.11/site-packages/airflow/example_dags/example_branch_labels.py took 0.089 seconds
[2026-03-18T01:28:16.853+0530] {processor.py:161} INFO - Started process (PID=42922) to work on /Users/vybhavswaroop/Desktop/untitled folder 3/ecommerce_platform/venv/lib/python3.11/site-packages/airflow/example_dags/example_branch_labels.py
[2026-03-18T01:28:16.854+0530] {processor.py:830} INFO - Processing file /Users/vybhavswaroop/Desktop/untitled folder 3/ecommerce_platform/venv/lib/python3.11/site-packages/airflow/example_dags/example_branch_labels.py for tasks to queue
[2026-03-18T01:28:16.854+0530] {logging_mixin.py:188} INFO - [2026-03-18T01:28:16.854+0530] {dagbag.py:540} INFO - Filling up the DagBag from /Users/vybhavswaroop/Desktop/untitled folder 3/ecommerce_platform/venv/lib/python3.11/site-packages/airflow/example_dags/example_branch_labels.py
[2026-03-18T01:28:16.860+0530] {processor.py:840} INFO - DAG(s) 'example_branch_labels' retrieved from /Users/vybhavswaroop/Desktop/untitled folder 3/ecommerce_platform/venv/lib/python3.11/site-packages/airflow/example_dags/example_branch_labels.py
[2026-03-18T01:28:16.924+0530] {logging_mixin.py:188} INFO - [2026-03-18T01:28:16.923+0530] {dag.py:3047} INFO - Sync 1 DAGs
[2026-03-18T01:28:16.934+0530] {logging_mixin.py:188} INFO - [2026-03-18T01:28:16.934+0530] {dag.py:3834} INFO - Setting next_dagrun for example_branch_labels to 2026-03-16 00:00:00+00:00, run_after=2026-03-17 00:00:00+00:00
[2026-03-18T01:28:16.945+0530] {processor.py:183} INFO - Processing /Users/vybhavswaroop/Desktop/untitled folder 3/ecommerce_platform/venv/lib/python3.11/site-packages/airflow/example_dags/example_branch_labels.py took 0.093 seconds
[2026-03-18T01:33:17.269+0530] {processor.py:161} INFO - Started process (PID=46074) to work on /Users/vybhavswaroop/Desktop/untitled folder 3/ecommerce_platform/venv/lib/python3.11/site-packages/airflow/example_dags/example_branch_labels.py
[2026-03-18T01:33:17.270+0530] {processor.py:830} INFO - Processing file /Users/vybhavswaroop/Desktop/untitled folder 3/ecommerce_platform/venv/lib/python3.11/site-packages/airflow/example_dags/example_branch_labels.py for tasks to queue
[2026-03-18T01:33:17.271+0530] {logging_mixin.py:188} INFO - [2026-03-18T01:33:17.271+0530] {dagbag.py:540} INFO - Filling up the DagBag from /Users/vybhavswaroop/Desktop/untitled folder 3/ecommerce_platform/venv/lib/python3.11/site-packages/airflow/example_dags/example_branch_labels.py
[2026-03-18T01:33:17.277+0530] {processor.py:840} INFO - DAG(s) 'example_branch_labels' retrieved from /Users/vybhavswaroop/Desktop/untitled folder 3/ecommerce_platform/venv/lib/python3.11/site-packages/airflow/example_dags/example_branch_labels.py
[2026-03-18T01:33:17.340+0530] {logging_mixin.py:188} INFO - [2026-03-18T01:33:17.340+0530] {dag.py:3047} INFO - Sync 1 DAGs
[2026-03-18T01:33:17.350+0530] {logging_mixin.py:188} INFO - [2026-03-18T01:33:17.350+0530] {dag.py:3834} INFO - Setting next_dagrun for example_branch_labels to 2026-03-16 00:00:00+00:00, run_after=2026-03-17 00:00:00+00:00
[2026-03-18T01:33:17.361+0530] {processor.py:183} INFO - Processing /Users/vybhavswaroop/Desktop/untitled folder 3/ecommerce_platform/venv/lib/python3.11/site-packages/airflow/example_dags/example_branch_labels.py took 0.093 seconds
[2026-03-18T01:38:17.841+0530] {processor.py:161} INFO - Started process (PID=49232) to work on /Users/vybhavswaroop/Desktop/untitled folder 3/ecommerce_platform/venv/lib/python3.11/site-packages/airflow/example_dags/example_branch_labels.py
[2026-03-18T01:38:17.845+0530] {processor.py:830} INFO - Processing file /Users/vybhavswaroop/Desktop/untitled folder 3/ecommerce_platform/venv/lib/python3.11/site-packages/airflow/example_dags/example_branch_labels.py for tasks to queue
[2026-03-18T01:38:17.846+0530] {logging_mixin.py:188} INFO - [2026-03-18T01:38:17.845+0530] {dagbag.py:540} INFO - Filling up the DagBag from /Users/vybhavswaroop/Desktop/untitled folder 3/ecommerce_platform/venv/lib/python3.11/site-packages/airflow/example_dags/example_branch_labels.py
[2026-03-18T01:38:17.854+0530] {processor.py:840} INFO - DAG(s) 'example_branch_labels' retrieved from /Users/vybhavswaroop/Desktop/untitled folder 3/ecommerce_platform/venv/lib/python3.11/site-packages/airflow/example_dags/example_branch_labels.py
[2026-03-18T01:38:17.942+0530] {logging_mixin.py:188} INFO - [2026-03-18T01:38:17.942+0530] {dag.py:3047} INFO - Sync 1 DAGs
[2026-03-18T01:38:17.956+0530] {logging_mixin.py:188} INFO - [2026-03-18T01:38:17.956+0530] {dag.py:3834} INFO - Setting next_dagrun for example_branch_labels to 2026-03-16 00:00:00+00:00, run_after=2026-03-17 00:00:00+00:00
[2026-03-18T01:38:17.972+0530] {processor.py:183} INFO - Processing /Users/vybhavswaroop/Desktop/untitled folder 3/ecommerce_platform/venv/lib/python3.11/site-packages/airflow/example_dags/example_branch_labels.py took 0.132 seconds
[2026-03-18T01:43:59.953+0530] {processor.py:161} INFO - Started process (PID=52340) to work on /Users/vybhavswaroop/Desktop/untitled folder 3/ecommerce_platform/venv/lib/python3.11/site-packages/airflow/example_dags/example_branch_labels.py
[2026-03-18T01:43:59.955+0530] {processor.py:830} INFO - Processing file /Users/vybhavswaroop/Desktop/untitled folder 3/ecommerce_platform/venv/lib/python3.11/site-packages/airflow/example_dags/example_branch_labels.py for tasks to queue
[2026-03-18T01:43:59.955+0530] {logging_mixin.py:188} INFO - [2026-03-18T01:43:59.955+0530] {dagbag.py:540} INFO - Filling up the DagBag from /Users/vybhavswaroop/Desktop/untitled folder 3/ecommerce_platform/venv/lib/python3.11/site-packages/airflow/example_dags/example_branch_labels.py
[2026-03-18T01:43:59.962+0530] {processor.py:840} INFO - DAG(s) 'example_branch_labels' retrieved from /Users/vybhavswaroop/Desktop/untitled folder 3/ecommerce_platform/venv/lib/python3.11/site-packages/airflow/example_dags/example_branch_labels.py
[2026-03-18T01:44:00.050+0530] {logging_mixin.py:188} INFO - [2026-03-18T01:44:00.049+0530] {dag.py:3047} INFO - Sync 1 DAGs
[2026-03-18T01:44:00.064+0530] {logging_mixin.py:188} INFO - [2026-03-18T01:44:00.064+0530] {dag.py:3834} INFO - Setting next_dagrun for example_branch_labels to 2026-03-16 00:00:00+00:00, run_after=2026-03-17 00:00:00+00:00
[2026-03-18T01:44:00.081+0530] {processor.py:183} INFO - Processing /Users/vybhavswaroop/Desktop/untitled folder 3/ecommerce_platform/venv/lib/python3.11/site-packages/airflow/example_dags/example_branch_labels.py took 0.129 seconds
[2026-03-18T01:49:40.495+0530] {processor.py:161} INFO - Started process (PID=55403) to work on /Users/vybhavswaroop/Desktop/untitled folder 3/ecommerce_platform/venv/lib/python3.11/site-packages/airflow/example_dags/example_branch_labels.py
[2026-03-18T01:49:40.497+0530] {processor.py:830} INFO - Processing file /Users/vybhavswaroop/Desktop/untitled folder 3/ecommerce_platform/venv/lib/python3.11/site-packages/airflow/example_dags/example_branch_labels.py for tasks to queue
[2026-03-18T01:49:40.497+0530] {logging_mixin.py:188} INFO - [2026-03-18T01:49:40.497+0530] {dagbag.py:540} INFO - Filling up the DagBag from /Users/vybhavswaroop/Desktop/untitled folder 3/ecommerce_platform/venv/lib/python3.11/site-packages/airflow/example_dags/example_branch_labels.py
[2026-03-18T01:49:40.504+0530] {processor.py:840} INFO - DAG(s) 'example_branch_labels' retrieved from /Users/vybhavswaroop/Desktop/untitled folder 3/ecommerce_platform/venv/lib/python3.11/site-packages/airflow/example_dags/example_branch_labels.py
[2026-03-18T01:49:40.589+0530] {logging_mixin.py:188} INFO - [2026-03-18T01:49:40.588+0530] {dag.py:3047} INFO - Sync 1 DAGs
[2026-03-18T01:49:40.603+0530] {logging_mixin.py:188} INFO - [2026-03-18T01:49:40.603+0530] {dag.py:3834} INFO - Setting next_dagrun for example_branch_labels to 2026-03-16 00:00:00+00:00, run_after=2026-03-17 00:00:00+00:00
[2026-03-18T01:49:40.616+0530] {processor.py:183} INFO - Processing /Users/vybhavswaroop/Desktop/untitled folder 3/ecommerce_platform/venv/lib/python3.11/site-packages/airflow/example_dags/example_branch_labels.py took 0.122 seconds
[2026-03-18T01:55:25.326+0530] {processor.py:161} INFO - Started process (PID=58539) to work on /Users/vybhavswaroop/Desktop/untitled folder 3/ecommerce_platform/venv/lib/python3.11/site-packages/airflow/example_dags/example_branch_labels.py
[2026-03-18T01:55:25.327+0530] {processor.py:830} INFO - Processing file /Users/vybhavswaroop/Desktop/untitled folder 3/ecommerce_platform/venv/lib/python3.11/site-packages/airflow/example_dags/example_branch_labels.py for tasks to queue
[2026-03-18T01:55:25.328+0530] {logging_mixin.py:188} INFO - [2026-03-18T01:55:25.328+0530] {dagbag.py:540} INFO - Filling up the DagBag from /Users/vybhavswaroop/Desktop/untitled folder 3/ecommerce_platform/venv/lib/python3.11/site-packages/airflow/example_dags/example_branch_labels.py
[2026-03-18T01:55:25.335+0530] {processor.py:840} INFO - DAG(s) 'example_branch_labels' retrieved from /Users/vybhavswaroop/Desktop/untitled folder 3/ecommerce_platform/venv/lib/python3.11/site-packages/airflow/example_dags/example_branch_labels.py
[2026-03-18T01:55:25.422+0530] {logging_mixin.py:188} INFO - [2026-03-18T01:55:25.422+0530] {dag.py:3047} INFO - Sync 1 DAGs
[2026-03-18T01:55:25.437+0530] {logging_mixin.py:188} INFO - [2026-03-18T01:55:25.436+0530] {dag.py:3834} INFO - Setting next_dagrun for example_branch_labels to 2026-03-16 00:00:00+00:00, run_after=2026-03-17 00:00:00+00:00
[2026-03-18T01:55:25.452+0530] {processor.py:183} INFO - Processing /Users/vybhavswaroop/Desktop/untitled folder 3/ecommerce_platform/venv/lib/python3.11/site-packages/airflow/example_dags/example_branch_labels.py took 0.127 seconds
[2026-03-18T02:01:00.621+0530] {processor.py:161} INFO - Started process (PID=61627) to work on /Users/vybhavswaroop/Desktop/untitled folder 3/ecommerce_platform/venv/lib/python3.11/site-packages/airflow/example_dags/example_branch_labels.py
[2026-03-18T02:01:00.623+0530] {processor.py:830} INFO - Processing file /Users/vybhavswaroop/Desktop/untitled folder 3/ecommerce_platform/venv/lib/python3.11/site-packages/airflow/example_dags/example_branch_labels.py for tasks to queue
[2026-03-18T02:01:00.623+0530] {logging_mixin.py:188} INFO - [2026-03-18T02:01:00.623+0530] {dagbag.py:540} INFO - Filling up the DagBag from /Users/vybhavswaroop/Desktop/untitled folder 3/ecommerce_platform/venv/lib/python3.11/site-packages/airflow/example_dags/example_branch_labels.py
[2026-03-18T02:01:00.631+0530] {processor.py:840} INFO - DAG(s) 'example_branch_labels' retrieved from /Users/vybhavswaroop/Desktop/untitled folder 3/ecommerce_platform/venv/lib/python3.11/site-packages/airflow/example_dags/example_branch_labels.py
[2026-03-18T02:01:00.717+0530] {logging_mixin.py:188} INFO - [2026-03-18T02:01:00.716+0530] {dag.py:3047} INFO - Sync 1 DAGs
[2026-03-18T02:01:00.731+0530] {logging_mixin.py:188} INFO - [2026-03-18T02:01:00.731+0530] {dag.py:3834} INFO - Setting next_dagrun for example_branch_labels to 2026-03-16 00:00:00+00:00, run_after=2026-03-17 00:00:00+00:00
[2026-03-18T02:01:00.745+0530] {processor.py:183} INFO - Processing /Users/vybhavswaroop/Desktop/untitled folder 3/ecommerce_platform/venv/lib/python3.11/site-packages/airflow/example_dags/example_branch_labels.py took 0.125 seconds
[2026-03-18T02:06:28.316+0530] {processor.py:161} INFO - Started process (PID=64791) to work on /Users/vybhavswaroop/Desktop/untitled folder 3/ecommerce_platform/venv/lib/python3.11/site-packages/airflow/example_dags/example_branch_labels.py
[2026-03-18T02:06:28.319+0530] {processor.py:830} INFO - Processing file /Users/vybhavswaroop/Desktop/untitled folder 3/ecommerce_platform/venv/lib/python3.11/site-packages/airflow/example_dags/example_branch_labels.py for tasks to queue
[2026-03-18T02:06:28.319+0530] {logging_mixin.py:188} INFO - [2026-03-18T02:06:28.319+0530] {dagbag.py:540} INFO - Filling up the DagBag from /Users/vybhavswaroop/Desktop/untitled folder 3/ecommerce_platform/venv/lib/python3.11/site-packages/airflow/example_dags/example_branch_labels.py
[2026-03-18T02:06:28.324+0530] {processor.py:840} INFO - DAG(s) 'example_branch_labels' retrieved from /Users/vybhavswaroop/Desktop/untitled folder 3/ecommerce_platform/venv/lib/python3.11/site-packages/airflow/example_dags/example_branch_labels.py
[2026-03-18T02:06:28.380+0530] {logging_mixin.py:188} INFO - [2026-03-18T02:06:28.379+0530] {dag.py:3047} INFO - Sync 1 DAGs
[2026-03-18T02:06:28.389+0530] {logging_mixin.py:188} INFO - [2026-03-18T02:06:28.389+0530] {dag.py:3834} INFO - Setting next_dagrun for example_branch_labels to 2026-03-16 00:00:00+00:00, run_after=2026-03-17 00:00:00+00:00
[2026-03-18T02:06:28.399+0530] {processor.py:183} INFO - Processing /Users/vybhavswaroop/Desktop/untitled folder 3/ecommerce_platform/venv/lib/python3.11/site-packages/airflow/example_dags/example_branch_labels.py took 0.083 seconds
[2026-03-18T02:11:07.271+0530] {processor.py:161} INFO - Started process (PID=68066) to work on /Users/vybhavswaroop/Desktop/untitled folder 3/ecommerce_platform/venv/lib/python3.11/site-packages/airflow/example_dags/example_branch_labels.py
[2026-03-18T02:11:07.272+0530] {processor.py:830} INFO - Processing file /Users/vybhavswaroop/Desktop/untitled folder 3/ecommerce_platform/venv/lib/python3.11/site-packages/airflow/example_dags/example_branch_labels.py for tasks to queue
[2026-03-18T02:11:07.273+0530] {logging_mixin.py:188} INFO - [2026-03-18T02:11:07.273+0530] {dagbag.py:540} INFO - Filling up the DagBag from /Users/vybhavswaroop/Desktop/untitled folder 3/ecommerce_platform/venv/lib/python3.11/site-packages/airflow/example_dags/example_branch_labels.py
[2026-03-18T02:11:07.280+0530] {processor.py:840} INFO - DAG(s) 'example_branch_labels' retrieved from /Users/vybhavswaroop/Desktop/untitled folder 3/ecommerce_platform/venv/lib/python3.11/site-packages/airflow/example_dags/example_branch_labels.py
[2026-03-18T02:11:07.357+0530] {logging_mixin.py:188} INFO - [2026-03-18T02:11:07.356+0530] {dag.py:3047} INFO - Sync 1 DAGs
[2026-03-18T02:11:07.372+0530] {logging_mixin.py:188} INFO - [2026-03-18T02:11:07.371+0530] {dag.py:3834} INFO - Setting next_dagrun for example_branch_labels to 2026-03-16 00:00:00+00:00, run_after=2026-03-17 00:00:00+00:00
[2026-03-18T02:11:07.386+0530] {processor.py:183} INFO - Processing /Users/vybhavswaroop/Desktop/untitled folder 3/ecommerce_platform/venv/lib/python3.11/site-packages/airflow/example_dags/example_branch_labels.py took 0.116 seconds
[2026-03-18T02:16:32.911+0530] {processor.py:161} INFO - Started process (PID=71204) to work on /Users/vybhavswaroop/Desktop/untitled folder 3/ecommerce_platform/venv/lib/python3.11/site-packages/airflow/example_dags/example_branch_labels.py
[2026-03-18T02:16:32.912+0530] {processor.py:830} INFO - Processing file /Users/vybhavswaroop/Desktop/untitled folder 3/ecommerce_platform/venv/lib/python3.11/site-packages/airflow/example_dags/example_branch_labels.py for tasks to queue
[2026-03-18T02:16:32.913+0530] {logging_mixin.py:188} INFO - [2026-03-18T02:16:32.913+0530] {dagbag.py:540} INFO - Filling up the DagBag from /Users/vybhavswaroop/Desktop/untitled folder 3/ecommerce_platform/venv/lib/python3.11/site-packages/airflow/example_dags/example_branch_labels.py
[2026-03-18T02:16:32.919+0530] {processor.py:840} INFO - DAG(s) 'example_branch_labels' retrieved from /Users/vybhavswaroop/Desktop/untitled folder 3/ecommerce_platform/venv/lib/python3.11/site-packages/airflow/example_dags/example_branch_labels.py
[2026-03-18T02:16:32.991+0530] {logging_mixin.py:188} INFO - [2026-03-18T02:16:32.990+0530] {dag.py:3047} INFO - Sync 1 DAGs
[2026-03-18T02:16:33.003+0530] {logging_mixin.py:188} INFO - [2026-03-18T02:16:33.003+0530] {dag.py:3834} INFO - Setting next_dagrun for example_branch_labels to 2026-03-16 00:00:00+00:00, run_after=2026-03-17 00:00:00+00:00
[2026-03-18T02:16:33.017+0530] {processor.py:183} INFO - Processing /Users/vybhavswaroop/Desktop/untitled folder 3/ecommerce_platform/venv/lib/python3.11/site-packages/airflow/example_dags/example_branch_labels.py took 0.107 seconds
[2026-03-18T02:22:06.990+0530] {processor.py:161} INFO - Started process (PID=74316) to work on /Users/vybhavswaroop/Desktop/untitled folder 3/ecommerce_platform/venv/lib/python3.11/site-packages/airflow/example_dags/example_branch_labels.py
[2026-03-18T02:22:06.991+0530] {processor.py:830} INFO - Processing file /Users/vybhavswaroop/Desktop/untitled folder 3/ecommerce_platform/venv/lib/python3.11/site-packages/airflow/example_dags/example_branch_labels.py for tasks to queue
[2026-03-18T02:22:06.992+0530] {logging_mixin.py:188} INFO - [2026-03-18T02:22:06.992+0530] {dagbag.py:540} INFO - Filling up the DagBag from /Users/vybhavswaroop/Desktop/untitled folder 3/ecommerce_platform/venv/lib/python3.11/site-packages/airflow/example_dags/example_branch_labels.py
[2026-03-18T02:22:06.999+0530] {processor.py:840} INFO - DAG(s) 'example_branch_labels' retrieved from /Users/vybhavswaroop/Desktop/untitled folder 3/ecommerce_platform/venv/lib/python3.11/site-packages/airflow/example_dags/example_branch_labels.py
[2026-03-18T02:22:07.073+0530] {logging_mixin.py:188} INFO - [2026-03-18T02:22:07.073+0530] {dag.py:3047} INFO - Sync 1 DAGs
[2026-03-18T02:22:07.087+0530] {logging_mixin.py:188} INFO - [2026-03-18T02:22:07.086+0530] {dag.py:3834} INFO - Setting next_dagrun for example_branch_labels to 2026-03-16 00:00:00+00:00, run_after=2026-03-17 00:00:00+00:00
[2026-03-18T02:22:07.102+0530] {processor.py:183} INFO - Processing /Users/vybhavswaroop/Desktop/untitled folder 3/ecommerce_platform/venv/lib/python3.11/site-packages/airflow/example_dags/example_branch_labels.py took 0.112 seconds
[2026-03-18T02:27:38.844+0530] {processor.py:161} INFO - Started process (PID=77443) to work on /Users/vybhavswaroop/Desktop/untitled folder 3/ecommerce_platform/venv/lib/python3.11/site-packages/airflow/example_dags/example_branch_labels.py
[2026-03-18T02:27:38.846+0530] {processor.py:830} INFO - Processing file /Users/vybhavswaroop/Desktop/untitled folder 3/ecommerce_platform/venv/lib/python3.11/site-packages/airflow/example_dags/example_branch_labels.py for tasks to queue
[2026-03-18T02:27:38.846+0530] {logging_mixin.py:188} INFO - [2026-03-18T02:27:38.846+0530] {dagbag.py:540} INFO - Filling up the DagBag from /Users/vybhavswaroop/Desktop/untitled folder 3/ecommerce_platform/venv/lib/python3.11/site-packages/airflow/example_dags/example_branch_labels.py
[2026-03-18T02:27:38.852+0530] {processor.py:840} INFO - DAG(s) 'example_branch_labels' retrieved from /Users/vybhavswaroop/Desktop/untitled folder 3/ecommerce_platform/venv/lib/python3.11/site-packages/airflow/example_dags/example_branch_labels.py
[2026-03-18T02:27:38.922+0530] {logging_mixin.py:188} INFO - [2026-03-18T02:27:38.922+0530] {dag.py:3047} INFO - Sync 1 DAGs
[2026-03-18T02:27:38.933+0530] {logging_mixin.py:188} INFO - [2026-03-18T02:27:38.932+0530] {dag.py:3834} INFO - Setting next_dagrun for example_branch_labels to 2026-03-16 00:00:00+00:00, run_after=2026-03-17 00:00:00+00:00
[2026-03-18T02:27:38.945+0530] {processor.py:183} INFO - Processing /Users/vybhavswaroop/Desktop/untitled folder 3/ecommerce_platform/venv/lib/python3.11/site-packages/airflow/example_dags/example_branch_labels.py took 0.101 seconds
[2026-03-18T02:33:06.676+0530] {processor.py:161} INFO - Started process (PID=80607) to work on /Users/vybhavswaroop/Desktop/untitled folder 3/ecommerce_platform/venv/lib/python3.11/site-packages/airflow/example_dags/example_branch_labels.py
[2026-03-18T02:33:06.679+0530] {processor.py:830} INFO - Processing file /Users/vybhavswaroop/Desktop/untitled folder 3/ecommerce_platform/venv/lib/python3.11/site-packages/airflow/example_dags/example_branch_labels.py for tasks to queue
[2026-03-18T02:33:06.679+0530] {logging_mixin.py:188} INFO - [2026-03-18T02:33:06.679+0530] {dagbag.py:540} INFO - Filling up the DagBag from /Users/vybhavswaroop/Desktop/untitled folder 3/ecommerce_platform/venv/lib/python3.11/site-packages/airflow/example_dags/example_branch_labels.py
[2026-03-18T02:33:06.687+0530] {processor.py:840} INFO - DAG(s) 'example_branch_labels' retrieved from /Users/vybhavswaroop/Desktop/untitled folder 3/ecommerce_platform/venv/lib/python3.11/site-packages/airflow/example_dags/example_branch_labels.py
[2026-03-18T02:33:06.766+0530] {logging_mixin.py:188} INFO - [2026-03-18T02:33:06.766+0530] {dag.py:3047} INFO - Sync 1 DAGs
[2026-03-18T02:33:06.778+0530] {logging_mixin.py:188} INFO - [2026-03-18T02:33:06.778+0530] {dag.py:3834} INFO - Setting next_dagrun for example_branch_labels to 2026-03-16 00:00:00+00:00, run_after=2026-03-17 00:00:00+00:00
[2026-03-18T02:33:06.791+0530] {processor.py:183} INFO - Processing /Users/vybhavswaroop/Desktop/untitled folder 3/ecommerce_platform/venv/lib/python3.11/site-packages/airflow/example_dags/example_branch_labels.py took 0.115 seconds
[2026-03-18T02:38:31.987+0530] {processor.py:161} INFO - Started process (PID=83728) to work on /Users/vybhavswaroop/Desktop/untitled folder 3/ecommerce_platform/venv/lib/python3.11/site-packages/airflow/example_dags/example_branch_labels.py
[2026-03-18T02:38:31.989+0530] {processor.py:830} INFO - Processing file /Users/vybhavswaroop/Desktop/untitled folder 3/ecommerce_platform/venv/lib/python3.11/site-packages/airflow/example_dags/example_branch_labels.py for tasks to queue
[2026-03-18T02:38:31.989+0530] {logging_mixin.py:188} INFO - [2026-03-18T02:38:31.989+0530] {dagbag.py:540} INFO - Filling up the DagBag from /Users/vybhavswaroop/Desktop/untitled folder 3/ecommerce_platform/venv/lib/python3.11/site-packages/airflow/example_dags/example_branch_labels.py
[2026-03-18T02:38:31.996+0530] {processor.py:840} INFO - DAG(s) 'example_branch_labels' retrieved from /Users/vybhavswaroop/Desktop/untitled folder 3/ecommerce_platform/venv/lib/python3.11/site-packages/airflow/example_dags/example_branch_labels.py
[2026-03-18T02:38:32.066+0530] {logging_mixin.py:188} INFO - [2026-03-18T02:38:32.065+0530] {dag.py:3047} INFO - Sync 1 DAGs
[2026-03-18T02:38:32.077+0530] {logging_mixin.py:188} INFO - [2026-03-18T02:38:32.076+0530] {dag.py:3834} INFO - Setting next_dagrun for example_branch_labels to 2026-03-16 00:00:00+00:00, run_after=2026-03-17 00:00:00+00:00
[2026-03-18T02:38:32.088+0530] {processor.py:183} INFO - Processing /Users/vybhavswaroop/Desktop/untitled folder 3/ecommerce_platform/venv/lib/python3.11/site-packages/airflow/example_dags/example_branch_labels.py took 0.102 seconds
[2026-03-18T02:43:53.324+0530] {processor.py:161} INFO - Started process (PID=86887) to work on /Users/vybhavswaroop/Desktop/untitled folder 3/ecommerce_platform/venv/lib/python3.11/site-packages/airflow/example_dags/example_branch_labels.py
[2026-03-18T02:43:53.326+0530] {processor.py:830} INFO - Processing file /Users/vybhavswaroop/Desktop/untitled folder 3/ecommerce_platform/venv/lib/python3.11/site-packages/airflow/example_dags/example_branch_labels.py for tasks to queue
[2026-03-18T02:43:53.327+0530] {logging_mixin.py:188} INFO - [2026-03-18T02:43:53.326+0530] {dagbag.py:540} INFO - Filling up the DagBag from /Users/vybhavswaroop/Desktop/untitled folder 3/ecommerce_platform/venv/lib/python3.11/site-packages/airflow/example_dags/example_branch_labels.py
[2026-03-18T02:43:53.332+0530] {processor.py:840} INFO - DAG(s) 'example_branch_labels' retrieved from /Users/vybhavswaroop/Desktop/untitled folder 3/ecommerce_platform/venv/lib/python3.11/site-packages/airflow/example_dags/example_branch_labels.py
[2026-03-18T02:43:53.390+0530] {logging_mixin.py:188} INFO - [2026-03-18T02:43:53.390+0530] {dag.py:3047} INFO - Sync 1 DAGs
[2026-03-18T02:43:53.399+0530] {logging_mixin.py:188} INFO - [2026-03-18T02:43:53.399+0530] {dag.py:3834} INFO - Setting next_dagrun for example_branch_labels to 2026-03-16 00:00:00+00:00, run_after=2026-03-17 00:00:00+00:00
[2026-03-18T02:43:53.409+0530] {processor.py:183} INFO - Processing /Users/vybhavswaroop/Desktop/untitled folder 3/ecommerce_platform/venv/lib/python3.11/site-packages/airflow/example_dags/example_branch_labels.py took 0.086 seconds
[2026-03-18T02:48:46.289+0530] {processor.py:161} INFO - Started process (PID=90137) to work on /Users/vybhavswaroop/Desktop/untitled folder 3/ecommerce_platform/venv/lib/python3.11/site-packages/airflow/example_dags/example_branch_labels.py
[2026-03-18T02:48:46.291+0530] {processor.py:830} INFO - Processing file /Users/vybhavswaroop/Desktop/untitled folder 3/ecommerce_platform/venv/lib/python3.11/site-packages/airflow/example_dags/example_branch_labels.py for tasks to queue
[2026-03-18T02:48:46.291+0530] {logging_mixin.py:188} INFO - [2026-03-18T02:48:46.291+0530] {dagbag.py:540} INFO - Filling up the DagBag from /Users/vybhavswaroop/Desktop/untitled folder 3/ecommerce_platform/venv/lib/python3.11/site-packages/airflow/example_dags/example_branch_labels.py
[2026-03-18T02:48:46.296+0530] {processor.py:840} INFO - DAG(s) 'example_branch_labels' retrieved from /Users/vybhavswaroop/Desktop/untitled folder 3/ecommerce_platform/venv/lib/python3.11/site-packages/airflow/example_dags/example_branch_labels.py
[2026-03-18T02:48:46.351+0530] {logging_mixin.py:188} INFO - [2026-03-18T02:48:46.351+0530] {dag.py:3047} INFO - Sync 1 DAGs
[2026-03-18T02:48:46.360+0530] {logging_mixin.py:188} INFO - [2026-03-18T02:48:46.360+0530] {dag.py:3834} INFO - Setting next_dagrun for example_branch_labels to 2026-03-16 00:00:00+00:00, run_after=2026-03-17 00:00:00+00:00
[2026-03-18T02:48:46.369+0530] {processor.py:183} INFO - Processing /Users/vybhavswaroop/Desktop/untitled folder 3/ecommerce_platform/venv/lib/python3.11/site-packages/airflow/example_dags/example_branch_labels.py took 0.081 seconds
[2026-03-18T02:53:21.101+0530] {processor.py:161} INFO - Started process (PID=93465) to work on /Users/vybhavswaroop/Desktop/untitled folder 3/ecommerce_platform/venv/lib/python3.11/site-packages/airflow/example_dags/example_branch_labels.py
[2026-03-18T02:53:21.103+0530] {processor.py:830} INFO - Processing file /Users/vybhavswaroop/Desktop/untitled folder 3/ecommerce_platform/venv/lib/python3.11/site-packages/airflow/example_dags/example_branch_labels.py for tasks to queue
[2026-03-18T02:53:21.104+0530] {logging_mixin.py:188} INFO - [2026-03-18T02:53:21.104+0530] {dagbag.py:540} INFO - Filling up the DagBag from /Users/vybhavswaroop/Desktop/untitled folder 3/ecommerce_platform/venv/lib/python3.11/site-packages/airflow/example_dags/example_branch_labels.py
[2026-03-18T02:53:21.110+0530] {processor.py:840} INFO - DAG(s) 'example_branch_labels' retrieved from /Users/vybhavswaroop/Desktop/untitled folder 3/ecommerce_platform/venv/lib/python3.11/site-packages/airflow/example_dags/example_branch_labels.py
[2026-03-18T02:53:21.176+0530] {logging_mixin.py:188} INFO - [2026-03-18T02:53:21.176+0530] {dag.py:3047} INFO - Sync 1 DAGs
[2026-03-18T02:53:21.185+0530] {logging_mixin.py:188} INFO - [2026-03-18T02:53:21.185+0530] {dag.py:3834} INFO - Setting next_dagrun for example_branch_labels to 2026-03-16 00:00:00+00:00, run_after=2026-03-17 00:00:00+00:00
[2026-03-18T02:53:21.195+0530] {processor.py:183} INFO - Processing /Users/vybhavswaroop/Desktop/untitled folder 3/ecommerce_platform/venv/lib/python3.11/site-packages/airflow/example_dags/example_branch_labels.py took 0.094 seconds
[2026-03-18T04:57:54.361+0530] {processor.py:161} INFO - Started process (PID=96664) to work on /Users/vybhavswaroop/Desktop/untitled folder 3/ecommerce_platform/venv/lib/python3.11/site-packages/airflow/example_dags/example_branch_labels.py
[2026-03-18T04:57:54.363+0530] {processor.py:830} INFO - Processing file /Users/vybhavswaroop/Desktop/untitled folder 3/ecommerce_platform/venv/lib/python3.11/site-packages/airflow/example_dags/example_branch_labels.py for tasks to queue
[2026-03-18T04:57:54.363+0530] {logging_mixin.py:188} INFO - [2026-03-18T04:57:54.363+0530] {dagbag.py:540} INFO - Filling up the DagBag from /Users/vybhavswaroop/Desktop/untitled folder 3/ecommerce_platform/venv/lib/python3.11/site-packages/airflow/example_dags/example_branch_labels.py
[2026-03-18T04:57:54.371+0530] {processor.py:840} INFO - DAG(s) 'example_branch_labels' retrieved from /Users/vybhavswaroop/Desktop/untitled folder 3/ecommerce_platform/venv/lib/python3.11/site-packages/airflow/example_dags/example_branch_labels.py
[2026-03-18T04:57:54.467+0530] {logging_mixin.py:188} INFO - [2026-03-18T04:57:54.467+0530] {dag.py:3047} INFO - Sync 1 DAGs
[2026-03-18T04:57:54.482+0530] {logging_mixin.py:188} INFO - [2026-03-18T04:57:54.482+0530] {dag.py:3834} INFO - Setting next_dagrun for example_branch_labels to 2026-03-16 00:00:00+00:00, run_after=2026-03-17 00:00:00+00:00
[2026-03-18T04:57:54.499+0530] {processor.py:183} INFO - Processing /Users/vybhavswaroop/Desktop/untitled folder 3/ecommerce_platform/venv/lib/python3.11/site-packages/airflow/example_dags/example_branch_labels.py took 0.139 seconds
