[2026-03-18T00:02:43.088+0530] {processor.py:161} INFO - Started process (PID=88517) to work on /Users/vybhavswaroop/Desktop/untitled folder 3/ecommerce_platform/venv/lib/python3.11/site-packages/airflow/example_dags/example_complex.py
[2026-03-18T00:02:43.088+0530] {processor.py:830} INFO - Processing file /Users/vybhavswaroop/Desktop/untitled folder 3/ecommerce_platform/venv/lib/python3.11/site-packages/airflow/example_dags/example_complex.py for tasks to queue
[2026-03-18T00:02:43.088+0530] {logging_mixin.py:188} INFO - [2026-03-18T00:02:43.088+0530] {dagbag.py:540} INFO - Filling up the DagBag from /Users/vybhavswaroop/Desktop/untitled folder 3/ecommerce_platform/venv/lib/python3.11/site-packages/airflow/example_dags/example_complex.py
[2026-03-18T00:02:43.093+0530] {processor.py:840} INFO - DAG(s) 'example_complex' retrieved from /Users/vybhavswaroop/Desktop/untitled folder 3/ecommerce_platform/venv/lib/python3.11/site-packages/airflow/example_dags/example_complex.py
[2026-03-18T00:02:43.168+0530] {logging_mixin.py:188} INFO - [2026-03-18T00:02:43.167+0530] {override.py:1769} INFO - Created Permission View: can edit on DAG:example_complex
[2026-03-18T00:02:43.171+0530] {logging_mixin.py:188} INFO - [2026-03-18T00:02:43.170+0530] {override.py:1769} INFO - Created Permission View: can delete on DAG:example_complex
[2026-03-18T00:02:43.172+0530] {logging_mixin.py:188} INFO - [2026-03-18T00:02:43.172+0530] {override.py:1769} INFO - Created Permission View: can read on DAG:example_complex
[2026-03-18T00:02:43.172+0530] {logging_mixin.py:188} INFO - [2026-03-18T00:02:43.172+0530] {dag.py:3047} INFO - Sync 1 DAGs
[2026-03-18T00:02:43.176+0530] {logging_mixin.py:188} INFO - [2026-03-18T00:02:43.175+0530] {dag.py:3069} INFO - Creating ORM DAG for example_complex
[2026-03-18T00:02:43.176+0530] {logging_mixin.py:188} INFO - [2026-03-18T00:02:43.176+0530] {dag.py:3834} INFO - Setting next_dagrun for example_complex to None, run_after=None
[2026-03-18T00:02:43.182+0530] {processor.py:183} INFO - Processing /Users/vybhavswaroop/Desktop/untitled folder 3/ecommerce_platform/venv/lib/python3.11/site-packages/airflow/example_dags/example_complex.py took 0.095 seconds
[2026-03-18T00:06:13.057+0530] {processor.py:161} INFO - Started process (PID=91721) to work on /Users/vybhavswaroop/Desktop/untitled folder 3/ecommerce_platform/venv/lib/python3.11/site-packages/airflow/example_dags/example_complex.py
[2026-03-18T00:06:13.058+0530] {processor.py:830} INFO - Processing file /Users/vybhavswaroop/Desktop/untitled folder 3/ecommerce_platform/venv/lib/python3.11/site-packages/airflow/example_dags/example_complex.py for tasks to queue
[2026-03-18T00:06:13.058+0530] {logging_mixin.py:188} INFO - [2026-03-18T00:06:13.058+0530] {dagbag.py:540} INFO - Filling up the DagBag from /Users/vybhavswaroop/Desktop/untitled folder 3/ecommerce_platform/venv/lib/python3.11/site-packages/airflow/example_dags/example_complex.py
[2026-03-18T00:06:13.063+0530] {processor.py:840} INFO - DAG(s) 'example_complex' retrieved from /Users/vybhavswaroop/Desktop/untitled folder 3/ecommerce_platform/venv/lib/python3.11/site-packages/airflow/example_dags/example_complex.py
[2026-03-18T00:06:13.108+0530] {logging_mixin.py:188} INFO - [2026-03-18T00:06:13.108+0530] {dag.py:3047} INFO - Sync 1 DAGs
[2026-03-18T00:06:13.112+0530] {logging_mixin.py:188} INFO - [2026-03-18T00:06:13.112+0530] {dag.py:3834} INFO - Setting next_dagrun for example_complex to None, run_after=None
[2026-03-18T00:06:13.121+0530] {processor.py:183} INFO - Processing /Users/vybhavswaroop/Desktop/untitled folder 3/ecommerce_platform/venv/lib/python3.11/site-packages/airflow/example_dags/example_complex.py took 0.065 seconds
[2026-03-18T00:10:25.540+0530] {processor.py:161} INFO - Started process (PID=94960) to work on /Users/vybhavswaroop/Desktop/untitled folder 3/ecommerce_platform/venv/lib/python3.11/site-packages/airflow/example_dags/example_complex.py
[2026-03-18T00:10:25.542+0530] {processor.py:830} INFO - Processing file /Users/vybhavswaroop/Desktop/untitled folder 3/ecommerce_platform/venv/lib/python3.11/site-packages/airflow/example_dags/example_complex.py for tasks to queue
[2026-03-18T00:10:25.542+0530] {logging_mixin.py:188} INFO - [2026-03-18T00:10:25.542+0530] {dagbag.py:540} INFO - Filling up the DagBag from /Users/vybhavswaroop/Desktop/untitled folder 3/ecommerce_platform/venv/lib/python3.11/site-packages/airflow/example_dags/example_complex.py
[2026-03-18T00:10:25.551+0530] {processor.py:840} INFO - DAG(s) 'example_complex' retrieved from /Users/vybhavswaroop/Desktop/untitled folder 3/ecommerce_platform/venv/lib/python3.11/site-packages/airflow/example_dags/example_complex.py
[2026-03-18T00:10:25.619+0530] {logging_mixin.py:188} INFO - [2026-03-18T00:10:25.618+0530] {dag.py:3047} INFO - Sync 1 DAGs
[2026-03-18T00:10:25.625+0530] {logging_mixin.py:188} INFO - [2026-03-18T00:10:25.625+0530] {dag.py:3834} INFO - Setting next_dagrun for example_complex to None, run_after=None
[2026-03-18T00:10:25.641+0530] {processor.py:183} INFO - Processing /Users/vybhavswaroop/Desktop/untitled folder 3/ecommerce_platform/venv/lib/python3.11/site-packages/airflow/example_dags/example_complex.py took 0.101 seconds
[2026-03-18T00:15:56.050+0530] {processor.py:161} INFO - Started process (PID=98223) to work on /Users/vybhavswaroop/Desktop/untitled folder 3/ecommerce_platform/venv/lib/python3.11/site-packages/airflow/example_dags/example_complex.py
[2026-03-18T00:15:56.052+0530] {processor.py:830} INFO - Processing file /Users/vybhavswaroop/Desktop/untitled folder 3/ecommerce_platform/venv/lib/python3.11/site-packages/airflow/example_dags/example_complex.py for tasks to queue
[2026-03-18T00:15:56.052+0530] {logging_mixin.py:188} INFO - [2026-03-18T00:15:56.052+0530] {dagbag.py:540} INFO - Filling up the DagBag from /Users/vybhavswaroop/Desktop/untitled folder 3/ecommerce_platform/venv/lib/python3.11/site-packages/airflow/example_dags/example_complex.py
[2026-03-18T00:15:56.058+0530] {processor.py:840} INFO - DAG(s) 'example_complex' retrieved from /Users/vybhavswaroop/Desktop/untitled folder 3/ecommerce_platform/venv/lib/python3.11/site-packages/airflow/example_dags/example_complex.py
[2026-03-18T00:15:56.121+0530] {logging_mixin.py:188} INFO - [2026-03-18T00:15:56.120+0530] {dag.py:3047} INFO - Sync 1 DAGs
[2026-03-18T00:15:56.126+0530] {logging_mixin.py:188} INFO - [2026-03-18T00:15:56.126+0530] {dag.py:3834} INFO - Setting next_dagrun for example_complex to None, run_after=None
[2026-03-18T00:15:56.138+0530] {processor.py:183} INFO - Processing /Users/vybhavswaroop/Desktop/untitled folder 3/ecommerce_platform/venv/lib/python3.11/site-packages/airflow/example_dags/example_complex.py took 0.088 seconds
[2026-03-18T00:21:06.437+0530] {processor.py:161} INFO - Started process (PID=2079) to work on /Users/vybhavswaroop/Desktop/untitled folder 3/ecommerce_platform/venv/lib/python3.11/site-packages/airflow/example_dags/example_complex.py
[2026-03-18T00:21:06.438+0530] {processor.py:830} INFO - Processing file /Users/vybhavswaroop/Desktop/untitled folder 3/ecommerce_platform/venv/lib/python3.11/site-packages/airflow/example_dags/example_complex.py for tasks to queue
[2026-03-18T00:21:06.438+0530] {logging_mixin.py:188} INFO - [2026-03-18T00:21:06.438+0530] {dagbag.py:540} INFO - Filling up the DagBag from /Users/vybhavswaroop/Desktop/untitled folder 3/ecommerce_platform/venv/lib/python3.11/site-packages/airflow/example_dags/example_complex.py
[2026-03-18T00:21:06.446+0530] {processor.py:840} INFO - DAG(s) 'example_complex' retrieved from /Users/vybhavswaroop/Desktop/untitled folder 3/ecommerce_platform/venv/lib/python3.11/site-packages/airflow/example_dags/example_complex.py
[2026-03-18T00:21:06.515+0530] {logging_mixin.py:188} INFO - [2026-03-18T00:21:06.515+0530] {dag.py:3047} INFO - Sync 1 DAGs
[2026-03-18T00:21:06.521+0530] {logging_mixin.py:188} INFO - [2026-03-18T00:21:06.521+0530] {dag.py:3834} INFO - Setting next_dagrun for example_complex to None, run_after=None
[2026-03-18T00:21:06.533+0530] {processor.py:183} INFO - Processing /Users/vybhavswaroop/Desktop/untitled folder 3/ecommerce_platform/venv/lib/python3.11/site-packages/airflow/example_dags/example_complex.py took 0.097 seconds
[2026-03-18T00:26:33.937+0530] {processor.py:161} INFO - Started process (PID=5307) to work on /Users/vybhavswaroop/Desktop/untitled folder 3/ecommerce_platform/venv/lib/python3.11/site-packages/airflow/example_dags/example_complex.py
[2026-03-18T00:26:33.940+0530] {processor.py:830} INFO - Processing file /Users/vybhavswaroop/Desktop/untitled folder 3/ecommerce_platform/venv/lib/python3.11/site-packages/airflow/example_dags/example_complex.py for tasks to queue
[2026-03-18T00:26:33.940+0530] {logging_mixin.py:188} INFO - [2026-03-18T00:26:33.940+0530] {dagbag.py:540} INFO - Filling up the DagBag from /Users/vybhavswaroop/Desktop/untitled folder 3/ecommerce_platform/venv/lib/python3.11/site-packages/airflow/example_dags/example_complex.py
[2026-03-18T00:26:33.947+0530] {processor.py:840} INFO - DAG(s) 'example_complex' retrieved from /Users/vybhavswaroop/Desktop/untitled folder 3/ecommerce_platform/venv/lib/python3.11/site-packages/airflow/example_dags/example_complex.py
[2026-03-18T00:26:34.015+0530] {logging_mixin.py:188} INFO - [2026-03-18T00:26:34.015+0530] {dag.py:3047} INFO - Sync 1 DAGs
[2026-03-18T00:26:34.021+0530] {logging_mixin.py:188} INFO - [2026-03-18T00:26:34.021+0530] {dag.py:3834} INFO - Setting next_dagrun for example_complex to None, run_after=None
[2026-03-18T00:26:34.034+0530] {processor.py:183} INFO - Processing /Users/vybhavswaroop/Desktop/untitled folder 3/ecommerce_platform/venv/lib/python3.11/site-packages/airflow/example_dags/example_complex.py took 0.097 seconds
[2026-03-18T00:31:58.275+0530] {processor.py:161} INFO - Started process (PID=8373) to work on /Users/vybhavswaroop/Desktop/untitled folder 3/ecommerce_platform/venv/lib/python3.11/site-packages/airflow/example_dags/example_complex.py
[2026-03-18T00:31:58.278+0530] {processor.py:830} INFO - Processing file /Users/vybhavswaroop/Desktop/untitled folder 3/ecommerce_platform/venv/lib/python3.11/site-packages/airflow/example_dags/example_complex.py for tasks to queue
[2026-03-18T00:31:58.278+0530] {logging_mixin.py:188} INFO - [2026-03-18T00:31:58.278+0530] {dagbag.py:540} INFO - Filling up the DagBag from /Users/vybhavswaroop/Desktop/untitled folder 3/ecommerce_platform/venv/lib/python3.11/site-packages/airflow/example_dags/example_complex.py
[2026-03-18T00:31:58.287+0530] {processor.py:840} INFO - DAG(s) 'example_complex' retrieved from /Users/vybhavswaroop/Desktop/untitled folder 3/ecommerce_platform/venv/lib/python3.11/site-packages/airflow/example_dags/example_complex.py
[2026-03-18T00:31:58.361+0530] {logging_mixin.py:188} INFO - [2026-03-18T00:31:58.360+0530] {dag.py:3047} INFO - Sync 1 DAGs
[2026-03-18T00:31:58.367+0530] {logging_mixin.py:188} INFO - [2026-03-18T00:31:58.366+0530] {dag.py:3834} INFO - Setting next_dagrun for example_complex to None, run_after=None
[2026-03-18T00:31:58.378+0530] {processor.py:183} INFO - Processing /Users/vybhavswaroop/Desktop/untitled folder 3/ecommerce_platform/venv/lib/python3.11/site-packages/airflow/example_dags/example_complex.py took 0.103 seconds
[2026-03-18T00:37:23.210+0530] {processor.py:161} INFO - Started process (PID=11614) to work on /Users/vybhavswaroop/Desktop/untitled folder 3/ecommerce_platform/venv/lib/python3.11/site-packages/airflow/example_dags/example_complex.py
[2026-03-18T00:37:23.212+0530] {processor.py:830} INFO - Processing file /Users/vybhavswaroop/Desktop/untitled folder 3/ecommerce_platform/venv/lib/python3.11/site-packages/airflow/example_dags/example_complex.py for tasks to queue
[2026-03-18T00:37:23.213+0530] {logging_mixin.py:188} INFO - [2026-03-18T00:37:23.213+0530] {dagbag.py:540} INFO - Filling up the DagBag from /Users/vybhavswaroop/Desktop/untitled folder 3/ecommerce_platform/venv/lib/python3.11/site-packages/airflow/example_dags/example_complex.py
[2026-03-18T00:37:23.222+0530] {processor.py:840} INFO - DAG(s) 'example_complex' retrieved from /Users/vybhavswaroop/Desktop/untitled folder 3/ecommerce_platform/venv/lib/python3.11/site-packages/airflow/example_dags/example_complex.py
[2026-03-18T00:37:23.303+0530] {logging_mixin.py:188} INFO - [2026-03-18T00:37:23.303+0530] {dag.py:3047} INFO - Sync 1 DAGs
[2026-03-18T00:37:23.310+0530] {logging_mixin.py:188} INFO - [2026-03-18T00:37:23.310+0530] {dag.py:3834} INFO - Setting next_dagrun for example_complex to None, run_after=None
[2026-03-18T00:37:23.328+0530] {processor.py:183} INFO - Processing /Users/vybhavswaroop/Desktop/untitled folder 3/ecommerce_platform/venv/lib/python3.11/site-packages/airflow/example_dags/example_complex.py took 0.119 seconds
[2026-03-18T00:40:42.929+0530] {processor.py:161} INFO - Started process (PID=13549) to work on /Users/vybhavswaroop/Desktop/untitled folder 3/ecommerce_platform/venv/lib/python3.11/site-packages/airflow/example_dags/example_complex.py
[2026-03-18T00:40:42.931+0530] {processor.py:830} INFO - Processing file /Users/vybhavswaroop/Desktop/untitled folder 3/ecommerce_platform/venv/lib/python3.11/site-packages/airflow/example_dags/example_complex.py for tasks to queue
[2026-03-18T00:40:42.932+0530] {logging_mixin.py:188} INFO - [2026-03-18T00:40:42.932+0530] {dagbag.py:540} INFO - Filling up the DagBag from /Users/vybhavswaroop/Desktop/untitled folder 3/ecommerce_platform/venv/lib/python3.11/site-packages/airflow/example_dags/example_complex.py
[2026-03-18T00:40:42.940+0530] {processor.py:840} INFO - DAG(s) 'example_complex' retrieved from /Users/vybhavswaroop/Desktop/untitled folder 3/ecommerce_platform/venv/lib/python3.11/site-packages/airflow/example_dags/example_complex.py
[2026-03-18T00:40:43.021+0530] {logging_mixin.py:188} INFO - [2026-03-18T00:40:43.020+0530] {dag.py:3047} INFO - Sync 1 DAGs
[2026-03-18T00:40:43.028+0530] {logging_mixin.py:188} INFO - [2026-03-18T00:40:43.027+0530] {dag.py:3834} INFO - Setting next_dagrun for example_complex to None, run_after=None
[2026-03-18T00:40:43.041+0530] {processor.py:183} INFO - Processing /Users/vybhavswaroop/Desktop/untitled folder 3/ecommerce_platform/venv/lib/python3.11/site-packages/airflow/example_dags/example_complex.py took 0.113 seconds
[2026-03-18T00:46:11.478+0530] {processor.py:161} INFO - Started process (PID=16838) to work on /Users/vybhavswaroop/Desktop/untitled folder 3/ecommerce_platform/venv/lib/python3.11/site-packages/airflow/example_dags/example_complex.py
[2026-03-18T00:46:11.481+0530] {processor.py:830} INFO - Processing file /Users/vybhavswaroop/Desktop/untitled folder 3/ecommerce_platform/venv/lib/python3.11/site-packages/airflow/example_dags/example_complex.py for tasks to queue
[2026-03-18T00:46:11.482+0530] {logging_mixin.py:188} INFO - [2026-03-18T00:46:11.482+0530] {dagbag.py:540} INFO - Filling up the DagBag from /Users/vybhavswaroop/Desktop/untitled folder 3/ecommerce_platform/venv/lib/python3.11/site-packages/airflow/example_dags/example_complex.py
[2026-03-18T00:46:11.489+0530] {processor.py:840} INFO - DAG(s) 'example_complex' retrieved from /Users/vybhavswaroop/Desktop/untitled folder 3/ecommerce_platform/venv/lib/python3.11/site-packages/airflow/example_dags/example_complex.py
[2026-03-18T00:46:11.556+0530] {logging_mixin.py:188} INFO - [2026-03-18T00:46:11.556+0530] {dag.py:3047} INFO - Sync 1 DAGs
[2026-03-18T00:46:11.562+0530] {logging_mixin.py:188} INFO - [2026-03-18T00:46:11.562+0530] {dag.py:3834} INFO - Setting next_dagrun for example_complex to None, run_after=None
[2026-03-18T00:46:11.573+0530] {processor.py:183} INFO - Processing /Users/vybhavswaroop/Desktop/untitled folder 3/ecommerce_platform/venv/lib/python3.11/site-packages/airflow/example_dags/example_complex.py took 0.096 seconds
[2026-03-18T00:51:37.479+0530] {processor.py:161} INFO - Started process (PID=20119) to work on /Users/vybhavswaroop/Desktop/untitled folder 3/ecommerce_platform/venv/lib/python3.11/site-packages/airflow/example_dags/example_complex.py
[2026-03-18T00:51:37.482+0530] {processor.py:830} INFO - Processing file /Users/vybhavswaroop/Desktop/untitled folder 3/ecommerce_platform/venv/lib/python3.11/site-packages/airflow/example_dags/example_complex.py for tasks to queue
[2026-03-18T00:51:37.482+0530] {logging_mixin.py:188} INFO - [2026-03-18T00:51:37.482+0530] {dagbag.py:540} INFO - Filling up the DagBag from /Users/vybhavswaroop/Desktop/untitled folder 3/ecommerce_platform/venv/lib/python3.11/site-packages/airflow/example_dags/example_complex.py
[2026-03-18T00:51:37.491+0530] {processor.py:840} INFO - DAG(s) 'example_complex' retrieved from /Users/vybhavswaroop/Desktop/untitled folder 3/ecommerce_platform/venv/lib/python3.11/site-packages/airflow/example_dags/example_complex.py
[2026-03-18T00:51:37.575+0530] {logging_mixin.py:188} INFO - [2026-03-18T00:51:37.575+0530] {dag.py:3047} INFO - Sync 1 DAGs
[2026-03-18T00:51:37.582+0530] {logging_mixin.py:188} INFO - [2026-03-18T00:51:37.582+0530] {dag.py:3834} INFO - Setting next_dagrun for example_complex to None, run_after=None
[2026-03-18T00:51:37.598+0530] {processor.py:183} INFO - Processing /Users/vybhavswaroop/Desktop/untitled folder 3/ecommerce_platform/venv/lib/python3.11/site-packages/airflow/example_dags/example_complex.py took 0.119 seconds
[2026-03-18T00:57:03.923+0530] {processor.py:161} INFO - Started process (PID=23352) to work on /Users/vybhavswaroop/Desktop/untitled folder 3/ecommerce_platform/venv/lib/python3.11/site-packages/airflow/example_dags/example_complex.py
[2026-03-18T00:57:03.925+0530] {processor.py:830} INFO - Processing file /Users/vybhavswaroop/Desktop/untitled folder 3/ecommerce_platform/venv/lib/python3.11/site-packages/airflow/example_dags/example_complex.py for tasks to queue
[2026-03-18T00:57:03.926+0530] {logging_mixin.py:188} INFO - [2026-03-18T00:57:03.926+0530] {dagbag.py:540} INFO - Filling up the DagBag from /Users/vybhavswaroop/Desktop/untitled folder 3/ecommerce_platform/venv/lib/python3.11/site-packages/airflow/example_dags/example_complex.py
[2026-03-18T00:57:03.936+0530] {processor.py:840} INFO - DAG(s) 'example_complex' retrieved from /Users/vybhavswaroop/Desktop/untitled folder 3/ecommerce_platform/venv/lib/python3.11/site-packages/airflow/example_dags/example_complex.py
[2026-03-18T00:57:04.020+0530] {logging_mixin.py:188} INFO - [2026-03-18T00:57:04.020+0530] {dag.py:3047} INFO - Sync 1 DAGs
[2026-03-18T00:57:04.026+0530] {logging_mixin.py:188} INFO - [2026-03-18T00:57:04.026+0530] {dag.py:3834} INFO - Setting next_dagrun for example_complex to None, run_after=None
[2026-03-18T00:57:04.039+0530] {processor.py:183} INFO - Processing /Users/vybhavswaroop/Desktop/untitled folder 3/ecommerce_platform/venv/lib/python3.11/site-packages/airflow/example_dags/example_complex.py took 0.117 seconds
[2026-03-18T01:01:34.265+0530] {processor.py:161} INFO - Started process (PID=26579) to work on /Users/vybhavswaroop/Desktop/untitled folder 3/ecommerce_platform/venv/lib/python3.11/site-packages/airflow/example_dags/example_complex.py
[2026-03-18T01:01:34.267+0530] {processor.py:830} INFO - Processing file /Users/vybhavswaroop/Desktop/untitled folder 3/ecommerce_platform/venv/lib/python3.11/site-packages/airflow/example_dags/example_complex.py for tasks to queue
[2026-03-18T01:01:34.268+0530] {logging_mixin.py:188} INFO - [2026-03-18T01:01:34.267+0530] {dagbag.py:540} INFO - Filling up the DagBag from /Users/vybhavswaroop/Desktop/untitled folder 3/ecommerce_platform/venv/lib/python3.11/site-packages/airflow/example_dags/example_complex.py
[2026-03-18T01:01:34.276+0530] {processor.py:840} INFO - DAG(s) 'example_complex' retrieved from /Users/vybhavswaroop/Desktop/untitled folder 3/ecommerce_platform/venv/lib/python3.11/site-packages/airflow/example_dags/example_complex.py
[2026-03-18T01:01:34.355+0530] {logging_mixin.py:188} INFO - [2026-03-18T01:01:34.354+0530] {dag.py:3047} INFO - Sync 1 DAGs
[2026-03-18T01:01:34.360+0530] {logging_mixin.py:188} INFO - [2026-03-18T01:01:34.360+0530] {dag.py:3834} INFO - Setting next_dagrun for example_complex to None, run_after=None
[2026-03-18T01:01:34.374+0530] {processor.py:183} INFO - Processing /Users/vybhavswaroop/Desktop/untitled folder 3/ecommerce_platform/venv/lib/python3.11/site-packages/airflow/example_dags/example_complex.py took 0.109 seconds
[2026-03-18T01:07:02.873+0530] {processor.py:161} INFO - Started process (PID=29859) to work on /Users/vybhavswaroop/Desktop/untitled folder 3/ecommerce_platform/venv/lib/python3.11/site-packages/airflow/example_dags/example_complex.py
[2026-03-18T01:07:02.876+0530] {processor.py:830} INFO - Processing file /Users/vybhavswaroop/Desktop/untitled folder 3/ecommerce_platform/venv/lib/python3.11/site-packages/airflow/example_dags/example_complex.py for tasks to queue
[2026-03-18T01:07:02.876+0530] {logging_mixin.py:188} INFO - [2026-03-18T01:07:02.876+0530] {dagbag.py:540} INFO - Filling up the DagBag from /Users/vybhavswaroop/Desktop/untitled folder 3/ecommerce_platform/venv/lib/python3.11/site-packages/airflow/example_dags/example_complex.py
[2026-03-18T01:07:02.884+0530] {processor.py:840} INFO - DAG(s) 'example_complex' retrieved from /Users/vybhavswaroop/Desktop/untitled folder 3/ecommerce_platform/venv/lib/python3.11/site-packages/airflow/example_dags/example_complex.py
[2026-03-18T01:07:02.952+0530] {logging_mixin.py:188} INFO - [2026-03-18T01:07:02.952+0530] {dag.py:3047} INFO - Sync 1 DAGs
[2026-03-18T01:07:02.959+0530] {logging_mixin.py:188} INFO - [2026-03-18T01:07:02.959+0530] {dag.py:3834} INFO - Setting next_dagrun for example_complex to None, run_after=None
[2026-03-18T01:07:02.971+0530] {processor.py:183} INFO - Processing /Users/vybhavswaroop/Desktop/untitled folder 3/ecommerce_platform/venv/lib/python3.11/site-packages/airflow/example_dags/example_complex.py took 0.098 seconds
[2026-03-18T01:12:41.297+0530] {processor.py:161} INFO - Started process (PID=33135) to work on /Users/vybhavswaroop/Desktop/untitled folder 3/ecommerce_platform/venv/lib/python3.11/site-packages/airflow/example_dags/example_complex.py
[2026-03-18T01:12:41.301+0530] {processor.py:830} INFO - Processing file /Users/vybhavswaroop/Desktop/untitled folder 3/ecommerce_platform/venv/lib/python3.11/site-packages/airflow/example_dags/example_complex.py for tasks to queue
[2026-03-18T01:12:41.301+0530] {logging_mixin.py:188} INFO - [2026-03-18T01:12:41.301+0530] {dagbag.py:540} INFO - Filling up the DagBag from /Users/vybhavswaroop/Desktop/untitled folder 3/ecommerce_platform/venv/lib/python3.11/site-packages/airflow/example_dags/example_complex.py
[2026-03-18T01:12:41.310+0530] {processor.py:840} INFO - DAG(s) 'example_complex' retrieved from /Users/vybhavswaroop/Desktop/untitled folder 3/ecommerce_platform/venv/lib/python3.11/site-packages/airflow/example_dags/example_complex.py
[2026-03-18T01:12:41.382+0530] {logging_mixin.py:188} INFO - [2026-03-18T01:12:41.382+0530] {dag.py:3047} INFO - Sync 1 DAGs
[2026-03-18T01:12:41.389+0530] {logging_mixin.py:188} INFO - [2026-03-18T01:12:41.389+0530] {dag.py:3834} INFO - Setting next_dagrun for example_complex to None, run_after=None
[2026-03-18T01:12:41.401+0530] {processor.py:183} INFO - Processing /Users/vybhavswaroop/Desktop/untitled folder 3/ecommerce_platform/venv/lib/python3.11/site-packages/airflow/example_dags/example_complex.py took 0.104 seconds
[2026-03-18T01:17:54.562+0530] {processor.py:161} INFO - Started process (PID=36367) to work on /Users/vybhavswaroop/Desktop/untitled folder 3/ecommerce_platform/venv/lib/python3.11/site-packages/airflow/example_dags/example_complex.py
[2026-03-18T01:17:54.563+0530] {processor.py:830} INFO - Processing file /Users/vybhavswaroop/Desktop/untitled folder 3/ecommerce_platform/venv/lib/python3.11/site-packages/airflow/example_dags/example_complex.py for tasks to queue
[2026-03-18T01:17:54.563+0530] {logging_mixin.py:188} INFO - [2026-03-18T01:17:54.563+0530] {dagbag.py:540} INFO - Filling up the DagBag from /Users/vybhavswaroop/Desktop/untitled folder 3/ecommerce_platform/venv/lib/python3.11/site-packages/airflow/example_dags/example_complex.py
[2026-03-18T01:17:54.571+0530] {processor.py:840} INFO - DAG(s) 'example_complex' retrieved from /Users/vybhavswaroop/Desktop/untitled folder 3/ecommerce_platform/venv/lib/python3.11/site-packages/airflow/example_dags/example_complex.py
[2026-03-18T01:17:54.640+0530] {logging_mixin.py:188} INFO - [2026-03-18T01:17:54.640+0530] {dag.py:3047} INFO - Sync 1 DAGs
[2026-03-18T01:17:54.647+0530] {logging_mixin.py:188} INFO - [2026-03-18T01:17:54.646+0530] {dag.py:3834} INFO - Setting next_dagrun for example_complex to None, run_after=None
[2026-03-18T01:17:54.661+0530] {processor.py:183} INFO - Processing /Users/vybhavswaroop/Desktop/untitled folder 3/ecommerce_platform/venv/lib/python3.11/site-packages/airflow/example_dags/example_complex.py took 0.099 seconds
[2026-03-18T01:23:06.441+0530] {processor.py:161} INFO - Started process (PID=39585) to work on /Users/vybhavswaroop/Desktop/untitled folder 3/ecommerce_platform/venv/lib/python3.11/site-packages/airflow/example_dags/example_complex.py
[2026-03-18T01:23:06.443+0530] {processor.py:830} INFO - Processing file /Users/vybhavswaroop/Desktop/untitled folder 3/ecommerce_platform/venv/lib/python3.11/site-packages/airflow/example_dags/example_complex.py for tasks to queue
[2026-03-18T01:23:06.443+0530] {logging_mixin.py:188} INFO - [2026-03-18T01:23:06.443+0530] {dagbag.py:540} INFO - Filling up the DagBag from /Users/vybhavswaroop/Desktop/untitled folder 3/ecommerce_platform/venv/lib/python3.11/site-packages/airflow/example_dags/example_complex.py
[2026-03-18T01:23:06.451+0530] {processor.py:840} INFO - DAG(s) 'example_complex' retrieved from /Users/vybhavswaroop/Desktop/untitled folder 3/ecommerce_platform/venv/lib/python3.11/site-packages/airflow/example_dags/example_complex.py
[2026-03-18T01:23:06.519+0530] {logging_mixin.py:188} INFO - [2026-03-18T01:23:06.519+0530] {dag.py:3047} INFO - Sync 1 DAGs
[2026-03-18T01:23:06.525+0530] {logging_mixin.py:188} INFO - [2026-03-18T01:23:06.525+0530] {dag.py:3834} INFO - Setting next_dagrun for example_complex to None, run_after=None
[2026-03-18T01:23:06.537+0530] {processor.py:183} INFO - Processing /Users/vybhavswaroop/Desktop/untitled folder 3/ecommerce_platform/venv/lib/python3.11/site-packages/airflow/example_dags/example_complex.py took 0.096 seconds
[2026-03-18T01:28:02.418+0530] {processor.py:161} INFO - Started process (PID=42766) to work on /Users/vybhavswaroop/Desktop/untitled folder 3/ecommerce_platform/venv/lib/python3.11/site-packages/airflow/example_dags/example_complex.py
[2026-03-18T01:28:02.419+0530] {processor.py:830} INFO - Processing file /Users/vybhavswaroop/Desktop/untitled folder 3/ecommerce_platform/venv/lib/python3.11/site-packages/airflow/example_dags/example_complex.py for tasks to queue
[2026-03-18T01:28:02.420+0530] {logging_mixin.py:188} INFO - [2026-03-18T01:28:02.419+0530] {dagbag.py:540} INFO - Filling up the DagBag from /Users/vybhavswaroop/Desktop/untitled folder 3/ecommerce_platform/venv/lib/python3.11/site-packages/airflow/example_dags/example_complex.py
[2026-03-18T01:28:02.427+0530] {processor.py:840} INFO - DAG(s) 'example_complex' retrieved from /Users/vybhavswaroop/Desktop/untitled folder 3/ecommerce_platform/venv/lib/python3.11/site-packages/airflow/example_dags/example_complex.py
[2026-03-18T01:28:02.495+0530] {logging_mixin.py:188} INFO - [2026-03-18T01:28:02.495+0530] {dag.py:3047} INFO - Sync 1 DAGs
[2026-03-18T01:28:02.501+0530] {logging_mixin.py:188} INFO - [2026-03-18T01:28:02.501+0530] {dag.py:3834} INFO - Setting next_dagrun for example_complex to None, run_after=None
[2026-03-18T01:28:02.512+0530] {processor.py:183} INFO - Processing /Users/vybhavswaroop/Desktop/untitled folder 3/ecommerce_platform/venv/lib/python3.11/site-packages/airflow/example_dags/example_complex.py took 0.095 seconds
[2026-03-18T01:33:03.935+0530] {processor.py:161} INFO - Started process (PID=45927) to work on /Users/vybhavswaroop/Desktop/untitled folder 3/ecommerce_platform/venv/lib/python3.11/site-packages/airflow/example_dags/example_complex.py
[2026-03-18T01:33:03.937+0530] {processor.py:830} INFO - Processing file /Users/vybhavswaroop/Desktop/untitled folder 3/ecommerce_platform/venv/lib/python3.11/site-packages/airflow/example_dags/example_complex.py for tasks to queue
[2026-03-18T01:33:03.937+0530] {logging_mixin.py:188} INFO - [2026-03-18T01:33:03.937+0530] {dagbag.py:540} INFO - Filling up the DagBag from /Users/vybhavswaroop/Desktop/untitled folder 3/ecommerce_platform/venv/lib/python3.11/site-packages/airflow/example_dags/example_complex.py
[2026-03-18T01:33:03.947+0530] {processor.py:840} INFO - DAG(s) 'example_complex' retrieved from /Users/vybhavswaroop/Desktop/untitled folder 3/ecommerce_platform/venv/lib/python3.11/site-packages/airflow/example_dags/example_complex.py
[2026-03-18T01:33:04.036+0530] {logging_mixin.py:188} INFO - [2026-03-18T01:33:04.036+0530] {dag.py:3047} INFO - Sync 1 DAGs
[2026-03-18T01:33:04.044+0530] {logging_mixin.py:188} INFO - [2026-03-18T01:33:04.044+0530] {dag.py:3834} INFO - Setting next_dagrun for example_complex to None, run_after=None
[2026-03-18T01:33:04.061+0530] {processor.py:183} INFO - Processing /Users/vybhavswaroop/Desktop/untitled folder 3/ecommerce_platform/venv/lib/python3.11/site-packages/airflow/example_dags/example_complex.py took 0.126 seconds
[2026-03-18T01:37:59.937+0530] {processor.py:161} INFO - Started process (PID=49081) to work on /Users/vybhavswaroop/Desktop/untitled folder 3/ecommerce_platform/venv/lib/python3.11/site-packages/airflow/example_dags/example_complex.py
[2026-03-18T01:37:59.939+0530] {processor.py:830} INFO - Processing file /Users/vybhavswaroop/Desktop/untitled folder 3/ecommerce_platform/venv/lib/python3.11/site-packages/airflow/example_dags/example_complex.py for tasks to queue
[2026-03-18T01:37:59.939+0530] {logging_mixin.py:188} INFO - [2026-03-18T01:37:59.939+0530] {dagbag.py:540} INFO - Filling up the DagBag from /Users/vybhavswaroop/Desktop/untitled folder 3/ecommerce_platform/venv/lib/python3.11/site-packages/airflow/example_dags/example_complex.py
[2026-03-18T01:37:59.948+0530] {processor.py:840} INFO - DAG(s) 'example_complex' retrieved from /Users/vybhavswaroop/Desktop/untitled folder 3/ecommerce_platform/venv/lib/python3.11/site-packages/airflow/example_dags/example_complex.py
[2026-03-18T01:38:00.031+0530] {logging_mixin.py:188} INFO - [2026-03-18T01:38:00.031+0530] {dag.py:3047} INFO - Sync 1 DAGs
[2026-03-18T01:38:00.038+0530] {logging_mixin.py:188} INFO - [2026-03-18T01:38:00.038+0530] {dag.py:3834} INFO - Setting next_dagrun for example_complex to None, run_after=None
[2026-03-18T01:38:00.052+0530] {processor.py:183} INFO - Processing /Users/vybhavswaroop/Desktop/untitled folder 3/ecommerce_platform/venv/lib/python3.11/site-packages/airflow/example_dags/example_complex.py took 0.116 seconds
[2026-03-18T01:41:22.998+0530] {processor.py:161} INFO - Started process (PID=50920) to work on /Users/vybhavswaroop/Desktop/untitled folder 3/ecommerce_platform/venv/lib/python3.11/site-packages/airflow/example_dags/example_complex.py
[2026-03-18T01:41:23.000+0530] {processor.py:830} INFO - Processing file /Users/vybhavswaroop/Desktop/untitled folder 3/ecommerce_platform/venv/lib/python3.11/site-packages/airflow/example_dags/example_complex.py for tasks to queue
[2026-03-18T01:41:23.000+0530] {logging_mixin.py:188} INFO - [2026-03-18T01:41:23.000+0530] {dagbag.py:540} INFO - Filling up the DagBag from /Users/vybhavswaroop/Desktop/untitled folder 3/ecommerce_platform/venv/lib/python3.11/site-packages/airflow/example_dags/example_complex.py
[2026-03-18T01:41:23.009+0530] {processor.py:840} INFO - DAG(s) 'example_complex' retrieved from /Users/vybhavswaroop/Desktop/untitled folder 3/ecommerce_platform/venv/lib/python3.11/site-packages/airflow/example_dags/example_complex.py
[2026-03-18T01:41:23.091+0530] {logging_mixin.py:188} INFO - [2026-03-18T01:41:23.091+0530] {dag.py:3047} INFO - Sync 1 DAGs
[2026-03-18T01:41:23.098+0530] {logging_mixin.py:188} INFO - [2026-03-18T01:41:23.097+0530] {dag.py:3834} INFO - Setting next_dagrun for example_complex to None, run_after=None
[2026-03-18T01:41:23.111+0530] {processor.py:183} INFO - Processing /Users/vybhavswaroop/Desktop/untitled folder 3/ecommerce_platform/venv/lib/python3.11/site-packages/airflow/example_dags/example_complex.py took 0.113 seconds
[2026-03-18T01:47:02.025+0530] {processor.py:161} INFO - Started process (PID=53983) to work on /Users/vybhavswaroop/Desktop/untitled folder 3/ecommerce_platform/venv/lib/python3.11/site-packages/airflow/example_dags/example_complex.py
[2026-03-18T01:47:02.027+0530] {processor.py:830} INFO - Processing file /Users/vybhavswaroop/Desktop/untitled folder 3/ecommerce_platform/venv/lib/python3.11/site-packages/airflow/example_dags/example_complex.py for tasks to queue
[2026-03-18T01:47:02.027+0530] {logging_mixin.py:188} INFO - [2026-03-18T01:47:02.027+0530] {dagbag.py:540} INFO - Filling up the DagBag from /Users/vybhavswaroop/Desktop/untitled folder 3/ecommerce_platform/venv/lib/python3.11/site-packages/airflow/example_dags/example_complex.py
[2026-03-18T01:47:02.037+0530] {processor.py:840} INFO - DAG(s) 'example_complex' retrieved from /Users/vybhavswaroop/Desktop/untitled folder 3/ecommerce_platform/venv/lib/python3.11/site-packages/airflow/example_dags/example_complex.py
[2026-03-18T01:47:02.128+0530] {logging_mixin.py:188} INFO - [2026-03-18T01:47:02.128+0530] {dag.py:3047} INFO - Sync 1 DAGs
[2026-03-18T01:47:02.136+0530] {logging_mixin.py:188} INFO - [2026-03-18T01:47:02.136+0530] {dag.py:3834} INFO - Setting next_dagrun for example_complex to None, run_after=None
[2026-03-18T01:47:02.152+0530] {processor.py:183} INFO - Processing /Users/vybhavswaroop/Desktop/untitled folder 3/ecommerce_platform/venv/lib/python3.11/site-packages/airflow/example_dags/example_complex.py took 0.128 seconds
[2026-03-18T01:52:44.499+0530] {processor.py:161} INFO - Started process (PID=57075) to work on /Users/vybhavswaroop/Desktop/untitled folder 3/ecommerce_platform/venv/lib/python3.11/site-packages/airflow/example_dags/example_complex.py
[2026-03-18T01:52:44.500+0530] {processor.py:830} INFO - Processing file /Users/vybhavswaroop/Desktop/untitled folder 3/ecommerce_platform/venv/lib/python3.11/site-packages/airflow/example_dags/example_complex.py for tasks to queue
[2026-03-18T01:52:44.501+0530] {logging_mixin.py:188} INFO - [2026-03-18T01:52:44.501+0530] {dagbag.py:540} INFO - Filling up the DagBag from /Users/vybhavswaroop/Desktop/untitled folder 3/ecommerce_platform/venv/lib/python3.11/site-packages/airflow/example_dags/example_complex.py
[2026-03-18T01:52:44.510+0530] {processor.py:840} INFO - DAG(s) 'example_complex' retrieved from /Users/vybhavswaroop/Desktop/untitled folder 3/ecommerce_platform/venv/lib/python3.11/site-packages/airflow/example_dags/example_complex.py
[2026-03-18T01:52:44.600+0530] {logging_mixin.py:188} INFO - [2026-03-18T01:52:44.600+0530] {dag.py:3047} INFO - Sync 1 DAGs
[2026-03-18T01:52:44.608+0530] {logging_mixin.py:188} INFO - [2026-03-18T01:52:44.608+0530] {dag.py:3834} INFO - Setting next_dagrun for example_complex to None, run_after=None
[2026-03-18T01:52:44.624+0530] {processor.py:183} INFO - Processing /Users/vybhavswaroop/Desktop/untitled folder 3/ecommerce_platform/venv/lib/python3.11/site-packages/airflow/example_dags/example_complex.py took 0.125 seconds
[2026-03-18T01:58:25.505+0530] {processor.py:161} INFO - Started process (PID=60181) to work on /Users/vybhavswaroop/Desktop/untitled folder 3/ecommerce_platform/venv/lib/python3.11/site-packages/airflow/example_dags/example_complex.py
[2026-03-18T01:58:25.507+0530] {processor.py:830} INFO - Processing file /Users/vybhavswaroop/Desktop/untitled folder 3/ecommerce_platform/venv/lib/python3.11/site-packages/airflow/example_dags/example_complex.py for tasks to queue
[2026-03-18T01:58:25.507+0530] {logging_mixin.py:188} INFO - [2026-03-18T01:58:25.507+0530] {dagbag.py:540} INFO - Filling up the DagBag from /Users/vybhavswaroop/Desktop/untitled folder 3/ecommerce_platform/venv/lib/python3.11/site-packages/airflow/example_dags/example_complex.py
[2026-03-18T01:58:25.515+0530] {processor.py:840} INFO - DAG(s) 'example_complex' retrieved from /Users/vybhavswaroop/Desktop/untitled folder 3/ecommerce_platform/venv/lib/python3.11/site-packages/airflow/example_dags/example_complex.py
[2026-03-18T01:58:25.594+0530] {logging_mixin.py:188} INFO - [2026-03-18T01:58:25.594+0530] {dag.py:3047} INFO - Sync 1 DAGs
[2026-03-18T01:58:25.601+0530] {logging_mixin.py:188} INFO - [2026-03-18T01:58:25.601+0530] {dag.py:3834} INFO - Setting next_dagrun for example_complex to None, run_after=None
[2026-03-18T01:58:25.617+0530] {processor.py:183} INFO - Processing /Users/vybhavswaroop/Desktop/untitled folder 3/ecommerce_platform/venv/lib/python3.11/site-packages/airflow/example_dags/example_complex.py took 0.113 seconds
[2026-03-18T02:04:01.015+0530] {processor.py:161} INFO - Started process (PID=63303) to work on /Users/vybhavswaroop/Desktop/untitled folder 3/ecommerce_platform/venv/lib/python3.11/site-packages/airflow/example_dags/example_complex.py
[2026-03-18T02:04:01.016+0530] {processor.py:830} INFO - Processing file /Users/vybhavswaroop/Desktop/untitled folder 3/ecommerce_platform/venv/lib/python3.11/site-packages/airflow/example_dags/example_complex.py for tasks to queue
[2026-03-18T02:04:01.017+0530] {logging_mixin.py:188} INFO - [2026-03-18T02:04:01.017+0530] {dagbag.py:540} INFO - Filling up the DagBag from /Users/vybhavswaroop/Desktop/untitled folder 3/ecommerce_platform/venv/lib/python3.11/site-packages/airflow/example_dags/example_complex.py
[2026-03-18T02:04:01.025+0530] {processor.py:840} INFO - DAG(s) 'example_complex' retrieved from /Users/vybhavswaroop/Desktop/untitled folder 3/ecommerce_platform/venv/lib/python3.11/site-packages/airflow/example_dags/example_complex.py
[2026-03-18T02:04:01.109+0530] {logging_mixin.py:188} INFO - [2026-03-18T02:04:01.108+0530] {dag.py:3047} INFO - Sync 1 DAGs
[2026-03-18T02:04:01.115+0530] {logging_mixin.py:188} INFO - [2026-03-18T02:04:01.115+0530] {dag.py:3834} INFO - Setting next_dagrun for example_complex to None, run_after=None
[2026-03-18T02:04:01.129+0530] {processor.py:183} INFO - Processing /Users/vybhavswaroop/Desktop/untitled folder 3/ecommerce_platform/venv/lib/python3.11/site-packages/airflow/example_dags/example_complex.py took 0.115 seconds
[2026-03-18T02:08:59.697+0530] {processor.py:161} INFO - Started process (PID=66578) to work on /Users/vybhavswaroop/Desktop/untitled folder 3/ecommerce_platform/venv/lib/python3.11/site-packages/airflow/example_dags/example_complex.py
[2026-03-18T02:08:59.699+0530] {processor.py:830} INFO - Processing file /Users/vybhavswaroop/Desktop/untitled folder 3/ecommerce_platform/venv/lib/python3.11/site-packages/airflow/example_dags/example_complex.py for tasks to queue
[2026-03-18T02:08:59.699+0530] {logging_mixin.py:188} INFO - [2026-03-18T02:08:59.699+0530] {dagbag.py:540} INFO - Filling up the DagBag from /Users/vybhavswaroop/Desktop/untitled folder 3/ecommerce_platform/venv/lib/python3.11/site-packages/airflow/example_dags/example_complex.py
[2026-03-18T02:08:59.706+0530] {processor.py:840} INFO - DAG(s) 'example_complex' retrieved from /Users/vybhavswaroop/Desktop/untitled folder 3/ecommerce_platform/venv/lib/python3.11/site-packages/airflow/example_dags/example_complex.py
[2026-03-18T02:08:59.775+0530] {logging_mixin.py:188} INFO - [2026-03-18T02:08:59.775+0530] {dag.py:3047} INFO - Sync 1 DAGs
[2026-03-18T02:08:59.781+0530] {logging_mixin.py:188} INFO - [2026-03-18T02:08:59.781+0530] {dag.py:3834} INFO - Setting next_dagrun for example_complex to None, run_after=None
[2026-03-18T02:08:59.793+0530] {processor.py:183} INFO - Processing /Users/vybhavswaroop/Desktop/untitled folder 3/ecommerce_platform/venv/lib/python3.11/site-packages/airflow/example_dags/example_complex.py took 0.097 seconds
[2026-03-18T02:13:53.653+0530] {processor.py:161} INFO - Started process (PID=69724) to work on /Users/vybhavswaroop/Desktop/untitled folder 3/ecommerce_platform/venv/lib/python3.11/site-packages/airflow/example_dags/example_complex.py
[2026-03-18T02:13:53.655+0530] {processor.py:830} INFO - Processing file /Users/vybhavswaroop/Desktop/untitled folder 3/ecommerce_platform/venv/lib/python3.11/site-packages/airflow/example_dags/example_complex.py for tasks to queue
[2026-03-18T02:13:53.655+0530] {logging_mixin.py:188} INFO - [2026-03-18T02:13:53.655+0530] {dagbag.py:540} INFO - Filling up the DagBag from /Users/vybhavswaroop/Desktop/untitled folder 3/ecommerce_platform/venv/lib/python3.11/site-packages/airflow/example_dags/example_complex.py
[2026-03-18T02:13:53.665+0530] {processor.py:840} INFO - DAG(s) 'example_complex' retrieved from /Users/vybhavswaroop/Desktop/untitled folder 3/ecommerce_platform/venv/lib/python3.11/site-packages/airflow/example_dags/example_complex.py
[2026-03-18T02:13:53.756+0530] {logging_mixin.py:188} INFO - [2026-03-18T02:13:53.756+0530] {dag.py:3047} INFO - Sync 1 DAGs
[2026-03-18T02:13:53.764+0530] {logging_mixin.py:188} INFO - [2026-03-18T02:13:53.764+0530] {dag.py:3834} INFO - Setting next_dagrun for example_complex to None, run_after=None
[2026-03-18T02:13:53.780+0530] {processor.py:183} INFO - Processing /Users/vybhavswaroop/Desktop/untitled folder 3/ecommerce_platform/venv/lib/python3.11/site-packages/airflow/example_dags/example_complex.py took 0.128 seconds
[2026-03-18T02:19:32.586+0530] {processor.py:161} INFO - Started process (PID=72878) to work on /Users/vybhavswaroop/Desktop/untitled folder 3/ecommerce_platform/venv/lib/python3.11/site-packages/airflow/example_dags/example_complex.py
[2026-03-18T02:19:32.587+0530] {processor.py:830} INFO - Processing file /Users/vybhavswaroop/Desktop/untitled folder 3/ecommerce_platform/venv/lib/python3.11/site-packages/airflow/example_dags/example_complex.py for tasks to queue
[2026-03-18T02:19:32.588+0530] {logging_mixin.py:188} INFO - [2026-03-18T02:19:32.588+0530] {dagbag.py:540} INFO - Filling up the DagBag from /Users/vybhavswaroop/Desktop/untitled folder 3/ecommerce_platform/venv/lib/python3.11/site-packages/airflow/example_dags/example_complex.py
[2026-03-18T02:19:32.596+0530] {processor.py:840} INFO - DAG(s) 'example_complex' retrieved from /Users/vybhavswaroop/Desktop/untitled folder 3/ecommerce_platform/venv/lib/python3.11/site-packages/airflow/example_dags/example_complex.py
[2026-03-18T02:19:32.678+0530] {logging_mixin.py:188} INFO - [2026-03-18T02:19:32.678+0530] {dag.py:3047} INFO - Sync 1 DAGs
[2026-03-18T02:19:32.685+0530] {logging_mixin.py:188} INFO - [2026-03-18T02:19:32.684+0530] {dag.py:3834} INFO - Setting next_dagrun for example_complex to None, run_after=None
[2026-03-18T02:19:32.697+0530] {processor.py:183} INFO - Processing /Users/vybhavswaroop/Desktop/untitled folder 3/ecommerce_platform/venv/lib/python3.11/site-packages/airflow/example_dags/example_complex.py took 0.112 seconds
[2026-03-18T02:25:05.784+0530] {processor.py:161} INFO - Started process (PID=75998) to work on /Users/vybhavswaroop/Desktop/untitled folder 3/ecommerce_platform/venv/lib/python3.11/site-packages/airflow/example_dags/example_complex.py
[2026-03-18T02:25:05.785+0530] {processor.py:830} INFO - Processing file /Users/vybhavswaroop/Desktop/untitled folder 3/ecommerce_platform/venv/lib/python3.11/site-packages/airflow/example_dags/example_complex.py for tasks to queue
[2026-03-18T02:25:05.786+0530] {logging_mixin.py:188} INFO - [2026-03-18T02:25:05.786+0530] {dagbag.py:540} INFO - Filling up the DagBag from /Users/vybhavswaroop/Desktop/untitled folder 3/ecommerce_platform/venv/lib/python3.11/site-packages/airflow/example_dags/example_complex.py
[2026-03-18T02:25:05.794+0530] {processor.py:840} INFO - DAG(s) 'example_complex' retrieved from /Users/vybhavswaroop/Desktop/untitled folder 3/ecommerce_platform/venv/lib/python3.11/site-packages/airflow/example_dags/example_complex.py
[2026-03-18T02:25:05.873+0530] {logging_mixin.py:188} INFO - [2026-03-18T02:25:05.873+0530] {dag.py:3047} INFO - Sync 1 DAGs
[2026-03-18T02:25:05.880+0530] {logging_mixin.py:188} INFO - [2026-03-18T02:25:05.880+0530] {dag.py:3834} INFO - Setting next_dagrun for example_complex to None, run_after=None
[2026-03-18T02:25:05.894+0530] {processor.py:183} INFO - Processing /Users/vybhavswaroop/Desktop/untitled folder 3/ecommerce_platform/venv/lib/python3.11/site-packages/airflow/example_dags/example_complex.py took 0.111 seconds
[2026-03-18T02:30:35.386+0530] {processor.py:161} INFO - Started process (PID=79137) to work on /Users/vybhavswaroop/Desktop/untitled folder 3/ecommerce_platform/venv/lib/python3.11/site-packages/airflow/example_dags/example_complex.py
[2026-03-18T02:30:35.387+0530] {processor.py:830} INFO - Processing file /Users/vybhavswaroop/Desktop/untitled folder 3/ecommerce_platform/venv/lib/python3.11/site-packages/airflow/example_dags/example_complex.py for tasks to queue
[2026-03-18T02:30:35.388+0530] {logging_mixin.py:188} INFO - [2026-03-18T02:30:35.388+0530] {dagbag.py:540} INFO - Filling up the DagBag from /Users/vybhavswaroop/Desktop/untitled folder 3/ecommerce_platform/venv/lib/python3.11/site-packages/airflow/example_dags/example_complex.py
[2026-03-18T02:30:35.396+0530] {processor.py:840} INFO - DAG(s) 'example_complex' retrieved from /Users/vybhavswaroop/Desktop/untitled folder 3/ecommerce_platform/venv/lib/python3.11/site-packages/airflow/example_dags/example_complex.py
[2026-03-18T02:30:35.474+0530] {logging_mixin.py:188} INFO - [2026-03-18T02:30:35.474+0530] {dag.py:3047} INFO - Sync 1 DAGs
[2026-03-18T02:30:35.481+0530] {logging_mixin.py:188} INFO - [2026-03-18T02:30:35.481+0530] {dag.py:3834} INFO - Setting next_dagrun for example_complex to None, run_after=None
[2026-03-18T02:30:35.495+0530] {processor.py:183} INFO - Processing /Users/vybhavswaroop/Desktop/untitled folder 3/ecommerce_platform/venv/lib/python3.11/site-packages/airflow/example_dags/example_complex.py took 0.109 seconds
[2026-03-18T02:36:01.444+0530] {processor.py:161} INFO - Started process (PID=82276) to work on /Users/vybhavswaroop/Desktop/untitled folder 3/ecommerce_platform/venv/lib/python3.11/site-packages/airflow/example_dags/example_complex.py
[2026-03-18T02:36:01.446+0530] {processor.py:830} INFO - Processing file /Users/vybhavswaroop/Desktop/untitled folder 3/ecommerce_platform/venv/lib/python3.11/site-packages/airflow/example_dags/example_complex.py for tasks to queue
[2026-03-18T02:36:01.446+0530] {logging_mixin.py:188} INFO - [2026-03-18T02:36:01.446+0530] {dagbag.py:540} INFO - Filling up the DagBag from /Users/vybhavswaroop/Desktop/untitled folder 3/ecommerce_platform/venv/lib/python3.11/site-packages/airflow/example_dags/example_complex.py
[2026-03-18T02:36:01.455+0530] {processor.py:840} INFO - DAG(s) 'example_complex' retrieved from /Users/vybhavswaroop/Desktop/untitled folder 3/ecommerce_platform/venv/lib/python3.11/site-packages/airflow/example_dags/example_complex.py
[2026-03-18T02:36:01.533+0530] {logging_mixin.py:188} INFO - [2026-03-18T02:36:01.533+0530] {dag.py:3047} INFO - Sync 1 DAGs
[2026-03-18T02:36:01.540+0530] {logging_mixin.py:188} INFO - [2026-03-18T02:36:01.540+0530] {dag.py:3834} INFO - Setting next_dagrun for example_complex to None, run_after=None
[2026-03-18T02:36:01.553+0530] {processor.py:183} INFO - Processing /Users/vybhavswaroop/Desktop/untitled folder 3/ecommerce_platform/venv/lib/python3.11/site-packages/airflow/example_dags/example_complex.py took 0.110 seconds
[2026-03-18T02:41:27.141+0530] {processor.py:161} INFO - Started process (PID=85428) to work on /Users/vybhavswaroop/Desktop/untitled folder 3/ecommerce_platform/venv/lib/python3.11/site-packages/airflow/example_dags/example_complex.py
[2026-03-18T02:41:27.143+0530] {processor.py:830} INFO - Processing file /Users/vybhavswaroop/Desktop/untitled folder 3/ecommerce_platform/venv/lib/python3.11/site-packages/airflow/example_dags/example_complex.py for tasks to queue
[2026-03-18T02:41:27.144+0530] {logging_mixin.py:188} INFO - [2026-03-18T02:41:27.144+0530] {dagbag.py:540} INFO - Filling up the DagBag from /Users/vybhavswaroop/Desktop/untitled folder 3/ecommerce_platform/venv/lib/python3.11/site-packages/airflow/example_dags/example_complex.py
[2026-03-18T02:41:27.152+0530] {processor.py:840} INFO - DAG(s) 'example_complex' retrieved from /Users/vybhavswaroop/Desktop/untitled folder 3/ecommerce_platform/venv/lib/python3.11/site-packages/airflow/example_dags/example_complex.py
[2026-03-18T02:41:27.227+0530] {logging_mixin.py:188} INFO - [2026-03-18T02:41:27.227+0530] {dag.py:3047} INFO - Sync 1 DAGs
[2026-03-18T02:41:27.234+0530] {logging_mixin.py:188} INFO - [2026-03-18T02:41:27.234+0530] {dag.py:3834} INFO - Setting next_dagrun for example_complex to None, run_after=None
[2026-03-18T02:41:27.247+0530] {processor.py:183} INFO - Processing /Users/vybhavswaroop/Desktop/untitled folder 3/ecommerce_platform/venv/lib/python3.11/site-packages/airflow/example_dags/example_complex.py took 0.106 seconds
[2026-03-18T02:46:29.127+0530] {processor.py:161} INFO - Started process (PID=88582) to work on /Users/vybhavswaroop/Desktop/untitled folder 3/ecommerce_platform/venv/lib/python3.11/site-packages/airflow/example_dags/example_complex.py
[2026-03-18T02:46:29.128+0530] {processor.py:830} INFO - Processing file /Users/vybhavswaroop/Desktop/untitled folder 3/ecommerce_platform/venv/lib/python3.11/site-packages/airflow/example_dags/example_complex.py for tasks to queue
[2026-03-18T02:46:29.128+0530] {logging_mixin.py:188} INFO - [2026-03-18T02:46:29.128+0530] {dagbag.py:540} INFO - Filling up the DagBag from /Users/vybhavswaroop/Desktop/untitled folder 3/ecommerce_platform/venv/lib/python3.11/site-packages/airflow/example_dags/example_complex.py
[2026-03-18T02:46:29.136+0530] {processor.py:840} INFO - DAG(s) 'example_complex' retrieved from /Users/vybhavswaroop/Desktop/untitled folder 3/ecommerce_platform/venv/lib/python3.11/site-packages/airflow/example_dags/example_complex.py
[2026-03-18T02:46:29.204+0530] {logging_mixin.py:188} INFO - [2026-03-18T02:46:29.204+0530] {dag.py:3047} INFO - Sync 1 DAGs
[2026-03-18T02:46:29.209+0530] {logging_mixin.py:188} INFO - [2026-03-18T02:46:29.209+0530] {dag.py:3834} INFO - Setting next_dagrun for example_complex to None, run_after=None
[2026-03-18T02:46:29.221+0530] {processor.py:183} INFO - Processing /Users/vybhavswaroop/Desktop/untitled folder 3/ecommerce_platform/venv/lib/python3.11/site-packages/airflow/example_dags/example_complex.py took 0.095 seconds
[2026-03-18T02:51:15.013+0530] {processor.py:161} INFO - Started process (PID=91899) to work on /Users/vybhavswaroop/Desktop/untitled folder 3/ecommerce_platform/venv/lib/python3.11/site-packages/airflow/example_dags/example_complex.py
[2026-03-18T02:51:15.014+0530] {processor.py:830} INFO - Processing file /Users/vybhavswaroop/Desktop/untitled folder 3/ecommerce_platform/venv/lib/python3.11/site-packages/airflow/example_dags/example_complex.py for tasks to queue
[2026-03-18T02:51:15.014+0530] {logging_mixin.py:188} INFO - [2026-03-18T02:51:15.014+0530] {dagbag.py:540} INFO - Filling up the DagBag from /Users/vybhavswaroop/Desktop/untitled folder 3/ecommerce_platform/venv/lib/python3.11/site-packages/airflow/example_dags/example_complex.py
[2026-03-18T02:51:15.021+0530] {processor.py:840} INFO - DAG(s) 'example_complex' retrieved from /Users/vybhavswaroop/Desktop/untitled folder 3/ecommerce_platform/venv/lib/python3.11/site-packages/airflow/example_dags/example_complex.py
[2026-03-18T02:51:15.078+0530] {logging_mixin.py:188} INFO - [2026-03-18T02:51:15.077+0530] {dag.py:3047} INFO - Sync 1 DAGs
[2026-03-18T02:51:15.083+0530] {logging_mixin.py:188} INFO - [2026-03-18T02:51:15.082+0530] {dag.py:3834} INFO - Setting next_dagrun for example_complex to None, run_after=None
[2026-03-18T02:51:15.092+0530] {processor.py:183} INFO - Processing /Users/vybhavswaroop/Desktop/untitled folder 3/ecommerce_platform/venv/lib/python3.11/site-packages/airflow/example_dags/example_complex.py took 0.080 seconds
[2026-03-18T02:55:50.299+0530] {processor.py:161} INFO - Started process (PID=95163) to work on /Users/vybhavswaroop/Desktop/untitled folder 3/ecommerce_platform/venv/lib/python3.11/site-packages/airflow/example_dags/example_complex.py
[2026-03-18T02:55:50.300+0530] {processor.py:830} INFO - Processing file /Users/vybhavswaroop/Desktop/untitled folder 3/ecommerce_platform/venv/lib/python3.11/site-packages/airflow/example_dags/example_complex.py for tasks to queue
[2026-03-18T02:55:50.301+0530] {logging_mixin.py:188} INFO - [2026-03-18T02:55:50.301+0530] {dagbag.py:540} INFO - Filling up the DagBag from /Users/vybhavswaroop/Desktop/untitled folder 3/ecommerce_platform/venv/lib/python3.11/site-packages/airflow/example_dags/example_complex.py
[2026-03-18T02:55:50.306+0530] {processor.py:840} INFO - DAG(s) 'example_complex' retrieved from /Users/vybhavswaroop/Desktop/untitled folder 3/ecommerce_platform/venv/lib/python3.11/site-packages/airflow/example_dags/example_complex.py
[2026-03-18T02:55:50.358+0530] {logging_mixin.py:188} INFO - [2026-03-18T02:55:50.357+0530] {dag.py:3047} INFO - Sync 1 DAGs
[2026-03-18T02:55:50.362+0530] {logging_mixin.py:188} INFO - [2026-03-18T02:55:50.362+0530] {dag.py:3834} INFO - Setting next_dagrun for example_complex to None, run_after=None
[2026-03-18T02:55:50.371+0530] {processor.py:183} INFO - Processing /Users/vybhavswaroop/Desktop/untitled folder 3/ecommerce_platform/venv/lib/python3.11/site-packages/airflow/example_dags/example_complex.py took 0.073 seconds
