[2026-03-18T00:02:58.711+0530] {processor.py:161} INFO - Started process (PID=88759) to work on /Users/vybhavswaroop/Desktop/untitled folder 3/ecommerce_platform/venv/lib/python3.11/site-packages/airflow/example_dags/example_branch_datetime_operator.py
[2026-03-18T00:02:58.711+0530] {processor.py:830} INFO - Processing file /Users/vybhavswaroop/Desktop/untitled folder 3/ecommerce_platform/venv/lib/python3.11/site-packages/airflow/example_dags/example_branch_datetime_operator.py for tasks to queue
[2026-03-18T00:02:58.712+0530] {logging_mixin.py:188} INFO - [2026-03-18T00:02:58.712+0530] {dagbag.py:540} INFO - Filling up the DagBag from /Users/vybhavswaroop/Desktop/untitled folder 3/ecommerce_platform/venv/lib/python3.11/site-packages/airflow/example_dags/example_branch_datetime_operator.py
[2026-03-18T00:02:58.716+0530] {processor.py:840} INFO - DAG(s) 'example_branch_datetime_operator', 'example_branch_datetime_operator_2', 'example_branch_datetime_operator_3' retrieved from /Users/vybhavswaroop/Desktop/untitled folder 3/ecommerce_platform/venv/lib/python3.11/site-packages/airflow/example_dags/example_branch_datetime_operator.py
[2026-03-18T00:02:58.790+0530] {logging_mixin.py:188} INFO - [2026-03-18T00:02:58.789+0530] {override.py:1769} INFO - Created Permission View: can delete on DAG:example_branch_datetime_operator
[2026-03-18T00:02:58.793+0530] {logging_mixin.py:188} INFO - [2026-03-18T00:02:58.792+0530] {override.py:1769} INFO - Created Permission View: can edit on DAG:example_branch_datetime_operator
[2026-03-18T00:02:58.794+0530] {logging_mixin.py:188} INFO - [2026-03-18T00:02:58.794+0530] {override.py:1769} INFO - Created Permission View: can read on DAG:example_branch_datetime_operator
[2026-03-18T00:02:58.798+0530] {logging_mixin.py:188} INFO - [2026-03-18T00:02:58.798+0530] {override.py:1769} INFO - Created Permission View: can delete on DAG:example_branch_datetime_operator_2
[2026-03-18T00:02:58.800+0530] {logging_mixin.py:188} INFO - [2026-03-18T00:02:58.800+0530] {override.py:1769} INFO - Created Permission View: can edit on DAG:example_branch_datetime_operator_2
[2026-03-18T00:02:58.801+0530] {logging_mixin.py:188} INFO - [2026-03-18T00:02:58.801+0530] {override.py:1769} INFO - Created Permission View: can read on DAG:example_branch_datetime_operator_2
[2026-03-18T00:02:58.805+0530] {logging_mixin.py:188} INFO - [2026-03-18T00:02:58.805+0530] {override.py:1769} INFO - Created Permission View: can delete on DAG:example_branch_datetime_operator_3
[2026-03-18T00:02:58.806+0530] {logging_mixin.py:188} INFO - [2026-03-18T00:02:58.806+0530] {override.py:1769} INFO - Created Permission View: can edit on DAG:example_branch_datetime_operator_3
[2026-03-18T00:02:58.808+0530] {logging_mixin.py:188} INFO - [2026-03-18T00:02:58.808+0530] {override.py:1769} INFO - Created Permission View: can read on DAG:example_branch_datetime_operator_3
[2026-03-18T00:02:58.808+0530] {logging_mixin.py:188} INFO - [2026-03-18T00:02:58.808+0530] {dag.py:3047} INFO - Sync 3 DAGs
[2026-03-18T00:02:58.812+0530] {logging_mixin.py:188} INFO - [2026-03-18T00:02:58.812+0530] {dag.py:3069} INFO - Creating ORM DAG for example_branch_datetime_operator_2
[2026-03-18T00:02:58.812+0530] {logging_mixin.py:188} INFO - [2026-03-18T00:02:58.812+0530] {dag.py:3069} INFO - Creating ORM DAG for example_branch_datetime_operator
[2026-03-18T00:02:58.812+0530] {logging_mixin.py:188} INFO - [2026-03-18T00:02:58.812+0530] {dag.py:3069} INFO - Creating ORM DAG for example_branch_datetime_operator_3
[2026-03-18T00:02:58.815+0530] {logging_mixin.py:188} INFO - [2026-03-18T00:02:58.815+0530] {dag.py:3834} INFO - Setting next_dagrun for example_branch_datetime_operator to 2026-03-16 00:00:00+00:00, run_after=2026-03-17 00:00:00+00:00
[2026-03-18T00:02:58.816+0530] {logging_mixin.py:188} INFO - [2026-03-18T00:02:58.816+0530] {dag.py:3834} INFO - Setting next_dagrun for example_branch_datetime_operator_2 to 2026-03-16 00:00:00+00:00, run_after=2026-03-17 00:00:00+00:00
[2026-03-18T00:02:58.816+0530] {logging_mixin.py:188} INFO - [2026-03-18T00:02:58.816+0530] {dag.py:3834} INFO - Setting next_dagrun for example_branch_datetime_operator_3 to 2026-03-16 00:00:00+00:00, run_after=2026-03-17 00:00:00+00:00
[2026-03-18T00:02:58.823+0530] {processor.py:183} INFO - Processing /Users/vybhavswaroop/Desktop/untitled folder 3/ecommerce_platform/venv/lib/python3.11/site-packages/airflow/example_dags/example_branch_datetime_operator.py took 0.113 seconds
[2026-03-18T00:06:29.750+0530] {processor.py:161} INFO - Started process (PID=91978) to work on /Users/vybhavswaroop/Desktop/untitled folder 3/ecommerce_platform/venv/lib/python3.11/site-packages/airflow/example_dags/example_branch_datetime_operator.py
[2026-03-18T00:06:29.751+0530] {processor.py:830} INFO - Processing file /Users/vybhavswaroop/Desktop/untitled folder 3/ecommerce_platform/venv/lib/python3.11/site-packages/airflow/example_dags/example_branch_datetime_operator.py for tasks to queue
[2026-03-18T00:06:29.751+0530] {logging_mixin.py:188} INFO - [2026-03-18T00:06:29.751+0530] {dagbag.py:540} INFO - Filling up the DagBag from /Users/vybhavswaroop/Desktop/untitled folder 3/ecommerce_platform/venv/lib/python3.11/site-packages/airflow/example_dags/example_branch_datetime_operator.py
[2026-03-18T00:06:29.757+0530] {processor.py:840} INFO - DAG(s) 'example_branch_datetime_operator', 'example_branch_datetime_operator_2', 'example_branch_datetime_operator_3' retrieved from /Users/vybhavswaroop/Desktop/untitled folder 3/ecommerce_platform/venv/lib/python3.11/site-packages/airflow/example_dags/example_branch_datetime_operator.py
[2026-03-18T00:06:29.800+0530] {logging_mixin.py:188} INFO - [2026-03-18T00:06:29.799+0530] {dag.py:3047} INFO - Sync 3 DAGs
[2026-03-18T00:06:29.806+0530] {logging_mixin.py:188} INFO - [2026-03-18T00:06:29.806+0530] {dag.py:3834} INFO - Setting next_dagrun for example_branch_datetime_operator to 2026-03-16 00:00:00+00:00, run_after=2026-03-17 00:00:00+00:00
[2026-03-18T00:06:29.808+0530] {logging_mixin.py:188} INFO - [2026-03-18T00:06:29.808+0530] {dag.py:3834} INFO - Setting next_dagrun for example_branch_datetime_operator_2 to 2026-03-16 00:00:00+00:00, run_after=2026-03-17 00:00:00+00:00
[2026-03-18T00:06:29.808+0530] {logging_mixin.py:188} INFO - [2026-03-18T00:06:29.808+0530] {dag.py:3834} INFO - Setting next_dagrun for example_branch_datetime_operator_3 to 2026-03-16 00:00:00+00:00, run_after=2026-03-17 00:00:00+00:00
[2026-03-18T00:06:29.815+0530] {processor.py:183} INFO - Processing /Users/vybhavswaroop/Desktop/untitled folder 3/ecommerce_platform/venv/lib/python3.11/site-packages/airflow/example_dags/example_branch_datetime_operator.py took 0.065 seconds
[2026-03-18T00:10:47.979+0530] {processor.py:161} INFO - Started process (PID=95222) to work on /Users/vybhavswaroop/Desktop/untitled folder 3/ecommerce_platform/venv/lib/python3.11/site-packages/airflow/example_dags/example_branch_datetime_operator.py
[2026-03-18T00:10:47.980+0530] {processor.py:830} INFO - Processing file /Users/vybhavswaroop/Desktop/untitled folder 3/ecommerce_platform/venv/lib/python3.11/site-packages/airflow/example_dags/example_branch_datetime_operator.py for tasks to queue
[2026-03-18T00:10:47.980+0530] {logging_mixin.py:188} INFO - [2026-03-18T00:10:47.980+0530] {dagbag.py:540} INFO - Filling up the DagBag from /Users/vybhavswaroop/Desktop/untitled folder 3/ecommerce_platform/venv/lib/python3.11/site-packages/airflow/example_dags/example_branch_datetime_operator.py
[2026-03-18T00:10:47.988+0530] {processor.py:840} INFO - DAG(s) 'example_branch_datetime_operator', 'example_branch_datetime_operator_3', 'example_branch_datetime_operator_2' retrieved from /Users/vybhavswaroop/Desktop/untitled folder 3/ecommerce_platform/venv/lib/python3.11/site-packages/airflow/example_dags/example_branch_datetime_operator.py
[2026-03-18T00:10:48.056+0530] {logging_mixin.py:188} INFO - [2026-03-18T00:10:48.056+0530] {dag.py:3047} INFO - Sync 3 DAGs
[2026-03-18T00:10:48.068+0530] {logging_mixin.py:188} INFO - [2026-03-18T00:10:48.068+0530] {dag.py:3834} INFO - Setting next_dagrun for example_branch_datetime_operator to 2026-03-16 00:00:00+00:00, run_after=2026-03-17 00:00:00+00:00
[2026-03-18T00:10:48.071+0530] {logging_mixin.py:188} INFO - [2026-03-18T00:10:48.070+0530] {dag.py:3834} INFO - Setting next_dagrun for example_branch_datetime_operator_2 to 2026-03-16 00:00:00+00:00, run_after=2026-03-17 00:00:00+00:00
[2026-03-18T00:10:48.071+0530] {logging_mixin.py:188} INFO - [2026-03-18T00:10:48.071+0530] {dag.py:3834} INFO - Setting next_dagrun for example_branch_datetime_operator_3 to 2026-03-16 00:00:00+00:00, run_after=2026-03-17 00:00:00+00:00
[2026-03-18T00:10:48.082+0530] {processor.py:183} INFO - Processing /Users/vybhavswaroop/Desktop/untitled folder 3/ecommerce_platform/venv/lib/python3.11/site-packages/airflow/example_dags/example_branch_datetime_operator.py took 0.104 seconds
[2026-03-18T00:16:17.911+0530] {processor.py:161} INFO - Started process (PID=98457) to work on /Users/vybhavswaroop/Desktop/untitled folder 3/ecommerce_platform/venv/lib/python3.11/site-packages/airflow/example_dags/example_branch_datetime_operator.py
[2026-03-18T00:16:17.913+0530] {processor.py:830} INFO - Processing file /Users/vybhavswaroop/Desktop/untitled folder 3/ecommerce_platform/venv/lib/python3.11/site-packages/airflow/example_dags/example_branch_datetime_operator.py for tasks to queue
[2026-03-18T00:16:17.913+0530] {logging_mixin.py:188} INFO - [2026-03-18T00:16:17.913+0530] {dagbag.py:540} INFO - Filling up the DagBag from /Users/vybhavswaroop/Desktop/untitled folder 3/ecommerce_platform/venv/lib/python3.11/site-packages/airflow/example_dags/example_branch_datetime_operator.py
[2026-03-18T00:16:17.921+0530] {processor.py:840} INFO - DAG(s) 'example_branch_datetime_operator_2', 'example_branch_datetime_operator', 'example_branch_datetime_operator_3' retrieved from /Users/vybhavswaroop/Desktop/untitled folder 3/ecommerce_platform/venv/lib/python3.11/site-packages/airflow/example_dags/example_branch_datetime_operator.py
[2026-03-18T00:16:17.989+0530] {logging_mixin.py:188} INFO - [2026-03-18T00:16:17.989+0530] {dag.py:3047} INFO - Sync 3 DAGs
[2026-03-18T00:16:18.000+0530] {logging_mixin.py:188} INFO - [2026-03-18T00:16:18.000+0530] {dag.py:3834} INFO - Setting next_dagrun for example_branch_datetime_operator to 2026-03-16 00:00:00+00:00, run_after=2026-03-17 00:00:00+00:00
[2026-03-18T00:16:18.003+0530] {logging_mixin.py:188} INFO - [2026-03-18T00:16:18.003+0530] {dag.py:3834} INFO - Setting next_dagrun for example_branch_datetime_operator_2 to 2026-03-16 00:00:00+00:00, run_after=2026-03-17 00:00:00+00:00
[2026-03-18T00:16:18.004+0530] {logging_mixin.py:188} INFO - [2026-03-18T00:16:18.004+0530] {dag.py:3834} INFO - Setting next_dagrun for example_branch_datetime_operator_3 to 2026-03-16 00:00:00+00:00, run_after=2026-03-17 00:00:00+00:00
[2026-03-18T00:16:18.016+0530] {processor.py:183} INFO - Processing /Users/vybhavswaroop/Desktop/untitled folder 3/ecommerce_platform/venv/lib/python3.11/site-packages/airflow/example_dags/example_branch_datetime_operator.py took 0.105 seconds
[2026-03-18T00:21:29.375+0530] {processor.py:161} INFO - Started process (PID=2321) to work on /Users/vybhavswaroop/Desktop/untitled folder 3/ecommerce_platform/venv/lib/python3.11/site-packages/airflow/example_dags/example_branch_datetime_operator.py
[2026-03-18T00:21:29.378+0530] {processor.py:830} INFO - Processing file /Users/vybhavswaroop/Desktop/untitled folder 3/ecommerce_platform/venv/lib/python3.11/site-packages/airflow/example_dags/example_branch_datetime_operator.py for tasks to queue
[2026-03-18T00:21:29.379+0530] {logging_mixin.py:188} INFO - [2026-03-18T00:21:29.378+0530] {dagbag.py:540} INFO - Filling up the DagBag from /Users/vybhavswaroop/Desktop/untitled folder 3/ecommerce_platform/venv/lib/python3.11/site-packages/airflow/example_dags/example_branch_datetime_operator.py
[2026-03-18T00:21:29.388+0530] {processor.py:840} INFO - DAG(s) 'example_branch_datetime_operator', 'example_branch_datetime_operator_3', 'example_branch_datetime_operator_2' retrieved from /Users/vybhavswaroop/Desktop/untitled folder 3/ecommerce_platform/venv/lib/python3.11/site-packages/airflow/example_dags/example_branch_datetime_operator.py
[2026-03-18T00:21:29.466+0530] {logging_mixin.py:188} INFO - [2026-03-18T00:21:29.465+0530] {dag.py:3047} INFO - Sync 3 DAGs
[2026-03-18T00:21:29.478+0530] {logging_mixin.py:188} INFO - [2026-03-18T00:21:29.478+0530] {dag.py:3834} INFO - Setting next_dagrun for example_branch_datetime_operator to 2026-03-16 00:00:00+00:00, run_after=2026-03-17 00:00:00+00:00
[2026-03-18T00:21:29.480+0530] {logging_mixin.py:188} INFO - [2026-03-18T00:21:29.480+0530] {dag.py:3834} INFO - Setting next_dagrun for example_branch_datetime_operator_2 to 2026-03-16 00:00:00+00:00, run_after=2026-03-17 00:00:00+00:00
[2026-03-18T00:21:29.482+0530] {logging_mixin.py:188} INFO - [2026-03-18T00:21:29.482+0530] {dag.py:3834} INFO - Setting next_dagrun for example_branch_datetime_operator_3 to 2026-03-16 00:00:00+00:00, run_after=2026-03-17 00:00:00+00:00
[2026-03-18T00:21:29.496+0530] {processor.py:183} INFO - Processing /Users/vybhavswaroop/Desktop/untitled folder 3/ecommerce_platform/venv/lib/python3.11/site-packages/airflow/example_dags/example_branch_datetime_operator.py took 0.121 seconds
[2026-03-18T00:26:55.490+0530] {processor.py:161} INFO - Started process (PID=5539) to work on /Users/vybhavswaroop/Desktop/untitled folder 3/ecommerce_platform/venv/lib/python3.11/site-packages/airflow/example_dags/example_branch_datetime_operator.py
[2026-03-18T00:26:55.492+0530] {processor.py:830} INFO - Processing file /Users/vybhavswaroop/Desktop/untitled folder 3/ecommerce_platform/venv/lib/python3.11/site-packages/airflow/example_dags/example_branch_datetime_operator.py for tasks to queue
[2026-03-18T00:26:55.492+0530] {logging_mixin.py:188} INFO - [2026-03-18T00:26:55.492+0530] {dagbag.py:540} INFO - Filling up the DagBag from /Users/vybhavswaroop/Desktop/untitled folder 3/ecommerce_platform/venv/lib/python3.11/site-packages/airflow/example_dags/example_branch_datetime_operator.py
[2026-03-18T00:26:55.500+0530] {processor.py:840} INFO - DAG(s) 'example_branch_datetime_operator_3', 'example_branch_datetime_operator', 'example_branch_datetime_operator_2' retrieved from /Users/vybhavswaroop/Desktop/untitled folder 3/ecommerce_platform/venv/lib/python3.11/site-packages/airflow/example_dags/example_branch_datetime_operator.py
[2026-03-18T00:26:55.569+0530] {logging_mixin.py:188} INFO - [2026-03-18T00:26:55.569+0530] {dag.py:3047} INFO - Sync 3 DAGs
[2026-03-18T00:26:55.580+0530] {logging_mixin.py:188} INFO - [2026-03-18T00:26:55.580+0530] {dag.py:3834} INFO - Setting next_dagrun for example_branch_datetime_operator to 2026-03-16 00:00:00+00:00, run_after=2026-03-17 00:00:00+00:00
[2026-03-18T00:26:55.582+0530] {logging_mixin.py:188} INFO - [2026-03-18T00:26:55.582+0530] {dag.py:3834} INFO - Setting next_dagrun for example_branch_datetime_operator_2 to 2026-03-16 00:00:00+00:00, run_after=2026-03-17 00:00:00+00:00
[2026-03-18T00:26:55.583+0530] {logging_mixin.py:188} INFO - [2026-03-18T00:26:55.583+0530] {dag.py:3834} INFO - Setting next_dagrun for example_branch_datetime_operator_3 to 2026-03-16 00:00:00+00:00, run_after=2026-03-17 00:00:00+00:00
[2026-03-18T00:26:55.594+0530] {processor.py:183} INFO - Processing /Users/vybhavswaroop/Desktop/untitled folder 3/ecommerce_platform/venv/lib/python3.11/site-packages/airflow/example_dags/example_branch_datetime_operator.py took 0.105 seconds
[2026-03-18T00:32:21.455+0530] {processor.py:161} INFO - Started process (PID=8612) to work on /Users/vybhavswaroop/Desktop/untitled folder 3/ecommerce_platform/venv/lib/python3.11/site-packages/airflow/example_dags/example_branch_datetime_operator.py
[2026-03-18T00:32:21.457+0530] {processor.py:830} INFO - Processing file /Users/vybhavswaroop/Desktop/untitled folder 3/ecommerce_platform/venv/lib/python3.11/site-packages/airflow/example_dags/example_branch_datetime_operator.py for tasks to queue
[2026-03-18T00:32:21.458+0530] {logging_mixin.py:188} INFO - [2026-03-18T00:32:21.458+0530] {dagbag.py:540} INFO - Filling up the DagBag from /Users/vybhavswaroop/Desktop/untitled folder 3/ecommerce_platform/venv/lib/python3.11/site-packages/airflow/example_dags/example_branch_datetime_operator.py
[2026-03-18T00:32:21.469+0530] {processor.py:840} INFO - DAG(s) 'example_branch_datetime_operator_2', 'example_branch_datetime_operator_3', 'example_branch_datetime_operator' retrieved from /Users/vybhavswaroop/Desktop/untitled folder 3/ecommerce_platform/venv/lib/python3.11/site-packages/airflow/example_dags/example_branch_datetime_operator.py
[2026-03-18T00:32:21.548+0530] {logging_mixin.py:188} INFO - [2026-03-18T00:32:21.548+0530] {dag.py:3047} INFO - Sync 3 DAGs
[2026-03-18T00:32:21.560+0530] {logging_mixin.py:188} INFO - [2026-03-18T00:32:21.560+0530] {dag.py:3834} INFO - Setting next_dagrun for example_branch_datetime_operator to 2026-03-16 00:00:00+00:00, run_after=2026-03-17 00:00:00+00:00
[2026-03-18T00:32:21.563+0530] {logging_mixin.py:188} INFO - [2026-03-18T00:32:21.563+0530] {dag.py:3834} INFO - Setting next_dagrun for example_branch_datetime_operator_2 to 2026-03-16 00:00:00+00:00, run_after=2026-03-17 00:00:00+00:00
[2026-03-18T00:32:21.564+0530] {logging_mixin.py:188} INFO - [2026-03-18T00:32:21.564+0530] {dag.py:3834} INFO - Setting next_dagrun for example_branch_datetime_operator_3 to 2026-03-16 00:00:00+00:00, run_after=2026-03-17 00:00:00+00:00
[2026-03-18T00:32:21.577+0530] {processor.py:183} INFO - Processing /Users/vybhavswaroop/Desktop/untitled folder 3/ecommerce_platform/venv/lib/python3.11/site-packages/airflow/example_dags/example_branch_datetime_operator.py took 0.123 seconds
[2026-03-18T00:37:47.752+0530] {processor.py:161} INFO - Started process (PID=11857) to work on /Users/vybhavswaroop/Desktop/untitled folder 3/ecommerce_platform/venv/lib/python3.11/site-packages/airflow/example_dags/example_branch_datetime_operator.py
[2026-03-18T00:37:47.754+0530] {processor.py:830} INFO - Processing file /Users/vybhavswaroop/Desktop/untitled folder 3/ecommerce_platform/venv/lib/python3.11/site-packages/airflow/example_dags/example_branch_datetime_operator.py for tasks to queue
[2026-03-18T00:37:47.754+0530] {logging_mixin.py:188} INFO - [2026-03-18T00:37:47.754+0530] {dagbag.py:540} INFO - Filling up the DagBag from /Users/vybhavswaroop/Desktop/untitled folder 3/ecommerce_platform/venv/lib/python3.11/site-packages/airflow/example_dags/example_branch_datetime_operator.py
[2026-03-18T00:37:47.763+0530] {processor.py:840} INFO - DAG(s) 'example_branch_datetime_operator_2', 'example_branch_datetime_operator_3', 'example_branch_datetime_operator' retrieved from /Users/vybhavswaroop/Desktop/untitled folder 3/ecommerce_platform/venv/lib/python3.11/site-packages/airflow/example_dags/example_branch_datetime_operator.py
[2026-03-18T00:37:47.837+0530] {logging_mixin.py:188} INFO - [2026-03-18T00:37:47.837+0530] {dag.py:3047} INFO - Sync 3 DAGs
[2026-03-18T00:37:47.848+0530] {logging_mixin.py:188} INFO - [2026-03-18T00:37:47.848+0530] {dag.py:3834} INFO - Setting next_dagrun for example_branch_datetime_operator to 2026-03-16 00:00:00+00:00, run_after=2026-03-17 00:00:00+00:00
[2026-03-18T00:37:47.851+0530] {logging_mixin.py:188} INFO - [2026-03-18T00:37:47.851+0530] {dag.py:3834} INFO - Setting next_dagrun for example_branch_datetime_operator_2 to 2026-03-16 00:00:00+00:00, run_after=2026-03-17 00:00:00+00:00
[2026-03-18T00:37:47.852+0530] {logging_mixin.py:188} INFO - [2026-03-18T00:37:47.852+0530] {dag.py:3834} INFO - Setting next_dagrun for example_branch_datetime_operator_3 to 2026-03-16 00:00:00+00:00, run_after=2026-03-17 00:00:00+00:00
[2026-03-18T00:37:47.863+0530] {processor.py:183} INFO - Processing /Users/vybhavswaroop/Desktop/untitled folder 3/ecommerce_platform/venv/lib/python3.11/site-packages/airflow/example_dags/example_branch_datetime_operator.py took 0.111 seconds
[2026-03-18T00:43:25.474+0530] {processor.py:161} INFO - Started process (PID=15158) to work on /Users/vybhavswaroop/Desktop/untitled folder 3/ecommerce_platform/venv/lib/python3.11/site-packages/airflow/example_dags/example_branch_datetime_operator.py
[2026-03-18T00:43:25.476+0530] {processor.py:830} INFO - Processing file /Users/vybhavswaroop/Desktop/untitled folder 3/ecommerce_platform/venv/lib/python3.11/site-packages/airflow/example_dags/example_branch_datetime_operator.py for tasks to queue
[2026-03-18T00:43:25.476+0530] {logging_mixin.py:188} INFO - [2026-03-18T00:43:25.476+0530] {dagbag.py:540} INFO - Filling up the DagBag from /Users/vybhavswaroop/Desktop/untitled folder 3/ecommerce_platform/venv/lib/python3.11/site-packages/airflow/example_dags/example_branch_datetime_operator.py
[2026-03-18T00:43:25.484+0530] {processor.py:840} INFO - DAG(s) 'example_branch_datetime_operator_3', 'example_branch_datetime_operator', 'example_branch_datetime_operator_2' retrieved from /Users/vybhavswaroop/Desktop/untitled folder 3/ecommerce_platform/venv/lib/python3.11/site-packages/airflow/example_dags/example_branch_datetime_operator.py
[2026-03-18T00:43:25.550+0530] {logging_mixin.py:188} INFO - [2026-03-18T00:43:25.550+0530] {dag.py:3047} INFO - Sync 3 DAGs
[2026-03-18T00:43:25.561+0530] {logging_mixin.py:188} INFO - [2026-03-18T00:43:25.561+0530] {dag.py:3834} INFO - Setting next_dagrun for example_branch_datetime_operator to 2026-03-16 00:00:00+00:00, run_after=2026-03-17 00:00:00+00:00
[2026-03-18T00:43:25.563+0530] {logging_mixin.py:188} INFO - [2026-03-18T00:43:25.563+0530] {dag.py:3834} INFO - Setting next_dagrun for example_branch_datetime_operator_2 to 2026-03-16 00:00:00+00:00, run_after=2026-03-17 00:00:00+00:00
[2026-03-18T00:43:25.564+0530] {logging_mixin.py:188} INFO - [2026-03-18T00:43:25.564+0530] {dag.py:3834} INFO - Setting next_dagrun for example_branch_datetime_operator_3 to 2026-03-16 00:00:00+00:00, run_after=2026-03-17 00:00:00+00:00
[2026-03-18T00:43:25.575+0530] {processor.py:183} INFO - Processing /Users/vybhavswaroop/Desktop/untitled folder 3/ecommerce_platform/venv/lib/python3.11/site-packages/airflow/example_dags/example_branch_datetime_operator.py took 0.101 seconds
[2026-03-18T00:48:47.507+0530] {processor.py:161} INFO - Started process (PID=18422) to work on /Users/vybhavswaroop/Desktop/untitled folder 3/ecommerce_platform/venv/lib/python3.11/site-packages/airflow/example_dags/example_branch_datetime_operator.py
[2026-03-18T00:48:47.509+0530] {processor.py:830} INFO - Processing file /Users/vybhavswaroop/Desktop/untitled folder 3/ecommerce_platform/venv/lib/python3.11/site-packages/airflow/example_dags/example_branch_datetime_operator.py for tasks to queue
[2026-03-18T00:48:47.510+0530] {logging_mixin.py:188} INFO - [2026-03-18T00:48:47.510+0530] {dagbag.py:540} INFO - Filling up the DagBag from /Users/vybhavswaroop/Desktop/untitled folder 3/ecommerce_platform/venv/lib/python3.11/site-packages/airflow/example_dags/example_branch_datetime_operator.py
[2026-03-18T00:48:47.518+0530] {processor.py:840} INFO - DAG(s) 'example_branch_datetime_operator_3', 'example_branch_datetime_operator_2', 'example_branch_datetime_operator' retrieved from /Users/vybhavswaroop/Desktop/untitled folder 3/ecommerce_platform/venv/lib/python3.11/site-packages/airflow/example_dags/example_branch_datetime_operator.py
[2026-03-18T00:48:47.585+0530] {logging_mixin.py:188} INFO - [2026-03-18T00:48:47.585+0530] {dag.py:3047} INFO - Sync 3 DAGs
[2026-03-18T00:48:47.596+0530] {logging_mixin.py:188} INFO - [2026-03-18T00:48:47.595+0530] {dag.py:3834} INFO - Setting next_dagrun for example_branch_datetime_operator to 2026-03-16 00:00:00+00:00, run_after=2026-03-17 00:00:00+00:00
[2026-03-18T00:48:47.598+0530] {logging_mixin.py:188} INFO - [2026-03-18T00:48:47.598+0530] {dag.py:3834} INFO - Setting next_dagrun for example_branch_datetime_operator_2 to 2026-03-16 00:00:00+00:00, run_after=2026-03-17 00:00:00+00:00
[2026-03-18T00:48:47.599+0530] {logging_mixin.py:188} INFO - [2026-03-18T00:48:47.599+0530] {dag.py:3834} INFO - Setting next_dagrun for example_branch_datetime_operator_3 to 2026-03-16 00:00:00+00:00, run_after=2026-03-17 00:00:00+00:00
[2026-03-18T00:48:47.610+0530] {processor.py:183} INFO - Processing /Users/vybhavswaroop/Desktop/untitled folder 3/ecommerce_platform/venv/lib/python3.11/site-packages/airflow/example_dags/example_branch_datetime_operator.py took 0.103 seconds
[2026-03-18T00:54:19.375+0530] {processor.py:161} INFO - Started process (PID=21700) to work on /Users/vybhavswaroop/Desktop/untitled folder 3/ecommerce_platform/venv/lib/python3.11/site-packages/airflow/example_dags/example_branch_datetime_operator.py
[2026-03-18T00:54:19.377+0530] {processor.py:830} INFO - Processing file /Users/vybhavswaroop/Desktop/untitled folder 3/ecommerce_platform/venv/lib/python3.11/site-packages/airflow/example_dags/example_branch_datetime_operator.py for tasks to queue
[2026-03-18T00:54:19.377+0530] {logging_mixin.py:188} INFO - [2026-03-18T00:54:19.377+0530] {dagbag.py:540} INFO - Filling up the DagBag from /Users/vybhavswaroop/Desktop/untitled folder 3/ecommerce_platform/venv/lib/python3.11/site-packages/airflow/example_dags/example_branch_datetime_operator.py
[2026-03-18T00:54:19.385+0530] {processor.py:840} INFO - DAG(s) 'example_branch_datetime_operator', 'example_branch_datetime_operator_3', 'example_branch_datetime_operator_2' retrieved from /Users/vybhavswaroop/Desktop/untitled folder 3/ecommerce_platform/venv/lib/python3.11/site-packages/airflow/example_dags/example_branch_datetime_operator.py
[2026-03-18T00:54:19.460+0530] {logging_mixin.py:188} INFO - [2026-03-18T00:54:19.459+0530] {dag.py:3047} INFO - Sync 3 DAGs
[2026-03-18T00:54:19.473+0530] {logging_mixin.py:188} INFO - [2026-03-18T00:54:19.473+0530] {dag.py:3834} INFO - Setting next_dagrun for example_branch_datetime_operator to 2026-03-16 00:00:00+00:00, run_after=2026-03-17 00:00:00+00:00
[2026-03-18T00:54:19.476+0530] {logging_mixin.py:188} INFO - [2026-03-18T00:54:19.475+0530] {dag.py:3834} INFO - Setting next_dagrun for example_branch_datetime_operator_2 to 2026-03-16 00:00:00+00:00, run_after=2026-03-17 00:00:00+00:00
[2026-03-18T00:54:19.477+0530] {logging_mixin.py:188} INFO - [2026-03-18T00:54:19.477+0530] {dag.py:3834} INFO - Setting next_dagrun for example_branch_datetime_operator_3 to 2026-03-16 00:00:00+00:00, run_after=2026-03-17 00:00:00+00:00
[2026-03-18T00:54:19.491+0530] {processor.py:183} INFO - Processing /Users/vybhavswaroop/Desktop/untitled folder 3/ecommerce_platform/venv/lib/python3.11/site-packages/airflow/example_dags/example_branch_datetime_operator.py took 0.116 seconds
[2026-03-18T01:01:59.021+0530] {processor.py:161} INFO - Started process (PID=26825) to work on /Users/vybhavswaroop/Desktop/untitled folder 3/ecommerce_platform/venv/lib/python3.11/site-packages/airflow/example_dags/example_branch_datetime_operator.py
[2026-03-18T01:01:59.024+0530] {processor.py:830} INFO - Processing file /Users/vybhavswaroop/Desktop/untitled folder 3/ecommerce_platform/venv/lib/python3.11/site-packages/airflow/example_dags/example_branch_datetime_operator.py for tasks to queue
[2026-03-18T01:01:59.024+0530] {logging_mixin.py:188} INFO - [2026-03-18T01:01:59.024+0530] {dagbag.py:540} INFO - Filling up the DagBag from /Users/vybhavswaroop/Desktop/untitled folder 3/ecommerce_platform/venv/lib/python3.11/site-packages/airflow/example_dags/example_branch_datetime_operator.py
[2026-03-18T01:01:59.033+0530] {processor.py:840} INFO - DAG(s) 'example_branch_datetime_operator_3', 'example_branch_datetime_operator', 'example_branch_datetime_operator_2' retrieved from /Users/vybhavswaroop/Desktop/untitled folder 3/ecommerce_platform/venv/lib/python3.11/site-packages/airflow/example_dags/example_branch_datetime_operator.py
[2026-03-18T01:01:59.108+0530] {logging_mixin.py:188} INFO - [2026-03-18T01:01:59.107+0530] {dag.py:3047} INFO - Sync 3 DAGs
[2026-03-18T01:01:59.122+0530] {logging_mixin.py:188} INFO - [2026-03-18T01:01:59.121+0530] {dag.py:3834} INFO - Setting next_dagrun for example_branch_datetime_operator to 2026-03-16 00:00:00+00:00, run_after=2026-03-17 00:00:00+00:00
[2026-03-18T01:01:59.125+0530] {logging_mixin.py:188} INFO - [2026-03-18T01:01:59.125+0530] {dag.py:3834} INFO - Setting next_dagrun for example_branch_datetime_operator_2 to 2026-03-16 00:00:00+00:00, run_after=2026-03-17 00:00:00+00:00
[2026-03-18T01:01:59.126+0530] {logging_mixin.py:188} INFO - [2026-03-18T01:01:59.126+0530] {dag.py:3834} INFO - Setting next_dagrun for example_branch_datetime_operator_3 to 2026-03-16 00:00:00+00:00, run_after=2026-03-17 00:00:00+00:00
[2026-03-18T01:01:59.139+0530] {processor.py:183} INFO - Processing /Users/vybhavswaroop/Desktop/untitled folder 3/ecommerce_platform/venv/lib/python3.11/site-packages/airflow/example_dags/example_branch_datetime_operator.py took 0.118 seconds
[2026-03-18T01:07:26.313+0530] {processor.py:161} INFO - Started process (PID=30110) to work on /Users/vybhavswaroop/Desktop/untitled folder 3/ecommerce_platform/venv/lib/python3.11/site-packages/airflow/example_dags/example_branch_datetime_operator.py
[2026-03-18T01:07:26.316+0530] {processor.py:830} INFO - Processing file /Users/vybhavswaroop/Desktop/untitled folder 3/ecommerce_platform/venv/lib/python3.11/site-packages/airflow/example_dags/example_branch_datetime_operator.py for tasks to queue
[2026-03-18T01:07:26.316+0530] {logging_mixin.py:188} INFO - [2026-03-18T01:07:26.316+0530] {dagbag.py:540} INFO - Filling up the DagBag from /Users/vybhavswaroop/Desktop/untitled folder 3/ecommerce_platform/venv/lib/python3.11/site-packages/airflow/example_dags/example_branch_datetime_operator.py
[2026-03-18T01:07:26.324+0530] {processor.py:840} INFO - DAG(s) 'example_branch_datetime_operator_3', 'example_branch_datetime_operator', 'example_branch_datetime_operator_2' retrieved from /Users/vybhavswaroop/Desktop/untitled folder 3/ecommerce_platform/venv/lib/python3.11/site-packages/airflow/example_dags/example_branch_datetime_operator.py
[2026-03-18T01:07:26.388+0530] {logging_mixin.py:188} INFO - [2026-03-18T01:07:26.388+0530] {dag.py:3047} INFO - Sync 3 DAGs
[2026-03-18T01:07:26.398+0530] {logging_mixin.py:188} INFO - [2026-03-18T01:07:26.398+0530] {dag.py:3834} INFO - Setting next_dagrun for example_branch_datetime_operator to 2026-03-16 00:00:00+00:00, run_after=2026-03-17 00:00:00+00:00
[2026-03-18T01:07:26.401+0530] {logging_mixin.py:188} INFO - [2026-03-18T01:07:26.400+0530] {dag.py:3834} INFO - Setting next_dagrun for example_branch_datetime_operator_2 to 2026-03-16 00:00:00+00:00, run_after=2026-03-17 00:00:00+00:00
[2026-03-18T01:07:26.402+0530] {logging_mixin.py:188} INFO - [2026-03-18T01:07:26.401+0530] {dag.py:3834} INFO - Setting next_dagrun for example_branch_datetime_operator_3 to 2026-03-16 00:00:00+00:00, run_after=2026-03-17 00:00:00+00:00
[2026-03-18T01:07:26.411+0530] {processor.py:183} INFO - Processing /Users/vybhavswaroop/Desktop/untitled folder 3/ecommerce_platform/venv/lib/python3.11/site-packages/airflow/example_dags/example_branch_datetime_operator.py took 0.100 seconds
[2026-03-18T01:13:04.095+0530] {processor.py:161} INFO - Started process (PID=33384) to work on /Users/vybhavswaroop/Desktop/untitled folder 3/ecommerce_platform/venv/lib/python3.11/site-packages/airflow/example_dags/example_branch_datetime_operator.py
[2026-03-18T01:13:04.098+0530] {processor.py:830} INFO - Processing file /Users/vybhavswaroop/Desktop/untitled folder 3/ecommerce_platform/venv/lib/python3.11/site-packages/airflow/example_dags/example_branch_datetime_operator.py for tasks to queue
[2026-03-18T01:13:04.098+0530] {logging_mixin.py:188} INFO - [2026-03-18T01:13:04.098+0530] {dagbag.py:540} INFO - Filling up the DagBag from /Users/vybhavswaroop/Desktop/untitled folder 3/ecommerce_platform/venv/lib/python3.11/site-packages/airflow/example_dags/example_branch_datetime_operator.py
[2026-03-18T01:13:04.107+0530] {processor.py:840} INFO - DAG(s) 'example_branch_datetime_operator', 'example_branch_datetime_operator_2', 'example_branch_datetime_operator_3' retrieved from /Users/vybhavswaroop/Desktop/untitled folder 3/ecommerce_platform/venv/lib/python3.11/site-packages/airflow/example_dags/example_branch_datetime_operator.py
[2026-03-18T01:13:04.172+0530] {logging_mixin.py:188} INFO - [2026-03-18T01:13:04.172+0530] {dag.py:3047} INFO - Sync 3 DAGs
[2026-03-18T01:13:04.183+0530] {logging_mixin.py:188} INFO - [2026-03-18T01:13:04.182+0530] {dag.py:3834} INFO - Setting next_dagrun for example_branch_datetime_operator to 2026-03-16 00:00:00+00:00, run_after=2026-03-17 00:00:00+00:00
[2026-03-18T01:13:04.185+0530] {logging_mixin.py:188} INFO - [2026-03-18T01:13:04.185+0530] {dag.py:3834} INFO - Setting next_dagrun for example_branch_datetime_operator_2 to 2026-03-16 00:00:00+00:00, run_after=2026-03-17 00:00:00+00:00
[2026-03-18T01:13:04.186+0530] {logging_mixin.py:188} INFO - [2026-03-18T01:13:04.186+0530] {dag.py:3834} INFO - Setting next_dagrun for example_branch_datetime_operator_3 to 2026-03-16 00:00:00+00:00, run_after=2026-03-17 00:00:00+00:00
[2026-03-18T01:13:04.195+0530] {processor.py:183} INFO - Processing /Users/vybhavswaroop/Desktop/untitled folder 3/ecommerce_platform/venv/lib/python3.11/site-packages/airflow/example_dags/example_branch_datetime_operator.py took 0.101 seconds
[2026-03-18T01:18:18.184+0530] {processor.py:161} INFO - Started process (PID=36605) to work on /Users/vybhavswaroop/Desktop/untitled folder 3/ecommerce_platform/venv/lib/python3.11/site-packages/airflow/example_dags/example_branch_datetime_operator.py
[2026-03-18T01:18:18.185+0530] {processor.py:830} INFO - Processing file /Users/vybhavswaroop/Desktop/untitled folder 3/ecommerce_platform/venv/lib/python3.11/site-packages/airflow/example_dags/example_branch_datetime_operator.py for tasks to queue
[2026-03-18T01:18:18.186+0530] {logging_mixin.py:188} INFO - [2026-03-18T01:18:18.186+0530] {dagbag.py:540} INFO - Filling up the DagBag from /Users/vybhavswaroop/Desktop/untitled folder 3/ecommerce_platform/venv/lib/python3.11/site-packages/airflow/example_dags/example_branch_datetime_operator.py
[2026-03-18T01:18:18.194+0530] {processor.py:840} INFO - DAG(s) 'example_branch_datetime_operator_2', 'example_branch_datetime_operator', 'example_branch_datetime_operator_3' retrieved from /Users/vybhavswaroop/Desktop/untitled folder 3/ecommerce_platform/venv/lib/python3.11/site-packages/airflow/example_dags/example_branch_datetime_operator.py
[2026-03-18T01:18:18.261+0530] {logging_mixin.py:188} INFO - [2026-03-18T01:18:18.260+0530] {dag.py:3047} INFO - Sync 3 DAGs
[2026-03-18T01:18:18.271+0530] {logging_mixin.py:188} INFO - [2026-03-18T01:18:18.271+0530] {dag.py:3834} INFO - Setting next_dagrun for example_branch_datetime_operator to 2026-03-16 00:00:00+00:00, run_after=2026-03-17 00:00:00+00:00
[2026-03-18T01:18:18.273+0530] {logging_mixin.py:188} INFO - [2026-03-18T01:18:18.273+0530] {dag.py:3834} INFO - Setting next_dagrun for example_branch_datetime_operator_2 to 2026-03-16 00:00:00+00:00, run_after=2026-03-17 00:00:00+00:00
[2026-03-18T01:18:18.275+0530] {logging_mixin.py:188} INFO - [2026-03-18T01:18:18.274+0530] {dag.py:3834} INFO - Setting next_dagrun for example_branch_datetime_operator_3 to 2026-03-16 00:00:00+00:00, run_after=2026-03-17 00:00:00+00:00
[2026-03-18T01:18:18.286+0530] {processor.py:183} INFO - Processing /Users/vybhavswaroop/Desktop/untitled folder 3/ecommerce_platform/venv/lib/python3.11/site-packages/airflow/example_dags/example_branch_datetime_operator.py took 0.103 seconds
[2026-03-18T01:23:28.045+0530] {processor.py:161} INFO - Started process (PID=39819) to work on /Users/vybhavswaroop/Desktop/untitled folder 3/ecommerce_platform/venv/lib/python3.11/site-packages/airflow/example_dags/example_branch_datetime_operator.py
[2026-03-18T01:23:28.046+0530] {processor.py:830} INFO - Processing file /Users/vybhavswaroop/Desktop/untitled folder 3/ecommerce_platform/venv/lib/python3.11/site-packages/airflow/example_dags/example_branch_datetime_operator.py for tasks to queue
[2026-03-18T01:23:28.046+0530] {logging_mixin.py:188} INFO - [2026-03-18T01:23:28.046+0530] {dagbag.py:540} INFO - Filling up the DagBag from /Users/vybhavswaroop/Desktop/untitled folder 3/ecommerce_platform/venv/lib/python3.11/site-packages/airflow/example_dags/example_branch_datetime_operator.py
[2026-03-18T01:23:28.054+0530] {processor.py:840} INFO - DAG(s) 'example_branch_datetime_operator_3', 'example_branch_datetime_operator_2', 'example_branch_datetime_operator' retrieved from /Users/vybhavswaroop/Desktop/untitled folder 3/ecommerce_platform/venv/lib/python3.11/site-packages/airflow/example_dags/example_branch_datetime_operator.py
[2026-03-18T01:23:28.116+0530] {logging_mixin.py:188} INFO - [2026-03-18T01:23:28.116+0530] {dag.py:3047} INFO - Sync 3 DAGs
[2026-03-18T01:23:28.127+0530] {logging_mixin.py:188} INFO - [2026-03-18T01:23:28.127+0530] {dag.py:3834} INFO - Setting next_dagrun for example_branch_datetime_operator to 2026-03-16 00:00:00+00:00, run_after=2026-03-17 00:00:00+00:00
[2026-03-18T01:23:28.129+0530] {logging_mixin.py:188} INFO - [2026-03-18T01:23:28.129+0530] {dag.py:3834} INFO - Setting next_dagrun for example_branch_datetime_operator_2 to 2026-03-16 00:00:00+00:00, run_after=2026-03-17 00:00:00+00:00
[2026-03-18T01:23:28.130+0530] {logging_mixin.py:188} INFO - [2026-03-18T01:23:28.130+0530] {dag.py:3834} INFO - Setting next_dagrun for example_branch_datetime_operator_3 to 2026-03-16 00:00:00+00:00, run_after=2026-03-17 00:00:00+00:00
[2026-03-18T01:23:28.142+0530] {processor.py:183} INFO - Processing /Users/vybhavswaroop/Desktop/untitled folder 3/ecommerce_platform/venv/lib/python3.11/site-packages/airflow/example_dags/example_branch_datetime_operator.py took 0.098 seconds
[2026-03-18T01:28:24.353+0530] {processor.py:161} INFO - Started process (PID=43002) to work on /Users/vybhavswaroop/Desktop/untitled folder 3/ecommerce_platform/venv/lib/python3.11/site-packages/airflow/example_dags/example_branch_datetime_operator.py
[2026-03-18T01:28:24.354+0530] {processor.py:830} INFO - Processing file /Users/vybhavswaroop/Desktop/untitled folder 3/ecommerce_platform/venv/lib/python3.11/site-packages/airflow/example_dags/example_branch_datetime_operator.py for tasks to queue
[2026-03-18T01:28:24.354+0530] {logging_mixin.py:188} INFO - [2026-03-18T01:28:24.354+0530] {dagbag.py:540} INFO - Filling up the DagBag from /Users/vybhavswaroop/Desktop/untitled folder 3/ecommerce_platform/venv/lib/python3.11/site-packages/airflow/example_dags/example_branch_datetime_operator.py
[2026-03-18T01:28:24.362+0530] {processor.py:840} INFO - DAG(s) 'example_branch_datetime_operator', 'example_branch_datetime_operator_2', 'example_branch_datetime_operator_3' retrieved from /Users/vybhavswaroop/Desktop/untitled folder 3/ecommerce_platform/venv/lib/python3.11/site-packages/airflow/example_dags/example_branch_datetime_operator.py
[2026-03-18T01:28:24.429+0530] {logging_mixin.py:188} INFO - [2026-03-18T01:28:24.429+0530] {dag.py:3047} INFO - Sync 3 DAGs
[2026-03-18T01:28:24.440+0530] {logging_mixin.py:188} INFO - [2026-03-18T01:28:24.440+0530] {dag.py:3834} INFO - Setting next_dagrun for example_branch_datetime_operator to 2026-03-16 00:00:00+00:00, run_after=2026-03-17 00:00:00+00:00
[2026-03-18T01:28:24.442+0530] {logging_mixin.py:188} INFO - [2026-03-18T01:28:24.442+0530] {dag.py:3834} INFO - Setting next_dagrun for example_branch_datetime_operator_2 to 2026-03-16 00:00:00+00:00, run_after=2026-03-17 00:00:00+00:00
[2026-03-18T01:28:24.443+0530] {logging_mixin.py:188} INFO - [2026-03-18T01:28:24.443+0530] {dag.py:3834} INFO - Setting next_dagrun for example_branch_datetime_operator_3 to 2026-03-16 00:00:00+00:00, run_after=2026-03-17 00:00:00+00:00
[2026-03-18T01:28:24.456+0530] {processor.py:183} INFO - Processing /Users/vybhavswaroop/Desktop/untitled folder 3/ecommerce_platform/venv/lib/python3.11/site-packages/airflow/example_dags/example_branch_datetime_operator.py took 0.103 seconds
[2026-03-18T01:33:24.753+0530] {processor.py:161} INFO - Started process (PID=46158) to work on /Users/vybhavswaroop/Desktop/untitled folder 3/ecommerce_platform/venv/lib/python3.11/site-packages/airflow/example_dags/example_branch_datetime_operator.py
[2026-03-18T01:33:24.755+0530] {processor.py:830} INFO - Processing file /Users/vybhavswaroop/Desktop/untitled folder 3/ecommerce_platform/venv/lib/python3.11/site-packages/airflow/example_dags/example_branch_datetime_operator.py for tasks to queue
[2026-03-18T01:33:24.755+0530] {logging_mixin.py:188} INFO - [2026-03-18T01:33:24.755+0530] {dagbag.py:540} INFO - Filling up the DagBag from /Users/vybhavswaroop/Desktop/untitled folder 3/ecommerce_platform/venv/lib/python3.11/site-packages/airflow/example_dags/example_branch_datetime_operator.py
[2026-03-18T01:33:24.763+0530] {processor.py:840} INFO - DAG(s) 'example_branch_datetime_operator', 'example_branch_datetime_operator_3', 'example_branch_datetime_operator_2' retrieved from /Users/vybhavswaroop/Desktop/untitled folder 3/ecommerce_platform/venv/lib/python3.11/site-packages/airflow/example_dags/example_branch_datetime_operator.py
[2026-03-18T01:33:24.828+0530] {logging_mixin.py:188} INFO - [2026-03-18T01:33:24.828+0530] {dag.py:3047} INFO - Sync 3 DAGs
[2026-03-18T01:33:24.839+0530] {logging_mixin.py:188} INFO - [2026-03-18T01:33:24.839+0530] {dag.py:3834} INFO - Setting next_dagrun for example_branch_datetime_operator to 2026-03-16 00:00:00+00:00, run_after=2026-03-17 00:00:00+00:00
[2026-03-18T01:33:24.841+0530] {logging_mixin.py:188} INFO - [2026-03-18T01:33:24.841+0530] {dag.py:3834} INFO - Setting next_dagrun for example_branch_datetime_operator_2 to 2026-03-16 00:00:00+00:00, run_after=2026-03-17 00:00:00+00:00
[2026-03-18T01:33:24.842+0530] {logging_mixin.py:188} INFO - [2026-03-18T01:33:24.842+0530] {dag.py:3834} INFO - Setting next_dagrun for example_branch_datetime_operator_3 to 2026-03-16 00:00:00+00:00, run_after=2026-03-17 00:00:00+00:00
[2026-03-18T01:33:24.851+0530] {processor.py:183} INFO - Processing /Users/vybhavswaroop/Desktop/untitled folder 3/ecommerce_platform/venv/lib/python3.11/site-packages/airflow/example_dags/example_branch_datetime_operator.py took 0.099 seconds
[2026-03-18T01:38:26.212+0530] {processor.py:161} INFO - Started process (PID=49306) to work on /Users/vybhavswaroop/Desktop/untitled folder 3/ecommerce_platform/venv/lib/python3.11/site-packages/airflow/example_dags/example_branch_datetime_operator.py
[2026-03-18T01:38:26.216+0530] {processor.py:830} INFO - Processing file /Users/vybhavswaroop/Desktop/untitled folder 3/ecommerce_platform/venv/lib/python3.11/site-packages/airflow/example_dags/example_branch_datetime_operator.py for tasks to queue
[2026-03-18T01:38:26.217+0530] {logging_mixin.py:188} INFO - [2026-03-18T01:38:26.216+0530] {dagbag.py:540} INFO - Filling up the DagBag from /Users/vybhavswaroop/Desktop/untitled folder 3/ecommerce_platform/venv/lib/python3.11/site-packages/airflow/example_dags/example_branch_datetime_operator.py
[2026-03-18T01:38:26.225+0530] {processor.py:840} INFO - DAG(s) 'example_branch_datetime_operator', 'example_branch_datetime_operator_2', 'example_branch_datetime_operator_3' retrieved from /Users/vybhavswaroop/Desktop/untitled folder 3/ecommerce_platform/venv/lib/python3.11/site-packages/airflow/example_dags/example_branch_datetime_operator.py
[2026-03-18T01:38:26.308+0530] {logging_mixin.py:188} INFO - [2026-03-18T01:38:26.307+0530] {dag.py:3047} INFO - Sync 3 DAGs
[2026-03-18T01:38:26.320+0530] {logging_mixin.py:188} INFO - [2026-03-18T01:38:26.320+0530] {dag.py:3834} INFO - Setting next_dagrun for example_branch_datetime_operator to 2026-03-16 00:00:00+00:00, run_after=2026-03-17 00:00:00+00:00
[2026-03-18T01:38:26.323+0530] {logging_mixin.py:188} INFO - [2026-03-18T01:38:26.323+0530] {dag.py:3834} INFO - Setting next_dagrun for example_branch_datetime_operator_2 to 2026-03-16 00:00:00+00:00, run_after=2026-03-17 00:00:00+00:00
[2026-03-18T01:38:26.324+0530] {logging_mixin.py:188} INFO - [2026-03-18T01:38:26.324+0530] {dag.py:3834} INFO - Setting next_dagrun for example_branch_datetime_operator_3 to 2026-03-16 00:00:00+00:00, run_after=2026-03-17 00:00:00+00:00
[2026-03-18T01:38:26.336+0530] {processor.py:183} INFO - Processing /Users/vybhavswaroop/Desktop/untitled folder 3/ecommerce_platform/venv/lib/python3.11/site-packages/airflow/example_dags/example_branch_datetime_operator.py took 0.125 seconds
[2026-03-18T01:44:08.282+0530] {processor.py:161} INFO - Started process (PID=52417) to work on /Users/vybhavswaroop/Desktop/untitled folder 3/ecommerce_platform/venv/lib/python3.11/site-packages/airflow/example_dags/example_branch_datetime_operator.py
[2026-03-18T01:44:08.284+0530] {processor.py:830} INFO - Processing file /Users/vybhavswaroop/Desktop/untitled folder 3/ecommerce_platform/venv/lib/python3.11/site-packages/airflow/example_dags/example_branch_datetime_operator.py for tasks to queue
[2026-03-18T01:44:08.284+0530] {logging_mixin.py:188} INFO - [2026-03-18T01:44:08.284+0530] {dagbag.py:540} INFO - Filling up the DagBag from /Users/vybhavswaroop/Desktop/untitled folder 3/ecommerce_platform/venv/lib/python3.11/site-packages/airflow/example_dags/example_branch_datetime_operator.py
[2026-03-18T01:44:08.294+0530] {processor.py:840} INFO - DAG(s) 'example_branch_datetime_operator_3', 'example_branch_datetime_operator', 'example_branch_datetime_operator_2' retrieved from /Users/vybhavswaroop/Desktop/untitled folder 3/ecommerce_platform/venv/lib/python3.11/site-packages/airflow/example_dags/example_branch_datetime_operator.py
[2026-03-18T01:44:08.376+0530] {logging_mixin.py:188} INFO - [2026-03-18T01:44:08.376+0530] {dag.py:3047} INFO - Sync 3 DAGs
[2026-03-18T01:44:08.388+0530] {logging_mixin.py:188} INFO - [2026-03-18T01:44:08.388+0530] {dag.py:3834} INFO - Setting next_dagrun for example_branch_datetime_operator to 2026-03-16 00:00:00+00:00, run_after=2026-03-17 00:00:00+00:00
[2026-03-18T01:44:08.391+0530] {logging_mixin.py:188} INFO - [2026-03-18T01:44:08.391+0530] {dag.py:3834} INFO - Setting next_dagrun for example_branch_datetime_operator_2 to 2026-03-16 00:00:00+00:00, run_after=2026-03-17 00:00:00+00:00
[2026-03-18T01:44:08.392+0530] {logging_mixin.py:188} INFO - [2026-03-18T01:44:08.392+0530] {dag.py:3834} INFO - Setting next_dagrun for example_branch_datetime_operator_3 to 2026-03-16 00:00:00+00:00, run_after=2026-03-17 00:00:00+00:00
[2026-03-18T01:44:08.404+0530] {processor.py:183} INFO - Processing /Users/vybhavswaroop/Desktop/untitled folder 3/ecommerce_platform/venv/lib/python3.11/site-packages/airflow/example_dags/example_branch_datetime_operator.py took 0.122 seconds
[2026-03-18T01:49:48.867+0530] {processor.py:161} INFO - Started process (PID=55476) to work on /Users/vybhavswaroop/Desktop/untitled folder 3/ecommerce_platform/venv/lib/python3.11/site-packages/airflow/example_dags/example_branch_datetime_operator.py
[2026-03-18T01:49:48.869+0530] {processor.py:830} INFO - Processing file /Users/vybhavswaroop/Desktop/untitled folder 3/ecommerce_platform/venv/lib/python3.11/site-packages/airflow/example_dags/example_branch_datetime_operator.py for tasks to queue
[2026-03-18T01:49:48.869+0530] {logging_mixin.py:188} INFO - [2026-03-18T01:49:48.869+0530] {dagbag.py:540} INFO - Filling up the DagBag from /Users/vybhavswaroop/Desktop/untitled folder 3/ecommerce_platform/venv/lib/python3.11/site-packages/airflow/example_dags/example_branch_datetime_operator.py
[2026-03-18T01:49:48.877+0530] {processor.py:840} INFO - DAG(s) 'example_branch_datetime_operator', 'example_branch_datetime_operator_2', 'example_branch_datetime_operator_3' retrieved from /Users/vybhavswaroop/Desktop/untitled folder 3/ecommerce_platform/venv/lib/python3.11/site-packages/airflow/example_dags/example_branch_datetime_operator.py
[2026-03-18T01:49:48.960+0530] {logging_mixin.py:188} INFO - [2026-03-18T01:49:48.959+0530] {dag.py:3047} INFO - Sync 3 DAGs
[2026-03-18T01:49:48.974+0530] {logging_mixin.py:188} INFO - [2026-03-18T01:49:48.973+0530] {dag.py:3834} INFO - Setting next_dagrun for example_branch_datetime_operator to 2026-03-16 00:00:00+00:00, run_after=2026-03-17 00:00:00+00:00
[2026-03-18T01:49:48.977+0530] {logging_mixin.py:188} INFO - [2026-03-18T01:49:48.977+0530] {dag.py:3834} INFO - Setting next_dagrun for example_branch_datetime_operator_2 to 2026-03-16 00:00:00+00:00, run_after=2026-03-17 00:00:00+00:00
[2026-03-18T01:49:48.978+0530] {logging_mixin.py:188} INFO - [2026-03-18T01:49:48.978+0530] {dag.py:3834} INFO - Setting next_dagrun for example_branch_datetime_operator_3 to 2026-03-16 00:00:00+00:00, run_after=2026-03-17 00:00:00+00:00
[2026-03-18T01:49:48.992+0530] {processor.py:183} INFO - Processing /Users/vybhavswaroop/Desktop/untitled folder 3/ecommerce_platform/venv/lib/python3.11/site-packages/airflow/example_dags/example_branch_datetime_operator.py took 0.125 seconds
[2026-03-18T01:55:32.995+0530] {processor.py:161} INFO - Started process (PID=58607) to work on /Users/vybhavswaroop/Desktop/untitled folder 3/ecommerce_platform/venv/lib/python3.11/site-packages/airflow/example_dags/example_branch_datetime_operator.py
[2026-03-18T01:55:32.997+0530] {processor.py:830} INFO - Processing file /Users/vybhavswaroop/Desktop/untitled folder 3/ecommerce_platform/venv/lib/python3.11/site-packages/airflow/example_dags/example_branch_datetime_operator.py for tasks to queue
[2026-03-18T01:55:32.997+0530] {logging_mixin.py:188} INFO - [2026-03-18T01:55:32.997+0530] {dagbag.py:540} INFO - Filling up the DagBag from /Users/vybhavswaroop/Desktop/untitled folder 3/ecommerce_platform/venv/lib/python3.11/site-packages/airflow/example_dags/example_branch_datetime_operator.py
[2026-03-18T01:55:33.007+0530] {processor.py:840} INFO - DAG(s) 'example_branch_datetime_operator_3', 'example_branch_datetime_operator', 'example_branch_datetime_operator_2' retrieved from /Users/vybhavswaroop/Desktop/untitled folder 3/ecommerce_platform/venv/lib/python3.11/site-packages/airflow/example_dags/example_branch_datetime_operator.py
[2026-03-18T01:55:33.089+0530] {logging_mixin.py:188} INFO - [2026-03-18T01:55:33.089+0530] {dag.py:3047} INFO - Sync 3 DAGs
[2026-03-18T01:55:33.103+0530] {logging_mixin.py:188} INFO - [2026-03-18T01:55:33.103+0530] {dag.py:3834} INFO - Setting next_dagrun for example_branch_datetime_operator to 2026-03-16 00:00:00+00:00, run_after=2026-03-17 00:00:00+00:00
[2026-03-18T01:55:33.107+0530] {logging_mixin.py:188} INFO - [2026-03-18T01:55:33.106+0530] {dag.py:3834} INFO - Setting next_dagrun for example_branch_datetime_operator_2 to 2026-03-16 00:00:00+00:00, run_after=2026-03-17 00:00:00+00:00
[2026-03-18T01:55:33.108+0530] {logging_mixin.py:188} INFO - [2026-03-18T01:55:33.108+0530] {dag.py:3834} INFO - Setting next_dagrun for example_branch_datetime_operator_3 to 2026-03-16 00:00:00+00:00, run_after=2026-03-17 00:00:00+00:00
[2026-03-18T01:55:33.123+0530] {processor.py:183} INFO - Processing /Users/vybhavswaroop/Desktop/untitled folder 3/ecommerce_platform/venv/lib/python3.11/site-packages/airflow/example_dags/example_branch_datetime_operator.py took 0.128 seconds
[2026-03-18T02:01:08.892+0530] {processor.py:161} INFO - Started process (PID=61700) to work on /Users/vybhavswaroop/Desktop/untitled folder 3/ecommerce_platform/venv/lib/python3.11/site-packages/airflow/example_dags/example_branch_datetime_operator.py
[2026-03-18T02:01:08.893+0530] {processor.py:830} INFO - Processing file /Users/vybhavswaroop/Desktop/untitled folder 3/ecommerce_platform/venv/lib/python3.11/site-packages/airflow/example_dags/example_branch_datetime_operator.py for tasks to queue
[2026-03-18T02:01:08.894+0530] {logging_mixin.py:188} INFO - [2026-03-18T02:01:08.894+0530] {dagbag.py:540} INFO - Filling up the DagBag from /Users/vybhavswaroop/Desktop/untitled folder 3/ecommerce_platform/venv/lib/python3.11/site-packages/airflow/example_dags/example_branch_datetime_operator.py
[2026-03-18T02:01:08.904+0530] {processor.py:840} INFO - DAG(s) 'example_branch_datetime_operator', 'example_branch_datetime_operator_2', 'example_branch_datetime_operator_3' retrieved from /Users/vybhavswaroop/Desktop/untitled folder 3/ecommerce_platform/venv/lib/python3.11/site-packages/airflow/example_dags/example_branch_datetime_operator.py
[2026-03-18T02:01:08.986+0530] {logging_mixin.py:188} INFO - [2026-03-18T02:01:08.986+0530] {dag.py:3047} INFO - Sync 3 DAGs
[2026-03-18T02:01:08.998+0530] {logging_mixin.py:188} INFO - [2026-03-18T02:01:08.998+0530] {dag.py:3834} INFO - Setting next_dagrun for example_branch_datetime_operator to 2026-03-16 00:00:00+00:00, run_after=2026-03-17 00:00:00+00:00
[2026-03-18T02:01:09.000+0530] {logging_mixin.py:188} INFO - [2026-03-18T02:01:09.000+0530] {dag.py:3834} INFO - Setting next_dagrun for example_branch_datetime_operator_2 to 2026-03-16 00:00:00+00:00, run_after=2026-03-17 00:00:00+00:00
[2026-03-18T02:01:09.002+0530] {logging_mixin.py:188} INFO - [2026-03-18T02:01:09.002+0530] {dag.py:3834} INFO - Setting next_dagrun for example_branch_datetime_operator_3 to 2026-03-16 00:00:00+00:00, run_after=2026-03-17 00:00:00+00:00
[2026-03-18T02:01:09.014+0530] {processor.py:183} INFO - Processing /Users/vybhavswaroop/Desktop/untitled folder 3/ecommerce_platform/venv/lib/python3.11/site-packages/airflow/example_dags/example_branch_datetime_operator.py took 0.123 seconds
[2026-03-18T02:06:35.390+0530] {processor.py:161} INFO - Started process (PID=64874) to work on /Users/vybhavswaroop/Desktop/untitled folder 3/ecommerce_platform/venv/lib/python3.11/site-packages/airflow/example_dags/example_branch_datetime_operator.py
[2026-03-18T02:06:35.394+0530] {processor.py:830} INFO - Processing file /Users/vybhavswaroop/Desktop/untitled folder 3/ecommerce_platform/venv/lib/python3.11/site-packages/airflow/example_dags/example_branch_datetime_operator.py for tasks to queue
[2026-03-18T02:06:35.394+0530] {logging_mixin.py:188} INFO - [2026-03-18T02:06:35.394+0530] {dagbag.py:540} INFO - Filling up the DagBag from /Users/vybhavswaroop/Desktop/untitled folder 3/ecommerce_platform/venv/lib/python3.11/site-packages/airflow/example_dags/example_branch_datetime_operator.py
[2026-03-18T02:06:35.402+0530] {processor.py:840} INFO - DAG(s) 'example_branch_datetime_operator_2', 'example_branch_datetime_operator', 'example_branch_datetime_operator_3' retrieved from /Users/vybhavswaroop/Desktop/untitled folder 3/ecommerce_platform/venv/lib/python3.11/site-packages/airflow/example_dags/example_branch_datetime_operator.py
[2026-03-18T02:06:35.460+0530] {logging_mixin.py:188} INFO - [2026-03-18T02:06:35.460+0530] {dag.py:3047} INFO - Sync 3 DAGs
[2026-03-18T02:06:35.469+0530] {logging_mixin.py:188} INFO - [2026-03-18T02:06:35.469+0530] {dag.py:3834} INFO - Setting next_dagrun for example_branch_datetime_operator to 2026-03-16 00:00:00+00:00, run_after=2026-03-17 00:00:00+00:00
[2026-03-18T02:06:35.471+0530] {logging_mixin.py:188} INFO - [2026-03-18T02:06:35.471+0530] {dag.py:3834} INFO - Setting next_dagrun for example_branch_datetime_operator_2 to 2026-03-16 00:00:00+00:00, run_after=2026-03-17 00:00:00+00:00
[2026-03-18T02:06:35.472+0530] {logging_mixin.py:188} INFO - [2026-03-18T02:06:35.472+0530] {dag.py:3834} INFO - Setting next_dagrun for example_branch_datetime_operator_3 to 2026-03-16 00:00:00+00:00, run_after=2026-03-17 00:00:00+00:00
[2026-03-18T02:06:35.481+0530] {processor.py:183} INFO - Processing /Users/vybhavswaroop/Desktop/untitled folder 3/ecommerce_platform/venv/lib/python3.11/site-packages/airflow/example_dags/example_branch_datetime_operator.py took 0.092 seconds
[2026-03-18T02:11:14.681+0530] {processor.py:161} INFO - Started process (PID=68140) to work on /Users/vybhavswaroop/Desktop/untitled folder 3/ecommerce_platform/venv/lib/python3.11/site-packages/airflow/example_dags/example_branch_datetime_operator.py
[2026-03-18T02:11:14.683+0530] {processor.py:830} INFO - Processing file /Users/vybhavswaroop/Desktop/untitled folder 3/ecommerce_platform/venv/lib/python3.11/site-packages/airflow/example_dags/example_branch_datetime_operator.py for tasks to queue
[2026-03-18T02:11:14.683+0530] {logging_mixin.py:188} INFO - [2026-03-18T02:11:14.683+0530] {dagbag.py:540} INFO - Filling up the DagBag from /Users/vybhavswaroop/Desktop/untitled folder 3/ecommerce_platform/venv/lib/python3.11/site-packages/airflow/example_dags/example_branch_datetime_operator.py
[2026-03-18T02:11:14.692+0530] {processor.py:840} INFO - DAG(s) 'example_branch_datetime_operator_3', 'example_branch_datetime_operator_2', 'example_branch_datetime_operator' retrieved from /Users/vybhavswaroop/Desktop/untitled folder 3/ecommerce_platform/venv/lib/python3.11/site-packages/airflow/example_dags/example_branch_datetime_operator.py
[2026-03-18T02:11:14.760+0530] {logging_mixin.py:188} INFO - [2026-03-18T02:11:14.759+0530] {dag.py:3047} INFO - Sync 3 DAGs
[2026-03-18T02:11:14.771+0530] {logging_mixin.py:188} INFO - [2026-03-18T02:11:14.771+0530] {dag.py:3834} INFO - Setting next_dagrun for example_branch_datetime_operator to 2026-03-16 00:00:00+00:00, run_after=2026-03-17 00:00:00+00:00
[2026-03-18T02:11:14.773+0530] {logging_mixin.py:188} INFO - [2026-03-18T02:11:14.773+0530] {dag.py:3834} INFO - Setting next_dagrun for example_branch_datetime_operator_2 to 2026-03-16 00:00:00+00:00, run_after=2026-03-17 00:00:00+00:00
[2026-03-18T02:11:14.774+0530] {logging_mixin.py:188} INFO - [2026-03-18T02:11:14.774+0530] {dag.py:3834} INFO - Setting next_dagrun for example_branch_datetime_operator_3 to 2026-03-16 00:00:00+00:00, run_after=2026-03-17 00:00:00+00:00
[2026-03-18T02:11:14.786+0530] {processor.py:183} INFO - Processing /Users/vybhavswaroop/Desktop/untitled folder 3/ecommerce_platform/venv/lib/python3.11/site-packages/airflow/example_dags/example_branch_datetime_operator.py took 0.106 seconds
[2026-03-18T02:16:41.010+0530] {processor.py:161} INFO - Started process (PID=71280) to work on /Users/vybhavswaroop/Desktop/untitled folder 3/ecommerce_platform/venv/lib/python3.11/site-packages/airflow/example_dags/example_branch_datetime_operator.py
[2026-03-18T02:16:41.011+0530] {processor.py:830} INFO - Processing file /Users/vybhavswaroop/Desktop/untitled folder 3/ecommerce_platform/venv/lib/python3.11/site-packages/airflow/example_dags/example_branch_datetime_operator.py for tasks to queue
[2026-03-18T02:16:41.012+0530] {logging_mixin.py:188} INFO - [2026-03-18T02:16:41.011+0530] {dagbag.py:540} INFO - Filling up the DagBag from /Users/vybhavswaroop/Desktop/untitled folder 3/ecommerce_platform/venv/lib/python3.11/site-packages/airflow/example_dags/example_branch_datetime_operator.py
[2026-03-18T02:16:41.020+0530] {processor.py:840} INFO - DAG(s) 'example_branch_datetime_operator_2', 'example_branch_datetime_operator', 'example_branch_datetime_operator_3' retrieved from /Users/vybhavswaroop/Desktop/untitled folder 3/ecommerce_platform/venv/lib/python3.11/site-packages/airflow/example_dags/example_branch_datetime_operator.py
[2026-03-18T02:16:41.097+0530] {logging_mixin.py:188} INFO - [2026-03-18T02:16:41.096+0530] {dag.py:3047} INFO - Sync 3 DAGs
[2026-03-18T02:16:41.109+0530] {logging_mixin.py:188} INFO - [2026-03-18T02:16:41.109+0530] {dag.py:3834} INFO - Setting next_dagrun for example_branch_datetime_operator to 2026-03-16 00:00:00+00:00, run_after=2026-03-17 00:00:00+00:00
[2026-03-18T02:16:41.112+0530] {logging_mixin.py:188} INFO - [2026-03-18T02:16:41.112+0530] {dag.py:3834} INFO - Setting next_dagrun for example_branch_datetime_operator_2 to 2026-03-16 00:00:00+00:00, run_after=2026-03-17 00:00:00+00:00
[2026-03-18T02:16:41.113+0530] {logging_mixin.py:188} INFO - [2026-03-18T02:16:41.113+0530] {dag.py:3834} INFO - Setting next_dagrun for example_branch_datetime_operator_3 to 2026-03-16 00:00:00+00:00, run_after=2026-03-17 00:00:00+00:00
[2026-03-18T02:16:41.125+0530] {processor.py:183} INFO - Processing /Users/vybhavswaroop/Desktop/untitled folder 3/ecommerce_platform/venv/lib/python3.11/site-packages/airflow/example_dags/example_branch_datetime_operator.py took 0.116 seconds
[2026-03-18T02:22:15.166+0530] {processor.py:161} INFO - Started process (PID=74392) to work on /Users/vybhavswaroop/Desktop/untitled folder 3/ecommerce_platform/venv/lib/python3.11/site-packages/airflow/example_dags/example_branch_datetime_operator.py
[2026-03-18T02:22:15.168+0530] {processor.py:830} INFO - Processing file /Users/vybhavswaroop/Desktop/untitled folder 3/ecommerce_platform/venv/lib/python3.11/site-packages/airflow/example_dags/example_branch_datetime_operator.py for tasks to queue
[2026-03-18T02:22:15.169+0530] {logging_mixin.py:188} INFO - [2026-03-18T02:22:15.168+0530] {dagbag.py:540} INFO - Filling up the DagBag from /Users/vybhavswaroop/Desktop/untitled folder 3/ecommerce_platform/venv/lib/python3.11/site-packages/airflow/example_dags/example_branch_datetime_operator.py
[2026-03-18T02:22:15.178+0530] {processor.py:840} INFO - DAG(s) 'example_branch_datetime_operator_2', 'example_branch_datetime_operator', 'example_branch_datetime_operator_3' retrieved from /Users/vybhavswaroop/Desktop/untitled folder 3/ecommerce_platform/venv/lib/python3.11/site-packages/airflow/example_dags/example_branch_datetime_operator.py
[2026-03-18T02:22:15.254+0530] {logging_mixin.py:188} INFO - [2026-03-18T02:22:15.253+0530] {dag.py:3047} INFO - Sync 3 DAGs
[2026-03-18T02:22:15.266+0530] {logging_mixin.py:188} INFO - [2026-03-18T02:22:15.266+0530] {dag.py:3834} INFO - Setting next_dagrun for example_branch_datetime_operator to 2026-03-16 00:00:00+00:00, run_after=2026-03-17 00:00:00+00:00
[2026-03-18T02:22:15.269+0530] {logging_mixin.py:188} INFO - [2026-03-18T02:22:15.269+0530] {dag.py:3834} INFO - Setting next_dagrun for example_branch_datetime_operator_2 to 2026-03-16 00:00:00+00:00, run_after=2026-03-17 00:00:00+00:00
[2026-03-18T02:22:15.270+0530] {logging_mixin.py:188} INFO - [2026-03-18T02:22:15.270+0530] {dag.py:3834} INFO - Setting next_dagrun for example_branch_datetime_operator_3 to 2026-03-16 00:00:00+00:00, run_after=2026-03-17 00:00:00+00:00
[2026-03-18T02:22:15.282+0530] {processor.py:183} INFO - Processing /Users/vybhavswaroop/Desktop/untitled folder 3/ecommerce_platform/venv/lib/python3.11/site-packages/airflow/example_dags/example_branch_datetime_operator.py took 0.117 seconds
[2026-03-18T02:27:47.029+0530] {processor.py:161} INFO - Started process (PID=77518) to work on /Users/vybhavswaroop/Desktop/untitled folder 3/ecommerce_platform/venv/lib/python3.11/site-packages/airflow/example_dags/example_branch_datetime_operator.py
[2026-03-18T02:27:47.031+0530] {processor.py:830} INFO - Processing file /Users/vybhavswaroop/Desktop/untitled folder 3/ecommerce_platform/venv/lib/python3.11/site-packages/airflow/example_dags/example_branch_datetime_operator.py for tasks to queue
[2026-03-18T02:27:47.031+0530] {logging_mixin.py:188} INFO - [2026-03-18T02:27:47.031+0530] {dagbag.py:540} INFO - Filling up the DagBag from /Users/vybhavswaroop/Desktop/untitled folder 3/ecommerce_platform/venv/lib/python3.11/site-packages/airflow/example_dags/example_branch_datetime_operator.py
[2026-03-18T02:27:47.040+0530] {processor.py:840} INFO - DAG(s) 'example_branch_datetime_operator_2', 'example_branch_datetime_operator', 'example_branch_datetime_operator_3' retrieved from /Users/vybhavswaroop/Desktop/untitled folder 3/ecommerce_platform/venv/lib/python3.11/site-packages/airflow/example_dags/example_branch_datetime_operator.py
[2026-03-18T02:27:47.114+0530] {logging_mixin.py:188} INFO - [2026-03-18T02:27:47.114+0530] {dag.py:3047} INFO - Sync 3 DAGs
[2026-03-18T02:27:47.127+0530] {logging_mixin.py:188} INFO - [2026-03-18T02:27:47.127+0530] {dag.py:3834} INFO - Setting next_dagrun for example_branch_datetime_operator to 2026-03-16 00:00:00+00:00, run_after=2026-03-17 00:00:00+00:00
[2026-03-18T02:27:47.130+0530] {logging_mixin.py:188} INFO - [2026-03-18T02:27:47.130+0530] {dag.py:3834} INFO - Setting next_dagrun for example_branch_datetime_operator_2 to 2026-03-16 00:00:00+00:00, run_after=2026-03-17 00:00:00+00:00
[2026-03-18T02:27:47.131+0530] {logging_mixin.py:188} INFO - [2026-03-18T02:27:47.131+0530] {dag.py:3834} INFO - Setting next_dagrun for example_branch_datetime_operator_3 to 2026-03-16 00:00:00+00:00, run_after=2026-03-17 00:00:00+00:00
[2026-03-18T02:27:47.143+0530] {processor.py:183} INFO - Processing /Users/vybhavswaroop/Desktop/untitled folder 3/ecommerce_platform/venv/lib/python3.11/site-packages/airflow/example_dags/example_branch_datetime_operator.py took 0.115 seconds
[2026-03-18T02:33:14.687+0530] {processor.py:161} INFO - Started process (PID=80683) to work on /Users/vybhavswaroop/Desktop/untitled folder 3/ecommerce_platform/venv/lib/python3.11/site-packages/airflow/example_dags/example_branch_datetime_operator.py
[2026-03-18T02:33:14.689+0530] {processor.py:830} INFO - Processing file /Users/vybhavswaroop/Desktop/untitled folder 3/ecommerce_platform/venv/lib/python3.11/site-packages/airflow/example_dags/example_branch_datetime_operator.py for tasks to queue
[2026-03-18T02:33:14.689+0530] {logging_mixin.py:188} INFO - [2026-03-18T02:33:14.689+0530] {dagbag.py:540} INFO - Filling up the DagBag from /Users/vybhavswaroop/Desktop/untitled folder 3/ecommerce_platform/venv/lib/python3.11/site-packages/airflow/example_dags/example_branch_datetime_operator.py
[2026-03-18T02:33:14.698+0530] {processor.py:840} INFO - DAG(s) 'example_branch_datetime_operator_3', 'example_branch_datetime_operator', 'example_branch_datetime_operator_2' retrieved from /Users/vybhavswaroop/Desktop/untitled folder 3/ecommerce_platform/venv/lib/python3.11/site-packages/airflow/example_dags/example_branch_datetime_operator.py
[2026-03-18T02:33:14.774+0530] {logging_mixin.py:188} INFO - [2026-03-18T02:33:14.773+0530] {dag.py:3047} INFO - Sync 3 DAGs
[2026-03-18T02:33:14.786+0530] {logging_mixin.py:188} INFO - [2026-03-18T02:33:14.785+0530] {dag.py:3834} INFO - Setting next_dagrun for example_branch_datetime_operator to 2026-03-16 00:00:00+00:00, run_after=2026-03-17 00:00:00+00:00
[2026-03-18T02:33:14.788+0530] {logging_mixin.py:188} INFO - [2026-03-18T02:33:14.788+0530] {dag.py:3834} INFO - Setting next_dagrun for example_branch_datetime_operator_2 to 2026-03-16 00:00:00+00:00, run_after=2026-03-17 00:00:00+00:00
[2026-03-18T02:33:14.790+0530] {logging_mixin.py:188} INFO - [2026-03-18T02:33:14.790+0530] {dag.py:3834} INFO - Setting next_dagrun for example_branch_datetime_operator_3 to 2026-03-16 00:00:00+00:00, run_after=2026-03-17 00:00:00+00:00
[2026-03-18T02:33:14.802+0530] {processor.py:183} INFO - Processing /Users/vybhavswaroop/Desktop/untitled folder 3/ecommerce_platform/venv/lib/python3.11/site-packages/airflow/example_dags/example_branch_datetime_operator.py took 0.115 seconds
[2026-03-18T02:38:40.030+0530] {processor.py:161} INFO - Started process (PID=83805) to work on /Users/vybhavswaroop/Desktop/untitled folder 3/ecommerce_platform/venv/lib/python3.11/site-packages/airflow/example_dags/example_branch_datetime_operator.py
[2026-03-18T02:38:40.031+0530] {processor.py:830} INFO - Processing file /Users/vybhavswaroop/Desktop/untitled folder 3/ecommerce_platform/venv/lib/python3.11/site-packages/airflow/example_dags/example_branch_datetime_operator.py for tasks to queue
[2026-03-18T02:38:40.032+0530] {logging_mixin.py:188} INFO - [2026-03-18T02:38:40.032+0530] {dagbag.py:540} INFO - Filling up the DagBag from /Users/vybhavswaroop/Desktop/untitled folder 3/ecommerce_platform/venv/lib/python3.11/site-packages/airflow/example_dags/example_branch_datetime_operator.py
[2026-03-18T02:38:40.040+0530] {processor.py:840} INFO - DAG(s) 'example_branch_datetime_operator_2', 'example_branch_datetime_operator_3', 'example_branch_datetime_operator' retrieved from /Users/vybhavswaroop/Desktop/untitled folder 3/ecommerce_platform/venv/lib/python3.11/site-packages/airflow/example_dags/example_branch_datetime_operator.py
[2026-03-18T02:38:40.116+0530] {logging_mixin.py:188} INFO - [2026-03-18T02:38:40.116+0530] {dag.py:3047} INFO - Sync 3 DAGs
[2026-03-18T02:38:40.129+0530] {logging_mixin.py:188} INFO - [2026-03-18T02:38:40.129+0530] {dag.py:3834} INFO - Setting next_dagrun for example_branch_datetime_operator to 2026-03-16 00:00:00+00:00, run_after=2026-03-17 00:00:00+00:00
[2026-03-18T02:38:40.132+0530] {logging_mixin.py:188} INFO - [2026-03-18T02:38:40.132+0530] {dag.py:3834} INFO - Setting next_dagrun for example_branch_datetime_operator_2 to 2026-03-16 00:00:00+00:00, run_after=2026-03-17 00:00:00+00:00
[2026-03-18T02:38:40.133+0530] {logging_mixin.py:188} INFO - [2026-03-18T02:38:40.133+0530] {dag.py:3834} INFO - Setting next_dagrun for example_branch_datetime_operator_3 to 2026-03-16 00:00:00+00:00, run_after=2026-03-17 00:00:00+00:00
[2026-03-18T02:38:40.146+0530] {processor.py:183} INFO - Processing /Users/vybhavswaroop/Desktop/untitled folder 3/ecommerce_platform/venv/lib/python3.11/site-packages/airflow/example_dags/example_branch_datetime_operator.py took 0.117 seconds
[2026-03-18T02:44:00.302+0530] {processor.py:161} INFO - Started process (PID=86965) to work on /Users/vybhavswaroop/Desktop/untitled folder 3/ecommerce_platform/venv/lib/python3.11/site-packages/airflow/example_dags/example_branch_datetime_operator.py
[2026-03-18T02:44:00.306+0530] {processor.py:830} INFO - Processing file /Users/vybhavswaroop/Desktop/untitled folder 3/ecommerce_platform/venv/lib/python3.11/site-packages/airflow/example_dags/example_branch_datetime_operator.py for tasks to queue
[2026-03-18T02:44:00.307+0530] {logging_mixin.py:188} INFO - [2026-03-18T02:44:00.307+0530] {dagbag.py:540} INFO - Filling up the DagBag from /Users/vybhavswaroop/Desktop/untitled folder 3/ecommerce_platform/venv/lib/python3.11/site-packages/airflow/example_dags/example_branch_datetime_operator.py
[2026-03-18T02:44:00.313+0530] {processor.py:840} INFO - DAG(s) 'example_branch_datetime_operator', 'example_branch_datetime_operator_2', 'example_branch_datetime_operator_3' retrieved from /Users/vybhavswaroop/Desktop/untitled folder 3/ecommerce_platform/venv/lib/python3.11/site-packages/airflow/example_dags/example_branch_datetime_operator.py
[2026-03-18T02:44:00.372+0530] {logging_mixin.py:188} INFO - [2026-03-18T02:44:00.372+0530] {dag.py:3047} INFO - Sync 3 DAGs
[2026-03-18T02:44:00.382+0530] {logging_mixin.py:188} INFO - [2026-03-18T02:44:00.381+0530] {dag.py:3834} INFO - Setting next_dagrun for example_branch_datetime_operator to 2026-03-16 00:00:00+00:00, run_after=2026-03-17 00:00:00+00:00
[2026-03-18T02:44:00.384+0530] {logging_mixin.py:188} INFO - [2026-03-18T02:44:00.383+0530] {dag.py:3834} INFO - Setting next_dagrun for example_branch_datetime_operator_2 to 2026-03-16 00:00:00+00:00, run_after=2026-03-17 00:00:00+00:00
[2026-03-18T02:44:00.384+0530] {logging_mixin.py:188} INFO - [2026-03-18T02:44:00.384+0530] {dag.py:3834} INFO - Setting next_dagrun for example_branch_datetime_operator_3 to 2026-03-16 00:00:00+00:00, run_after=2026-03-17 00:00:00+00:00
[2026-03-18T02:44:00.394+0530] {processor.py:183} INFO - Processing /Users/vybhavswaroop/Desktop/untitled folder 3/ecommerce_platform/venv/lib/python3.11/site-packages/airflow/example_dags/example_branch_datetime_operator.py took 0.092 seconds
[2026-03-18T02:48:53.306+0530] {processor.py:161} INFO - Started process (PID=90218) to work on /Users/vybhavswaroop/Desktop/untitled folder 3/ecommerce_platform/venv/lib/python3.11/site-packages/airflow/example_dags/example_branch_datetime_operator.py
[2026-03-18T02:48:53.310+0530] {processor.py:830} INFO - Processing file /Users/vybhavswaroop/Desktop/untitled folder 3/ecommerce_platform/venv/lib/python3.11/site-packages/airflow/example_dags/example_branch_datetime_operator.py for tasks to queue
[2026-03-18T02:48:53.310+0530] {logging_mixin.py:188} INFO - [2026-03-18T02:48:53.310+0530] {dagbag.py:540} INFO - Filling up the DagBag from /Users/vybhavswaroop/Desktop/untitled folder 3/ecommerce_platform/venv/lib/python3.11/site-packages/airflow/example_dags/example_branch_datetime_operator.py
[2026-03-18T02:48:53.318+0530] {processor.py:840} INFO - DAG(s) 'example_branch_datetime_operator_2', 'example_branch_datetime_operator_3', 'example_branch_datetime_operator' retrieved from /Users/vybhavswaroop/Desktop/untitled folder 3/ecommerce_platform/venv/lib/python3.11/site-packages/airflow/example_dags/example_branch_datetime_operator.py
[2026-03-18T02:48:53.379+0530] {logging_mixin.py:188} INFO - [2026-03-18T02:48:53.379+0530] {dag.py:3047} INFO - Sync 3 DAGs
[2026-03-18T02:48:53.390+0530] {logging_mixin.py:188} INFO - [2026-03-18T02:48:53.389+0530] {dag.py:3834} INFO - Setting next_dagrun for example_branch_datetime_operator to 2026-03-16 00:00:00+00:00, run_after=2026-03-17 00:00:00+00:00
[2026-03-18T02:48:53.392+0530] {logging_mixin.py:188} INFO - [2026-03-18T02:48:53.392+0530] {dag.py:3834} INFO - Setting next_dagrun for example_branch_datetime_operator_2 to 2026-03-16 00:00:00+00:00, run_after=2026-03-17 00:00:00+00:00
[2026-03-18T02:48:53.393+0530] {logging_mixin.py:188} INFO - [2026-03-18T02:48:53.393+0530] {dag.py:3834} INFO - Setting next_dagrun for example_branch_datetime_operator_3 to 2026-03-16 00:00:00+00:00, run_after=2026-03-17 00:00:00+00:00
[2026-03-18T02:48:53.403+0530] {processor.py:183} INFO - Processing /Users/vybhavswaroop/Desktop/untitled folder 3/ecommerce_platform/venv/lib/python3.11/site-packages/airflow/example_dags/example_branch_datetime_operator.py took 0.097 seconds
[2026-03-18T02:53:26.710+0530] {processor.py:161} INFO - Started process (PID=93535) to work on /Users/vybhavswaroop/Desktop/untitled folder 3/ecommerce_platform/venv/lib/python3.11/site-packages/airflow/example_dags/example_branch_datetime_operator.py
[2026-03-18T02:53:26.712+0530] {processor.py:830} INFO - Processing file /Users/vybhavswaroop/Desktop/untitled folder 3/ecommerce_platform/venv/lib/python3.11/site-packages/airflow/example_dags/example_branch_datetime_operator.py for tasks to queue
[2026-03-18T02:53:26.712+0530] {logging_mixin.py:188} INFO - [2026-03-18T02:53:26.712+0530] {dagbag.py:540} INFO - Filling up the DagBag from /Users/vybhavswaroop/Desktop/untitled folder 3/ecommerce_platform/venv/lib/python3.11/site-packages/airflow/example_dags/example_branch_datetime_operator.py
[2026-03-18T02:53:26.720+0530] {processor.py:840} INFO - DAG(s) 'example_branch_datetime_operator', 'example_branch_datetime_operator_3', 'example_branch_datetime_operator_2' retrieved from /Users/vybhavswaroop/Desktop/untitled folder 3/ecommerce_platform/venv/lib/python3.11/site-packages/airflow/example_dags/example_branch_datetime_operator.py
[2026-03-18T02:53:26.779+0530] {logging_mixin.py:188} INFO - [2026-03-18T02:53:26.779+0530] {dag.py:3047} INFO - Sync 3 DAGs
[2026-03-18T02:53:26.788+0530] {logging_mixin.py:188} INFO - [2026-03-18T02:53:26.788+0530] {dag.py:3834} INFO - Setting next_dagrun for example_branch_datetime_operator to 2026-03-16 00:00:00+00:00, run_after=2026-03-17 00:00:00+00:00
[2026-03-18T02:53:26.790+0530] {logging_mixin.py:188} INFO - [2026-03-18T02:53:26.790+0530] {dag.py:3834} INFO - Setting next_dagrun for example_branch_datetime_operator_2 to 2026-03-16 00:00:00+00:00, run_after=2026-03-17 00:00:00+00:00
[2026-03-18T02:53:26.791+0530] {logging_mixin.py:188} INFO - [2026-03-18T02:53:26.791+0530] {dag.py:3834} INFO - Setting next_dagrun for example_branch_datetime_operator_3 to 2026-03-16 00:00:00+00:00, run_after=2026-03-17 00:00:00+00:00
[2026-03-18T02:53:26.799+0530] {processor.py:183} INFO - Processing /Users/vybhavswaroop/Desktop/untitled folder 3/ecommerce_platform/venv/lib/python3.11/site-packages/airflow/example_dags/example_branch_datetime_operator.py took 0.090 seconds
[2026-03-18T05:15:27.603+0530] {processor.py:161} INFO - Started process (PID=96758) to work on /Users/vybhavswaroop/Desktop/untitled folder 3/ecommerce_platform/venv/lib/python3.11/site-packages/airflow/example_dags/example_branch_datetime_operator.py
[2026-03-18T05:15:27.605+0530] {processor.py:830} INFO - Processing file /Users/vybhavswaroop/Desktop/untitled folder 3/ecommerce_platform/venv/lib/python3.11/site-packages/airflow/example_dags/example_branch_datetime_operator.py for tasks to queue
[2026-03-18T05:15:27.606+0530] {logging_mixin.py:188} INFO - [2026-03-18T05:15:27.606+0530] {dagbag.py:540} INFO - Filling up the DagBag from /Users/vybhavswaroop/Desktop/untitled folder 3/ecommerce_platform/venv/lib/python3.11/site-packages/airflow/example_dags/example_branch_datetime_operator.py
[2026-03-18T05:15:27.610+0530] {processor.py:840} INFO - DAG(s) 'example_branch_datetime_operator_3', 'example_branch_datetime_operator_2', 'example_branch_datetime_operator' retrieved from /Users/vybhavswaroop/Desktop/untitled folder 3/ecommerce_platform/venv/lib/python3.11/site-packages/airflow/example_dags/example_branch_datetime_operator.py
[2026-03-18T05:15:27.649+0530] {logging_mixin.py:188} INFO - [2026-03-18T05:15:27.649+0530] {dag.py:3047} INFO - Sync 3 DAGs
[2026-03-18T05:15:27.655+0530] {logging_mixin.py:188} INFO - [2026-03-18T05:15:27.655+0530] {dag.py:3834} INFO - Setting next_dagrun for example_branch_datetime_operator to 2026-03-16 00:00:00+00:00, run_after=2026-03-17 00:00:00+00:00
[2026-03-18T05:15:27.656+0530] {logging_mixin.py:188} INFO - [2026-03-18T05:15:27.656+0530] {dag.py:3834} INFO - Setting next_dagrun for example_branch_datetime_operator_2 to 2026-03-16 00:00:00+00:00, run_after=2026-03-17 00:00:00+00:00
[2026-03-18T05:15:27.657+0530] {logging_mixin.py:188} INFO - [2026-03-18T05:15:27.657+0530] {dag.py:3834} INFO - Setting next_dagrun for example_branch_datetime_operator_3 to 2026-03-16 00:00:00+00:00, run_after=2026-03-17 00:00:00+00:00
[2026-03-18T05:15:27.663+0530] {processor.py:183} INFO - Processing /Users/vybhavswaroop/Desktop/untitled folder 3/ecommerce_platform/venv/lib/python3.11/site-packages/airflow/example_dags/example_branch_datetime_operator.py took 0.060 seconds
