[2026-03-23T19:03:33.944+0530] {processor.py:161} INFO - Started process (PID=69460) to work on /Users/vybhavswaroop/Desktop/untitled folder 3/ecommerce_platform/airflow/dags/airflow_dag.py
[2026-03-23T19:03:33.945+0530] {processor.py:830} INFO - Processing file /Users/vybhavswaroop/Desktop/untitled folder 3/ecommerce_platform/airflow/dags/airflow_dag.py for tasks to queue
[2026-03-23T19:03:33.945+0530] {logging_mixin.py:188} INFO - [2026-03-23T19:03:33.945+0530] {dagbag.py:540} INFO - Filling up the DagBag from /Users/vybhavswaroop/Desktop/untitled folder 3/ecommerce_platform/airflow/dags/airflow_dag.py
[2026-03-23T19:03:33.955+0530] {processor.py:840} INFO - DAG(s) 'ecommerce_pipeline' retrieved from /Users/vybhavswaroop/Desktop/untitled folder 3/ecommerce_platform/airflow/dags/airflow_dag.py
[2026-03-23T19:03:33.965+0530] {logging_mixin.py:188} INFO - [2026-03-23T19:03:33.965+0530] {dag.py:3047} INFO - Sync 1 DAGs
[2026-03-23T19:03:33.990+0530] {logging_mixin.py:188} INFO - [2026-03-23T19:03:33.990+0530] {dag.py:3834} INFO - Setting next_dagrun for ecommerce_pipeline to 2026-03-22 02:00:00+00:00, run_after=2026-03-23 02:00:00+00:00
[2026-03-23T19:03:33.996+0530] {processor.py:183} INFO - Processing /Users/vybhavswaroop/Desktop/untitled folder 3/ecommerce_platform/airflow/dags/airflow_dag.py took 0.053 seconds
[2026-03-23T19:05:11.546+0530] {processor.py:161} INFO - Started process (PID=71205) to work on /Users/vybhavswaroop/Desktop/untitled folder 3/ecommerce_platform/airflow/dags/airflow_dag.py
[2026-03-23T19:05:11.547+0530] {processor.py:830} INFO - Processing file /Users/vybhavswaroop/Desktop/untitled folder 3/ecommerce_platform/airflow/dags/airflow_dag.py for tasks to queue
[2026-03-23T19:05:11.547+0530] {logging_mixin.py:188} INFO - [2026-03-23T19:05:11.547+0530] {dagbag.py:540} INFO - Filling up the DagBag from /Users/vybhavswaroop/Desktop/untitled folder 3/ecommerce_platform/airflow/dags/airflow_dag.py
[2026-03-23T19:05:11.557+0530] {processor.py:840} INFO - DAG(s) 'ecommerce_pipeline' retrieved from /Users/vybhavswaroop/Desktop/untitled folder 3/ecommerce_platform/airflow/dags/airflow_dag.py
[2026-03-23T19:05:11.566+0530] {logging_mixin.py:188} INFO - [2026-03-23T19:05:11.566+0530] {dag.py:3047} INFO - Sync 1 DAGs
[2026-03-23T19:05:11.593+0530] {logging_mixin.py:188} INFO - [2026-03-23T19:05:11.593+0530] {dag.py:3834} INFO - Setting next_dagrun for ecommerce_pipeline to 2026-03-23 02:00:00+00:00, run_after=2026-03-24 02:00:00+00:00
[2026-03-23T19:05:11.601+0530] {processor.py:183} INFO - Processing /Users/vybhavswaroop/Desktop/untitled folder 3/ecommerce_platform/airflow/dags/airflow_dag.py took 0.055 seconds
[2026-03-23T19:11:20.219+0530] {processor.py:161} INFO - Started process (PID=73326) to work on /Users/vybhavswaroop/Desktop/untitled folder 3/ecommerce_platform/airflow/dags/airflow_dag.py
[2026-03-23T19:11:20.220+0530] {processor.py:830} INFO - Processing file /Users/vybhavswaroop/Desktop/untitled folder 3/ecommerce_platform/airflow/dags/airflow_dag.py for tasks to queue
[2026-03-23T19:11:20.220+0530] {logging_mixin.py:188} INFO - [2026-03-23T19:11:20.220+0530] {dagbag.py:540} INFO - Filling up the DagBag from /Users/vybhavswaroop/Desktop/untitled folder 3/ecommerce_platform/airflow/dags/airflow_dag.py
[2026-03-23T19:11:20.231+0530] {processor.py:840} INFO - DAG(s) 'ecommerce_pipeline' retrieved from /Users/vybhavswaroop/Desktop/untitled folder 3/ecommerce_platform/airflow/dags/airflow_dag.py
[2026-03-23T19:11:20.242+0530] {logging_mixin.py:188} INFO - [2026-03-23T19:11:20.241+0530] {dag.py:3047} INFO - Sync 1 DAGs
[2026-03-23T19:11:20.269+0530] {logging_mixin.py:188} INFO - [2026-03-23T19:11:20.269+0530] {dag.py:3834} INFO - Setting next_dagrun for ecommerce_pipeline to 2026-03-23 02:00:00+00:00, run_after=2026-03-24 02:00:00+00:00
[2026-03-23T19:11:20.275+0530] {processor.py:183} INFO - Processing /Users/vybhavswaroop/Desktop/untitled folder 3/ecommerce_platform/airflow/dags/airflow_dag.py took 0.056 seconds
[2026-03-23T19:13:23.164+0530] {processor.py:161} INFO - Started process (PID=75870) to work on /Users/vybhavswaroop/Desktop/untitled folder 3/ecommerce_platform/airflow/dags/airflow_dag.py
[2026-03-23T19:13:23.165+0530] {processor.py:830} INFO - Processing file /Users/vybhavswaroop/Desktop/untitled folder 3/ecommerce_platform/airflow/dags/airflow_dag.py for tasks to queue
[2026-03-23T19:13:23.165+0530] {logging_mixin.py:188} INFO - [2026-03-23T19:13:23.165+0530] {dagbag.py:540} INFO - Filling up the DagBag from /Users/vybhavswaroop/Desktop/untitled folder 3/ecommerce_platform/airflow/dags/airflow_dag.py
[2026-03-23T19:13:23.178+0530] {processor.py:840} INFO - DAG(s) 'ecommerce_pipeline' retrieved from /Users/vybhavswaroop/Desktop/untitled folder 3/ecommerce_platform/airflow/dags/airflow_dag.py
[2026-03-23T19:13:23.191+0530] {logging_mixin.py:188} INFO - [2026-03-23T19:13:23.191+0530] {dag.py:3047} INFO - Sync 1 DAGs
[2026-03-23T19:13:23.225+0530] {logging_mixin.py:188} INFO - [2026-03-23T19:13:23.225+0530] {dag.py:3834} INFO - Setting next_dagrun for ecommerce_pipeline to 2026-03-23 02:00:00+00:00, run_after=2026-03-24 02:00:00+00:00
[2026-03-23T19:13:23.232+0530] {processor.py:183} INFO - Processing /Users/vybhavswaroop/Desktop/untitled folder 3/ecommerce_platform/airflow/dags/airflow_dag.py took 0.069 seconds
