[2026-03-18T00:00:53.187+0530] {processor.py:161} INFO - Started process (PID=86755) to work on /Users/vybhavswaroop/Desktop/untitled folder 3/ecommerce_platform/venv/lib/python3.11/site-packages/airflow/example_dags/plugins/workday.py
[2026-03-18T00:00:53.188+0530] {processor.py:830} INFO - Processing file /Users/vybhavswaroop/Desktop/untitled folder 3/ecommerce_platform/venv/lib/python3.11/site-packages/airflow/example_dags/plugins/workday.py for tasks to queue
[2026-03-18T00:00:53.188+0530] {logging_mixin.py:188} INFO - [2026-03-18T00:00:53.188+0530] {dagbag.py:540} INFO - Filling up the DagBag from /Users/vybhavswaroop/Desktop/untitled folder 3/ecommerce_platform/venv/lib/python3.11/site-packages/airflow/example_dags/plugins/workday.py
[2026-03-18T00:00:53.461+0530] {processor.py:842} WARNING - No viable dags retrieved from /Users/vybhavswaroop/Desktop/untitled folder 3/ecommerce_platform/venv/lib/python3.11/site-packages/airflow/example_dags/plugins/workday.py
[2026-03-18T00:00:53.487+0530] {processor.py:183} INFO - Processing /Users/vybhavswaroop/Desktop/untitled folder 3/ecommerce_platform/venv/lib/python3.11/site-packages/airflow/example_dags/plugins/workday.py took 0.300 seconds
[2026-03-18T00:03:10.725+0530] {processor.py:161} INFO - Started process (PID=88931) to work on /Users/vybhavswaroop/Desktop/untitled folder 3/ecommerce_platform/venv/lib/python3.11/site-packages/airflow/example_dags/plugins/workday.py
[2026-03-18T00:03:10.726+0530] {processor.py:830} INFO - Processing file /Users/vybhavswaroop/Desktop/untitled folder 3/ecommerce_platform/venv/lib/python3.11/site-packages/airflow/example_dags/plugins/workday.py for tasks to queue
[2026-03-18T00:03:10.726+0530] {logging_mixin.py:188} INFO - [2026-03-18T00:03:10.726+0530] {dagbag.py:540} INFO - Filling up the DagBag from /Users/vybhavswaroop/Desktop/untitled folder 3/ecommerce_platform/venv/lib/python3.11/site-packages/airflow/example_dags/plugins/workday.py
[2026-03-18T00:03:11.015+0530] {processor.py:842} WARNING - No viable dags retrieved from /Users/vybhavswaroop/Desktop/untitled folder 3/ecommerce_platform/venv/lib/python3.11/site-packages/airflow/example_dags/plugins/workday.py
[2026-03-18T00:03:11.043+0530] {processor.py:183} INFO - Processing /Users/vybhavswaroop/Desktop/untitled folder 3/ecommerce_platform/venv/lib/python3.11/site-packages/airflow/example_dags/plugins/workday.py took 0.319 seconds
[2026-03-18T00:04:54.621+0530] {processor.py:161} INFO - Started process (PID=90499) to work on /Users/vybhavswaroop/Desktop/untitled folder 3/ecommerce_platform/venv/lib/python3.11/site-packages/airflow/example_dags/plugins/workday.py
[2026-03-18T00:04:54.622+0530] {processor.py:830} INFO - Processing file /Users/vybhavswaroop/Desktop/untitled folder 3/ecommerce_platform/venv/lib/python3.11/site-packages/airflow/example_dags/plugins/workday.py for tasks to queue
[2026-03-18T00:04:54.622+0530] {logging_mixin.py:188} INFO - [2026-03-18T00:04:54.622+0530] {dagbag.py:540} INFO - Filling up the DagBag from /Users/vybhavswaroop/Desktop/untitled folder 3/ecommerce_platform/venv/lib/python3.11/site-packages/airflow/example_dags/plugins/workday.py
[2026-03-18T00:04:54.907+0530] {processor.py:842} WARNING - No viable dags retrieved from /Users/vybhavswaroop/Desktop/untitled folder 3/ecommerce_platform/venv/lib/python3.11/site-packages/airflow/example_dags/plugins/workday.py
[2026-03-18T00:04:54.935+0530] {processor.py:183} INFO - Processing /Users/vybhavswaroop/Desktop/untitled folder 3/ecommerce_platform/venv/lib/python3.11/site-packages/airflow/example_dags/plugins/workday.py took 0.314 seconds
[2026-03-18T00:06:41.700+0530] {processor.py:161} INFO - Started process (PID=92144) to work on /Users/vybhavswaroop/Desktop/untitled folder 3/ecommerce_platform/venv/lib/python3.11/site-packages/airflow/example_dags/plugins/workday.py
[2026-03-18T00:06:41.701+0530] {processor.py:830} INFO - Processing file /Users/vybhavswaroop/Desktop/untitled folder 3/ecommerce_platform/venv/lib/python3.11/site-packages/airflow/example_dags/plugins/workday.py for tasks to queue
[2026-03-18T00:06:41.701+0530] {logging_mixin.py:188} INFO - [2026-03-18T00:06:41.701+0530] {dagbag.py:540} INFO - Filling up the DagBag from /Users/vybhavswaroop/Desktop/untitled folder 3/ecommerce_platform/venv/lib/python3.11/site-packages/airflow/example_dags/plugins/workday.py
[2026-03-18T00:06:41.991+0530] {processor.py:842} WARNING - No viable dags retrieved from /Users/vybhavswaroop/Desktop/untitled folder 3/ecommerce_platform/venv/lib/python3.11/site-packages/airflow/example_dags/plugins/workday.py
[2026-03-18T00:06:42.020+0530] {processor.py:183} INFO - Processing /Users/vybhavswaroop/Desktop/untitled folder 3/ecommerce_platform/venv/lib/python3.11/site-packages/airflow/example_dags/plugins/workday.py took 0.321 seconds
[2026-03-18T00:08:42.565+0530] {processor.py:161} INFO - Started process (PID=93701) to work on /Users/vybhavswaroop/Desktop/untitled folder 3/ecommerce_platform/venv/lib/python3.11/site-packages/airflow/example_dags/plugins/workday.py
[2026-03-18T00:08:42.566+0530] {processor.py:830} INFO - Processing file /Users/vybhavswaroop/Desktop/untitled folder 3/ecommerce_platform/venv/lib/python3.11/site-packages/airflow/example_dags/plugins/workday.py for tasks to queue
[2026-03-18T00:08:42.567+0530] {logging_mixin.py:188} INFO - [2026-03-18T00:08:42.566+0530] {dagbag.py:540} INFO - Filling up the DagBag from /Users/vybhavswaroop/Desktop/untitled folder 3/ecommerce_platform/venv/lib/python3.11/site-packages/airflow/example_dags/plugins/workday.py
[2026-03-18T00:08:42.911+0530] {processor.py:842} WARNING - No viable dags retrieved from /Users/vybhavswaroop/Desktop/untitled folder 3/ecommerce_platform/venv/lib/python3.11/site-packages/airflow/example_dags/plugins/workday.py
[2026-03-18T00:08:42.945+0530] {processor.py:183} INFO - Processing /Users/vybhavswaroop/Desktop/untitled folder 3/ecommerce_platform/venv/lib/python3.11/site-packages/airflow/example_dags/plugins/workday.py took 0.380 seconds
[2026-03-18T00:11:04.823+0530] {processor.py:161} INFO - Started process (PID=95392) to work on /Users/vybhavswaroop/Desktop/untitled folder 3/ecommerce_platform/venv/lib/python3.11/site-packages/airflow/example_dags/plugins/workday.py
[2026-03-18T00:11:04.824+0530] {processor.py:830} INFO - Processing file /Users/vybhavswaroop/Desktop/untitled folder 3/ecommerce_platform/venv/lib/python3.11/site-packages/airflow/example_dags/plugins/workday.py for tasks to queue
[2026-03-18T00:11:04.825+0530] {logging_mixin.py:188} INFO - [2026-03-18T00:11:04.824+0530] {dagbag.py:540} INFO - Filling up the DagBag from /Users/vybhavswaroop/Desktop/untitled folder 3/ecommerce_platform/venv/lib/python3.11/site-packages/airflow/example_dags/plugins/workday.py
[2026-03-18T00:11:05.335+0530] {processor.py:842} WARNING - No viable dags retrieved from /Users/vybhavswaroop/Desktop/untitled folder 3/ecommerce_platform/venv/lib/python3.11/site-packages/airflow/example_dags/plugins/workday.py
[2026-03-18T00:11:05.388+0530] {processor.py:183} INFO - Processing /Users/vybhavswaroop/Desktop/untitled folder 3/ecommerce_platform/venv/lib/python3.11/site-packages/airflow/example_dags/plugins/workday.py took 0.566 seconds
[2026-03-18T00:13:54.970+0530] {processor.py:161} INFO - Started process (PID=97005) to work on /Users/vybhavswaroop/Desktop/untitled folder 3/ecommerce_platform/venv/lib/python3.11/site-packages/airflow/example_dags/plugins/workday.py
[2026-03-18T00:13:54.971+0530] {processor.py:830} INFO - Processing file /Users/vybhavswaroop/Desktop/untitled folder 3/ecommerce_platform/venv/lib/python3.11/site-packages/airflow/example_dags/plugins/workday.py for tasks to queue
[2026-03-18T00:13:54.971+0530] {logging_mixin.py:188} INFO - [2026-03-18T00:13:54.971+0530] {dagbag.py:540} INFO - Filling up the DagBag from /Users/vybhavswaroop/Desktop/untitled folder 3/ecommerce_platform/venv/lib/python3.11/site-packages/airflow/example_dags/plugins/workday.py
[2026-03-18T00:13:55.400+0530] {processor.py:842} WARNING - No viable dags retrieved from /Users/vybhavswaroop/Desktop/untitled folder 3/ecommerce_platform/venv/lib/python3.11/site-packages/airflow/example_dags/plugins/workday.py
[2026-03-18T00:13:55.442+0530] {processor.py:183} INFO - Processing /Users/vybhavswaroop/Desktop/untitled folder 3/ecommerce_platform/venv/lib/python3.11/site-packages/airflow/example_dags/plugins/workday.py took 0.473 seconds
[2026-03-18T00:16:32.811+0530] {processor.py:161} INFO - Started process (PID=98631) to work on /Users/vybhavswaroop/Desktop/untitled folder 3/ecommerce_platform/venv/lib/python3.11/site-packages/airflow/example_dags/plugins/workday.py
[2026-03-18T00:16:32.812+0530] {processor.py:830} INFO - Processing file /Users/vybhavswaroop/Desktop/untitled folder 3/ecommerce_platform/venv/lib/python3.11/site-packages/airflow/example_dags/plugins/workday.py for tasks to queue
[2026-03-18T00:16:32.812+0530] {logging_mixin.py:188} INFO - [2026-03-18T00:16:32.812+0530] {dagbag.py:540} INFO - Filling up the DagBag from /Users/vybhavswaroop/Desktop/untitled folder 3/ecommerce_platform/venv/lib/python3.11/site-packages/airflow/example_dags/plugins/workday.py
[2026-03-18T00:16:33.270+0530] {processor.py:842} WARNING - No viable dags retrieved from /Users/vybhavswaroop/Desktop/untitled folder 3/ecommerce_platform/venv/lib/python3.11/site-packages/airflow/example_dags/plugins/workday.py
[2026-03-18T00:16:33.320+0530] {processor.py:183} INFO - Processing /Users/vybhavswaroop/Desktop/untitled folder 3/ecommerce_platform/venv/lib/python3.11/site-packages/airflow/example_dags/plugins/workday.py took 0.510 seconds
[2026-03-18T00:19:08.260+0530] {processor.py:161} INFO - Started process (PID=439) to work on /Users/vybhavswaroop/Desktop/untitled folder 3/ecommerce_platform/venv/lib/python3.11/site-packages/airflow/example_dags/plugins/workday.py
[2026-03-18T00:19:08.261+0530] {processor.py:830} INFO - Processing file /Users/vybhavswaroop/Desktop/untitled folder 3/ecommerce_platform/venv/lib/python3.11/site-packages/airflow/example_dags/plugins/workday.py for tasks to queue
[2026-03-18T00:19:08.262+0530] {logging_mixin.py:188} INFO - [2026-03-18T00:19:08.261+0530] {dagbag.py:540} INFO - Filling up the DagBag from /Users/vybhavswaroop/Desktop/untitled folder 3/ecommerce_platform/venv/lib/python3.11/site-packages/airflow/example_dags/plugins/workday.py
[2026-03-18T00:19:08.670+0530] {processor.py:842} WARNING - No viable dags retrieved from /Users/vybhavswaroop/Desktop/untitled folder 3/ecommerce_platform/venv/lib/python3.11/site-packages/airflow/example_dags/plugins/workday.py
[2026-03-18T00:19:08.711+0530] {processor.py:183} INFO - Processing /Users/vybhavswaroop/Desktop/untitled folder 3/ecommerce_platform/venv/lib/python3.11/site-packages/airflow/example_dags/plugins/workday.py took 0.452 seconds
[2026-03-18T00:21:45.385+0530] {processor.py:161} INFO - Started process (PID=2479) to work on /Users/vybhavswaroop/Desktop/untitled folder 3/ecommerce_platform/venv/lib/python3.11/site-packages/airflow/example_dags/plugins/workday.py
[2026-03-18T00:21:45.386+0530] {processor.py:830} INFO - Processing file /Users/vybhavswaroop/Desktop/untitled folder 3/ecommerce_platform/venv/lib/python3.11/site-packages/airflow/example_dags/plugins/workday.py for tasks to queue
[2026-03-18T00:21:45.386+0530] {logging_mixin.py:188} INFO - [2026-03-18T00:21:45.386+0530] {dagbag.py:540} INFO - Filling up the DagBag from /Users/vybhavswaroop/Desktop/untitled folder 3/ecommerce_platform/venv/lib/python3.11/site-packages/airflow/example_dags/plugins/workday.py
[2026-03-18T00:21:45.829+0530] {processor.py:842} WARNING - No viable dags retrieved from /Users/vybhavswaroop/Desktop/untitled folder 3/ecommerce_platform/venv/lib/python3.11/site-packages/airflow/example_dags/plugins/workday.py
[2026-03-18T00:21:45.879+0530] {processor.py:183} INFO - Processing /Users/vybhavswaroop/Desktop/untitled folder 3/ecommerce_platform/venv/lib/python3.11/site-packages/airflow/example_dags/plugins/workday.py took 0.495 seconds
[2026-03-18T00:24:25.434+0530] {processor.py:161} INFO - Started process (PID=4124) to work on /Users/vybhavswaroop/Desktop/untitled folder 3/ecommerce_platform/venv/lib/python3.11/site-packages/airflow/example_dags/plugins/workday.py
[2026-03-18T00:24:25.436+0530] {processor.py:830} INFO - Processing file /Users/vybhavswaroop/Desktop/untitled folder 3/ecommerce_platform/venv/lib/python3.11/site-packages/airflow/example_dags/plugins/workday.py for tasks to queue
[2026-03-18T00:24:25.436+0530] {logging_mixin.py:188} INFO - [2026-03-18T00:24:25.436+0530] {dagbag.py:540} INFO - Filling up the DagBag from /Users/vybhavswaroop/Desktop/untitled folder 3/ecommerce_platform/venv/lib/python3.11/site-packages/airflow/example_dags/plugins/workday.py
[2026-03-18T00:24:25.850+0530] {processor.py:842} WARNING - No viable dags retrieved from /Users/vybhavswaroop/Desktop/untitled folder 3/ecommerce_platform/venv/lib/python3.11/site-packages/airflow/example_dags/plugins/workday.py
[2026-03-18T00:24:25.892+0530] {processor.py:183} INFO - Processing /Users/vybhavswaroop/Desktop/untitled folder 3/ecommerce_platform/venv/lib/python3.11/site-packages/airflow/example_dags/plugins/workday.py took 0.458 seconds
[2026-03-18T00:27:10.646+0530] {processor.py:161} INFO - Started process (PID=5689) to work on /Users/vybhavswaroop/Desktop/untitled folder 3/ecommerce_platform/venv/lib/python3.11/site-packages/airflow/example_dags/plugins/workday.py
[2026-03-18T00:27:10.647+0530] {processor.py:830} INFO - Processing file /Users/vybhavswaroop/Desktop/untitled folder 3/ecommerce_platform/venv/lib/python3.11/site-packages/airflow/example_dags/plugins/workday.py for tasks to queue
[2026-03-18T00:27:10.648+0530] {logging_mixin.py:188} INFO - [2026-03-18T00:27:10.648+0530] {dagbag.py:540} INFO - Filling up the DagBag from /Users/vybhavswaroop/Desktop/untitled folder 3/ecommerce_platform/venv/lib/python3.11/site-packages/airflow/example_dags/plugins/workday.py
[2026-03-18T00:27:11.135+0530] {processor.py:842} WARNING - No viable dags retrieved from /Users/vybhavswaroop/Desktop/untitled folder 3/ecommerce_platform/venv/lib/python3.11/site-packages/airflow/example_dags/plugins/workday.py
[2026-03-18T00:27:11.186+0530] {processor.py:183} INFO - Processing /Users/vybhavswaroop/Desktop/untitled folder 3/ecommerce_platform/venv/lib/python3.11/site-packages/airflow/example_dags/plugins/workday.py took 0.541 seconds
[2026-03-18T00:30:00.202+0530] {processor.py:161} INFO - Started process (PID=7208) to work on /Users/vybhavswaroop/Desktop/untitled folder 3/ecommerce_platform/venv/lib/python3.11/site-packages/airflow/example_dags/plugins/workday.py
[2026-03-18T00:30:00.203+0530] {processor.py:830} INFO - Processing file /Users/vybhavswaroop/Desktop/untitled folder 3/ecommerce_platform/venv/lib/python3.11/site-packages/airflow/example_dags/plugins/workday.py for tasks to queue
[2026-03-18T00:30:00.204+0530] {logging_mixin.py:188} INFO - [2026-03-18T00:30:00.204+0530] {dagbag.py:540} INFO - Filling up the DagBag from /Users/vybhavswaroop/Desktop/untitled folder 3/ecommerce_platform/venv/lib/python3.11/site-packages/airflow/example_dags/plugins/workday.py
[2026-03-18T00:30:00.680+0530] {processor.py:842} WARNING - No viable dags retrieved from /Users/vybhavswaroop/Desktop/untitled folder 3/ecommerce_platform/venv/lib/python3.11/site-packages/airflow/example_dags/plugins/workday.py
[2026-03-18T00:30:00.729+0530] {processor.py:183} INFO - Processing /Users/vybhavswaroop/Desktop/untitled folder 3/ecommerce_platform/venv/lib/python3.11/site-packages/airflow/example_dags/plugins/workday.py took 0.528 seconds
[2026-03-18T00:32:37.251+0530] {processor.py:161} INFO - Started process (PID=8776) to work on /Users/vybhavswaroop/Desktop/untitled folder 3/ecommerce_platform/venv/lib/python3.11/site-packages/airflow/example_dags/plugins/workday.py
[2026-03-18T00:32:37.253+0530] {processor.py:830} INFO - Processing file /Users/vybhavswaroop/Desktop/untitled folder 3/ecommerce_platform/venv/lib/python3.11/site-packages/airflow/example_dags/plugins/workday.py for tasks to queue
[2026-03-18T00:32:37.253+0530] {logging_mixin.py:188} INFO - [2026-03-18T00:32:37.253+0530] {dagbag.py:540} INFO - Filling up the DagBag from /Users/vybhavswaroop/Desktop/untitled folder 3/ecommerce_platform/venv/lib/python3.11/site-packages/airflow/example_dags/plugins/workday.py
[2026-03-18T00:32:37.736+0530] {processor.py:842} WARNING - No viable dags retrieved from /Users/vybhavswaroop/Desktop/untitled folder 3/ecommerce_platform/venv/lib/python3.11/site-packages/airflow/example_dags/plugins/workday.py
[2026-03-18T00:32:37.784+0530] {processor.py:183} INFO - Processing /Users/vybhavswaroop/Desktop/untitled folder 3/ecommerce_platform/venv/lib/python3.11/site-packages/airflow/example_dags/plugins/workday.py took 0.533 seconds
[2026-03-18T00:35:19.525+0530] {processor.py:161} INFO - Started process (PID=10368) to work on /Users/vybhavswaroop/Desktop/untitled folder 3/ecommerce_platform/venv/lib/python3.11/site-packages/airflow/example_dags/plugins/workday.py
[2026-03-18T00:35:19.526+0530] {processor.py:830} INFO - Processing file /Users/vybhavswaroop/Desktop/untitled folder 3/ecommerce_platform/venv/lib/python3.11/site-packages/airflow/example_dags/plugins/workday.py for tasks to queue
[2026-03-18T00:35:19.527+0530] {logging_mixin.py:188} INFO - [2026-03-18T00:35:19.527+0530] {dagbag.py:540} INFO - Filling up the DagBag from /Users/vybhavswaroop/Desktop/untitled folder 3/ecommerce_platform/venv/lib/python3.11/site-packages/airflow/example_dags/plugins/workday.py
[2026-03-18T00:35:19.933+0530] {processor.py:842} WARNING - No viable dags retrieved from /Users/vybhavswaroop/Desktop/untitled folder 3/ecommerce_platform/venv/lib/python3.11/site-packages/airflow/example_dags/plugins/workday.py
[2026-03-18T00:35:19.978+0530] {processor.py:183} INFO - Processing /Users/vybhavswaroop/Desktop/untitled folder 3/ecommerce_platform/venv/lib/python3.11/site-packages/airflow/example_dags/plugins/workday.py took 0.453 seconds
[2026-03-18T00:38:04.490+0530] {processor.py:161} INFO - Started process (PID=12006) to work on /Users/vybhavswaroop/Desktop/untitled folder 3/ecommerce_platform/venv/lib/python3.11/site-packages/airflow/example_dags/plugins/workday.py
[2026-03-18T00:38:04.491+0530] {processor.py:830} INFO - Processing file /Users/vybhavswaroop/Desktop/untitled folder 3/ecommerce_platform/venv/lib/python3.11/site-packages/airflow/example_dags/plugins/workday.py for tasks to queue
[2026-03-18T00:38:04.492+0530] {logging_mixin.py:188} INFO - [2026-03-18T00:38:04.492+0530] {dagbag.py:540} INFO - Filling up the DagBag from /Users/vybhavswaroop/Desktop/untitled folder 3/ecommerce_platform/venv/lib/python3.11/site-packages/airflow/example_dags/plugins/workday.py
[2026-03-18T00:38:04.949+0530] {processor.py:842} WARNING - No viable dags retrieved from /Users/vybhavswaroop/Desktop/untitled folder 3/ecommerce_platform/venv/lib/python3.11/site-packages/airflow/example_dags/plugins/workday.py
[2026-03-18T00:38:05.005+0530] {processor.py:183} INFO - Processing /Users/vybhavswaroop/Desktop/untitled folder 3/ecommerce_platform/venv/lib/python3.11/site-packages/airflow/example_dags/plugins/workday.py took 0.515 seconds
[2026-03-18T00:40:55.027+0530] {processor.py:161} INFO - Started process (PID=13666) to work on /Users/vybhavswaroop/Desktop/untitled folder 3/ecommerce_platform/venv/lib/python3.11/site-packages/airflow/example_dags/plugins/workday.py
[2026-03-18T00:40:55.028+0530] {processor.py:830} INFO - Processing file /Users/vybhavswaroop/Desktop/untitled folder 3/ecommerce_platform/venv/lib/python3.11/site-packages/airflow/example_dags/plugins/workday.py for tasks to queue
[2026-03-18T00:40:55.029+0530] {logging_mixin.py:188} INFO - [2026-03-18T00:40:55.029+0530] {dagbag.py:540} INFO - Filling up the DagBag from /Users/vybhavswaroop/Desktop/untitled folder 3/ecommerce_platform/venv/lib/python3.11/site-packages/airflow/example_dags/plugins/workday.py
[2026-03-18T00:40:55.457+0530] {processor.py:842} WARNING - No viable dags retrieved from /Users/vybhavswaroop/Desktop/untitled folder 3/ecommerce_platform/venv/lib/python3.11/site-packages/airflow/example_dags/plugins/workday.py
[2026-03-18T00:40:55.499+0530] {processor.py:183} INFO - Processing /Users/vybhavswaroop/Desktop/untitled folder 3/ecommerce_platform/venv/lib/python3.11/site-packages/airflow/example_dags/plugins/workday.py took 0.473 seconds
[2026-03-18T00:43:40.119+0530] {processor.py:161} INFO - Started process (PID=15313) to work on /Users/vybhavswaroop/Desktop/untitled folder 3/ecommerce_platform/venv/lib/python3.11/site-packages/airflow/example_dags/plugins/workday.py
[2026-03-18T00:43:40.121+0530] {processor.py:830} INFO - Processing file /Users/vybhavswaroop/Desktop/untitled folder 3/ecommerce_platform/venv/lib/python3.11/site-packages/airflow/example_dags/plugins/workday.py for tasks to queue
[2026-03-18T00:43:40.121+0530] {logging_mixin.py:188} INFO - [2026-03-18T00:43:40.121+0530] {dagbag.py:540} INFO - Filling up the DagBag from /Users/vybhavswaroop/Desktop/untitled folder 3/ecommerce_platform/venv/lib/python3.11/site-packages/airflow/example_dags/plugins/workday.py
[2026-03-18T00:43:40.532+0530] {processor.py:842} WARNING - No viable dags retrieved from /Users/vybhavswaroop/Desktop/untitled folder 3/ecommerce_platform/venv/lib/python3.11/site-packages/airflow/example_dags/plugins/workday.py
[2026-03-18T00:43:40.574+0530] {processor.py:183} INFO - Processing /Users/vybhavswaroop/Desktop/untitled folder 3/ecommerce_platform/venv/lib/python3.11/site-packages/airflow/example_dags/plugins/workday.py took 0.455 seconds
[2026-03-18T00:46:23.246+0530] {processor.py:161} INFO - Started process (PID=16961) to work on /Users/vybhavswaroop/Desktop/untitled folder 3/ecommerce_platform/venv/lib/python3.11/site-packages/airflow/example_dags/plugins/workday.py
[2026-03-18T00:46:23.247+0530] {processor.py:830} INFO - Processing file /Users/vybhavswaroop/Desktop/untitled folder 3/ecommerce_platform/venv/lib/python3.11/site-packages/airflow/example_dags/plugins/workday.py for tasks to queue
[2026-03-18T00:46:23.248+0530] {logging_mixin.py:188} INFO - [2026-03-18T00:46:23.247+0530] {dagbag.py:540} INFO - Filling up the DagBag from /Users/vybhavswaroop/Desktop/untitled folder 3/ecommerce_platform/venv/lib/python3.11/site-packages/airflow/example_dags/plugins/workday.py
[2026-03-18T00:46:23.693+0530] {processor.py:842} WARNING - No viable dags retrieved from /Users/vybhavswaroop/Desktop/untitled folder 3/ecommerce_platform/venv/lib/python3.11/site-packages/airflow/example_dags/plugins/workday.py
[2026-03-18T00:46:23.740+0530] {processor.py:183} INFO - Processing /Users/vybhavswaroop/Desktop/untitled folder 3/ecommerce_platform/venv/lib/python3.11/site-packages/airflow/example_dags/plugins/workday.py took 0.494 seconds
[2026-03-18T00:49:04.476+0530] {processor.py:161} INFO - Started process (PID=18580) to work on /Users/vybhavswaroop/Desktop/untitled folder 3/ecommerce_platform/venv/lib/python3.11/site-packages/airflow/example_dags/plugins/workday.py
[2026-03-18T00:49:04.478+0530] {processor.py:830} INFO - Processing file /Users/vybhavswaroop/Desktop/untitled folder 3/ecommerce_platform/venv/lib/python3.11/site-packages/airflow/example_dags/plugins/workday.py for tasks to queue
[2026-03-18T00:49:04.478+0530] {logging_mixin.py:188} INFO - [2026-03-18T00:49:04.478+0530] {dagbag.py:540} INFO - Filling up the DagBag from /Users/vybhavswaroop/Desktop/untitled folder 3/ecommerce_platform/venv/lib/python3.11/site-packages/airflow/example_dags/plugins/workday.py
[2026-03-18T00:49:04.993+0530] {processor.py:842} WARNING - No viable dags retrieved from /Users/vybhavswaroop/Desktop/untitled folder 3/ecommerce_platform/venv/lib/python3.11/site-packages/airflow/example_dags/plugins/workday.py
[2026-03-18T00:49:05.051+0530] {processor.py:183} INFO - Processing /Users/vybhavswaroop/Desktop/untitled folder 3/ecommerce_platform/venv/lib/python3.11/site-packages/airflow/example_dags/plugins/workday.py took 0.575 seconds
[2026-03-18T00:51:49.644+0530] {processor.py:161} INFO - Started process (PID=20241) to work on /Users/vybhavswaroop/Desktop/untitled folder 3/ecommerce_platform/venv/lib/python3.11/site-packages/airflow/example_dags/plugins/workday.py
[2026-03-18T00:51:49.646+0530] {processor.py:830} INFO - Processing file /Users/vybhavswaroop/Desktop/untitled folder 3/ecommerce_platform/venv/lib/python3.11/site-packages/airflow/example_dags/plugins/workday.py for tasks to queue
[2026-03-18T00:51:49.646+0530] {logging_mixin.py:188} INFO - [2026-03-18T00:51:49.646+0530] {dagbag.py:540} INFO - Filling up the DagBag from /Users/vybhavswaroop/Desktop/untitled folder 3/ecommerce_platform/venv/lib/python3.11/site-packages/airflow/example_dags/plugins/workday.py
[2026-03-18T00:51:50.135+0530] {processor.py:842} WARNING - No viable dags retrieved from /Users/vybhavswaroop/Desktop/untitled folder 3/ecommerce_platform/venv/lib/python3.11/site-packages/airflow/example_dags/plugins/workday.py
[2026-03-18T00:51:50.188+0530] {processor.py:183} INFO - Processing /Users/vybhavswaroop/Desktop/untitled folder 3/ecommerce_platform/venv/lib/python3.11/site-packages/airflow/example_dags/plugins/workday.py took 0.545 seconds
[2026-03-18T00:54:34.558+0530] {processor.py:161} INFO - Started process (PID=21862) to work on /Users/vybhavswaroop/Desktop/untitled folder 3/ecommerce_platform/venv/lib/python3.11/site-packages/airflow/example_dags/plugins/workday.py
[2026-03-18T00:54:34.559+0530] {processor.py:830} INFO - Processing file /Users/vybhavswaroop/Desktop/untitled folder 3/ecommerce_platform/venv/lib/python3.11/site-packages/airflow/example_dags/plugins/workday.py for tasks to queue
[2026-03-18T00:54:34.560+0530] {logging_mixin.py:188} INFO - [2026-03-18T00:54:34.559+0530] {dagbag.py:540} INFO - Filling up the DagBag from /Users/vybhavswaroop/Desktop/untitled folder 3/ecommerce_platform/venv/lib/python3.11/site-packages/airflow/example_dags/plugins/workday.py
[2026-03-18T00:54:34.978+0530] {processor.py:842} WARNING - No viable dags retrieved from /Users/vybhavswaroop/Desktop/untitled folder 3/ecommerce_platform/venv/lib/python3.11/site-packages/airflow/example_dags/plugins/workday.py
[2026-03-18T00:54:35.020+0530] {processor.py:183} INFO - Processing /Users/vybhavswaroop/Desktop/untitled folder 3/ecommerce_platform/venv/lib/python3.11/site-packages/airflow/example_dags/plugins/workday.py took 0.463 seconds
[2026-03-18T00:57:15.712+0530] {processor.py:161} INFO - Started process (PID=23466) to work on /Users/vybhavswaroop/Desktop/untitled folder 3/ecommerce_platform/venv/lib/python3.11/site-packages/airflow/example_dags/plugins/workday.py
[2026-03-18T00:57:15.714+0530] {processor.py:830} INFO - Processing file /Users/vybhavswaroop/Desktop/untitled folder 3/ecommerce_platform/venv/lib/python3.11/site-packages/airflow/example_dags/plugins/workday.py for tasks to queue
[2026-03-18T00:57:15.714+0530] {logging_mixin.py:188} INFO - [2026-03-18T00:57:15.714+0530] {dagbag.py:540} INFO - Filling up the DagBag from /Users/vybhavswaroop/Desktop/untitled folder 3/ecommerce_platform/venv/lib/python3.11/site-packages/airflow/example_dags/plugins/workday.py
[2026-03-18T00:57:16.178+0530] {processor.py:842} WARNING - No viable dags retrieved from /Users/vybhavswaroop/Desktop/untitled folder 3/ecommerce_platform/venv/lib/python3.11/site-packages/airflow/example_dags/plugins/workday.py
[2026-03-18T00:57:16.223+0530] {processor.py:183} INFO - Processing /Users/vybhavswaroop/Desktop/untitled folder 3/ecommerce_platform/venv/lib/python3.11/site-packages/airflow/example_dags/plugins/workday.py took 0.511 seconds
[2026-03-18T00:58:57.771+0530] {processor.py:161} INFO - Started process (PID=25020) to work on /Users/vybhavswaroop/Desktop/untitled folder 3/ecommerce_platform/venv/lib/python3.11/site-packages/airflow/example_dags/plugins/workday.py
[2026-03-18T00:58:57.772+0530] {processor.py:830} INFO - Processing file /Users/vybhavswaroop/Desktop/untitled folder 3/ecommerce_platform/venv/lib/python3.11/site-packages/airflow/example_dags/plugins/workday.py for tasks to queue
[2026-03-18T00:58:57.773+0530] {logging_mixin.py:188} INFO - [2026-03-18T00:58:57.773+0530] {dagbag.py:540} INFO - Filling up the DagBag from /Users/vybhavswaroop/Desktop/untitled folder 3/ecommerce_platform/venv/lib/python3.11/site-packages/airflow/example_dags/plugins/workday.py
[2026-03-18T00:58:58.261+0530] {processor.py:842} WARNING - No viable dags retrieved from /Users/vybhavswaroop/Desktop/untitled folder 3/ecommerce_platform/venv/lib/python3.11/site-packages/airflow/example_dags/plugins/workday.py
[2026-03-18T00:58:58.307+0530] {processor.py:183} INFO - Processing /Users/vybhavswaroop/Desktop/untitled folder 3/ecommerce_platform/venv/lib/python3.11/site-packages/airflow/example_dags/plugins/workday.py took 0.537 seconds
[2026-03-18T01:02:15.253+0530] {processor.py:161} INFO - Started process (PID=26980) to work on /Users/vybhavswaroop/Desktop/untitled folder 3/ecommerce_platform/venv/lib/python3.11/site-packages/airflow/example_dags/plugins/workday.py
[2026-03-18T01:02:15.255+0530] {processor.py:830} INFO - Processing file /Users/vybhavswaroop/Desktop/untitled folder 3/ecommerce_platform/venv/lib/python3.11/site-packages/airflow/example_dags/plugins/workday.py for tasks to queue
[2026-03-18T01:02:15.255+0530] {logging_mixin.py:188} INFO - [2026-03-18T01:02:15.255+0530] {dagbag.py:540} INFO - Filling up the DagBag from /Users/vybhavswaroop/Desktop/untitled folder 3/ecommerce_platform/venv/lib/python3.11/site-packages/airflow/example_dags/plugins/workday.py
[2026-03-18T01:02:15.690+0530] {processor.py:842} WARNING - No viable dags retrieved from /Users/vybhavswaroop/Desktop/untitled folder 3/ecommerce_platform/venv/lib/python3.11/site-packages/airflow/example_dags/plugins/workday.py
[2026-03-18T01:02:15.731+0530] {processor.py:183} INFO - Processing /Users/vybhavswaroop/Desktop/untitled folder 3/ecommerce_platform/venv/lib/python3.11/site-packages/airflow/example_dags/plugins/workday.py took 0.479 seconds
[2026-03-18T01:04:58.390+0530] {processor.py:161} INFO - Started process (PID=28588) to work on /Users/vybhavswaroop/Desktop/untitled folder 3/ecommerce_platform/venv/lib/python3.11/site-packages/airflow/example_dags/plugins/workday.py
[2026-03-18T01:04:58.392+0530] {processor.py:830} INFO - Processing file /Users/vybhavswaroop/Desktop/untitled folder 3/ecommerce_platform/venv/lib/python3.11/site-packages/airflow/example_dags/plugins/workday.py for tasks to queue
[2026-03-18T01:04:58.392+0530] {logging_mixin.py:188} INFO - [2026-03-18T01:04:58.392+0530] {dagbag.py:540} INFO - Filling up the DagBag from /Users/vybhavswaroop/Desktop/untitled folder 3/ecommerce_platform/venv/lib/python3.11/site-packages/airflow/example_dags/plugins/workday.py
[2026-03-18T01:04:58.918+0530] {processor.py:842} WARNING - No viable dags retrieved from /Users/vybhavswaroop/Desktop/untitled folder 3/ecommerce_platform/venv/lib/python3.11/site-packages/airflow/example_dags/plugins/workday.py
[2026-03-18T01:04:58.977+0530] {processor.py:183} INFO - Processing /Users/vybhavswaroop/Desktop/untitled folder 3/ecommerce_platform/venv/lib/python3.11/site-packages/airflow/example_dags/plugins/workday.py took 0.589 seconds
[2026-03-18T01:07:40.512+0530] {processor.py:161} INFO - Started process (PID=30263) to work on /Users/vybhavswaroop/Desktop/untitled folder 3/ecommerce_platform/venv/lib/python3.11/site-packages/airflow/example_dags/plugins/workday.py
[2026-03-18T01:07:40.514+0530] {processor.py:830} INFO - Processing file /Users/vybhavswaroop/Desktop/untitled folder 3/ecommerce_platform/venv/lib/python3.11/site-packages/airflow/example_dags/plugins/workday.py for tasks to queue
[2026-03-18T01:07:40.514+0530] {logging_mixin.py:188} INFO - [2026-03-18T01:07:40.514+0530] {dagbag.py:540} INFO - Filling up the DagBag from /Users/vybhavswaroop/Desktop/untitled folder 3/ecommerce_platform/venv/lib/python3.11/site-packages/airflow/example_dags/plugins/workday.py
[2026-03-18T01:07:40.927+0530] {processor.py:842} WARNING - No viable dags retrieved from /Users/vybhavswaroop/Desktop/untitled folder 3/ecommerce_platform/venv/lib/python3.11/site-packages/airflow/example_dags/plugins/workday.py
[2026-03-18T01:07:40.970+0530] {processor.py:183} INFO - Processing /Users/vybhavswaroop/Desktop/untitled folder 3/ecommerce_platform/venv/lib/python3.11/site-packages/airflow/example_dags/plugins/workday.py took 0.459 seconds
[2026-03-18T01:10:29.297+0530] {processor.py:161} INFO - Started process (PID=31889) to work on /Users/vybhavswaroop/Desktop/untitled folder 3/ecommerce_platform/venv/lib/python3.11/site-packages/airflow/example_dags/plugins/workday.py
[2026-03-18T01:10:29.298+0530] {processor.py:830} INFO - Processing file /Users/vybhavswaroop/Desktop/untitled folder 3/ecommerce_platform/venv/lib/python3.11/site-packages/airflow/example_dags/plugins/workday.py for tasks to queue
[2026-03-18T01:10:29.299+0530] {logging_mixin.py:188} INFO - [2026-03-18T01:10:29.298+0530] {dagbag.py:540} INFO - Filling up the DagBag from /Users/vybhavswaroop/Desktop/untitled folder 3/ecommerce_platform/venv/lib/python3.11/site-packages/airflow/example_dags/plugins/workday.py
[2026-03-18T01:10:29.720+0530] {processor.py:842} WARNING - No viable dags retrieved from /Users/vybhavswaroop/Desktop/untitled folder 3/ecommerce_platform/venv/lib/python3.11/site-packages/airflow/example_dags/plugins/workday.py
[2026-03-18T01:10:29.776+0530] {processor.py:183} INFO - Processing /Users/vybhavswaroop/Desktop/untitled folder 3/ecommerce_platform/venv/lib/python3.11/site-packages/airflow/example_dags/plugins/workday.py took 0.479 seconds
[2026-03-18T01:13:20.849+0530] {processor.py:161} INFO - Started process (PID=33533) to work on /Users/vybhavswaroop/Desktop/untitled folder 3/ecommerce_platform/venv/lib/python3.11/site-packages/airflow/example_dags/plugins/workday.py
[2026-03-18T01:13:20.851+0530] {processor.py:830} INFO - Processing file /Users/vybhavswaroop/Desktop/untitled folder 3/ecommerce_platform/venv/lib/python3.11/site-packages/airflow/example_dags/plugins/workday.py for tasks to queue
[2026-03-18T01:13:20.852+0530] {logging_mixin.py:188} INFO - [2026-03-18T01:13:20.852+0530] {dagbag.py:540} INFO - Filling up the DagBag from /Users/vybhavswaroop/Desktop/untitled folder 3/ecommerce_platform/venv/lib/python3.11/site-packages/airflow/example_dags/plugins/workday.py
[2026-03-18T01:13:21.284+0530] {processor.py:842} WARNING - No viable dags retrieved from /Users/vybhavswaroop/Desktop/untitled folder 3/ecommerce_platform/venv/lib/python3.11/site-packages/airflow/example_dags/plugins/workday.py
[2026-03-18T01:13:21.329+0530] {processor.py:183} INFO - Processing /Users/vybhavswaroop/Desktop/untitled folder 3/ecommerce_platform/venv/lib/python3.11/site-packages/airflow/example_dags/plugins/workday.py took 0.480 seconds
[2026-03-18T01:15:56.476+0530] {processor.py:161} INFO - Started process (PID=35137) to work on /Users/vybhavswaroop/Desktop/untitled folder 3/ecommerce_platform/venv/lib/python3.11/site-packages/airflow/example_dags/plugins/workday.py
[2026-03-18T01:15:56.478+0530] {processor.py:830} INFO - Processing file /Users/vybhavswaroop/Desktop/untitled folder 3/ecommerce_platform/venv/lib/python3.11/site-packages/airflow/example_dags/plugins/workday.py for tasks to queue
[2026-03-18T01:15:56.478+0530] {logging_mixin.py:188} INFO - [2026-03-18T01:15:56.478+0530] {dagbag.py:540} INFO - Filling up the DagBag from /Users/vybhavswaroop/Desktop/untitled folder 3/ecommerce_platform/venv/lib/python3.11/site-packages/airflow/example_dags/plugins/workday.py
[2026-03-18T01:15:56.902+0530] {processor.py:842} WARNING - No viable dags retrieved from /Users/vybhavswaroop/Desktop/untitled folder 3/ecommerce_platform/venv/lib/python3.11/site-packages/airflow/example_dags/plugins/workday.py
[2026-03-18T01:15:56.945+0530] {processor.py:183} INFO - Processing /Users/vybhavswaroop/Desktop/untitled folder 3/ecommerce_platform/venv/lib/python3.11/site-packages/airflow/example_dags/plugins/workday.py took 0.469 seconds
[2026-03-18T01:18:33.314+0530] {processor.py:161} INFO - Started process (PID=36766) to work on /Users/vybhavswaroop/Desktop/untitled folder 3/ecommerce_platform/venv/lib/python3.11/site-packages/airflow/example_dags/plugins/workday.py
[2026-03-18T01:18:33.315+0530] {processor.py:830} INFO - Processing file /Users/vybhavswaroop/Desktop/untitled folder 3/ecommerce_platform/venv/lib/python3.11/site-packages/airflow/example_dags/plugins/workday.py for tasks to queue
[2026-03-18T01:18:33.316+0530] {logging_mixin.py:188} INFO - [2026-03-18T01:18:33.316+0530] {dagbag.py:540} INFO - Filling up the DagBag from /Users/vybhavswaroop/Desktop/untitled folder 3/ecommerce_platform/venv/lib/python3.11/site-packages/airflow/example_dags/plugins/workday.py
[2026-03-18T01:18:33.718+0530] {processor.py:842} WARNING - No viable dags retrieved from /Users/vybhavswaroop/Desktop/untitled folder 3/ecommerce_platform/venv/lib/python3.11/site-packages/airflow/example_dags/plugins/workday.py
[2026-03-18T01:18:33.761+0530] {processor.py:183} INFO - Processing /Users/vybhavswaroop/Desktop/untitled folder 3/ecommerce_platform/venv/lib/python3.11/site-packages/airflow/example_dags/plugins/workday.py took 0.448 seconds
[2026-03-18T01:21:12.241+0530] {processor.py:161} INFO - Started process (PID=38382) to work on /Users/vybhavswaroop/Desktop/untitled folder 3/ecommerce_platform/venv/lib/python3.11/site-packages/airflow/example_dags/plugins/workday.py
[2026-03-18T01:21:12.243+0530] {processor.py:830} INFO - Processing file /Users/vybhavswaroop/Desktop/untitled folder 3/ecommerce_platform/venv/lib/python3.11/site-packages/airflow/example_dags/plugins/workday.py for tasks to queue
[2026-03-18T01:21:12.243+0530] {logging_mixin.py:188} INFO - [2026-03-18T01:21:12.243+0530] {dagbag.py:540} INFO - Filling up the DagBag from /Users/vybhavswaroop/Desktop/untitled folder 3/ecommerce_platform/venv/lib/python3.11/site-packages/airflow/example_dags/plugins/workday.py
[2026-03-18T01:21:12.663+0530] {processor.py:842} WARNING - No viable dags retrieved from /Users/vybhavswaroop/Desktop/untitled folder 3/ecommerce_platform/venv/lib/python3.11/site-packages/airflow/example_dags/plugins/workday.py
[2026-03-18T01:21:12.702+0530] {processor.py:183} INFO - Processing /Users/vybhavswaroop/Desktop/untitled folder 3/ecommerce_platform/venv/lib/python3.11/site-packages/airflow/example_dags/plugins/workday.py took 0.462 seconds
[2026-03-18T01:23:42.071+0530] {processor.py:161} INFO - Started process (PID=39972) to work on /Users/vybhavswaroop/Desktop/untitled folder 3/ecommerce_platform/venv/lib/python3.11/site-packages/airflow/example_dags/plugins/workday.py
[2026-03-18T01:23:42.072+0530] {processor.py:830} INFO - Processing file /Users/vybhavswaroop/Desktop/untitled folder 3/ecommerce_platform/venv/lib/python3.11/site-packages/airflow/example_dags/plugins/workday.py for tasks to queue
[2026-03-18T01:23:42.073+0530] {logging_mixin.py:188} INFO - [2026-03-18T01:23:42.073+0530] {dagbag.py:540} INFO - Filling up the DagBag from /Users/vybhavswaroop/Desktop/untitled folder 3/ecommerce_platform/venv/lib/python3.11/site-packages/airflow/example_dags/plugins/workday.py
[2026-03-18T01:23:42.466+0530] {processor.py:842} WARNING - No viable dags retrieved from /Users/vybhavswaroop/Desktop/untitled folder 3/ecommerce_platform/venv/lib/python3.11/site-packages/airflow/example_dags/plugins/workday.py
[2026-03-18T01:23:42.506+0530] {processor.py:183} INFO - Processing /Users/vybhavswaroop/Desktop/untitled folder 3/ecommerce_platform/venv/lib/python3.11/site-packages/airflow/example_dags/plugins/workday.py took 0.435 seconds
[2026-03-18T01:26:09.640+0530] {processor.py:161} INFO - Started process (PID=41554) to work on /Users/vybhavswaroop/Desktop/untitled folder 3/ecommerce_platform/venv/lib/python3.11/site-packages/airflow/example_dags/plugins/workday.py
[2026-03-18T01:26:09.641+0530] {processor.py:830} INFO - Processing file /Users/vybhavswaroop/Desktop/untitled folder 3/ecommerce_platform/venv/lib/python3.11/site-packages/airflow/example_dags/plugins/workday.py for tasks to queue
[2026-03-18T01:26:09.641+0530] {logging_mixin.py:188} INFO - [2026-03-18T01:26:09.641+0530] {dagbag.py:540} INFO - Filling up the DagBag from /Users/vybhavswaroop/Desktop/untitled folder 3/ecommerce_platform/venv/lib/python3.11/site-packages/airflow/example_dags/plugins/workday.py
[2026-03-18T01:26:10.031+0530] {processor.py:842} WARNING - No viable dags retrieved from /Users/vybhavswaroop/Desktop/untitled folder 3/ecommerce_platform/venv/lib/python3.11/site-packages/airflow/example_dags/plugins/workday.py
[2026-03-18T01:26:10.068+0530] {processor.py:183} INFO - Processing /Users/vybhavswaroop/Desktop/untitled folder 3/ecommerce_platform/venv/lib/python3.11/site-packages/airflow/example_dags/plugins/workday.py took 0.428 seconds
[2026-03-18T01:28:38.076+0530] {processor.py:161} INFO - Started process (PID=43152) to work on /Users/vybhavswaroop/Desktop/untitled folder 3/ecommerce_platform/venv/lib/python3.11/site-packages/airflow/example_dags/plugins/workday.py
[2026-03-18T01:28:38.077+0530] {processor.py:830} INFO - Processing file /Users/vybhavswaroop/Desktop/untitled folder 3/ecommerce_platform/venv/lib/python3.11/site-packages/airflow/example_dags/plugins/workday.py for tasks to queue
[2026-03-18T01:28:38.078+0530] {logging_mixin.py:188} INFO - [2026-03-18T01:28:38.078+0530] {dagbag.py:540} INFO - Filling up the DagBag from /Users/vybhavswaroop/Desktop/untitled folder 3/ecommerce_platform/venv/lib/python3.11/site-packages/airflow/example_dags/plugins/workday.py
[2026-03-18T01:28:38.414+0530] {processor.py:842} WARNING - No viable dags retrieved from /Users/vybhavswaroop/Desktop/untitled folder 3/ecommerce_platform/venv/lib/python3.11/site-packages/airflow/example_dags/plugins/workday.py
[2026-03-18T01:28:38.457+0530] {processor.py:183} INFO - Processing /Users/vybhavswaroop/Desktop/untitled folder 3/ecommerce_platform/venv/lib/python3.11/site-packages/airflow/example_dags/plugins/workday.py took 0.381 seconds
[2026-03-18T01:31:04.170+0530] {processor.py:161} INFO - Started process (PID=44730) to work on /Users/vybhavswaroop/Desktop/untitled folder 3/ecommerce_platform/venv/lib/python3.11/site-packages/airflow/example_dags/plugins/workday.py
[2026-03-18T01:31:04.171+0530] {processor.py:830} INFO - Processing file /Users/vybhavswaroop/Desktop/untitled folder 3/ecommerce_platform/venv/lib/python3.11/site-packages/airflow/example_dags/plugins/workday.py for tasks to queue
[2026-03-18T01:31:04.172+0530] {logging_mixin.py:188} INFO - [2026-03-18T01:31:04.171+0530] {dagbag.py:540} INFO - Filling up the DagBag from /Users/vybhavswaroop/Desktop/untitled folder 3/ecommerce_platform/venv/lib/python3.11/site-packages/airflow/example_dags/plugins/workday.py
[2026-03-18T01:31:04.524+0530] {processor.py:842} WARNING - No viable dags retrieved from /Users/vybhavswaroop/Desktop/untitled folder 3/ecommerce_platform/venv/lib/python3.11/site-packages/airflow/example_dags/plugins/workday.py
[2026-03-18T01:31:04.566+0530] {processor.py:183} INFO - Processing /Users/vybhavswaroop/Desktop/untitled folder 3/ecommerce_platform/venv/lib/python3.11/site-packages/airflow/example_dags/plugins/workday.py took 0.396 seconds
[2026-03-18T01:33:38.385+0530] {processor.py:161} INFO - Started process (PID=46311) to work on /Users/vybhavswaroop/Desktop/untitled folder 3/ecommerce_platform/venv/lib/python3.11/site-packages/airflow/example_dags/plugins/workday.py
[2026-03-18T01:33:38.387+0530] {processor.py:830} INFO - Processing file /Users/vybhavswaroop/Desktop/untitled folder 3/ecommerce_platform/venv/lib/python3.11/site-packages/airflow/example_dags/plugins/workday.py for tasks to queue
[2026-03-18T01:33:38.387+0530] {logging_mixin.py:188} INFO - [2026-03-18T01:33:38.387+0530] {dagbag.py:540} INFO - Filling up the DagBag from /Users/vybhavswaroop/Desktop/untitled folder 3/ecommerce_platform/venv/lib/python3.11/site-packages/airflow/example_dags/plugins/workday.py
[2026-03-18T01:33:38.791+0530] {processor.py:842} WARNING - No viable dags retrieved from /Users/vybhavswaroop/Desktop/untitled folder 3/ecommerce_platform/venv/lib/python3.11/site-packages/airflow/example_dags/plugins/workday.py
[2026-03-18T01:33:38.834+0530] {processor.py:183} INFO - Processing /Users/vybhavswaroop/Desktop/untitled folder 3/ecommerce_platform/venv/lib/python3.11/site-packages/airflow/example_dags/plugins/workday.py took 0.449 seconds
[2026-03-18T01:36:08.957+0530] {processor.py:161} INFO - Started process (PID=47885) to work on /Users/vybhavswaroop/Desktop/untitled folder 3/ecommerce_platform/venv/lib/python3.11/site-packages/airflow/example_dags/plugins/workday.py
[2026-03-18T01:36:08.958+0530] {processor.py:830} INFO - Processing file /Users/vybhavswaroop/Desktop/untitled folder 3/ecommerce_platform/venv/lib/python3.11/site-packages/airflow/example_dags/plugins/workday.py for tasks to queue
[2026-03-18T01:36:08.958+0530] {logging_mixin.py:188} INFO - [2026-03-18T01:36:08.958+0530] {dagbag.py:540} INFO - Filling up the DagBag from /Users/vybhavswaroop/Desktop/untitled folder 3/ecommerce_platform/venv/lib/python3.11/site-packages/airflow/example_dags/plugins/workday.py
[2026-03-18T01:36:09.305+0530] {processor.py:842} WARNING - No viable dags retrieved from /Users/vybhavswaroop/Desktop/untitled folder 3/ecommerce_platform/venv/lib/python3.11/site-packages/airflow/example_dags/plugins/workday.py
[2026-03-18T01:36:09.348+0530] {processor.py:183} INFO - Processing /Users/vybhavswaroop/Desktop/untitled folder 3/ecommerce_platform/venv/lib/python3.11/site-packages/airflow/example_dags/plugins/workday.py took 0.392 seconds
[2026-03-18T01:38:42.679+0530] {processor.py:161} INFO - Started process (PID=49454) to work on /Users/vybhavswaroop/Desktop/untitled folder 3/ecommerce_platform/venv/lib/python3.11/site-packages/airflow/example_dags/plugins/workday.py
[2026-03-18T01:38:42.681+0530] {processor.py:830} INFO - Processing file /Users/vybhavswaroop/Desktop/untitled folder 3/ecommerce_platform/venv/lib/python3.11/site-packages/airflow/example_dags/plugins/workday.py for tasks to queue
[2026-03-18T01:38:42.681+0530] {logging_mixin.py:188} INFO - [2026-03-18T01:38:42.681+0530] {dagbag.py:540} INFO - Filling up the DagBag from /Users/vybhavswaroop/Desktop/untitled folder 3/ecommerce_platform/venv/lib/python3.11/site-packages/airflow/example_dags/plugins/workday.py
[2026-03-18T01:38:43.177+0530] {processor.py:842} WARNING - No viable dags retrieved from /Users/vybhavswaroop/Desktop/untitled folder 3/ecommerce_platform/venv/lib/python3.11/site-packages/airflow/example_dags/plugins/workday.py
[2026-03-18T01:38:43.235+0530] {processor.py:183} INFO - Processing /Users/vybhavswaroop/Desktop/untitled folder 3/ecommerce_platform/venv/lib/python3.11/site-packages/airflow/example_dags/plugins/workday.py took 0.556 seconds
[2026-03-18T01:41:35.481+0530] {processor.py:161} INFO - Started process (PID=51035) to work on /Users/vybhavswaroop/Desktop/untitled folder 3/ecommerce_platform/venv/lib/python3.11/site-packages/airflow/example_dags/plugins/workday.py
[2026-03-18T01:41:35.482+0530] {processor.py:830} INFO - Processing file /Users/vybhavswaroop/Desktop/untitled folder 3/ecommerce_platform/venv/lib/python3.11/site-packages/airflow/example_dags/plugins/workday.py for tasks to queue
[2026-03-18T01:41:35.483+0530] {logging_mixin.py:188} INFO - [2026-03-18T01:41:35.483+0530] {dagbag.py:540} INFO - Filling up the DagBag from /Users/vybhavswaroop/Desktop/untitled folder 3/ecommerce_platform/venv/lib/python3.11/site-packages/airflow/example_dags/plugins/workday.py
[2026-03-18T01:41:35.962+0530] {processor.py:842} WARNING - No viable dags retrieved from /Users/vybhavswaroop/Desktop/untitled folder 3/ecommerce_platform/venv/lib/python3.11/site-packages/airflow/example_dags/plugins/workday.py
[2026-03-18T01:41:36.019+0530] {processor.py:183} INFO - Processing /Users/vybhavswaroop/Desktop/untitled folder 3/ecommerce_platform/venv/lib/python3.11/site-packages/airflow/example_dags/plugins/workday.py took 0.539 seconds
[2026-03-18T01:44:24.690+0530] {processor.py:161} INFO - Started process (PID=52565) to work on /Users/vybhavswaroop/Desktop/untitled folder 3/ecommerce_platform/venv/lib/python3.11/site-packages/airflow/example_dags/plugins/workday.py
[2026-03-18T01:44:24.691+0530] {processor.py:830} INFO - Processing file /Users/vybhavswaroop/Desktop/untitled folder 3/ecommerce_platform/venv/lib/python3.11/site-packages/airflow/example_dags/plugins/workday.py for tasks to queue
[2026-03-18T01:44:24.692+0530] {logging_mixin.py:188} INFO - [2026-03-18T01:44:24.692+0530] {dagbag.py:540} INFO - Filling up the DagBag from /Users/vybhavswaroop/Desktop/untitled folder 3/ecommerce_platform/venv/lib/python3.11/site-packages/airflow/example_dags/plugins/workday.py
[2026-03-18T01:44:25.112+0530] {processor.py:842} WARNING - No viable dags retrieved from /Users/vybhavswaroop/Desktop/untitled folder 3/ecommerce_platform/venv/lib/python3.11/site-packages/airflow/example_dags/plugins/workday.py
[2026-03-18T01:44:25.166+0530] {processor.py:183} INFO - Processing /Users/vybhavswaroop/Desktop/untitled folder 3/ecommerce_platform/venv/lib/python3.11/site-packages/airflow/example_dags/plugins/workday.py took 0.476 seconds
[2026-03-18T01:47:14.631+0530] {processor.py:161} INFO - Started process (PID=54106) to work on /Users/vybhavswaroop/Desktop/untitled folder 3/ecommerce_platform/venv/lib/python3.11/site-packages/airflow/example_dags/plugins/workday.py
[2026-03-18T01:47:14.632+0530] {processor.py:830} INFO - Processing file /Users/vybhavswaroop/Desktop/untitled folder 3/ecommerce_platform/venv/lib/python3.11/site-packages/airflow/example_dags/plugins/workday.py for tasks to queue
[2026-03-18T01:47:14.633+0530] {logging_mixin.py:188} INFO - [2026-03-18T01:47:14.632+0530] {dagbag.py:540} INFO - Filling up the DagBag from /Users/vybhavswaroop/Desktop/untitled folder 3/ecommerce_platform/venv/lib/python3.11/site-packages/airflow/example_dags/plugins/workday.py
[2026-03-18T01:47:15.086+0530] {processor.py:842} WARNING - No viable dags retrieved from /Users/vybhavswaroop/Desktop/untitled folder 3/ecommerce_platform/venv/lib/python3.11/site-packages/airflow/example_dags/plugins/workday.py
[2026-03-18T01:47:15.139+0530] {processor.py:183} INFO - Processing /Users/vybhavswaroop/Desktop/untitled folder 3/ecommerce_platform/venv/lib/python3.11/site-packages/airflow/example_dags/plugins/workday.py took 0.510 seconds
[2026-03-18T01:50:05.315+0530] {processor.py:161} INFO - Started process (PID=55625) to work on /Users/vybhavswaroop/Desktop/untitled folder 3/ecommerce_platform/venv/lib/python3.11/site-packages/airflow/example_dags/plugins/workday.py
[2026-03-18T01:50:05.316+0530] {processor.py:830} INFO - Processing file /Users/vybhavswaroop/Desktop/untitled folder 3/ecommerce_platform/venv/lib/python3.11/site-packages/airflow/example_dags/plugins/workday.py for tasks to queue
[2026-03-18T01:50:05.316+0530] {logging_mixin.py:188} INFO - [2026-03-18T01:50:05.316+0530] {dagbag.py:540} INFO - Filling up the DagBag from /Users/vybhavswaroop/Desktop/untitled folder 3/ecommerce_platform/venv/lib/python3.11/site-packages/airflow/example_dags/plugins/workday.py
[2026-03-18T01:50:05.746+0530] {processor.py:842} WARNING - No viable dags retrieved from /Users/vybhavswaroop/Desktop/untitled folder 3/ecommerce_platform/venv/lib/python3.11/site-packages/airflow/example_dags/plugins/workday.py
[2026-03-18T01:50:05.793+0530] {processor.py:183} INFO - Processing /Users/vybhavswaroop/Desktop/untitled folder 3/ecommerce_platform/venv/lib/python3.11/site-packages/airflow/example_dags/plugins/workday.py took 0.479 seconds
[2026-03-18T01:52:56.775+0530] {processor.py:161} INFO - Started process (PID=57184) to work on /Users/vybhavswaroop/Desktop/untitled folder 3/ecommerce_platform/venv/lib/python3.11/site-packages/airflow/example_dags/plugins/workday.py
[2026-03-18T01:52:56.776+0530] {processor.py:830} INFO - Processing file /Users/vybhavswaroop/Desktop/untitled folder 3/ecommerce_platform/venv/lib/python3.11/site-packages/airflow/example_dags/plugins/workday.py for tasks to queue
[2026-03-18T01:52:56.777+0530] {logging_mixin.py:188} INFO - [2026-03-18T01:52:56.777+0530] {dagbag.py:540} INFO - Filling up the DagBag from /Users/vybhavswaroop/Desktop/untitled folder 3/ecommerce_platform/venv/lib/python3.11/site-packages/airflow/example_dags/plugins/workday.py
[2026-03-18T01:52:57.239+0530] {processor.py:842} WARNING - No viable dags retrieved from /Users/vybhavswaroop/Desktop/untitled folder 3/ecommerce_platform/venv/lib/python3.11/site-packages/airflow/example_dags/plugins/workday.py
[2026-03-18T01:52:57.298+0530] {processor.py:183} INFO - Processing /Users/vybhavswaroop/Desktop/untitled folder 3/ecommerce_platform/venv/lib/python3.11/site-packages/airflow/example_dags/plugins/workday.py took 0.523 seconds
[2026-03-18T01:55:49.552+0530] {processor.py:161} INFO - Started process (PID=58760) to work on /Users/vybhavswaroop/Desktop/untitled folder 3/ecommerce_platform/venv/lib/python3.11/site-packages/airflow/example_dags/plugins/workday.py
[2026-03-18T01:55:49.553+0530] {processor.py:830} INFO - Processing file /Users/vybhavswaroop/Desktop/untitled folder 3/ecommerce_platform/venv/lib/python3.11/site-packages/airflow/example_dags/plugins/workday.py for tasks to queue
[2026-03-18T01:55:49.554+0530] {logging_mixin.py:188} INFO - [2026-03-18T01:55:49.554+0530] {dagbag.py:540} INFO - Filling up the DagBag from /Users/vybhavswaroop/Desktop/untitled folder 3/ecommerce_platform/venv/lib/python3.11/site-packages/airflow/example_dags/plugins/workday.py
[2026-03-18T01:55:49.987+0530] {processor.py:842} WARNING - No viable dags retrieved from /Users/vybhavswaroop/Desktop/untitled folder 3/ecommerce_platform/venv/lib/python3.11/site-packages/airflow/example_dags/plugins/workday.py
[2026-03-18T01:55:50.042+0530] {processor.py:183} INFO - Processing /Users/vybhavswaroop/Desktop/untitled folder 3/ecommerce_platform/venv/lib/python3.11/site-packages/airflow/example_dags/plugins/workday.py took 0.491 seconds
[2026-03-18T01:58:37.724+0530] {processor.py:161} INFO - Started process (PID=60292) to work on /Users/vybhavswaroop/Desktop/untitled folder 3/ecommerce_platform/venv/lib/python3.11/site-packages/airflow/example_dags/plugins/workday.py
[2026-03-18T01:58:37.725+0530] {processor.py:830} INFO - Processing file /Users/vybhavswaroop/Desktop/untitled folder 3/ecommerce_platform/venv/lib/python3.11/site-packages/airflow/example_dags/plugins/workday.py for tasks to queue
[2026-03-18T01:58:37.726+0530] {logging_mixin.py:188} INFO - [2026-03-18T01:58:37.726+0530] {dagbag.py:540} INFO - Filling up the DagBag from /Users/vybhavswaroop/Desktop/untitled folder 3/ecommerce_platform/venv/lib/python3.11/site-packages/airflow/example_dags/plugins/workday.py
[2026-03-18T01:58:38.195+0530] {processor.py:842} WARNING - No viable dags retrieved from /Users/vybhavswaroop/Desktop/untitled folder 3/ecommerce_platform/venv/lib/python3.11/site-packages/airflow/example_dags/plugins/workday.py
[2026-03-18T01:58:38.252+0530] {processor.py:183} INFO - Processing /Users/vybhavswaroop/Desktop/untitled folder 3/ecommerce_platform/venv/lib/python3.11/site-packages/airflow/example_dags/plugins/workday.py took 0.529 seconds
[2026-03-18T02:01:25.249+0530] {processor.py:161} INFO - Started process (PID=61850) to work on /Users/vybhavswaroop/Desktop/untitled folder 3/ecommerce_platform/venv/lib/python3.11/site-packages/airflow/example_dags/plugins/workday.py
[2026-03-18T02:01:25.250+0530] {processor.py:830} INFO - Processing file /Users/vybhavswaroop/Desktop/untitled folder 3/ecommerce_platform/venv/lib/python3.11/site-packages/airflow/example_dags/plugins/workday.py for tasks to queue
[2026-03-18T02:01:25.251+0530] {logging_mixin.py:188} INFO - [2026-03-18T02:01:25.251+0530] {dagbag.py:540} INFO - Filling up the DagBag from /Users/vybhavswaroop/Desktop/untitled folder 3/ecommerce_platform/venv/lib/python3.11/site-packages/airflow/example_dags/plugins/workday.py
[2026-03-18T02:01:25.696+0530] {processor.py:842} WARNING - No viable dags retrieved from /Users/vybhavswaroop/Desktop/untitled folder 3/ecommerce_platform/venv/lib/python3.11/site-packages/airflow/example_dags/plugins/workday.py
[2026-03-18T02:01:25.750+0530] {processor.py:183} INFO - Processing /Users/vybhavswaroop/Desktop/untitled folder 3/ecommerce_platform/venv/lib/python3.11/site-packages/airflow/example_dags/plugins/workday.py took 0.502 seconds
[2026-03-18T02:04:12.918+0530] {processor.py:161} INFO - Started process (PID=63410) to work on /Users/vybhavswaroop/Desktop/untitled folder 3/ecommerce_platform/venv/lib/python3.11/site-packages/airflow/example_dags/plugins/workday.py
[2026-03-18T02:04:12.920+0530] {processor.py:830} INFO - Processing file /Users/vybhavswaroop/Desktop/untitled folder 3/ecommerce_platform/venv/lib/python3.11/site-packages/airflow/example_dags/plugins/workday.py for tasks to queue
[2026-03-18T02:04:12.921+0530] {logging_mixin.py:188} INFO - [2026-03-18T02:04:12.921+0530] {dagbag.py:540} INFO - Filling up the DagBag from /Users/vybhavswaroop/Desktop/untitled folder 3/ecommerce_platform/venv/lib/python3.11/site-packages/airflow/example_dags/plugins/workday.py
[2026-03-18T02:04:13.386+0530] {processor.py:842} WARNING - No viable dags retrieved from /Users/vybhavswaroop/Desktop/untitled folder 3/ecommerce_platform/venv/lib/python3.11/site-packages/airflow/example_dags/plugins/workday.py
[2026-03-18T02:04:13.443+0530] {processor.py:183} INFO - Processing /Users/vybhavswaroop/Desktop/untitled folder 3/ecommerce_platform/venv/lib/python3.11/site-packages/airflow/example_dags/plugins/workday.py took 0.525 seconds
[2026-03-18T02:06:49.254+0530] {processor.py:161} INFO - Started process (PID=65055) to work on /Users/vybhavswaroop/Desktop/untitled folder 3/ecommerce_platform/venv/lib/python3.11/site-packages/airflow/example_dags/plugins/workday.py
[2026-03-18T02:06:49.255+0530] {processor.py:830} INFO - Processing file /Users/vybhavswaroop/Desktop/untitled folder 3/ecommerce_platform/venv/lib/python3.11/site-packages/airflow/example_dags/plugins/workday.py for tasks to queue
[2026-03-18T02:06:49.256+0530] {logging_mixin.py:188} INFO - [2026-03-18T02:06:49.256+0530] {dagbag.py:540} INFO - Filling up the DagBag from /Users/vybhavswaroop/Desktop/untitled folder 3/ecommerce_platform/venv/lib/python3.11/site-packages/airflow/example_dags/plugins/workday.py
[2026-03-18T02:06:49.631+0530] {processor.py:842} WARNING - No viable dags retrieved from /Users/vybhavswaroop/Desktop/untitled folder 3/ecommerce_platform/venv/lib/python3.11/site-packages/airflow/example_dags/plugins/workday.py
[2026-03-18T02:06:49.668+0530] {processor.py:183} INFO - Processing /Users/vybhavswaroop/Desktop/untitled folder 3/ecommerce_platform/venv/lib/python3.11/site-packages/airflow/example_dags/plugins/workday.py took 0.415 seconds
[2026-03-18T02:09:09.528+0530] {processor.py:161} INFO - Started process (PID=66694) to work on /Users/vybhavswaroop/Desktop/untitled folder 3/ecommerce_platform/venv/lib/python3.11/site-packages/airflow/example_dags/plugins/workday.py
[2026-03-18T02:09:09.530+0530] {processor.py:830} INFO - Processing file /Users/vybhavswaroop/Desktop/untitled folder 3/ecommerce_platform/venv/lib/python3.11/site-packages/airflow/example_dags/plugins/workday.py for tasks to queue
[2026-03-18T02:09:09.530+0530] {logging_mixin.py:188} INFO - [2026-03-18T02:09:09.530+0530] {dagbag.py:540} INFO - Filling up the DagBag from /Users/vybhavswaroop/Desktop/untitled folder 3/ecommerce_platform/venv/lib/python3.11/site-packages/airflow/example_dags/plugins/workday.py
[2026-03-18T02:09:09.912+0530] {processor.py:842} WARNING - No viable dags retrieved from /Users/vybhavswaroop/Desktop/untitled folder 3/ecommerce_platform/venv/lib/python3.11/site-packages/airflow/example_dags/plugins/workday.py
[2026-03-18T02:09:09.952+0530] {processor.py:183} INFO - Processing /Users/vybhavswaroop/Desktop/untitled folder 3/ecommerce_platform/venv/lib/python3.11/site-packages/airflow/example_dags/plugins/workday.py took 0.424 seconds
[2026-03-18T02:11:29.873+0530] {processor.py:161} INFO - Started process (PID=68299) to work on /Users/vybhavswaroop/Desktop/untitled folder 3/ecommerce_platform/venv/lib/python3.11/site-packages/airflow/example_dags/plugins/workday.py
[2026-03-18T02:11:29.874+0530] {processor.py:830} INFO - Processing file /Users/vybhavswaroop/Desktop/untitled folder 3/ecommerce_platform/venv/lib/python3.11/site-packages/airflow/example_dags/plugins/workday.py for tasks to queue
[2026-03-18T02:11:29.875+0530] {logging_mixin.py:188} INFO - [2026-03-18T02:11:29.875+0530] {dagbag.py:540} INFO - Filling up the DagBag from /Users/vybhavswaroop/Desktop/untitled folder 3/ecommerce_platform/venv/lib/python3.11/site-packages/airflow/example_dags/plugins/workday.py
[2026-03-18T02:11:30.290+0530] {processor.py:842} WARNING - No viable dags retrieved from /Users/vybhavswaroop/Desktop/untitled folder 3/ecommerce_platform/venv/lib/python3.11/site-packages/airflow/example_dags/plugins/workday.py
[2026-03-18T02:11:30.333+0530] {processor.py:183} INFO - Processing /Users/vybhavswaroop/Desktop/untitled folder 3/ecommerce_platform/venv/lib/python3.11/site-packages/airflow/example_dags/plugins/workday.py took 0.460 seconds
[2026-03-18T02:14:05.802+0530] {processor.py:161} INFO - Started process (PID=69838) to work on /Users/vybhavswaroop/Desktop/untitled folder 3/ecommerce_platform/venv/lib/python3.11/site-packages/airflow/example_dags/plugins/workday.py
[2026-03-18T02:14:05.803+0530] {processor.py:830} INFO - Processing file /Users/vybhavswaroop/Desktop/untitled folder 3/ecommerce_platform/venv/lib/python3.11/site-packages/airflow/example_dags/plugins/workday.py for tasks to queue
[2026-03-18T02:14:05.804+0530] {logging_mixin.py:188} INFO - [2026-03-18T02:14:05.804+0530] {dagbag.py:540} INFO - Filling up the DagBag from /Users/vybhavswaroop/Desktop/untitled folder 3/ecommerce_platform/venv/lib/python3.11/site-packages/airflow/example_dags/plugins/workday.py
[2026-03-18T02:14:06.228+0530] {processor.py:842} WARNING - No viable dags retrieved from /Users/vybhavswaroop/Desktop/untitled folder 3/ecommerce_platform/venv/lib/python3.11/site-packages/airflow/example_dags/plugins/workday.py
[2026-03-18T02:14:06.282+0530] {processor.py:183} INFO - Processing /Users/vybhavswaroop/Desktop/untitled folder 3/ecommerce_platform/venv/lib/python3.11/site-packages/airflow/example_dags/plugins/workday.py took 0.481 seconds
[2026-03-18T02:16:57.262+0530] {processor.py:161} INFO - Started process (PID=71431) to work on /Users/vybhavswaroop/Desktop/untitled folder 3/ecommerce_platform/venv/lib/python3.11/site-packages/airflow/example_dags/plugins/workday.py
[2026-03-18T02:16:57.264+0530] {processor.py:830} INFO - Processing file /Users/vybhavswaroop/Desktop/untitled folder 3/ecommerce_platform/venv/lib/python3.11/site-packages/airflow/example_dags/plugins/workday.py for tasks to queue
[2026-03-18T02:16:57.264+0530] {logging_mixin.py:188} INFO - [2026-03-18T02:16:57.264+0530] {dagbag.py:540} INFO - Filling up the DagBag from /Users/vybhavswaroop/Desktop/untitled folder 3/ecommerce_platform/venv/lib/python3.11/site-packages/airflow/example_dags/plugins/workday.py
[2026-03-18T02:16:57.704+0530] {processor.py:842} WARNING - No viable dags retrieved from /Users/vybhavswaroop/Desktop/untitled folder 3/ecommerce_platform/venv/lib/python3.11/site-packages/airflow/example_dags/plugins/workday.py
[2026-03-18T02:16:57.754+0530] {processor.py:183} INFO - Processing /Users/vybhavswaroop/Desktop/untitled folder 3/ecommerce_platform/venv/lib/python3.11/site-packages/airflow/example_dags/plugins/workday.py took 0.492 seconds
[2026-03-18T02:19:45.061+0530] {processor.py:161} INFO - Started process (PID=72991) to work on /Users/vybhavswaroop/Desktop/untitled folder 3/ecommerce_platform/venv/lib/python3.11/site-packages/airflow/example_dags/plugins/workday.py
[2026-03-18T02:19:45.063+0530] {processor.py:830} INFO - Processing file /Users/vybhavswaroop/Desktop/untitled folder 3/ecommerce_platform/venv/lib/python3.11/site-packages/airflow/example_dags/plugins/workday.py for tasks to queue
[2026-03-18T02:19:45.063+0530] {logging_mixin.py:188} INFO - [2026-03-18T02:19:45.063+0530] {dagbag.py:540} INFO - Filling up the DagBag from /Users/vybhavswaroop/Desktop/untitled folder 3/ecommerce_platform/venv/lib/python3.11/site-packages/airflow/example_dags/plugins/workday.py
[2026-03-18T02:19:45.534+0530] {processor.py:842} WARNING - No viable dags retrieved from /Users/vybhavswaroop/Desktop/untitled folder 3/ecommerce_platform/venv/lib/python3.11/site-packages/airflow/example_dags/plugins/workday.py
[2026-03-18T02:19:45.591+0530] {processor.py:183} INFO - Processing /Users/vybhavswaroop/Desktop/untitled folder 3/ecommerce_platform/venv/lib/python3.11/site-packages/airflow/example_dags/plugins/workday.py took 0.531 seconds
[2026-03-18T02:22:31.426+0530] {processor.py:161} INFO - Started process (PID=74544) to work on /Users/vybhavswaroop/Desktop/untitled folder 3/ecommerce_platform/venv/lib/python3.11/site-packages/airflow/example_dags/plugins/workday.py
[2026-03-18T02:22:31.427+0530] {processor.py:830} INFO - Processing file /Users/vybhavswaroop/Desktop/untitled folder 3/ecommerce_platform/venv/lib/python3.11/site-packages/airflow/example_dags/plugins/workday.py for tasks to queue
[2026-03-18T02:22:31.428+0530] {logging_mixin.py:188} INFO - [2026-03-18T02:22:31.428+0530] {dagbag.py:540} INFO - Filling up the DagBag from /Users/vybhavswaroop/Desktop/untitled folder 3/ecommerce_platform/venv/lib/python3.11/site-packages/airflow/example_dags/plugins/workday.py
[2026-03-18T02:22:31.852+0530] {processor.py:842} WARNING - No viable dags retrieved from /Users/vybhavswaroop/Desktop/untitled folder 3/ecommerce_platform/venv/lib/python3.11/site-packages/airflow/example_dags/plugins/workday.py
[2026-03-18T02:22:31.909+0530] {processor.py:183} INFO - Processing /Users/vybhavswaroop/Desktop/untitled folder 3/ecommerce_platform/venv/lib/python3.11/site-packages/airflow/example_dags/plugins/workday.py took 0.484 seconds
[2026-03-18T02:25:17.839+0530] {processor.py:161} INFO - Started process (PID=76110) to work on /Users/vybhavswaroop/Desktop/untitled folder 3/ecommerce_platform/venv/lib/python3.11/site-packages/airflow/example_dags/plugins/workday.py
[2026-03-18T02:25:17.840+0530] {processor.py:830} INFO - Processing file /Users/vybhavswaroop/Desktop/untitled folder 3/ecommerce_platform/venv/lib/python3.11/site-packages/airflow/example_dags/plugins/workday.py for tasks to queue
[2026-03-18T02:25:17.841+0530] {logging_mixin.py:188} INFO - [2026-03-18T02:25:17.841+0530] {dagbag.py:540} INFO - Filling up the DagBag from /Users/vybhavswaroop/Desktop/untitled folder 3/ecommerce_platform/venv/lib/python3.11/site-packages/airflow/example_dags/plugins/workday.py
[2026-03-18T02:25:18.277+0530] {processor.py:842} WARNING - No viable dags retrieved from /Users/vybhavswaroop/Desktop/untitled folder 3/ecommerce_platform/venv/lib/python3.11/site-packages/airflow/example_dags/plugins/workday.py
[2026-03-18T02:25:18.327+0530] {processor.py:183} INFO - Processing /Users/vybhavswaroop/Desktop/untitled folder 3/ecommerce_platform/venv/lib/python3.11/site-packages/airflow/example_dags/plugins/workday.py took 0.488 seconds
[2026-03-18T02:28:03.251+0530] {processor.py:161} INFO - Started process (PID=77670) to work on /Users/vybhavswaroop/Desktop/untitled folder 3/ecommerce_platform/venv/lib/python3.11/site-packages/airflow/example_dags/plugins/workday.py
[2026-03-18T02:28:03.252+0530] {processor.py:830} INFO - Processing file /Users/vybhavswaroop/Desktop/untitled folder 3/ecommerce_platform/venv/lib/python3.11/site-packages/airflow/example_dags/plugins/workday.py for tasks to queue
[2026-03-18T02:28:03.253+0530] {logging_mixin.py:188} INFO - [2026-03-18T02:28:03.253+0530] {dagbag.py:540} INFO - Filling up the DagBag from /Users/vybhavswaroop/Desktop/untitled folder 3/ecommerce_platform/venv/lib/python3.11/site-packages/airflow/example_dags/plugins/workday.py
[2026-03-18T02:28:03.663+0530] {processor.py:842} WARNING - No viable dags retrieved from /Users/vybhavswaroop/Desktop/untitled folder 3/ecommerce_platform/venv/lib/python3.11/site-packages/airflow/example_dags/plugins/workday.py
[2026-03-18T02:28:03.719+0530] {processor.py:183} INFO - Processing /Users/vybhavswaroop/Desktop/untitled folder 3/ecommerce_platform/venv/lib/python3.11/site-packages/airflow/example_dags/plugins/workday.py took 0.469 seconds
[2026-03-18T02:30:47.360+0530] {processor.py:161} INFO - Started process (PID=79251) to work on /Users/vybhavswaroop/Desktop/untitled folder 3/ecommerce_platform/venv/lib/python3.11/site-packages/airflow/example_dags/plugins/workday.py
[2026-03-18T02:30:47.362+0530] {processor.py:830} INFO - Processing file /Users/vybhavswaroop/Desktop/untitled folder 3/ecommerce_platform/venv/lib/python3.11/site-packages/airflow/example_dags/plugins/workday.py for tasks to queue
[2026-03-18T02:30:47.362+0530] {logging_mixin.py:188} INFO - [2026-03-18T02:30:47.362+0530] {dagbag.py:540} INFO - Filling up the DagBag from /Users/vybhavswaroop/Desktop/untitled folder 3/ecommerce_platform/venv/lib/python3.11/site-packages/airflow/example_dags/plugins/workday.py
[2026-03-18T02:30:47.796+0530] {processor.py:842} WARNING - No viable dags retrieved from /Users/vybhavswaroop/Desktop/untitled folder 3/ecommerce_platform/venv/lib/python3.11/site-packages/airflow/example_dags/plugins/workday.py
[2026-03-18T02:30:47.848+0530] {processor.py:183} INFO - Processing /Users/vybhavswaroop/Desktop/untitled folder 3/ecommerce_platform/venv/lib/python3.11/site-packages/airflow/example_dags/plugins/workday.py took 0.489 seconds
[2026-03-18T02:33:30.802+0530] {processor.py:161} INFO - Started process (PID=80836) to work on /Users/vybhavswaroop/Desktop/untitled folder 3/ecommerce_platform/venv/lib/python3.11/site-packages/airflow/example_dags/plugins/workday.py
[2026-03-18T02:33:30.804+0530] {processor.py:830} INFO - Processing file /Users/vybhavswaroop/Desktop/untitled folder 3/ecommerce_platform/venv/lib/python3.11/site-packages/airflow/example_dags/plugins/workday.py for tasks to queue
[2026-03-18T02:33:30.805+0530] {logging_mixin.py:188} INFO - [2026-03-18T02:33:30.805+0530] {dagbag.py:540} INFO - Filling up the DagBag from /Users/vybhavswaroop/Desktop/untitled folder 3/ecommerce_platform/venv/lib/python3.11/site-packages/airflow/example_dags/plugins/workday.py
[2026-03-18T02:33:31.228+0530] {processor.py:842} WARNING - No viable dags retrieved from /Users/vybhavswaroop/Desktop/untitled folder 3/ecommerce_platform/venv/lib/python3.11/site-packages/airflow/example_dags/plugins/workday.py
[2026-03-18T02:33:31.282+0530] {processor.py:183} INFO - Processing /Users/vybhavswaroop/Desktop/untitled folder 3/ecommerce_platform/venv/lib/python3.11/site-packages/airflow/example_dags/plugins/workday.py took 0.481 seconds
[2026-03-18T02:36:13.308+0530] {processor.py:161} INFO - Started process (PID=82391) to work on /Users/vybhavswaroop/Desktop/untitled folder 3/ecommerce_platform/venv/lib/python3.11/site-packages/airflow/example_dags/plugins/workday.py
[2026-03-18T02:36:13.310+0530] {processor.py:830} INFO - Processing file /Users/vybhavswaroop/Desktop/untitled folder 3/ecommerce_platform/venv/lib/python3.11/site-packages/airflow/example_dags/plugins/workday.py for tasks to queue
[2026-03-18T02:36:13.310+0530] {logging_mixin.py:188} INFO - [2026-03-18T02:36:13.310+0530] {dagbag.py:540} INFO - Filling up the DagBag from /Users/vybhavswaroop/Desktop/untitled folder 3/ecommerce_platform/venv/lib/python3.11/site-packages/airflow/example_dags/plugins/workday.py
[2026-03-18T02:36:13.728+0530] {processor.py:842} WARNING - No viable dags retrieved from /Users/vybhavswaroop/Desktop/untitled folder 3/ecommerce_platform/venv/lib/python3.11/site-packages/airflow/example_dags/plugins/workday.py
[2026-03-18T02:36:13.776+0530] {processor.py:183} INFO - Processing /Users/vybhavswaroop/Desktop/untitled folder 3/ecommerce_platform/venv/lib/python3.11/site-packages/airflow/example_dags/plugins/workday.py took 0.469 seconds
[2026-03-18T02:38:55.488+0530] {processor.py:161} INFO - Started process (PID=83952) to work on /Users/vybhavswaroop/Desktop/untitled folder 3/ecommerce_platform/venv/lib/python3.11/site-packages/airflow/example_dags/plugins/workday.py
[2026-03-18T02:38:55.490+0530] {processor.py:830} INFO - Processing file /Users/vybhavswaroop/Desktop/untitled folder 3/ecommerce_platform/venv/lib/python3.11/site-packages/airflow/example_dags/plugins/workday.py for tasks to queue
[2026-03-18T02:38:55.491+0530] {logging_mixin.py:188} INFO - [2026-03-18T02:38:55.491+0530] {dagbag.py:540} INFO - Filling up the DagBag from /Users/vybhavswaroop/Desktop/untitled folder 3/ecommerce_platform/venv/lib/python3.11/site-packages/airflow/example_dags/plugins/workday.py
[2026-03-18T02:38:55.905+0530] {processor.py:842} WARNING - No viable dags retrieved from /Users/vybhavswaroop/Desktop/untitled folder 3/ecommerce_platform/venv/lib/python3.11/site-packages/airflow/example_dags/plugins/workday.py
[2026-03-18T02:38:55.955+0530] {processor.py:183} INFO - Processing /Users/vybhavswaroop/Desktop/untitled folder 3/ecommerce_platform/venv/lib/python3.11/site-packages/airflow/example_dags/plugins/workday.py took 0.467 seconds
[2026-03-18T02:41:38.987+0530] {processor.py:161} INFO - Started process (PID=85549) to work on /Users/vybhavswaroop/Desktop/untitled folder 3/ecommerce_platform/venv/lib/python3.11/site-packages/airflow/example_dags/plugins/workday.py
[2026-03-18T02:41:38.989+0530] {processor.py:830} INFO - Processing file /Users/vybhavswaroop/Desktop/untitled folder 3/ecommerce_platform/venv/lib/python3.11/site-packages/airflow/example_dags/plugins/workday.py for tasks to queue
[2026-03-18T02:41:38.989+0530] {logging_mixin.py:188} INFO - [2026-03-18T02:41:38.989+0530] {dagbag.py:540} INFO - Filling up the DagBag from /Users/vybhavswaroop/Desktop/untitled folder 3/ecommerce_platform/venv/lib/python3.11/site-packages/airflow/example_dags/plugins/workday.py
[2026-03-18T02:41:39.414+0530] {processor.py:842} WARNING - No viable dags retrieved from /Users/vybhavswaroop/Desktop/untitled folder 3/ecommerce_platform/venv/lib/python3.11/site-packages/airflow/example_dags/plugins/workday.py
[2026-03-18T02:41:39.463+0530] {processor.py:183} INFO - Processing /Users/vybhavswaroop/Desktop/untitled folder 3/ecommerce_platform/venv/lib/python3.11/site-packages/airflow/example_dags/plugins/workday.py took 0.476 seconds
[2026-03-18T02:44:14.439+0530] {processor.py:161} INFO - Started process (PID=87132) to work on /Users/vybhavswaroop/Desktop/untitled folder 3/ecommerce_platform/venv/lib/python3.11/site-packages/airflow/example_dags/plugins/workday.py
[2026-03-18T02:44:14.440+0530] {processor.py:830} INFO - Processing file /Users/vybhavswaroop/Desktop/untitled folder 3/ecommerce_platform/venv/lib/python3.11/site-packages/airflow/example_dags/plugins/workday.py for tasks to queue
[2026-03-18T02:44:14.441+0530] {logging_mixin.py:188} INFO - [2026-03-18T02:44:14.441+0530] {dagbag.py:540} INFO - Filling up the DagBag from /Users/vybhavswaroop/Desktop/untitled folder 3/ecommerce_platform/venv/lib/python3.11/site-packages/airflow/example_dags/plugins/workday.py
[2026-03-18T02:44:14.767+0530] {processor.py:842} WARNING - No viable dags retrieved from /Users/vybhavswaroop/Desktop/untitled folder 3/ecommerce_platform/venv/lib/python3.11/site-packages/airflow/example_dags/plugins/workday.py
[2026-03-18T02:44:14.805+0530] {processor.py:183} INFO - Processing /Users/vybhavswaroop/Desktop/untitled folder 3/ecommerce_platform/venv/lib/python3.11/site-packages/airflow/example_dags/plugins/workday.py took 0.367 seconds
[2026-03-18T02:46:39.616+0530] {processor.py:161} INFO - Started process (PID=88691) to work on /Users/vybhavswaroop/Desktop/untitled folder 3/ecommerce_platform/venv/lib/python3.11/site-packages/airflow/example_dags/plugins/workday.py
[2026-03-18T02:46:39.617+0530] {processor.py:830} INFO - Processing file /Users/vybhavswaroop/Desktop/untitled folder 3/ecommerce_platform/venv/lib/python3.11/site-packages/airflow/example_dags/plugins/workday.py for tasks to queue
[2026-03-18T02:46:39.618+0530] {logging_mixin.py:188} INFO - [2026-03-18T02:46:39.617+0530] {dagbag.py:540} INFO - Filling up the DagBag from /Users/vybhavswaroop/Desktop/untitled folder 3/ecommerce_platform/venv/lib/python3.11/site-packages/airflow/example_dags/plugins/workday.py
[2026-03-18T02:46:39.988+0530] {processor.py:842} WARNING - No viable dags retrieved from /Users/vybhavswaroop/Desktop/untitled folder 3/ecommerce_platform/venv/lib/python3.11/site-packages/airflow/example_dags/plugins/workday.py
[2026-03-18T02:46:40.027+0530] {processor.py:183} INFO - Processing /Users/vybhavswaroop/Desktop/untitled folder 3/ecommerce_platform/venv/lib/python3.11/site-packages/airflow/example_dags/plugins/workday.py took 0.412 seconds
[2026-03-18T02:49:07.121+0530] {processor.py:161} INFO - Started process (PID=90380) to work on /Users/vybhavswaroop/Desktop/untitled folder 3/ecommerce_platform/venv/lib/python3.11/site-packages/airflow/example_dags/plugins/workday.py
[2026-03-18T02:49:07.123+0530] {processor.py:830} INFO - Processing file /Users/vybhavswaroop/Desktop/untitled folder 3/ecommerce_platform/venv/lib/python3.11/site-packages/airflow/example_dags/plugins/workday.py for tasks to queue
[2026-03-18T02:49:07.124+0530] {logging_mixin.py:188} INFO - [2026-03-18T02:49:07.124+0530] {dagbag.py:540} INFO - Filling up the DagBag from /Users/vybhavswaroop/Desktop/untitled folder 3/ecommerce_platform/venv/lib/python3.11/site-packages/airflow/example_dags/plugins/workday.py
[2026-03-18T02:49:07.511+0530] {processor.py:842} WARNING - No viable dags retrieved from /Users/vybhavswaroop/Desktop/untitled folder 3/ecommerce_platform/venv/lib/python3.11/site-packages/airflow/example_dags/plugins/workday.py
[2026-03-18T02:49:07.549+0530] {processor.py:183} INFO - Processing /Users/vybhavswaroop/Desktop/untitled folder 3/ecommerce_platform/venv/lib/python3.11/site-packages/airflow/example_dags/plugins/workday.py took 0.429 seconds
[2026-03-18T02:51:24.663+0530] {processor.py:161} INFO - Started process (PID=92032) to work on /Users/vybhavswaroop/Desktop/untitled folder 3/ecommerce_platform/venv/lib/python3.11/site-packages/airflow/example_dags/plugins/workday.py
[2026-03-18T02:51:24.665+0530] {processor.py:830} INFO - Processing file /Users/vybhavswaroop/Desktop/untitled folder 3/ecommerce_platform/venv/lib/python3.11/site-packages/airflow/example_dags/plugins/workday.py for tasks to queue
[2026-03-18T02:51:24.666+0530] {logging_mixin.py:188} INFO - [2026-03-18T02:51:24.666+0530] {dagbag.py:540} INFO - Filling up the DagBag from /Users/vybhavswaroop/Desktop/untitled folder 3/ecommerce_platform/venv/lib/python3.11/site-packages/airflow/example_dags/plugins/workday.py
[2026-03-18T02:51:25.036+0530] {processor.py:842} WARNING - No viable dags retrieved from /Users/vybhavswaroop/Desktop/untitled folder 3/ecommerce_platform/venv/lib/python3.11/site-packages/airflow/example_dags/plugins/workday.py
[2026-03-18T02:51:25.072+0530] {processor.py:183} INFO - Processing /Users/vybhavswaroop/Desktop/untitled folder 3/ecommerce_platform/venv/lib/python3.11/site-packages/airflow/example_dags/plugins/workday.py took 0.410 seconds
[2026-03-18T02:53:41.321+0530] {processor.py:161} INFO - Started process (PID=93699) to work on /Users/vybhavswaroop/Desktop/untitled folder 3/ecommerce_platform/venv/lib/python3.11/site-packages/airflow/example_dags/plugins/workday.py
[2026-03-18T02:53:41.324+0530] {processor.py:830} INFO - Processing file /Users/vybhavswaroop/Desktop/untitled folder 3/ecommerce_platform/venv/lib/python3.11/site-packages/airflow/example_dags/plugins/workday.py for tasks to queue
[2026-03-18T02:53:41.324+0530] {logging_mixin.py:188} INFO - [2026-03-18T02:53:41.324+0530] {dagbag.py:540} INFO - Filling up the DagBag from /Users/vybhavswaroop/Desktop/untitled folder 3/ecommerce_platform/venv/lib/python3.11/site-packages/airflow/example_dags/plugins/workday.py
[2026-03-18T02:53:41.775+0530] {processor.py:842} WARNING - No viable dags retrieved from /Users/vybhavswaroop/Desktop/untitled folder 3/ecommerce_platform/venv/lib/python3.11/site-packages/airflow/example_dags/plugins/workday.py
[2026-03-18T02:53:41.818+0530] {processor.py:183} INFO - Processing /Users/vybhavswaroop/Desktop/untitled folder 3/ecommerce_platform/venv/lib/python3.11/site-packages/airflow/example_dags/plugins/workday.py took 0.497 seconds
[2026-03-18T02:55:59.579+0530] {processor.py:161} INFO - Started process (PID=95317) to work on /Users/vybhavswaroop/Desktop/untitled folder 3/ecommerce_platform/venv/lib/python3.11/site-packages/airflow/example_dags/plugins/workday.py
[2026-03-18T02:55:59.581+0530] {processor.py:830} INFO - Processing file /Users/vybhavswaroop/Desktop/untitled folder 3/ecommerce_platform/venv/lib/python3.11/site-packages/airflow/example_dags/plugins/workday.py for tasks to queue
[2026-03-18T02:55:59.582+0530] {logging_mixin.py:188} INFO - [2026-03-18T02:55:59.581+0530] {dagbag.py:540} INFO - Filling up the DagBag from /Users/vybhavswaroop/Desktop/untitled folder 3/ecommerce_platform/venv/lib/python3.11/site-packages/airflow/example_dags/plugins/workday.py
[2026-03-18T02:55:59.911+0530] {processor.py:842} WARNING - No viable dags retrieved from /Users/vybhavswaroop/Desktop/untitled folder 3/ecommerce_platform/venv/lib/python3.11/site-packages/airflow/example_dags/plugins/workday.py
[2026-03-18T02:55:59.946+0530] {processor.py:183} INFO - Processing /Users/vybhavswaroop/Desktop/untitled folder 3/ecommerce_platform/venv/lib/python3.11/site-packages/airflow/example_dags/plugins/workday.py took 0.367 seconds
